<?xml version="1.0" encoding="utf-8"?>
<test-run id="2" duration="133.89000000000087" testcasecount="1844" total="1844" passed="1830" failed="1" inconclusive="13" skipped="0" result="Failed" start-time="2020-08-11T 17:47:43Z" end-time="2020-08-11T 17:50:31Z">
  <test-suite type="Assembly" name="JetBrains.ReSharper.Plugins.FSharp.Tests.dll" fullname="C:\Programming\fsharp-support\ReSharper.FSharp\test\src\FSharp.Tests\bin\Debug\net461\JetBrains.ReSharper.Plugins.FSharp.Tests.dll" total="1844" passed="1830" failed="1" inconclusive="13" skipped="0" result="Failed" duration="133.89">
    <test-suite type="TestSuite" name="JetBrains" fullname="JetBrains" total="1123" passed="1116" failed="0" inconclusive="7" skipped="0" result="Passed" duration="77.847">
      <test-suite type="TestSuite" name="ReSharper" fullname="JetBrains.ReSharper" total="1123" passed="1116" failed="0" inconclusive="7" skipped="0" result="Passed" duration="77.847">
        <test-suite type="TestSuite" name="Plugins" fullname="JetBrains.ReSharper.Plugins" total="1123" passed="1116" failed="0" inconclusive="7" skipped="0" result="Passed" duration="77.847">
          <test-suite type="TestSuite" name="FSharp" fullname="JetBrains.ReSharper.Plugins.FSharp" total="1123" passed="1116" failed="0" inconclusive="7" skipped="0" result="Passed" duration="77.847">
            <test-suite type="TestSuite" name="Tests" fullname="JetBrains.ReSharper.Plugins.FSharp.Tests" total="1123" passed="1116" failed="0" inconclusive="7" skipped="0" result="Passed" duration="77.847">
              <test-suite type="TestSuite" name="Features" fullname="JetBrains.ReSharper.Plugins.FSharp.Tests.Features" total="1123" passed="1116" failed="0" inconclusive="7" skipped="0" result="Passed" duration="77.847">
                <test-suite type="TestFixture" name="AddExtensionAttributeAvailabilityTest" fullname="JetBrains.ReSharper.Plugins.FSharp.Tests.Features.AddExtensionAttributeAvailabilityTest" total="1" passed="1" failed="0" inconclusive="0" skipped="0" result="Passed" duration="1.974">
                  <test-case name="Root module - not available" fullname="JetBrains.ReSharper.Plugins.FSharp.Tests.Features.AddExtensionAttributeAvailabilityTest.Root module - not available" methodname="Root module - not available" classname="AddExtensionAttributeAvailabilityTest" result="Passed" duration="1.974" asserts="0">
                    <properties>
                      <property name="Category" value="QuickFixes" />
                    </properties>
                    <output><![CDATA[ReSharper LogPath is: C:\Users\berej\AppData\Local\Temp\JetLogs\ReSharperTests\resharper.log
Per-Test LogPath is: C:\Users\berej\AppData\Local\Temp\JetLogs\ReSharperTests\AddExtensionAttributeAvailabilityTest\Root module - not available.log

]]></output>
                  </test-case>
                </test-suite>
                <test-suite type="TestFixture" name="AddExtensionAttributeTest" fullname="JetBrains.ReSharper.Plugins.FSharp.Tests.Features.AddExtensionAttributeTest" total="4" passed="4" failed="0" inconclusive="0" skipped="0" result="Passed" duration="2.025">
                  <test-case name="Attribute namespace - add" fullname="JetBrains.ReSharper.Plugins.FSharp.Tests.Features.AddExtensionAttributeTest.Attribute namespace - add" methodname="Attribute namespace - add" classname="AddExtensionAttributeTest" result="Passed" duration="1.395" asserts="0">
                    <properties>
                      <property name="Category" value="QuickFixes" />
                    </properties>
                    <output><![CDATA[ReSharper LogPath is: C:\Users\berej\AppData\Local\Temp\JetLogs\ReSharperTests\resharper.log
Per-Test LogPath is: C:\Users\berej\AppData\Local\Temp\JetLogs\ReSharperTests\AddExtensionAttributeTest\Attribute namespace - add.log

]]></output>
                  </test-case>
                  <test-case name="Module" fullname="JetBrains.ReSharper.Plugins.FSharp.Tests.Features.AddExtensionAttributeTest.Module" methodname="Module" classname="AddExtensionAttributeTest" result="Passed" duration="0.074" asserts="0">
                    <properties>
                      <property name="Category" value="QuickFixes" />
                    </properties>
                    <output><![CDATA[ReSharper LogPath is: C:\Users\berej\AppData\Local\Temp\JetLogs\ReSharperTests\resharper.log
Per-Test LogPath is: C:\Users\berej\AppData\Local\Temp\JetLogs\ReSharperTests\AddExtensionAttributeTest\Module.log

]]></output>
                  </test-case>
                  <test-case name="On type member" fullname="JetBrains.ReSharper.Plugins.FSharp.Tests.Features.AddExtensionAttributeTest.On type member" methodname="On type member" classname="AddExtensionAttributeTest" result="Passed" duration="0.446" asserts="0">
                    <properties>
                      <property name="Category" value="QuickFixes" />
                    </properties>
                    <output><![CDATA[ReSharper LogPath is: C:\Users\berej\AppData\Local\Temp\JetLogs\ReSharperTests\resharper.log
Per-Test LogPath is: C:\Users\berej\AppData\Local\Temp\JetLogs\ReSharperTests\AddExtensionAttributeTest\On type member.log

]]></output>
                  </test-case>
                  <test-case name="Type" fullname="JetBrains.ReSharper.Plugins.FSharp.Tests.Features.AddExtensionAttributeTest.Type" methodname="Type" classname="AddExtensionAttributeTest" result="Passed" duration="0.11" asserts="0">
                    <properties>
                      <property name="Category" value="QuickFixes" />
                    </properties>
                    <output><![CDATA[ReSharper LogPath is: C:\Users\berej\AppData\Local\Temp\JetLogs\ReSharperTests\resharper.log
Per-Test LogPath is: C:\Users\berej\AppData\Local\Temp\JetLogs\ReSharperTests\AddExtensionAttributeTest\Type.log

]]></output>
                  </test-case>
                </test-suite>
                <test-suite type="TestFixture" name="AddIgnoreTest" fullname="JetBrains.ReSharper.Plugins.FSharp.Tests.Features.AddIgnoreTest" total="21" passed="21" failed="0" inconclusive="0" skipped="0" result="Passed" duration="1.94">
                  <test-case name="Expression 01 - Simple" fullname="JetBrains.ReSharper.Plugins.FSharp.Tests.Features.AddIgnoreTest.Expression 01 - Simple" methodname="Expression 01 - Simple" classname="AddIgnoreTest" result="Passed" duration="0.186" asserts="0">
                    <properties>
                      <property name="Category" value="QuickFixes" />
                    </properties>
                    <output><![CDATA[ReSharper LogPath is: C:\Users\berej\AppData\Local\Temp\JetLogs\ReSharperTests\resharper.log
Per-Test LogPath is: C:\Users\berej\AppData\Local\Temp\JetLogs\ReSharperTests\AddIgnoreTest\Expression 01 - Simple.log

]]></output>
                  </test-case>
                  <test-case name="Expression 02 - App" fullname="JetBrains.ReSharper.Plugins.FSharp.Tests.Features.AddIgnoreTest.Expression 02 - App" methodname="Expression 02 - App" classname="AddIgnoreTest" result="Passed" duration="0.17" asserts="0">
                    <properties>
                      <property name="Category" value="QuickFixes" />
                    </properties>
                    <output><![CDATA[ReSharper LogPath is: C:\Users\berej\AppData\Local\Temp\JetLogs\ReSharperTests\resharper.log
Per-Test LogPath is: C:\Users\berej\AppData\Local\Temp\JetLogs\ReSharperTests\AddIgnoreTest\Expression 02 - App.log

]]></output>
                  </test-case>
                  <test-case name="Expression 03 - Multiline" fullname="JetBrains.ReSharper.Plugins.FSharp.Tests.Features.AddIgnoreTest.Expression 03 - Multiline" methodname="Expression 03 - Multiline" classname="AddIgnoreTest" result="Passed" duration="0.193" asserts="0">
                    <properties>
                      <property name="Category" value="QuickFixes" />
                    </properties>
                    <output><![CDATA[ReSharper LogPath is: C:\Users\berej\AppData\Local\Temp\JetLogs\ReSharperTests\resharper.log
Per-Test LogPath is: C:\Users\berej\AppData\Local\Temp\JetLogs\ReSharperTests\AddIgnoreTest\Expression 03 - Multiline.log

]]></output>
                  </test-case>
                  <test-case name="Expression 04 - Lazy" fullname="JetBrains.ReSharper.Plugins.FSharp.Tests.Features.AddIgnoreTest.Expression 04 - Lazy" methodname="Expression 04 - Lazy" classname="AddIgnoreTest" result="Passed" duration="0.074" asserts="0">
                    <properties>
                      <property name="Category" value="QuickFixes" />
                    </properties>
                    <output><![CDATA[ReSharper LogPath is: C:\Users\berej\AppData\Local\Temp\JetLogs\ReSharperTests\resharper.log
Per-Test LogPath is: C:\Users\berej\AppData\Local\Temp\JetLogs\ReSharperTests\AddIgnoreTest\Expression 04 - Lazy.log

]]></output>
                  </test-case>
                  <test-case name="Expression 05 - &amp;&amp;" fullname="JetBrains.ReSharper.Plugins.FSharp.Tests.Features.AddIgnoreTest.Expression 05 - &amp;&amp;" methodname="Expression 05 - &amp;&amp;" classname="AddIgnoreTest" result="Passed" duration="0.081" asserts="0">
                    <properties>
                      <property name="Category" value="QuickFixes" />
                    </properties>
                    <output><![CDATA[ReSharper LogPath is: C:\Users\berej\AppData\Local\Temp\JetLogs\ReSharperTests\resharper.log
Per-Test LogPath is: C:\Users\berej\AppData\Local\Temp\JetLogs\ReSharperTests\AddIgnoreTest\Expression 05 - &&.log

]]></output>
                  </test-case>
                  <test-case name="Expression 06 - Same precedence" fullname="JetBrains.ReSharper.Plugins.FSharp.Tests.Features.AddIgnoreTest.Expression 06 - Same precedence" methodname="Expression 06 - Same precedence" classname="AddIgnoreTest" result="Passed" duration="0.069" asserts="0">
                    <properties>
                      <property name="Category" value="QuickFixes" />
                    </properties>
                    <output><![CDATA[ReSharper LogPath is: C:\Users\berej\AppData\Local\Temp\JetLogs\ReSharperTests\resharper.log
Per-Test LogPath is: C:\Users\berej\AppData\Local\Temp\JetLogs\ReSharperTests\AddIgnoreTest\Expression 06 - Same precedence.log

]]></output>
                  </test-case>
                  <test-case name="Expression 07 - Same precedence" fullname="JetBrains.ReSharper.Plugins.FSharp.Tests.Features.AddIgnoreTest.Expression 07 - Same precedence" methodname="Expression 07 - Same precedence" classname="AddIgnoreTest" result="Passed" duration="0.074" asserts="0">
                    <properties>
                      <property name="Category" value="QuickFixes" />
                    </properties>
                    <output><![CDATA[ReSharper LogPath is: C:\Users\berej\AppData\Local\Temp\JetLogs\ReSharperTests\resharper.log
Per-Test LogPath is: C:\Users\berej\AppData\Local\Temp\JetLogs\ReSharperTests\AddIgnoreTest\Expression 07 - Same precedence.log

]]></output>
                  </test-case>
                  <test-case name="Inner expression - If 01" fullname="JetBrains.ReSharper.Plugins.FSharp.Tests.Features.AddIgnoreTest.Inner expression - If 01" methodname="Inner expression - If 01" classname="AddIgnoreTest" result="Passed" duration="0.094" asserts="0">
                    <properties>
                      <property name="Category" value="QuickFixes" />
                    </properties>
                    <output><![CDATA[ReSharper LogPath is: C:\Users\berej\AppData\Local\Temp\JetLogs\ReSharperTests\resharper.log
Per-Test LogPath is: C:\Users\berej\AppData\Local\Temp\JetLogs\ReSharperTests\AddIgnoreTest\Inner expression - If 01.log

]]></output>
                  </test-case>
                  <test-case name="Inner expression - Match 01" fullname="JetBrains.ReSharper.Plugins.FSharp.Tests.Features.AddIgnoreTest.Inner expression - Match 01" methodname="Inner expression - Match 01" classname="AddIgnoreTest" result="Passed" duration="0.096" asserts="0">
                    <properties>
                      <property name="Category" value="QuickFixes" />
                    </properties>
                    <output><![CDATA[ReSharper LogPath is: C:\Users\berej\AppData\Local\Temp\JetLogs\ReSharperTests\resharper.log
Per-Test LogPath is: C:\Users\berej\AppData\Local\Temp\JetLogs\ReSharperTests\AddIgnoreTest\Inner expression - Match 01.log

]]></output>
                  </test-case>
                  <test-case name="Inner expression - Try 01 - With" fullname="JetBrains.ReSharper.Plugins.FSharp.Tests.Features.AddIgnoreTest.Inner expression - Try 01 - With" methodname="Inner expression - Try 01 - With" classname="AddIgnoreTest" result="Passed" duration="0.091" asserts="0">
                    <properties>
                      <property name="Category" value="QuickFixes" />
                    </properties>
                    <output><![CDATA[ReSharper LogPath is: C:\Users\berej\AppData\Local\Temp\JetLogs\ReSharperTests\resharper.log
Per-Test LogPath is: C:\Users\berej\AppData\Local\Temp\JetLogs\ReSharperTests\AddIgnoreTest\Inner expression - Try 01 - With.log

]]></output>
                  </test-case>
                  <test-case name="Inner expression - Try 02 - Finally" fullname="JetBrains.ReSharper.Plugins.FSharp.Tests.Features.AddIgnoreTest.Inner expression - Try 02 - Finally" methodname="Inner expression - Try 02 - Finally" classname="AddIgnoreTest" result="Passed" duration="0.083" asserts="0">
                    <properties>
                      <property name="Category" value="QuickFixes" />
                    </properties>
                    <output><![CDATA[ReSharper LogPath is: C:\Users\berej\AppData\Local\Temp\JetLogs\ReSharperTests\resharper.log
Per-Test LogPath is: C:\Users\berej\AppData\Local\Temp\JetLogs\ReSharperTests\AddIgnoreTest\Inner expression - Try 02 - Finally.log

]]></output>
                  </test-case>
                  <test-case name="Missing else branch 01" fullname="JetBrains.ReSharper.Plugins.FSharp.Tests.Features.AddIgnoreTest.Missing else branch 01" methodname="Missing else branch 01" classname="AddIgnoreTest" result="Passed" duration="0.078" asserts="0">
                    <properties>
                      <property name="Category" value="QuickFixes" />
                    </properties>
                    <output><![CDATA[ReSharper LogPath is: C:\Users\berej\AppData\Local\Temp\JetLogs\ReSharperTests\resharper.log
Per-Test LogPath is: C:\Users\berej\AppData\Local\Temp\JetLogs\ReSharperTests\AddIgnoreTest\Missing else branch 01.log

]]></output>
                  </test-case>
                  <test-case name="Module 01 - Simple" fullname="JetBrains.ReSharper.Plugins.FSharp.Tests.Features.AddIgnoreTest.Module 01 - Simple" methodname="Module 01 - Simple" classname="AddIgnoreTest" result="Passed" duration="0.065" asserts="0">
                    <properties>
                      <property name="Category" value="QuickFixes" />
                    </properties>
                    <output><![CDATA[ReSharper LogPath is: C:\Users\berej\AppData\Local\Temp\JetLogs\ReSharperTests\resharper.log
Per-Test LogPath is: C:\Users\berej\AppData\Local\Temp\JetLogs\ReSharperTests\AddIgnoreTest\Module 01 - Simple.log

]]></output>
                  </test-case>
                  <test-case name="Module 02 - App" fullname="JetBrains.ReSharper.Plugins.FSharp.Tests.Features.AddIgnoreTest.Module 02 - App" methodname="Module 02 - App" classname="AddIgnoreTest" result="Passed" duration="0.073" asserts="0">
                    <properties>
                      <property name="Category" value="QuickFixes" />
                    </properties>
                    <output><![CDATA[ReSharper LogPath is: C:\Users\berej\AppData\Local\Temp\JetLogs\ReSharperTests\resharper.log
Per-Test LogPath is: C:\Users\berej\AppData\Local\Temp\JetLogs\ReSharperTests\AddIgnoreTest\Module 02 - App.log

]]></output>
                  </test-case>
                  <test-case name="Module 03 - Multiline" fullname="JetBrains.ReSharper.Plugins.FSharp.Tests.Features.AddIgnoreTest.Module 03 - Multiline" methodname="Module 03 - Multiline" classname="AddIgnoreTest" result="Passed" duration="0.073" asserts="0">
                    <properties>
                      <property name="Category" value="QuickFixes" />
                    </properties>
                    <output><![CDATA[ReSharper LogPath is: C:\Users\berej\AppData\Local\Temp\JetLogs\ReSharperTests\resharper.log
Per-Test LogPath is: C:\Users\berej\AppData\Local\Temp\JetLogs\ReSharperTests\AddIgnoreTest\Module 03 - Multiline.log

]]></output>
                  </test-case>
                  <test-case name="New line - Lazy 01" fullname="JetBrains.ReSharper.Plugins.FSharp.Tests.Features.AddIgnoreTest.New line - Lazy 01" methodname="New line - Lazy 01" classname="AddIgnoreTest" result="Passed" duration="0.073" asserts="0">
                    <properties>
                      <property name="Category" value="QuickFixes" />
                    </properties>
                    <output><![CDATA[ReSharper LogPath is: C:\Users\berej\AppData\Local\Temp\JetLogs\ReSharperTests\resharper.log
Per-Test LogPath is: C:\Users\berej\AppData\Local\Temp\JetLogs\ReSharperTests\AddIgnoreTest\New line - Lazy 01.log

]]></output>
                  </test-case>
                  <test-case name="New line - Match - Deindent 01" fullname="JetBrains.ReSharper.Plugins.FSharp.Tests.Features.AddIgnoreTest.New line - Match - Deindent 01" methodname="New line - Match - Deindent 01" classname="AddIgnoreTest" result="Passed" duration="0.075" asserts="0">
                    <properties>
                      <property name="Category" value="QuickFixes" />
                    </properties>
                    <output><![CDATA[ReSharper LogPath is: C:\Users\berej\AppData\Local\Temp\JetLogs\ReSharperTests\resharper.log
Per-Test LogPath is: C:\Users\berej\AppData\Local\Temp\JetLogs\ReSharperTests\AddIgnoreTest\New line - Match - Deindent 01.log

]]></output>
                  </test-case>
                  <test-case name="New line - Match - Deindent 02" fullname="JetBrains.ReSharper.Plugins.FSharp.Tests.Features.AddIgnoreTest.New line - Match - Deindent 02" methodname="New line - Match - Deindent 02" classname="AddIgnoreTest" result="Passed" duration="0.078" asserts="0">
                    <properties>
                      <property name="Category" value="QuickFixes" />
                    </properties>
                    <output><![CDATA[ReSharper LogPath is: C:\Users\berej\AppData\Local\Temp\JetLogs\ReSharperTests\resharper.log
Per-Test LogPath is: C:\Users\berej\AppData\Local\Temp\JetLogs\ReSharperTests\AddIgnoreTest\New line - Match - Deindent 02.log

]]></output>
                  </test-case>
                  <test-case name="New line - Match 01" fullname="JetBrains.ReSharper.Plugins.FSharp.Tests.Features.AddIgnoreTest.New line - Match 01" methodname="New line - Match 01" classname="AddIgnoreTest" result="Passed" duration="0.072" asserts="0">
                    <properties>
                      <property name="Category" value="QuickFixes" />
                    </properties>
                    <output><![CDATA[ReSharper LogPath is: C:\Users\berej\AppData\Local\Temp\JetLogs\ReSharperTests\resharper.log
Per-Test LogPath is: C:\Users\berej\AppData\Local\Temp\JetLogs\ReSharperTests\AddIgnoreTest\New line - Match 01.log

]]></output>
                  </test-case>
                  <test-case name="New line - Match 02" fullname="JetBrains.ReSharper.Plugins.FSharp.Tests.Features.AddIgnoreTest.New line - Match 02" methodname="New line - Match 02" classname="AddIgnoreTest" result="Passed" duration="0.07" asserts="0">
                    <properties>
                      <property name="Category" value="QuickFixes" />
                    </properties>
                    <output><![CDATA[ReSharper LogPath is: C:\Users\berej\AppData\Local\Temp\JetLogs\ReSharperTests\resharper.log
Per-Test LogPath is: C:\Users\berej\AppData\Local\Temp\JetLogs\ReSharperTests\AddIgnoreTest\New line - Match 02.log

]]></output>
                  </test-case>
                  <test-case name="New line - Match 03 - Single line" fullname="JetBrains.ReSharper.Plugins.FSharp.Tests.Features.AddIgnoreTest.New line - Match 03 - Single line" methodname="New line - Match 03 - Single line" classname="AddIgnoreTest" result="Passed" duration="0.072" asserts="0">
                    <properties>
                      <property name="Category" value="QuickFixes" />
                    </properties>
                    <output><![CDATA[ReSharper LogPath is: C:\Users\berej\AppData\Local\Temp\JetLogs\ReSharperTests\resharper.log
Per-Test LogPath is: C:\Users\berej\AppData\Local\Temp\JetLogs\ReSharperTests\AddIgnoreTest\New line - Match 03 - Single line.log

]]></output>
                  </test-case>
                </test-suite>
                <test-suite type="TestFixture" name="AddMatchAllClauseFixTest" fullname="JetBrains.ReSharper.Plugins.FSharp.Tests.Features.AddMatchAllClauseFixTest" total="5" passed="5" failed="0" inconclusive="0" skipped="0" result="Passed" duration="1.466">
                  <test-case name="Enum 01" fullname="JetBrains.ReSharper.Plugins.FSharp.Tests.Features.AddMatchAllClauseFixTest.Enum 01" methodname="Enum 01" classname="AddMatchAllClauseFixTest" result="Passed" duration="1.198" asserts="0">
                    <properties>
                      <property name="Category" value="QuickFixes" />
                    </properties>
                    <output><![CDATA[ReSharper LogPath is: C:\Users\berej\AppData\Local\Temp\JetLogs\ReSharperTests\resharper.log
Per-Test LogPath is: C:\Users\berej\AppData\Local\Temp\JetLogs\ReSharperTests\AddMatchAllClauseFixTest\Enum 01.log

]]></output>
                  </test-case>
                  <test-case name="Simple 01" fullname="JetBrains.ReSharper.Plugins.FSharp.Tests.Features.AddMatchAllClauseFixTest.Simple 01" methodname="Simple 01" classname="AddMatchAllClauseFixTest" result="Passed" duration="0.075" asserts="0">
                    <properties>
                      <property name="Category" value="QuickFixes" />
                    </properties>
                    <output><![CDATA[ReSharper LogPath is: C:\Users\berej\AppData\Local\Temp\JetLogs\ReSharperTests\resharper.log
Per-Test LogPath is: C:\Users\berej\AppData\Local\Temp\JetLogs\ReSharperTests\AddMatchAllClauseFixTest\Simple 01.log

]]></output>
                  </test-case>
                  <test-case name="Simple 02 - Indent" fullname="JetBrains.ReSharper.Plugins.FSharp.Tests.Features.AddMatchAllClauseFixTest.Simple 02 - Indent" methodname="Simple 02 - Indent" classname="AddMatchAllClauseFixTest" result="Passed" duration="0.063" asserts="0">
                    <properties>
                      <property name="Category" value="QuickFixes" />
                    </properties>
                    <output><![CDATA[ReSharper LogPath is: C:\Users\berej\AppData\Local\Temp\JetLogs\ReSharperTests\resharper.log
Per-Test LogPath is: C:\Users\berej\AppData\Local\Temp\JetLogs\ReSharperTests\AddMatchAllClauseFixTest\Simple 02 - Indent.log

]]></output>
                  </test-case>
                  <test-case name="Simple 03 - Multiple clauses" fullname="JetBrains.ReSharper.Plugins.FSharp.Tests.Features.AddMatchAllClauseFixTest.Simple 03 - Multiple clauses" methodname="Simple 03 - Multiple clauses" classname="AddMatchAllClauseFixTest" result="Passed" duration="0.068" asserts="0">
                    <properties>
                      <property name="Category" value="QuickFixes" />
                    </properties>
                    <output><![CDATA[ReSharper LogPath is: C:\Users\berej\AppData\Local\Temp\JetLogs\ReSharperTests\resharper.log
Per-Test LogPath is: C:\Users\berej\AppData\Local\Temp\JetLogs\ReSharperTests\AddMatchAllClauseFixTest\Simple 03 - Multiple clauses.log

]]></output>
                  </test-case>
                  <test-case name="Simple 04 - Generate single line" fullname="JetBrains.ReSharper.Plugins.FSharp.Tests.Features.AddMatchAllClauseFixTest.Simple 04 - Generate single line" methodname="Simple 04 - Generate single line" classname="AddMatchAllClauseFixTest" result="Passed" duration="0.062" asserts="0">
                    <properties>
                      <property name="Category" value="QuickFixes" />
                    </properties>
                    <output><![CDATA[ReSharper LogPath is: C:\Users\berej\AppData\Local\Temp\JetLogs\ReSharperTests\resharper.log
Per-Test LogPath is: C:\Users\berej\AppData\Local\Temp\JetLogs\ReSharperTests\AddMatchAllClauseFixTest\Simple 04 - Generate single line.log

]]></output>
                  </test-case>
                </test-suite>
                <test-suite type="TestFixture" name="AddParensTest" fullname="JetBrains.ReSharper.Plugins.FSharp.Tests.Features.AddParensTest" total="3" passed="3" failed="0" inconclusive="0" skipped="0" result="Passed" duration="0.299">
                  <test-case name="Multi line" fullname="JetBrains.ReSharper.Plugins.FSharp.Tests.Features.AddParensTest.Multi line" methodname="Multi line" classname="AddParensTest" result="Passed" duration="0.145" asserts="0">
                    <properties>
                      <property name="Category" value="QuickFixes" />
                    </properties>
                    <output><![CDATA[ReSharper LogPath is: C:\Users\berej\AppData\Local\Temp\JetLogs\ReSharperTests\resharper.log
Per-Test LogPath is: C:\Users\berej\AppData\Local\Temp\JetLogs\ReSharperTests\AddParensTest\Multi line.log

]]></output>
                  </test-case>
                  <test-case name="Single line" fullname="JetBrains.ReSharper.Plugins.FSharp.Tests.Features.AddParensTest.Single line" methodname="Single line" classname="AddParensTest" result="Passed" duration="0.072" asserts="0">
                    <properties>
                      <property name="Category" value="QuickFixes" />
                    </properties>
                    <output><![CDATA[ReSharper LogPath is: C:\Users\berej\AppData\Local\Temp\JetLogs\ReSharperTests\resharper.log
Per-Test LogPath is: C:\Users\berej\AppData\Local\Temp\JetLogs\ReSharperTests\AddParensTest\Single line.log

]]></output>
                  </test-case>
                  <test-case name="Successive qualifiers" fullname="JetBrains.ReSharper.Plugins.FSharp.Tests.Features.AddParensTest.Successive qualifiers" methodname="Successive qualifiers" classname="AddParensTest" result="Passed" duration="0.082" asserts="0">
                    <properties>
                      <property name="Category" value="QuickFixes" />
                    </properties>
                    <output><![CDATA[ReSharper LogPath is: C:\Users\berej\AppData\Local\Temp\JetLogs\ReSharperTests\resharper.log
Per-Test LogPath is: C:\Users\berej\AppData\Local\Temp\JetLogs\ReSharperTests\AddParensTest\Successive qualifiers.log

]]></output>
                  </test-case>
                </test-suite>
                <test-suite type="TestFixture" name="AddParensToApplicationAvailabilityTest" fullname="JetBrains.ReSharper.Plugins.FSharp.Tests.Features.AddParensToApplicationAvailabilityTest" total="3" passed="3" failed="0" inconclusive="0" skipped="0" result="Passed" duration="0.338">
                  <test-case name="Multiply applications text" fullname="JetBrains.ReSharper.Plugins.FSharp.Tests.Features.AddParensToApplicationAvailabilityTest.Multiply applications text" methodname="Multiply applications text" classname="AddParensToApplicationAvailabilityTest" result="Passed" duration="0.157" asserts="0">
                    <properties>
                      <property name="Category" value="QuickFixes" />
                    </properties>
                    <output><![CDATA[ReSharper LogPath is: C:\Users\berej\AppData\Local\Temp\JetLogs\ReSharperTests\resharper.log
Per-Test LogPath is: C:\Users\berej\AppData\Local\Temp\JetLogs\ReSharperTests\AddParensToApplicationAvailabilityTest\Multiply applications text.log

]]></output>
                  </test-case>
                  <test-case name="Single application - lambda" fullname="JetBrains.ReSharper.Plugins.FSharp.Tests.Features.AddParensToApplicationAvailabilityTest.Single application - lambda" methodname="Single application - lambda" classname="AddParensToApplicationAvailabilityTest" result="Passed" duration="0.095" asserts="0">
                    <properties>
                      <property name="Category" value="QuickFixes" />
                    </properties>
                    <output><![CDATA[ReSharper LogPath is: C:\Users\berej\AppData\Local\Temp\JetLogs\ReSharperTests\resharper.log
Per-Test LogPath is: C:\Users\berej\AppData\Local\Temp\JetLogs\ReSharperTests\AddParensToApplicationAvailabilityTest\Single application - lambda.log

]]></output>
                  </test-case>
                  <test-case name="Single application - reference" fullname="JetBrains.ReSharper.Plugins.FSharp.Tests.Features.AddParensToApplicationAvailabilityTest.Single application - reference" methodname="Single application - reference" classname="AddParensToApplicationAvailabilityTest" result="Passed" duration="0.086" asserts="0">
                    <properties>
                      <property name="Category" value="QuickFixes" />
                    </properties>
                    <output><![CDATA[ReSharper LogPath is: C:\Users\berej\AppData\Local\Temp\JetLogs\ReSharperTests\resharper.log
Per-Test LogPath is: C:\Users\berej\AppData\Local\Temp\JetLogs\ReSharperTests\AddParensToApplicationAvailabilityTest\Single application - reference.log

]]></output>
                  </test-case>
                </test-suite>
                <test-suite type="TestFixture" name="AddParensToApplicationTest" fullname="JetBrains.ReSharper.Plugins.FSharp.Tests.Features.AddParensToApplicationTest" total="10" passed="10" failed="0" inconclusive="0" skipped="0" result="Passed" duration="1.185">
                  <test-case name="Application inside application" fullname="JetBrains.ReSharper.Plugins.FSharp.Tests.Features.AddParensToApplicationTest.Application inside application" methodname="Application inside application" classname="AddParensToApplicationTest" result="Passed" duration="0.155" asserts="0">
                    <properties>
                      <property name="Category" value="QuickFixes" />
                    </properties>
                    <output><![CDATA[ReSharper LogPath is: C:\Users\berej\AppData\Local\Temp\JetLogs\ReSharperTests\resharper.log
Per-Test LogPath is: C:\Users\berej\AppData\Local\Temp\JetLogs\ReSharperTests\AddParensToApplicationTest\Application inside application.log

]]></output>
                  </test-case>
                  <test-case name="Application with not enough args" fullname="JetBrains.ReSharper.Plugins.FSharp.Tests.Features.AddParensToApplicationTest.Application with not enough args" methodname="Application with not enough args" classname="AddParensToApplicationTest" result="Passed" duration="0.095" asserts="0">
                    <properties>
                      <property name="Category" value="QuickFixes" />
                    </properties>
                    <output><![CDATA[ReSharper LogPath is: C:\Users\berej\AppData\Local\Temp\JetLogs\ReSharperTests\resharper.log
Per-Test LogPath is: C:\Users\berej\AppData\Local\Temp\JetLogs\ReSharperTests\AddParensToApplicationTest\Application with not enough args.log

]]></output>
                  </test-case>
                  <test-case name="Curried function" fullname="JetBrains.ReSharper.Plugins.FSharp.Tests.Features.AddParensToApplicationTest.Curried function" methodname="Curried function" classname="AddParensToApplicationTest" result="Passed" duration="0.099" asserts="0">
                    <properties>
                      <property name="Category" value="QuickFixes" />
                    </properties>
                    <output><![CDATA[ReSharper LogPath is: C:\Users\berej\AppData\Local\Temp\JetLogs\ReSharperTests\resharper.log
Per-Test LogPath is: C:\Users\berej\AppData\Local\Temp\JetLogs\ReSharperTests\AddParensToApplicationTest\Curried function.log

]]></output>
                  </test-case>
                  <test-case name="Curried function with parens" fullname="JetBrains.ReSharper.Plugins.FSharp.Tests.Features.AddParensToApplicationTest.Curried function with parens" methodname="Curried function with parens" classname="AddParensToApplicationTest" result="Passed" duration="0.125" asserts="0">
                    <properties>
                      <property name="Category" value="QuickFixes" />
                    </properties>
                    <output><![CDATA[ReSharper LogPath is: C:\Users\berej\AppData\Local\Temp\JetLogs\ReSharperTests\resharper.log
Per-Test LogPath is: C:\Users\berej\AppData\Local\Temp\JetLogs\ReSharperTests\AddParensToApplicationTest\Curried function with parens.log

]]></output>
                  </test-case>
                  <test-case name="First arg is application" fullname="JetBrains.ReSharper.Plugins.FSharp.Tests.Features.AddParensToApplicationTest.First arg is application" methodname="First arg is application" classname="AddParensToApplicationTest" result="Passed" duration="0.132" asserts="0">
                    <properties>
                      <property name="Category" value="QuickFixes" />
                    </properties>
                    <output><![CDATA[ReSharper LogPath is: C:\Users\berej\AppData\Local\Temp\JetLogs\ReSharperTests\resharper.log
Per-Test LogPath is: C:\Users\berej\AppData\Local\Temp\JetLogs\ReSharperTests\AddParensToApplicationTest\First arg is application.log

]]></output>
                  </test-case>
                  <test-case name="Lambda expression 1" fullname="JetBrains.ReSharper.Plugins.FSharp.Tests.Features.AddParensToApplicationTest.Lambda expression 1" methodname="Lambda expression 1" classname="AddParensToApplicationTest" result="Passed" duration="0.09" asserts="0">
                    <properties>
                      <property name="Category" value="QuickFixes" />
                    </properties>
                    <output><![CDATA[ReSharper LogPath is: C:\Users\berej\AppData\Local\Temp\JetLogs\ReSharperTests\resharper.log
Per-Test LogPath is: C:\Users\berej\AppData\Local\Temp\JetLogs\ReSharperTests\AddParensToApplicationTest\Lambda expression 1.log

]]></output>
                  </test-case>
                  <test-case name="Lambda expression 2" fullname="JetBrains.ReSharper.Plugins.FSharp.Tests.Features.AddParensToApplicationTest.Lambda expression 2" methodname="Lambda expression 2" classname="AddParensToApplicationTest" result="Passed" duration="0.096" asserts="0">
                    <properties>
                      <property name="Category" value="QuickFixes" />
                    </properties>
                    <output><![CDATA[ReSharper LogPath is: C:\Users\berej\AppData\Local\Temp\JetLogs\ReSharperTests\resharper.log
Per-Test LogPath is: C:\Users\berej\AppData\Local\Temp\JetLogs\ReSharperTests\AddParensToApplicationTest\Lambda expression 2.log

]]></output>
                  </test-case>
                  <test-case name="Long ident application" fullname="JetBrains.ReSharper.Plugins.FSharp.Tests.Features.AddParensToApplicationTest.Long ident application" methodname="Long ident application" classname="AddParensToApplicationTest" result="Passed" duration="0.156" asserts="0">
                    <properties>
                      <property name="Category" value="QuickFixes" />
                    </properties>
                    <output><![CDATA[ReSharper LogPath is: C:\Users\berej\AppData\Local\Temp\JetLogs\ReSharperTests\resharper.log
Per-Test LogPath is: C:\Users\berej\AppData\Local\Temp\JetLogs\ReSharperTests\AddParensToApplicationTest\Long ident application.log

]]></output>
                  </test-case>
                  <test-case name="Multiply applications" fullname="JetBrains.ReSharper.Plugins.FSharp.Tests.Features.AddParensToApplicationTest.Multiply applications" methodname="Multiply applications" classname="AddParensToApplicationTest" result="Passed" duration="0.131" asserts="0">
                    <properties>
                      <property name="Category" value="QuickFixes" />
                    </properties>
                    <output><![CDATA[ReSharper LogPath is: C:\Users\berej\AppData\Local\Temp\JetLogs\ReSharperTests\resharper.log
Per-Test LogPath is: C:\Users\berej\AppData\Local\Temp\JetLogs\ReSharperTests\AddParensToApplicationTest\Multiply applications.log

]]></output>
                  </test-case>
                  <test-case name="Single application" fullname="JetBrains.ReSharper.Plugins.FSharp.Tests.Features.AddParensToApplicationTest.Single application" methodname="Single application" classname="AddParensToApplicationTest" result="Passed" duration="0.106" asserts="0">
                    <properties>
                      <property name="Category" value="QuickFixes" />
                    </properties>
                    <output><![CDATA[ReSharper LogPath is: C:\Users\berej\AppData\Local\Temp\JetLogs\ReSharperTests\resharper.log
Per-Test LogPath is: C:\Users\berej\AppData\Local\Temp\JetLogs\ReSharperTests\AddParensToApplicationTest\Single application.log

]]></output>
                  </test-case>
                </test-suite>
                <test-suite type="TestFixture" name="AddUnderscorePrefixFixAvailabilityTest" fullname="JetBrains.ReSharper.Plugins.FSharp.Tests.Features.AddUnderscorePrefixFixAvailabilityTest" total="2" passed="2" failed="0" inconclusive="0" skipped="0" result="Passed" duration="0.17">
                  <test-case name="Availability 01 - Escaped name" fullname="JetBrains.ReSharper.Plugins.FSharp.Tests.Features.AddUnderscorePrefixFixAvailabilityTest.Availability 01 - Escaped name" methodname="Availability 01 - Escaped name" classname="AddUnderscorePrefixFixAvailabilityTest" result="Passed" duration="0.098" asserts="0">
                    <properties>
                      <property name="Category" value="QuickFixes" />
                    </properties>
                    <output><![CDATA[ReSharper LogPath is: C:\Users\berej\AppData\Local\Temp\JetLogs\ReSharperTests\resharper.log
Per-Test LogPath is: C:\Users\berej\AppData\Local\Temp\JetLogs\ReSharperTests\AddUnderscorePrefixFixAvailabilityTest\Availability 01 - Escaped name.log

]]></output>
                  </test-case>
                  <test-case name="Availability 02 - Params" fullname="JetBrains.ReSharper.Plugins.FSharp.Tests.Features.AddUnderscorePrefixFixAvailabilityTest.Availability 02 - Params" methodname="Availability 02 - Params" classname="AddUnderscorePrefixFixAvailabilityTest" result="Passed" duration="0.072" asserts="0">
                    <properties>
                      <property name="Category" value="QuickFixes" />
                    </properties>
                    <output><![CDATA[ReSharper LogPath is: C:\Users\berej\AppData\Local\Temp\JetLogs\ReSharperTests\resharper.log
Per-Test LogPath is: C:\Users\berej\AppData\Local\Temp\JetLogs\ReSharperTests\AddUnderscorePrefixFixAvailabilityTest\Availability 02 - Params.log

]]></output>
                  </test-case>
                </test-suite>
                <test-suite type="TestFixture" name="AddUnderscorePrefixFixTest" fullname="JetBrains.ReSharper.Plugins.FSharp.Tests.Features.AddUnderscorePrefixFixTest" total="1" passed="1" failed="0" inconclusive="0" skipped="0" result="Passed" duration="0.092">
                  <test-case name="Let 01" fullname="JetBrains.ReSharper.Plugins.FSharp.Tests.Features.AddUnderscorePrefixFixTest.Let 01" methodname="Let 01" classname="AddUnderscorePrefixFixTest" result="Passed" duration="0.092" asserts="0">
                    <properties>
                      <property name="Category" value="QuickFixes" />
                    </properties>
                    <output><![CDATA[ReSharper LogPath is: C:\Users\berej\AppData\Local\Temp\JetLogs\ReSharperTests\resharper.log
Per-Test LogPath is: C:\Users\berej\AppData\Local\Temp\JetLogs\ReSharperTests\AddUnderscorePrefixFixTest\Let 01.log

]]></output>
                  </test-case>
                </test-suite>
                <test-suite type="TestFixture" name="ArgumentsOwnerTest" fullname="JetBrains.ReSharper.Plugins.FSharp.Tests.Features.ArgumentsOwnerTest" total="58" passed="58" failed="0" inconclusive="0" skipped="0" result="Passed" duration="2.947">
                  <test-case name="Attribute 01 - Multiple args" fullname="JetBrains.ReSharper.Plugins.FSharp.Tests.Features.ArgumentsOwnerTest.Attribute 01 - Multiple args" methodname="Attribute 01 - Multiple args" classname="ArgumentsOwnerTest" result="Passed" duration="0.221" asserts="0">
                    <output><![CDATA[ReSharper LogPath is: C:\Users\berej\AppData\Local\Temp\JetLogs\ReSharperTests\resharper.log
Per-Test LogPath is: C:\Users\berej\AppData\Local\Temp\JetLogs\ReSharperTests\ArgumentsOwnerTest\Attribute 01 - Multiple args.log

]]></output>
                  </test-case>
                  <test-case name="Attribute 02 - Single arg - no parens" fullname="JetBrains.ReSharper.Plugins.FSharp.Tests.Features.ArgumentsOwnerTest.Attribute 02 - Single arg - no parens" methodname="Attribute 02 - Single arg - no parens" classname="ArgumentsOwnerTest" result="Passed" duration="0.053" asserts="0">
                    <output><![CDATA[ReSharper LogPath is: C:\Users\berej\AppData\Local\Temp\JetLogs\ReSharperTests\resharper.log
Per-Test LogPath is: C:\Users\berej\AppData\Local\Temp\JetLogs\ReSharperTests\ArgumentsOwnerTest\Attribute 02 - Single arg - no parens.log

]]></output>
                  </test-case>
                  <test-case name="Attribute 03 - Single arg - parens" fullname="JetBrains.ReSharper.Plugins.FSharp.Tests.Features.ArgumentsOwnerTest.Attribute 03 - Single arg - parens" methodname="Attribute 03 - Single arg - parens" classname="ArgumentsOwnerTest" result="Passed" duration="0.044" asserts="0">
                    <output><![CDATA[ReSharper LogPath is: C:\Users\berej\AppData\Local\Temp\JetLogs\ReSharperTests\resharper.log
Per-Test LogPath is: C:\Users\berej\AppData\Local\Temp\JetLogs\ReSharperTests\ArgumentsOwnerTest\Attribute 03 - Single arg - parens.log

]]></output>
                  </test-case>
                  <test-case name="Attribute 04 - No args - no parens" fullname="JetBrains.ReSharper.Plugins.FSharp.Tests.Features.ArgumentsOwnerTest.Attribute 04 - No args - no parens" methodname="Attribute 04 - No args - no parens" classname="ArgumentsOwnerTest" result="Passed" duration="0.032" asserts="0">
                    <output><![CDATA[ReSharper LogPath is: C:\Users\berej\AppData\Local\Temp\JetLogs\ReSharperTests\resharper.log
Per-Test LogPath is: C:\Users\berej\AppData\Local\Temp\JetLogs\ReSharperTests\ArgumentsOwnerTest\Attribute 04 - No args - no parens.log

]]></output>
                  </test-case>
                  <test-case name="Attribute 05 - No args - parens" fullname="JetBrains.ReSharper.Plugins.FSharp.Tests.Features.ArgumentsOwnerTest.Attribute 05 - No args - parens" methodname="Attribute 05 - No args - parens" classname="ArgumentsOwnerTest" result="Passed" duration="0.034" asserts="0">
                    <output><![CDATA[ReSharper LogPath is: C:\Users\berej\AppData\Local\Temp\JetLogs\ReSharperTests\resharper.log
Per-Test LogPath is: C:\Users\berej\AppData\Local\Temp\JetLogs\ReSharperTests\ArgumentsOwnerTest\Attribute 05 - No args - parens.log

]]></output>
                  </test-case>
                  <test-case name="Compiled 01 - FSharpCore" fullname="JetBrains.ReSharper.Plugins.FSharp.Tests.Features.ArgumentsOwnerTest.Compiled 01 - FSharpCore" methodname="Compiled 01 - FSharpCore" classname="ArgumentsOwnerTest" result="Passed" duration="0.094" asserts="0">
                    <output><![CDATA[ReSharper LogPath is: C:\Users\berej\AppData\Local\Temp\JetLogs\ReSharperTests\resharper.log
Per-Test LogPath is: C:\Users\berej\AppData\Local\Temp\JetLogs\ReSharperTests\ArgumentsOwnerTest\Compiled 01 - FSharpCore.log

]]></output>
                  </test-case>
                  <test-case name="Compiled 02 - BCL" fullname="JetBrains.ReSharper.Plugins.FSharp.Tests.Features.ArgumentsOwnerTest.Compiled 02 - BCL" methodname="Compiled 02 - BCL" classname="ArgumentsOwnerTest" result="Passed" duration="0.052" asserts="0">
                    <output><![CDATA[ReSharper LogPath is: C:\Users\berej\AppData\Local\Temp\JetLogs\ReSharperTests\resharper.log
Per-Test LogPath is: C:\Users\berej\AppData\Local\Temp\JetLogs\ReSharperTests\ArgumentsOwnerTest\Compiled 02 - BCL.log

]]></output>
                  </test-case>
                  <test-case name="Constructor 01 - No args" fullname="JetBrains.ReSharper.Plugins.FSharp.Tests.Features.ArgumentsOwnerTest.Constructor 01 - No args" methodname="Constructor 01 - No args" classname="ArgumentsOwnerTest" result="Passed" duration="0.037" asserts="0">
                    <output><![CDATA[ReSharper LogPath is: C:\Users\berej\AppData\Local\Temp\JetLogs\ReSharperTests\resharper.log
Per-Test LogPath is: C:\Users\berej\AppData\Local\Temp\JetLogs\ReSharperTests\ArgumentsOwnerTest\Constructor 01 - No args.log

]]></output>
                  </test-case>
                  <test-case name="Constructor 02 - Single arg" fullname="JetBrains.ReSharper.Plugins.FSharp.Tests.Features.ArgumentsOwnerTest.Constructor 02 - Single arg" methodname="Constructor 02 - Single arg" classname="ArgumentsOwnerTest" result="Passed" duration="0.047" asserts="0">
                    <output><![CDATA[ReSharper LogPath is: C:\Users\berej\AppData\Local\Temp\JetLogs\ReSharperTests\resharper.log
Per-Test LogPath is: C:\Users\berej\AppData\Local\Temp\JetLogs\ReSharperTests\ArgumentsOwnerTest\Constructor 02 - Single arg.log

]]></output>
                  </test-case>
                  <test-case name="Constructor 03 - Multiple args" fullname="JetBrains.ReSharper.Plugins.FSharp.Tests.Features.ArgumentsOwnerTest.Constructor 03 - Multiple args" methodname="Constructor 03 - Multiple args" classname="ArgumentsOwnerTest" result="Passed" duration="0.047" asserts="0">
                    <output><![CDATA[ReSharper LogPath is: C:\Users\berej\AppData\Local\Temp\JetLogs\ReSharperTests\resharper.log
Per-Test LogPath is: C:\Users\berej\AppData\Local\Temp\JetLogs\ReSharperTests\ArgumentsOwnerTest\Constructor 03 - Multiple args.log

]]></output>
                  </test-case>
                  <test-case name="Extension BCL 01 - No args" fullname="JetBrains.ReSharper.Plugins.FSharp.Tests.Features.ArgumentsOwnerTest.Extension BCL 01 - No args" methodname="Extension BCL 01 - No args" classname="ArgumentsOwnerTest" result="Passed" duration="0.051" asserts="0">
                    <output><![CDATA[ReSharper LogPath is: C:\Users\berej\AppData\Local\Temp\JetLogs\ReSharperTests\resharper.log
Per-Test LogPath is: C:\Users\berej\AppData\Local\Temp\JetLogs\ReSharperTests\ArgumentsOwnerTest\Extension BCL 01 - No args.log

]]></output>
                  </test-case>
                  <test-case name="Extension BCL 02 - Single arg" fullname="JetBrains.ReSharper.Plugins.FSharp.Tests.Features.ArgumentsOwnerTest.Extension BCL 02 - Single arg" methodname="Extension BCL 02 - Single arg" classname="ArgumentsOwnerTest" result="Passed" duration="0.053" asserts="0">
                    <output><![CDATA[ReSharper LogPath is: C:\Users\berej\AppData\Local\Temp\JetLogs\ReSharperTests\resharper.log
Per-Test LogPath is: C:\Users\berej\AppData\Local\Temp\JetLogs\ReSharperTests\ArgumentsOwnerTest\Extension BCL 02 - Single arg.log

]]></output>
                  </test-case>
                  <test-case name="Extension BCL 03 - Tupled args" fullname="JetBrains.ReSharper.Plugins.FSharp.Tests.Features.ArgumentsOwnerTest.Extension BCL 03 - Tupled args" methodname="Extension BCL 03 - Tupled args" classname="ArgumentsOwnerTest" result="Passed" duration="0.053" asserts="0">
                    <output><![CDATA[ReSharper LogPath is: C:\Users\berej\AppData\Local\Temp\JetLogs\ReSharperTests\resharper.log
Per-Test LogPath is: C:\Users\berej\AppData\Local\Temp\JetLogs\ReSharperTests\ArgumentsOwnerTest\Extension BCL 03 - Tupled args.log

]]></output>
                  </test-case>
                  <test-case name="Extension BCL Direct 01 - No args" fullname="JetBrains.ReSharper.Plugins.FSharp.Tests.Features.ArgumentsOwnerTest.Extension BCL Direct 01 - No args" methodname="Extension BCL Direct 01 - No args" classname="ArgumentsOwnerTest" result="Passed" duration="0.042" asserts="0">
                    <output><![CDATA[ReSharper LogPath is: C:\Users\berej\AppData\Local\Temp\JetLogs\ReSharperTests\resharper.log
Per-Test LogPath is: C:\Users\berej\AppData\Local\Temp\JetLogs\ReSharperTests\ArgumentsOwnerTest\Extension BCL Direct 01 - No args.log

]]></output>
                  </test-case>
                  <test-case name="Extension BCL Direct 02 - Single arg" fullname="JetBrains.ReSharper.Plugins.FSharp.Tests.Features.ArgumentsOwnerTest.Extension BCL Direct 02 - Single arg" methodname="Extension BCL Direct 02 - Single arg" classname="ArgumentsOwnerTest" result="Passed" duration="0.053" asserts="0">
                    <output><![CDATA[ReSharper LogPath is: C:\Users\berej\AppData\Local\Temp\JetLogs\ReSharperTests\resharper.log
Per-Test LogPath is: C:\Users\berej\AppData\Local\Temp\JetLogs\ReSharperTests\ArgumentsOwnerTest\Extension BCL Direct 02 - Single arg.log

]]></output>
                  </test-case>
                  <test-case name="Extension BCL Direct 03 - Tupled args" fullname="JetBrains.ReSharper.Plugins.FSharp.Tests.Features.ArgumentsOwnerTest.Extension BCL Direct 03 - Tupled args" methodname="Extension BCL Direct 03 - Tupled args" classname="ArgumentsOwnerTest" result="Passed" duration="0.042" asserts="0">
                    <output><![CDATA[ReSharper LogPath is: C:\Users\berej\AppData\Local\Temp\JetLogs\ReSharperTests\resharper.log
Per-Test LogPath is: C:\Users\berej\AppData\Local\Temp\JetLogs\ReSharperTests\ArgumentsOwnerTest\Extension BCL Direct 03 - Tupled args.log

]]></output>
                  </test-case>
                  <test-case name="Extension CSharp 01 - No args" fullname="JetBrains.ReSharper.Plugins.FSharp.Tests.Features.ArgumentsOwnerTest.Extension CSharp 01 - No args" methodname="Extension CSharp 01 - No args" classname="ArgumentsOwnerTest" result="Passed" duration="0.059" asserts="0">
                    <output><![CDATA[ReSharper LogPath is: C:\Users\berej\AppData\Local\Temp\JetLogs\ReSharperTests\resharper.log
Per-Test LogPath is: C:\Users\berej\AppData\Local\Temp\JetLogs\ReSharperTests\ArgumentsOwnerTest\Extension CSharp 01 - No args.log

]]></output>
                  </test-case>
                  <test-case name="Extension CSharp 02 - Single arg" fullname="JetBrains.ReSharper.Plugins.FSharp.Tests.Features.ArgumentsOwnerTest.Extension CSharp 02 - Single arg" methodname="Extension CSharp 02 - Single arg" classname="ArgumentsOwnerTest" result="Passed" duration="0.042" asserts="0">
                    <output><![CDATA[ReSharper LogPath is: C:\Users\berej\AppData\Local\Temp\JetLogs\ReSharperTests\resharper.log
Per-Test LogPath is: C:\Users\berej\AppData\Local\Temp\JetLogs\ReSharperTests\ArgumentsOwnerTest\Extension CSharp 02 - Single arg.log

]]></output>
                  </test-case>
                  <test-case name="Extension CSharp 03 - Tupled args" fullname="JetBrains.ReSharper.Plugins.FSharp.Tests.Features.ArgumentsOwnerTest.Extension CSharp 03 - Tupled args" methodname="Extension CSharp 03 - Tupled args" classname="ArgumentsOwnerTest" result="Passed" duration="0.052" asserts="0">
                    <output><![CDATA[ReSharper LogPath is: C:\Users\berej\AppData\Local\Temp\JetLogs\ReSharperTests\resharper.log
Per-Test LogPath is: C:\Users\berej\AppData\Local\Temp\JetLogs\ReSharperTests\ArgumentsOwnerTest\Extension CSharp 03 - Tupled args.log

]]></output>
                  </test-case>
                  <test-case name="Extension CSharp Direct 01 - No args" fullname="JetBrains.ReSharper.Plugins.FSharp.Tests.Features.ArgumentsOwnerTest.Extension CSharp Direct 01 - No args" methodname="Extension CSharp Direct 01 - No args" classname="ArgumentsOwnerTest" result="Passed" duration="0.045" asserts="0">
                    <output><![CDATA[ReSharper LogPath is: C:\Users\berej\AppData\Local\Temp\JetLogs\ReSharperTests\resharper.log
Per-Test LogPath is: C:\Users\berej\AppData\Local\Temp\JetLogs\ReSharperTests\ArgumentsOwnerTest\Extension CSharp Direct 01 - No args.log

]]></output>
                  </test-case>
                  <test-case name="Extension CSharp Direct 02 - Single arg" fullname="JetBrains.ReSharper.Plugins.FSharp.Tests.Features.ArgumentsOwnerTest.Extension CSharp Direct 02 - Single arg" methodname="Extension CSharp Direct 02 - Single arg" classname="ArgumentsOwnerTest" result="Passed" duration="0.042" asserts="0">
                    <output><![CDATA[ReSharper LogPath is: C:\Users\berej\AppData\Local\Temp\JetLogs\ReSharperTests\resharper.log
Per-Test LogPath is: C:\Users\berej\AppData\Local\Temp\JetLogs\ReSharperTests\ArgumentsOwnerTest\Extension CSharp Direct 02 - Single arg.log

]]></output>
                  </test-case>
                  <test-case name="Extension CSharp Direct 03 - Tupled args" fullname="JetBrains.ReSharper.Plugins.FSharp.Tests.Features.ArgumentsOwnerTest.Extension CSharp Direct 03 - Tupled args" methodname="Extension CSharp Direct 03 - Tupled args" classname="ArgumentsOwnerTest" result="Passed" duration="0.051" asserts="0">
                    <output><![CDATA[ReSharper LogPath is: C:\Users\berej\AppData\Local\Temp\JetLogs\ReSharperTests\resharper.log
Per-Test LogPath is: C:\Users\berej\AppData\Local\Temp\JetLogs\ReSharperTests\ArgumentsOwnerTest\Extension CSharp Direct 03 - Tupled args.log

]]></output>
                  </test-case>
                  <test-case name="Extension FSharp 01 - No args" fullname="JetBrains.ReSharper.Plugins.FSharp.Tests.Features.ArgumentsOwnerTest.Extension FSharp 01 - No args" methodname="Extension FSharp 01 - No args" classname="ArgumentsOwnerTest" result="Passed" duration="0.061" asserts="0">
                    <output><![CDATA[ReSharper LogPath is: C:\Users\berej\AppData\Local\Temp\JetLogs\ReSharperTests\resharper.log
Per-Test LogPath is: C:\Users\berej\AppData\Local\Temp\JetLogs\ReSharperTests\ArgumentsOwnerTest\Extension FSharp 01 - No args.log

]]></output>
                  </test-case>
                  <test-case name="Extension FSharp 02 - Single arg" fullname="JetBrains.ReSharper.Plugins.FSharp.Tests.Features.ArgumentsOwnerTest.Extension FSharp 02 - Single arg" methodname="Extension FSharp 02 - Single arg" classname="ArgumentsOwnerTest" result="Passed" duration="0.044" asserts="0">
                    <output><![CDATA[ReSharper LogPath is: C:\Users\berej\AppData\Local\Temp\JetLogs\ReSharperTests\resharper.log
Per-Test LogPath is: C:\Users\berej\AppData\Local\Temp\JetLogs\ReSharperTests\ArgumentsOwnerTest\Extension FSharp 02 - Single arg.log

]]></output>
                  </test-case>
                  <test-case name="Extension FSharp 03 - Curried args" fullname="JetBrains.ReSharper.Plugins.FSharp.Tests.Features.ArgumentsOwnerTest.Extension FSharp 03 - Curried args" methodname="Extension FSharp 03 - Curried args" classname="ArgumentsOwnerTest" result="Passed" duration="0.054" asserts="0">
                    <output><![CDATA[ReSharper LogPath is: C:\Users\berej\AppData\Local\Temp\JetLogs\ReSharperTests\resharper.log
Per-Test LogPath is: C:\Users\berej\AppData\Local\Temp\JetLogs\ReSharperTests\ArgumentsOwnerTest\Extension FSharp 03 - Curried args.log

]]></output>
                  </test-case>
                  <test-case name="Extension FSharp 04 - Tupled args" fullname="JetBrains.ReSharper.Plugins.FSharp.Tests.Features.ArgumentsOwnerTest.Extension FSharp 04 - Tupled args" methodname="Extension FSharp 04 - Tupled args" classname="ArgumentsOwnerTest" result="Passed" duration="0.045" asserts="0">
                    <output><![CDATA[ReSharper LogPath is: C:\Users\berej\AppData\Local\Temp\JetLogs\ReSharperTests\resharper.log
Per-Test LogPath is: C:\Users\berej\AppData\Local\Temp\JetLogs\ReSharperTests\ArgumentsOwnerTest\Extension FSharp 04 - Tupled args.log

]]></output>
                  </test-case>
                  <test-case name="Generic 01 - Module" fullname="JetBrains.ReSharper.Plugins.FSharp.Tests.Features.ArgumentsOwnerTest.Generic 01 - Module" methodname="Generic 01 - Module" classname="ArgumentsOwnerTest" result="Passed" duration="0.082" asserts="0">
                    <output><![CDATA[ReSharper LogPath is: C:\Users\berej\AppData\Local\Temp\JetLogs\ReSharperTests\resharper.log
Per-Test LogPath is: C:\Users\berej\AppData\Local\Temp\JetLogs\ReSharperTests\ArgumentsOwnerTest\Generic 01 - Module.log

]]></output>
                  </test-case>
                  <test-case name="Generic 02 - Static method" fullname="JetBrains.ReSharper.Plugins.FSharp.Tests.Features.ArgumentsOwnerTest.Generic 02 - Static method" methodname="Generic 02 - Static method" classname="ArgumentsOwnerTest" result="Passed" duration="0.034" asserts="0">
                    <output><![CDATA[ReSharper LogPath is: C:\Users\berej\AppData\Local\Temp\JetLogs\ReSharperTests\resharper.log
Per-Test LogPath is: C:\Users\berej\AppData\Local\Temp\JetLogs\ReSharperTests\ArgumentsOwnerTest\Generic 02 - Static method.log

]]></output>
                  </test-case>
                  <test-case name="Misc 01 - No args" fullname="JetBrains.ReSharper.Plugins.FSharp.Tests.Features.ArgumentsOwnerTest.Misc 01 - No args" methodname="Misc 01 - No args" classname="ArgumentsOwnerTest" result="Passed" duration="0.035" asserts="0">
                    <output><![CDATA[ReSharper LogPath is: C:\Users\berej\AppData\Local\Temp\JetLogs\ReSharperTests\resharper.log
Per-Test LogPath is: C:\Users\berej\AppData\Local\Temp\JetLogs\ReSharperTests\ArgumentsOwnerTest\Misc 01 - No args.log

]]></output>
                  </test-case>
                  <test-case name="Misc 02 - Too many args" fullname="JetBrains.ReSharper.Plugins.FSharp.Tests.Features.ArgumentsOwnerTest.Misc 02 - Too many args" methodname="Misc 02 - Too many args" classname="ArgumentsOwnerTest" result="Passed" duration="0.033" asserts="0">
                    <output><![CDATA[ReSharper LogPath is: C:\Users\berej\AppData\Local\Temp\JetLogs\ReSharperTests\resharper.log
Per-Test LogPath is: C:\Users\berej\AppData\Local\Temp\JetLogs\ReSharperTests\ArgumentsOwnerTest\Misc 02 - Too many args.log

]]></output>
                  </test-case>
                  <test-case name="Multiple 01 - Curried" fullname="JetBrains.ReSharper.Plugins.FSharp.Tests.Features.ArgumentsOwnerTest.Multiple 01 - Curried" methodname="Multiple 01 - Curried" classname="ArgumentsOwnerTest" result="Passed" duration="0.059" asserts="0">
                    <output><![CDATA[ReSharper LogPath is: C:\Users\berej\AppData\Local\Temp\JetLogs\ReSharperTests\resharper.log
Per-Test LogPath is: C:\Users\berej\AppData\Local\Temp\JetLogs\ReSharperTests\ArgumentsOwnerTest\Multiple 01 - Curried.log

]]></output>
                  </test-case>
                  <test-case name="Multiple 02 - Tupled" fullname="JetBrains.ReSharper.Plugins.FSharp.Tests.Features.ArgumentsOwnerTest.Multiple 02 - Tupled" methodname="Multiple 02 - Tupled" classname="ArgumentsOwnerTest" result="Passed" duration="0.048" asserts="0">
                    <output><![CDATA[ReSharper LogPath is: C:\Users\berej\AppData\Local\Temp\JetLogs\ReSharperTests\resharper.log
Per-Test LogPath is: C:\Users\berej\AppData\Local\Temp\JetLogs\ReSharperTests\ArgumentsOwnerTest\Multiple 02 - Tupled.log

]]></output>
                  </test-case>
                  <test-case name="Multiple 03 - Curried fun in paren" fullname="JetBrains.ReSharper.Plugins.FSharp.Tests.Features.ArgumentsOwnerTest.Multiple 03 - Curried fun in paren" methodname="Multiple 03 - Curried fun in paren" classname="ArgumentsOwnerTest" result="Passed" duration="0.038" asserts="0">
                    <output><![CDATA[ReSharper LogPath is: C:\Users\berej\AppData\Local\Temp\JetLogs\ReSharperTests\resharper.log
Per-Test LogPath is: C:\Users\berej\AppData\Local\Temp\JetLogs\ReSharperTests\ArgumentsOwnerTest\Multiple 03 - Curried fun in paren.log

]]></output>
                  </test-case>
                  <test-case name="Multiple 04 - Curried arg in paren" fullname="JetBrains.ReSharper.Plugins.FSharp.Tests.Features.ArgumentsOwnerTest.Multiple 04 - Curried arg in paren" methodname="Multiple 04 - Curried arg in paren" classname="ArgumentsOwnerTest" result="Passed" duration="0.054" asserts="0">
                    <output><![CDATA[ReSharper LogPath is: C:\Users\berej\AppData\Local\Temp\JetLogs\ReSharperTests\resharper.log
Per-Test LogPath is: C:\Users\berej\AppData\Local\Temp\JetLogs\ReSharperTests\ArgumentsOwnerTest\Multiple 04 - Curried arg in paren.log

]]></output>
                  </test-case>
                  <test-case name="Multiple 05 - Tupled - too few" fullname="JetBrains.ReSharper.Plugins.FSharp.Tests.Features.ArgumentsOwnerTest.Multiple 05 - Tupled - too few" methodname="Multiple 05 - Tupled - too few" classname="ArgumentsOwnerTest" result="Passed" duration="0.047" asserts="0">
                    <output><![CDATA[ReSharper LogPath is: C:\Users\berej\AppData\Local\Temp\JetLogs\ReSharperTests\resharper.log
Per-Test LogPath is: C:\Users\berej\AppData\Local\Temp\JetLogs\ReSharperTests\ArgumentsOwnerTest\Multiple 05 - Tupled - too few.log

]]></output>
                  </test-case>
                  <test-case name="Multiple 06 - Tupled - too many" fullname="JetBrains.ReSharper.Plugins.FSharp.Tests.Features.ArgumentsOwnerTest.Multiple 06 - Tupled - too many" methodname="Multiple 06 - Tupled - too many" classname="ArgumentsOwnerTest" result="Passed" duration="0.047" asserts="0">
                    <output><![CDATA[ReSharper LogPath is: C:\Users\berej\AppData\Local\Temp\JetLogs\ReSharperTests\resharper.log
Per-Test LogPath is: C:\Users\berej\AppData\Local\Temp\JetLogs\ReSharperTests\ArgumentsOwnerTest\Multiple 06 - Tupled - too many.log

]]></output>
                  </test-case>
                  <test-case name="Multiple 07 - Curried - partial" fullname="JetBrains.ReSharper.Plugins.FSharp.Tests.Features.ArgumentsOwnerTest.Multiple 07 - Curried - partial" methodname="Multiple 07 - Curried - partial" classname="ArgumentsOwnerTest" result="Passed" duration="0.035" asserts="0">
                    <output><![CDATA[ReSharper LogPath is: C:\Users\berej\AppData\Local\Temp\JetLogs\ReSharperTests\resharper.log
Per-Test LogPath is: C:\Users\berej\AppData\Local\Temp\JetLogs\ReSharperTests\ArgumentsOwnerTest\Multiple 07 - Curried - partial.log

]]></output>
                  </test-case>
                  <test-case name="Multiple 08 - Curried - too many" fullname="JetBrains.ReSharper.Plugins.FSharp.Tests.Features.ArgumentsOwnerTest.Multiple 08 - Curried - too many" methodname="Multiple 08 - Curried - too many" classname="ArgumentsOwnerTest" result="Passed" duration="0.043" asserts="0">
                    <output><![CDATA[ReSharper LogPath is: C:\Users\berej\AppData\Local\Temp\JetLogs\ReSharperTests\resharper.log
Per-Test LogPath is: C:\Users\berej\AppData\Local\Temp\JetLogs\ReSharperTests\ArgumentsOwnerTest\Multiple 08 - Curried - too many.log

]]></output>
                  </test-case>
                  <test-case name="Named arg 01 - BCL" fullname="JetBrains.ReSharper.Plugins.FSharp.Tests.Features.ArgumentsOwnerTest.Named arg 01 - BCL" methodname="Named arg 01 - BCL" classname="ArgumentsOwnerTest" result="Passed" duration="0.047" asserts="0">
                    <output><![CDATA[ReSharper LogPath is: C:\Users\berej\AppData\Local\Temp\JetLogs\ReSharperTests\resharper.log
Per-Test LogPath is: C:\Users\berej\AppData\Local\Temp\JetLogs\ReSharperTests\ArgumentsOwnerTest\Named arg 01 - BCL.log

]]></output>
                  </test-case>
                  <test-case name="Named arg 02 - Partial" fullname="JetBrains.ReSharper.Plugins.FSharp.Tests.Features.ArgumentsOwnerTest.Named arg 02 - Partial" methodname="Named arg 02 - Partial" classname="ArgumentsOwnerTest" result="Passed" duration="0.084" asserts="0">
                    <output><![CDATA[ReSharper LogPath is: C:\Users\berej\AppData\Local\Temp\JetLogs\ReSharperTests\resharper.log
Per-Test LogPath is: C:\Users\berej\AppData\Local\Temp\JetLogs\ReSharperTests\ArgumentsOwnerTest\Named arg 02 - Partial.log

]]></output>
                  </test-case>
                  <test-case name="Named arg 03 - Unordered" fullname="JetBrains.ReSharper.Plugins.FSharp.Tests.Features.ArgumentsOwnerTest.Named arg 03 - Unordered" methodname="Named arg 03 - Unordered" classname="ArgumentsOwnerTest" result="Passed" duration="0.036" asserts="0">
                    <output><![CDATA[ReSharper LogPath is: C:\Users\berej\AppData\Local\Temp\JetLogs\ReSharperTests\resharper.log
Per-Test LogPath is: C:\Users\berej\AppData\Local\Temp\JetLogs\ReSharperTests\ArgumentsOwnerTest\Named arg 03 - Unordered.log

]]></output>
                  </test-case>
                  <test-case name="Named arg 04 - Invalid name" fullname="JetBrains.ReSharper.Plugins.FSharp.Tests.Features.ArgumentsOwnerTest.Named arg 04 - Invalid name" methodname="Named arg 04 - Invalid name" classname="ArgumentsOwnerTest" result="Passed" duration="0.049" asserts="0">
                    <output><![CDATA[ReSharper LogPath is: C:\Users\berej\AppData\Local\Temp\JetLogs\ReSharperTests\resharper.log
Per-Test LogPath is: C:\Users\berej\AppData\Local\Temp\JetLogs\ReSharperTests\ArgumentsOwnerTest\Named arg 04 - Invalid name.log

]]></output>
                  </test-case>
                  <test-case name="Named arg 05 - Boolean" fullname="JetBrains.ReSharper.Plugins.FSharp.Tests.Features.ArgumentsOwnerTest.Named arg 05 - Boolean" methodname="Named arg 05 - Boolean" classname="ArgumentsOwnerTest" result="Passed" duration="0.034" asserts="0">
                    <output><![CDATA[ReSharper LogPath is: C:\Users\berej\AppData\Local\Temp\JetLogs\ReSharperTests\resharper.log
Per-Test LogPath is: C:\Users\berej\AppData\Local\Temp\JetLogs\ReSharperTests\ArgumentsOwnerTest\Named arg 05 - Boolean.log

]]></output>
                  </test-case>
                  <test-case name="New 01 - Multiple args" fullname="JetBrains.ReSharper.Plugins.FSharp.Tests.Features.ArgumentsOwnerTest.New 01 - Multiple args" methodname="New 01 - Multiple args" classname="ArgumentsOwnerTest" result="Passed" duration="0.064" asserts="0">
                    <output><![CDATA[ReSharper LogPath is: C:\Users\berej\AppData\Local\Temp\JetLogs\ReSharperTests\resharper.log
Per-Test LogPath is: C:\Users\berej\AppData\Local\Temp\JetLogs\ReSharperTests\ArgumentsOwnerTest\New 01 - Multiple args.log

]]></output>
                  </test-case>
                  <test-case name="New 02 - No args - parens" fullname="JetBrains.ReSharper.Plugins.FSharp.Tests.Features.ArgumentsOwnerTest.New 02 - No args - parens" methodname="New 02 - No args - parens" classname="ArgumentsOwnerTest" result="Passed" duration="0.035" asserts="0">
                    <output><![CDATA[ReSharper LogPath is: C:\Users\berej\AppData\Local\Temp\JetLogs\ReSharperTests\resharper.log
Per-Test LogPath is: C:\Users\berej\AppData\Local\Temp\JetLogs\ReSharperTests\ArgumentsOwnerTest\New 02 - No args - parens.log

]]></output>
                  </test-case>
                  <test-case name="New 03 - Single arg - no paren" fullname="JetBrains.ReSharper.Plugins.FSharp.Tests.Features.ArgumentsOwnerTest.New 03 - Single arg - no paren" methodname="New 03 - Single arg - no paren" classname="ArgumentsOwnerTest" result="Passed" duration="0.086" asserts="0">
                    <output><![CDATA[ReSharper LogPath is: C:\Users\berej\AppData\Local\Temp\JetLogs\ReSharperTests\resharper.log
Per-Test LogPath is: C:\Users\berej\AppData\Local\Temp\JetLogs\ReSharperTests\ArgumentsOwnerTest\New 03 - Single arg - no paren.log

]]></output>
                  </test-case>
                  <test-case name="New 04 - Single arg - parens" fullname="JetBrains.ReSharper.Plugins.FSharp.Tests.Features.ArgumentsOwnerTest.New 04 - Single arg - parens" methodname="New 04 - Single arg - parens" classname="ArgumentsOwnerTest" result="Passed" duration="0.037" asserts="0">
                    <output><![CDATA[ReSharper LogPath is: C:\Users\berej\AppData\Local\Temp\JetLogs\ReSharperTests\resharper.log
Per-Test LogPath is: C:\Users\berej\AppData\Local\Temp\JetLogs\ReSharperTests\ArgumentsOwnerTest\New 04 - Single arg - parens.log

]]></output>
                  </test-case>
                  <test-case name="Non IArgument 01 - Obj expression" fullname="JetBrains.ReSharper.Plugins.FSharp.Tests.Features.ArgumentsOwnerTest.Non IArgument 01 - Obj expression" methodname="Non IArgument 01 - Obj expression" classname="ArgumentsOwnerTest" result="Passed" duration="0.077" asserts="0">
                    <output><![CDATA[ReSharper LogPath is: C:\Users\berej\AppData\Local\Temp\JetLogs\ReSharperTests\resharper.log
Per-Test LogPath is: C:\Users\berej\AppData\Local\Temp\JetLogs\ReSharperTests\ArgumentsOwnerTest\Non IArgument 01 - Obj expression.log

]]></output>
                  </test-case>
                  <test-case name="Single 01 - Paren" fullname="JetBrains.ReSharper.Plugins.FSharp.Tests.Features.ArgumentsOwnerTest.Single 01 - Paren" methodname="Single 01 - Paren" classname="ArgumentsOwnerTest" result="Passed" duration="0.036" asserts="0">
                    <output><![CDATA[ReSharper LogPath is: C:\Users\berej\AppData\Local\Temp\JetLogs\ReSharperTests\resharper.log
Per-Test LogPath is: C:\Users\berej\AppData\Local\Temp\JetLogs\ReSharperTests\ArgumentsOwnerTest\Single 01 - Paren.log

]]></output>
                  </test-case>
                  <test-case name="Single 02 - Space paren" fullname="JetBrains.ReSharper.Plugins.FSharp.Tests.Features.ArgumentsOwnerTest.Single 02 - Space paren" methodname="Single 02 - Space paren" classname="ArgumentsOwnerTest" result="Passed" duration="0.037" asserts="0">
                    <output><![CDATA[ReSharper LogPath is: C:\Users\berej\AppData\Local\Temp\JetLogs\ReSharperTests\resharper.log
Per-Test LogPath is: C:\Users\berej\AppData\Local\Temp\JetLogs\ReSharperTests\ArgumentsOwnerTest\Single 02 - Space paren.log

]]></output>
                  </test-case>
                  <test-case name="Single 03 - Bare" fullname="JetBrains.ReSharper.Plugins.FSharp.Tests.Features.ArgumentsOwnerTest.Single 03 - Bare" methodname="Single 03 - Bare" classname="ArgumentsOwnerTest" result="Passed" duration="0.032" asserts="0">
                    <output><![CDATA[ReSharper LogPath is: C:\Users\berej\AppData\Local\Temp\JetLogs\ReSharperTests\resharper.log
Per-Test LogPath is: C:\Users\berej\AppData\Local\Temp\JetLogs\ReSharperTests\ArgumentsOwnerTest\Single 03 - Bare.log

]]></output>
                  </test-case>
                  <test-case name="Tuple param 01 - Deconstructed" fullname="JetBrains.ReSharper.Plugins.FSharp.Tests.Features.ArgumentsOwnerTest.Tuple param 01 - Deconstructed" methodname="Tuple param 01 - Deconstructed" classname="ArgumentsOwnerTest" result="Passed" duration="0.044" asserts="0">
                    <output><![CDATA[ReSharper LogPath is: C:\Users\berej\AppData\Local\Temp\JetLogs\ReSharperTests\resharper.log
Per-Test LogPath is: C:\Users\berej\AppData\Local\Temp\JetLogs\ReSharperTests\ArgumentsOwnerTest\Tuple param 01 - Deconstructed.log

]]></output>
                  </test-case>
                  <test-case name="Tuple param 02 - Variable tuple in arg" fullname="JetBrains.ReSharper.Plugins.FSharp.Tests.Features.ArgumentsOwnerTest.Tuple param 02 - Variable tuple in arg" methodname="Tuple param 02 - Variable tuple in arg" classname="ArgumentsOwnerTest" result="Passed" duration="0.04" asserts="0">
                    <output><![CDATA[ReSharper LogPath is: C:\Users\berej\AppData\Local\Temp\JetLogs\ReSharperTests\resharper.log
Per-Test LogPath is: C:\Users\berej\AppData\Local\Temp\JetLogs\ReSharperTests\ArgumentsOwnerTest\Tuple param 02 - Variable tuple in arg.log

]]></output>
                  </test-case>
                  <test-case name="Tuple param 03 - Param not deconstructed" fullname="JetBrains.ReSharper.Plugins.FSharp.Tests.Features.ArgumentsOwnerTest.Tuple param 03 - Param not deconstructed" methodname="Tuple param 03 - Param not deconstructed" classname="ArgumentsOwnerTest" result="Passed" duration="0.05" asserts="0">
                    <output><![CDATA[ReSharper LogPath is: C:\Users\berej\AppData\Local\Temp\JetLogs\ReSharperTests\resharper.log
Per-Test LogPath is: C:\Users\berej\AppData\Local\Temp\JetLogs\ReSharperTests\ArgumentsOwnerTest\Tuple param 03 - Param not deconstructed.log

]]></output>
                  </test-case>
                  <test-case name="Tuple param 04 - Mismatch - too few" fullname="JetBrains.ReSharper.Plugins.FSharp.Tests.Features.ArgumentsOwnerTest.Tuple param 04 - Mismatch - too few" methodname="Tuple param 04 - Mismatch - too few" classname="ArgumentsOwnerTest" result="Passed" duration="0.044" asserts="0">
                    <output><![CDATA[ReSharper LogPath is: C:\Users\berej\AppData\Local\Temp\JetLogs\ReSharperTests\resharper.log
Per-Test LogPath is: C:\Users\berej\AppData\Local\Temp\JetLogs\ReSharperTests\ArgumentsOwnerTest\Tuple param 04 - Mismatch - too few.log

]]></output>
                  </test-case>
                  <test-case name="Tuple param 05 - Mismatch - too many" fullname="JetBrains.ReSharper.Plugins.FSharp.Tests.Features.ArgumentsOwnerTest.Tuple param 05 - Mismatch - too many" methodname="Tuple param 05 - Mismatch - too many" classname="ArgumentsOwnerTest" result="Passed" duration="0.043" asserts="0">
                    <output><![CDATA[ReSharper LogPath is: C:\Users\berej\AppData\Local\Temp\JetLogs\ReSharperTests\resharper.log
Per-Test LogPath is: C:\Users\berej\AppData\Local\Temp\JetLogs\ReSharperTests\ArgumentsOwnerTest\Tuple param 05 - Mismatch - too many.log

]]></output>
                  </test-case>
                  <test-case name="Unit 01 - Named" fullname="JetBrains.ReSharper.Plugins.FSharp.Tests.Features.ArgumentsOwnerTest.Unit 01 - Named" methodname="Unit 01 - Named" classname="ArgumentsOwnerTest" result="Passed" duration="0.036" asserts="0">
                    <output><![CDATA[ReSharper LogPath is: C:\Users\berej\AppData\Local\Temp\JetLogs\ReSharperTests\resharper.log
Per-Test LogPath is: C:\Users\berej\AppData\Local\Temp\JetLogs\ReSharperTests\ArgumentsOwnerTest\Unit 01 - Named.log

]]></output>
                  </test-case>
                  <test-case name="Unit 02 - Unnamed" fullname="JetBrains.ReSharper.Plugins.FSharp.Tests.Features.ArgumentsOwnerTest.Unit 02 - Unnamed" methodname="Unit 02 - Unnamed" classname="ArgumentsOwnerTest" result="Passed" duration="0.031" asserts="0">
                    <output><![CDATA[ReSharper LogPath is: C:\Users\berej\AppData\Local\Temp\JetLogs\ReSharperTests\resharper.log
Per-Test LogPath is: C:\Users\berej\AppData\Local\Temp\JetLogs\ReSharperTests\ArgumentsOwnerTest\Unit 02 - Unnamed.log

]]></output>
                  </test-case>
                </test-suite>
                <test-suite type="TestFixture" name="CSharpResolveTest" fullname="JetBrains.ReSharper.Plugins.FSharp.Tests.Features.CSharpResolveTest" total="105" passed="105" failed="0" inconclusive="0" skipped="0" result="Passed" duration="15.194">
                  <test-case name="Abbreviations - Module 01" fullname="JetBrains.ReSharper.Plugins.FSharp.Tests.Features.CSharpResolveTest.Abbreviations - Module 01" methodname="Abbreviations - Module 01" classname="CSharpResolveTest" result="Passed" duration="1.099" asserts="0">
                    <output><![CDATA[ReSharper LogPath is: C:\Users\berej\AppData\Local\Temp\JetLogs\ReSharperTests\resharper.log
Per-Test LogPath is: C:\Users\berej\AppData\Local\Temp\JetLogs\ReSharperTests\CSharpResolveTest\Abbreviations - Module 01.log

]]></output>
                  </test-case>
                  <test-case name="Abbreviations - Type 01" fullname="JetBrains.ReSharper.Plugins.FSharp.Tests.Features.CSharpResolveTest.Abbreviations - Type 01" methodname="Abbreviations - Type 01" classname="CSharpResolveTest" result="Passed" duration="0.339" asserts="0">
                    <output><![CDATA[ReSharper LogPath is: C:\Users\berej\AppData\Local\Temp\JetLogs\ReSharperTests\resharper.log
Per-Test LogPath is: C:\Users\berej\AppData\Local\Temp\JetLogs\ReSharperTests\CSharpResolveTest\Abbreviations - Type 01.log

]]></output>
                  </test-case>
                  <test-case name="Abbreviations - Type 02 - Qualified" fullname="JetBrains.ReSharper.Plugins.FSharp.Tests.Features.CSharpResolveTest.Abbreviations - Type 02 - Qualified" methodname="Abbreviations - Type 02 - Qualified" classname="CSharpResolveTest" result="Passed" duration="0.059" asserts="0">
                    <output><![CDATA[ReSharper LogPath is: C:\Users\berej\AppData\Local\Temp\JetLogs\ReSharperTests\resharper.log
Per-Test LogPath is: C:\Users\berej\AppData\Local\Temp\JetLogs\ReSharperTests\CSharpResolveTest\Abbreviations - Type 02 - Qualified.log

]]></output>
                  </test-case>
                  <test-case name="AttributeUsage 01 - AllowMultiple" fullname="JetBrains.ReSharper.Plugins.FSharp.Tests.Features.CSharpResolveTest.AttributeUsage 01 - AllowMultiple" methodname="AttributeUsage 01 - AllowMultiple" classname="CSharpResolveTest" result="Passed" duration="0.165" asserts="0">
                    <output><![CDATA[ReSharper LogPath is: C:\Users\berej\AppData\Local\Temp\JetLogs\ReSharperTests\resharper.log
Per-Test LogPath is: C:\Users\berej\AppData\Local\Temp\JetLogs\ReSharperTests\CSharpResolveTest\AttributeUsage 01 - AllowMultiple.log

]]></output>
                  </test-case>
                  <test-case name="AttributeUsage 02 - AttributeTargets" fullname="JetBrains.ReSharper.Plugins.FSharp.Tests.Features.CSharpResolveTest.AttributeUsage 02 - AttributeTargets" methodname="AttributeUsage 02 - AttributeTargets" classname="CSharpResolveTest" result="Passed" duration="0.33" asserts="0">
                    <output><![CDATA[ReSharper LogPath is: C:\Users\berej\AppData\Local\Temp\JetLogs\ReSharperTests\resharper.log
Per-Test LogPath is: C:\Users\berej\AppData\Local\Temp\JetLogs\ReSharperTests\CSharpResolveTest\AttributeUsage 02 - AttributeTargets.log

]]></output>
                  </test-case>
                  <test-case name="Auto properties 01" fullname="JetBrains.ReSharper.Plugins.FSharp.Tests.Features.CSharpResolveTest.Auto properties 01" methodname="Auto properties 01" classname="CSharpResolveTest" result="Passed" duration="0.164" asserts="0">
                    <output><![CDATA[ReSharper LogPath is: C:\Users\berej\AppData\Local\Temp\JetLogs\ReSharperTests\resharper.log
Per-Test LogPath is: C:\Users\berej\AppData\Local\Temp\JetLogs\ReSharperTests\CSharpResolveTest\Auto properties 01.log

]]></output>
                  </test-case>
                  <test-case name="Auto properties 02, compiled name" fullname="JetBrains.ReSharper.Plugins.FSharp.Tests.Features.CSharpResolveTest.Auto properties 02, compiled name" methodname="Auto properties 02, compiled name" classname="CSharpResolveTest" result="Passed" duration="0.091" asserts="0">
                    <output><![CDATA[ReSharper LogPath is: C:\Users\berej\AppData\Local\Temp\JetLogs\ReSharperTests\resharper.log
Per-Test LogPath is: C:\Users\berej\AppData\Local\Temp\JetLogs\ReSharperTests\CSharpResolveTest\Auto properties 02, compiled name.log

]]></output>
                  </test-case>
                  <test-case name="Class - Ctors 01 - Secondary" fullname="JetBrains.ReSharper.Plugins.FSharp.Tests.Features.CSharpResolveTest.Class - Ctors 01 - Secondary" methodname="Class - Ctors 01 - Secondary" classname="CSharpResolveTest" result="Passed" duration="0.122" asserts="0">
                    <output><![CDATA[ReSharper LogPath is: C:\Users\berej\AppData\Local\Temp\JetLogs\ReSharperTests\resharper.log
Per-Test LogPath is: C:\Users\berej\AppData\Local\Temp\JetLogs\ReSharperTests\CSharpResolveTest\Class - Ctors 01 - Secondary.log

]]></output>
                  </test-case>
                  <test-case name="Class - Ctors 02 - Modifiers" fullname="JetBrains.ReSharper.Plugins.FSharp.Tests.Features.CSharpResolveTest.Class - Ctors 02 - Modifiers" methodname="Class - Ctors 02 - Modifiers" classname="CSharpResolveTest" result="Passed" duration="0.095" asserts="0">
                    <output><![CDATA[ReSharper LogPath is: C:\Users\berej\AppData\Local\Temp\JetLogs\ReSharperTests\resharper.log
Per-Test LogPath is: C:\Users\berej\AppData\Local\Temp\JetLogs\ReSharperTests\CSharpResolveTest\Class - Ctors 02 - Modifiers.log

]]></output>
                  </test-case>
                  <test-case name="Class 01 - Abstract" fullname="JetBrains.ReSharper.Plugins.FSharp.Tests.Features.CSharpResolveTest.Class 01 - Abstract" methodname="Class 01 - Abstract" classname="CSharpResolveTest" result="Passed" duration="0.057" asserts="0">
                    <output><![CDATA[ReSharper LogPath is: C:\Users\berej\AppData\Local\Temp\JetLogs\ReSharperTests\resharper.log
Per-Test LogPath is: C:\Users\berej\AppData\Local\Temp\JetLogs\ReSharperTests\CSharpResolveTest\Class 01 - Abstract.log

]]></output>
                  </test-case>
                  <test-case name="Class 02 - Sealed" fullname="JetBrains.ReSharper.Plugins.FSharp.Tests.Features.CSharpResolveTest.Class 02 - Sealed" methodname="Class 02 - Sealed" classname="CSharpResolveTest" result="Passed" duration="0.056" asserts="0">
                    <output><![CDATA[ReSharper LogPath is: C:\Users\berej\AppData\Local\Temp\JetLogs\ReSharperTests\resharper.log
Per-Test LogPath is: C:\Users\berej\AppData\Local\Temp\JetLogs\ReSharperTests\CSharpResolveTest\Class 02 - Sealed.log

]]></output>
                  </test-case>
                  <test-case name="Class 03 - No attributes" fullname="JetBrains.ReSharper.Plugins.FSharp.Tests.Features.CSharpResolveTest.Class 03 - No attributes" methodname="Class 03 - No attributes" classname="CSharpResolveTest" result="Passed" duration="0.055" asserts="0">
                    <output><![CDATA[ReSharper LogPath is: C:\Users\berej\AppData\Local\Temp\JetLogs\ReSharperTests\resharper.log
Per-Test LogPath is: C:\Users\berej\AppData\Local\Temp\JetLogs\ReSharperTests\CSharpResolveTest\Class 03 - No attributes.log

]]></output>
                  </test-case>
                  <test-case name="Class 04 - Compiled Name - No Parens" fullname="JetBrains.ReSharper.Plugins.FSharp.Tests.Features.CSharpResolveTest.Class 04 - Compiled Name - No Parens" methodname="Class 04 - Compiled Name - No Parens" classname="CSharpResolveTest" result="Passed" duration="0.055" asserts="0">
                    <output><![CDATA[ReSharper LogPath is: C:\Users\berej\AppData\Local\Temp\JetLogs\ReSharperTests\resharper.log
Per-Test LogPath is: C:\Users\berej\AppData\Local\Temp\JetLogs\ReSharperTests\CSharpResolveTest\Class 04 - Compiled Name - No Parens.log

]]></output>
                  </test-case>
                  <test-case name="Class 05 - Compiled Name - Double Parens" fullname="JetBrains.ReSharper.Plugins.FSharp.Tests.Features.CSharpResolveTest.Class 05 - Compiled Name - Double Parens" methodname="Class 05 - Compiled Name - Double Parens" classname="CSharpResolveTest" result="Passed" duration="0.069" asserts="0">
                    <output><![CDATA[ReSharper LogPath is: C:\Users\berej\AppData\Local\Temp\JetLogs\ReSharperTests\resharper.log
Per-Test LogPath is: C:\Users\berej\AppData\Local\Temp\JetLogs\ReSharperTests\CSharpResolveTest\Class 05 - Compiled Name - Double Parens.log

]]></output>
                  </test-case>
                  <test-case name="Delegates 01 - Action" fullname="JetBrains.ReSharper.Plugins.FSharp.Tests.Features.CSharpResolveTest.Delegates 01 - Action" methodname="Delegates 01 - Action" classname="CSharpResolveTest" result="Passed" duration="0.209" asserts="0">
                    <output><![CDATA[ReSharper LogPath is: C:\Users\berej\AppData\Local\Temp\JetLogs\ReSharperTests\resharper.log
Per-Test LogPath is: C:\Users\berej\AppData\Local\Temp\JetLogs\ReSharperTests\CSharpResolveTest\Delegates 01 - Action.log

]]></output>
                  </test-case>
                  <test-case name="Delegates 02 - Parameters" fullname="JetBrains.ReSharper.Plugins.FSharp.Tests.Features.CSharpResolveTest.Delegates 02 - Parameters" methodname="Delegates 02 - Parameters" classname="CSharpResolveTest" result="Passed" duration="0.146" asserts="0">
                    <output><![CDATA[ReSharper LogPath is: C:\Users\berej\AppData\Local\Temp\JetLogs\ReSharperTests\resharper.log
Per-Test LogPath is: C:\Users\berej\AppData\Local\Temp\JetLogs\ReSharperTests\CSharpResolveTest\Delegates 02 - Parameters.log

]]></output>
                  </test-case>
                  <test-case name="Delegates 03 - Return type" fullname="JetBrains.ReSharper.Plugins.FSharp.Tests.Features.CSharpResolveTest.Delegates 03 - Return type" methodname="Delegates 03 - Return type" classname="CSharpResolveTest" result="Passed" duration="0.129" asserts="0">
                    <output><![CDATA[ReSharper LogPath is: C:\Users\berej\AppData\Local\Temp\JetLogs\ReSharperTests\resharper.log
Per-Test LogPath is: C:\Users\berej\AppData\Local\Temp\JetLogs\ReSharperTests\CSharpResolveTest\Delegates 03 - Return type.log

]]></output>
                  </test-case>
                  <test-case name="Delegates 04 - Generic" fullname="JetBrains.ReSharper.Plugins.FSharp.Tests.Features.CSharpResolveTest.Delegates 04 - Generic" methodname="Delegates 04 - Generic" classname="CSharpResolveTest" result="Passed" duration="0.154" asserts="0">
                    <output><![CDATA[ReSharper LogPath is: C:\Users\berej\AppData\Local\Temp\JetLogs\ReSharperTests\resharper.log
Per-Test LogPath is: C:\Users\berej\AppData\Local\Temp\JetLogs\ReSharperTests\CSharpResolveTest\Delegates 04 - Generic.log

]]></output>
                  </test-case>
                  <test-case name="Delegates 05 - Modifiers - Internal" fullname="JetBrains.ReSharper.Plugins.FSharp.Tests.Features.CSharpResolveTest.Delegates 05 - Modifiers - Internal" methodname="Delegates 05 - Modifiers - Internal" classname="CSharpResolveTest" result="Passed" duration="0.066" asserts="0">
                    <output><![CDATA[ReSharper LogPath is: C:\Users\berej\AppData\Local\Temp\JetLogs\ReSharperTests\resharper.log
Per-Test LogPath is: C:\Users\berej\AppData\Local\Temp\JetLogs\ReSharperTests\CSharpResolveTest\Delegates 05 - Modifiers - Internal.log

]]></output>
                  </test-case>
                  <test-case name="Delegates 06 - Modifiers - Private" fullname="JetBrains.ReSharper.Plugins.FSharp.Tests.Features.CSharpResolveTest.Delegates 06 - Modifiers - Private" methodname="Delegates 06 - Modifiers - Private" classname="CSharpResolveTest" result="Passed" duration="0.058" asserts="0">
                    <output><![CDATA[ReSharper LogPath is: C:\Users\berej\AppData\Local\Temp\JetLogs\ReSharperTests\resharper.log
Per-Test LogPath is: C:\Users\berej\AppData\Local\Temp\JetLogs\ReSharperTests\CSharpResolveTest\Delegates 06 - Modifiers - Private.log

]]></output>
                  </test-case>
                  <test-case name="Delegates 07 - CompiledName" fullname="JetBrains.ReSharper.Plugins.FSharp.Tests.Features.CSharpResolveTest.Delegates 07 - CompiledName" methodname="Delegates 07 - CompiledName" classname="CSharpResolveTest" result="Passed" duration="0.062" asserts="0">
                    <output><![CDATA[ReSharper LogPath is: C:\Users\berej\AppData\Local\Temp\JetLogs\ReSharperTests\resharper.log
Per-Test LogPath is: C:\Users\berej\AppData\Local\Temp\JetLogs\ReSharperTests\CSharpResolveTest\Delegates 07 - CompiledName.log

]]></output>
                  </test-case>
                  <test-case name="Enum 01" fullname="JetBrains.ReSharper.Plugins.FSharp.Tests.Features.CSharpResolveTest.Enum 01" methodname="Enum 01" classname="CSharpResolveTest" result="Passed" duration="0.104" asserts="0">
                    <output><![CDATA[ReSharper LogPath is: C:\Users\berej\AppData\Local\Temp\JetLogs\ReSharperTests\resharper.log
Per-Test LogPath is: C:\Users\berej\AppData\Local\Temp\JetLogs\ReSharperTests\CSharpResolveTest\Enum 01.log

]]></output>
                  </test-case>
                  <test-case name="Events 01" fullname="JetBrains.ReSharper.Plugins.FSharp.Tests.Features.CSharpResolveTest.Events 01" methodname="Events 01" classname="CSharpResolveTest" result="Passed" duration="0.163" asserts="0">
                    <output><![CDATA[ReSharper LogPath is: C:\Users\berej\AppData\Local\Temp\JetLogs\ReSharperTests\resharper.log
Per-Test LogPath is: C:\Users\berej\AppData\Local\Temp\JetLogs\ReSharperTests\CSharpResolveTest\Events 01.log

]]></output>
                  </test-case>
                  <test-case name="Events 02 - Abstract" fullname="JetBrains.ReSharper.Plugins.FSharp.Tests.Features.CSharpResolveTest.Events 02 - Abstract" methodname="Events 02 - Abstract" classname="CSharpResolveTest" result="Passed" duration="0.091" asserts="0">
                    <output><![CDATA[ReSharper LogPath is: C:\Users\berej\AppData\Local\Temp\JetLogs\ReSharperTests\resharper.log
Per-Test LogPath is: C:\Users\berej\AppData\Local\Temp\JetLogs\ReSharperTests\CSharpResolveTest\Events 02 - Abstract.log

]]></output>
                  </test-case>
                  <test-case name="Exceptions 01 - Empty" fullname="JetBrains.ReSharper.Plugins.FSharp.Tests.Features.CSharpResolveTest.Exceptions 01 - Empty" methodname="Exceptions 01 - Empty" classname="CSharpResolveTest" result="Passed" duration="0.156" asserts="0">
                    <output><![CDATA[ReSharper LogPath is: C:\Users\berej\AppData\Local\Temp\JetLogs\ReSharperTests\resharper.log
Per-Test LogPath is: C:\Users\berej\AppData\Local\Temp\JetLogs\ReSharperTests\CSharpResolveTest\Exceptions 01 - Empty.log

]]></output>
                  </test-case>
                  <test-case name="Exceptions 02 - Single field" fullname="JetBrains.ReSharper.Plugins.FSharp.Tests.Features.CSharpResolveTest.Exceptions 02 - Single field" methodname="Exceptions 02 - Single field" classname="CSharpResolveTest" result="Passed" duration="0.247" asserts="0">
                    <output><![CDATA[ReSharper LogPath is: C:\Users\berej\AppData\Local\Temp\JetLogs\ReSharperTests\resharper.log
Per-Test LogPath is: C:\Users\berej\AppData\Local\Temp\JetLogs\ReSharperTests\CSharpResolveTest\Exceptions 02 - Single field.log

]]></output>
                  </test-case>
                  <test-case name="Exceptions 03 - Multiple fields" fullname="JetBrains.ReSharper.Plugins.FSharp.Tests.Features.CSharpResolveTest.Exceptions 03 - Multiple fields" methodname="Exceptions 03 - Multiple fields" classname="CSharpResolveTest" result="Passed" duration="0.32" asserts="0">
                    <output><![CDATA[ReSharper LogPath is: C:\Users\berej\AppData\Local\Temp\JetLogs\ReSharperTests\resharper.log
Per-Test LogPath is: C:\Users\berej\AppData\Local\Temp\JetLogs\ReSharperTests\CSharpResolveTest\Exceptions 03 - Multiple fields.log

]]></output>
                  </test-case>
                  <test-case name="Exceptions 04 - Protected ctor" fullname="JetBrains.ReSharper.Plugins.FSharp.Tests.Features.CSharpResolveTest.Exceptions 04 - Protected ctor" methodname="Exceptions 04 - Protected ctor" classname="CSharpResolveTest" result="Passed" duration="0.051" asserts="0">
                    <output><![CDATA[ReSharper LogPath is: C:\Users\berej\AppData\Local\Temp\JetLogs\ReSharperTests\resharper.log
Per-Test LogPath is: C:\Users\berej\AppData\Local\Temp\JetLogs\ReSharperTests\CSharpResolveTest\Exceptions 04 - Protected ctor.log

]]></output>
                  </test-case>
                  <test-case name="Exceptions 05 - Augmentation" fullname="JetBrains.ReSharper.Plugins.FSharp.Tests.Features.CSharpResolveTest.Exceptions 05 - Augmentation" methodname="Exceptions 05 - Augmentation" classname="CSharpResolveTest" result="Passed" duration="0.072" asserts="0">
                    <output><![CDATA[ReSharper LogPath is: C:\Users\berej\AppData\Local\Temp\JetLogs\ReSharperTests\resharper.log
Per-Test LogPath is: C:\Users\berej\AppData\Local\Temp\JetLogs\ReSharperTests\CSharpResolveTest\Exceptions 05 - Augmentation.log

]]></output>
                  </test-case>
                  <test-case name="Generics - Methods 01" fullname="JetBrains.ReSharper.Plugins.FSharp.Tests.Features.CSharpResolveTest.Generics - Methods 01" methodname="Generics - Methods 01" classname="CSharpResolveTest" result="Passed" duration="0.122" asserts="0">
                    <output><![CDATA[ReSharper LogPath is: C:\Users\berej\AppData\Local\Temp\JetLogs\ReSharperTests\resharper.log
Per-Test LogPath is: C:\Users\berej\AppData\Local\Temp\JetLogs\ReSharperTests\CSharpResolveTest\Generics - Methods 01.log

]]></output>
                  </test-case>
                  <test-case name="Implementations - Explicit impl 01" fullname="JetBrains.ReSharper.Plugins.FSharp.Tests.Features.CSharpResolveTest.Implementations - Explicit impl 01" methodname="Implementations - Explicit impl 01" classname="CSharpResolveTest" result="Passed" duration="0.149" asserts="0">
                    <output><![CDATA[ReSharper LogPath is: C:\Users\berej\AppData\Local\Temp\JetLogs\ReSharperTests\resharper.log
Per-Test LogPath is: C:\Users\berej\AppData\Local\Temp\JetLogs\ReSharperTests\CSharpResolveTest\Implementations - Explicit impl 01.log

]]></output>
                  </test-case>
                  <test-case name="Methods - Parameters - outref" fullname="JetBrains.ReSharper.Plugins.FSharp.Tests.Features.CSharpResolveTest.Methods - Parameters - outref" methodname="Methods - Parameters - outref" classname="CSharpResolveTest" result="Passed" duration="0.108" asserts="0">
                    <output><![CDATA[ReSharper LogPath is: C:\Users\berej\AppData\Local\Temp\JetLogs\ReSharperTests\resharper.log
Per-Test LogPath is: C:\Users\berej\AppData\Local\Temp\JetLogs\ReSharperTests\CSharpResolveTest\Methods - Parameters - outref.log

]]></output>
                  </test-case>
                  <test-case name="Methods 01" fullname="JetBrains.ReSharper.Plugins.FSharp.Tests.Features.CSharpResolveTest.Methods 01" methodname="Methods 01" classname="CSharpResolveTest" result="Passed" duration="0.566" asserts="0">
                    <output><![CDATA[ReSharper LogPath is: C:\Users\berej\AppData\Local\Temp\JetLogs\ReSharperTests\resharper.log
Per-Test LogPath is: C:\Users\berej\AppData\Local\Temp\JetLogs\ReSharperTests\CSharpResolveTest\Methods 01.log

]]></output>
                  </test-case>
                  <test-case name="Methods 02, compiled name" fullname="JetBrains.ReSharper.Plugins.FSharp.Tests.Features.CSharpResolveTest.Methods 02, compiled name" methodname="Methods 02, compiled name" classname="CSharpResolveTest" result="Passed" duration="0.333" asserts="0">
                    <output><![CDATA[ReSharper LogPath is: C:\Users\berej\AppData\Local\Temp\JetLogs\ReSharperTests\resharper.log
Per-Test LogPath is: C:\Users\berej\AppData\Local\Temp\JetLogs\ReSharperTests\CSharpResolveTest\Methods 02, compiled name.log

]]></output>
                  </test-case>
                  <test-case name="Methods 03, optional param" fullname="JetBrains.ReSharper.Plugins.FSharp.Tests.Features.CSharpResolveTest.Methods 03, optional param" methodname="Methods 03, optional param" classname="CSharpResolveTest" result="Passed" duration="0.096" asserts="0">
                    <output><![CDATA[ReSharper LogPath is: C:\Users\berej\AppData\Local\Temp\JetLogs\ReSharperTests\resharper.log
Per-Test LogPath is: C:\Users\berej\AppData\Local\Temp\JetLogs\ReSharperTests\CSharpResolveTest\Methods 03, optional param.log

]]></output>
                  </test-case>
                  <test-case name="Methods 04, extension methods" fullname="JetBrains.ReSharper.Plugins.FSharp.Tests.Features.CSharpResolveTest.Methods 04, extension methods" methodname="Methods 04, extension methods" classname="CSharpResolveTest" result="Passed" duration="0.115" asserts="0">
                    <output><![CDATA[ReSharper LogPath is: C:\Users\berej\AppData\Local\Temp\JetLogs\ReSharperTests\resharper.log
Per-Test LogPath is: C:\Users\berej\AppData\Local\Temp\JetLogs\ReSharperTests\CSharpResolveTest\Methods 04, extension methods.log

]]></output>
                  </test-case>
                  <test-case name="Methods 05, void return" fullname="JetBrains.ReSharper.Plugins.FSharp.Tests.Features.CSharpResolveTest.Methods 05, void return" methodname="Methods 05, void return" classname="CSharpResolveTest" result="Passed" duration="0.127" asserts="0">
                    <output><![CDATA[ReSharper LogPath is: C:\Users\berej\AppData\Local\Temp\JetLogs\ReSharperTests\resharper.log
Per-Test LogPath is: C:\Users\berej\AppData\Local\Temp\JetLogs\ReSharperTests\CSharpResolveTest\Methods 05, void return.log

]]></output>
                  </test-case>
                  <test-case name="Methods 06, extension methods 02 - Parts" fullname="JetBrains.ReSharper.Plugins.FSharp.Tests.Features.CSharpResolveTest.Methods 06, extension methods 02 - Parts" methodname="Methods 06, extension methods 02 - Parts" classname="CSharpResolveTest" result="Passed" duration="0.11" asserts="0">
                    <output><![CDATA[ReSharper LogPath is: C:\Users\berej\AppData\Local\Temp\JetLogs\ReSharperTests\resharper.log
Per-Test LogPath is: C:\Users\berej\AppData\Local\Temp\JetLogs\ReSharperTests\CSharpResolveTest\Methods 06, extension methods 02 - Parts.log

]]></output>
                  </test-case>
                  <test-case name="Module bindings - Compiled name 01" fullname="JetBrains.ReSharper.Plugins.FSharp.Tests.Features.CSharpResolveTest.Module bindings - Compiled name 01" methodname="Module bindings - Compiled name 01" classname="CSharpResolveTest" result="Passed" duration="0.071" asserts="0">
                    <output><![CDATA[ReSharper LogPath is: C:\Users\berej\AppData\Local\Temp\JetLogs\ReSharperTests\resharper.log
Per-Test LogPath is: C:\Users\berej\AppData\Local\Temp\JetLogs\ReSharperTests\CSharpResolveTest\Module bindings - Compiled name 01.log

]]></output>
                  </test-case>
                  <test-case name="Module bindings - Compiled name 02 - Nested pat" fullname="JetBrains.ReSharper.Plugins.FSharp.Tests.Features.CSharpResolveTest.Module bindings - Compiled name 02 - Nested pat" methodname="Module bindings - Compiled name 02 - Nested pat" classname="CSharpResolveTest" result="Passed" duration="0.081" asserts="0">
                    <output><![CDATA[ReSharper LogPath is: C:\Users\berej\AppData\Local\Temp\JetLogs\ReSharperTests\resharper.log
Per-Test LogPath is: C:\Users\berej\AppData\Local\Temp\JetLogs\ReSharperTests\CSharpResolveTest\Module bindings - Compiled name 02 - Nested pat.log

]]></output>
                  </test-case>
                  <test-case name="Module bindings - Compiled name 03 - Overloads" fullname="JetBrains.ReSharper.Plugins.FSharp.Tests.Features.CSharpResolveTest.Module bindings - Compiled name 03 - Overloads" methodname="Module bindings - Compiled name 03 - Overloads" classname="CSharpResolveTest" result="Passed" duration="0.245" asserts="0">
                    <output><![CDATA[ReSharper LogPath is: C:\Users\berej\AppData\Local\Temp\JetLogs\ReSharperTests\resharper.log
Per-Test LogPath is: C:\Users\berej\AppData\Local\Temp\JetLogs\ReSharperTests\CSharpResolveTest\Module bindings - Compiled name 03 - Overloads.log

]]></output>
                  </test-case>
                  <test-case name="Module bindings 01 - Simple" fullname="JetBrains.ReSharper.Plugins.FSharp.Tests.Features.CSharpResolveTest.Module bindings 01 - Simple" methodname="Module bindings 01 - Simple" classname="CSharpResolveTest" result="Passed" duration="0.211" asserts="0">
                    <output><![CDATA[ReSharper LogPath is: C:\Users\berej\AppData\Local\Temp\JetLogs\ReSharperTests\resharper.log
Per-Test LogPath is: C:\Users\berej\AppData\Local\Temp\JetLogs\ReSharperTests\CSharpResolveTest\Module bindings 01 - Simple.log

]]></output>
                  </test-case>
                  <test-case name="Module bindings 02 - Records" fullname="JetBrains.ReSharper.Plugins.FSharp.Tests.Features.CSharpResolveTest.Module bindings 02 - Records" methodname="Module bindings 02 - Records" classname="CSharpResolveTest" result="Passed" duration="0.141" asserts="0">
                    <output><![CDATA[ReSharper LogPath is: C:\Users\berej\AppData\Local\Temp\JetLogs\ReSharperTests\resharper.log
Per-Test LogPath is: C:\Users\berej\AppData\Local\Temp\JetLogs\ReSharperTests\CSharpResolveTest\Module bindings 02 - Records.log

]]></output>
                  </test-case>
                  <test-case name="Module bindings 03 - extension methods 01" fullname="JetBrains.ReSharper.Plugins.FSharp.Tests.Features.CSharpResolveTest.Module bindings 03 - extension methods 01" methodname="Module bindings 03 - extension methods 01" classname="CSharpResolveTest" result="Passed" duration="0.104" asserts="0">
                    <output><![CDATA[ReSharper LogPath is: C:\Users\berej\AppData\Local\Temp\JetLogs\ReSharperTests\resharper.log
Per-Test LogPath is: C:\Users\berej\AppData\Local\Temp\JetLogs\ReSharperTests\CSharpResolveTest\Module bindings 03 - extension methods 01.log

]]></output>
                  </test-case>
                  <test-case name="Module bindings 04 - extension methods 02" fullname="JetBrains.ReSharper.Plugins.FSharp.Tests.Features.CSharpResolveTest.Module bindings 04 - extension methods 02" methodname="Module bindings 04 - extension methods 02" classname="CSharpResolveTest" result="Passed" duration="0.101" asserts="0">
                    <output><![CDATA[ReSharper LogPath is: C:\Users\berej\AppData\Local\Temp\JetLogs\ReSharperTests\resharper.log
Per-Test LogPath is: C:\Users\berej\AppData\Local\Temp\JetLogs\ReSharperTests\CSharpResolveTest\Module bindings 04 - extension methods 02.log

]]></output>
                  </test-case>
                  <test-case name="Module bindings 05 - Generic function" fullname="JetBrains.ReSharper.Plugins.FSharp.Tests.Features.CSharpResolveTest.Module bindings 05 - Generic function" methodname="Module bindings 05 - Generic function" classname="CSharpResolveTest" result="Passed" duration="0.107" asserts="0">
                    <output><![CDATA[ReSharper LogPath is: C:\Users\berej\AppData\Local\Temp\JetLogs\ReSharperTests\resharper.log
Per-Test LogPath is: C:\Users\berej\AppData\Local\Temp\JetLogs\ReSharperTests\CSharpResolveTest\Module bindings 05 - Generic function.log

]]></output>
                  </test-case>
                  <test-case name="Module bindings 06 - Type function" fullname="JetBrains.ReSharper.Plugins.FSharp.Tests.Features.CSharpResolveTest.Module bindings 06 - Type function" methodname="Module bindings 06 - Type function" classname="CSharpResolveTest" result="Passed" duration="0.079" asserts="0">
                    <output><![CDATA[ReSharper LogPath is: C:\Users\berej\AppData\Local\Temp\JetLogs\ReSharperTests\resharper.log
Per-Test LogPath is: C:\Users\berej\AppData\Local\Temp\JetLogs\ReSharperTests\CSharpResolveTest\Module bindings 06 - Type function.log

]]></output>
                  </test-case>
                  <test-case name="Module bindings 07 - extension methods 03 - Two params" fullname="JetBrains.ReSharper.Plugins.FSharp.Tests.Features.CSharpResolveTest.Module bindings 07 - extension methods 03 - Two params" methodname="Module bindings 07 - extension methods 03 - Two params" classname="CSharpResolveTest" result="Passed" duration="0.117" asserts="0">
                    <output><![CDATA[ReSharper LogPath is: C:\Users\berej\AppData\Local\Temp\JetLogs\ReSharperTests\resharper.log
Per-Test LogPath is: C:\Users\berej\AppData\Local\Temp\JetLogs\ReSharperTests\CSharpResolveTest\Module bindings 07 - extension methods 03 - Two params.log

]]></output>
                  </test-case>
                  <test-case name="Module bindings 08 - Mutable" fullname="JetBrains.ReSharper.Plugins.FSharp.Tests.Features.CSharpResolveTest.Module bindings 08 - Mutable" methodname="Module bindings 08 - Mutable" classname="CSharpResolveTest" result="Passed" duration="0.114" asserts="0">
                    <output><![CDATA[ReSharper LogPath is: C:\Users\berej\AppData\Local\Temp\JetLogs\ReSharperTests\resharper.log
Per-Test LogPath is: C:\Users\berej\AppData\Local\Temp\JetLogs\ReSharperTests\CSharpResolveTest\Module bindings 08 - Mutable.log

]]></output>
                  </test-case>
                  <test-case name="Nested module 01" fullname="JetBrains.ReSharper.Plugins.FSharp.Tests.Features.CSharpResolveTest.Nested module 01" methodname="Nested module 01" classname="CSharpResolveTest" result="Passed" duration="0.062" asserts="0">
                    <output><![CDATA[ReSharper LogPath is: C:\Users\berej\AppData\Local\Temp\JetLogs\ReSharperTests\resharper.log
Per-Test LogPath is: C:\Users\berej\AppData\Local\Temp\JetLogs\ReSharperTests\CSharpResolveTest\Nested module 01.log

]]></output>
                  </test-case>
                  <test-case name="Operators - Math 01 - Addition" fullname="JetBrains.ReSharper.Plugins.FSharp.Tests.Features.CSharpResolveTest.Operators - Math 01 - Addition" methodname="Operators - Math 01 - Addition" classname="CSharpResolveTest" result="Passed" duration="0.382" asserts="0">
                    <output><![CDATA[ReSharper LogPath is: C:\Users\berej\AppData\Local\Temp\JetLogs\ReSharperTests\resharper.log
Per-Test LogPath is: C:\Users\berej\AppData\Local\Temp\JetLogs\ReSharperTests\CSharpResolveTest\Operators - Math 01 - Addition.log

]]></output>
                  </test-case>
                  <test-case name="Operators - Math 02 - Subtraction" fullname="JetBrains.ReSharper.Plugins.FSharp.Tests.Features.CSharpResolveTest.Operators - Math 02 - Subtraction" methodname="Operators - Math 02 - Subtraction" classname="CSharpResolveTest" result="Passed" duration="0.162" asserts="0">
                    <output><![CDATA[ReSharper LogPath is: C:\Users\berej\AppData\Local\Temp\JetLogs\ReSharperTests\resharper.log
Per-Test LogPath is: C:\Users\berej\AppData\Local\Temp\JetLogs\ReSharperTests\CSharpResolveTest\Operators - Math 02 - Subtraction.log

]]></output>
                  </test-case>
                  <test-case name="Operators - Math 03 - Multiplication" fullname="JetBrains.ReSharper.Plugins.FSharp.Tests.Features.CSharpResolveTest.Operators - Math 03 - Multiplication" methodname="Operators - Math 03 - Multiplication" classname="CSharpResolveTest" result="Passed" duration="0.142" asserts="0">
                    <output><![CDATA[ReSharper LogPath is: C:\Users\berej\AppData\Local\Temp\JetLogs\ReSharperTests\resharper.log
Per-Test LogPath is: C:\Users\berej\AppData\Local\Temp\JetLogs\ReSharperTests\CSharpResolveTest\Operators - Math 03 - Multiplication.log

]]></output>
                  </test-case>
                  <test-case name="Operators - Math 04 - Division" fullname="JetBrains.ReSharper.Plugins.FSharp.Tests.Features.CSharpResolveTest.Operators - Math 04 - Division" methodname="Operators - Math 04 - Division" classname="CSharpResolveTest" result="Passed" duration="0.178" asserts="0">
                    <output><![CDATA[ReSharper LogPath is: C:\Users\berej\AppData\Local\Temp\JetLogs\ReSharperTests\resharper.log
Per-Test LogPath is: C:\Users\berej\AppData\Local\Temp\JetLogs\ReSharperTests\CSharpResolveTest\Operators - Math 04 - Division.log

]]></output>
                  </test-case>
                  <test-case name="Operators 01 - Module" fullname="JetBrains.ReSharper.Plugins.FSharp.Tests.Features.CSharpResolveTest.Operators 01 - Module" methodname="Operators 01 - Module" classname="CSharpResolveTest" result="Passed" duration="0.1" asserts="0">
                    <output><![CDATA[ReSharper LogPath is: C:\Users\berej\AppData\Local\Temp\JetLogs\ReSharperTests\resharper.log
Per-Test LogPath is: C:\Users\berej\AppData\Local\Temp\JetLogs\ReSharperTests\CSharpResolveTest\Operators 01 - Module.log

]]></output>
                  </test-case>
                  <test-case name="Operators 02 - Type" fullname="JetBrains.ReSharper.Plugins.FSharp.Tests.Features.CSharpResolveTest.Operators 02 - Type" methodname="Operators 02 - Type" classname="CSharpResolveTest" result="Passed" duration="0.11" asserts="0">
                    <output><![CDATA[ReSharper LogPath is: C:\Users\berej\AppData\Local\Temp\JetLogs\ReSharperTests\resharper.log
Per-Test LogPath is: C:\Users\berej\AppData\Local\Temp\JetLogs\ReSharperTests\CSharpResolveTest\Operators 02 - Type.log

]]></output>
                  </test-case>
                  <test-case name="Operators 03 - Greater, Less" fullname="JetBrains.ReSharper.Plugins.FSharp.Tests.Features.CSharpResolveTest.Operators 03 - Greater, Less" methodname="Operators 03 - Greater, Less" classname="CSharpResolveTest" result="Passed" duration="0.147" asserts="0">
                    <output><![CDATA[ReSharper LogPath is: C:\Users\berej\AppData\Local\Temp\JetLogs\ReSharperTests\resharper.log
Per-Test LogPath is: C:\Users\berej\AppData\Local\Temp\JetLogs\ReSharperTests\CSharpResolveTest\Operators 03 - Greater, Less.log

]]></output>
                  </test-case>
                  <test-case name="Operators 04 - Implicit, Explicit" fullname="JetBrains.ReSharper.Plugins.FSharp.Tests.Features.CSharpResolveTest.Operators 04 - Implicit, Explicit" methodname="Operators 04 - Implicit, Explicit" classname="CSharpResolveTest" result="Passed" duration="0.12" asserts="0">
                    <output><![CDATA[ReSharper LogPath is: C:\Users\berej\AppData\Local\Temp\JetLogs\ReSharperTests\resharper.log
Per-Test LogPath is: C:\Users\berej\AppData\Local\Temp\JetLogs\ReSharperTests\CSharpResolveTest\Operators 04 - Implicit, Explicit.log

]]></output>
                  </test-case>
                  <test-case name="Operators 05 - Equals" fullname="JetBrains.ReSharper.Plugins.FSharp.Tests.Features.CSharpResolveTest.Operators 05 - Equals" methodname="Operators 05 - Equals" classname="CSharpResolveTest" result="Passed" duration="0.117" asserts="0">
                    <output><![CDATA[ReSharper LogPath is: C:\Users\berej\AppData\Local\Temp\JetLogs\ReSharperTests\resharper.log
Per-Test LogPath is: C:\Users\berej\AppData\Local\Temp\JetLogs\ReSharperTests\CSharpResolveTest\Operators 05 - Equals.log

]]></output>
                  </test-case>
                  <test-case name="Properties 01" fullname="JetBrains.ReSharper.Plugins.FSharp.Tests.Features.CSharpResolveTest.Properties 01" methodname="Properties 01" classname="CSharpResolveTest" result="Passed" duration="0.092" asserts="0">
                    <output><![CDATA[ReSharper LogPath is: C:\Users\berej\AppData\Local\Temp\JetLogs\ReSharperTests\resharper.log
Per-Test LogPath is: C:\Users\berej\AppData\Local\Temp\JetLogs\ReSharperTests\CSharpResolveTest\Properties 01.log

]]></output>
                  </test-case>
                  <test-case name="Properties 02 - Function type" fullname="JetBrains.ReSharper.Plugins.FSharp.Tests.Features.CSharpResolveTest.Properties 02 - Function type" methodname="Properties 02 - Function type" classname="CSharpResolveTest" result="Passed" duration="0.068" asserts="0">
                    <output><![CDATA[ReSharper LogPath is: C:\Users\berej\AppData\Local\Temp\JetLogs\ReSharperTests\resharper.log
Per-Test LogPath is: C:\Users\berej\AppData\Local\Temp\JetLogs\ReSharperTests\CSharpResolveTest\Properties 02 - Function type.log

]]></output>
                  </test-case>
                  <test-case name="Properties 03 - Auto with setter" fullname="JetBrains.ReSharper.Plugins.FSharp.Tests.Features.CSharpResolveTest.Properties 03 - Auto with setter" methodname="Properties 03 - Auto with setter" classname="CSharpResolveTest" result="Passed" duration="0.095" asserts="0">
                    <output><![CDATA[ReSharper LogPath is: C:\Users\berej\AppData\Local\Temp\JetLogs\ReSharperTests\resharper.log
Per-Test LogPath is: C:\Users\berej\AppData\Local\Temp\JetLogs\ReSharperTests\CSharpResolveTest\Properties 03 - Auto with setter.log

]]></output>
                  </test-case>
                  <test-case name="Properties 04 - With setter" fullname="JetBrains.ReSharper.Plugins.FSharp.Tests.Features.CSharpResolveTest.Properties 04 - With setter" methodname="Properties 04 - With setter" classname="CSharpResolveTest" result="Passed" duration="0.079" asserts="0">
                    <output><![CDATA[ReSharper LogPath is: C:\Users\berej\AppData\Local\Temp\JetLogs\ReSharperTests\resharper.log
Per-Test LogPath is: C:\Users\berej\AppData\Local\Temp\JetLogs\ReSharperTests\CSharpResolveTest\Properties 04 - With setter.log

]]></output>
                  </test-case>
                  <test-case name="Records 01 - Generated members" fullname="JetBrains.ReSharper.Plugins.FSharp.Tests.Features.CSharpResolveTest.Records 01 - Generated members" methodname="Records 01 - Generated members" classname="CSharpResolveTest" result="Passed" duration="0.201" asserts="0">
                    <output><![CDATA[ReSharper LogPath is: C:\Users\berej\AppData\Local\Temp\JetLogs\ReSharperTests\resharper.log
Per-Test LogPath is: C:\Users\berej\AppData\Local\Temp\JetLogs\ReSharperTests\CSharpResolveTest\Records 01 - Generated members.log

]]></output>
                  </test-case>
                  <test-case name="Records 02 - CliMutable" fullname="JetBrains.ReSharper.Plugins.FSharp.Tests.Features.CSharpResolveTest.Records 02 - CliMutable" methodname="Records 02 - CliMutable" classname="CSharpResolveTest" result="Passed" duration="0.193" asserts="0">
                    <output><![CDATA[ReSharper LogPath is: C:\Users\berej\AppData\Local\Temp\JetLogs\ReSharperTests\resharper.log
Per-Test LogPath is: C:\Users\berej\AppData\Local\Temp\JetLogs\ReSharperTests\CSharpResolveTest\Records 02 - CliMutable.log

]]></output>
                  </test-case>
                  <test-case name="Records 03 - Override generated members" fullname="JetBrains.ReSharper.Plugins.FSharp.Tests.Features.CSharpResolveTest.Records 03 - Override generated members" methodname="Records 03 - Override generated members" classname="CSharpResolveTest" result="Passed" duration="0.291" asserts="0">
                    <output><![CDATA[ReSharper LogPath is: C:\Users\berej\AppData\Local\Temp\JetLogs\ReSharperTests\resharper.log
Per-Test LogPath is: C:\Users\berej\AppData\Local\Temp\JetLogs\ReSharperTests\CSharpResolveTest\Records 03 - Override generated members.log

]]></output>
                  </test-case>
                  <test-case name="Records 04 - Sealed" fullname="JetBrains.ReSharper.Plugins.FSharp.Tests.Features.CSharpResolveTest.Records 04 - Sealed" methodname="Records 04 - Sealed" classname="CSharpResolveTest" result="Passed" duration="0.075" asserts="0">
                    <output><![CDATA[ReSharper LogPath is: C:\Users\berej\AppData\Local\Temp\JetLogs\ReSharperTests\resharper.log
Per-Test LogPath is: C:\Users\berej\AppData\Local\Temp\JetLogs\ReSharperTests\CSharpResolveTest\Records 04 - Sealed.log

]]></output>
                  </test-case>
                  <test-case name="Records 05 - Struct" fullname="JetBrains.ReSharper.Plugins.FSharp.Tests.Features.CSharpResolveTest.Records 05 - Struct" methodname="Records 05 - Struct" classname="CSharpResolveTest" result="Passed" duration="0.183" asserts="0">
                    <output><![CDATA[ReSharper LogPath is: C:\Users\berej\AppData\Local\Temp\JetLogs\ReSharperTests\resharper.log
Per-Test LogPath is: C:\Users\berej\AppData\Local\Temp\JetLogs\ReSharperTests\CSharpResolveTest\Records 05 - Struct.log

]]></output>
                  </test-case>
                  <test-case name="Records 06 - Struct CliMutable" fullname="JetBrains.ReSharper.Plugins.FSharp.Tests.Features.CSharpResolveTest.Records 06 - Struct CliMutable" methodname="Records 06 - Struct CliMutable" classname="CSharpResolveTest" result="Passed" duration="0.122" asserts="0">
                    <output><![CDATA[ReSharper LogPath is: C:\Users\berej\AppData\Local\Temp\JetLogs\ReSharperTests\resharper.log
Per-Test LogPath is: C:\Users\berej\AppData\Local\Temp\JetLogs\ReSharperTests\CSharpResolveTest\Records 06 - Struct CliMutable.log

]]></output>
                  </test-case>
                  <test-case name="Records 07 - Field compiled name ignored" fullname="JetBrains.ReSharper.Plugins.FSharp.Tests.Features.CSharpResolveTest.Records 07 - Field compiled name ignored" methodname="Records 07 - Field compiled name ignored" classname="CSharpResolveTest" result="Passed" duration="0.086" asserts="0">
                    <output><![CDATA[ReSharper LogPath is: C:\Users\berej\AppData\Local\Temp\JetLogs\ReSharperTests\resharper.log
Per-Test LogPath is: C:\Users\berej\AppData\Local\Temp\JetLogs\ReSharperTests\CSharpResolveTest\Records 07 - Field compiled name ignored.log

]]></output>
                  </test-case>
                  <test-case name="Records 08 - Interfaces" fullname="JetBrains.ReSharper.Plugins.FSharp.Tests.Features.CSharpResolveTest.Records 08 - Interfaces" methodname="Records 08 - Interfaces" classname="CSharpResolveTest" result="Passed" duration="0.081" asserts="0">
                    <output><![CDATA[ReSharper LogPath is: C:\Users\berej\AppData\Local\Temp\JetLogs\ReSharperTests\resharper.log
Per-Test LogPath is: C:\Users\berej\AppData\Local\Temp\JetLogs\ReSharperTests\CSharpResolveTest\Records 08 - Interfaces.log

]]></output>
                  </test-case>
                  <test-case name="Records 09 - Private representation" fullname="JetBrains.ReSharper.Plugins.FSharp.Tests.Features.CSharpResolveTest.Records 09 - Private representation" methodname="Records 09 - Private representation" classname="CSharpResolveTest" result="Passed" duration="0.085" asserts="0">
                    <output><![CDATA[ReSharper LogPath is: C:\Users\berej\AppData\Local\Temp\JetLogs\ReSharperTests\resharper.log
Per-Test LogPath is: C:\Users\berej\AppData\Local\Temp\JetLogs\ReSharperTests\CSharpResolveTest\Records 09 - Private representation.log

]]></output>
                  </test-case>
                  <test-case name="Simple types 01 - Members" fullname="JetBrains.ReSharper.Plugins.FSharp.Tests.Features.CSharpResolveTest.Simple types 01 - Members" methodname="Simple types 01 - Members" classname="CSharpResolveTest" result="Passed" duration="0.782" asserts="0">
                    <output><![CDATA[ReSharper LogPath is: C:\Users\berej\AppData\Local\Temp\JetLogs\ReSharperTests\resharper.log
Per-Test LogPath is: C:\Users\berej\AppData\Local\Temp\JetLogs\ReSharperTests\CSharpResolveTest\Simple types 01 - Members.log

]]></output>
                  </test-case>
                  <test-case name="Type Extension 01" fullname="JetBrains.ReSharper.Plugins.FSharp.Tests.Features.CSharpResolveTest.Type Extension 01" methodname="Type Extension 01" classname="CSharpResolveTest" result="Passed" duration="0.075" asserts="0">
                    <output><![CDATA[ReSharper LogPath is: C:\Users\berej\AppData\Local\Temp\JetLogs\ReSharperTests\resharper.log
Per-Test LogPath is: C:\Users\berej\AppData\Local\Temp\JetLogs\ReSharperTests\CSharpResolveTest\Type Extension 01.log

]]></output>
                  </test-case>
                  <test-case name="Type Extension 02 - Struct" fullname="JetBrains.ReSharper.Plugins.FSharp.Tests.Features.CSharpResolveTest.Type Extension 02 - Struct" methodname="Type Extension 02 - Struct" classname="CSharpResolveTest" result="Passed" duration="0.085" asserts="0">
                    <output><![CDATA[ReSharper LogPath is: C:\Users\berej\AppData\Local\Temp\JetLogs\ReSharperTests\resharper.log
Per-Test LogPath is: C:\Users\berej\AppData\Local\Temp\JetLogs\ReSharperTests\CSharpResolveTest\Type Extension 02 - Struct.log

]]></output>
                  </test-case>
                  <test-case name="Type Extension 03 - Struct record" fullname="JetBrains.ReSharper.Plugins.FSharp.Tests.Features.CSharpResolveTest.Type Extension 03 - Struct record" methodname="Type Extension 03 - Struct record" classname="CSharpResolveTest" result="Passed" duration="0.087" asserts="0">
                    <output><![CDATA[ReSharper LogPath is: C:\Users\berej\AppData\Local\Temp\JetLogs\ReSharperTests\resharper.log
Per-Test LogPath is: C:\Users\berej\AppData\Local\Temp\JetLogs\ReSharperTests\CSharpResolveTest\Type Extension 03 - Struct record.log

]]></output>
                  </test-case>
                  <test-case name="Type Extension 04 - Struct union" fullname="JetBrains.ReSharper.Plugins.FSharp.Tests.Features.CSharpResolveTest.Type Extension 04 - Struct union" methodname="Type Extension 04 - Struct union" classname="CSharpResolveTest" result="Passed" duration="0.095" asserts="0">
                    <output><![CDATA[ReSharper LogPath is: C:\Users\berej\AppData\Local\Temp\JetLogs\ReSharperTests\resharper.log
Per-Test LogPath is: C:\Users\berej\AppData\Local\Temp\JetLogs\ReSharperTests\CSharpResolveTest\Type Extension 04 - Struct union.log

]]></output>
                  </test-case>
                  <test-case name="Type Extension 05 - Interface" fullname="JetBrains.ReSharper.Plugins.FSharp.Tests.Features.CSharpResolveTest.Type Extension 05 - Interface" methodname="Type Extension 05 - Interface" classname="CSharpResolveTest" result="Passed" duration="0.092" asserts="0">
                    <output><![CDATA[ReSharper LogPath is: C:\Users\berej\AppData\Local\Temp\JetLogs\ReSharperTests\resharper.log
Per-Test LogPath is: C:\Users\berej\AppData\Local\Temp\JetLogs\ReSharperTests\CSharpResolveTest\Type Extension 05 - Interface.log

]]></output>
                  </test-case>
                  <test-case name="Type Extension 06 - Enum" fullname="JetBrains.ReSharper.Plugins.FSharp.Tests.Features.CSharpResolveTest.Type Extension 06 - Enum" methodname="Type Extension 06 - Enum" classname="CSharpResolveTest" result="Passed" duration="0.056" asserts="0">
                    <output><![CDATA[ReSharper LogPath is: C:\Users\berej\AppData\Local\Temp\JetLogs\ReSharperTests\resharper.log
Per-Test LogPath is: C:\Users\berej\AppData\Local\Temp\JetLogs\ReSharperTests\CSharpResolveTest\Type Extension 06 - Enum.log

]]></output>
                  </test-case>
                  <test-case name="Type Extension 07 - Different parameters count" fullname="JetBrains.ReSharper.Plugins.FSharp.Tests.Features.CSharpResolveTest.Type Extension 07 - Different parameters count" methodname="Type Extension 07 - Different parameters count" classname="CSharpResolveTest" result="Passed" duration="0.067" asserts="0">
                    <output><![CDATA[ReSharper LogPath is: C:\Users\berej\AppData\Local\Temp\JetLogs\ReSharperTests\resharper.log
Per-Test LogPath is: C:\Users\berej\AppData\Local\Temp\JetLogs\ReSharperTests\CSharpResolveTest\Type Extension 07 - Different parameters count.log

]]></output>
                  </test-case>
                  <test-case name="Type Extension 08 - Multiple extensions" fullname="JetBrains.ReSharper.Plugins.FSharp.Tests.Features.CSharpResolveTest.Type Extension 08 - Multiple extensions" methodname="Type Extension 08 - Multiple extensions" classname="CSharpResolveTest" result="Passed" duration="0.105" asserts="0">
                    <output><![CDATA[ReSharper LogPath is: C:\Users\berej\AppData\Local\Temp\JetLogs\ReSharperTests\resharper.log
Per-Test LogPath is: C:\Users\berej\AppData\Local\Temp\JetLogs\ReSharperTests\CSharpResolveTest\Type Extension 08 - Multiple extensions.log

]]></output>
                  </test-case>
                  <test-case name="Type Extension 09 - In namespace" fullname="JetBrains.ReSharper.Plugins.FSharp.Tests.Features.CSharpResolveTest.Type Extension 09 - In namespace" methodname="Type Extension 09 - In namespace" classname="CSharpResolveTest" result="Passed" duration="0.084" asserts="0">
                    <output><![CDATA[ReSharper LogPath is: C:\Users\berej\AppData\Local\Temp\JetLogs\ReSharperTests\resharper.log
Per-Test LogPath is: C:\Users\berej\AppData\Local\Temp\JetLogs\ReSharperTests\CSharpResolveTest\Type Extension 09 - In namespace.log

]]></output>
                  </test-case>
                  <test-case name="Type Extension 10 - Compiled name" fullname="JetBrains.ReSharper.Plugins.FSharp.Tests.Features.CSharpResolveTest.Type Extension 10 - Compiled name" methodname="Type Extension 10 - Compiled name" classname="CSharpResolveTest" result="Passed" duration="0.08" asserts="0">
                    <output><![CDATA[ReSharper LogPath is: C:\Users\berej\AppData\Local\Temp\JetLogs\ReSharperTests\resharper.log
Per-Test LogPath is: C:\Users\berej\AppData\Local\Temp\JetLogs\ReSharperTests\CSharpResolveTest\Type Extension 10 - Compiled name.log

]]></output>
                  </test-case>
                  <test-case name="Type Extension 11 - Struct compiled name" fullname="JetBrains.ReSharper.Plugins.FSharp.Tests.Features.CSharpResolveTest.Type Extension 11 - Struct compiled name" methodname="Type Extension 11 - Struct compiled name" classname="CSharpResolveTest" result="Passed" duration="0.073" asserts="0">
                    <output><![CDATA[ReSharper LogPath is: C:\Users\berej\AppData\Local\Temp\JetLogs\ReSharperTests\resharper.log
Per-Test LogPath is: C:\Users\berej\AppData\Local\Temp\JetLogs\ReSharperTests\CSharpResolveTest\Type Extension 11 - Struct compiled name.log

]]></output>
                  </test-case>
                  <test-case name="Type Extension 12 - Optional extension" fullname="JetBrains.ReSharper.Plugins.FSharp.Tests.Features.CSharpResolveTest.Type Extension 12 - Optional extension" methodname="Type Extension 12 - Optional extension" classname="CSharpResolveTest" result="Passed" duration="0.088" asserts="0">
                    <output><![CDATA[ReSharper LogPath is: C:\Users\berej\AppData\Local\Temp\JetLogs\ReSharperTests\resharper.log
Per-Test LogPath is: C:\Users\berej\AppData\Local\Temp\JetLogs\ReSharperTests\CSharpResolveTest\Type Extension 12 - Optional extension.log

]]></output>
                  </test-case>
                  <test-case name="Type Extension 13 - C# extension 01" fullname="JetBrains.ReSharper.Plugins.FSharp.Tests.Features.CSharpResolveTest.Type Extension 13 - C# extension 01" methodname="Type Extension 13 - C# extension 01" classname="CSharpResolveTest" result="Passed" duration="0.117" asserts="0">
                    <output><![CDATA[ReSharper LogPath is: C:\Users\berej\AppData\Local\Temp\JetLogs\ReSharperTests\resharper.log
Per-Test LogPath is: C:\Users\berej\AppData\Local\Temp\JetLogs\ReSharperTests\CSharpResolveTest\Type Extension 13 - C# extension 01.log

]]></output>
                  </test-case>
                  <test-case name="Type Extension 14 - C# extension 02" fullname="JetBrains.ReSharper.Plugins.FSharp.Tests.Features.CSharpResolveTest.Type Extension 14 - C# extension 02" methodname="Type Extension 14 - C# extension 02" classname="CSharpResolveTest" result="Passed" duration="0.105" asserts="0">
                    <output><![CDATA[ReSharper LogPath is: C:\Users\berej\AppData\Local\Temp\JetLogs\ReSharperTests\resharper.log
Per-Test LogPath is: C:\Users\berej\AppData\Local\Temp\JetLogs\ReSharperTests\CSharpResolveTest\Type Extension 14 - C# extension 02.log

]]></output>
                  </test-case>
                  <test-case name="Type Extension 15 - Compiled name" fullname="JetBrains.ReSharper.Plugins.FSharp.Tests.Features.CSharpResolveTest.Type Extension 15 - Compiled name" methodname="Type Extension 15 - Compiled name" classname="CSharpResolveTest" result="Passed" duration="0.15" asserts="0">
                    <output><![CDATA[ReSharper LogPath is: C:\Users\berej\AppData\Local\Temp\JetLogs\ReSharperTests\resharper.log
Per-Test LogPath is: C:\Users\berej\AppData\Local\Temp\JetLogs\ReSharperTests\CSharpResolveTest\Type Extension 15 - Compiled name.log

]]></output>
                  </test-case>
                  <test-case name="Type Extension 16 - Compiled name - Static" fullname="JetBrains.ReSharper.Plugins.FSharp.Tests.Features.CSharpResolveTest.Type Extension 16 - Compiled name - Static" methodname="Type Extension 16 - Compiled name - Static" classname="CSharpResolveTest" result="Passed" duration="0.146" asserts="0">
                    <output><![CDATA[ReSharper LogPath is: C:\Users\berej\AppData\Local\Temp\JetLogs\ReSharperTests\resharper.log
Per-Test LogPath is: C:\Users\berej\AppData\Local\Temp\JetLogs\ReSharperTests\CSharpResolveTest\Type Extension 16 - Compiled name - Static.log

]]></output>
                  </test-case>
                  <test-case name="Unions 01 - Simple generated members" fullname="JetBrains.ReSharper.Plugins.FSharp.Tests.Features.CSharpResolveTest.Unions 01 - Simple generated members" methodname="Unions 01 - Simple generated members" classname="CSharpResolveTest" result="Passed" duration="0.087" asserts="0">
                    <output><![CDATA[ReSharper LogPath is: C:\Users\berej\AppData\Local\Temp\JetLogs\ReSharperTests\resharper.log
Per-Test LogPath is: C:\Users\berej\AppData\Local\Temp\JetLogs\ReSharperTests\CSharpResolveTest\Unions 01 - Simple generated members.log

]]></output>
                  </test-case>
                  <test-case name="Unions 02 - Singletons" fullname="JetBrains.ReSharper.Plugins.FSharp.Tests.Features.CSharpResolveTest.Unions 02 - Singletons" methodname="Unions 02 - Singletons" classname="CSharpResolveTest" result="Passed" duration="0.078" asserts="0">
                    <output><![CDATA[ReSharper LogPath is: C:\Users\berej\AppData\Local\Temp\JetLogs\ReSharperTests\resharper.log
Per-Test LogPath is: C:\Users\berej\AppData\Local\Temp\JetLogs\ReSharperTests\CSharpResolveTest\Unions 02 - Singletons.log

]]></output>
                  </test-case>
                  <test-case name="Unions 03 - Nested types" fullname="JetBrains.ReSharper.Plugins.FSharp.Tests.Features.CSharpResolveTest.Unions 03 - Nested types" methodname="Unions 03 - Nested types" classname="CSharpResolveTest" result="Passed" duration="0.181" asserts="0">
                    <output><![CDATA[ReSharper LogPath is: C:\Users\berej\AppData\Local\Temp\JetLogs\ReSharperTests\resharper.log
Per-Test LogPath is: C:\Users\berej\AppData\Local\Temp\JetLogs\ReSharperTests\CSharpResolveTest\Unions 03 - Nested types.log

]]></output>
                  </test-case>
                  <test-case name="Unions 04 - Single case with fields" fullname="JetBrains.ReSharper.Plugins.FSharp.Tests.Features.CSharpResolveTest.Unions 04 - Single case with fields" methodname="Unions 04 - Single case with fields" classname="CSharpResolveTest" result="Passed" duration="0.1" asserts="0">
                    <output><![CDATA[ReSharper LogPath is: C:\Users\berej\AppData\Local\Temp\JetLogs\ReSharperTests\resharper.log
Per-Test LogPath is: C:\Users\berej\AppData\Local\Temp\JetLogs\ReSharperTests\CSharpResolveTest\Unions 04 - Single case with fields.log

]]></output>
                  </test-case>
                  <test-case name="Unions 05 - Struct single case with fields" fullname="JetBrains.ReSharper.Plugins.FSharp.Tests.Features.CSharpResolveTest.Unions 05 - Struct single case with fields" methodname="Unions 05 - Struct single case with fields" classname="CSharpResolveTest" result="Passed" duration="0.106" asserts="0">
                    <output><![CDATA[ReSharper LogPath is: C:\Users\berej\AppData\Local\Temp\JetLogs\ReSharperTests\resharper.log
Per-Test LogPath is: C:\Users\berej\AppData\Local\Temp\JetLogs\ReSharperTests\CSharpResolveTest\Unions 05 - Struct single case with fields.log

]]></output>
                  </test-case>
                  <test-case name="Unions 06 - Struct nested types" fullname="JetBrains.ReSharper.Plugins.FSharp.Tests.Features.CSharpResolveTest.Unions 06 - Struct nested types" methodname="Unions 06 - Struct nested types" classname="CSharpResolveTest" result="Passed" duration="0.244" asserts="0">
                    <output><![CDATA[ReSharper LogPath is: C:\Users\berej\AppData\Local\Temp\JetLogs\ReSharperTests\resharper.log
Per-Test LogPath is: C:\Users\berej\AppData\Local\Temp\JetLogs\ReSharperTests\CSharpResolveTest\Unions 06 - Struct nested types.log

]]></output>
                  </test-case>
                  <test-case name="Unions 07 - Private representation 01, singletons" fullname="JetBrains.ReSharper.Plugins.FSharp.Tests.Features.CSharpResolveTest.Unions 07 - Private representation 01, singletons" methodname="Unions 07 - Private representation 01, singletons" classname="CSharpResolveTest" result="Passed" duration="0.088" asserts="0">
                    <output><![CDATA[ReSharper LogPath is: C:\Users\berej\AppData\Local\Temp\JetLogs\ReSharperTests\resharper.log
Per-Test LogPath is: C:\Users\berej\AppData\Local\Temp\JetLogs\ReSharperTests\CSharpResolveTest\Unions 07 - Private representation 01, singletons.log

]]></output>
                  </test-case>
                  <test-case name="Unions 08 - Private representation 02, nested types" fullname="JetBrains.ReSharper.Plugins.FSharp.Tests.Features.CSharpResolveTest.Unions 08 - Private representation 02, nested types" methodname="Unions 08 - Private representation 02, nested types" classname="CSharpResolveTest" result="Passed" duration="0.172" asserts="0">
                    <output><![CDATA[ReSharper LogPath is: C:\Users\berej\AppData\Local\Temp\JetLogs\ReSharperTests\resharper.log
Per-Test LogPath is: C:\Users\berej\AppData\Local\Temp\JetLogs\ReSharperTests\CSharpResolveTest\Unions 08 - Private representation 02, nested types.log

]]></output>
                  </test-case>
                  <test-case name="Unions 09 - Private representation 03, struct" fullname="JetBrains.ReSharper.Plugins.FSharp.Tests.Features.CSharpResolveTest.Unions 09 - Private representation 03, struct" methodname="Unions 09 - Private representation 03, struct" classname="CSharpResolveTest" result="Passed" duration="0.22" asserts="0">
                    <output><![CDATA[ReSharper LogPath is: C:\Users\berej\AppData\Local\Temp\JetLogs\ReSharperTests\resharper.log
Per-Test LogPath is: C:\Users\berej\AppData\Local\Temp\JetLogs\ReSharperTests\CSharpResolveTest\Unions 09 - Private representation 03, struct.log

]]></output>
                  </test-case>
                  <test-case name="Unions 10 - Case compiled name ignored" fullname="JetBrains.ReSharper.Plugins.FSharp.Tests.Features.CSharpResolveTest.Unions 10 - Case compiled name ignored" methodname="Unions 10 - Case compiled name ignored" classname="CSharpResolveTest" result="Passed" duration="0.072" asserts="0">
                    <output><![CDATA[ReSharper LogPath is: C:\Users\berej\AppData\Local\Temp\JetLogs\ReSharperTests\resharper.log
Per-Test LogPath is: C:\Users\berej\AppData\Local\Temp\JetLogs\ReSharperTests\CSharpResolveTest\Unions 10 - Case compiled name ignored.log

]]></output>
                  </test-case>
                  <test-case name="Unions 11 - Empty single case" fullname="JetBrains.ReSharper.Plugins.FSharp.Tests.Features.CSharpResolveTest.Unions 11 - Empty single case" methodname="Unions 11 - Empty single case" classname="CSharpResolveTest" result="Passed" duration="0.098" asserts="0">
                    <output><![CDATA[ReSharper LogPath is: C:\Users\berej\AppData\Local\Temp\JetLogs\ReSharperTests\resharper.log
Per-Test LogPath is: C:\Users\berej\AppData\Local\Temp\JetLogs\ReSharperTests\CSharpResolveTest\Unions 11 - Empty single case.log

]]></output>
                  </test-case>
                  <test-case name="Unions 12 - Empty single case - Struct" fullname="JetBrains.ReSharper.Plugins.FSharp.Tests.Features.CSharpResolveTest.Unions 12 - Empty single case - Struct" methodname="Unions 12 - Empty single case - Struct" classname="CSharpResolveTest" result="Passed" duration="0.088" asserts="0">
                    <output><![CDATA[ReSharper LogPath is: C:\Users\berej\AppData\Local\Temp\JetLogs\ReSharperTests\resharper.log
Per-Test LogPath is: C:\Users\berej\AppData\Local\Temp\JetLogs\ReSharperTests\CSharpResolveTest\Unions 12 - Empty single case - Struct.log

]]></output>
                  </test-case>
                  <test-case name="Unions 13 - Empty single case - Members" fullname="JetBrains.ReSharper.Plugins.FSharp.Tests.Features.CSharpResolveTest.Unions 13 - Empty single case - Members" methodname="Unions 13 - Empty single case - Members" classname="CSharpResolveTest" result="Passed" duration="0.097" asserts="0">
                    <output><![CDATA[ReSharper LogPath is: C:\Users\berej\AppData\Local\Temp\JetLogs\ReSharperTests\resharper.log
Per-Test LogPath is: C:\Users\berej\AppData\Local\Temp\JetLogs\ReSharperTests\CSharpResolveTest\Unions 13 - Empty single case - Members.log

]]></output>
                  </test-case>
                  <test-case name="Val fields 01" fullname="JetBrains.ReSharper.Plugins.FSharp.Tests.Features.CSharpResolveTest.Val fields 01" methodname="Val fields 01" classname="CSharpResolveTest" result="Passed" duration="0.075" asserts="0">
                    <output><![CDATA[ReSharper LogPath is: C:\Users\berej\AppData\Local\Temp\JetLogs\ReSharperTests\resharper.log
Per-Test LogPath is: C:\Users\berej\AppData\Local\Temp\JetLogs\ReSharperTests\CSharpResolveTest\Val fields 01.log

]]></output>
                  </test-case>
                  <test-case name="Val fields 02, compiled name ignored" fullname="JetBrains.ReSharper.Plugins.FSharp.Tests.Features.CSharpResolveTest.Val fields 02, compiled name ignored" methodname="Val fields 02, compiled name ignored" classname="CSharpResolveTest" result="Passed" duration="0.079" asserts="0">
                    <output><![CDATA[ReSharper LogPath is: C:\Users\berej\AppData\Local\Temp\JetLogs\ReSharperTests\resharper.log
Per-Test LogPath is: C:\Users\berej\AppData\Local\Temp\JetLogs\ReSharperTests\CSharpResolveTest\Val fields 02, compiled name ignored.log

]]></output>
                  </test-case>
                  <test-case name="Val fields 03, struct" fullname="JetBrains.ReSharper.Plugins.FSharp.Tests.Features.CSharpResolveTest.Val fields 03, struct" methodname="Val fields 03, struct" classname="CSharpResolveTest" result="Passed" duration="0.07" asserts="0">
                    <output><![CDATA[ReSharper LogPath is: C:\Users\berej\AppData\Local\Temp\JetLogs\ReSharperTests\resharper.log
Per-Test LogPath is: C:\Users\berej\AppData\Local\Temp\JetLogs\ReSharperTests\CSharpResolveTest\Val fields 03, struct.log

]]></output>
                  </test-case>
                </test-suite>
                <test-suite type="TestFixture" name="DelegatingFileSystemShimTest" fullname="JetBrains.ReSharper.Plugins.FSharp.Tests.Features.DelegatingFileSystemShimTest" total="2" passed="2" failed="0" inconclusive="0" skipped="0" result="Passed" duration="0.021">
                  <test-case name="Getting path request" fullname="JetBrains.ReSharper.Plugins.FSharp.Tests.Features.DelegatingFileSystemShimTest.Getting path request" methodname="Getting path request" classname="DelegatingFileSystemShimTest" result="Passed" duration="0.015" asserts="0">
                    <output><![CDATA[ReSharper LogPath is: C:\Users\berej\AppData\Local\Temp\JetLogs\ReSharperTests\resharper.log
Per-Test LogPath is: C:\Users\berej\AppData\Local\Temp\JetLogs\ReSharperTests\DelegatingFileSystemShimTest\Getting path request.log

]]></output>
                  </test-case>
                  <test-case name="Multiple shims" fullname="JetBrains.ReSharper.Plugins.FSharp.Tests.Features.DelegatingFileSystemShimTest.Multiple shims" methodname="Multiple shims" classname="DelegatingFileSystemShimTest" result="Passed" duration="0.006" asserts="0">
                    <output><![CDATA[ReSharper LogPath is: C:\Users\berej\AppData\Local\Temp\JetLogs\ReSharperTests\resharper.log
Per-Test LogPath is: C:\Users\berej\AppData\Local\Temp\JetLogs\ReSharperTests\DelegatingFileSystemShimTest\Multiple shims.log

]]></output>
                  </test-case>
                </test-suite>
                <test-suite type="TestFixture" name="ElifToIfTest" fullname="JetBrains.ReSharper.Plugins.FSharp.Tests.Features.ElifToIfTest" total="2" passed="2" failed="0" inconclusive="0" skipped="0" result="Passed" duration="0.115">
                  <test-case name="Simple 01" fullname="JetBrains.ReSharper.Plugins.FSharp.Tests.Features.ElifToIfTest.Simple 01" methodname="Simple 01" classname="ElifToIfTest" result="Passed" duration="0.084" asserts="0">
                    <output><![CDATA[ReSharper LogPath is: C:\Users\berej\AppData\Local\Temp\JetLogs\ReSharperTests\resharper.log
Per-Test LogPath is: C:\Users\berej\AppData\Local\Temp\JetLogs\ReSharperTests\ElifToIfTest\Simple 01.log

]]></output>
                  </test-case>
                  <test-case name="Simple 02 - No spaces" fullname="JetBrains.ReSharper.Plugins.FSharp.Tests.Features.ElifToIfTest.Simple 02 - No spaces" methodname="Simple 02 - No spaces" classname="ElifToIfTest" result="Passed" duration="0.031" asserts="0">
                    <output><![CDATA[ReSharper LogPath is: C:\Users\berej\AppData\Local\Temp\JetLogs\ReSharperTests\resharper.log
Per-Test LogPath is: C:\Users\berej\AppData\Local\Temp\JetLogs\ReSharperTests\ElifToIfTest\Simple 02 - No spaces.log

]]></output>
                  </test-case>
                </test-suite>
                <test-suite type="TestFixture" name="FindUsages+FSharpOccurenceKindTest" fullname="JetBrains.ReSharper.Plugins.FSharp.Tests.Features.FindUsages+FSharpOccurenceKindTest" total="48" passed="48" failed="0" inconclusive="0" skipped="0" result="Passed" duration="1.707">
                  <test-case name="Base Type - Object expressions 01 - Class" fullname="JetBrains.ReSharper.Plugins.FSharp.Tests.Features.FindUsages+FSharpOccurenceKindTest.Base Type - Object expressions 01 - Class" methodname="Base Type - Object expressions 01 - Class" classname="FindUsages+FSharpOccurenceKindTest" result="Passed" duration="0.091" asserts="0">
                    <properties>
                      <property name="Category" value="Navigation" />
                    </properties>
                    <output><![CDATA[ReSharper LogPath is: C:\Users\berej\AppData\Local\Temp\JetLogs\ReSharperTests\resharper.log
Per-Test LogPath is: C:\Users\berej\AppData\Local\Temp\JetLogs\ReSharperTests\FSharpOccurenceKindTest\Base Type - Object expressions 01 - Class.log

]]></output>
                  </test-case>
                  <test-case name="Base Type - Object expressions 02 - Interface" fullname="JetBrains.ReSharper.Plugins.FSharp.Tests.Features.FindUsages+FSharpOccurenceKindTest.Base Type - Object expressions 02 - Interface" methodname="Base Type - Object expressions 02 - Interface" classname="FindUsages+FSharpOccurenceKindTest" result="Passed" duration="0.034" asserts="0">
                    <properties>
                      <property name="Category" value="Navigation" />
                    </properties>
                    <output><![CDATA[ReSharper LogPath is: C:\Users\berej\AppData\Local\Temp\JetLogs\ReSharperTests\resharper.log
Per-Test LogPath is: C:\Users\berej\AppData\Local\Temp\JetLogs\ReSharperTests\FSharpOccurenceKindTest\Base Type - Object expressions 02 - Interface.log

]]></output>
                  </test-case>
                  <test-case name="Base Type - Object expressions 03 - Secondary interfaces" fullname="JetBrains.ReSharper.Plugins.FSharp.Tests.Features.FindUsages+FSharpOccurenceKindTest.Base Type - Object expressions 03 - Secondary interfaces" methodname="Base Type - Object expressions 03 - Secondary interfaces" classname="FindUsages+FSharpOccurenceKindTest" result="Passed" duration="0.033" asserts="0">
                    <properties>
                      <property name="Category" value="Navigation" />
                    </properties>
                    <output><![CDATA[ReSharper LogPath is: C:\Users\berej\AppData\Local\Temp\JetLogs\ReSharperTests\resharper.log
Per-Test LogPath is: C:\Users\berej\AppData\Local\Temp\JetLogs\ReSharperTests\FSharpOccurenceKindTest\Base Type - Object expressions 03 - Secondary interfaces.log

]]></output>
                  </test-case>
                  <test-case name="Base Type 01" fullname="JetBrains.ReSharper.Plugins.FSharp.Tests.Features.FindUsages+FSharpOccurenceKindTest.Base Type 01" methodname="Base Type 01" classname="FindUsages+FSharpOccurenceKindTest" result="Passed" duration="0.036" asserts="0">
                    <properties>
                      <property name="Category" value="Navigation" />
                    </properties>
                    <output><![CDATA[ReSharper LogPath is: C:\Users\berej\AppData\Local\Temp\JetLogs\ReSharperTests\resharper.log
Per-Test LogPath is: C:\Users\berej\AppData\Local\Temp\JetLogs\ReSharperTests\FSharpOccurenceKindTest\Base Type 01.log

]]></output>
                  </test-case>
                  <test-case name="Base Type 02" fullname="JetBrains.ReSharper.Plugins.FSharp.Tests.Features.FindUsages+FSharpOccurenceKindTest.Base Type 02" methodname="Base Type 02" classname="FindUsages+FSharpOccurenceKindTest" result="Passed" duration="0.028" asserts="0">
                    <properties>
                      <property name="Category" value="Navigation" />
                    </properties>
                    <output><![CDATA[ReSharper LogPath is: C:\Users\berej\AppData\Local\Temp\JetLogs\ReSharperTests\resharper.log
Per-Test LogPath is: C:\Users\berej\AppData\Local\Temp\JetLogs\ReSharperTests\FSharpOccurenceKindTest\Base Type 02.log

]]></output>
                  </test-case>
                  <test-case name="Base Type 03 - Interface" fullname="JetBrains.ReSharper.Plugins.FSharp.Tests.Features.FindUsages+FSharpOccurenceKindTest.Base Type 03 - Interface" methodname="Base Type 03 - Interface" classname="FindUsages+FSharpOccurenceKindTest" result="Passed" duration="0.033" asserts="0">
                    <properties>
                      <property name="Category" value="Navigation" />
                    </properties>
                    <output><![CDATA[ReSharper LogPath is: C:\Users\berej\AppData\Local\Temp\JetLogs\ReSharperTests\resharper.log
Per-Test LogPath is: C:\Users\berej\AppData\Local\Temp\JetLogs\ReSharperTests\FSharpOccurenceKindTest\Base Type 03 - Interface.log

]]></output>
                  </test-case>
                  <test-case name="Base Type 04 - Inherit arg" fullname="JetBrains.ReSharper.Plugins.FSharp.Tests.Features.FindUsages+FSharpOccurenceKindTest.Base Type 04 - Inherit arg" methodname="Base Type 04 - Inherit arg" classname="FindUsages+FSharpOccurenceKindTest" result="Passed" duration="0.044" asserts="0">
                    <properties>
                      <property name="Category" value="Navigation" />
                    </properties>
                    <output><![CDATA[ReSharper LogPath is: C:\Users\berej\AppData\Local\Temp\JetLogs\ReSharperTests\resharper.log
Per-Test LogPath is: C:\Users\berej\AppData\Local\Temp\JetLogs\ReSharperTests\FSharpOccurenceKindTest\Base Type 04 - Inherit arg.log

]]></output>
                  </test-case>
                  <test-case name="Exception - Fields 01" fullname="JetBrains.ReSharper.Plugins.FSharp.Tests.Features.FindUsages+FSharpOccurenceKindTest.Exception - Fields 01" methodname="Exception - Fields 01" classname="FindUsages+FSharpOccurenceKindTest" result="Passed" duration="0.032" asserts="0">
                    <properties>
                      <property name="Category" value="Navigation" />
                    </properties>
                    <output><![CDATA[ReSharper LogPath is: C:\Users\berej\AppData\Local\Temp\JetLogs\ReSharperTests\resharper.log
Per-Test LogPath is: C:\Users\berej\AppData\Local\Temp\JetLogs\ReSharperTests\FSharpOccurenceKindTest\Exception - Fields 01.log

]]></output>
                  </test-case>
                  <test-case name="Exception - Fields 02 - Type specification" fullname="JetBrains.ReSharper.Plugins.FSharp.Tests.Features.FindUsages+FSharpOccurenceKindTest.Exception - Fields 02 - Type specification" methodname="Exception - Fields 02 - Type specification" classname="FindUsages+FSharpOccurenceKindTest" result="Passed" duration="0.034" asserts="0">
                    <properties>
                      <property name="Category" value="Navigation" />
                    </properties>
                    <output><![CDATA[ReSharper LogPath is: C:\Users\berej\AppData\Local\Temp\JetLogs\ReSharperTests\resharper.log
Per-Test LogPath is: C:\Users\berej\AppData\Local\Temp\JetLogs\ReSharperTests\FSharpOccurenceKindTest\Exception - Fields 02 - Type specification.log

]]></output>
                  </test-case>
                  <test-case name="Exception - Fields 03 - Members" fullname="JetBrains.ReSharper.Plugins.FSharp.Tests.Features.FindUsages+FSharpOccurenceKindTest.Exception - Fields 03 - Members" methodname="Exception - Fields 03 - Members" classname="FindUsages+FSharpOccurenceKindTest" result="Passed" duration="0.031" asserts="0">
                    <properties>
                      <property name="Category" value="Navigation" />
                    </properties>
                    <output><![CDATA[ReSharper LogPath is: C:\Users\berej\AppData\Local\Temp\JetLogs\ReSharperTests\resharper.log
Per-Test LogPath is: C:\Users\berej\AppData\Local\Temp\JetLogs\ReSharperTests\FSharpOccurenceKindTest\Exception - Fields 03 - Members.log

]]></output>
                  </test-case>
                  <test-case name="Exception - Singleton 01" fullname="JetBrains.ReSharper.Plugins.FSharp.Tests.Features.FindUsages+FSharpOccurenceKindTest.Exception - Singleton 01" methodname="Exception - Singleton 01" classname="FindUsages+FSharpOccurenceKindTest" result="Passed" duration="0.036" asserts="0">
                    <properties>
                      <property name="Category" value="Navigation" />
                    </properties>
                    <output><![CDATA[ReSharper LogPath is: C:\Users\berej\AppData\Local\Temp\JetLogs\ReSharperTests\resharper.log
Per-Test LogPath is: C:\Users\berej\AppData\Local\Temp\JetLogs\ReSharperTests\FSharpOccurenceKindTest\Exception - Singleton 01.log

]]></output>
                  </test-case>
                  <test-case name="Exception - Singleton 02 - Type specification" fullname="JetBrains.ReSharper.Plugins.FSharp.Tests.Features.FindUsages+FSharpOccurenceKindTest.Exception - Singleton 02 - Type specification" methodname="Exception - Singleton 02 - Type specification" classname="FindUsages+FSharpOccurenceKindTest" result="Passed" duration="0.033" asserts="0">
                    <properties>
                      <property name="Category" value="Navigation" />
                    </properties>
                    <output><![CDATA[ReSharper LogPath is: C:\Users\berej\AppData\Local\Temp\JetLogs\ReSharperTests\resharper.log
Per-Test LogPath is: C:\Users\berej\AppData\Local\Temp\JetLogs\ReSharperTests\FSharpOccurenceKindTest\Exception - Singleton 02 - Type specification.log

]]></output>
                  </test-case>
                  <test-case name="Exception - Singleton 03 - Members" fullname="JetBrains.ReSharper.Plugins.FSharp.Tests.Features.FindUsages+FSharpOccurenceKindTest.Exception - Singleton 03 - Members" methodname="Exception - Singleton 03 - Members" classname="FindUsages+FSharpOccurenceKindTest" result="Passed" duration="0.029" asserts="0">
                    <properties>
                      <property name="Category" value="Navigation" />
                    </properties>
                    <output><![CDATA[ReSharper LogPath is: C:\Users\berej\AppData\Local\Temp\JetLogs\ReSharperTests\resharper.log
Per-Test LogPath is: C:\Users\berej\AppData\Local\Temp\JetLogs\ReSharperTests\FSharpOccurenceKindTest\Exception - Singleton 03 - Members.log

]]></output>
                  </test-case>
                  <test-case name="Field decl - Anon record 01" fullname="JetBrains.ReSharper.Plugins.FSharp.Tests.Features.FindUsages+FSharpOccurenceKindTest.Field decl - Anon record 01" methodname="Field decl - Anon record 01" classname="FindUsages+FSharpOccurenceKindTest" result="Passed" duration="0.044" asserts="0">
                    <properties>
                      <property name="Category" value="Navigation" />
                    </properties>
                    <output><![CDATA[ReSharper LogPath is: C:\Users\berej\AppData\Local\Temp\JetLogs\ReSharperTests\resharper.log
Per-Test LogPath is: C:\Users\berej\AppData\Local\Temp\JetLogs\ReSharperTests\FSharpOccurenceKindTest\Field decl - Anon record 01.log

]]></output>
                  </test-case>
                  <test-case name="Import 01" fullname="JetBrains.ReSharper.Plugins.FSharp.Tests.Features.FindUsages+FSharpOccurenceKindTest.Import 01" methodname="Import 01" classname="FindUsages+FSharpOccurenceKindTest" result="Passed" duration="0.03" asserts="0">
                    <properties>
                      <property name="Category" value="Navigation" />
                    </properties>
                    <output><![CDATA[ReSharper LogPath is: C:\Users\berej\AppData\Local\Temp\JetLogs\ReSharperTests\resharper.log
Per-Test LogPath is: C:\Users\berej\AppData\Local\Temp\JetLogs\ReSharperTests\FSharpOccurenceKindTest\Import 01.log

]]></output>
                  </test-case>
                  <test-case name="Members - Interface 01" fullname="JetBrains.ReSharper.Plugins.FSharp.Tests.Features.FindUsages+FSharpOccurenceKindTest.Members - Interface 01" methodname="Members - Interface 01" classname="FindUsages+FSharpOccurenceKindTest" result="Passed" duration="0.034" asserts="0">
                    <properties>
                      <property name="Category" value="Navigation" />
                    </properties>
                    <output><![CDATA[ReSharper LogPath is: C:\Users\berej\AppData\Local\Temp\JetLogs\ReSharperTests\resharper.log
Per-Test LogPath is: C:\Users\berej\AppData\Local\Temp\JetLogs\ReSharperTests\FSharpOccurenceKindTest\Members - Interface 01.log

]]></output>
                  </test-case>
                  <test-case name="Members - Override 01" fullname="JetBrains.ReSharper.Plugins.FSharp.Tests.Features.FindUsages+FSharpOccurenceKindTest.Members - Override 01" methodname="Members - Override 01" classname="FindUsages+FSharpOccurenceKindTest" result="Passed" duration="0.022" asserts="0">
                    <properties>
                      <property name="Category" value="Navigation" />
                    </properties>
                    <output><![CDATA[ReSharper LogPath is: C:\Users\berej\AppData\Local\Temp\JetLogs\ReSharperTests\resharper.log
Per-Test LogPath is: C:\Users\berej\AppData\Local\Temp\JetLogs\ReSharperTests\FSharpOccurenceKindTest\Members - Override 01.log

]]></output>
                  </test-case>
                  <test-case name="New instance 01" fullname="JetBrains.ReSharper.Plugins.FSharp.Tests.Features.FindUsages+FSharpOccurenceKindTest.New instance 01" methodname="New instance 01" classname="FindUsages+FSharpOccurenceKindTest" result="Passed" duration="0.039" asserts="0">
                    <properties>
                      <property name="Category" value="Navigation" />
                    </properties>
                    <output><![CDATA[ReSharper LogPath is: C:\Users\berej\AppData\Local\Temp\JetLogs\ReSharperTests\resharper.log
Per-Test LogPath is: C:\Users\berej\AppData\Local\Temp\JetLogs\ReSharperTests\FSharpOccurenceKindTest\New instance 01.log

]]></output>
                  </test-case>
                  <test-case name="New instance 02" fullname="JetBrains.ReSharper.Plugins.FSharp.Tests.Features.FindUsages+FSharpOccurenceKindTest.New instance 02" methodname="New instance 02" classname="FindUsages+FSharpOccurenceKindTest" result="Passed" duration="0.03" asserts="0">
                    <properties>
                      <property name="Category" value="Navigation" />
                    </properties>
                    <output><![CDATA[ReSharper LogPath is: C:\Users\berej\AppData\Local\Temp\JetLogs\ReSharperTests\resharper.log
Per-Test LogPath is: C:\Users\berej\AppData\Local\Temp\JetLogs\ReSharperTests\FSharpOccurenceKindTest\New instance 02.log

]]></output>
                  </test-case>
                  <test-case name="New instance 03 - New" fullname="JetBrains.ReSharper.Plugins.FSharp.Tests.Features.FindUsages+FSharpOccurenceKindTest.New instance 03 - New" methodname="New instance 03 - New" classname="FindUsages+FSharpOccurenceKindTest" result="Passed" duration="0.034" asserts="0">
                    <properties>
                      <property name="Category" value="Navigation" />
                    </properties>
                    <output><![CDATA[ReSharper LogPath is: C:\Users\berej\AppData\Local\Temp\JetLogs\ReSharperTests\resharper.log
Per-Test LogPath is: C:\Users\berej\AppData\Local\Temp\JetLogs\ReSharperTests\FSharpOccurenceKindTest\New instance 03 - New.log

]]></output>
                  </test-case>
                  <test-case name="New instance 04 - Attribute" fullname="JetBrains.ReSharper.Plugins.FSharp.Tests.Features.FindUsages+FSharpOccurenceKindTest.New instance 04 - Attribute" methodname="New instance 04 - Attribute" classname="FindUsages+FSharpOccurenceKindTest" result="Passed" duration="0.029" asserts="0">
                    <properties>
                      <property name="Category" value="Navigation" />
                    </properties>
                    <output><![CDATA[ReSharper LogPath is: C:\Users\berej\AppData\Local\Temp\JetLogs\ReSharperTests\resharper.log
Per-Test LogPath is: C:\Users\berej\AppData\Local\Temp\JetLogs\ReSharperTests\FSharpOccurenceKindTest\New instance 04 - Attribute.log

]]></output>
                  </test-case>
                  <test-case name="Pattern - Exception 01" fullname="JetBrains.ReSharper.Plugins.FSharp.Tests.Features.FindUsages+FSharpOccurenceKindTest.Pattern - Exception 01" methodname="Pattern - Exception 01" classname="FindUsages+FSharpOccurenceKindTest" result="Passed" duration="0.033" asserts="0">
                    <properties>
                      <property name="Category" value="Navigation" />
                    </properties>
                    <output><![CDATA[ReSharper LogPath is: C:\Users\berej\AppData\Local\Temp\JetLogs\ReSharperTests\resharper.log
Per-Test LogPath is: C:\Users\berej\AppData\Local\Temp\JetLogs\ReSharperTests\FSharpOccurenceKindTest\Pattern - Exception 01.log

]]></output>
                  </test-case>
                  <test-case name="Pattern - Exception 02 - Fields" fullname="JetBrains.ReSharper.Plugins.FSharp.Tests.Features.FindUsages+FSharpOccurenceKindTest.Pattern - Exception 02 - Fields" methodname="Pattern - Exception 02 - Fields" classname="FindUsages+FSharpOccurenceKindTest" result="Passed" duration="0.036" asserts="0">
                    <properties>
                      <property name="Category" value="Navigation" />
                    </properties>
                    <output><![CDATA[ReSharper LogPath is: C:\Users\berej\AppData\Local\Temp\JetLogs\ReSharperTests\resharper.log
Per-Test LogPath is: C:\Users\berej\AppData\Local\Temp\JetLogs\ReSharperTests\FSharpOccurenceKindTest\Pattern - Exception 02 - Fields.log

]]></output>
                  </test-case>
                  <test-case name="Pattern - Record 01" fullname="JetBrains.ReSharper.Plugins.FSharp.Tests.Features.FindUsages+FSharpOccurenceKindTest.Pattern - Record 01" methodname="Pattern - Record 01" classname="FindUsages+FSharpOccurenceKindTest" result="Passed" duration="0.033" asserts="0">
                    <properties>
                      <property name="Category" value="Navigation" />
                    </properties>
                    <output><![CDATA[ReSharper LogPath is: C:\Users\berej\AppData\Local\Temp\JetLogs\ReSharperTests\resharper.log
Per-Test LogPath is: C:\Users\berej\AppData\Local\Temp\JetLogs\ReSharperTests\FSharpOccurenceKindTest\Pattern - Record 01.log

]]></output>
                  </test-case>
                  <test-case name="Pattern - Record 02 - Nested" fullname="JetBrains.ReSharper.Plugins.FSharp.Tests.Features.FindUsages+FSharpOccurenceKindTest.Pattern - Record 02 - Nested" methodname="Pattern - Record 02 - Nested" classname="FindUsages+FSharpOccurenceKindTest" result="Passed" duration="0.033" asserts="0">
                    <properties>
                      <property name="Category" value="Navigation" />
                    </properties>
                    <output><![CDATA[ReSharper LogPath is: C:\Users\berej\AppData\Local\Temp\JetLogs\ReSharperTests\resharper.log
Per-Test LogPath is: C:\Users\berej\AppData\Local\Temp\JetLogs\ReSharperTests\FSharpOccurenceKindTest\Pattern - Record 02 - Nested.log

]]></output>
                  </test-case>
                  <test-case name="Read 01" fullname="JetBrains.ReSharper.Plugins.FSharp.Tests.Features.FindUsages+FSharpOccurenceKindTest.Read 01" methodname="Read 01" classname="FindUsages+FSharpOccurenceKindTest" result="Passed" duration="0.029" asserts="0">
                    <properties>
                      <property name="Category" value="Navigation" />
                    </properties>
                    <output><![CDATA[ReSharper LogPath is: C:\Users\berej\AppData\Local\Temp\JetLogs\ReSharperTests\resharper.log
Per-Test LogPath is: C:\Users\berej\AppData\Local\Temp\JetLogs\ReSharperTests\FSharpOccurenceKindTest\Read 01.log

]]></output>
                  </test-case>
                  <test-case name="Read 02 - Anon record field" fullname="JetBrains.ReSharper.Plugins.FSharp.Tests.Features.FindUsages+FSharpOccurenceKindTest.Read 02 - Anon record field" methodname="Read 02 - Anon record field" classname="FindUsages+FSharpOccurenceKindTest" result="Passed" duration="0.046" asserts="0">
                    <properties>
                      <property name="Category" value="Navigation" />
                    </properties>
                    <output><![CDATA[ReSharper LogPath is: C:\Users\berej\AppData\Local\Temp\JetLogs\ReSharperTests\resharper.log
Per-Test LogPath is: C:\Users\berej\AppData\Local\Temp\JetLogs\ReSharperTests\FSharpOccurenceKindTest\Read 02 - Anon record field.log

]]></output>
                  </test-case>
                  <test-case name="Type abbreviation 01" fullname="JetBrains.ReSharper.Plugins.FSharp.Tests.Features.FindUsages+FSharpOccurenceKindTest.Type abbreviation 01" methodname="Type abbreviation 01" classname="FindUsages+FSharpOccurenceKindTest" result="Passed" duration="0.028" asserts="0">
                    <properties>
                      <property name="Category" value="Navigation" />
                    </properties>
                    <output><![CDATA[ReSharper LogPath is: C:\Users\berej\AppData\Local\Temp\JetLogs\ReSharperTests\resharper.log
Per-Test LogPath is: C:\Users\berej\AppData\Local\Temp\JetLogs\ReSharperTests\FSharpOccurenceKindTest\Type abbreviation 01.log

]]></output>
                  </test-case>
                  <test-case name="Type Argument 01" fullname="JetBrains.ReSharper.Plugins.FSharp.Tests.Features.FindUsages+FSharpOccurenceKindTest.Type Argument 01" methodname="Type Argument 01" classname="FindUsages+FSharpOccurenceKindTest" result="Passed" duration="0.036" asserts="0">
                    <properties>
                      <property name="Category" value="Navigation" />
                    </properties>
                    <output><![CDATA[ReSharper LogPath is: C:\Users\berej\AppData\Local\Temp\JetLogs\ReSharperTests\resharper.log
Per-Test LogPath is: C:\Users\berej\AppData\Local\Temp\JetLogs\ReSharperTests\FSharpOccurenceKindTest\Type Argument 01.log

]]></output>
                  </test-case>
                  <test-case name="Type Argument 02 - Pattern" fullname="JetBrains.ReSharper.Plugins.FSharp.Tests.Features.FindUsages+FSharpOccurenceKindTest.Type Argument 02 - Pattern" methodname="Type Argument 02 - Pattern" classname="FindUsages+FSharpOccurenceKindTest" result="Passed" duration="0.03" asserts="0">
                    <properties>
                      <property name="Category" value="Navigation" />
                    </properties>
                    <output><![CDATA[ReSharper LogPath is: C:\Users\berej\AppData\Local\Temp\JetLogs\ReSharperTests\resharper.log
Per-Test LogPath is: C:\Users\berej\AppData\Local\Temp\JetLogs\ReSharperTests\FSharpOccurenceKindTest\Type Argument 02 - Pattern.log

]]></output>
                  </test-case>
                  <test-case name="Type Argument 03 - Tuple" fullname="JetBrains.ReSharper.Plugins.FSharp.Tests.Features.FindUsages+FSharpOccurenceKindTest.Type Argument 03 - Tuple" methodname="Type Argument 03 - Tuple" classname="FindUsages+FSharpOccurenceKindTest" result="Passed" duration="0.036" asserts="0">
                    <properties>
                      <property name="Category" value="Navigation" />
                    </properties>
                    <output><![CDATA[ReSharper LogPath is: C:\Users\berej\AppData\Local\Temp\JetLogs\ReSharperTests\resharper.log
Per-Test LogPath is: C:\Users\berej\AppData\Local\Temp\JetLogs\ReSharperTests\FSharpOccurenceKindTest\Type Argument 03 - Tuple.log

]]></output>
                  </test-case>
                  <test-case name="Type Argument 04 - Array" fullname="JetBrains.ReSharper.Plugins.FSharp.Tests.Features.FindUsages+FSharpOccurenceKindTest.Type Argument 04 - Array" methodname="Type Argument 04 - Array" classname="FindUsages+FSharpOccurenceKindTest" result="Passed" duration="0.032" asserts="0">
                    <properties>
                      <property name="Category" value="Navigation" />
                    </properties>
                    <output><![CDATA[ReSharper LogPath is: C:\Users\berej\AppData\Local\Temp\JetLogs\ReSharperTests\resharper.log
Per-Test LogPath is: C:\Users\berej\AppData\Local\Temp\JetLogs\ReSharperTests\FSharpOccurenceKindTest\Type Argument 04 - Array.log

]]></output>
                  </test-case>
                  <test-case name="Type Argument 05 - Return type" fullname="JetBrains.ReSharper.Plugins.FSharp.Tests.Features.FindUsages+FSharpOccurenceKindTest.Type Argument 05 - Return type" methodname="Type Argument 05 - Return type" classname="FindUsages+FSharpOccurenceKindTest" result="Passed" duration="0.028" asserts="0">
                    <properties>
                      <property name="Category" value="Navigation" />
                    </properties>
                    <output><![CDATA[ReSharper LogPath is: C:\Users\berej\AppData\Local\Temp\JetLogs\ReSharperTests\resharper.log
Per-Test LogPath is: C:\Users\berej\AppData\Local\Temp\JetLogs\ReSharperTests\FSharpOccurenceKindTest\Type Argument 05 - Return type.log

]]></output>
                  </test-case>
                  <test-case name="Type Argument 06 - ML" fullname="JetBrains.ReSharper.Plugins.FSharp.Tests.Features.FindUsages+FSharpOccurenceKindTest.Type Argument 06 - ML" methodname="Type Argument 06 - ML" classname="FindUsages+FSharpOccurenceKindTest" result="Passed" duration="0.028" asserts="0">
                    <properties>
                      <property name="Category" value="Navigation" />
                    </properties>
                    <output><![CDATA[ReSharper LogPath is: C:\Users\berej\AppData\Local\Temp\JetLogs\ReSharperTests\resharper.log
Per-Test LogPath is: C:\Users\berej\AppData\Local\Temp\JetLogs\ReSharperTests\FSharpOccurenceKindTest\Type Argument 06 - ML.log

]]></output>
                  </test-case>
                  <test-case name="Type Argument 07 - Tuple abbreviation" fullname="JetBrains.ReSharper.Plugins.FSharp.Tests.Features.FindUsages+FSharpOccurenceKindTest.Type Argument 07 - Tuple abbreviation" methodname="Type Argument 07 - Tuple abbreviation" classname="FindUsages+FSharpOccurenceKindTest" result="Passed" duration="0.035" asserts="0">
                    <properties>
                      <property name="Category" value="Navigation" />
                    </properties>
                    <output><![CDATA[ReSharper LogPath is: C:\Users\berej\AppData\Local\Temp\JetLogs\ReSharperTests\resharper.log
Per-Test LogPath is: C:\Users\berej\AppData\Local\Temp\JetLogs\ReSharperTests\FSharpOccurenceKindTest\Type Argument 07 - Tuple abbreviation.log

]]></output>
                  </test-case>
                  <test-case name="Type Cast 01 - Upcast" fullname="JetBrains.ReSharper.Plugins.FSharp.Tests.Features.FindUsages+FSharpOccurenceKindTest.Type Cast 01 - Upcast" methodname="Type Cast 01 - Upcast" classname="FindUsages+FSharpOccurenceKindTest" result="Passed" duration="0.034" asserts="0">
                    <properties>
                      <property name="Category" value="Navigation" />
                    </properties>
                    <output><![CDATA[ReSharper LogPath is: C:\Users\berej\AppData\Local\Temp\JetLogs\ReSharperTests\resharper.log
Per-Test LogPath is: C:\Users\berej\AppData\Local\Temp\JetLogs\ReSharperTests\FSharpOccurenceKindTest\Type Cast 01 - Upcast.log

]]></output>
                  </test-case>
                  <test-case name="Type Cast 02 - Downcast" fullname="JetBrains.ReSharper.Plugins.FSharp.Tests.Features.FindUsages+FSharpOccurenceKindTest.Type Cast 02 - Downcast" methodname="Type Cast 02 - Downcast" classname="FindUsages+FSharpOccurenceKindTest" result="Passed" duration="0.034" asserts="0">
                    <properties>
                      <property name="Category" value="Navigation" />
                    </properties>
                    <output><![CDATA[ReSharper LogPath is: C:\Users\berej\AppData\Local\Temp\JetLogs\ReSharperTests\resharper.log
Per-Test LogPath is: C:\Users\berej\AppData\Local\Temp\JetLogs\ReSharperTests\FSharpOccurenceKindTest\Type Cast 02 - Downcast.log

]]></output>
                  </test-case>
                  <test-case name="Type Extension 01" fullname="JetBrains.ReSharper.Plugins.FSharp.Tests.Features.FindUsages+FSharpOccurenceKindTest.Type Extension 01" methodname="Type Extension 01" classname="FindUsages+FSharpOccurenceKindTest" result="Passed" duration="0.034" asserts="0">
                    <properties>
                      <property name="Category" value="Navigation" />
                    </properties>
                    <output><![CDATA[ReSharper LogPath is: C:\Users\berej\AppData\Local\Temp\JetLogs\ReSharperTests\resharper.log
Per-Test LogPath is: C:\Users\berej\AppData\Local\Temp\JetLogs\ReSharperTests\FSharpOccurenceKindTest\Type Extension 01.log

]]></output>
                  </test-case>
                  <test-case name="Type Extension 02 - Qualified" fullname="JetBrains.ReSharper.Plugins.FSharp.Tests.Features.FindUsages+FSharpOccurenceKindTest.Type Extension 02 - Qualified" methodname="Type Extension 02 - Qualified" classname="FindUsages+FSharpOccurenceKindTest" result="Passed" duration="0.028" asserts="0">
                    <properties>
                      <property name="Category" value="Navigation" />
                    </properties>
                    <output><![CDATA[ReSharper LogPath is: C:\Users\berej\AppData\Local\Temp\JetLogs\ReSharperTests\resharper.log
Per-Test LogPath is: C:\Users\berej\AppData\Local\Temp\JetLogs\ReSharperTests\FSharpOccurenceKindTest\Type Extension 02 - Qualified.log

]]></output>
                  </test-case>
                  <test-case name="Type Test 01 - Expr" fullname="JetBrains.ReSharper.Plugins.FSharp.Tests.Features.FindUsages+FSharpOccurenceKindTest.Type Test 01 - Expr" methodname="Type Test 01 - Expr" classname="FindUsages+FSharpOccurenceKindTest" result="Passed" duration="0.037" asserts="0">
                    <properties>
                      <property name="Category" value="Navigation" />
                    </properties>
                    <output><![CDATA[ReSharper LogPath is: C:\Users\berej\AppData\Local\Temp\JetLogs\ReSharperTests\resharper.log
Per-Test LogPath is: C:\Users\berej\AppData\Local\Temp\JetLogs\ReSharperTests\FSharpOccurenceKindTest\Type Test 01 - Expr.log

]]></output>
                  </test-case>
                  <test-case name="Type Test 02 - Pattern" fullname="JetBrains.ReSharper.Plugins.FSharp.Tests.Features.FindUsages+FSharpOccurenceKindTest.Type Test 02 - Pattern" methodname="Type Test 02 - Pattern" classname="FindUsages+FSharpOccurenceKindTest" result="Passed" duration="0.034" asserts="0">
                    <properties>
                      <property name="Category" value="Navigation" />
                    </properties>
                    <output><![CDATA[ReSharper LogPath is: C:\Users\berej\AppData\Local\Temp\JetLogs\ReSharperTests\resharper.log
Per-Test LogPath is: C:\Users\berej\AppData\Local\Temp\JetLogs\ReSharperTests\FSharpOccurenceKindTest\Type Test 02 - Pattern.log

]]></output>
                  </test-case>
                  <test-case name="Unions 01" fullname="JetBrains.ReSharper.Plugins.FSharp.Tests.Features.FindUsages+FSharpOccurenceKindTest.Unions 01" methodname="Unions 01" classname="FindUsages+FSharpOccurenceKindTest" result="Passed" duration="0.042" asserts="0">
                    <properties>
                      <property name="Category" value="Navigation" />
                    </properties>
                    <output><![CDATA[ReSharper LogPath is: C:\Users\berej\AppData\Local\Temp\JetLogs\ReSharperTests\resharper.log
Per-Test LogPath is: C:\Users\berej\AppData\Local\Temp\JetLogs\ReSharperTests\FSharpOccurenceKindTest\Unions 01.log

]]></output>
                  </test-case>
                  <test-case name="Unions 02 - Single empty case" fullname="JetBrains.ReSharper.Plugins.FSharp.Tests.Features.FindUsages+FSharpOccurenceKindTest.Unions 02 - Single empty case" methodname="Unions 02 - Single empty case" classname="FindUsages+FSharpOccurenceKindTest" result="Passed" duration="0.043" asserts="0">
                    <properties>
                      <property name="Category" value="Navigation" />
                    </properties>
                    <output><![CDATA[ReSharper LogPath is: C:\Users\berej\AppData\Local\Temp\JetLogs\ReSharperTests\resharper.log
Per-Test LogPath is: C:\Users\berej\AppData\Local\Temp\JetLogs\ReSharperTests\FSharpOccurenceKindTest\Unions 02 - Single empty case.log

]]></output>
                  </test-case>
                  <test-case name="Write - Expr 01 - Reference" fullname="JetBrains.ReSharper.Plugins.FSharp.Tests.Features.FindUsages+FSharpOccurenceKindTest.Write - Expr 01 - Reference" methodname="Write - Expr 01 - Reference" classname="FindUsages+FSharpOccurenceKindTest" result="Passed" duration="0.034" asserts="0">
                    <properties>
                      <property name="Category" value="Navigation" />
                    </properties>
                    <output><![CDATA[ReSharper LogPath is: C:\Users\berej\AppData\Local\Temp\JetLogs\ReSharperTests\resharper.log
Per-Test LogPath is: C:\Users\berej\AppData\Local\Temp\JetLogs\ReSharperTests\FSharpOccurenceKindTest\Write - Expr 01 - Reference.log

]]></output>
                  </test-case>
                  <test-case name="Write - Expr 02 - Paren" fullname="JetBrains.ReSharper.Plugins.FSharp.Tests.Features.FindUsages+FSharpOccurenceKindTest.Write - Expr 02 - Paren" methodname="Write - Expr 02 - Paren" classname="FindUsages+FSharpOccurenceKindTest" result="Passed" duration="0.042" asserts="0">
                    <properties>
                      <property name="Category" value="Navigation" />
                    </properties>
                    <output><![CDATA[ReSharper LogPath is: C:\Users\berej\AppData\Local\Temp\JetLogs\ReSharperTests\resharper.log
Per-Test LogPath is: C:\Users\berej\AppData\Local\Temp\JetLogs\ReSharperTests\FSharpOccurenceKindTest\Write - Expr 02 - Paren.log

]]></output>
                  </test-case>
                  <test-case name="Write - Record 01" fullname="JetBrains.ReSharper.Plugins.FSharp.Tests.Features.FindUsages+FSharpOccurenceKindTest.Write - Record 01" methodname="Write - Record 01" classname="FindUsages+FSharpOccurenceKindTest" result="Passed" duration="0.037" asserts="0">
                    <properties>
                      <property name="Category" value="Navigation" />
                    </properties>
                    <output><![CDATA[ReSharper LogPath is: C:\Users\berej\AppData\Local\Temp\JetLogs\ReSharperTests\resharper.log
Per-Test LogPath is: C:\Users\berej\AppData\Local\Temp\JetLogs\ReSharperTests\FSharpOccurenceKindTest\Write - Record 01.log

]]></output>
                  </test-case>
                  <test-case name="Write - Record 02 - Qualified name" fullname="JetBrains.ReSharper.Plugins.FSharp.Tests.Features.FindUsages+FSharpOccurenceKindTest.Write - Record 02 - Qualified name" methodname="Write - Record 02 - Qualified name" classname="FindUsages+FSharpOccurenceKindTest" result="Passed" duration="0.047" asserts="0">
                    <properties>
                      <property name="Category" value="Navigation" />
                    </properties>
                    <output><![CDATA[ReSharper LogPath is: C:\Users\berej\AppData\Local\Temp\JetLogs\ReSharperTests\resharper.log
Per-Test LogPath is: C:\Users\berej\AppData\Local\Temp\JetLogs\ReSharperTests\FSharpOccurenceKindTest\Write - Record 02 - Qualified name.log

]]></output>
                  </test-case>
                  <test-case name="Write - Record 03 - Copy and update" fullname="JetBrains.ReSharper.Plugins.FSharp.Tests.Features.FindUsages+FSharpOccurenceKindTest.Write - Record 03 - Copy and update" methodname="Write - Record 03 - Copy and update" classname="FindUsages+FSharpOccurenceKindTest" result="Passed" duration="0.042" asserts="0">
                    <properties>
                      <property name="Category" value="Navigation" />
                    </properties>
                    <output><![CDATA[ReSharper LogPath is: C:\Users\berej\AppData\Local\Temp\JetLogs\ReSharperTests\resharper.log
Per-Test LogPath is: C:\Users\berej\AppData\Local\Temp\JetLogs\ReSharperTests\FSharpOccurenceKindTest\Write - Record 03 - Copy and update.log

]]></output>
                  </test-case>
                </test-suite>
                <test-suite type="TestFixture" name="FSharpAssemblyAutoOpenTest" fullname="JetBrains.ReSharper.Plugins.FSharp.Tests.Features.FSharpAssemblyAutoOpenTest" total="1" passed="1" failed="0" inconclusive="0" skipped="0" result="Passed" duration="0.054">
                  <test-case name="FSharpCore" fullname="JetBrains.ReSharper.Plugins.FSharp.Tests.Features.FSharpAssemblyAutoOpenTest.FSharpCore" methodname="FSharpCore" classname="FSharpAssemblyAutoOpenTest" result="Passed" duration="0.054" asserts="0">
                    <output><![CDATA[ReSharper LogPath is: C:\Users\berej\AppData\Local\Temp\JetLogs\ReSharperTests\resharper.log
Per-Test LogPath is: C:\Users\berej\AppData\Local\Temp\JetLogs\ReSharperTests\FSharpAssemblyAutoOpenTest\FSharpCore.log

]]></output>
                  </test-case>
                </test-suite>
                <test-suite type="TestFixture" name="FSharpCodeFormatterTest" fullname="JetBrains.ReSharper.Plugins.FSharp.Tests.Features.FSharpCodeFormatterTest" total="77" passed="77" failed="0" inconclusive="0" skipped="0" result="Passed" duration="2.001">
                  <test-case name="Anon record expr alignment 01" fullname="JetBrains.ReSharper.Plugins.FSharp.Tests.Features.FSharpCodeFormatterTest.Anon record expr alignment 01" methodname="Anon record expr alignment 01" classname="FSharpCodeFormatterTest" result="Passed" duration="0.054" asserts="0">
                    <output><![CDATA[ReSharper LogPath is: C:\Users\berej\AppData\Local\Temp\JetLogs\ReSharperTests\resharper.log
Per-Test LogPath is: C:\Users\berej\AppData\Local\Temp\JetLogs\ReSharperTests\FSharpCodeFormatterTest\Anon record expr alignment 01.log

]]></output>
                  </test-case>
                  <test-case name="Anon record expr alignment 02 - Copy" fullname="JetBrains.ReSharper.Plugins.FSharp.Tests.Features.FSharpCodeFormatterTest.Anon record expr alignment 02 - Copy" methodname="Anon record expr alignment 02 - Copy" classname="FSharpCodeFormatterTest" result="Passed" duration="0.049" asserts="0">
                    <output><![CDATA[ReSharper LogPath is: C:\Users\berej\AppData\Local\Temp\JetLogs\ReSharperTests\resharper.log
Per-Test LogPath is: C:\Users\berej\AppData\Local\Temp\JetLogs\ReSharperTests\FSharpCodeFormatterTest\Anon record expr alignment 02 - Copy.log

]]></output>
                  </test-case>
                  <test-case name="Assert expr indent 01 - Correct indent" fullname="JetBrains.ReSharper.Plugins.FSharp.Tests.Features.FSharpCodeFormatterTest.Assert expr indent 01 - Correct indent" methodname="Assert expr indent 01 - Correct indent" classname="FSharpCodeFormatterTest" result="Passed" duration="0.023" asserts="0">
                    <output><![CDATA[ReSharper LogPath is: C:\Users\berej\AppData\Local\Temp\JetLogs\ReSharperTests\resharper.log
Per-Test LogPath is: C:\Users\berej\AppData\Local\Temp\JetLogs\ReSharperTests\FSharpCodeFormatterTest\Assert expr indent 01 - Correct indent.log

]]></output>
                  </test-case>
                  <test-case name="Assert expr indent 02 - No indent" fullname="JetBrains.ReSharper.Plugins.FSharp.Tests.Features.FSharpCodeFormatterTest.Assert expr indent 02 - No indent" methodname="Assert expr indent 02 - No indent" classname="FSharpCodeFormatterTest" result="Passed" duration="0.023" asserts="0">
                    <output><![CDATA[ReSharper LogPath is: C:\Users\berej\AppData\Local\Temp\JetLogs\ReSharperTests\resharper.log
Per-Test LogPath is: C:\Users\berej\AppData\Local\Temp\JetLogs\ReSharperTests\FSharpCodeFormatterTest\Assert expr indent 02 - No indent.log

]]></output>
                  </test-case>
                  <test-case name="Assert expr indent 03 - Big indent" fullname="JetBrains.ReSharper.Plugins.FSharp.Tests.Features.FSharpCodeFormatterTest.Assert expr indent 03 - Big indent" methodname="Assert expr indent 03 - Big indent" classname="FSharpCodeFormatterTest" result="Passed" duration="0.025" asserts="0">
                    <output><![CDATA[ReSharper LogPath is: C:\Users\berej\AppData\Local\Temp\JetLogs\ReSharperTests\resharper.log
Per-Test LogPath is: C:\Users\berej\AppData\Local\Temp\JetLogs\ReSharperTests\FSharpCodeFormatterTest\Assert expr indent 03 - Big indent.log

]]></output>
                  </test-case>
                  <test-case name="Binary expr alignment 01" fullname="JetBrains.ReSharper.Plugins.FSharp.Tests.Features.FSharpCodeFormatterTest.Binary expr alignment 01" methodname="Binary expr alignment 01" classname="FSharpCodeFormatterTest" result="Passed" duration="0.031" asserts="0">
                    <output><![CDATA[ReSharper LogPath is: C:\Users\berej\AppData\Local\Temp\JetLogs\ReSharperTests\resharper.log
Per-Test LogPath is: C:\Users\berej\AppData\Local\Temp\JetLogs\ReSharperTests\FSharpCodeFormatterTest\Binary expr alignment 01.log

]]></output>
                  </test-case>
                  <test-case name="Binary expr alignment 02 - Pipe operator" fullname="JetBrains.ReSharper.Plugins.FSharp.Tests.Features.FSharpCodeFormatterTest.Binary expr alignment 02 - Pipe operator" methodname="Binary expr alignment 02 - Pipe operator" classname="FSharpCodeFormatterTest" result="Passed" duration="0.038" asserts="0">
                    <output><![CDATA[ReSharper LogPath is: C:\Users\berej\AppData\Local\Temp\JetLogs\ReSharperTests\resharper.log
Per-Test LogPath is: C:\Users\berej\AppData\Local\Temp\JetLogs\ReSharperTests\FSharpCodeFormatterTest\Binary expr alignment 02 - Pipe operator.log

]]></output>
                  </test-case>
                  <test-case name="Comp expr indent 01 - Correct indent" fullname="JetBrains.ReSharper.Plugins.FSharp.Tests.Features.FSharpCodeFormatterTest.Comp expr indent 01 - Correct indent" methodname="Comp expr indent 01 - Correct indent" classname="FSharpCodeFormatterTest" result="Passed" duration="0.026" asserts="0">
                    <output><![CDATA[ReSharper LogPath is: C:\Users\berej\AppData\Local\Temp\JetLogs\ReSharperTests\resharper.log
Per-Test LogPath is: C:\Users\berej\AppData\Local\Temp\JetLogs\ReSharperTests\FSharpCodeFormatterTest\Comp expr indent 01 - Correct indent.log

]]></output>
                  </test-case>
                  <test-case name="Comp expr indent 02 - No indent" fullname="JetBrains.ReSharper.Plugins.FSharp.Tests.Features.FSharpCodeFormatterTest.Comp expr indent 02 - No indent" methodname="Comp expr indent 02 - No indent" classname="FSharpCodeFormatterTest" result="Passed" duration="0.023" asserts="0">
                    <output><![CDATA[ReSharper LogPath is: C:\Users\berej\AppData\Local\Temp\JetLogs\ReSharperTests\resharper.log
Per-Test LogPath is: C:\Users\berej\AppData\Local\Temp\JetLogs\ReSharperTests\FSharpCodeFormatterTest\Comp expr indent 02 - No indent.log

]]></output>
                  </test-case>
                  <test-case name="Comp expr indent 03 - Big indent" fullname="JetBrains.ReSharper.Plugins.FSharp.Tests.Features.FSharpCodeFormatterTest.Comp expr indent 03 - Big indent" methodname="Comp expr indent 03 - Big indent" classname="FSharpCodeFormatterTest" result="Passed" duration="0.023" asserts="0">
                    <output><![CDATA[ReSharper LogPath is: C:\Users\berej\AppData\Local\Temp\JetLogs\ReSharperTests\resharper.log
Per-Test LogPath is: C:\Users\berej\AppData\Local\Temp\JetLogs\ReSharperTests\FSharpCodeFormatterTest\Comp expr indent 03 - Big indent.log

]]></output>
                  </test-case>
                  <test-case name="Do expr indent 01 - Correct indent" fullname="JetBrains.ReSharper.Plugins.FSharp.Tests.Features.FSharpCodeFormatterTest.Do expr indent 01 - Correct indent" methodname="Do expr indent 01 - Correct indent" classname="FSharpCodeFormatterTest" result="Passed" duration="0.025" asserts="0">
                    <output><![CDATA[ReSharper LogPath is: C:\Users\berej\AppData\Local\Temp\JetLogs\ReSharperTests\resharper.log
Per-Test LogPath is: C:\Users\berej\AppData\Local\Temp\JetLogs\ReSharperTests\FSharpCodeFormatterTest\Do expr indent 01 - Correct indent.log

]]></output>
                  </test-case>
                  <test-case name="Do expr indent 02 - No indent" fullname="JetBrains.ReSharper.Plugins.FSharp.Tests.Features.FSharpCodeFormatterTest.Do expr indent 02 - No indent" methodname="Do expr indent 02 - No indent" classname="FSharpCodeFormatterTest" result="Passed" duration="0.023" asserts="0">
                    <output><![CDATA[ReSharper LogPath is: C:\Users\berej\AppData\Local\Temp\JetLogs\ReSharperTests\resharper.log
Per-Test LogPath is: C:\Users\berej\AppData\Local\Temp\JetLogs\ReSharperTests\FSharpCodeFormatterTest\Do expr indent 02 - No indent.log

]]></output>
                  </test-case>
                  <test-case name="Do expr indent 03 - Big indent" fullname="JetBrains.ReSharper.Plugins.FSharp.Tests.Features.FSharpCodeFormatterTest.Do expr indent 03 - Big indent" methodname="Do expr indent 03 - Big indent" classname="FSharpCodeFormatterTest" result="Passed" duration="0.023" asserts="0">
                    <output><![CDATA[ReSharper LogPath is: C:\Users\berej\AppData\Local\Temp\JetLogs\ReSharperTests\resharper.log
Per-Test LogPath is: C:\Users\berej\AppData\Local\Temp\JetLogs\ReSharperTests\FSharpCodeFormatterTest\Do expr indent 03 - Big indent.log

]]></output>
                  </test-case>
                  <test-case name="Enum cases alignment 01" fullname="JetBrains.ReSharper.Plugins.FSharp.Tests.Features.FSharpCodeFormatterTest.Enum cases alignment 01" methodname="Enum cases alignment 01" classname="FSharpCodeFormatterTest" result="Passed" duration="0.022" asserts="0">
                    <output><![CDATA[ReSharper LogPath is: C:\Users\berej\AppData\Local\Temp\JetLogs\ReSharperTests\resharper.log
Per-Test LogPath is: C:\Users\berej\AppData\Local\Temp\JetLogs\ReSharperTests\FSharpCodeFormatterTest\Enum cases alignment 01.log

]]></output>
                  </test-case>
                  <test-case name="Enum declaration indent 01 - Correct indent" fullname="JetBrains.ReSharper.Plugins.FSharp.Tests.Features.FSharpCodeFormatterTest.Enum declaration indent 01 - Correct indent" methodname="Enum declaration indent 01 - Correct indent" classname="FSharpCodeFormatterTest" result="Passed" duration="0.026" asserts="0">
                    <output><![CDATA[ReSharper LogPath is: C:\Users\berej\AppData\Local\Temp\JetLogs\ReSharperTests\resharper.log
Per-Test LogPath is: C:\Users\berej\AppData\Local\Temp\JetLogs\ReSharperTests\FSharpCodeFormatterTest\Enum declaration indent 01 - Correct indent.log

]]></output>
                  </test-case>
                  <test-case name="For expr indent 01 - Correct indent" fullname="JetBrains.ReSharper.Plugins.FSharp.Tests.Features.FSharpCodeFormatterTest.For expr indent 01 - Correct indent" methodname="For expr indent 01 - Correct indent" classname="FSharpCodeFormatterTest" result="Passed" duration="0.025" asserts="0">
                    <output><![CDATA[ReSharper LogPath is: C:\Users\berej\AppData\Local\Temp\JetLogs\ReSharperTests\resharper.log
Per-Test LogPath is: C:\Users\berej\AppData\Local\Temp\JetLogs\ReSharperTests\FSharpCodeFormatterTest\For expr indent 01 - Correct indent.log

]]></output>
                  </test-case>
                  <test-case name="For expr indent 02 - No indent" fullname="JetBrains.ReSharper.Plugins.FSharp.Tests.Features.FSharpCodeFormatterTest.For expr indent 02 - No indent" methodname="For expr indent 02 - No indent" classname="FSharpCodeFormatterTest" result="Passed" duration="0.023" asserts="0">
                    <output><![CDATA[ReSharper LogPath is: C:\Users\berej\AppData\Local\Temp\JetLogs\ReSharperTests\resharper.log
Per-Test LogPath is: C:\Users\berej\AppData\Local\Temp\JetLogs\ReSharperTests\FSharpCodeFormatterTest\For expr indent 02 - No indent.log

]]></output>
                  </test-case>
                  <test-case name="For expr indent 03 - Big indent" fullname="JetBrains.ReSharper.Plugins.FSharp.Tests.Features.FSharpCodeFormatterTest.For expr indent 03 - Big indent" methodname="For expr indent 03 - Big indent" classname="FSharpCodeFormatterTest" result="Passed" duration="0.027" asserts="0">
                    <output><![CDATA[ReSharper LogPath is: C:\Users\berej\AppData\Local\Temp\JetLogs\ReSharperTests\resharper.log
Per-Test LogPath is: C:\Users\berej\AppData\Local\Temp\JetLogs\ReSharperTests\FSharpCodeFormatterTest\For expr indent 03 - Big indent.log

]]></output>
                  </test-case>
                  <test-case name="ForEach expr indent 01 - Correct indent" fullname="JetBrains.ReSharper.Plugins.FSharp.Tests.Features.FSharpCodeFormatterTest.ForEach expr indent 01 - Correct indent" methodname="ForEach expr indent 01 - Correct indent" classname="FSharpCodeFormatterTest" result="Passed" duration="0.025" asserts="0">
                    <output><![CDATA[ReSharper LogPath is: C:\Users\berej\AppData\Local\Temp\JetLogs\ReSharperTests\resharper.log
Per-Test LogPath is: C:\Users\berej\AppData\Local\Temp\JetLogs\ReSharperTests\FSharpCodeFormatterTest\ForEach expr indent 01 - Correct indent.log

]]></output>
                  </test-case>
                  <test-case name="ForEach expr indent 02 - No indent" fullname="JetBrains.ReSharper.Plugins.FSharp.Tests.Features.FSharpCodeFormatterTest.ForEach expr indent 02 - No indent" methodname="ForEach expr indent 02 - No indent" classname="FSharpCodeFormatterTest" result="Passed" duration="0.023" asserts="0">
                    <output><![CDATA[ReSharper LogPath is: C:\Users\berej\AppData\Local\Temp\JetLogs\ReSharperTests\resharper.log
Per-Test LogPath is: C:\Users\berej\AppData\Local\Temp\JetLogs\ReSharperTests\FSharpCodeFormatterTest\ForEach expr indent 02 - No indent.log

]]></output>
                  </test-case>
                  <test-case name="ForEach expr indent 03 - Big indent" fullname="JetBrains.ReSharper.Plugins.FSharp.Tests.Features.FSharpCodeFormatterTest.ForEach expr indent 03 - Big indent" methodname="ForEach expr indent 03 - Big indent" classname="FSharpCodeFormatterTest" result="Passed" duration="0.027" asserts="0">
                    <output><![CDATA[ReSharper LogPath is: C:\Users\berej\AppData\Local\Temp\JetLogs\ReSharperTests\resharper.log
Per-Test LogPath is: C:\Users\berej\AppData\Local\Temp\JetLogs\ReSharperTests\FSharpCodeFormatterTest\ForEach expr indent 03 - Big indent.log

]]></output>
                  </test-case>
                  <test-case name="IfThenElse expr indent 01" fullname="JetBrains.ReSharper.Plugins.FSharp.Tests.Features.FSharpCodeFormatterTest.IfThenElse expr indent 01" methodname="IfThenElse expr indent 01" classname="FSharpCodeFormatterTest" result="Passed" duration="0.024" asserts="0">
                    <output><![CDATA[ReSharper LogPath is: C:\Users\berej\AppData\Local\Temp\JetLogs\ReSharperTests\resharper.log
Per-Test LogPath is: C:\Users\berej\AppData\Local\Temp\JetLogs\ReSharperTests\FSharpCodeFormatterTest\IfThenElse expr indent 01.log

]]></output>
                  </test-case>
                  <test-case name="IfThenElse expr indent 02" fullname="JetBrains.ReSharper.Plugins.FSharp.Tests.Features.FSharpCodeFormatterTest.IfThenElse expr indent 02" methodname="IfThenElse expr indent 02" classname="FSharpCodeFormatterTest" result="Passed" duration="0.027" asserts="0">
                    <output><![CDATA[ReSharper LogPath is: C:\Users\berej\AppData\Local\Temp\JetLogs\ReSharperTests\resharper.log
Per-Test LogPath is: C:\Users\berej\AppData\Local\Temp\JetLogs\ReSharperTests\FSharpCodeFormatterTest\IfThenElse expr indent 02.log

]]></output>
                  </test-case>
                  <test-case name="IfThenElse expr indent 03 - Elif" fullname="JetBrains.ReSharper.Plugins.FSharp.Tests.Features.FSharpCodeFormatterTest.IfThenElse expr indent 03 - Elif" methodname="IfThenElse expr indent 03 - Elif" classname="FSharpCodeFormatterTest" result="Passed" duration="0.03" asserts="0">
                    <output><![CDATA[ReSharper LogPath is: C:\Users\berej\AppData\Local\Temp\JetLogs\ReSharperTests\resharper.log
Per-Test LogPath is: C:\Users\berej\AppData\Local\Temp\JetLogs\ReSharperTests\FSharpCodeFormatterTest\IfThenElse expr indent 03 - Elif.log

]]></output>
                  </test-case>
                  <test-case name="Lambda expr indent 01 - Without offset" fullname="JetBrains.ReSharper.Plugins.FSharp.Tests.Features.FSharpCodeFormatterTest.Lambda expr indent 01 - Without offset" methodname="Lambda expr indent 01 - Without offset" classname="FSharpCodeFormatterTest" result="Passed" duration="0.024" asserts="0">
                    <output><![CDATA[ReSharper LogPath is: C:\Users\berej\AppData\Local\Temp\JetLogs\ReSharperTests\resharper.log
Per-Test LogPath is: C:\Users\berej\AppData\Local\Temp\JetLogs\ReSharperTests\FSharpCodeFormatterTest\Lambda expr indent 01 - Without offset.log

]]></output>
                  </test-case>
                  <test-case name="Lambda expr indent 02 - With offset" fullname="JetBrains.ReSharper.Plugins.FSharp.Tests.Features.FSharpCodeFormatterTest.Lambda expr indent 02 - With offset" methodname="Lambda expr indent 02 - With offset" classname="FSharpCodeFormatterTest" result="Passed" duration="0.024" asserts="0">
                    <output><![CDATA[ReSharper LogPath is: C:\Users\berej\AppData\Local\Temp\JetLogs\ReSharperTests\resharper.log
Per-Test LogPath is: C:\Users\berej\AppData\Local\Temp\JetLogs\ReSharperTests\FSharpCodeFormatterTest\Lambda expr indent 02 - With offset.log

]]></output>
                  </test-case>
                  <test-case name="Lazy expr indent 01 - Correct indent" fullname="JetBrains.ReSharper.Plugins.FSharp.Tests.Features.FSharpCodeFormatterTest.Lazy expr indent 01 - Correct indent" methodname="Lazy expr indent 01 - Correct indent" classname="FSharpCodeFormatterTest" result="Passed" duration="0.027" asserts="0">
                    <output><![CDATA[ReSharper LogPath is: C:\Users\berej\AppData\Local\Temp\JetLogs\ReSharperTests\resharper.log
Per-Test LogPath is: C:\Users\berej\AppData\Local\Temp\JetLogs\ReSharperTests\FSharpCodeFormatterTest\Lazy expr indent 01 - Correct indent.log

]]></output>
                  </test-case>
                  <test-case name="Lazy expr indent 02 - No indent" fullname="JetBrains.ReSharper.Plugins.FSharp.Tests.Features.FSharpCodeFormatterTest.Lazy expr indent 02 - No indent" methodname="Lazy expr indent 02 - No indent" classname="FSharpCodeFormatterTest" result="Passed" duration="0.027" asserts="0">
                    <output><![CDATA[ReSharper LogPath is: C:\Users\berej\AppData\Local\Temp\JetLogs\ReSharperTests\resharper.log
Per-Test LogPath is: C:\Users\berej\AppData\Local\Temp\JetLogs\ReSharperTests\FSharpCodeFormatterTest\Lazy expr indent 02 - No indent.log

]]></output>
                  </test-case>
                  <test-case name="Lazy expr indent 03 - Big indent" fullname="JetBrains.ReSharper.Plugins.FSharp.Tests.Features.FSharpCodeFormatterTest.Lazy expr indent 03 - Big indent" methodname="Lazy expr indent 03 - Big indent" classname="FSharpCodeFormatterTest" result="Passed" duration="0.024" asserts="0">
                    <output><![CDATA[ReSharper LogPath is: C:\Users\berej\AppData\Local\Temp\JetLogs\ReSharperTests\resharper.log
Per-Test LogPath is: C:\Users\berej\AppData\Local\Temp\JetLogs\ReSharperTests\FSharpCodeFormatterTest\Lazy expr indent 03 - Big indent.log

]]></output>
                  </test-case>
                  <test-case name="Let expr binding indent 01 - Correct indent" fullname="JetBrains.ReSharper.Plugins.FSharp.Tests.Features.FSharpCodeFormatterTest.Let expr binding indent 01 - Correct indent" methodname="Let expr binding indent 01 - Correct indent" classname="FSharpCodeFormatterTest" result="Passed" duration="0.037" asserts="0">
                    <output><![CDATA[ReSharper LogPath is: C:\Users\berej\AppData\Local\Temp\JetLogs\ReSharperTests\resharper.log
Per-Test LogPath is: C:\Users\berej\AppData\Local\Temp\JetLogs\ReSharperTests\FSharpCodeFormatterTest\Let expr binding indent 01 - Correct indent.log

]]></output>
                  </test-case>
                  <test-case name="Let module decl binding indent 01 - Correct indent" fullname="JetBrains.ReSharper.Plugins.FSharp.Tests.Features.FSharpCodeFormatterTest.Let module decl binding indent 01 - Correct indent" methodname="Let module decl binding indent 01 - Correct indent" classname="FSharpCodeFormatterTest" result="Passed" duration="0.028" asserts="0">
                    <output><![CDATA[ReSharper LogPath is: C:\Users\berej\AppData\Local\Temp\JetLogs\ReSharperTests\resharper.log
Per-Test LogPath is: C:\Users\berej\AppData\Local\Temp\JetLogs\ReSharperTests\FSharpCodeFormatterTest\Let module decl binding indent 01 - Correct indent.log

]]></output>
                  </test-case>
                  <test-case name="Local binding indent 01 - No indent" fullname="JetBrains.ReSharper.Plugins.FSharp.Tests.Features.FSharpCodeFormatterTest.Local binding indent 01 - No indent" methodname="Local binding indent 01 - No indent" classname="FSharpCodeFormatterTest" result="Passed" duration="0.025" asserts="0">
                    <output><![CDATA[ReSharper LogPath is: C:\Users\berej\AppData\Local\Temp\JetLogs\ReSharperTests\resharper.log
Per-Test LogPath is: C:\Users\berej\AppData\Local\Temp\JetLogs\ReSharperTests\FSharpCodeFormatterTest\Local binding indent 01 - No indent.log

]]></output>
                  </test-case>
                  <test-case name="Local binding indent 02 - Correct indent" fullname="JetBrains.ReSharper.Plugins.FSharp.Tests.Features.FSharpCodeFormatterTest.Local binding indent 02 - Correct indent" methodname="Local binding indent 02 - Correct indent" classname="FSharpCodeFormatterTest" result="Passed" duration="0.023" asserts="0">
                    <output><![CDATA[ReSharper LogPath is: C:\Users\berej\AppData\Local\Temp\JetLogs\ReSharperTests\resharper.log
Per-Test LogPath is: C:\Users\berej\AppData\Local\Temp\JetLogs\ReSharperTests\FSharpCodeFormatterTest\Local binding indent 02 - Correct indent.log

]]></output>
                  </test-case>
                  <test-case name="Local binding indent 03 - Big indent" fullname="JetBrains.ReSharper.Plugins.FSharp.Tests.Features.FSharpCodeFormatterTest.Local binding indent 03 - Big indent" methodname="Local binding indent 03 - Big indent" classname="FSharpCodeFormatterTest" result="Passed" duration="0.026" asserts="0">
                    <output><![CDATA[ReSharper LogPath is: C:\Users\berej\AppData\Local\Temp\JetLogs\ReSharperTests\resharper.log
Per-Test LogPath is: C:\Users\berej\AppData\Local\Temp\JetLogs\ReSharperTests\FSharpCodeFormatterTest\Local binding indent 03 - Big indent.log

]]></output>
                  </test-case>
                  <test-case name="Match clauses alignment 01" fullname="JetBrains.ReSharper.Plugins.FSharp.Tests.Features.FSharpCodeFormatterTest.Match clauses alignment 01" methodname="Match clauses alignment 01" classname="FSharpCodeFormatterTest" result="Passed" duration="0.023" asserts="0">
                    <output><![CDATA[ReSharper LogPath is: C:\Users\berej\AppData\Local\Temp\JetLogs\ReSharperTests\resharper.log
Per-Test LogPath is: C:\Users\berej\AppData\Local\Temp\JetLogs\ReSharperTests\FSharpCodeFormatterTest\Match clauses alignment 01.log

]]></output>
                  </test-case>
                  <test-case name="Match expr indent 01 - Expr at new line" fullname="JetBrains.ReSharper.Plugins.FSharp.Tests.Features.FSharpCodeFormatterTest.Match expr indent 01 - Expr at new line" methodname="Match expr indent 01 - Expr at new line" classname="FSharpCodeFormatterTest" result="Passed" duration="0.024" asserts="0">
                    <output><![CDATA[ReSharper LogPath is: C:\Users\berej\AppData\Local\Temp\JetLogs\ReSharperTests\resharper.log
Per-Test LogPath is: C:\Users\berej\AppData\Local\Temp\JetLogs\ReSharperTests\FSharpCodeFormatterTest\Match expr indent 01 - Expr at new line.log

]]></output>
                  </test-case>
                  <test-case name="Match expr indent 02 - With at new line" fullname="JetBrains.ReSharper.Plugins.FSharp.Tests.Features.FSharpCodeFormatterTest.Match expr indent 02 - With at new line" methodname="Match expr indent 02 - With at new line" classname="FSharpCodeFormatterTest" result="Passed" duration="0.026" asserts="0">
                    <output><![CDATA[ReSharper LogPath is: C:\Users\berej\AppData\Local\Temp\JetLogs\ReSharperTests\resharper.log
Per-Test LogPath is: C:\Users\berej\AppData\Local\Temp\JetLogs\ReSharperTests\FSharpCodeFormatterTest\Match expr indent 02 - With at new line.log

]]></output>
                  </test-case>
                  <test-case name="MatchClause expr indent 01" fullname="JetBrains.ReSharper.Plugins.FSharp.Tests.Features.FSharpCodeFormatterTest.MatchClause expr indent 01" methodname="MatchClause expr indent 01" classname="FSharpCodeFormatterTest" result="Passed" duration="0.023" asserts="0">
                    <output><![CDATA[ReSharper LogPath is: C:\Users\berej\AppData\Local\Temp\JetLogs\ReSharperTests\resharper.log
Per-Test LogPath is: C:\Users\berej\AppData\Local\Temp\JetLogs\ReSharperTests\FSharpCodeFormatterTest\MatchClause expr indent 01.log

]]></output>
                  </test-case>
                  <test-case name="MatchClause expr indent 02 - TryWith" fullname="JetBrains.ReSharper.Plugins.FSharp.Tests.Features.FSharpCodeFormatterTest.MatchClause expr indent 02 - TryWith" methodname="MatchClause expr indent 02 - TryWith" classname="FSharpCodeFormatterTest" result="Passed" duration="0.023" asserts="0">
                    <output><![CDATA[ReSharper LogPath is: C:\Users\berej\AppData\Local\Temp\JetLogs\ReSharperTests\resharper.log
Per-Test LogPath is: C:\Users\berej\AppData\Local\Temp\JetLogs\ReSharperTests\FSharpCodeFormatterTest\MatchClause expr indent 02 - TryWith.log

]]></output>
                  </test-case>
                  <test-case name="MatchClause expr indent 03 - TryWith - Clause on the same line" fullname="JetBrains.ReSharper.Plugins.FSharp.Tests.Features.FSharpCodeFormatterTest.MatchClause expr indent 03 - TryWith - Clause on the same line" methodname="MatchClause expr indent 03 - TryWith - Clause on the same line" classname="FSharpCodeFormatterTest" result="Passed" duration="0.026" asserts="0">
                    <output><![CDATA[ReSharper LogPath is: C:\Users\berej\AppData\Local\Temp\JetLogs\ReSharperTests\resharper.log
Per-Test LogPath is: C:\Users\berej\AppData\Local\Temp\JetLogs\ReSharperTests\FSharpCodeFormatterTest\MatchClause expr indent 03 - TryWith - Clause on the same line.log

]]></output>
                  </test-case>
                  <test-case name="MatchClause expr indent 04 - Unindented last clause" fullname="JetBrains.ReSharper.Plugins.FSharp.Tests.Features.FSharpCodeFormatterTest.MatchClause expr indent 04 - Unindented last clause" methodname="MatchClause expr indent 04 - Unindented last clause" classname="FSharpCodeFormatterTest" result="Passed" duration="0.023" asserts="0">
                    <output><![CDATA[ReSharper LogPath is: C:\Users\berej\AppData\Local\Temp\JetLogs\ReSharperTests\resharper.log
Per-Test LogPath is: C:\Users\berej\AppData\Local\Temp\JetLogs\ReSharperTests\FSharpCodeFormatterTest\MatchClause expr indent 04 - Unindented last clause.log

]]></output>
                  </test-case>
                  <test-case name="MatchClause expr indent 05 - Wrong indent in last clause" fullname="JetBrains.ReSharper.Plugins.FSharp.Tests.Features.FSharpCodeFormatterTest.MatchClause expr indent 05 - Wrong indent in last clause" methodname="MatchClause expr indent 05 - Wrong indent in last clause" classname="FSharpCodeFormatterTest" result="Passed" duration="0.024" asserts="0">
                    <output><![CDATA[ReSharper LogPath is: C:\Users\berej\AppData\Local\Temp\JetLogs\ReSharperTests\resharper.log
Per-Test LogPath is: C:\Users\berej\AppData\Local\Temp\JetLogs\ReSharperTests\FSharpCodeFormatterTest\MatchClause expr indent 05 - Wrong indent in last clause.log

]]></output>
                  </test-case>
                  <test-case name="MatchClause expr indent 06 - When" fullname="JetBrains.ReSharper.Plugins.FSharp.Tests.Features.FSharpCodeFormatterTest.MatchClause expr indent 06 - When" methodname="MatchClause expr indent 06 - When" classname="FSharpCodeFormatterTest" result="Passed" duration="0.027" asserts="0">
                    <output><![CDATA[ReSharper LogPath is: C:\Users\berej\AppData\Local\Temp\JetLogs\ReSharperTests\resharper.log
Per-Test LogPath is: C:\Users\berej\AppData\Local\Temp\JetLogs\ReSharperTests\FSharpCodeFormatterTest\MatchClause expr indent 06 - When.log

]]></output>
                  </test-case>
                  <test-case name="Module abbreviation declaration indent 01 - Correct indent" fullname="JetBrains.ReSharper.Plugins.FSharp.Tests.Features.FSharpCodeFormatterTest.Module abbreviation declaration indent 01 - Correct indent" methodname="Module abbreviation declaration indent 01 - Correct indent" classname="FSharpCodeFormatterTest" result="Passed" duration="0.023" asserts="0">
                    <output><![CDATA[ReSharper LogPath is: C:\Users\berej\AppData\Local\Temp\JetLogs\ReSharperTests\resharper.log
Per-Test LogPath is: C:\Users\berej\AppData\Local\Temp\JetLogs\ReSharperTests\FSharpCodeFormatterTest\Module abbreviation declaration indent 01 - Correct indent.log

]]></output>
                  </test-case>
                  <test-case name="Named module decl name indent 01 - Correct indent" fullname="JetBrains.ReSharper.Plugins.FSharp.Tests.Features.FSharpCodeFormatterTest.Named module decl name indent 01 - Correct indent" methodname="Named module decl name indent 01 - Correct indent" classname="FSharpCodeFormatterTest" result="Passed" duration="0.024" asserts="0">
                    <output><![CDATA[ReSharper LogPath is: C:\Users\berej\AppData\Local\Temp\JetLogs\ReSharperTests\resharper.log
Per-Test LogPath is: C:\Users\berej\AppData\Local\Temp\JetLogs\ReSharperTests\FSharpCodeFormatterTest\Named module decl name indent 01 - Correct indent.log

]]></output>
                  </test-case>
                  <test-case name="Nested module decl name indent 01 - Correct indent" fullname="JetBrains.ReSharper.Plugins.FSharp.Tests.Features.FSharpCodeFormatterTest.Nested module decl name indent 01 - Correct indent" methodname="Nested module decl name indent 01 - Correct indent" classname="FSharpCodeFormatterTest" result="Passed" duration="0.026" asserts="0">
                    <output><![CDATA[ReSharper LogPath is: C:\Users\berej\AppData\Local\Temp\JetLogs\ReSharperTests\resharper.log
Per-Test LogPath is: C:\Users\berej\AppData\Local\Temp\JetLogs\ReSharperTests\FSharpCodeFormatterTest\Nested module decl name indent 01 - Correct indent.log

]]></output>
                  </test-case>
                  <test-case name="Nested module indent 01 - No indent" fullname="JetBrains.ReSharper.Plugins.FSharp.Tests.Features.FSharpCodeFormatterTest.Nested module indent 01 - No indent" methodname="Nested module indent 01 - No indent" classname="FSharpCodeFormatterTest" result="Passed" duration="0.023" asserts="0">
                    <output><![CDATA[ReSharper LogPath is: C:\Users\berej\AppData\Local\Temp\JetLogs\ReSharperTests\resharper.log
Per-Test LogPath is: C:\Users\berej\AppData\Local\Temp\JetLogs\ReSharperTests\FSharpCodeFormatterTest\Nested module indent 01 - No indent.log

]]></output>
                  </test-case>
                  <test-case name="Nested module indent 02 - Correct indent" fullname="JetBrains.ReSharper.Plugins.FSharp.Tests.Features.FSharpCodeFormatterTest.Nested module indent 02 - Correct indent" methodname="Nested module indent 02 - Correct indent" classname="FSharpCodeFormatterTest" result="Passed" duration="0.022" asserts="0">
                    <output><![CDATA[ReSharper LogPath is: C:\Users\berej\AppData\Local\Temp\JetLogs\ReSharperTests\resharper.log
Per-Test LogPath is: C:\Users\berej\AppData\Local\Temp\JetLogs\ReSharperTests\FSharpCodeFormatterTest\Nested module indent 02 - Correct indent.log

]]></output>
                  </test-case>
                  <test-case name="Nested module indent 03 - Big indent" fullname="JetBrains.ReSharper.Plugins.FSharp.Tests.Features.FSharpCodeFormatterTest.Nested module indent 03 - Big indent" methodname="Nested module indent 03 - Big indent" classname="FSharpCodeFormatterTest" result="Passed" duration="0.024" asserts="0">
                    <output><![CDATA[ReSharper LogPath is: C:\Users\berej\AppData\Local\Temp\JetLogs\ReSharperTests\resharper.log
Per-Test LogPath is: C:\Users\berej\AppData\Local\Temp\JetLogs\ReSharperTests\FSharpCodeFormatterTest\Nested module indent 03 - Big indent.log

]]></output>
                  </test-case>
                  <test-case name="PrefixApp expr indent - Comp expr 01" fullname="JetBrains.ReSharper.Plugins.FSharp.Tests.Features.FSharpCodeFormatterTest.PrefixApp expr indent - Comp expr 01" methodname="PrefixApp expr indent - Comp expr 01" classname="FSharpCodeFormatterTest" result="Passed" duration="0.024" asserts="0">
                    <output><![CDATA[ReSharper LogPath is: C:\Users\berej\AppData\Local\Temp\JetLogs\ReSharperTests\resharper.log
Per-Test LogPath is: C:\Users\berej\AppData\Local\Temp\JetLogs\ReSharperTests\FSharpCodeFormatterTest\PrefixApp expr indent - Comp expr 01.log

]]></output>
                  </test-case>
                  <test-case name="PrefixApp expr indent - Comp expr 02" fullname="JetBrains.ReSharper.Plugins.FSharp.Tests.Features.FSharpCodeFormatterTest.PrefixApp expr indent - Comp expr 02" methodname="PrefixApp expr indent - Comp expr 02" classname="FSharpCodeFormatterTest" result="Passed" duration="0.023" asserts="0">
                    <output><![CDATA[ReSharper LogPath is: C:\Users\berej\AppData\Local\Temp\JetLogs\ReSharperTests\resharper.log
Per-Test LogPath is: C:\Users\berej\AppData\Local\Temp\JetLogs\ReSharperTests\FSharpCodeFormatterTest\PrefixApp expr indent - Comp expr 02.log

]]></output>
                  </test-case>
                  <test-case name="PrefixApp expr indent 01" fullname="JetBrains.ReSharper.Plugins.FSharp.Tests.Features.FSharpCodeFormatterTest.PrefixApp expr indent 01" methodname="PrefixApp expr indent 01" classname="FSharpCodeFormatterTest" result="Passed" duration="0.023" asserts="0">
                    <output><![CDATA[ReSharper LogPath is: C:\Users\berej\AppData\Local\Temp\JetLogs\ReSharperTests\resharper.log
Per-Test LogPath is: C:\Users\berej\AppData\Local\Temp\JetLogs\ReSharperTests\FSharpCodeFormatterTest\PrefixApp expr indent 01.log

]]></output>
                  </test-case>
                  <test-case name="PrefixApp expr indent 02" fullname="JetBrains.ReSharper.Plugins.FSharp.Tests.Features.FSharpCodeFormatterTest.PrefixApp expr indent 02" methodname="PrefixApp expr indent 02" classname="FSharpCodeFormatterTest" result="Passed" duration="0.026" asserts="0">
                    <output><![CDATA[ReSharper LogPath is: C:\Users\berej\AppData\Local\Temp\JetLogs\ReSharperTests\resharper.log
Per-Test LogPath is: C:\Users\berej\AppData\Local\Temp\JetLogs\ReSharperTests\FSharpCodeFormatterTest\PrefixApp expr indent 02.log

]]></output>
                  </test-case>
                  <test-case name="Record declaration alignment 01" fullname="JetBrains.ReSharper.Plugins.FSharp.Tests.Features.FSharpCodeFormatterTest.Record declaration alignment 01" methodname="Record declaration alignment 01" classname="FSharpCodeFormatterTest" result="Passed" duration="0.024" asserts="0">
                    <output><![CDATA[ReSharper LogPath is: C:\Users\berej\AppData\Local\Temp\JetLogs\ReSharperTests\resharper.log
Per-Test LogPath is: C:\Users\berej\AppData\Local\Temp\JetLogs\ReSharperTests\FSharpCodeFormatterTest\Record declaration alignment 01.log

]]></output>
                  </test-case>
                  <test-case name="Record declaration alignment 02 - Semicolons" fullname="JetBrains.ReSharper.Plugins.FSharp.Tests.Features.FSharpCodeFormatterTest.Record declaration alignment 02 - Semicolons" methodname="Record declaration alignment 02 - Semicolons" classname="FSharpCodeFormatterTest" result="Passed" duration="0.024" asserts="0">
                    <output><![CDATA[ReSharper LogPath is: C:\Users\berej\AppData\Local\Temp\JetLogs\ReSharperTests\resharper.log
Per-Test LogPath is: C:\Users\berej\AppData\Local\Temp\JetLogs\ReSharperTests\FSharpCodeFormatterTest\Record declaration alignment 02 - Semicolons.log

]]></output>
                  </test-case>
                  <test-case name="Record declaration alignment 03 - Mutable" fullname="JetBrains.ReSharper.Plugins.FSharp.Tests.Features.FSharpCodeFormatterTest.Record declaration alignment 03 - Mutable" methodname="Record declaration alignment 03 - Mutable" classname="FSharpCodeFormatterTest" result="Passed" duration="0.027" asserts="0">
                    <output><![CDATA[ReSharper LogPath is: C:\Users\berej\AppData\Local\Temp\JetLogs\ReSharperTests\resharper.log
Per-Test LogPath is: C:\Users\berej\AppData\Local\Temp\JetLogs\ReSharperTests\FSharpCodeFormatterTest\Record declaration alignment 03 - Mutable.log

]]></output>
                  </test-case>
                  <test-case name="Record expr alignment 01" fullname="JetBrains.ReSharper.Plugins.FSharp.Tests.Features.FSharpCodeFormatterTest.Record expr alignment 01" methodname="Record expr alignment 01" classname="FSharpCodeFormatterTest" result="Passed" duration="0.024" asserts="0">
                    <output><![CDATA[ReSharper LogPath is: C:\Users\berej\AppData\Local\Temp\JetLogs\ReSharperTests\resharper.log
Per-Test LogPath is: C:\Users\berej\AppData\Local\Temp\JetLogs\ReSharperTests\FSharpCodeFormatterTest\Record expr alignment 01.log

]]></output>
                  </test-case>
                  <test-case name="Record expr alignment 02 - Copy" fullname="JetBrains.ReSharper.Plugins.FSharp.Tests.Features.FSharpCodeFormatterTest.Record expr alignment 02 - Copy" methodname="Record expr alignment 02 - Copy" classname="FSharpCodeFormatterTest" result="Passed" duration="0.024" asserts="0">
                    <output><![CDATA[ReSharper LogPath is: C:\Users\berej\AppData\Local\Temp\JetLogs\ReSharperTests\resharper.log
Per-Test LogPath is: C:\Users\berej\AppData\Local\Temp\JetLogs\ReSharperTests\FSharpCodeFormatterTest\Record expr alignment 02 - Copy.log

]]></output>
                  </test-case>
                  <test-case name="Sequential expr alignment 01 - No separators" fullname="JetBrains.ReSharper.Plugins.FSharp.Tests.Features.FSharpCodeFormatterTest.Sequential expr alignment 01 - No separators" methodname="Sequential expr alignment 01 - No separators" classname="FSharpCodeFormatterTest" result="Passed" duration="0.026" asserts="0">
                    <output><![CDATA[ReSharper LogPath is: C:\Users\berej\AppData\Local\Temp\JetLogs\ReSharperTests\resharper.log
Per-Test LogPath is: C:\Users\berej\AppData\Local\Temp\JetLogs\ReSharperTests\FSharpCodeFormatterTest\Sequential expr alignment 01 - No separators.log

]]></output>
                  </test-case>
                  <test-case name="Sequential expr alignment 02 - Separators" fullname="JetBrains.ReSharper.Plugins.FSharp.Tests.Features.FSharpCodeFormatterTest.Sequential expr alignment 02 - Separators" methodname="Sequential expr alignment 02 - Separators" classname="FSharpCodeFormatterTest" result="Passed" duration="0.024" asserts="0">
                    <output><![CDATA[ReSharper LogPath is: C:\Users\berej\AppData\Local\Temp\JetLogs\ReSharperTests\resharper.log
Per-Test LogPath is: C:\Users\berej\AppData\Local\Temp\JetLogs\ReSharperTests\FSharpCodeFormatterTest\Sequential expr alignment 02 - Separators.log

]]></output>
                  </test-case>
                  <test-case name="Set expr indent 01 - Correct indent" fullname="JetBrains.ReSharper.Plugins.FSharp.Tests.Features.FSharpCodeFormatterTest.Set expr indent 01 - Correct indent" methodname="Set expr indent 01 - Correct indent" classname="FSharpCodeFormatterTest" result="Passed" duration="0.024" asserts="0">
                    <output><![CDATA[ReSharper LogPath is: C:\Users\berej\AppData\Local\Temp\JetLogs\ReSharperTests\resharper.log
Per-Test LogPath is: C:\Users\berej\AppData\Local\Temp\JetLogs\ReSharperTests\FSharpCodeFormatterTest\Set expr indent 01 - Correct indent.log

]]></output>
                  </test-case>
                  <test-case name="Set expr indent 02 - No indent" fullname="JetBrains.ReSharper.Plugins.FSharp.Tests.Features.FSharpCodeFormatterTest.Set expr indent 02 - No indent" methodname="Set expr indent 02 - No indent" classname="FSharpCodeFormatterTest" result="Passed" duration="0.026" asserts="0">
                    <output><![CDATA[ReSharper LogPath is: C:\Users\berej\AppData\Local\Temp\JetLogs\ReSharperTests\resharper.log
Per-Test LogPath is: C:\Users\berej\AppData\Local\Temp\JetLogs\ReSharperTests\FSharpCodeFormatterTest\Set expr indent 02 - No indent.log

]]></output>
                  </test-case>
                  <test-case name="Set expr indent 03 - Big indent" fullname="JetBrains.ReSharper.Plugins.FSharp.Tests.Features.FSharpCodeFormatterTest.Set expr indent 03 - Big indent" methodname="Set expr indent 03 - Big indent" classname="FSharpCodeFormatterTest" result="Passed" duration="0.024" asserts="0">
                    <output><![CDATA[ReSharper LogPath is: C:\Users\berej\AppData\Local\Temp\JetLogs\ReSharperTests\resharper.log
Per-Test LogPath is: C:\Users\berej\AppData\Local\Temp\JetLogs\ReSharperTests\FSharpCodeFormatterTest\Set expr indent 03 - Big indent.log

]]></output>
                  </test-case>
                  <test-case name="Top binding indent 01 - No indent" fullname="JetBrains.ReSharper.Plugins.FSharp.Tests.Features.FSharpCodeFormatterTest.Top binding indent 01 - No indent" methodname="Top binding indent 01 - No indent" classname="FSharpCodeFormatterTest" result="Passed" duration="0.024" asserts="0">
                    <output><![CDATA[ReSharper LogPath is: C:\Users\berej\AppData\Local\Temp\JetLogs\ReSharperTests\resharper.log
Per-Test LogPath is: C:\Users\berej\AppData\Local\Temp\JetLogs\ReSharperTests\FSharpCodeFormatterTest\Top binding indent 01 - No indent.log

]]></output>
                  </test-case>
                  <test-case name="Top binding indent 02 - Correct indent" fullname="JetBrains.ReSharper.Plugins.FSharp.Tests.Features.FSharpCodeFormatterTest.Top binding indent 02 - Correct indent" methodname="Top binding indent 02 - Correct indent" classname="FSharpCodeFormatterTest" result="Passed" duration="0.027" asserts="0">
                    <output><![CDATA[ReSharper LogPath is: C:\Users\berej\AppData\Local\Temp\JetLogs\ReSharperTests\resharper.log
Per-Test LogPath is: C:\Users\berej\AppData\Local\Temp\JetLogs\ReSharperTests\FSharpCodeFormatterTest\Top binding indent 02 - Correct indent.log

]]></output>
                  </test-case>
                  <test-case name="Top binding indent 03 - Big indent" fullname="JetBrains.ReSharper.Plugins.FSharp.Tests.Features.FSharpCodeFormatterTest.Top binding indent 03 - Big indent" methodname="Top binding indent 03 - Big indent" classname="FSharpCodeFormatterTest" result="Passed" duration="0.025" asserts="0">
                    <output><![CDATA[ReSharper LogPath is: C:\Users\berej\AppData\Local\Temp\JetLogs\ReSharperTests\resharper.log
Per-Test LogPath is: C:\Users\berej\AppData\Local\Temp\JetLogs\ReSharperTests\FSharpCodeFormatterTest\Top binding indent 03 - Big indent.log

]]></output>
                  </test-case>
                  <test-case name="TryFinally expr indent 01 - Correct indent" fullname="JetBrains.ReSharper.Plugins.FSharp.Tests.Features.FSharpCodeFormatterTest.TryFinally expr indent 01 - Correct indent" methodname="TryFinally expr indent 01 - Correct indent" classname="FSharpCodeFormatterTest" result="Passed" duration="0.024" asserts="0">
                    <output><![CDATA[ReSharper LogPath is: C:\Users\berej\AppData\Local\Temp\JetLogs\ReSharperTests\resharper.log
Per-Test LogPath is: C:\Users\berej\AppData\Local\Temp\JetLogs\ReSharperTests\FSharpCodeFormatterTest\TryFinally expr indent 01 - Correct indent.log

]]></output>
                  </test-case>
                  <test-case name="TryWith expr indent 01" fullname="JetBrains.ReSharper.Plugins.FSharp.Tests.Features.FSharpCodeFormatterTest.TryWith expr indent 01" methodname="TryWith expr indent 01" classname="FSharpCodeFormatterTest" result="Passed" duration="0.033" asserts="0">
                    <output><![CDATA[ReSharper LogPath is: C:\Users\berej\AppData\Local\Temp\JetLogs\ReSharperTests\resharper.log
Per-Test LogPath is: C:\Users\berej\AppData\Local\Temp\JetLogs\ReSharperTests\FSharpCodeFormatterTest\TryWith expr indent 01.log

]]></output>
                  </test-case>
                  <test-case name="Type abbreviation declaration indent 01 - Correct indent" fullname="JetBrains.ReSharper.Plugins.FSharp.Tests.Features.FSharpCodeFormatterTest.Type abbreviation declaration indent 01 - Correct indent" methodname="Type abbreviation declaration indent 01 - Correct indent" classname="FSharpCodeFormatterTest" result="Passed" duration="0.025" asserts="0">
                    <output><![CDATA[ReSharper LogPath is: C:\Users\berej\AppData\Local\Temp\JetLogs\ReSharperTests\resharper.log
Per-Test LogPath is: C:\Users\berej\AppData\Local\Temp\JetLogs\ReSharperTests\FSharpCodeFormatterTest\Type abbreviation declaration indent 01 - Correct indent.log

]]></output>
                  </test-case>
                  <test-case name="Union cases alignment 01" fullname="JetBrains.ReSharper.Plugins.FSharp.Tests.Features.FSharpCodeFormatterTest.Union cases alignment 01" methodname="Union cases alignment 01" classname="FSharpCodeFormatterTest" result="Passed" duration="0.024" asserts="0">
                    <output><![CDATA[ReSharper LogPath is: C:\Users\berej\AppData\Local\Temp\JetLogs\ReSharperTests\resharper.log
Per-Test LogPath is: C:\Users\berej\AppData\Local\Temp\JetLogs\ReSharperTests\FSharpCodeFormatterTest\Union cases alignment 01.log

]]></output>
                  </test-case>
                  <test-case name="Union cases alignment 02 - Modifier" fullname="JetBrains.ReSharper.Plugins.FSharp.Tests.Features.FSharpCodeFormatterTest.Union cases alignment 02 - Modifier" methodname="Union cases alignment 02 - Modifier" classname="FSharpCodeFormatterTest" result="Passed" duration="0.045" asserts="0">
                    <output><![CDATA[ReSharper LogPath is: C:\Users\berej\AppData\Local\Temp\JetLogs\ReSharperTests\resharper.log
Per-Test LogPath is: C:\Users\berej\AppData\Local\Temp\JetLogs\ReSharperTests\FSharpCodeFormatterTest\Union cases alignment 02 - Modifier.log

]]></output>
                  </test-case>
                  <test-case name="Union cases alignment 03 - Modifier and new line" fullname="JetBrains.ReSharper.Plugins.FSharp.Tests.Features.FSharpCodeFormatterTest.Union cases alignment 03 - Modifier and new line" methodname="Union cases alignment 03 - Modifier and new line" classname="FSharpCodeFormatterTest" result="Passed" duration="0.023" asserts="0">
                    <output><![CDATA[ReSharper LogPath is: C:\Users\berej\AppData\Local\Temp\JetLogs\ReSharperTests\resharper.log
Per-Test LogPath is: C:\Users\berej\AppData\Local\Temp\JetLogs\ReSharperTests\FSharpCodeFormatterTest\Union cases alignment 03 - Modifier and new line.log

]]></output>
                  </test-case>
                  <test-case name="Union declaration indent 01 - Correct indent" fullname="JetBrains.ReSharper.Plugins.FSharp.Tests.Features.FSharpCodeFormatterTest.Union declaration indent 01 - Correct indent" methodname="Union declaration indent 01 - Correct indent" classname="FSharpCodeFormatterTest" result="Passed" duration="0.022" asserts="0">
                    <output><![CDATA[ReSharper LogPath is: C:\Users\berej\AppData\Local\Temp\JetLogs\ReSharperTests\resharper.log
Per-Test LogPath is: C:\Users\berej\AppData\Local\Temp\JetLogs\ReSharperTests\FSharpCodeFormatterTest\Union declaration indent 01 - Correct indent.log

]]></output>
                  </test-case>
                  <test-case name="Union declaration indent 02 - Modifier" fullname="JetBrains.ReSharper.Plugins.FSharp.Tests.Features.FSharpCodeFormatterTest.Union declaration indent 02 - Modifier" methodname="Union declaration indent 02 - Modifier" classname="FSharpCodeFormatterTest" result="Passed" duration="0.024" asserts="0">
                    <output><![CDATA[ReSharper LogPath is: C:\Users\berej\AppData\Local\Temp\JetLogs\ReSharperTests\resharper.log
Per-Test LogPath is: C:\Users\berej\AppData\Local\Temp\JetLogs\ReSharperTests\FSharpCodeFormatterTest\Union declaration indent 02 - Modifier.log

]]></output>
                  </test-case>
                  <test-case name="While expr indent 01 - Correct indent" fullname="JetBrains.ReSharper.Plugins.FSharp.Tests.Features.FSharpCodeFormatterTest.While expr indent 01 - Correct indent" methodname="While expr indent 01 - Correct indent" classname="FSharpCodeFormatterTest" result="Passed" duration="0.023" asserts="0">
                    <output><![CDATA[ReSharper LogPath is: C:\Users\berej\AppData\Local\Temp\JetLogs\ReSharperTests\resharper.log
Per-Test LogPath is: C:\Users\berej\AppData\Local\Temp\JetLogs\ReSharperTests\FSharpCodeFormatterTest\While expr indent 01 - Correct indent.log

]]></output>
                  </test-case>
                  <test-case name="While expr indent 02 - No indent" fullname="JetBrains.ReSharper.Plugins.FSharp.Tests.Features.FSharpCodeFormatterTest.While expr indent 02 - No indent" methodname="While expr indent 02 - No indent" classname="FSharpCodeFormatterTest" result="Passed" duration="0.022" asserts="0">
                    <output><![CDATA[ReSharper LogPath is: C:\Users\berej\AppData\Local\Temp\JetLogs\ReSharperTests\resharper.log
Per-Test LogPath is: C:\Users\berej\AppData\Local\Temp\JetLogs\ReSharperTests\FSharpCodeFormatterTest\While expr indent 02 - No indent.log

]]></output>
                  </test-case>
                  <test-case name="While expr indent 03 - Big indent" fullname="JetBrains.ReSharper.Plugins.FSharp.Tests.Features.FSharpCodeFormatterTest.While expr indent 03 - Big indent" methodname="While expr indent 03 - Big indent" classname="FSharpCodeFormatterTest" result="Passed" duration="0.026" asserts="0">
                    <output><![CDATA[ReSharper LogPath is: C:\Users\berej\AppData\Local\Temp\JetLogs\ReSharperTests\resharper.log
Per-Test LogPath is: C:\Users\berej\AppData\Local\Temp\JetLogs\ReSharperTests\FSharpCodeFormatterTest\While expr indent 03 - Big indent.log

]]></output>
                  </test-case>
                </test-suite>
                <test-suite type="TestFixture" name="FSharpCompletionTest" fullname="JetBrains.ReSharper.Plugins.FSharp.Tests.Features.FSharpCompletionTest" total="20" passed="20" failed="0" inconclusive="0" skipped="0" result="Passed" duration="5.134">
                  <test-case name="Basic 01 - Replace" fullname="JetBrains.ReSharper.Plugins.FSharp.Tests.Features.FSharpCompletionTest.Basic 01 - Replace" methodname="Basic 01 - Replace" classname="FSharpCompletionTest" result="Passed" duration="0.73" asserts="0">
                    <properties>
                      <property name="Category" value="Code Completion" />
                    </properties>
                    <output><![CDATA[ReSharper LogPath is: C:\Users\berej\AppData\Local\Temp\JetLogs\ReSharperTests\resharper.log
Per-Test LogPath is: C:\Users\berej\AppData\Local\Temp\JetLogs\ReSharperTests\FSharpCompletionTest\Basic 01 - Replace.log

]]></output>
                  </test-case>
                  <test-case name="Basic 02 - Insert" fullname="JetBrains.ReSharper.Plugins.FSharp.Tests.Features.FSharpCompletionTest.Basic 02 - Insert" methodname="Basic 02 - Insert" classname="FSharpCompletionTest" result="Passed" duration="0.245" asserts="0">
                    <properties>
                      <property name="Category" value="Code Completion" />
                    </properties>
                    <output><![CDATA[ReSharper LogPath is: C:\Users\berej\AppData\Local\Temp\JetLogs\ReSharperTests\resharper.log
Per-Test LogPath is: C:\Users\berej\AppData\Local\Temp\JetLogs\ReSharperTests\FSharpCompletionTest\Basic 02 - Insert.log

]]></output>
                  </test-case>
                  <test-case name="Basic 03 - Replace before" fullname="JetBrains.ReSharper.Plugins.FSharp.Tests.Features.FSharpCompletionTest.Basic 03 - Replace before" methodname="Basic 03 - Replace before" classname="FSharpCompletionTest" result="Passed" duration="0.215" asserts="0">
                    <properties>
                      <property name="Category" value="Code Completion" />
                    </properties>
                    <output><![CDATA[ReSharper LogPath is: C:\Users\berej\AppData\Local\Temp\JetLogs\ReSharperTests\resharper.log
Per-Test LogPath is: C:\Users\berej\AppData\Local\Temp\JetLogs\ReSharperTests\FSharpCompletionTest\Basic 03 - Replace before.log

]]></output>
                  </test-case>
                  <test-case name="Basic 04 - Insert before" fullname="JetBrains.ReSharper.Plugins.FSharp.Tests.Features.FSharpCompletionTest.Basic 04 - Insert before" methodname="Basic 04 - Insert before" classname="FSharpCompletionTest" result="Passed" duration="0.243" asserts="0">
                    <properties>
                      <property name="Category" value="Code Completion" />
                    </properties>
                    <output><![CDATA[ReSharper LogPath is: C:\Users\berej\AppData\Local\Temp\JetLogs\ReSharperTests\resharper.log
Per-Test LogPath is: C:\Users\berej\AppData\Local\Temp\JetLogs\ReSharperTests\FSharpCompletionTest\Basic 04 - Insert before.log

]]></output>
                  </test-case>
                  <test-case name="Import - Anon module 01 - First line" fullname="JetBrains.ReSharper.Plugins.FSharp.Tests.Features.FSharpCompletionTest.Import - Anon module 01 - First line" methodname="Import - Anon module 01 - First line" classname="FSharpCompletionTest" result="Passed" duration="0.175" asserts="0">
                    <properties>
                      <property name="Category" value="Code Completion" />
                    </properties>
                    <output><![CDATA[ReSharper LogPath is: C:\Users\berej\AppData\Local\Temp\JetLogs\ReSharperTests\resharper.log
Per-Test LogPath is: C:\Users\berej\AppData\Local\Temp\JetLogs\ReSharperTests\FSharpCompletionTest\Import - Anon module 01 - First line.log

]]></output>
                  </test-case>
                  <test-case name="Import - Anon module 02 - Before open" fullname="JetBrains.ReSharper.Plugins.FSharp.Tests.Features.FSharpCompletionTest.Import - Anon module 02 - Before open" methodname="Import - Anon module 02 - Before open" classname="FSharpCompletionTest" result="Passed" duration="0.255" asserts="0">
                    <properties>
                      <property name="Category" value="Code Completion" />
                    </properties>
                    <output><![CDATA[ReSharper LogPath is: C:\Users\berej\AppData\Local\Temp\JetLogs\ReSharperTests\resharper.log
Per-Test LogPath is: C:\Users\berej\AppData\Local\Temp\JetLogs\ReSharperTests\FSharpCompletionTest\Import - Anon module 02 - Before open.log

]]></output>
                  </test-case>
                  <test-case name="Import - Anon module 03 - After open" fullname="JetBrains.ReSharper.Plugins.FSharp.Tests.Features.FSharpCompletionTest.Import - Anon module 03 - After open" methodname="Import - Anon module 03 - After open" classname="FSharpCompletionTest" result="Passed" duration="0.182" asserts="0">
                    <properties>
                      <property name="Category" value="Code Completion" />
                    </properties>
                    <output><![CDATA[ReSharper LogPath is: C:\Users\berej\AppData\Local\Temp\JetLogs\ReSharperTests\resharper.log
Per-Test LogPath is: C:\Users\berej\AppData\Local\Temp\JetLogs\ReSharperTests\FSharpCompletionTest\Import - Anon module 03 - After open.log

]]></output>
                  </test-case>
                  <test-case name="Import - Anon module 04 - After comment" fullname="JetBrains.ReSharper.Plugins.FSharp.Tests.Features.FSharpCompletionTest.Import - Anon module 04 - After comment" methodname="Import - Anon module 04 - After comment" classname="FSharpCompletionTest" result="Passed" duration="0.252" asserts="0">
                    <properties>
                      <property name="Category" value="Code Completion" />
                    </properties>
                    <output><![CDATA[ReSharper LogPath is: C:\Users\berej\AppData\Local\Temp\JetLogs\ReSharperTests\resharper.log
Per-Test LogPath is: C:\Users\berej\AppData\Local\Temp\JetLogs\ReSharperTests\FSharpCompletionTest\Import - Anon module 04 - After comment.log

]]></output>
                  </test-case>
                  <test-case name="Import - Sibling namespace" fullname="JetBrains.ReSharper.Plugins.FSharp.Tests.Features.FSharpCompletionTest.Import - Sibling namespace" methodname="Import - Sibling namespace" classname="FSharpCompletionTest" result="Passed" duration="0.273" asserts="0">
                    <properties>
                      <property name="Category" value="Code Completion" />
                    </properties>
                    <output><![CDATA[ReSharper LogPath is: C:\Users\berej\AppData\Local\Temp\JetLogs\ReSharperTests\resharper.log
Per-Test LogPath is: C:\Users\berej\AppData\Local\Temp\JetLogs\ReSharperTests\FSharpCompletionTest\Import - Sibling namespace.log

]]></output>
                  </test-case>
                  <test-case name="Open 01 - First open" fullname="JetBrains.ReSharper.Plugins.FSharp.Tests.Features.FSharpCompletionTest.Open 01 - First open" methodname="Open 01 - First open" classname="FSharpCompletionTest" result="Passed" duration="0.182" asserts="0">
                    <properties>
                      <property name="Category" value="Code Completion" />
                    </properties>
                    <output><![CDATA[ReSharper LogPath is: C:\Users\berej\AppData\Local\Temp\JetLogs\ReSharperTests\resharper.log
Per-Test LogPath is: C:\Users\berej\AppData\Local\Temp\JetLogs\ReSharperTests\FSharpCompletionTest\Open 01 - First open.log

]]></output>
                  </test-case>
                  <test-case name="Open 02 - Second open" fullname="JetBrains.ReSharper.Plugins.FSharp.Tests.Features.FSharpCompletionTest.Open 02 - Second open" methodname="Open 02 - Second open" classname="FSharpCompletionTest" result="Passed" duration="0.204" asserts="0">
                    <properties>
                      <property name="Category" value="Code Completion" />
                    </properties>
                    <output><![CDATA[ReSharper LogPath is: C:\Users\berej\AppData\Local\Temp\JetLogs\ReSharperTests\resharper.log
Per-Test LogPath is: C:\Users\berej\AppData\Local\Temp\JetLogs\ReSharperTests\FSharpCompletionTest\Open 02 - Second open.log

]]></output>
                  </test-case>
                  <test-case name="Open 03 - Comment after namespace" fullname="JetBrains.ReSharper.Plugins.FSharp.Tests.Features.FSharpCompletionTest.Open 03 - Comment after namespace" methodname="Open 03 - Comment after namespace" classname="FSharpCompletionTest" result="Passed" duration="0.266" asserts="0">
                    <properties>
                      <property name="Category" value="Code Completion" />
                    </properties>
                    <output><![CDATA[ReSharper LogPath is: C:\Users\berej\AppData\Local\Temp\JetLogs\ReSharperTests\resharper.log
Per-Test LogPath is: C:\Users\berej\AppData\Local\Temp\JetLogs\ReSharperTests\FSharpCompletionTest\Open 03 - Comment after namespace.log

]]></output>
                  </test-case>
                  <test-case name="Open 04 - Inside module" fullname="JetBrains.ReSharper.Plugins.FSharp.Tests.Features.FSharpCompletionTest.Open 04 - Inside module" methodname="Open 04 - Inside module" classname="FSharpCompletionTest" result="Passed" duration="0.28" asserts="0">
                    <properties>
                      <property name="Category" value="Code Completion" />
                    </properties>
                    <output><![CDATA[ReSharper LogPath is: C:\Users\berej\AppData\Local\Temp\JetLogs\ReSharperTests\resharper.log
Per-Test LogPath is: C:\Users\berej\AppData\Local\Temp\JetLogs\ReSharperTests\FSharpCompletionTest\Open 04 - Inside module.log

]]></output>
                  </test-case>
                  <test-case name="Open 06 - Inside module, space" fullname="JetBrains.ReSharper.Plugins.FSharp.Tests.Features.FSharpCompletionTest.Open 06 - Inside module, space" methodname="Open 06 - Inside module, space" classname="FSharpCompletionTest" result="Passed" duration="0.202" asserts="0">
                    <properties>
                      <property name="Category" value="Code Completion" />
                    </properties>
                    <output><![CDATA[ReSharper LogPath is: C:\Users\berej\AppData\Local\Temp\JetLogs\ReSharperTests\resharper.log
Per-Test LogPath is: C:\Users\berej\AppData\Local\Temp\JetLogs\ReSharperTests\FSharpCompletionTest\Open 06 - Inside module, space.log

]]></output>
                  </test-case>
                  <test-case name="Open 07 - After System" fullname="JetBrains.ReSharper.Plugins.FSharp.Tests.Features.FSharpCompletionTest.Open 07 - After System" methodname="Open 07 - After System" classname="FSharpCompletionTest" result="Passed" duration="0.203" asserts="0">
                    <properties>
                      <property name="Category" value="Code Completion" />
                    </properties>
                    <output><![CDATA[ReSharper LogPath is: C:\Users\berej\AppData\Local\Temp\JetLogs\ReSharperTests\resharper.log
Per-Test LogPath is: C:\Users\berej\AppData\Local\Temp\JetLogs\ReSharperTests\FSharpCompletionTest\Open 07 - After System.log

]]></output>
                  </test-case>
                  <test-case name="Open 08 - Before other System" fullname="JetBrains.ReSharper.Plugins.FSharp.Tests.Features.FSharpCompletionTest.Open 08 - Before other System" methodname="Open 08 - Before other System" classname="FSharpCompletionTest" result="Passed" duration="0.252" asserts="0">
                    <properties>
                      <property name="Category" value="Code Completion" />
                    </properties>
                    <output><![CDATA[ReSharper LogPath is: C:\Users\berej\AppData\Local\Temp\JetLogs\ReSharperTests\resharper.log
Per-Test LogPath is: C:\Users\berej\AppData\Local\Temp\JetLogs\ReSharperTests\FSharpCompletionTest\Open 08 - Before other System.log

]]></output>
                  </test-case>
                  <test-case name="Wild 01 - Replace" fullname="JetBrains.ReSharper.Plugins.FSharp.Tests.Features.FSharpCompletionTest.Wild 01 - Replace" methodname="Wild 01 - Replace" classname="FSharpCompletionTest" result="Passed" duration="0.309" asserts="0">
                    <properties>
                      <property name="Category" value="Code Completion" />
                    </properties>
                    <output><![CDATA[ReSharper LogPath is: C:\Users\berej\AppData\Local\Temp\JetLogs\ReSharperTests\resharper.log
Per-Test LogPath is: C:\Users\berej\AppData\Local\Temp\JetLogs\ReSharperTests\FSharpCompletionTest\Wild 01 - Replace.log

]]></output>
                  </test-case>
                  <test-case name="Wild 02 - Insert" fullname="JetBrains.ReSharper.Plugins.FSharp.Tests.Features.FSharpCompletionTest.Wild 02 - Insert" methodname="Wild 02 - Insert" classname="FSharpCompletionTest" result="Passed" duration="0.249" asserts="0">
                    <properties>
                      <property name="Category" value="Code Completion" />
                    </properties>
                    <output><![CDATA[ReSharper LogPath is: C:\Users\berej\AppData\Local\Temp\JetLogs\ReSharperTests\resharper.log
Per-Test LogPath is: C:\Users\berej\AppData\Local\Temp\JetLogs\ReSharperTests\FSharpCompletionTest\Wild 02 - Insert.log

]]></output>
                  </test-case>
                  <test-case name="Wild 03 - Replace before" fullname="JetBrains.ReSharper.Plugins.FSharp.Tests.Features.FSharpCompletionTest.Wild 03 - Replace before" methodname="Wild 03 - Replace before" classname="FSharpCompletionTest" result="Passed" duration="0.174" asserts="0">
                    <properties>
                      <property name="Category" value="Code Completion" />
                    </properties>
                    <output><![CDATA[ReSharper LogPath is: C:\Users\berej\AppData\Local\Temp\JetLogs\ReSharperTests\resharper.log
Per-Test LogPath is: C:\Users\berej\AppData\Local\Temp\JetLogs\ReSharperTests\FSharpCompletionTest\Wild 03 - Replace before.log

]]></output>
                  </test-case>
                  <test-case name="Wild 04 - Insert before" fullname="JetBrains.ReSharper.Plugins.FSharp.Tests.Features.FSharpCompletionTest.Wild 04 - Insert before" methodname="Wild 04 - Insert before" classname="FSharpCompletionTest" result="Passed" duration="0.243" asserts="0">
                    <properties>
                      <property name="Category" value="Code Completion" />
                    </properties>
                    <output><![CDATA[ReSharper LogPath is: C:\Users\berej\AppData\Local\Temp\JetLogs\ReSharperTests\resharper.log
Per-Test LogPath is: C:\Users\berej\AppData\Local\Temp\JetLogs\ReSharperTests\FSharpCompletionTest\Wild 04 - Insert before.log

]]></output>
                  </test-case>
                </test-suite>
                <test-suite type="TestFixture" name="FSharpElementFactoryTest" fullname="JetBrains.ReSharper.Plugins.FSharp.Tests.Features.FSharpElementFactoryTest" total="3" passed="3" failed="0" inconclusive="0" skipped="0" result="Passed" duration="0.082">
                  <test-case name="CreateReturnTypeInfo from type strings" fullname="JetBrains.ReSharper.Plugins.FSharp.Tests.Features.FSharpElementFactoryTest.CreateReturnTypeInfo from type strings" methodname="CreateReturnTypeInfo from type strings" classname="FSharpElementFactoryTest" result="Passed" duration="0.03" asserts="0">
                    <output><![CDATA[ReSharper LogPath is: C:\Users\berej\AppData\Local\Temp\JetLogs\ReSharperTests\resharper.log
Per-Test LogPath is: C:\Users\berej\AppData\Local\Temp\JetLogs\ReSharperTests\FSharpElementFactoryTest\CreateReturnTypeInfo from type strings.log

]]></output>
                  </test-case>
                  <test-case name="Open statement 01" fullname="JetBrains.ReSharper.Plugins.FSharp.Tests.Features.FSharpElementFactoryTest.Open statement 01" methodname="Open statement 01" classname="FSharpElementFactoryTest" result="Passed" duration="0.037" asserts="0">
                    <output><![CDATA[ReSharper LogPath is: C:\Users\berej\AppData\Local\Temp\JetLogs\ReSharperTests\resharper.log
Per-Test LogPath is: C:\Users\berej\AppData\Local\Temp\JetLogs\ReSharperTests\FSharpElementFactoryTest\Open statement 01.log

]]></output>
                  </test-case>
                  <test-case name="Wild pat 01" fullname="JetBrains.ReSharper.Plugins.FSharp.Tests.Features.FSharpElementFactoryTest.Wild pat 01" methodname="Wild pat 01" classname="FSharpElementFactoryTest" result="Passed" duration="0.015" asserts="0">
                    <output><![CDATA[ReSharper LogPath is: C:\Users\berej\AppData\Local\Temp\JetLogs\ReSharperTests\resharper.log
Per-Test LogPath is: C:\Users\berej\AppData\Local\Temp\JetLogs\ReSharperTests\FSharpElementFactoryTest\Wild pat 01.log

]]></output>
                  </test-case>
                </test-suite>
                <test-suite type="TestFixture" name="FSharpErrorsParserTest" fullname="JetBrains.ReSharper.Plugins.FSharp.Tests.Features.FSharpErrorsParserTest" total="15" passed="15" failed="0" inconclusive="0" skipped="0" result="Passed" duration="0.447">
                  <test-case name="Expr - CompExpr - Range 01" fullname="JetBrains.ReSharper.Plugins.FSharp.Tests.Features.FSharpErrorsParserTest.Expr - CompExpr - Range 01" methodname="Expr - CompExpr - Range 01" classname="FSharpErrorsParserTest" result="Passed" duration="0.051" asserts="0">
                    <properties>
                      <property name="Category" value="Parser" />
                    </properties>
                    <output><![CDATA[ReSharper LogPath is: C:\Users\berej\AppData\Local\Temp\JetLogs\ReSharperTests\resharper.log
Per-Test LogPath is: C:\Users\berej\AppData\Local\Temp\JetLogs\ReSharperTests\FSharpErrorsParserTest\Expr - CompExpr - Range 01.log

]]></output>
                  </test-case>
                  <test-case name="Expr - CompExpr - Range 02 - Step" fullname="JetBrains.ReSharper.Plugins.FSharp.Tests.Features.FSharpErrorsParserTest.Expr - CompExpr - Range 02 - Step" methodname="Expr - CompExpr - Range 02 - Step" classname="FSharpErrorsParserTest" result="Passed" duration="0.028" asserts="0">
                    <properties>
                      <property name="Category" value="Parser" />
                    </properties>
                    <output><![CDATA[ReSharper LogPath is: C:\Users\berej\AppData\Local\Temp\JetLogs\ReSharperTests\resharper.log
Per-Test LogPath is: C:\Users\berej\AppData\Local\Temp\JetLogs\ReSharperTests\FSharpErrorsParserTest\Expr - CompExpr - Range 02 - Step.log

]]></output>
                  </test-case>
                  <test-case name="Expr - CompExpr - Range 03" fullname="JetBrains.ReSharper.Plugins.FSharp.Tests.Features.FSharpErrorsParserTest.Expr - CompExpr - Range 03" methodname="Expr - CompExpr - Range 03" classname="FSharpErrorsParserTest" result="Passed" duration="0.023" asserts="0">
                    <properties>
                      <property name="Category" value="Parser" />
                    </properties>
                    <output><![CDATA[ReSharper LogPath is: C:\Users\berej\AppData\Local\Temp\JetLogs\ReSharperTests\resharper.log
Per-Test LogPath is: C:\Users\berej\AppData\Local\Temp\JetLogs\ReSharperTests\FSharpErrorsParserTest\Expr - CompExpr - Range 03.log

]]></output>
                  </test-case>
                  <test-case name="Expr - For 01 - Rarrow" fullname="JetBrains.ReSharper.Plugins.FSharp.Tests.Features.FSharpErrorsParserTest.Expr - For 01 - Rarrow" methodname="Expr - For 01 - Rarrow" classname="FSharpErrorsParserTest" result="Passed" duration="0.031" asserts="0">
                    <properties>
                      <property name="Category" value="Parser" />
                    </properties>
                    <output><![CDATA[ReSharper LogPath is: C:\Users\berej\AppData\Local\Temp\JetLogs\ReSharperTests\resharper.log
Per-Test LogPath is: C:\Users\berej\AppData\Local\Temp\JetLogs\ReSharperTests\FSharpErrorsParserTest\Expr - For 01 - Rarrow.log

]]></output>
                  </test-case>
                  <test-case name="Expr - If 01" fullname="JetBrains.ReSharper.Plugins.FSharp.Tests.Features.FSharpErrorsParserTest.Expr - If 01" methodname="Expr - If 01" classname="FSharpErrorsParserTest" result="Passed" duration="0.028" asserts="0">
                    <properties>
                      <property name="Category" value="Parser" />
                    </properties>
                    <output><![CDATA[ReSharper LogPath is: C:\Users\berej\AppData\Local\Temp\JetLogs\ReSharperTests\resharper.log
Per-Test LogPath is: C:\Users\berej\AppData\Local\Temp\JetLogs\ReSharperTests\FSharpErrorsParserTest\Expr - If 01.log

]]></output>
                  </test-case>
                  <test-case name="Expr - If 02" fullname="JetBrains.ReSharper.Plugins.FSharp.Tests.Features.FSharpErrorsParserTest.Expr - If 02" methodname="Expr - If 02" classname="FSharpErrorsParserTest" result="Passed" duration="0.027" asserts="0">
                    <properties>
                      <property name="Category" value="Parser" />
                    </properties>
                    <output><![CDATA[ReSharper LogPath is: C:\Users\berej\AppData\Local\Temp\JetLogs\ReSharperTests\resharper.log
Per-Test LogPath is: C:\Users\berej\AppData\Local\Temp\JetLogs\ReSharperTests\FSharpErrorsParserTest\Expr - If 02.log

]]></output>
                  </test-case>
                  <test-case name="Expr - Lambda 01" fullname="JetBrains.ReSharper.Plugins.FSharp.Tests.Features.FSharpErrorsParserTest.Expr - Lambda 01" methodname="Expr - Lambda 01" classname="FSharpErrorsParserTest" result="Passed" duration="0.031" asserts="0">
                    <properties>
                      <property name="Category" value="Parser" />
                    </properties>
                    <output><![CDATA[ReSharper LogPath is: C:\Users\berej\AppData\Local\Temp\JetLogs\ReSharperTests\resharper.log
Per-Test LogPath is: C:\Users\berej\AppData\Local\Temp\JetLogs\ReSharperTests\FSharpErrorsParserTest\Expr - Lambda 01.log

]]></output>
                  </test-case>
                  <test-case name="Expr - List - Comprehension 01 - ForExpr" fullname="JetBrains.ReSharper.Plugins.FSharp.Tests.Features.FSharpErrorsParserTest.Expr - List - Comprehension 01 - ForExpr" methodname="Expr - List - Comprehension 01 - ForExpr" classname="FSharpErrorsParserTest" result="Passed" duration="0.029" asserts="0">
                    <properties>
                      <property name="Category" value="Parser" />
                    </properties>
                    <output><![CDATA[ReSharper LogPath is: C:\Users\berej\AppData\Local\Temp\JetLogs\ReSharperTests\resharper.log
Per-Test LogPath is: C:\Users\berej\AppData\Local\Temp\JetLogs\ReSharperTests\FSharpErrorsParserTest\Expr - List - Comprehension 01 - ForExpr.log

]]></output>
                  </test-case>
                  <test-case name="Expr - New 01" fullname="JetBrains.ReSharper.Plugins.FSharp.Tests.Features.FSharpErrorsParserTest.Expr - New 01" methodname="Expr - New 01" classname="FSharpErrorsParserTest" result="Passed" duration="0.03" asserts="0">
                    <properties>
                      <property name="Category" value="Parser" />
                    </properties>
                    <output><![CDATA[ReSharper LogPath is: C:\Users\berej\AppData\Local\Temp\JetLogs\ReSharperTests\resharper.log
Per-Test LogPath is: C:\Users\berej\AppData\Local\Temp\JetLogs\ReSharperTests\FSharpErrorsParserTest\Expr - New 01.log

]]></output>
                  </test-case>
                  <test-case name="Expr - Unfinished let 01" fullname="JetBrains.ReSharper.Plugins.FSharp.Tests.Features.FSharpErrorsParserTest.Expr - Unfinished let 01" methodname="Expr - Unfinished let 01" classname="FSharpErrorsParserTest" result="Passed" duration="0.031" asserts="0">
                    <properties>
                      <property name="Category" value="Parser" />
                    </properties>
                    <output><![CDATA[ReSharper LogPath is: C:\Users\berej\AppData\Local\Temp\JetLogs\ReSharperTests\resharper.log
Per-Test LogPath is: C:\Users\berej\AppData\Local\Temp\JetLogs\ReSharperTests\FSharpErrorsParserTest\Expr - Unfinished let 01.log

]]></output>
                  </test-case>
                  <test-case name="Expr - Unfinished let 02 - In" fullname="JetBrains.ReSharper.Plugins.FSharp.Tests.Features.FSharpErrorsParserTest.Expr - Unfinished let 02 - In" methodname="Expr - Unfinished let 02 - In" classname="FSharpErrorsParserTest" result="Passed" duration="0.029" asserts="0">
                    <properties>
                      <property name="Category" value="Parser" />
                    </properties>
                    <output><![CDATA[ReSharper LogPath is: C:\Users\berej\AppData\Local\Temp\JetLogs\ReSharperTests\resharper.log
Per-Test LogPath is: C:\Users\berej\AppData\Local\Temp\JetLogs\ReSharperTests\FSharpErrorsParserTest\Expr - Unfinished let 02 - In.log

]]></output>
                  </test-case>
                  <test-case name="Expr - Unfinished let 03 - Inline in" fullname="JetBrains.ReSharper.Plugins.FSharp.Tests.Features.FSharpErrorsParserTest.Expr - Unfinished let 03 - Inline in" methodname="Expr - Unfinished let 03 - Inline in" classname="FSharpErrorsParserTest" result="Passed" duration="0.024" asserts="0">
                    <properties>
                      <property name="Category" value="Parser" />
                    </properties>
                    <output><![CDATA[ReSharper LogPath is: C:\Users\berej\AppData\Local\Temp\JetLogs\ReSharperTests\resharper.log
Per-Test LogPath is: C:\Users\berej\AppData\Local\Temp\JetLogs\ReSharperTests\FSharpErrorsParserTest\Expr - Unfinished let 03 - Inline in.log

]]></output>
                  </test-case>
                  <test-case name="Expr - Unfinished let 04 - In, before other" fullname="JetBrains.ReSharper.Plugins.FSharp.Tests.Features.FSharpErrorsParserTest.Expr - Unfinished let 04 - In, before other" methodname="Expr - Unfinished let 04 - In, before other" classname="FSharpErrorsParserTest" result="Passed" duration="0.031" asserts="0">
                    <properties>
                      <property name="Category" value="Parser" />
                    </properties>
                    <output><![CDATA[ReSharper LogPath is: C:\Users\berej\AppData\Local\Temp\JetLogs\ReSharperTests\resharper.log
Per-Test LogPath is: C:\Users\berej\AppData\Local\Temp\JetLogs\ReSharperTests\FSharpErrorsParserTest\Expr - Unfinished let 04 - In, before other.log

]]></output>
                  </test-case>
                  <test-case name="Expr - Yield 01" fullname="JetBrains.ReSharper.Plugins.FSharp.Tests.Features.FSharpErrorsParserTest.Expr - Yield 01" methodname="Expr - Yield 01" classname="FSharpErrorsParserTest" result="Passed" duration="0.024" asserts="0">
                    <properties>
                      <property name="Category" value="Parser" />
                    </properties>
                    <output><![CDATA[ReSharper LogPath is: C:\Users\berej\AppData\Local\Temp\JetLogs\ReSharperTests\resharper.log
Per-Test LogPath is: C:\Users\berej\AppData\Local\Temp\JetLogs\ReSharperTests\FSharpErrorsParserTest\Expr - Yield 01.log

]]></output>
                  </test-case>
                  <test-case name="Line separators 01" fullname="JetBrains.ReSharper.Plugins.FSharp.Tests.Features.FSharpErrorsParserTest.Line separators 01" methodname="Line separators 01" classname="FSharpErrorsParserTest" result="Passed" duration="0.03" asserts="0">
                    <properties>
                      <property name="Category" value="Parser" />
                    </properties>
                    <output><![CDATA[ReSharper LogPath is: C:\Users\berej\AppData\Local\Temp\JetLogs\ReSharperTests\resharper.log
Per-Test LogPath is: C:\Users\berej\AppData\Local\Temp\JetLogs\ReSharperTests\FSharpErrorsParserTest\Line separators 01.log

]]></output>
                  </test-case>
                </test-suite>
                <test-suite type="TestFixture" name="FSharpExtendSelectionTest" fullname="JetBrains.ReSharper.Plugins.FSharp.Tests.Features.FSharpExtendSelectionTest" total="32" passed="32" failed="0" inconclusive="0" skipped="0" result="Passed" duration="1.092">
                  <test-case name="Infix expr - Argument" fullname="JetBrains.ReSharper.Plugins.FSharp.Tests.Features.FSharpExtendSelectionTest.Infix expr - Argument" methodname="Infix expr - Argument" classname="FSharpExtendSelectionTest" result="Passed" duration="0.06" asserts="0">
                    <properties>
                      <property name="Category" value="SelectEmbracingConstruct" />
                    </properties>
                    <output><![CDATA[ReSharper LogPath is: C:\Users\berej\AppData\Local\Temp\JetLogs\ReSharperTests\resharper.log
Per-Test LogPath is: C:\Users\berej\AppData\Local\Temp\JetLogs\ReSharperTests\FSharpExtendSelectionTest\Infix expr - Argument.log

]]></output>
                  </test-case>
                  <test-case name="Infix expr - Nested - Argument 01" fullname="JetBrains.ReSharper.Plugins.FSharp.Tests.Features.FSharpExtendSelectionTest.Infix expr - Nested - Argument 01" methodname="Infix expr - Nested - Argument 01" classname="FSharpExtendSelectionTest" result="Passed" duration="0.039" asserts="0">
                    <properties>
                      <property name="Category" value="SelectEmbracingConstruct" />
                    </properties>
                    <output><![CDATA[ReSharper LogPath is: C:\Users\berej\AppData\Local\Temp\JetLogs\ReSharperTests\resharper.log
Per-Test LogPath is: C:\Users\berej\AppData\Local\Temp\JetLogs\ReSharperTests\FSharpExtendSelectionTest\Infix expr - Nested - Argument 01.log

]]></output>
                  </test-case>
                  <test-case name="Infix expr - Nested - Argument 02" fullname="JetBrains.ReSharper.Plugins.FSharp.Tests.Features.FSharpExtendSelectionTest.Infix expr - Nested - Argument 02" methodname="Infix expr - Nested - Argument 02" classname="FSharpExtendSelectionTest" result="Passed" duration="0.029" asserts="0">
                    <properties>
                      <property name="Category" value="SelectEmbracingConstruct" />
                    </properties>
                    <output><![CDATA[ReSharper LogPath is: C:\Users\berej\AppData\Local\Temp\JetLogs\ReSharperTests\resharper.log
Per-Test LogPath is: C:\Users\berej\AppData\Local\Temp\JetLogs\ReSharperTests\FSharpExtendSelectionTest\Infix expr - Nested - Argument 02.log

]]></output>
                  </test-case>
                  <test-case name="Infix expr - Nested - Operator 01" fullname="JetBrains.ReSharper.Plugins.FSharp.Tests.Features.FSharpExtendSelectionTest.Infix expr - Nested - Operator 01" methodname="Infix expr - Nested - Operator 01" classname="FSharpExtendSelectionTest" result="Passed" duration="0.029" asserts="0">
                    <properties>
                      <property name="Category" value="SelectEmbracingConstruct" />
                    </properties>
                    <output><![CDATA[ReSharper LogPath is: C:\Users\berej\AppData\Local\Temp\JetLogs\ReSharperTests\resharper.log
Per-Test LogPath is: C:\Users\berej\AppData\Local\Temp\JetLogs\ReSharperTests\FSharpExtendSelectionTest\Infix expr - Nested - Operator 01.log

]]></output>
                  </test-case>
                  <test-case name="Infix expr - Nested - Operator 02" fullname="JetBrains.ReSharper.Plugins.FSharp.Tests.Features.FSharpExtendSelectionTest.Infix expr - Nested - Operator 02" methodname="Infix expr - Nested - Operator 02" classname="FSharpExtendSelectionTest" result="Passed" duration="0.034" asserts="0">
                    <properties>
                      <property name="Category" value="SelectEmbracingConstruct" />
                    </properties>
                    <output><![CDATA[ReSharper LogPath is: C:\Users\berej\AppData\Local\Temp\JetLogs\ReSharperTests\resharper.log
Per-Test LogPath is: C:\Users\berej\AppData\Local\Temp\JetLogs\ReSharperTests\FSharpExtendSelectionTest\Infix expr - Nested - Operator 02.log

]]></output>
                  </test-case>
                  <test-case name="Infix expr - Operator" fullname="JetBrains.ReSharper.Plugins.FSharp.Tests.Features.FSharpExtendSelectionTest.Infix expr - Operator" methodname="Infix expr - Operator" classname="FSharpExtendSelectionTest" result="Passed" duration="0.03" asserts="0">
                    <properties>
                      <property name="Category" value="SelectEmbracingConstruct" />
                    </properties>
                    <output><![CDATA[ReSharper LogPath is: C:\Users\berej\AppData\Local\Temp\JetLogs\ReSharperTests\resharper.log
Per-Test LogPath is: C:\Users\berej\AppData\Local\Temp\JetLogs\ReSharperTests\FSharpExtendSelectionTest\Infix expr - Operator.log

]]></output>
                  </test-case>
                  <test-case name="Let - Binding 01" fullname="JetBrains.ReSharper.Plugins.FSharp.Tests.Features.FSharpExtendSelectionTest.Let - Binding 01" methodname="Let - Binding 01" classname="FSharpExtendSelectionTest" result="Passed" duration="0.057" asserts="0">
                    <properties>
                      <property name="Category" value="SelectEmbracingConstruct" />
                    </properties>
                    <output><![CDATA[ReSharper LogPath is: C:\Users\berej\AppData\Local\Temp\JetLogs\ReSharperTests\resharper.log
Per-Test LogPath is: C:\Users\berej\AppData\Local\Temp\JetLogs\ReSharperTests\FSharpExtendSelectionTest\Let - Binding 01.log

]]></output>
                  </test-case>
                  <test-case name="Let - Expr 01" fullname="JetBrains.ReSharper.Plugins.FSharp.Tests.Features.FSharpExtendSelectionTest.Let - Expr 01" methodname="Let - Expr 01" classname="FSharpExtendSelectionTest" result="Passed" duration="0.032" asserts="0">
                    <properties>
                      <property name="Category" value="SelectEmbracingConstruct" />
                    </properties>
                    <output><![CDATA[ReSharper LogPath is: C:\Users\berej\AppData\Local\Temp\JetLogs\ReSharperTests\resharper.log
Per-Test LogPath is: C:\Users\berej\AppData\Local\Temp\JetLogs\ReSharperTests\FSharpExtendSelectionTest\Let - Expr 01.log

]]></output>
                  </test-case>
                  <test-case name="Let - Keyword 01" fullname="JetBrains.ReSharper.Plugins.FSharp.Tests.Features.FSharpExtendSelectionTest.Let - Keyword 01" methodname="Let - Keyword 01" classname="FSharpExtendSelectionTest" result="Passed" duration="0.028" asserts="0">
                    <properties>
                      <property name="Category" value="SelectEmbracingConstruct" />
                    </properties>
                    <output><![CDATA[ReSharper LogPath is: C:\Users\berej\AppData\Local\Temp\JetLogs\ReSharperTests\resharper.log
Per-Test LogPath is: C:\Users\berej\AppData\Local\Temp\JetLogs\ReSharperTests\FSharpExtendSelectionTest\Let - Keyword 01.log

]]></output>
                  </test-case>
                  <test-case name="Let - Rec 01 - Let" fullname="JetBrains.ReSharper.Plugins.FSharp.Tests.Features.FSharpExtendSelectionTest.Let - Rec 01 - Let" methodname="Let - Rec 01 - Let" classname="FSharpExtendSelectionTest" result="Passed" duration="0.035" asserts="0">
                    <properties>
                      <property name="Category" value="SelectEmbracingConstruct" />
                    </properties>
                    <output><![CDATA[ReSharper LogPath is: C:\Users\berej\AppData\Local\Temp\JetLogs\ReSharperTests\resharper.log
Per-Test LogPath is: C:\Users\berej\AppData\Local\Temp\JetLogs\ReSharperTests\FSharpExtendSelectionTest\Let - Rec 01 - Let.log

]]></output>
                  </test-case>
                  <test-case name="Let - Rec 02 - First" fullname="JetBrains.ReSharper.Plugins.FSharp.Tests.Features.FSharpExtendSelectionTest.Let - Rec 02 - First" methodname="Let - Rec 02 - First" classname="FSharpExtendSelectionTest" result="Passed" duration="0.03" asserts="0">
                    <properties>
                      <property name="Category" value="SelectEmbracingConstruct" />
                    </properties>
                    <output><![CDATA[ReSharper LogPath is: C:\Users\berej\AppData\Local\Temp\JetLogs\ReSharperTests\resharper.log
Per-Test LogPath is: C:\Users\berej\AppData\Local\Temp\JetLogs\ReSharperTests\FSharpExtendSelectionTest\Let - Rec 02 - First.log

]]></output>
                  </test-case>
                  <test-case name="Let - Rec 03 - Other" fullname="JetBrains.ReSharper.Plugins.FSharp.Tests.Features.FSharpExtendSelectionTest.Let - Rec 03 - Other" methodname="Let - Rec 03 - Other" classname="FSharpExtendSelectionTest" result="Passed" duration="0.031" asserts="0">
                    <properties>
                      <property name="Category" value="SelectEmbracingConstruct" />
                    </properties>
                    <output><![CDATA[ReSharper LogPath is: C:\Users\berej\AppData\Local\Temp\JetLogs\ReSharperTests\resharper.log
Per-Test LogPath is: C:\Users\berej\AppData\Local\Temp\JetLogs\ReSharperTests\FSharpExtendSelectionTest\Let - Rec 03 - Other.log

]]></output>
                  </test-case>
                  <test-case name="Let - Rec 04 - Rec" fullname="JetBrains.ReSharper.Plugins.FSharp.Tests.Features.FSharpExtendSelectionTest.Let - Rec 04 - Rec" methodname="Let - Rec 04 - Rec" classname="FSharpExtendSelectionTest" result="Passed" duration="0.033" asserts="0">
                    <properties>
                      <property name="Category" value="SelectEmbracingConstruct" />
                    </properties>
                    <output><![CDATA[ReSharper LogPath is: C:\Users\berej\AppData\Local\Temp\JetLogs\ReSharperTests\resharper.log
Per-Test LogPath is: C:\Users\berej\AppData\Local\Temp\JetLogs\ReSharperTests\FSharpExtendSelectionTest\Let - Rec 04 - Rec.log

]]></output>
                  </test-case>
                  <test-case name="Let - Rec 05 - And" fullname="JetBrains.ReSharper.Plugins.FSharp.Tests.Features.FSharpExtendSelectionTest.Let - Rec 05 - And" methodname="Let - Rec 05 - And" classname="FSharpExtendSelectionTest" result="Passed" duration="0.033" asserts="0">
                    <properties>
                      <property name="Category" value="SelectEmbracingConstruct" />
                    </properties>
                    <output><![CDATA[ReSharper LogPath is: C:\Users\berej\AppData\Local\Temp\JetLogs\ReSharperTests\resharper.log
Per-Test LogPath is: C:\Users\berej\AppData\Local\Temp\JetLogs\ReSharperTests\FSharpExtendSelectionTest\Let - Rec 05 - And.log

]]></output>
                  </test-case>
                  <test-case name="Let - Top level 01" fullname="JetBrains.ReSharper.Plugins.FSharp.Tests.Features.FSharpExtendSelectionTest.Let - Top level 01" methodname="Let - Top level 01" classname="FSharpExtendSelectionTest" result="Passed" duration="0.033" asserts="0">
                    <properties>
                      <property name="Category" value="SelectEmbracingConstruct" />
                    </properties>
                    <output><![CDATA[ReSharper LogPath is: C:\Users\berej\AppData\Local\Temp\JetLogs\ReSharperTests\resharper.log
Per-Test LogPath is: C:\Users\berej\AppData\Local\Temp\JetLogs\ReSharperTests\FSharpExtendSelectionTest\Let - Top level 01.log

]]></output>
                  </test-case>
                  <test-case name="Let - Top level 02 - Rec, other" fullname="JetBrains.ReSharper.Plugins.FSharp.Tests.Features.FSharpExtendSelectionTest.Let - Top level 02 - Rec, other" methodname="Let - Top level 02 - Rec, other" classname="FSharpExtendSelectionTest" result="Passed" duration="0.037" asserts="0">
                    <properties>
                      <property name="Category" value="SelectEmbracingConstruct" />
                    </properties>
                    <output><![CDATA[ReSharper LogPath is: C:\Users\berej\AppData\Local\Temp\JetLogs\ReSharperTests\resharper.log
Per-Test LogPath is: C:\Users\berej\AppData\Local\Temp\JetLogs\ReSharperTests\FSharpExtendSelectionTest\Let - Top level 02 - Rec, other.log

]]></output>
                  </test-case>
                  <test-case name="Let - Top level 03 - Rec, attrs" fullname="JetBrains.ReSharper.Plugins.FSharp.Tests.Features.FSharpExtendSelectionTest.Let - Top level 03 - Rec, attrs" methodname="Let - Top level 03 - Rec, attrs" classname="FSharpExtendSelectionTest" result="Passed" duration="0.034" asserts="0">
                    <properties>
                      <property name="Category" value="SelectEmbracingConstruct" />
                    </properties>
                    <output><![CDATA[ReSharper LogPath is: C:\Users\berej\AppData\Local\Temp\JetLogs\ReSharperTests\resharper.log
Per-Test LogPath is: C:\Users\berej\AppData\Local\Temp\JetLogs\ReSharperTests\FSharpExtendSelectionTest\Let - Top level 03 - Rec, attrs.log

]]></output>
                  </test-case>
                  <test-case name="Match clause - When 01 - Pat" fullname="JetBrains.ReSharper.Plugins.FSharp.Tests.Features.FSharpExtendSelectionTest.Match clause - When 01 - Pat" methodname="Match clause - When 01 - Pat" classname="FSharpExtendSelectionTest" result="Passed" duration="0.037" asserts="0">
                    <properties>
                      <property name="Category" value="SelectEmbracingConstruct" />
                    </properties>
                    <output><![CDATA[ReSharper LogPath is: C:\Users\berej\AppData\Local\Temp\JetLogs\ReSharperTests\resharper.log
Per-Test LogPath is: C:\Users\berej\AppData\Local\Temp\JetLogs\ReSharperTests\FSharpExtendSelectionTest\Match clause - When 01 - Pat.log

]]></output>
                  </test-case>
                  <test-case name="Match clause - When 02 - When" fullname="JetBrains.ReSharper.Plugins.FSharp.Tests.Features.FSharpExtendSelectionTest.Match clause - When 02 - When" methodname="Match clause - When 02 - When" classname="FSharpExtendSelectionTest" result="Passed" duration="0.03" asserts="0">
                    <properties>
                      <property name="Category" value="SelectEmbracingConstruct" />
                    </properties>
                    <output><![CDATA[ReSharper LogPath is: C:\Users\berej\AppData\Local\Temp\JetLogs\ReSharperTests\resharper.log
Per-Test LogPath is: C:\Users\berej\AppData\Local\Temp\JetLogs\ReSharperTests\FSharpExtendSelectionTest\Match clause - When 02 - When.log

]]></output>
                  </test-case>
                  <test-case name="Match clause - When 03 - Expr" fullname="JetBrains.ReSharper.Plugins.FSharp.Tests.Features.FSharpExtendSelectionTest.Match clause - When 03 - Expr" methodname="Match clause - When 03 - Expr" classname="FSharpExtendSelectionTest" result="Passed" duration="0.033" asserts="0">
                    <properties>
                      <property name="Category" value="SelectEmbracingConstruct" />
                    </properties>
                    <output><![CDATA[ReSharper LogPath is: C:\Users\berej\AppData\Local\Temp\JetLogs\ReSharperTests\resharper.log
Per-Test LogPath is: C:\Users\berej\AppData\Local\Temp\JetLogs\ReSharperTests\FSharpExtendSelectionTest\Match clause - When 03 - Expr.log

]]></output>
                  </test-case>
                  <test-case name="Module qualifier 01 - Name" fullname="JetBrains.ReSharper.Plugins.FSharp.Tests.Features.FSharpExtendSelectionTest.Module qualifier 01 - Name" methodname="Module qualifier 01 - Name" classname="FSharpExtendSelectionTest" result="Passed" duration="0.032" asserts="0">
                    <properties>
                      <property name="Category" value="SelectEmbracingConstruct" />
                    </properties>
                    <output><![CDATA[ReSharper LogPath is: C:\Users\berej\AppData\Local\Temp\JetLogs\ReSharperTests\resharper.log
Per-Test LogPath is: C:\Users\berej\AppData\Local\Temp\JetLogs\ReSharperTests\FSharpExtendSelectionTest\Module qualifier 01 - Name.log

]]></output>
                  </test-case>
                  <test-case name="Module qualifier 02 - Qualifier" fullname="JetBrains.ReSharper.Plugins.FSharp.Tests.Features.FSharpExtendSelectionTest.Module qualifier 02 - Qualifier" methodname="Module qualifier 02 - Qualifier" classname="FSharpExtendSelectionTest" result="Passed" duration="0.031" asserts="0">
                    <properties>
                      <property name="Category" value="SelectEmbracingConstruct" />
                    </properties>
                    <output><![CDATA[ReSharper LogPath is: C:\Users\berej\AppData\Local\Temp\JetLogs\ReSharperTests\resharper.log
Per-Test LogPath is: C:\Users\berej\AppData\Local\Temp\JetLogs\ReSharperTests\FSharpExtendSelectionTest\Module qualifier 02 - Qualifier.log

]]></output>
                  </test-case>
                  <test-case name="Module qualifier 03 - Multiple qualifiers" fullname="JetBrains.ReSharper.Plugins.FSharp.Tests.Features.FSharpExtendSelectionTest.Module qualifier 03 - Multiple qualifiers" methodname="Module qualifier 03 - Multiple qualifiers" classname="FSharpExtendSelectionTest" result="Passed" duration="0.029" asserts="0">
                    <properties>
                      <property name="Category" value="SelectEmbracingConstruct" />
                    </properties>
                    <output><![CDATA[ReSharper LogPath is: C:\Users\berej\AppData\Local\Temp\JetLogs\ReSharperTests\resharper.log
Per-Test LogPath is: C:\Users\berej\AppData\Local\Temp\JetLogs\ReSharperTests\FSharpExtendSelectionTest\Module qualifier 03 - Multiple qualifiers.log

]]></output>
                  </test-case>
                  <test-case name="Target attribute 01 - Type name" fullname="JetBrains.ReSharper.Plugins.FSharp.Tests.Features.FSharpExtendSelectionTest.Target attribute 01 - Type name" methodname="Target attribute 01 - Type name" classname="FSharpExtendSelectionTest" result="Passed" duration="0.037" asserts="0">
                    <properties>
                      <property name="Category" value="SelectEmbracingConstruct" />
                    </properties>
                    <output><![CDATA[ReSharper LogPath is: C:\Users\berej\AppData\Local\Temp\JetLogs\ReSharperTests\resharper.log
Per-Test LogPath is: C:\Users\berej\AppData\Local\Temp\JetLogs\ReSharperTests\FSharpExtendSelectionTest\Target attribute 01 - Type name.log

]]></output>
                  </test-case>
                  <test-case name="Target attribute 02 - Arg expr" fullname="JetBrains.ReSharper.Plugins.FSharp.Tests.Features.FSharpExtendSelectionTest.Target attribute 02 - Arg expr" methodname="Target attribute 02 - Arg expr" classname="FSharpExtendSelectionTest" result="Passed" duration="0.029" asserts="0">
                    <properties>
                      <property name="Category" value="SelectEmbracingConstruct" />
                    </properties>
                    <output><![CDATA[ReSharper LogPath is: C:\Users\berej\AppData\Local\Temp\JetLogs\ReSharperTests\resharper.log
Per-Test LogPath is: C:\Users\berej\AppData\Local\Temp\JetLogs\ReSharperTests\FSharpExtendSelectionTest\Target attribute 02 - Arg expr.log

]]></output>
                  </test-case>
                  <test-case name="Type extension qualifier 01 - Name" fullname="JetBrains.ReSharper.Plugins.FSharp.Tests.Features.FSharpExtendSelectionTest.Type extension qualifier 01 - Name" methodname="Type extension qualifier 01 - Name" classname="FSharpExtendSelectionTest" result="Passed" duration="0.033" asserts="0">
                    <properties>
                      <property name="Category" value="SelectEmbracingConstruct" />
                    </properties>
                    <output><![CDATA[ReSharper LogPath is: C:\Users\berej\AppData\Local\Temp\JetLogs\ReSharperTests\resharper.log
Per-Test LogPath is: C:\Users\berej\AppData\Local\Temp\JetLogs\ReSharperTests\FSharpExtendSelectionTest\Type extension qualifier 01 - Name.log

]]></output>
                  </test-case>
                  <test-case name="Type extension qualifier 02 - Qualifier" fullname="JetBrains.ReSharper.Plugins.FSharp.Tests.Features.FSharpExtendSelectionTest.Type extension qualifier 02 - Qualifier" methodname="Type extension qualifier 02 - Qualifier" classname="FSharpExtendSelectionTest" result="Passed" duration="0.03" asserts="0">
                    <properties>
                      <property name="Category" value="SelectEmbracingConstruct" />
                    </properties>
                    <output><![CDATA[ReSharper LogPath is: C:\Users\berej\AppData\Local\Temp\JetLogs\ReSharperTests\resharper.log
Per-Test LogPath is: C:\Users\berej\AppData\Local\Temp\JetLogs\ReSharperTests\FSharpExtendSelectionTest\Type extension qualifier 02 - Qualifier.log

]]></output>
                  </test-case>
                  <test-case name="Type inheritance 01 - Type name" fullname="JetBrains.ReSharper.Plugins.FSharp.Tests.Features.FSharpExtendSelectionTest.Type inheritance 01 - Type name" methodname="Type inheritance 01 - Type name" classname="FSharpExtendSelectionTest" result="Passed" duration="0.033" asserts="0">
                    <properties>
                      <property name="Category" value="SelectEmbracingConstruct" />
                    </properties>
                    <output><![CDATA[ReSharper LogPath is: C:\Users\berej\AppData\Local\Temp\JetLogs\ReSharperTests\resharper.log
Per-Test LogPath is: C:\Users\berej\AppData\Local\Temp\JetLogs\ReSharperTests\FSharpExtendSelectionTest\Type inheritance 01 - Type name.log

]]></output>
                  </test-case>
                  <test-case name="Type inheritance 02 - Ctor arg" fullname="JetBrains.ReSharper.Plugins.FSharp.Tests.Features.FSharpExtendSelectionTest.Type inheritance 02 - Ctor arg" methodname="Type inheritance 02 - Ctor arg" classname="FSharpExtendSelectionTest" result="Passed" duration="0.03" asserts="0">
                    <properties>
                      <property name="Category" value="SelectEmbracingConstruct" />
                    </properties>
                    <output><![CDATA[ReSharper LogPath is: C:\Users\berej\AppData\Local\Temp\JetLogs\ReSharperTests\resharper.log
Per-Test LogPath is: C:\Users\berej\AppData\Local\Temp\JetLogs\ReSharperTests\FSharpExtendSelectionTest\Type inheritance 02 - Ctor arg.log

]]></output>
                  </test-case>
                  <test-case name="Unit expr 01" fullname="JetBrains.ReSharper.Plugins.FSharp.Tests.Features.FSharpExtendSelectionTest.Unit expr 01" methodname="Unit expr 01" classname="FSharpExtendSelectionTest" result="Passed" duration="0.036" asserts="0">
                    <properties>
                      <property name="Category" value="SelectEmbracingConstruct" />
                    </properties>
                    <output><![CDATA[ReSharper LogPath is: C:\Users\berej\AppData\Local\Temp\JetLogs\ReSharperTests\resharper.log
Per-Test LogPath is: C:\Users\berej\AppData\Local\Temp\JetLogs\ReSharperTests\FSharpExtendSelectionTest\Unit expr 01.log

]]></output>
                  </test-case>
                  <test-case name="Unit expr 02 - Parens" fullname="JetBrains.ReSharper.Plugins.FSharp.Tests.Features.FSharpExtendSelectionTest.Unit expr 02 - Parens" methodname="Unit expr 02 - Parens" classname="FSharpExtendSelectionTest" result="Passed" duration="0.032" asserts="0">
                    <properties>
                      <property name="Category" value="SelectEmbracingConstruct" />
                    </properties>
                    <output><![CDATA[ReSharper LogPath is: C:\Users\berej\AppData\Local\Temp\JetLogs\ReSharperTests\resharper.log
Per-Test LogPath is: C:\Users\berej\AppData\Local\Temp\JetLogs\ReSharperTests\FSharpExtendSelectionTest\Unit expr 02 - Parens.log

]]></output>
                  </test-case>
                  <test-case name="Unit expr 03 - Space inside" fullname="JetBrains.ReSharper.Plugins.FSharp.Tests.Features.FSharpExtendSelectionTest.Unit expr 03 - Space inside" methodname="Unit expr 03 - Space inside" classname="FSharpExtendSelectionTest" result="Passed" duration="0.036" asserts="0">
                    <properties>
                      <property name="Category" value="SelectEmbracingConstruct" />
                    </properties>
                    <output><![CDATA[ReSharper LogPath is: C:\Users\berej\AppData\Local\Temp\JetLogs\ReSharperTests\resharper.log
Per-Test LogPath is: C:\Users\berej\AppData\Local\Temp\JetLogs\ReSharperTests\FSharpExtendSelectionTest\Unit expr 03 - Space inside.log

]]></output>
                  </test-case>
                </test-suite>
                <test-suite type="TestFixture" name="FSharpMetadataReaderTest" fullname="JetBrains.ReSharper.Plugins.FSharp.Tests.Features.FSharpMetadataReaderTest" total="2" passed="2" failed="0" inconclusive="0" skipped="0" result="Passed" duration="0.102">
                  <test-case name="FSharpCore" fullname="JetBrains.ReSharper.Plugins.FSharp.Tests.Features.FSharpMetadataReaderTest.FSharpCore" methodname="FSharpCore" classname="FSharpMetadataReaderTest" result="Passed" duration="0.071" asserts="0">
                    <output><![CDATA[ReSharper LogPath is: C:\Users\berej\AppData\Local\Temp\JetLogs\ReSharperTests\resharper.log
Per-Test LogPath is: C:\Users\berej\AppData\Local\Temp\JetLogs\ReSharperTests\FSharpMetadataReaderTest\FSharpCore.log

]]></output>
                  </test-case>
                  <test-case name="Type in global namespace" fullname="JetBrains.ReSharper.Plugins.FSharp.Tests.Features.FSharpMetadataReaderTest.Type in global namespace" methodname="Type in global namespace" classname="FSharpMetadataReaderTest" result="Passed" duration="0.031" asserts="0">
                    <output><![CDATA[ReSharper LogPath is: C:\Users\berej\AppData\Local\Temp\JetLogs\ReSharperTests\resharper.log
Per-Test LogPath is: C:\Users\berej\AppData\Local\Temp\JetLogs\ReSharperTests\FSharpMetadataReaderTest\Type in global namespace.log

]]></output>
                  </test-case>
                </test-suite>
                <test-suite type="TestFixture" name="FSharpNamingTest" fullname="JetBrains.ReSharper.Plugins.FSharp.Tests.Features.FSharpNamingTest" total="26" passed="26" failed="0" inconclusive="0" skipped="0" result="Passed" duration="1.17">
                  <test-case name="AppExpr 01" fullname="JetBrains.ReSharper.Plugins.FSharp.Tests.Features.FSharpNamingTest.AppExpr 01" methodname="AppExpr 01" classname="FSharpNamingTest" result="Passed" duration="0.094" asserts="0">
                    <output><![CDATA[ReSharper LogPath is: C:\Users\berej\AppData\Local\Temp\JetLogs\ReSharperTests\resharper.log
Per-Test LogPath is: C:\Users\berej\AppData\Local\Temp\JetLogs\ReSharperTests\FSharpNamingTest\AppExpr 01.log

]]></output>
                  </test-case>
                  <test-case name="AppExpr 02 - More args" fullname="JetBrains.ReSharper.Plugins.FSharp.Tests.Features.FSharpNamingTest.AppExpr 02 - More args" methodname="AppExpr 02 - More args" classname="FSharpNamingTest" result="Passed" duration="0.038" asserts="0">
                    <output><![CDATA[ReSharper LogPath is: C:\Users\berej\AppData\Local\Temp\JetLogs\ReSharperTests\resharper.log
Per-Test LogPath is: C:\Users\berej\AppData\Local\Temp\JetLogs\ReSharperTests\FSharpNamingTest\AppExpr 02 - More args.log

]]></output>
                  </test-case>
                  <test-case name="AppExpr 03 - Partial" fullname="JetBrains.ReSharper.Plugins.FSharp.Tests.Features.FSharpNamingTest.AppExpr 03 - Partial" methodname="AppExpr 03 - Partial" classname="FSharpNamingTest" result="Passed" duration="0.048" asserts="0">
                    <output><![CDATA[ReSharper LogPath is: C:\Users\berej\AppData\Local\Temp\JetLogs\ReSharperTests\resharper.log
Per-Test LogPath is: C:\Users\berej\AppData\Local\Temp\JetLogs\ReSharperTests\FSharpNamingTest\AppExpr 03 - Partial.log

]]></output>
                  </test-case>
                  <test-case name="Foreach 01" fullname="JetBrains.ReSharper.Plugins.FSharp.Tests.Features.FSharpNamingTest.Foreach 01" methodname="Foreach 01" classname="FSharpNamingTest" result="Passed" duration="0.072" asserts="0">
                    <output><![CDATA[ReSharper LogPath is: C:\Users\berej\AppData\Local\Temp\JetLogs\ReSharperTests\resharper.log
Per-Test LogPath is: C:\Users\berej\AppData\Local\Temp\JetLogs\ReSharperTests\FSharpNamingTest\Foreach 01.log

]]></output>
                  </test-case>
                  <test-case name="Indexer 01" fullname="JetBrains.ReSharper.Plugins.FSharp.Tests.Features.FSharpNamingTest.Indexer 01" methodname="Indexer 01" classname="FSharpNamingTest" result="Passed" duration="0.046" asserts="0">
                    <output><![CDATA[ReSharper LogPath is: C:\Users\berej\AppData\Local\Temp\JetLogs\ReSharperTests\resharper.log
Per-Test LogPath is: C:\Users\berej\AppData\Local\Temp\JetLogs\ReSharperTests\FSharpNamingTest\Indexer 01.log

]]></output>
                  </test-case>
                  <test-case name="Let 01 - Simple" fullname="JetBrains.ReSharper.Plugins.FSharp.Tests.Features.FSharpNamingTest.Let 01 - Simple" methodname="Let 01 - Simple" classname="FSharpNamingTest" result="Passed" duration="0.041" asserts="0">
                    <output><![CDATA[ReSharper LogPath is: C:\Users\berej\AppData\Local\Temp\JetLogs\ReSharperTests\resharper.log
Per-Test LogPath is: C:\Users\berej\AppData\Local\Temp\JetLogs\ReSharperTests\FSharpNamingTest\Let 01 - Simple.log

]]></output>
                  </test-case>
                  <test-case name="Let 02 - Tuple" fullname="JetBrains.ReSharper.Plugins.FSharp.Tests.Features.FSharpNamingTest.Let 02 - Tuple" methodname="Let 02 - Tuple" classname="FSharpNamingTest" result="Passed" duration="0.045" asserts="0">
                    <output><![CDATA[ReSharper LogPath is: C:\Users\berej\AppData\Local\Temp\JetLogs\ReSharperTests\resharper.log
Per-Test LogPath is: C:\Users\berej\AppData\Local\Temp\JetLogs\ReSharperTests\FSharpNamingTest\Let 02 - Tuple.log

]]></output>
                  </test-case>
                  <test-case name="Let 03 - Literal - Module" fullname="JetBrains.ReSharper.Plugins.FSharp.Tests.Features.FSharpNamingTest.Let 03 - Literal - Module" methodname="Let 03 - Literal - Module" classname="FSharpNamingTest" result="Passed" duration="0.034" asserts="0">
                    <output><![CDATA[ReSharper LogPath is: C:\Users\berej\AppData\Local\Temp\JetLogs\ReSharperTests\resharper.log
Per-Test LogPath is: C:\Users\berej\AppData\Local\Temp\JetLogs\ReSharperTests\FSharpNamingTest\Let 03 - Literal - Module.log

]]></output>
                  </test-case>
                  <test-case name="Let 04 - Literal - Type" fullname="JetBrains.ReSharper.Plugins.FSharp.Tests.Features.FSharpNamingTest.Let 04 - Literal - Type" methodname="Let 04 - Literal - Type" classname="FSharpNamingTest" result="Passed" duration="0.035" asserts="0">
                    <output><![CDATA[ReSharper LogPath is: C:\Users\berej\AppData\Local\Temp\JetLogs\ReSharperTests\resharper.log
Per-Test LogPath is: C:\Users\berej\AppData\Local\Temp\JetLogs\ReSharperTests\FSharpNamingTest\Let 04 - Literal - Type.log

]]></output>
                  </test-case>
                  <test-case name="Match 01" fullname="JetBrains.ReSharper.Plugins.FSharp.Tests.Features.FSharpNamingTest.Match 01" methodname="Match 01" classname="FSharpNamingTest" result="Passed" duration="0.033" asserts="0">
                    <output><![CDATA[ReSharper LogPath is: C:\Users\berej\AppData\Local\Temp\JetLogs\ReSharperTests\resharper.log
Per-Test LogPath is: C:\Users\berej\AppData\Local\Temp\JetLogs\ReSharperTests\FSharpNamingTest\Match 01.log

]]></output>
                  </test-case>
                  <test-case name="Match 02 - Some" fullname="JetBrains.ReSharper.Plugins.FSharp.Tests.Features.FSharpNamingTest.Match 02 - Some" methodname="Match 02 - Some" classname="FSharpNamingTest" result="Passed" duration="0.045" asserts="0">
                    <output><![CDATA[ReSharper LogPath is: C:\Users\berej\AppData\Local\Temp\JetLogs\ReSharperTests\resharper.log
Per-Test LogPath is: C:\Users\berej\AppData\Local\Temp\JetLogs\ReSharperTests\FSharpNamingTest\Match 02 - Some.log

]]></output>
                  </test-case>
                  <test-case name="Match 03 - ValueSome" fullname="JetBrains.ReSharper.Plugins.FSharp.Tests.Features.FSharpNamingTest.Match 03 - ValueSome" methodname="Match 03 - ValueSome" classname="FSharpNamingTest" result="Passed" duration="0.046" asserts="0">
                    <output><![CDATA[ReSharper LogPath is: C:\Users\berej\AppData\Local\Temp\JetLogs\ReSharperTests\resharper.log
Per-Test LogPath is: C:\Users\berej\AppData\Local\Temp\JetLogs\ReSharperTests\FSharpNamingTest\Match 03 - ValueSome.log

]]></output>
                  </test-case>
                  <test-case name="Match 04 - Ok" fullname="JetBrains.ReSharper.Plugins.FSharp.Tests.Features.FSharpNamingTest.Match 04 - Ok" methodname="Match 04 - Ok" classname="FSharpNamingTest" result="Passed" duration="0.039" asserts="0">
                    <output><![CDATA[ReSharper LogPath is: C:\Users\berej\AppData\Local\Temp\JetLogs\ReSharperTests\resharper.log
Per-Test LogPath is: C:\Users\berej\AppData\Local\Temp\JetLogs\ReSharperTests\FSharpNamingTest\Match 04 - Ok.log

]]></output>
                  </test-case>
                  <test-case name="Match 05 - Some - Parens" fullname="JetBrains.ReSharper.Plugins.FSharp.Tests.Features.FSharpNamingTest.Match 05 - Some - Parens" methodname="Match 05 - Some - Parens" classname="FSharpNamingTest" result="Passed" duration="0.044" asserts="0">
                    <output><![CDATA[ReSharper LogPath is: C:\Users\berej\AppData\Local\Temp\JetLogs\ReSharperTests\resharper.log
Per-Test LogPath is: C:\Users\berej\AppData\Local\Temp\JetLogs\ReSharperTests\FSharpNamingTest\Match 05 - Some - Parens.log

]]></output>
                  </test-case>
                  <test-case name="Match 06 - No suggestion" fullname="JetBrains.ReSharper.Plugins.FSharp.Tests.Features.FSharpNamingTest.Match 06 - No suggestion" methodname="Match 06 - No suggestion" classname="FSharpNamingTest" result="Passed" duration="0.034" asserts="0">
                    <output><![CDATA[ReSharper LogPath is: C:\Users\berej\AppData\Local\Temp\JetLogs\ReSharperTests\resharper.log
Per-Test LogPath is: C:\Users\berej\AppData\Local\Temp\JetLogs\ReSharperTests\FSharpNamingTest\Match 06 - No suggestion.log

]]></output>
                  </test-case>
                  <test-case name="Pipe - Left 01" fullname="JetBrains.ReSharper.Plugins.FSharp.Tests.Features.FSharpNamingTest.Pipe - Left 01" methodname="Pipe - Left 01" classname="FSharpNamingTest" result="Passed" duration="0.042" asserts="0">
                    <output><![CDATA[ReSharper LogPath is: C:\Users\berej\AppData\Local\Temp\JetLogs\ReSharperTests\resharper.log
Per-Test LogPath is: C:\Users\berej\AppData\Local\Temp\JetLogs\ReSharperTests\FSharpNamingTest\Pipe - Left 01.log

]]></output>
                  </test-case>
                  <test-case name="Pipe - Left 02 - Nested" fullname="JetBrains.ReSharper.Plugins.FSharp.Tests.Features.FSharpNamingTest.Pipe - Left 02 - Nested" methodname="Pipe - Left 02 - Nested" classname="FSharpNamingTest" result="Passed" duration="0.042" asserts="0">
                    <output><![CDATA[ReSharper LogPath is: C:\Users\berej\AppData\Local\Temp\JetLogs\ReSharperTests\resharper.log
Per-Test LogPath is: C:\Users\berej\AppData\Local\Temp\JetLogs\ReSharperTests\FSharpNamingTest\Pipe - Left 02 - Nested.log

]]></output>
                  </test-case>
                  <test-case name="Pipe - Right 01" fullname="JetBrains.ReSharper.Plugins.FSharp.Tests.Features.FSharpNamingTest.Pipe - Right 01" methodname="Pipe - Right 01" classname="FSharpNamingTest" result="Passed" duration="0.048" asserts="0">
                    <output><![CDATA[ReSharper LogPath is: C:\Users\berej\AppData\Local\Temp\JetLogs\ReSharperTests\resharper.log
Per-Test LogPath is: C:\Users\berej\AppData\Local\Temp\JetLogs\ReSharperTests\FSharpNamingTest\Pipe - Right 01.log

]]></output>
                  </test-case>
                  <test-case name="Pipe - Right 02 - Nested" fullname="JetBrains.ReSharper.Plugins.FSharp.Tests.Features.FSharpNamingTest.Pipe - Right 02 - Nested" methodname="Pipe - Right 02 - Nested" classname="FSharpNamingTest" result="Passed" duration="0.037" asserts="0">
                    <output><![CDATA[ReSharper LogPath is: C:\Users\berej\AppData\Local\Temp\JetLogs\ReSharperTests\resharper.log
Per-Test LogPath is: C:\Users\berej\AppData\Local\Temp\JetLogs\ReSharperTests\FSharpNamingTest\Pipe - Right 02 - Nested.log

]]></output>
                  </test-case>
                  <test-case name="Record field 01" fullname="JetBrains.ReSharper.Plugins.FSharp.Tests.Features.FSharpNamingTest.Record field 01" methodname="Record field 01" classname="FSharpNamingTest" result="Passed" duration="0.041" asserts="0">
                    <output><![CDATA[ReSharper LogPath is: C:\Users\berej\AppData\Local\Temp\JetLogs\ReSharperTests\resharper.log
Per-Test LogPath is: C:\Users\berej\AppData\Local\Temp\JetLogs\ReSharperTests\FSharpNamingTest\Record field 01.log

]]></output>
                  </test-case>
                  <test-case name="Record field 02 - Parens" fullname="JetBrains.ReSharper.Plugins.FSharp.Tests.Features.FSharpNamingTest.Record field 02 - Parens" methodname="Record field 02 - Parens" classname="FSharpNamingTest" result="Passed" duration="0.046" asserts="0">
                    <output><![CDATA[ReSharper LogPath is: C:\Users\berej\AppData\Local\Temp\JetLogs\ReSharperTests\resharper.log
Per-Test LogPath is: C:\Users\berej\AppData\Local\Temp\JetLogs\ReSharperTests\FSharpNamingTest\Record field 02 - Parens.log

]]></output>
                  </test-case>
                  <test-case name="Type 01" fullname="JetBrains.ReSharper.Plugins.FSharp.Tests.Features.FSharpNamingTest.Type 01" methodname="Type 01" classname="FSharpNamingTest" result="Passed" duration="0.044" asserts="0">
                    <output><![CDATA[ReSharper LogPath is: C:\Users\berej\AppData\Local\Temp\JetLogs\ReSharperTests\resharper.log
Per-Test LogPath is: C:\Users\berej\AppData\Local\Temp\JetLogs\ReSharperTests\FSharpNamingTest\Type 01.log

]]></output>
                  </test-case>
                  <test-case name="Wild - Let - Top 01" fullname="JetBrains.ReSharper.Plugins.FSharp.Tests.Features.FSharpNamingTest.Wild - Let - Top 01" methodname="Wild - Let - Top 01" classname="FSharpNamingTest" result="Passed" duration="0.036" asserts="0">
                    <output><![CDATA[ReSharper LogPath is: C:\Users\berej\AppData\Local\Temp\JetLogs\ReSharperTests\resharper.log
Per-Test LogPath is: C:\Users\berej\AppData\Local\Temp\JetLogs\ReSharperTests\FSharpNamingTest\Wild - Let - Top 01.log

]]></output>
                  </test-case>
                  <test-case name="Wild - Let - Top 02 - StringBuilder" fullname="JetBrains.ReSharper.Plugins.FSharp.Tests.Features.FSharpNamingTest.Wild - Let - Top 02 - StringBuilder" methodname="Wild - Let - Top 02 - StringBuilder" classname="FSharpNamingTest" result="Passed" duration="0.046" asserts="0">
                    <output><![CDATA[ReSharper LogPath is: C:\Users\berej\AppData\Local\Temp\JetLogs\ReSharperTests\resharper.log
Per-Test LogPath is: C:\Users\berej\AppData\Local\Temp\JetLogs\ReSharperTests\FSharpNamingTest\Wild - Let - Top 02 - StringBuilder.log

]]></output>
                  </test-case>
                  <test-case name="Wild - Let - Top 03 - Method" fullname="JetBrains.ReSharper.Plugins.FSharp.Tests.Features.FSharpNamingTest.Wild - Let - Top 03 - Method" methodname="Wild - Let - Top 03 - Method" classname="FSharpNamingTest" result="Passed" duration="0.047" asserts="0">
                    <output><![CDATA[ReSharper LogPath is: C:\Users\berej\AppData\Local\Temp\JetLogs\ReSharperTests\resharper.log
Per-Test LogPath is: C:\Users\berej\AppData\Local\Temp\JetLogs\ReSharperTests\FSharpNamingTest\Wild - Let - Top 03 - Method.log

]]></output>
                  </test-case>
                  <test-case name="Wild - Match 01" fullname="JetBrains.ReSharper.Plugins.FSharp.Tests.Features.FSharpNamingTest.Wild - Match 01" methodname="Wild - Match 01" classname="FSharpNamingTest" result="Passed" duration="0.047" asserts="0">
                    <output><![CDATA[ReSharper LogPath is: C:\Users\berej\AppData\Local\Temp\JetLogs\ReSharperTests\resharper.log
Per-Test LogPath is: C:\Users\berej\AppData\Local\Temp\JetLogs\ReSharperTests\FSharpNamingTest\Wild - Match 01.log

]]></output>
                  </test-case>
                </test-suite>
                <test-suite type="TestFixture" name="FSharpParserTest" fullname="JetBrains.ReSharper.Plugins.FSharp.Tests.Features.FSharpParserTest" total="274" passed="273" failed="0" inconclusive="1" skipped="0" result="Passed" duration="8.843">
                  <test-case name="Attribute 01" fullname="JetBrains.ReSharper.Plugins.FSharp.Tests.Features.FSharpParserTest.Attribute 01" methodname="Attribute 01" classname="FSharpParserTest" result="Passed" duration="0.054" asserts="0">
                    <properties>
                      <property name="Category" value="Parser" />
                    </properties>
                    <output><![CDATA[ReSharper LogPath is: C:\Users\berej\AppData\Local\Temp\JetLogs\ReSharperTests\resharper.log
Per-Test LogPath is: C:\Users\berej\AppData\Local\Temp\JetLogs\ReSharperTests\FSharpParserTest\Attribute 01.log

]]></output>
                  </test-case>
                  <test-case name="Attribute 02 - Simple arg" fullname="JetBrains.ReSharper.Plugins.FSharp.Tests.Features.FSharpParserTest.Attribute 02 - Simple arg" methodname="Attribute 02 - Simple arg" classname="FSharpParserTest" result="Passed" duration="0.032" asserts="0">
                    <properties>
                      <property name="Category" value="Parser" />
                    </properties>
                    <output><![CDATA[ReSharper LogPath is: C:\Users\berej\AppData\Local\Temp\JetLogs\ReSharperTests\resharper.log
Per-Test LogPath is: C:\Users\berej\AppData\Local\Temp\JetLogs\ReSharperTests\FSharpParserTest\Attribute 02 - Simple arg.log

]]></output>
                  </test-case>
                  <test-case name="Attribute 03 - Simple arg - No parens" fullname="JetBrains.ReSharper.Plugins.FSharp.Tests.Features.FSharpParserTest.Attribute 03 - Simple arg - No parens" methodname="Attribute 03 - Simple arg - No parens" classname="FSharpParserTest" result="Passed" duration="0.027" asserts="0">
                    <properties>
                      <property name="Category" value="Parser" />
                    </properties>
                    <output><![CDATA[ReSharper LogPath is: C:\Users\berej\AppData\Local\Temp\JetLogs\ReSharperTests\resharper.log
Per-Test LogPath is: C:\Users\berej\AppData\Local\Temp\JetLogs\ReSharperTests\FSharpParserTest\Attribute 03 - Simple arg - No parens.log

]]></output>
                  </test-case>
                  <test-case name="Attribute 04 - Qualifiers" fullname="JetBrains.ReSharper.Plugins.FSharp.Tests.Features.FSharpParserTest.Attribute 04 - Qualifiers" methodname="Attribute 04 - Qualifiers" classname="FSharpParserTest" result="Passed" duration="0.038" asserts="0">
                    <properties>
                      <property name="Category" value="Parser" />
                    </properties>
                    <output><![CDATA[ReSharper LogPath is: C:\Users\berej\AppData\Local\Temp\JetLogs\ReSharperTests\resharper.log
Per-Test LogPath is: C:\Users\berej\AppData\Local\Temp\JetLogs\ReSharperTests\FSharpParserTest\Attribute 04 - Qualifiers.log

]]></output>
                  </test-case>
                  <test-case name="Attribute 05 - Qualifiers and arg" fullname="JetBrains.ReSharper.Plugins.FSharp.Tests.Features.FSharpParserTest.Attribute 05 - Qualifiers and arg" methodname="Attribute 05 - Qualifiers and arg" classname="FSharpParserTest" result="Passed" duration="0.033" asserts="0">
                    <properties>
                      <property name="Category" value="Parser" />
                    </properties>
                    <output><![CDATA[ReSharper LogPath is: C:\Users\berej\AppData\Local\Temp\JetLogs\ReSharperTests\resharper.log
Per-Test LogPath is: C:\Users\berej\AppData\Local\Temp\JetLogs\ReSharperTests\FSharpParserTest\Attribute 05 - Qualifiers and arg.log

]]></output>
                  </test-case>
                  <test-case name="Attribute 06 - Unit arg" fullname="JetBrains.ReSharper.Plugins.FSharp.Tests.Features.FSharpParserTest.Attribute 06 - Unit arg" methodname="Attribute 06 - Unit arg" classname="FSharpParserTest" result="Passed" duration="0.033" asserts="0">
                    <properties>
                      <property name="Category" value="Parser" />
                    </properties>
                    <output><![CDATA[ReSharper LogPath is: C:\Users\berej\AppData\Local\Temp\JetLogs\ReSharperTests\resharper.log
Per-Test LogPath is: C:\Users\berej\AppData\Local\Temp\JetLogs\ReSharperTests\FSharpParserTest\Attribute 06 - Unit arg.log

]]></output>
                  </test-case>
                  <test-case name="Attribute 07 - Semi" fullname="JetBrains.ReSharper.Plugins.FSharp.Tests.Features.FSharpParserTest.Attribute 07 - Semi" methodname="Attribute 07 - Semi" classname="FSharpParserTest" result="Passed" duration="0.035" asserts="0">
                    <properties>
                      <property name="Category" value="Parser" />
                    </properties>
                    <output><![CDATA[ReSharper LogPath is: C:\Users\berej\AppData\Local\Temp\JetLogs\ReSharperTests\resharper.log
Per-Test LogPath is: C:\Users\berej\AppData\Local\Temp\JetLogs\ReSharperTests\FSharpParserTest\Attribute 07 - Semi.log

]]></output>
                  </test-case>
                  <test-case name="Attributes - Let bindings 01" fullname="JetBrains.ReSharper.Plugins.FSharp.Tests.Features.FSharpParserTest.Attributes - Let bindings 01" methodname="Attributes - Let bindings 01" classname="FSharpParserTest" result="Passed" duration="0.033" asserts="0">
                    <properties>
                      <property name="Category" value="Parser" />
                    </properties>
                    <output><![CDATA[ReSharper LogPath is: C:\Users\berej\AppData\Local\Temp\JetLogs\ReSharperTests\resharper.log
Per-Test LogPath is: C:\Users\berej\AppData\Local\Temp\JetLogs\ReSharperTests\FSharpParserTest\Attributes - Let bindings 01.log

]]></output>
                  </test-case>
                  <test-case name="Attributes - Let bindings 02" fullname="JetBrains.ReSharper.Plugins.FSharp.Tests.Features.FSharpParserTest.Attributes - Let bindings 02" methodname="Attributes - Let bindings 02" classname="FSharpParserTest" result="Passed" duration="0.028" asserts="0">
                    <properties>
                      <property name="Category" value="Parser" />
                    </properties>
                    <output><![CDATA[ReSharper LogPath is: C:\Users\berej\AppData\Local\Temp\JetLogs\ReSharperTests\resharper.log
Per-Test LogPath is: C:\Users\berej\AppData\Local\Temp\JetLogs\ReSharperTests\FSharpParserTest\Attributes - Let bindings 02.log

]]></output>
                  </test-case>
                  <test-case name="Attributes - Let bindings 03 - Modifiers" fullname="JetBrains.ReSharper.Plugins.FSharp.Tests.Features.FSharpParserTest.Attributes - Let bindings 03 - Modifiers" methodname="Attributes - Let bindings 03 - Modifiers" classname="FSharpParserTest" result="Passed" duration="0.036" asserts="0">
                    <properties>
                      <property name="Category" value="Parser" />
                    </properties>
                    <output><![CDATA[ReSharper LogPath is: C:\Users\berej\AppData\Local\Temp\JetLogs\ReSharperTests\resharper.log
Per-Test LogPath is: C:\Users\berej\AppData\Local\Temp\JetLogs\ReSharperTests\FSharpParserTest\Attributes - Let bindings 03 - Modifiers.log

]]></output>
                  </test-case>
                  <test-case name="Attributes - Let bindings 04 - Multiple bindings" fullname="JetBrains.ReSharper.Plugins.FSharp.Tests.Features.FSharpParserTest.Attributes - Let bindings 04 - Multiple bindings" methodname="Attributes - Let bindings 04 - Multiple bindings" classname="FSharpParserTest" result="Passed" duration="0.031" asserts="0">
                    <properties>
                      <property name="Category" value="Parser" />
                    </properties>
                    <output><![CDATA[ReSharper LogPath is: C:\Users\berej\AppData\Local\Temp\JetLogs\ReSharperTests\resharper.log
Per-Test LogPath is: C:\Users\berej\AppData\Local\Temp\JetLogs\ReSharperTests\FSharpParserTest\Attributes - Let bindings 04 - Multiple bindings.log

]]></output>
                  </test-case>
                  <test-case name="Attributes - Type let bindings 01" fullname="JetBrains.ReSharper.Plugins.FSharp.Tests.Features.FSharpParserTest.Attributes - Type let bindings 01" methodname="Attributes - Type let bindings 01" classname="FSharpParserTest" result="Passed" duration="0.028" asserts="0">
                    <properties>
                      <property name="Category" value="Parser" />
                    </properties>
                    <output><![CDATA[ReSharper LogPath is: C:\Users\berej\AppData\Local\Temp\JetLogs\ReSharperTests\resharper.log
Per-Test LogPath is: C:\Users\berej\AppData\Local\Temp\JetLogs\ReSharperTests\FSharpParserTest\Attributes - Type let bindings 01.log

]]></output>
                  </test-case>
                  <test-case name="Attributes - Type let bindings 02" fullname="JetBrains.ReSharper.Plugins.FSharp.Tests.Features.FSharpParserTest.Attributes - Type let bindings 02" methodname="Attributes - Type let bindings 02" classname="FSharpParserTest" result="Passed" duration="0.027" asserts="0">
                    <properties>
                      <property name="Category" value="Parser" />
                    </properties>
                    <output><![CDATA[ReSharper LogPath is: C:\Users\berej\AppData\Local\Temp\JetLogs\ReSharperTests\resharper.log
Per-Test LogPath is: C:\Users\berej\AppData\Local\Temp\JetLogs\ReSharperTests\FSharpParserTest\Attributes - Type let bindings 02.log

]]></output>
                  </test-case>
                  <test-case name="Attributes - Type let bindings 03 - Modifiers" fullname="JetBrains.ReSharper.Plugins.FSharp.Tests.Features.FSharpParserTest.Attributes - Type let bindings 03 - Modifiers" methodname="Attributes - Type let bindings 03 - Modifiers" classname="FSharpParserTest" result="Passed" duration="0.03" asserts="0">
                    <properties>
                      <property name="Category" value="Parser" />
                    </properties>
                    <output><![CDATA[ReSharper LogPath is: C:\Users\berej\AppData\Local\Temp\JetLogs\ReSharperTests\resharper.log
Per-Test LogPath is: C:\Users\berej\AppData\Local\Temp\JetLogs\ReSharperTests\FSharpParserTest\Attributes - Type let bindings 03 - Modifiers.log

]]></output>
                  </test-case>
                  <test-case name="Attributes - Type let bindings 04 - Multiple bindings" fullname="JetBrains.ReSharper.Plugins.FSharp.Tests.Features.FSharpParserTest.Attributes - Type let bindings 04 - Multiple bindings" methodname="Attributes - Type let bindings 04 - Multiple bindings" classname="FSharpParserTest" result="Passed" duration="0.029" asserts="0">
                    <properties>
                      <property name="Category" value="Parser" />
                    </properties>
                    <output><![CDATA[ReSharper LogPath is: C:\Users\berej\AppData\Local\Temp\JetLogs\ReSharperTests\resharper.log
Per-Test LogPath is: C:\Users\berej\AppData\Local\Temp\JetLogs\ReSharperTests\FSharpParserTest\Attributes - Type let bindings 04 - Multiple bindings.log

]]></output>
                  </test-case>
                  <test-case name="Binding - Return type 01" fullname="JetBrains.ReSharper.Plugins.FSharp.Tests.Features.FSharpParserTest.Binding - Return type 01" methodname="Binding - Return type 01" classname="FSharpParserTest" result="Passed" duration="0.031" asserts="0">
                    <properties>
                      <property name="Category" value="Parser" />
                    </properties>
                    <output><![CDATA[ReSharper LogPath is: C:\Users\berej\AppData\Local\Temp\JetLogs\ReSharperTests\resharper.log
Per-Test LogPath is: C:\Users\berej\AppData\Local\Temp\JetLogs\ReSharperTests\FSharpParserTest\Binding - Return type 01.log

]]></output>
                  </test-case>
                  <test-case name="Binding - Return type 02 - Attrs" fullname="JetBrains.ReSharper.Plugins.FSharp.Tests.Features.FSharpParserTest.Binding - Return type 02 - Attrs" methodname="Binding - Return type 02 - Attrs" classname="FSharpParserTest" result="Passed" duration="0.029" asserts="0">
                    <properties>
                      <property name="Category" value="Parser" />
                    </properties>
                    <output><![CDATA[ReSharper LogPath is: C:\Users\berej\AppData\Local\Temp\JetLogs\ReSharperTests\resharper.log
Per-Test LogPath is: C:\Users\berej\AppData\Local\Temp\JetLogs\ReSharperTests\FSharpParserTest\Binding - Return type 02 - Attrs.log

]]></output>
                  </test-case>
                  <test-case name="Binding - Return type 03 - Attrs, wild type" fullname="JetBrains.ReSharper.Plugins.FSharp.Tests.Features.FSharpParserTest.Binding - Return type 03 - Attrs, wild type" methodname="Binding - Return type 03 - Attrs, wild type" classname="FSharpParserTest" result="Passed" duration="0.029" asserts="0">
                    <properties>
                      <property name="Category" value="Parser" />
                    </properties>
                    <output><![CDATA[ReSharper LogPath is: C:\Users\berej\AppData\Local\Temp\JetLogs\ReSharperTests\resharper.log
Per-Test LogPath is: C:\Users\berej\AppData\Local\Temp\JetLogs\ReSharperTests\FSharpParserTest\Binding - Return type 03 - Attrs, wild type.log

]]></output>
                  </test-case>
                  <test-case name="Expr - AddressOf 01 - Simple" fullname="JetBrains.ReSharper.Plugins.FSharp.Tests.Features.FSharpParserTest.Expr - AddressOf 01 - Simple" methodname="Expr - AddressOf 01 - Simple" classname="FSharpParserTest" result="Passed" duration="0.032" asserts="0">
                    <properties>
                      <property name="Category" value="Parser" />
                    </properties>
                    <output><![CDATA[ReSharper LogPath is: C:\Users\berej\AppData\Local\Temp\JetLogs\ReSharperTests\resharper.log
Per-Test LogPath is: C:\Users\berej\AppData\Local\Temp\JetLogs\ReSharperTests\FSharpParserTest\Expr - AddressOf 01 - Simple.log

]]></output>
                  </test-case>
                  <test-case name="Expr - Anon record 01 - Single line" fullname="JetBrains.ReSharper.Plugins.FSharp.Tests.Features.FSharpParserTest.Expr - Anon record 01 - Single line" methodname="Expr - Anon record 01 - Single line" classname="FSharpParserTest" result="Passed" duration="0.025" asserts="0">
                    <properties>
                      <property name="Category" value="Parser" />
                    </properties>
                    <output><![CDATA[ReSharper LogPath is: C:\Users\berej\AppData\Local\Temp\JetLogs\ReSharperTests\resharper.log
Per-Test LogPath is: C:\Users\berej\AppData\Local\Temp\JetLogs\ReSharperTests\FSharpParserTest\Expr - Anon record 01 - Single line.log

]]></output>
                  </test-case>
                  <test-case name="Expr - Anon record 02 - Multiline" fullname="JetBrains.ReSharper.Plugins.FSharp.Tests.Features.FSharpParserTest.Expr - Anon record 02 - Multiline" methodname="Expr - Anon record 02 - Multiline" classname="FSharpParserTest" result="Passed" duration="0.03" asserts="0">
                    <properties>
                      <property name="Category" value="Parser" />
                    </properties>
                    <output><![CDATA[ReSharper LogPath is: C:\Users\berej\AppData\Local\Temp\JetLogs\ReSharperTests\resharper.log
Per-Test LogPath is: C:\Users\berej\AppData\Local\Temp\JetLogs\ReSharperTests\FSharpParserTest\Expr - Anon record 02 - Multiline.log

]]></output>
                  </test-case>
                  <test-case name="Expr - Anon record 03 - With copy info" fullname="JetBrains.ReSharper.Plugins.FSharp.Tests.Features.FSharpParserTest.Expr - Anon record 03 - With copy info" methodname="Expr - Anon record 03 - With copy info" classname="FSharpParserTest" result="Passed" duration="0.033" asserts="0">
                    <properties>
                      <property name="Category" value="Parser" />
                    </properties>
                    <output><![CDATA[ReSharper LogPath is: C:\Users\berej\AppData\Local\Temp\JetLogs\ReSharperTests\resharper.log
Per-Test LogPath is: C:\Users\berej\AppData\Local\Temp\JetLogs\ReSharperTests\FSharpParserTest\Expr - Anon record 03 - With copy info.log

]]></output>
                  </test-case>
                  <test-case name="Expr - App - List 01" fullname="JetBrains.ReSharper.Plugins.FSharp.Tests.Features.FSharpParserTest.Expr - App - List 01" methodname="Expr - App - List 01" classname="FSharpParserTest" result="Passed" duration="0.031" asserts="0">
                    <properties>
                      <property name="Category" value="Parser" />
                    </properties>
                    <output><![CDATA[ReSharper LogPath is: C:\Users\berej\AppData\Local\Temp\JetLogs\ReSharperTests\resharper.log
Per-Test LogPath is: C:\Users\berej\AppData\Local\Temp\JetLogs\ReSharperTests\FSharpParserTest\Expr - App - List 01.log

]]></output>
                  </test-case>
                  <test-case name="Expr - App - List 02" fullname="JetBrains.ReSharper.Plugins.FSharp.Tests.Features.FSharpParserTest.Expr - App - List 02" methodname="Expr - App - List 02" classname="FSharpParserTest" result="Passed" duration="0.029" asserts="0">
                    <properties>
                      <property name="Category" value="Parser" />
                    </properties>
                    <output><![CDATA[ReSharper LogPath is: C:\Users\berej\AppData\Local\Temp\JetLogs\ReSharperTests\resharper.log
Per-Test LogPath is: C:\Users\berej\AppData\Local\Temp\JetLogs\ReSharperTests\FSharpParserTest\Expr - App - List 02.log

]]></output>
                  </test-case>
                  <test-case name="Expr - App - Logic 01 - And" fullname="JetBrains.ReSharper.Plugins.FSharp.Tests.Features.FSharpParserTest.Expr - App - Logic 01 - And" methodname="Expr - App - Logic 01 - And" classname="FSharpParserTest" result="Passed" duration="0.031" asserts="0">
                    <properties>
                      <property name="Category" value="Parser" />
                    </properties>
                    <output><![CDATA[ReSharper LogPath is: C:\Users\berej\AppData\Local\Temp\JetLogs\ReSharperTests\resharper.log
Per-Test LogPath is: C:\Users\berej\AppData\Local\Temp\JetLogs\ReSharperTests\FSharpParserTest\Expr - App - Logic 01 - And.log

]]></output>
                  </test-case>
                  <test-case name="Expr - App - Logic 02 - Or" fullname="JetBrains.ReSharper.Plugins.FSharp.Tests.Features.FSharpParserTest.Expr - App - Logic 02 - Or" methodname="Expr - App - Logic 02 - Or" classname="FSharpParserTest" result="Passed" duration="0.029" asserts="0">
                    <properties>
                      <property name="Category" value="Parser" />
                    </properties>
                    <output><![CDATA[ReSharper LogPath is: C:\Users\berej\AppData\Local\Temp\JetLogs\ReSharperTests\resharper.log
Per-Test LogPath is: C:\Users\berej\AppData\Local\Temp\JetLogs\ReSharperTests\FSharpParserTest\Expr - App - Logic 02 - Or.log

]]></output>
                  </test-case>
                  <test-case name="Expr - App - Precedence 01 - High" fullname="JetBrains.ReSharper.Plugins.FSharp.Tests.Features.FSharpParserTest.Expr - App - Precedence 01 - High" methodname="Expr - App - Precedence 01 - High" classname="FSharpParserTest" result="Passed" duration="0.029" asserts="0">
                    <properties>
                      <property name="Category" value="Parser" />
                    </properties>
                    <output><![CDATA[ReSharper LogPath is: C:\Users\berej\AppData\Local\Temp\JetLogs\ReSharperTests\resharper.log
Per-Test LogPath is: C:\Users\berej\AppData\Local\Temp\JetLogs\ReSharperTests\FSharpParserTest\Expr - App - Precedence 01 - High.log

]]></output>
                  </test-case>
                  <test-case name="Expr - App - Precedence 02 - Low" fullname="JetBrains.ReSharper.Plugins.FSharp.Tests.Features.FSharpParserTest.Expr - App - Precedence 02 - Low" methodname="Expr - App - Precedence 02 - Low" classname="FSharpParserTest" result="Passed" duration="0.032" asserts="0">
                    <properties>
                      <property name="Category" value="Parser" />
                    </properties>
                    <output><![CDATA[ReSharper LogPath is: C:\Users\berej\AppData\Local\Temp\JetLogs\ReSharperTests\resharper.log
Per-Test LogPath is: C:\Users\berej\AppData\Local\Temp\JetLogs\ReSharperTests\FSharpParserTest\Expr - App - Precedence 02 - Low.log

]]></output>
                  </test-case>
                  <test-case name="Expr - App - Precedence 03" fullname="JetBrains.ReSharper.Plugins.FSharp.Tests.Features.FSharpParserTest.Expr - App - Precedence 03" methodname="Expr - App - Precedence 03" classname="FSharpParserTest" result="Passed" duration="0.024" asserts="0">
                    <properties>
                      <property name="Category" value="Parser" />
                    </properties>
                    <output><![CDATA[ReSharper LogPath is: C:\Users\berej\AppData\Local\Temp\JetLogs\ReSharperTests\resharper.log
Per-Test LogPath is: C:\Users\berej\AppData\Local\Temp\JetLogs\ReSharperTests\FSharpParserTest\Expr - App - Precedence 03.log

]]></output>
                  </test-case>
                  <test-case name="Expr - App - Precedence 04 - High - List" fullname="JetBrains.ReSharper.Plugins.FSharp.Tests.Features.FSharpParserTest.Expr - App - Precedence 04 - High - List" methodname="Expr - App - Precedence 04 - High - List" classname="FSharpParserTest" result="Passed" duration="0.029" asserts="0">
                    <properties>
                      <property name="Category" value="Parser" />
                    </properties>
                    <output><![CDATA[ReSharper LogPath is: C:\Users\berej\AppData\Local\Temp\JetLogs\ReSharperTests\resharper.log
Per-Test LogPath is: C:\Users\berej\AppData\Local\Temp\JetLogs\ReSharperTests\FSharpParserTest\Expr - App - Precedence 04 - High - List.log

]]></output>
                  </test-case>
                  <test-case name="Expr - App - Precedence 05 - High - Multiple" fullname="JetBrains.ReSharper.Plugins.FSharp.Tests.Features.FSharpParserTest.Expr - App - Precedence 05 - High - Multiple" methodname="Expr - App - Precedence 05 - High - Multiple" classname="FSharpParserTest" result="Passed" duration="0.026" asserts="0">
                    <properties>
                      <property name="Category" value="Parser" />
                    </properties>
                    <output><![CDATA[ReSharper LogPath is: C:\Users\berej\AppData\Local\Temp\JetLogs\ReSharperTests\resharper.log
Per-Test LogPath is: C:\Users\berej\AppData\Local\Temp\JetLogs\ReSharperTests\FSharpParserTest\Expr - App - Precedence 05 - High - Multiple.log

]]></output>
                  </test-case>
                  <test-case name="Expr - App - Precedence 06 - High - Multiple" fullname="JetBrains.ReSharper.Plugins.FSharp.Tests.Features.FSharpParserTest.Expr - App - Precedence 06 - High - Multiple" methodname="Expr - App - Precedence 06 - High - Multiple" classname="FSharpParserTest" result="Passed" duration="0.028" asserts="0">
                    <properties>
                      <property name="Category" value="Parser" />
                    </properties>
                    <output><![CDATA[ReSharper LogPath is: C:\Users\berej\AppData\Local\Temp\JetLogs\ReSharperTests\resharper.log
Per-Test LogPath is: C:\Users\berej\AppData\Local\Temp\JetLogs\ReSharperTests\FSharpParserTest\Expr - App - Precedence 06 - High - Multiple.log

]]></output>
                  </test-case>
                  <test-case name="Expr - App - Prefix op - Binary 01" fullname="JetBrains.ReSharper.Plugins.FSharp.Tests.Features.FSharpParserTest.Expr - App - Prefix op - Binary 01" methodname="Expr - App - Prefix op - Binary 01" classname="FSharpParserTest" result="Passed" duration="0.028" asserts="0">
                    <properties>
                      <property name="Category" value="Parser" />
                    </properties>
                    <output><![CDATA[ReSharper LogPath is: C:\Users\berej\AppData\Local\Temp\JetLogs\ReSharperTests\resharper.log
Per-Test LogPath is: C:\Users\berej\AppData\Local\Temp\JetLogs\ReSharperTests\FSharpParserTest\Expr - App - Prefix op - Binary 01.log

]]></output>
                  </test-case>
                  <test-case name="Expr - App - Prefix op - Binary 02 - Spaces" fullname="JetBrains.ReSharper.Plugins.FSharp.Tests.Features.FSharpParserTest.Expr - App - Prefix op - Binary 02 - Spaces" methodname="Expr - App - Prefix op - Binary 02 - Spaces" classname="FSharpParserTest" result="Passed" duration="0.03" asserts="0">
                    <properties>
                      <property name="Category" value="Parser" />
                    </properties>
                    <output><![CDATA[ReSharper LogPath is: C:\Users\berej\AppData\Local\Temp\JetLogs\ReSharperTests\resharper.log
Per-Test LogPath is: C:\Users\berej\AppData\Local\Temp\JetLogs\ReSharperTests\FSharpParserTest\Expr - App - Prefix op - Binary 02 - Spaces.log

]]></output>
                  </test-case>
                  <test-case name="Expr - App - Prefix op 01" fullname="JetBrains.ReSharper.Plugins.FSharp.Tests.Features.FSharpParserTest.Expr - App - Prefix op 01" methodname="Expr - App - Prefix op 01" classname="FSharpParserTest" result="Passed" duration="0.024" asserts="0">
                    <properties>
                      <property name="Category" value="Parser" />
                    </properties>
                    <output><![CDATA[ReSharper LogPath is: C:\Users\berej\AppData\Local\Temp\JetLogs\ReSharperTests\resharper.log
Per-Test LogPath is: C:\Users\berej\AppData\Local\Temp\JetLogs\ReSharperTests\FSharpParserTest\Expr - App - Prefix op 01.log

]]></output>
                  </test-case>
                  <test-case name="Expr - Assert 01 - Simple" fullname="JetBrains.ReSharper.Plugins.FSharp.Tests.Features.FSharpParserTest.Expr - Assert 01 - Simple" methodname="Expr - Assert 01 - Simple" classname="FSharpParserTest" result="Passed" duration="0.028" asserts="0">
                    <properties>
                      <property name="Category" value="Parser" />
                    </properties>
                    <output><![CDATA[ReSharper LogPath is: C:\Users\berej\AppData\Local\Temp\JetLogs\ReSharperTests\resharper.log
Per-Test LogPath is: C:\Users\berej\AppData\Local\Temp\JetLogs\ReSharperTests\FSharpParserTest\Expr - Assert 01 - Simple.log

]]></output>
                  </test-case>
                  <test-case name="Expr - Cast - Downcast 01" fullname="JetBrains.ReSharper.Plugins.FSharp.Tests.Features.FSharpParserTest.Expr - Cast - Downcast 01" methodname="Expr - Cast - Downcast 01" classname="FSharpParserTest" result="Passed" duration="0.031" asserts="0">
                    <properties>
                      <property name="Category" value="Parser" />
                    </properties>
                    <output><![CDATA[ReSharper LogPath is: C:\Users\berej\AppData\Local\Temp\JetLogs\ReSharperTests\resharper.log
Per-Test LogPath is: C:\Users\berej\AppData\Local\Temp\JetLogs\ReSharperTests\FSharpParserTest\Expr - Cast - Downcast 01.log

]]></output>
                  </test-case>
                  <test-case name="Expr - Cast - Upcast 01" fullname="JetBrains.ReSharper.Plugins.FSharp.Tests.Features.FSharpParserTest.Expr - Cast - Upcast 01" methodname="Expr - Cast - Upcast 01" classname="FSharpParserTest" result="Passed" duration="0.029" asserts="0">
                    <properties>
                      <property name="Category" value="Parser" />
                    </properties>
                    <output><![CDATA[ReSharper LogPath is: C:\Users\berej\AppData\Local\Temp\JetLogs\ReSharperTests\resharper.log
Per-Test LogPath is: C:\Users\berej\AppData\Local\Temp\JetLogs\ReSharperTests\FSharpParserTest\Expr - Cast - Upcast 01.log

]]></output>
                  </test-case>
                  <test-case name="Expr - CompExpr - AndBang 01" fullname="JetBrains.ReSharper.Plugins.FSharp.Tests.Features.FSharpParserTest.Expr - CompExpr - AndBang 01" methodname="Expr - CompExpr - AndBang 01" classname="FSharpParserTest" result="Passed" duration="0.031" asserts="0">
                    <properties>
                      <property name="Category" value="Parser" />
                    </properties>
                    <output><![CDATA[ReSharper LogPath is: C:\Users\berej\AppData\Local\Temp\JetLogs\ReSharperTests\resharper.log
Per-Test LogPath is: C:\Users\berej\AppData\Local\Temp\JetLogs\ReSharperTests\FSharpParserTest\Expr - CompExpr - AndBang 01.log

]]></output>
                  </test-case>
                  <test-case name="Expr - CompExpr - Range 01" fullname="JetBrains.ReSharper.Plugins.FSharp.Tests.Features.FSharpParserTest.Expr - CompExpr - Range 01" methodname="Expr - CompExpr - Range 01" classname="FSharpParserTest" result="Passed" duration="0.031" asserts="0">
                    <properties>
                      <property name="Category" value="Parser" />
                    </properties>
                    <output><![CDATA[ReSharper LogPath is: C:\Users\berej\AppData\Local\Temp\JetLogs\ReSharperTests\resharper.log
Per-Test LogPath is: C:\Users\berej\AppData\Local\Temp\JetLogs\ReSharperTests\FSharpParserTest\Expr - CompExpr - Range 01.log

]]></output>
                  </test-case>
                  <test-case name="Expr - CompExpr - Range 02 - Step" fullname="JetBrains.ReSharper.Plugins.FSharp.Tests.Features.FSharpParserTest.Expr - CompExpr - Range 02 - Step" methodname="Expr - CompExpr - Range 02 - Step" classname="FSharpParserTest" result="Passed" duration="0.025" asserts="0">
                    <properties>
                      <property name="Category" value="Parser" />
                    </properties>
                    <output><![CDATA[ReSharper LogPath is: C:\Users\berej\AppData\Local\Temp\JetLogs\ReSharperTests\resharper.log
Per-Test LogPath is: C:\Users\berej\AppData\Local\Temp\JetLogs\ReSharperTests\FSharpParserTest\Expr - CompExpr - Range 02 - Step.log

]]></output>
                  </test-case>
                  <test-case name="Expr - CompExpr 01 - Return" fullname="JetBrains.ReSharper.Plugins.FSharp.Tests.Features.FSharpParserTest.Expr - CompExpr 01 - Return" methodname="Expr - CompExpr 01 - Return" classname="FSharpParserTest" result="Passed" duration="0.024" asserts="0">
                    <properties>
                      <property name="Category" value="Parser" />
                    </properties>
                    <output><![CDATA[ReSharper LogPath is: C:\Users\berej\AppData\Local\Temp\JetLogs\ReSharperTests\resharper.log
Per-Test LogPath is: C:\Users\berej\AppData\Local\Temp\JetLogs\ReSharperTests\FSharpParserTest\Expr - CompExpr 01 - Return.log

]]></output>
                  </test-case>
                  <test-case name="Expr - Const - Numbers 01" fullname="JetBrains.ReSharper.Plugins.FSharp.Tests.Features.FSharpParserTest.Expr - Const - Numbers 01" methodname="Expr - Const - Numbers 01" classname="FSharpParserTest" result="Passed" duration="0.031" asserts="0">
                    <properties>
                      <property name="Category" value="Parser" />
                    </properties>
                    <output><![CDATA[ReSharper LogPath is: C:\Users\berej\AppData\Local\Temp\JetLogs\ReSharperTests\resharper.log
Per-Test LogPath is: C:\Users\berej\AppData\Local\Temp\JetLogs\ReSharperTests\FSharpParserTest\Expr - Const - Numbers 01.log

]]></output>
                  </test-case>
                  <test-case name="Expr - Const - Unit 01" fullname="JetBrains.ReSharper.Plugins.FSharp.Tests.Features.FSharpParserTest.Expr - Const - Unit 01" methodname="Expr - Const - Unit 01" classname="FSharpParserTest" result="Passed" duration="0.024" asserts="0">
                    <properties>
                      <property name="Category" value="Parser" />
                    </properties>
                    <output><![CDATA[ReSharper LogPath is: C:\Users\berej\AppData\Local\Temp\JetLogs\ReSharperTests\resharper.log
Per-Test LogPath is: C:\Users\berej\AppData\Local\Temp\JetLogs\ReSharperTests\FSharpParserTest\Expr - Const - Unit 01.log

]]></output>
                  </test-case>
                  <test-case name="Expr - Const - Unit 02 - Parens" fullname="JetBrains.ReSharper.Plugins.FSharp.Tests.Features.FSharpParserTest.Expr - Const - Unit 02 - Parens" methodname="Expr - Const - Unit 02 - Parens" classname="FSharpParserTest" result="Passed" duration="0.023" asserts="0">
                    <properties>
                      <property name="Category" value="Parser" />
                    </properties>
                    <output><![CDATA[ReSharper LogPath is: C:\Users\berej\AppData\Local\Temp\JetLogs\ReSharperTests\resharper.log
Per-Test LogPath is: C:\Users\berej\AppData\Local\Temp\JetLogs\ReSharperTests\FSharpParserTest\Expr - Const - Unit 02 - Parens.log

]]></output>
                  </test-case>
                  <test-case name="Expr - Do 01 - Simple" fullname="JetBrains.ReSharper.Plugins.FSharp.Tests.Features.FSharpParserTest.Expr - Do 01 - Simple" methodname="Expr - Do 01 - Simple" classname="FSharpParserTest" result="Passed" duration="0.028" asserts="0">
                    <properties>
                      <property name="Category" value="Parser" />
                    </properties>
                    <output><![CDATA[ReSharper LogPath is: C:\Users\berej\AppData\Local\Temp\JetLogs\ReSharperTests\resharper.log
Per-Test LogPath is: C:\Users\berej\AppData\Local\Temp\JetLogs\ReSharperTests\FSharpParserTest\Expr - Do 01 - Simple.log

]]></output>
                  </test-case>
                  <test-case name="Expr - Do 02 - Let" fullname="JetBrains.ReSharper.Plugins.FSharp.Tests.Features.FSharpParserTest.Expr - Do 02 - Let" methodname="Expr - Do 02 - Let" classname="FSharpParserTest" result="Passed" duration="0.036" asserts="0">
                    <properties>
                      <property name="Category" value="Parser" />
                    </properties>
                    <output><![CDATA[ReSharper LogPath is: C:\Users\berej\AppData\Local\Temp\JetLogs\ReSharperTests\resharper.log
Per-Test LogPath is: C:\Users\berej\AppData\Local\Temp\JetLogs\ReSharperTests\FSharpParserTest\Expr - Do 02 - Let.log

]]></output>
                  </test-case>
                  <test-case name="Expr - Do 03 - Let in do" fullname="JetBrains.ReSharper.Plugins.FSharp.Tests.Features.FSharpParserTest.Expr - Do 03 - Let in do" methodname="Expr - Do 03 - Let in do" classname="FSharpParserTest" result="Passed" duration="0.024" asserts="0">
                    <properties>
                      <property name="Category" value="Parser" />
                    </properties>
                    <output><![CDATA[ReSharper LogPath is: C:\Users\berej\AppData\Local\Temp\JetLogs\ReSharperTests\resharper.log
Per-Test LogPath is: C:\Users\berej\AppData\Local\Temp\JetLogs\ReSharperTests\FSharpParserTest\Expr - Do 03 - Let in do.log

]]></output>
                  </test-case>
                  <test-case name="Expr - DotGet 01" fullname="JetBrains.ReSharper.Plugins.FSharp.Tests.Features.FSharpParserTest.Expr - DotGet 01" methodname="Expr - DotGet 01" classname="FSharpParserTest" result="Passed" duration="0.024" asserts="0">
                    <properties>
                      <property name="Category" value="Parser" />
                    </properties>
                    <output><![CDATA[ReSharper LogPath is: C:\Users\berej\AppData\Local\Temp\JetLogs\ReSharperTests\resharper.log
Per-Test LogPath is: C:\Users\berej\AppData\Local\Temp\JetLogs\ReSharperTests\FSharpParserTest\Expr - DotGet 01.log

]]></output>
                  </test-case>
                  <test-case name="Expr - DotIndexerGet 01" fullname="JetBrains.ReSharper.Plugins.FSharp.Tests.Features.FSharpParserTest.Expr - DotIndexerGet 01" methodname="Expr - DotIndexerGet 01" classname="FSharpParserTest" result="Passed" duration="0.057" asserts="0">
                    <properties>
                      <property name="Category" value="Parser" />
                    </properties>
                    <output><![CDATA[ReSharper LogPath is: C:\Users\berej\AppData\Local\Temp\JetLogs\ReSharperTests\resharper.log
Per-Test LogPath is: C:\Users\berej\AppData\Local\Temp\JetLogs\ReSharperTests\FSharpParserTest\Expr - DotIndexerGet 01.log

]]></output>
                  </test-case>
                  <test-case name="Expr - DotIndexerGet 02" fullname="JetBrains.ReSharper.Plugins.FSharp.Tests.Features.FSharpParserTest.Expr - DotIndexerGet 02" methodname="Expr - DotIndexerGet 02" classname="FSharpParserTest" result="Passed" duration="0.029" asserts="0">
                    <properties>
                      <property name="Category" value="Parser" />
                    </properties>
                    <output><![CDATA[ReSharper LogPath is: C:\Users\berej\AppData\Local\Temp\JetLogs\ReSharperTests\resharper.log
Per-Test LogPath is: C:\Users\berej\AppData\Local\Temp\JetLogs\ReSharperTests\FSharpParserTest\Expr - DotIndexerGet 02.log

]]></output>
                  </test-case>
                  <test-case name="Expr - DotIndexerGet 03" fullname="JetBrains.ReSharper.Plugins.FSharp.Tests.Features.FSharpParserTest.Expr - DotIndexerGet 03" methodname="Expr - DotIndexerGet 03" classname="FSharpParserTest" result="Passed" duration="0.033" asserts="0">
                    <properties>
                      <property name="Category" value="Parser" />
                    </properties>
                    <output><![CDATA[ReSharper LogPath is: C:\Users\berej\AppData\Local\Temp\JetLogs\ReSharperTests\resharper.log
Per-Test LogPath is: C:\Users\berej\AppData\Local\Temp\JetLogs\ReSharperTests\FSharpParserTest\Expr - DotIndexerGet 03.log

]]></output>
                  </test-case>
                  <test-case name="Expr - DotIndexerGet 04 - Multiple args" fullname="JetBrains.ReSharper.Plugins.FSharp.Tests.Features.FSharpParserTest.Expr - DotIndexerGet 04 - Multiple args" methodname="Expr - DotIndexerGet 04 - Multiple args" classname="FSharpParserTest" result="Passed" duration="0.038" asserts="0">
                    <properties>
                      <property name="Category" value="Parser" />
                    </properties>
                    <output><![CDATA[ReSharper LogPath is: C:\Users\berej\AppData\Local\Temp\JetLogs\ReSharperTests\resharper.log
Per-Test LogPath is: C:\Users\berej\AppData\Local\Temp\JetLogs\ReSharperTests\FSharpParserTest\Expr - DotIndexerGet 04 - Multiple args.log

]]></output>
                  </test-case>
                  <test-case name="Expr - DotIndexerGet 05 - Typed" fullname="JetBrains.ReSharper.Plugins.FSharp.Tests.Features.FSharpParserTest.Expr - DotIndexerGet 05 - Typed" methodname="Expr - DotIndexerGet 05 - Typed" classname="FSharpParserTest" result="Passed" duration="0.028" asserts="0">
                    <properties>
                      <property name="Category" value="Parser" />
                    </properties>
                    <output><![CDATA[ReSharper LogPath is: C:\Users\berej\AppData\Local\Temp\JetLogs\ReSharperTests\resharper.log
Per-Test LogPath is: C:\Users\berej\AppData\Local\Temp\JetLogs\ReSharperTests\FSharpParserTest\Expr - DotIndexerGet 05 - Typed.log

]]></output>
                  </test-case>
                  <test-case name="Expr - DotIndexerSet 01" fullname="JetBrains.ReSharper.Plugins.FSharp.Tests.Features.FSharpParserTest.Expr - DotIndexerSet 01" methodname="Expr - DotIndexerSet 01" classname="FSharpParserTest" result="Passed" duration="0.029" asserts="0">
                    <properties>
                      <property name="Category" value="Parser" />
                    </properties>
                    <output><![CDATA[ReSharper LogPath is: C:\Users\berej\AppData\Local\Temp\JetLogs\ReSharperTests\resharper.log
Per-Test LogPath is: C:\Users\berej\AppData\Local\Temp\JetLogs\ReSharperTests\FSharpParserTest\Expr - DotIndexerSet 01.log

]]></output>
                  </test-case>
                  <test-case name="Expr - DotIndexerSet 02 - Record" fullname="JetBrains.ReSharper.Plugins.FSharp.Tests.Features.FSharpParserTest.Expr - DotIndexerSet 02 - Record" methodname="Expr - DotIndexerSet 02 - Record" classname="FSharpParserTest" result="Passed" duration="0.063" asserts="0">
                    <properties>
                      <property name="Category" value="Parser" />
                    </properties>
                    <output><![CDATA[ReSharper LogPath is: C:\Users\berej\AppData\Local\Temp\JetLogs\ReSharperTests\resharper.log
Per-Test LogPath is: C:\Users\berej\AppData\Local\Temp\JetLogs\ReSharperTests\FSharpParserTest\Expr - DotIndexerSet 02 - Record.log

]]></output>
                  </test-case>
                  <test-case name="Expr - DotIndexerSet 03 - Two args" fullname="JetBrains.ReSharper.Plugins.FSharp.Tests.Features.FSharpParserTest.Expr - DotIndexerSet 03 - Two args" methodname="Expr - DotIndexerSet 03 - Two args" classname="FSharpParserTest" result="Passed" duration="0.029" asserts="0">
                    <properties>
                      <property name="Category" value="Parser" />
                    </properties>
                    <output><![CDATA[ReSharper LogPath is: C:\Users\berej\AppData\Local\Temp\JetLogs\ReSharperTests\resharper.log
Per-Test LogPath is: C:\Users\berej\AppData\Local\Temp\JetLogs\ReSharperTests\FSharpParserTest\Expr - DotIndexerSet 03 - Two args.log

]]></output>
                  </test-case>
                  <test-case name="Expr - DotIndexerSet 04 - Three args" fullname="JetBrains.ReSharper.Plugins.FSharp.Tests.Features.FSharpParserTest.Expr - DotIndexerSet 04 - Three args" methodname="Expr - DotIndexerSet 04 - Three args" classname="FSharpParserTest" result="Passed" duration="0.029" asserts="0">
                    <properties>
                      <property name="Category" value="Parser" />
                    </properties>
                    <output><![CDATA[ReSharper LogPath is: C:\Users\berej\AppData\Local\Temp\JetLogs\ReSharperTests\resharper.log
Per-Test LogPath is: C:\Users\berej\AppData\Local\Temp\JetLogs\ReSharperTests\FSharpParserTest\Expr - DotIndexerSet 04 - Three args.log

]]></output>
                  </test-case>
                  <test-case name="Expr - DotIndexerSet 05 - Tuple arg" fullname="JetBrains.ReSharper.Plugins.FSharp.Tests.Features.FSharpParserTest.Expr - DotIndexerSet 05 - Tuple arg" methodname="Expr - DotIndexerSet 05 - Tuple arg" classname="FSharpParserTest" result="Passed" duration="0.053" asserts="0">
                    <properties>
                      <property name="Category" value="Parser" />
                    </properties>
                    <output><![CDATA[ReSharper LogPath is: C:\Users\berej\AppData\Local\Temp\JetLogs\ReSharperTests\resharper.log
Per-Test LogPath is: C:\Users\berej\AppData\Local\Temp\JetLogs\ReSharperTests\FSharpParserTest\Expr - DotIndexerSet 05 - Tuple arg.log

]]></output>
                  </test-case>
                  <test-case name="Expr - DotNamedIndexerSet 01" fullname="JetBrains.ReSharper.Plugins.FSharp.Tests.Features.FSharpParserTest.Expr - DotNamedIndexerSet 01" methodname="Expr - DotNamedIndexerSet 01" classname="FSharpParserTest" result="Passed" duration="0.032" asserts="0">
                    <properties>
                      <property name="Category" value="Parser" />
                    </properties>
                    <output><![CDATA[ReSharper LogPath is: C:\Users\berej\AppData\Local\Temp\JetLogs\ReSharperTests\resharper.log
Per-Test LogPath is: C:\Users\berej\AppData\Local\Temp\JetLogs\ReSharperTests\FSharpParserTest\Expr - DotNamedIndexerSet 01.log

]]></output>
                  </test-case>
                  <test-case name="Expr - DotSet 01" fullname="JetBrains.ReSharper.Plugins.FSharp.Tests.Features.FSharpParserTest.Expr - DotSet 01" methodname="Expr - DotSet 01" classname="FSharpParserTest" result="Passed" duration="0.031" asserts="0">
                    <properties>
                      <property name="Category" value="Parser" />
                    </properties>
                    <output><![CDATA[ReSharper LogPath is: C:\Users\berej\AppData\Local\Temp\JetLogs\ReSharperTests\resharper.log
Per-Test LogPath is: C:\Users\berej\AppData\Local\Temp\JetLogs\ReSharperTests\FSharpParserTest\Expr - DotSet 01.log

]]></output>
                  </test-case>
                  <test-case name="Expr - Fixed 01 - Simple" fullname="JetBrains.ReSharper.Plugins.FSharp.Tests.Features.FSharpParserTest.Expr - Fixed 01 - Simple" methodname="Expr - Fixed 01 - Simple" classname="FSharpParserTest" result="Passed" duration="0.034" asserts="0">
                    <properties>
                      <property name="Category" value="Parser" />
                    </properties>
                    <output><![CDATA[ReSharper LogPath is: C:\Users\berej\AppData\Local\Temp\JetLogs\ReSharperTests\resharper.log
Per-Test LogPath is: C:\Users\berej\AppData\Local\Temp\JetLogs\ReSharperTests\FSharpParserTest\Expr - Fixed 01 - Simple.log

]]></output>
                  </test-case>
                  <test-case name="Expr - For 01" fullname="JetBrains.ReSharper.Plugins.FSharp.Tests.Features.FSharpParserTest.Expr - For 01" methodname="Expr - For 01" classname="FSharpParserTest" result="Passed" duration="0.029" asserts="0">
                    <properties>
                      <property name="Category" value="Parser" />
                    </properties>
                    <output><![CDATA[ReSharper LogPath is: C:\Users\berej\AppData\Local\Temp\JetLogs\ReSharperTests\resharper.log
Per-Test LogPath is: C:\Users\berej\AppData\Local\Temp\JetLogs\ReSharperTests\FSharpParserTest\Expr - For 01.log

]]></output>
                  </test-case>
                  <test-case name="Expr - ForEach - Range 01" fullname="JetBrains.ReSharper.Plugins.FSharp.Tests.Features.FSharpParserTest.Expr - ForEach - Range 01" methodname="Expr - ForEach - Range 01" classname="FSharpParserTest" result="Passed" duration="0.029" asserts="0">
                    <properties>
                      <property name="Category" value="Parser" />
                    </properties>
                    <output><![CDATA[ReSharper LogPath is: C:\Users\berej\AppData\Local\Temp\JetLogs\ReSharperTests\resharper.log
Per-Test LogPath is: C:\Users\berej\AppData\Local\Temp\JetLogs\ReSharperTests\FSharpParserTest\Expr - ForEach - Range 01.log

]]></output>
                  </test-case>
                  <test-case name="Expr - ForEach - Range 02 - Step" fullname="JetBrains.ReSharper.Plugins.FSharp.Tests.Features.FSharpParserTest.Expr - ForEach - Range 02 - Step" methodname="Expr - ForEach - Range 02 - Step" classname="FSharpParserTest" result="Passed" duration="0.032" asserts="0">
                    <properties>
                      <property name="Category" value="Parser" />
                    </properties>
                    <output><![CDATA[ReSharper LogPath is: C:\Users\berej\AppData\Local\Temp\JetLogs\ReSharperTests\resharper.log
Per-Test LogPath is: C:\Users\berej\AppData\Local\Temp\JetLogs\ReSharperTests\FSharpParserTest\Expr - ForEach - Range 02 - Step.log

]]></output>
                  </test-case>
                  <test-case name="Expr - ForEach 01" fullname="JetBrains.ReSharper.Plugins.FSharp.Tests.Features.FSharpParserTest.Expr - ForEach 01" methodname="Expr - ForEach 01" classname="FSharpParserTest" result="Passed" duration="0.028" asserts="0">
                    <properties>
                      <property name="Category" value="Parser" />
                    </properties>
                    <output><![CDATA[ReSharper LogPath is: C:\Users\berej\AppData\Local\Temp\JetLogs\ReSharperTests\resharper.log
Per-Test LogPath is: C:\Users\berej\AppData\Local\Temp\JetLogs\ReSharperTests\FSharpParserTest\Expr - ForEach 01.log

]]></output>
                  </test-case>
                  <test-case name="Expr - Ident 01 - Simple" fullname="JetBrains.ReSharper.Plugins.FSharp.Tests.Features.FSharpParserTest.Expr - Ident 01 - Simple" methodname="Expr - Ident 01 - Simple" classname="FSharpParserTest" result="Passed" duration="0.023" asserts="0">
                    <properties>
                      <property name="Category" value="Parser" />
                    </properties>
                    <output><![CDATA[ReSharper LogPath is: C:\Users\berej\AppData\Local\Temp\JetLogs\ReSharperTests\resharper.log
Per-Test LogPath is: C:\Users\berej\AppData\Local\Temp\JetLogs\ReSharperTests\FSharpParserTest\Expr - Ident 01 - Simple.log

]]></output>
                  </test-case>
                  <test-case name="Expr - If 01" fullname="JetBrains.ReSharper.Plugins.FSharp.Tests.Features.FSharpParserTest.Expr - If 01" methodname="Expr - If 01" classname="FSharpParserTest" result="Passed" duration="0.031" asserts="0">
                    <properties>
                      <property name="Category" value="Parser" />
                    </properties>
                    <output><![CDATA[ReSharper LogPath is: C:\Users\berej\AppData\Local\Temp\JetLogs\ReSharperTests\resharper.log
Per-Test LogPath is: C:\Users\berej\AppData\Local\Temp\JetLogs\ReSharperTests\FSharpParserTest\Expr - If 01.log

]]></output>
                  </test-case>
                  <test-case name="Expr - IfThenElse - Elif 01" fullname="JetBrains.ReSharper.Plugins.FSharp.Tests.Features.FSharpParserTest.Expr - IfThenElse - Elif 01" methodname="Expr - IfThenElse - Elif 01" classname="FSharpParserTest" result="Passed" duration="0.029" asserts="0">
                    <properties>
                      <property name="Category" value="Parser" />
                    </properties>
                    <output><![CDATA[ReSharper LogPath is: C:\Users\berej\AppData\Local\Temp\JetLogs\ReSharperTests\resharper.log
Per-Test LogPath is: C:\Users\berej\AppData\Local\Temp\JetLogs\ReSharperTests\FSharpParserTest\Expr - IfThenElse - Elif 01.log

]]></output>
                  </test-case>
                  <test-case name="Expr - IfThenElse - Elif 02" fullname="JetBrains.ReSharper.Plugins.FSharp.Tests.Features.FSharpParserTest.Expr - IfThenElse - Elif 02" methodname="Expr - IfThenElse - Elif 02" classname="FSharpParserTest" result="Passed" duration="0.031" asserts="0">
                    <properties>
                      <property name="Category" value="Parser" />
                    </properties>
                    <output><![CDATA[ReSharper LogPath is: C:\Users\berej\AppData\Local\Temp\JetLogs\ReSharperTests\resharper.log
Per-Test LogPath is: C:\Users\berej\AppData\Local\Temp\JetLogs\ReSharperTests\FSharpParserTest\Expr - IfThenElse - Elif 02.log

]]></output>
                  </test-case>
                  <test-case name="Expr - IfThenElse 01 - Simple" fullname="JetBrains.ReSharper.Plugins.FSharp.Tests.Features.FSharpParserTest.Expr - IfThenElse 01 - Simple" methodname="Expr - IfThenElse 01 - Simple" classname="FSharpParserTest" result="Passed" duration="0.029" asserts="0">
                    <properties>
                      <property name="Category" value="Parser" />
                    </properties>
                    <output><![CDATA[ReSharper LogPath is: C:\Users\berej\AppData\Local\Temp\JetLogs\ReSharperTests\resharper.log
Per-Test LogPath is: C:\Users\berej\AppData\Local\Temp\JetLogs\ReSharperTests\FSharpParserTest\Expr - IfThenElse 01 - Simple.log

]]></output>
                  </test-case>
                  <test-case name="Expr - IfThenElse 02 - Nested 01 - Single line" fullname="JetBrains.ReSharper.Plugins.FSharp.Tests.Features.FSharpParserTest.Expr - IfThenElse 02 - Nested 01 - Single line" methodname="Expr - IfThenElse 02 - Nested 01 - Single line" classname="FSharpParserTest" result="Passed" duration="0.029" asserts="0">
                    <properties>
                      <property name="Category" value="Parser" />
                    </properties>
                    <output><![CDATA[ReSharper LogPath is: C:\Users\berej\AppData\Local\Temp\JetLogs\ReSharperTests\resharper.log
Per-Test LogPath is: C:\Users\berej\AppData\Local\Temp\JetLogs\ReSharperTests\FSharpParserTest\Expr - IfThenElse 02 - Nested 01 - Single line.log

]]></output>
                  </test-case>
                  <test-case name="Expr - ImplicitZero 01" fullname="JetBrains.ReSharper.Plugins.FSharp.Tests.Features.FSharpParserTest.Expr - ImplicitZero 01" methodname="Expr - ImplicitZero 01" classname="FSharpParserTest" result="Passed" duration="0.03" asserts="0">
                    <properties>
                      <property name="Category" value="Parser" />
                    </properties>
                    <output><![CDATA[ReSharper LogPath is: C:\Users\berej\AppData\Local\Temp\JetLogs\ReSharperTests\resharper.log
Per-Test LogPath is: C:\Users\berej\AppData\Local\Temp\JetLogs\ReSharperTests\FSharpParserTest\Expr - ImplicitZero 01.log

]]></output>
                  </test-case>
                  <test-case name="Expr - Lambda 01 - Single id" fullname="JetBrains.ReSharper.Plugins.FSharp.Tests.Features.FSharpParserTest.Expr - Lambda 01 - Single id" methodname="Expr - Lambda 01 - Single id" classname="FSharpParserTest" result="Passed" duration="0.031" asserts="0">
                    <properties>
                      <property name="Category" value="Parser" />
                    </properties>
                    <output><![CDATA[ReSharper LogPath is: C:\Users\berej\AppData\Local\Temp\JetLogs\ReSharperTests\resharper.log
Per-Test LogPath is: C:\Users\berej\AppData\Local\Temp\JetLogs\ReSharperTests\FSharpParserTest\Expr - Lambda 01 - Single id.log

]]></output>
                  </test-case>
                  <test-case name="Expr - Lambda 02 - Single wild" fullname="JetBrains.ReSharper.Plugins.FSharp.Tests.Features.FSharpParserTest.Expr - Lambda 02 - Single wild" methodname="Expr - Lambda 02 - Single wild" classname="FSharpParserTest" result="Passed" duration="0.029" asserts="0">
                    <properties>
                      <property name="Category" value="Parser" />
                    </properties>
                    <output><![CDATA[ReSharper LogPath is: C:\Users\berej\AppData\Local\Temp\JetLogs\ReSharperTests\resharper.log
Per-Test LogPath is: C:\Users\berej\AppData\Local\Temp\JetLogs\ReSharperTests\FSharpParserTest\Expr - Lambda 02 - Single wild.log

]]></output>
                  </test-case>
                  <test-case name="Expr - Lambda 03 - Tuple" fullname="JetBrains.ReSharper.Plugins.FSharp.Tests.Features.FSharpParserTest.Expr - Lambda 03 - Tuple" methodname="Expr - Lambda 03 - Tuple" classname="FSharpParserTest" result="Passed" duration="0.029" asserts="0">
                    <properties>
                      <property name="Category" value="Parser" />
                    </properties>
                    <output><![CDATA[ReSharper LogPath is: C:\Users\berej\AppData\Local\Temp\JetLogs\ReSharperTests\resharper.log
Per-Test LogPath is: C:\Users\berej\AppData\Local\Temp\JetLogs\ReSharperTests\FSharpParserTest\Expr - Lambda 03 - Tuple.log

]]></output>
                  </test-case>
                  <test-case name="Expr - Lambda 04 - Long id pattern" fullname="JetBrains.ReSharper.Plugins.FSharp.Tests.Features.FSharpParserTest.Expr - Lambda 04 - Long id pattern" methodname="Expr - Lambda 04 - Long id pattern" classname="FSharpParserTest" result="Passed" duration="0.031" asserts="0">
                    <properties>
                      <property name="Category" value="Parser" />
                    </properties>
                    <output><![CDATA[ReSharper LogPath is: C:\Users\berej\AppData\Local\Temp\JetLogs\ReSharperTests\resharper.log
Per-Test LogPath is: C:\Users\berej\AppData\Local\Temp\JetLogs\ReSharperTests\FSharpParserTest\Expr - Lambda 04 - Long id pattern.log

]]></output>
                  </test-case>
                  <test-case name="Expr - Lambda 05 - Multiple wilds" fullname="JetBrains.ReSharper.Plugins.FSharp.Tests.Features.FSharpParserTest.Expr - Lambda 05 - Multiple wilds" methodname="Expr - Lambda 05 - Multiple wilds" classname="FSharpParserTest" result="Passed" duration="0.03" asserts="0">
                    <properties>
                      <property name="Category" value="Parser" />
                    </properties>
                    <output><![CDATA[ReSharper LogPath is: C:\Users\berej\AppData\Local\Temp\JetLogs\ReSharperTests\resharper.log
Per-Test LogPath is: C:\Users\berej\AppData\Local\Temp\JetLogs\ReSharperTests\FSharpParserTest\Expr - Lambda 05 - Multiple wilds.log

]]></output>
                  </test-case>
                  <test-case name="Expr - Lambda 06 - Wild and named pats 01" fullname="JetBrains.ReSharper.Plugins.FSharp.Tests.Features.FSharpParserTest.Expr - Lambda 06 - Wild and named pats 01" methodname="Expr - Lambda 06 - Wild and named pats 01" classname="FSharpParserTest" result="Passed" duration="0.031" asserts="0">
                    <properties>
                      <property name="Category" value="Parser" />
                    </properties>
                    <output><![CDATA[ReSharper LogPath is: C:\Users\berej\AppData\Local\Temp\JetLogs\ReSharperTests\resharper.log
Per-Test LogPath is: C:\Users\berej\AppData\Local\Temp\JetLogs\ReSharperTests\FSharpParserTest\Expr - Lambda 06 - Wild and named pats 01.log

]]></output>
                  </test-case>
                  <test-case name="Expr - Lambda 07 - Wild and named pats 02" fullname="JetBrains.ReSharper.Plugins.FSharp.Tests.Features.FSharpParserTest.Expr - Lambda 07 - Wild and named pats 02" methodname="Expr - Lambda 07 - Wild and named pats 02" classname="FSharpParserTest" result="Passed" duration="0.034" asserts="0">
                    <properties>
                      <property name="Category" value="Parser" />
                    </properties>
                    <output><![CDATA[ReSharper LogPath is: C:\Users\berej\AppData\Local\Temp\JetLogs\ReSharperTests\resharper.log
Per-Test LogPath is: C:\Users\berej\AppData\Local\Temp\JetLogs\ReSharperTests\FSharpParserTest\Expr - Lambda 07 - Wild and named pats 02.log

]]></output>
                  </test-case>
                  <test-case name="Expr - Lambda 08 - Match expr" fullname="JetBrains.ReSharper.Plugins.FSharp.Tests.Features.FSharpParserTest.Expr - Lambda 08 - Match expr" methodname="Expr - Lambda 08 - Match expr" classname="FSharpParserTest" result="Passed" duration="0.026" asserts="0">
                    <properties>
                      <property name="Category" value="Parser" />
                    </properties>
                    <output><![CDATA[ReSharper LogPath is: C:\Users\berej\AppData\Local\Temp\JetLogs\ReSharperTests\resharper.log
Per-Test LogPath is: C:\Users\berej\AppData\Local\Temp\JetLogs\ReSharperTests\FSharpParserTest\Expr - Lambda 08 - Match expr.log

]]></output>
                  </test-case>
                  <test-case name="Expr - Lambda 09 - Long id with or pat" fullname="JetBrains.ReSharper.Plugins.FSharp.Tests.Features.FSharpParserTest.Expr - Lambda 09 - Long id with or pat" methodname="Expr - Lambda 09 - Long id with or pat" classname="FSharpParserTest" result="Passed" duration="0.029" asserts="0">
                    <properties>
                      <property name="Category" value="Parser" />
                    </properties>
                    <output><![CDATA[ReSharper LogPath is: C:\Users\berej\AppData\Local\Temp\JetLogs\ReSharperTests\resharper.log
Per-Test LogPath is: C:\Users\berej\AppData\Local\Temp\JetLogs\ReSharperTests\FSharpParserTest\Expr - Lambda 09 - Long id with or pat.log

]]></output>
                  </test-case>
                  <test-case name="Expr - Lambda 10 - Multiple tuples" fullname="JetBrains.ReSharper.Plugins.FSharp.Tests.Features.FSharpParserTest.Expr - Lambda 10 - Multiple tuples" methodname="Expr - Lambda 10 - Multiple tuples" classname="FSharpParserTest" result="Passed" duration="0.033" asserts="0">
                    <properties>
                      <property name="Category" value="Parser" />
                    </properties>
                    <output><![CDATA[ReSharper LogPath is: C:\Users\berej\AppData\Local\Temp\JetLogs\ReSharperTests\resharper.log
Per-Test LogPath is: C:\Users\berej\AppData\Local\Temp\JetLogs\ReSharperTests\FSharpParserTest\Expr - Lambda 10 - Multiple tuples.log

]]></output>
                  </test-case>
                  <test-case name="Expr - Lambda 11 - Two wilds" fullname="JetBrains.ReSharper.Plugins.FSharp.Tests.Features.FSharpParserTest.Expr - Lambda 11 - Two wilds" methodname="Expr - Lambda 11 - Two wilds" classname="FSharpParserTest" result="Passed" duration="0.029" asserts="0">
                    <properties>
                      <property name="Category" value="Parser" />
                    </properties>
                    <output><![CDATA[ReSharper LogPath is: C:\Users\berej\AppData\Local\Temp\JetLogs\ReSharperTests\resharper.log
Per-Test LogPath is: C:\Users\berej\AppData\Local\Temp\JetLogs\ReSharperTests\FSharpParserTest\Expr - Lambda 11 - Two wilds.log

]]></output>
                  </test-case>
                  <test-case name="Expr - Lambda 12 - Paren" fullname="JetBrains.ReSharper.Plugins.FSharp.Tests.Features.FSharpParserTest.Expr - Lambda 12 - Paren" methodname="Expr - Lambda 12 - Paren" classname="FSharpParserTest" result="Passed" duration="0.029" asserts="0">
                    <properties>
                      <property name="Category" value="Parser" />
                    </properties>
                    <output><![CDATA[ReSharper LogPath is: C:\Users\berej\AppData\Local\Temp\JetLogs\ReSharperTests\resharper.log
Per-Test LogPath is: C:\Users\berej\AppData\Local\Temp\JetLogs\ReSharperTests\FSharpParserTest\Expr - Lambda 12 - Paren.log

]]></output>
                  </test-case>
                  <test-case name="Expr - Lambda 13 - Two parens" fullname="JetBrains.ReSharper.Plugins.FSharp.Tests.Features.FSharpParserTest.Expr - Lambda 13 - Two parens" methodname="Expr - Lambda 13 - Two parens" classname="FSharpParserTest" result="Passed" duration="0.033" asserts="0">
                    <properties>
                      <property name="Category" value="Parser" />
                    </properties>
                    <output><![CDATA[ReSharper LogPath is: C:\Users\berej\AppData\Local\Temp\JetLogs\ReSharperTests\resharper.log
Per-Test LogPath is: C:\Users\berej\AppData\Local\Temp\JetLogs\ReSharperTests\FSharpParserTest\Expr - Lambda 13 - Two parens.log

]]></output>
                  </test-case>
                  <test-case name="Expr - Lambda 14 - Nested parens" fullname="JetBrains.ReSharper.Plugins.FSharp.Tests.Features.FSharpParserTest.Expr - Lambda 14 - Nested parens" methodname="Expr - Lambda 14 - Nested parens" classname="FSharpParserTest" result="Passed" duration="0.03" asserts="0">
                    <properties>
                      <property name="Category" value="Parser" />
                    </properties>
                    <output><![CDATA[ReSharper LogPath is: C:\Users\berej\AppData\Local\Temp\JetLogs\ReSharperTests\resharper.log
Per-Test LogPath is: C:\Users\berej\AppData\Local\Temp\JetLogs\ReSharperTests\FSharpParserTest\Expr - Lambda 14 - Nested parens.log

]]></output>
                  </test-case>
                  <test-case name="Expr - Lambda 15 - Unit" fullname="JetBrains.ReSharper.Plugins.FSharp.Tests.Features.FSharpParserTest.Expr - Lambda 15 - Unit" methodname="Expr - Lambda 15 - Unit" classname="FSharpParserTest" result="Passed" duration="0.03" asserts="0">
                    <properties>
                      <property name="Category" value="Parser" />
                    </properties>
                    <output><![CDATA[ReSharper LogPath is: C:\Users\berej\AppData\Local\Temp\JetLogs\ReSharperTests\resharper.log
Per-Test LogPath is: C:\Users\berej\AppData\Local\Temp\JetLogs\ReSharperTests\FSharpParserTest\Expr - Lambda 15 - Unit.log

]]></output>
                  </test-case>
                  <test-case name="Expr - Lambda 16 - Unit in parens" fullname="JetBrains.ReSharper.Plugins.FSharp.Tests.Features.FSharpParserTest.Expr - Lambda 16 - Unit in parens" methodname="Expr - Lambda 16 - Unit in parens" classname="FSharpParserTest" result="Passed" duration="0.032" asserts="0">
                    <properties>
                      <property name="Category" value="Parser" />
                    </properties>
                    <output><![CDATA[ReSharper LogPath is: C:\Users\berej\AppData\Local\Temp\JetLogs\ReSharperTests\resharper.log
Per-Test LogPath is: C:\Users\berej\AppData\Local\Temp\JetLogs\ReSharperTests\FSharpParserTest\Expr - Lambda 16 - Unit in parens.log

]]></output>
                  </test-case>
                  <test-case name="Expr - Lambda 17 - As" fullname="JetBrains.ReSharper.Plugins.FSharp.Tests.Features.FSharpParserTest.Expr - Lambda 17 - As" methodname="Expr - Lambda 17 - As" classname="FSharpParserTest" result="Passed" duration="0.029" asserts="0">
                    <properties>
                      <property name="Category" value="Parser" />
                    </properties>
                    <output><![CDATA[ReSharper LogPath is: C:\Users\berej\AppData\Local\Temp\JetLogs\ReSharperTests\resharper.log
Per-Test LogPath is: C:\Users\berej\AppData\Local\Temp\JetLogs\ReSharperTests\FSharpParserTest\Expr - Lambda 17 - As.log

]]></output>
                  </test-case>
                  <test-case name="Expr - Lambda 18 - Typed" fullname="JetBrains.ReSharper.Plugins.FSharp.Tests.Features.FSharpParserTest.Expr - Lambda 18 - Typed" methodname="Expr - Lambda 18 - Typed" classname="FSharpParserTest" result="Passed" duration="0.03" asserts="0">
                    <properties>
                      <property name="Category" value="Parser" />
                    </properties>
                    <output><![CDATA[ReSharper LogPath is: C:\Users\berej\AppData\Local\Temp\JetLogs\ReSharperTests\resharper.log
Per-Test LogPath is: C:\Users\berej\AppData\Local\Temp\JetLogs\ReSharperTests\FSharpParserTest\Expr - Lambda 18 - Typed.log

]]></output>
                  </test-case>
                  <test-case name="Expr - Lambda 19 - Typed - Multiple params" fullname="JetBrains.ReSharper.Plugins.FSharp.Tests.Features.FSharpParserTest.Expr - Lambda 19 - Typed - Multiple params" methodname="Expr - Lambda 19 - Typed - Multiple params" classname="FSharpParserTest" result="Passed" duration="0.032" asserts="0">
                    <properties>
                      <property name="Category" value="Parser" />
                    </properties>
                    <output><![CDATA[ReSharper LogPath is: C:\Users\berej\AppData\Local\Temp\JetLogs\ReSharperTests\resharper.log
Per-Test LogPath is: C:\Users\berej\AppData\Local\Temp\JetLogs\ReSharperTests\FSharpParserTest\Expr - Lambda 19 - Typed - Multiple params.log

]]></output>
                  </test-case>
                  <test-case name="Expr - Lambda 20 - Two units" fullname="JetBrains.ReSharper.Plugins.FSharp.Tests.Features.FSharpParserTest.Expr - Lambda 20 - Two units" methodname="Expr - Lambda 20 - Two units" classname="FSharpParserTest" result="Passed" duration="0.028" asserts="0">
                    <properties>
                      <property name="Category" value="Parser" />
                    </properties>
                    <output><![CDATA[ReSharper LogPath is: C:\Users\berej\AppData\Local\Temp\JetLogs\ReSharperTests\resharper.log
Per-Test LogPath is: C:\Users\berej\AppData\Local\Temp\JetLogs\ReSharperTests\FSharpParserTest\Expr - Lambda 20 - Two units.log

]]></output>
                  </test-case>
                  <test-case name="Expr - Lambda 21 - Nested types" fullname="JetBrains.ReSharper.Plugins.FSharp.Tests.Features.FSharpParserTest.Expr - Lambda 21 - Nested types" methodname="Expr - Lambda 21 - Nested types" classname="FSharpParserTest" result="Passed" duration="0.029" asserts="0">
                    <properties>
                      <property name="Category" value="Parser" />
                    </properties>
                    <output><![CDATA[ReSharper LogPath is: C:\Users\berej\AppData\Local\Temp\JetLogs\ReSharperTests\resharper.log
Per-Test LogPath is: C:\Users\berej\AppData\Local\Temp\JetLogs\ReSharperTests\FSharpParserTest\Expr - Lambda 21 - Nested types.log

]]></output>
                  </test-case>
                  <test-case name="Expr - Lambda 22 - Attribute" fullname="JetBrains.ReSharper.Plugins.FSharp.Tests.Features.FSharpParserTest.Expr - Lambda 22 - Attribute" methodname="Expr - Lambda 22 - Attribute" classname="FSharpParserTest" result="Passed" duration="0.027" asserts="0">
                    <properties>
                      <property name="Category" value="Parser" />
                    </properties>
                    <output><![CDATA[ReSharper LogPath is: C:\Users\berej\AppData\Local\Temp\JetLogs\ReSharperTests\resharper.log
Per-Test LogPath is: C:\Users\berej\AppData\Local\Temp\JetLogs\ReSharperTests\FSharpParserTest\Expr - Lambda 22 - Attribute.log

]]></output>
                  </test-case>
                  <test-case name="Expr - Lambda 23 - Attribute, Typed" fullname="JetBrains.ReSharper.Plugins.FSharp.Tests.Features.FSharpParserTest.Expr - Lambda 23 - Attribute, Typed" methodname="Expr - Lambda 23 - Attribute, Typed" classname="FSharpParserTest" result="Passed" duration="0.029" asserts="0">
                    <properties>
                      <property name="Category" value="Parser" />
                    </properties>
                    <output><![CDATA[ReSharper LogPath is: C:\Users\berej\AppData\Local\Temp\JetLogs\ReSharperTests\resharper.log
Per-Test LogPath is: C:\Users\berej\AppData\Local\Temp\JetLogs\ReSharperTests\FSharpParserTest\Expr - Lambda 23 - Attribute, Typed.log

]]></output>
                  </test-case>
                  <test-case name="Expr - Lambda 24 - Unit in nested parens" fullname="JetBrains.ReSharper.Plugins.FSharp.Tests.Features.FSharpParserTest.Expr - Lambda 24 - Unit in nested parens" methodname="Expr - Lambda 24 - Unit in nested parens" classname="FSharpParserTest" result="Inconclusive" duration="0" asserts="0">
                    <properties>
                      <property name="Explicit" value="" />
                      <property name="Category" value="Parser" />
                    </properties>
                  </test-case>
                  <test-case name="Expr - Lazy 01 - Simple" fullname="JetBrains.ReSharper.Plugins.FSharp.Tests.Features.FSharpParserTest.Expr - Lazy 01 - Simple" methodname="Expr - Lazy 01 - Simple" classname="FSharpParserTest" result="Passed" duration="0.028" asserts="0">
                    <properties>
                      <property name="Category" value="Parser" />
                    </properties>
                    <output><![CDATA[ReSharper LogPath is: C:\Users\berej\AppData\Local\Temp\JetLogs\ReSharperTests\resharper.log
Per-Test LogPath is: C:\Users\berej\AppData\Local\Temp\JetLogs\ReSharperTests\FSharpParserTest\Expr - Lazy 01 - Simple.log

]]></output>
                  </test-case>
                  <test-case name="Expr - LetOrUse 01" fullname="JetBrains.ReSharper.Plugins.FSharp.Tests.Features.FSharpParserTest.Expr - LetOrUse 01" methodname="Expr - LetOrUse 01" classname="FSharpParserTest" result="Passed" duration="0.028" asserts="0">
                    <properties>
                      <property name="Category" value="Parser" />
                    </properties>
                    <output><![CDATA[ReSharper LogPath is: C:\Users\berej\AppData\Local\Temp\JetLogs\ReSharperTests\resharper.log
Per-Test LogPath is: C:\Users\berej\AppData\Local\Temp\JetLogs\ReSharperTests\FSharpParserTest\Expr - LetOrUse 01.log

]]></output>
                  </test-case>
                  <test-case name="Expr - LetOrUseBang 01" fullname="JetBrains.ReSharper.Plugins.FSharp.Tests.Features.FSharpParserTest.Expr - LetOrUseBang 01" methodname="Expr - LetOrUseBang 01" classname="FSharpParserTest" result="Passed" duration="0.03" asserts="0">
                    <properties>
                      <property name="Category" value="Parser" />
                    </properties>
                    <output><![CDATA[ReSharper LogPath is: C:\Users\berej\AppData\Local\Temp\JetLogs\ReSharperTests\resharper.log
Per-Test LogPath is: C:\Users\berej\AppData\Local\Temp\JetLogs\ReSharperTests\FSharpParserTest\Expr - LetOrUseBang 01.log

]]></output>
                  </test-case>
                  <test-case name="Expr - LetOrUseBang 02 - Group" fullname="JetBrains.ReSharper.Plugins.FSharp.Tests.Features.FSharpParserTest.Expr - LetOrUseBang 02 - Group" methodname="Expr - LetOrUseBang 02 - Group" classname="FSharpParserTest" result="Passed" duration="0.032" asserts="0">
                    <properties>
                      <property name="Category" value="Parser" />
                    </properties>
                    <output><![CDATA[ReSharper LogPath is: C:\Users\berej\AppData\Local\Temp\JetLogs\ReSharperTests\resharper.log
Per-Test LogPath is: C:\Users\berej\AppData\Local\Temp\JetLogs\ReSharperTests\FSharpParserTest\Expr - LetOrUseBang 02 - Group.log

]]></output>
                  </test-case>
                  <test-case name="Expr - List - Comprehension 01" fullname="JetBrains.ReSharper.Plugins.FSharp.Tests.Features.FSharpParserTest.Expr - List - Comprehension 01" methodname="Expr - List - Comprehension 01" classname="FSharpParserTest" result="Passed" duration="0.029" asserts="0">
                    <properties>
                      <property name="Category" value="Parser" />
                    </properties>
                    <output><![CDATA[ReSharper LogPath is: C:\Users\berej\AppData\Local\Temp\JetLogs\ReSharperTests\resharper.log
Per-Test LogPath is: C:\Users\berej\AppData\Local\Temp\JetLogs\ReSharperTests\FSharpParserTest\Expr - List - Comprehension 01.log

]]></output>
                  </test-case>
                  <test-case name="Expr - List - Empty 01" fullname="JetBrains.ReSharper.Plugins.FSharp.Tests.Features.FSharpParserTest.Expr - List - Empty 01" methodname="Expr - List - Empty 01" classname="FSharpParserTest" result="Passed" duration="0.029" asserts="0">
                    <properties>
                      <property name="Category" value="Parser" />
                    </properties>
                    <output><![CDATA[ReSharper LogPath is: C:\Users\berej\AppData\Local\Temp\JetLogs\ReSharperTests\resharper.log
Per-Test LogPath is: C:\Users\berej\AppData\Local\Temp\JetLogs\ReSharperTests\FSharpParserTest\Expr - List - Empty 01.log

]]></output>
                  </test-case>
                  <test-case name="Expr - List - Range sequence 01" fullname="JetBrains.ReSharper.Plugins.FSharp.Tests.Features.FSharpParserTest.Expr - List - Range sequence 01" methodname="Expr - List - Range sequence 01" classname="FSharpParserTest" result="Passed" duration="0.029" asserts="0">
                    <properties>
                      <property name="Category" value="Parser" />
                    </properties>
                    <output><![CDATA[ReSharper LogPath is: C:\Users\berej\AppData\Local\Temp\JetLogs\ReSharperTests\resharper.log
Per-Test LogPath is: C:\Users\berej\AppData\Local\Temp\JetLogs\ReSharperTests\FSharpParserTest\Expr - List - Range sequence 01.log

]]></output>
                  </test-case>
                  <test-case name="Expr - List - Seq 01" fullname="JetBrains.ReSharper.Plugins.FSharp.Tests.Features.FSharpParserTest.Expr - List - Seq 01" methodname="Expr - List - Seq 01" classname="FSharpParserTest" result="Passed" duration="0.029" asserts="0">
                    <properties>
                      <property name="Category" value="Parser" />
                    </properties>
                    <output><![CDATA[ReSharper LogPath is: C:\Users\berej\AppData\Local\Temp\JetLogs\ReSharperTests\resharper.log
Per-Test LogPath is: C:\Users\berej\AppData\Local\Temp\JetLogs\ReSharperTests\FSharpParserTest\Expr - List - Seq 01.log

]]></output>
                  </test-case>
                  <test-case name="Expr - List - Seq 02 - Implicit semi" fullname="JetBrains.ReSharper.Plugins.FSharp.Tests.Features.FSharpParserTest.Expr - List - Seq 02 - Implicit semi" methodname="Expr - List - Seq 02 - Implicit semi" classname="FSharpParserTest" result="Passed" duration="0.031" asserts="0">
                    <properties>
                      <property name="Category" value="Parser" />
                    </properties>
                    <output><![CDATA[ReSharper LogPath is: C:\Users\berej\AppData\Local\Temp\JetLogs\ReSharperTests\resharper.log
Per-Test LogPath is: C:\Users\berej\AppData\Local\Temp\JetLogs\ReSharperTests\FSharpParserTest\Expr - List - Seq 02 - Implicit semi.log

]]></output>
                  </test-case>
                  <test-case name="Expr - List - Seq 03 - Implicit yield" fullname="JetBrains.ReSharper.Plugins.FSharp.Tests.Features.FSharpParserTest.Expr - List - Seq 03 - Implicit yield" methodname="Expr - List - Seq 03 - Implicit yield" classname="FSharpParserTest" result="Passed" duration="0.031" asserts="0">
                    <properties>
                      <property name="Category" value="Parser" />
                    </properties>
                    <output><![CDATA[ReSharper LogPath is: C:\Users\berej\AppData\Local\Temp\JetLogs\ReSharperTests\resharper.log
Per-Test LogPath is: C:\Users\berej\AppData\Local\Temp\JetLogs\ReSharperTests\FSharpParserTest\Expr - List - Seq 03 - Implicit yield.log

]]></output>
                  </test-case>
                  <test-case name="Expr - List - Seq 04 - Yield" fullname="JetBrains.ReSharper.Plugins.FSharp.Tests.Features.FSharpParserTest.Expr - List - Seq 04 - Yield" methodname="Expr - List - Seq 04 - Yield" classname="FSharpParserTest" result="Passed" duration="0.032" asserts="0">
                    <properties>
                      <property name="Category" value="Parser" />
                    </properties>
                    <output><![CDATA[ReSharper LogPath is: C:\Users\berej\AppData\Local\Temp\JetLogs\ReSharperTests\resharper.log
Per-Test LogPath is: C:\Users\berej\AppData\Local\Temp\JetLogs\ReSharperTests\FSharpParserTest\Expr - List - Seq 04 - Yield.log

]]></output>
                  </test-case>
                  <test-case name="Expr - List - Seq 05 - ForEach" fullname="JetBrains.ReSharper.Plugins.FSharp.Tests.Features.FSharpParserTest.Expr - List - Seq 05 - ForEach" methodname="Expr - List - Seq 05 - ForEach" classname="FSharpParserTest" result="Passed" duration="0.03" asserts="0">
                    <properties>
                      <property name="Category" value="Parser" />
                    </properties>
                    <output><![CDATA[ReSharper LogPath is: C:\Users\berej\AppData\Local\Temp\JetLogs\ReSharperTests\resharper.log
Per-Test LogPath is: C:\Users\berej\AppData\Local\Temp\JetLogs\ReSharperTests\FSharpParserTest\Expr - List - Seq 05 - ForEach.log

]]></output>
                  </test-case>
                  <test-case name="Expr - LongIdent 01" fullname="JetBrains.ReSharper.Plugins.FSharp.Tests.Features.FSharpParserTest.Expr - LongIdent 01" methodname="Expr - LongIdent 01" classname="FSharpParserTest" result="Passed" duration="0.029" asserts="0">
                    <properties>
                      <property name="Category" value="Parser" />
                    </properties>
                    <output><![CDATA[ReSharper LogPath is: C:\Users\berej\AppData\Local\Temp\JetLogs\ReSharperTests\resharper.log
Per-Test LogPath is: C:\Users\berej\AppData\Local\Temp\JetLogs\ReSharperTests\FSharpParserTest\Expr - LongIdent 01.log

]]></output>
                  </test-case>
                  <test-case name="Expr - LongIdentSet 01" fullname="JetBrains.ReSharper.Plugins.FSharp.Tests.Features.FSharpParserTest.Expr - LongIdentSet 01" methodname="Expr - LongIdentSet 01" classname="FSharpParserTest" result="Passed" duration="0.032" asserts="0">
                    <properties>
                      <property name="Category" value="Parser" />
                    </properties>
                    <output><![CDATA[ReSharper LogPath is: C:\Users\berej\AppData\Local\Temp\JetLogs\ReSharperTests\resharper.log
Per-Test LogPath is: C:\Users\berej\AppData\Local\Temp\JetLogs\ReSharperTests\FSharpParserTest\Expr - LongIdentSet 01.log

]]></output>
                  </test-case>
                  <test-case name="Expr - Match 01 - Simple" fullname="JetBrains.ReSharper.Plugins.FSharp.Tests.Features.FSharpParserTest.Expr - Match 01 - Simple" methodname="Expr - Match 01 - Simple" classname="FSharpParserTest" result="Passed" duration="0.029" asserts="0">
                    <properties>
                      <property name="Category" value="Parser" />
                    </properties>
                    <output><![CDATA[ReSharper LogPath is: C:\Users\berej\AppData\Local\Temp\JetLogs\ReSharperTests\resharper.log
Per-Test LogPath is: C:\Users\berej\AppData\Local\Temp\JetLogs\ReSharperTests\FSharpParserTest\Expr - Match 01 - Simple.log

]]></output>
                  </test-case>
                  <test-case name="Expr - Match 02 - Simple pat" fullname="JetBrains.ReSharper.Plugins.FSharp.Tests.Features.FSharpParserTest.Expr - Match 02 - Simple pat" methodname="Expr - Match 02 - Simple pat" classname="FSharpParserTest" result="Passed" duration="0.029" asserts="0">
                    <properties>
                      <property name="Category" value="Parser" />
                    </properties>
                    <output><![CDATA[ReSharper LogPath is: C:\Users\berej\AppData\Local\Temp\JetLogs\ReSharperTests\resharper.log
Per-Test LogPath is: C:\Users\berej\AppData\Local\Temp\JetLogs\ReSharperTests\FSharpParserTest\Expr - Match 02 - Simple pat.log

]]></output>
                  </test-case>
                  <test-case name="Expr - Match 03 - When Expr" fullname="JetBrains.ReSharper.Plugins.FSharp.Tests.Features.FSharpParserTest.Expr - Match 03 - When Expr" methodname="Expr - Match 03 - When Expr" classname="FSharpParserTest" result="Passed" duration="0.031" asserts="0">
                    <properties>
                      <property name="Category" value="Parser" />
                    </properties>
                    <output><![CDATA[ReSharper LogPath is: C:\Users\berej\AppData\Local\Temp\JetLogs\ReSharperTests\resharper.log
Per-Test LogPath is: C:\Users\berej\AppData\Local\Temp\JetLogs\ReSharperTests\FSharpParserTest\Expr - Match 03 - When Expr.log

]]></output>
                  </test-case>
                  <test-case name="Expr - Match 04 - Multiple When clauses" fullname="JetBrains.ReSharper.Plugins.FSharp.Tests.Features.FSharpParserTest.Expr - Match 04 - Multiple When clauses" methodname="Expr - Match 04 - Multiple When clauses" classname="FSharpParserTest" result="Passed" duration="0.03" asserts="0">
                    <properties>
                      <property name="Category" value="Parser" />
                    </properties>
                    <output><![CDATA[ReSharper LogPath is: C:\Users\berej\AppData\Local\Temp\JetLogs\ReSharperTests\resharper.log
Per-Test LogPath is: C:\Users\berej\AppData\Local\Temp\JetLogs\ReSharperTests\FSharpParserTest\Expr - Match 04 - Multiple When clauses.log

]]></output>
                  </test-case>
                  <test-case name="Expr - NamedIndexerSet 01" fullname="JetBrains.ReSharper.Plugins.FSharp.Tests.Features.FSharpParserTest.Expr - NamedIndexerSet 01" methodname="Expr - NamedIndexerSet 01" classname="FSharpParserTest" result="Passed" duration="0.029" asserts="0">
                    <properties>
                      <property name="Category" value="Parser" />
                    </properties>
                    <output><![CDATA[ReSharper LogPath is: C:\Users\berej\AppData\Local\Temp\JetLogs\ReSharperTests\resharper.log
Per-Test LogPath is: C:\Users\berej\AppData\Local\Temp\JetLogs\ReSharperTests\FSharpParserTest\Expr - NamedIndexerSet 01.log

]]></output>
                  </test-case>
                  <test-case name="Expr - New 01 - Lid" fullname="JetBrains.ReSharper.Plugins.FSharp.Tests.Features.FSharpParserTest.Expr - New 01 - Lid" methodname="Expr - New 01 - Lid" classname="FSharpParserTest" result="Passed" duration="0.031" asserts="0">
                    <properties>
                      <property name="Category" value="Parser" />
                    </properties>
                    <output><![CDATA[ReSharper LogPath is: C:\Users\berej\AppData\Local\Temp\JetLogs\ReSharperTests\resharper.log
Per-Test LogPath is: C:\Users\berej\AppData\Local\Temp\JetLogs\ReSharperTests\FSharpParserTest\Expr - New 01 - Lid.log

]]></output>
                  </test-case>
                  <test-case name="Expr - New 02 - Generics" fullname="JetBrains.ReSharper.Plugins.FSharp.Tests.Features.FSharpParserTest.Expr - New 02 - Generics" methodname="Expr - New 02 - Generics" classname="FSharpParserTest" result="Passed" duration="0.03" asserts="0">
                    <properties>
                      <property name="Category" value="Parser" />
                    </properties>
                    <output><![CDATA[ReSharper LogPath is: C:\Users\berej\AppData\Local\Temp\JetLogs\ReSharperTests\resharper.log
Per-Test LogPath is: C:\Users\berej\AppData\Local\Temp\JetLogs\ReSharperTests\FSharpParserTest\Expr - New 02 - Generics.log

]]></output>
                  </test-case>
                  <test-case name="Expr - New 03 - Type parameter" fullname="JetBrains.ReSharper.Plugins.FSharp.Tests.Features.FSharpParserTest.Expr - New 03 - Type parameter" methodname="Expr - New 03 - Type parameter" classname="FSharpParserTest" result="Passed" duration="0.031" asserts="0">
                    <properties>
                      <property name="Category" value="Parser" />
                    </properties>
                    <output><![CDATA[ReSharper LogPath is: C:\Users\berej\AppData\Local\Temp\JetLogs\ReSharperTests\resharper.log
Per-Test LogPath is: C:\Users\berej\AppData\Local\Temp\JetLogs\ReSharperTests\FSharpParserTest\Expr - New 03 - Type parameter.log

]]></output>
                  </test-case>
                  <test-case name="Expr - Null" fullname="JetBrains.ReSharper.Plugins.FSharp.Tests.Features.FSharpParserTest.Expr - Null" methodname="Expr - Null" classname="FSharpParserTest" result="Passed" duration="0.031" asserts="0">
                    <properties>
                      <property name="Category" value="Parser" />
                    </properties>
                    <output><![CDATA[ReSharper LogPath is: C:\Users\berej\AppData\Local\Temp\JetLogs\ReSharperTests\resharper.log
Per-Test LogPath is: C:\Users\berej\AppData\Local\Temp\JetLogs\ReSharperTests\FSharpParserTest\Expr - Null.log

]]></output>
                  </test-case>
                  <test-case name="Expr - ObjExpr 01" fullname="JetBrains.ReSharper.Plugins.FSharp.Tests.Features.FSharpParserTest.Expr - ObjExpr 01" methodname="Expr - ObjExpr 01" classname="FSharpParserTest" result="Passed" duration="0.029" asserts="0">
                    <properties>
                      <property name="Category" value="Parser" />
                    </properties>
                    <output><![CDATA[ReSharper LogPath is: C:\Users\berej\AppData\Local\Temp\JetLogs\ReSharperTests\resharper.log
Per-Test LogPath is: C:\Users\berej\AppData\Local\Temp\JetLogs\ReSharperTests\FSharpParserTest\Expr - ObjExpr 01.log

]]></output>
                  </test-case>
                  <test-case name="Expr - ObjExpr 02 - Interface" fullname="JetBrains.ReSharper.Plugins.FSharp.Tests.Features.FSharpParserTest.Expr - ObjExpr 02 - Interface" methodname="Expr - ObjExpr 02 - Interface" classname="FSharpParserTest" result="Passed" duration="0.03" asserts="0">
                    <properties>
                      <property name="Category" value="Parser" />
                    </properties>
                    <output><![CDATA[ReSharper LogPath is: C:\Users\berej\AppData\Local\Temp\JetLogs\ReSharperTests\resharper.log
Per-Test LogPath is: C:\Users\berej\AppData\Local\Temp\JetLogs\ReSharperTests\FSharpParserTest\Expr - ObjExpr 02 - Interface.log

]]></output>
                  </test-case>
                  <test-case name="Expr - Paren 01" fullname="JetBrains.ReSharper.Plugins.FSharp.Tests.Features.FSharpParserTest.Expr - Paren 01" methodname="Expr - Paren 01" classname="FSharpParserTest" result="Passed" duration="0.032" asserts="0">
                    <properties>
                      <property name="Category" value="Parser" />
                    </properties>
                    <output><![CDATA[ReSharper LogPath is: C:\Users\berej\AppData\Local\Temp\JetLogs\ReSharperTests\resharper.log
Per-Test LogPath is: C:\Users\berej\AppData\Local\Temp\JetLogs\ReSharperTests\FSharpParserTest\Expr - Paren 01.log

]]></output>
                  </test-case>
                  <test-case name="Expr - Quote 01 - Typed" fullname="JetBrains.ReSharper.Plugins.FSharp.Tests.Features.FSharpParserTest.Expr - Quote 01 - Typed" methodname="Expr - Quote 01 - Typed" classname="FSharpParserTest" result="Passed" duration="0.03" asserts="0">
                    <properties>
                      <property name="Category" value="Parser" />
                    </properties>
                    <output><![CDATA[ReSharper LogPath is: C:\Users\berej\AppData\Local\Temp\JetLogs\ReSharperTests\resharper.log
Per-Test LogPath is: C:\Users\berej\AppData\Local\Temp\JetLogs\ReSharperTests\FSharpParserTest\Expr - Quote 01 - Typed.log

]]></output>
                  </test-case>
                  <test-case name="Expr - Quote 02 - Untyped" fullname="JetBrains.ReSharper.Plugins.FSharp.Tests.Features.FSharpParserTest.Expr - Quote 02 - Untyped" methodname="Expr - Quote 02 - Untyped" classname="FSharpParserTest" result="Passed" duration="0.029" asserts="0">
                    <properties>
                      <property name="Category" value="Parser" />
                    </properties>
                    <output><![CDATA[ReSharper LogPath is: C:\Users\berej\AppData\Local\Temp\JetLogs\ReSharperTests\resharper.log
Per-Test LogPath is: C:\Users\berej\AppData\Local\Temp\JetLogs\ReSharperTests\FSharpParserTest\Expr - Quote 02 - Untyped.log

]]></output>
                  </test-case>
                  <test-case name="Expr - Record - Inherit 01" fullname="JetBrains.ReSharper.Plugins.FSharp.Tests.Features.FSharpParserTest.Expr - Record - Inherit 01" methodname="Expr - Record - Inherit 01" classname="FSharpParserTest" result="Passed" duration="0.033" asserts="0">
                    <properties>
                      <property name="Category" value="Parser" />
                    </properties>
                    <output><![CDATA[ReSharper LogPath is: C:\Users\berej\AppData\Local\Temp\JetLogs\ReSharperTests\resharper.log
Per-Test LogPath is: C:\Users\berej\AppData\Local\Temp\JetLogs\ReSharperTests\FSharpParserTest\Expr - Record - Inherit 01.log

]]></output>
                  </test-case>
                  <test-case name="Expr - Record 01 - Single Line" fullname="JetBrains.ReSharper.Plugins.FSharp.Tests.Features.FSharpParserTest.Expr - Record 01 - Single Line" methodname="Expr - Record 01 - Single Line" classname="FSharpParserTest" result="Passed" duration="0.03" asserts="0">
                    <properties>
                      <property name="Category" value="Parser" />
                    </properties>
                    <output><![CDATA[ReSharper LogPath is: C:\Users\berej\AppData\Local\Temp\JetLogs\ReSharperTests\resharper.log
Per-Test LogPath is: C:\Users\berej\AppData\Local\Temp\JetLogs\ReSharperTests\FSharpParserTest\Expr - Record 01 - Single Line.log

]]></output>
                  </test-case>
                  <test-case name="Expr - Record 02 - Multiline" fullname="JetBrains.ReSharper.Plugins.FSharp.Tests.Features.FSharpParserTest.Expr - Record 02 - Multiline" methodname="Expr - Record 02 - Multiline" classname="FSharpParserTest" result="Passed" duration="0.029" asserts="0">
                    <properties>
                      <property name="Category" value="Parser" />
                    </properties>
                    <output><![CDATA[ReSharper LogPath is: C:\Users\berej\AppData\Local\Temp\JetLogs\ReSharperTests\resharper.log
Per-Test LogPath is: C:\Users\berej\AppData\Local\Temp\JetLogs\ReSharperTests\FSharpParserTest\Expr - Record 02 - Multiline.log

]]></output>
                  </test-case>
                  <test-case name="Expr - Record 03 - Multiline, semicolons" fullname="JetBrains.ReSharper.Plugins.FSharp.Tests.Features.FSharpParserTest.Expr - Record 03 - Multiline, semicolons" methodname="Expr - Record 03 - Multiline, semicolons" classname="FSharpParserTest" result="Passed" duration="0.033" asserts="0">
                    <properties>
                      <property name="Category" value="Parser" />
                    </properties>
                    <output><![CDATA[ReSharper LogPath is: C:\Users\berej\AppData\Local\Temp\JetLogs\ReSharperTests\resharper.log
Per-Test LogPath is: C:\Users\berej\AppData\Local\Temp\JetLogs\ReSharperTests\FSharpParserTest\Expr - Record 03 - Multiline, semicolons.log

]]></output>
                  </test-case>
                  <test-case name="Expr - Record 04 - Empty" fullname="JetBrains.ReSharper.Plugins.FSharp.Tests.Features.FSharpParserTest.Expr - Record 04 - Empty" methodname="Expr - Record 04 - Empty" classname="FSharpParserTest" result="Passed" duration="0.029" asserts="0">
                    <properties>
                      <property name="Category" value="Parser" />
                    </properties>
                    <output><![CDATA[ReSharper LogPath is: C:\Users\berej\AppData\Local\Temp\JetLogs\ReSharperTests\resharper.log
Per-Test LogPath is: C:\Users\berej\AppData\Local\Temp\JetLogs\ReSharperTests\FSharpParserTest\Expr - Record 04 - Empty.log

]]></output>
                  </test-case>
                  <test-case name="Expr - Record 05 - Single Line with end semicolon" fullname="JetBrains.ReSharper.Plugins.FSharp.Tests.Features.FSharpParserTest.Expr - Record 05 - Single Line with end semicolon" methodname="Expr - Record 05 - Single Line with end semicolon" classname="FSharpParserTest" result="Passed" duration="0.029" asserts="0">
                    <properties>
                      <property name="Category" value="Parser" />
                    </properties>
                    <output><![CDATA[ReSharper LogPath is: C:\Users\berej\AppData\Local\Temp\JetLogs\ReSharperTests\resharper.log
Per-Test LogPath is: C:\Users\berej\AppData\Local\Temp\JetLogs\ReSharperTests\FSharpParserTest\Expr - Record 05 - Single Line with end semicolon.log

]]></output>
                  </test-case>
                  <test-case name="Expr - Record 06 - With qualifier" fullname="JetBrains.ReSharper.Plugins.FSharp.Tests.Features.FSharpParserTest.Expr - Record 06 - With qualifier" methodname="Expr - Record 06 - With qualifier" classname="FSharpParserTest" result="Passed" duration="0.031" asserts="0">
                    <properties>
                      <property name="Category" value="Parser" />
                    </properties>
                    <output><![CDATA[ReSharper LogPath is: C:\Users\berej\AppData\Local\Temp\JetLogs\ReSharperTests\resharper.log
Per-Test LogPath is: C:\Users\berej\AppData\Local\Temp\JetLogs\ReSharperTests\FSharpParserTest\Expr - Record 06 - With qualifier.log

]]></output>
                  </test-case>
                  <test-case name="Expr - Record 07 - With copy info" fullname="JetBrains.ReSharper.Plugins.FSharp.Tests.Features.FSharpParserTest.Expr - Record 07 - With copy info" methodname="Expr - Record 07 - With copy info" classname="FSharpParserTest" result="Passed" duration="0.029" asserts="0">
                    <properties>
                      <property name="Category" value="Parser" />
                    </properties>
                    <output><![CDATA[ReSharper LogPath is: C:\Users\berej\AppData\Local\Temp\JetLogs\ReSharperTests\resharper.log
Per-Test LogPath is: C:\Users\berej\AppData\Local\Temp\JetLogs\ReSharperTests\FSharpParserTest\Expr - Record 07 - With copy info.log

]]></output>
                  </test-case>
                  <test-case name="Expr - Record 08 - Spaces before semicolon" fullname="JetBrains.ReSharper.Plugins.FSharp.Tests.Features.FSharpParserTest.Expr - Record 08 - Spaces before semicolon" methodname="Expr - Record 08 - Spaces before semicolon" classname="FSharpParserTest" result="Passed" duration="0.03" asserts="0">
                    <properties>
                      <property name="Category" value="Parser" />
                    </properties>
                    <output><![CDATA[ReSharper LogPath is: C:\Users\berej\AppData\Local\Temp\JetLogs\ReSharperTests\resharper.log
Per-Test LogPath is: C:\Users\berej\AppData\Local\Temp\JetLogs\ReSharperTests\FSharpParserTest\Expr - Record 08 - Spaces before semicolon.log

]]></output>
                  </test-case>
                  <test-case name="Expr - Sequential 01" fullname="JetBrains.ReSharper.Plugins.FSharp.Tests.Features.FSharpParserTest.Expr - Sequential 01" methodname="Expr - Sequential 01" classname="FSharpParserTest" result="Passed" duration="0.034" asserts="0">
                    <properties>
                      <property name="Category" value="Parser" />
                    </properties>
                    <output><![CDATA[ReSharper LogPath is: C:\Users\berej\AppData\Local\Temp\JetLogs\ReSharperTests\resharper.log
Per-Test LogPath is: C:\Users\berej\AppData\Local\Temp\JetLogs\ReSharperTests\FSharpParserTest\Expr - Sequential 01.log

]]></output>
                  </test-case>
                  <test-case name="Expr - Sequential 02" fullname="JetBrains.ReSharper.Plugins.FSharp.Tests.Features.FSharpParserTest.Expr - Sequential 02" methodname="Expr - Sequential 02" classname="FSharpParserTest" result="Passed" duration="0.029" asserts="0">
                    <properties>
                      <property name="Category" value="Parser" />
                    </properties>
                    <output><![CDATA[ReSharper LogPath is: C:\Users\berej\AppData\Local\Temp\JetLogs\ReSharperTests\resharper.log
Per-Test LogPath is: C:\Users\berej\AppData\Local\Temp\JetLogs\ReSharperTests\FSharpParserTest\Expr - Sequential 02.log

]]></output>
                  </test-case>
                  <test-case name="Expr - Sequential 03" fullname="JetBrains.ReSharper.Plugins.FSharp.Tests.Features.FSharpParserTest.Expr - Sequential 03" methodname="Expr - Sequential 03" classname="FSharpParserTest" result="Passed" duration="0.029" asserts="0">
                    <properties>
                      <property name="Category" value="Parser" />
                    </properties>
                    <output><![CDATA[ReSharper LogPath is: C:\Users\berej\AppData\Local\Temp\JetLogs\ReSharperTests\resharper.log
Per-Test LogPath is: C:\Users\berej\AppData\Local\Temp\JetLogs\ReSharperTests\FSharpParserTest\Expr - Sequential 03.log

]]></output>
                  </test-case>
                  <test-case name="Expr - Sequential 04 - Let" fullname="JetBrains.ReSharper.Plugins.FSharp.Tests.Features.FSharpParserTest.Expr - Sequential 04 - Let" methodname="Expr - Sequential 04 - Let" classname="FSharpParserTest" result="Passed" duration="0.032" asserts="0">
                    <properties>
                      <property name="Category" value="Parser" />
                    </properties>
                    <output><![CDATA[ReSharper LogPath is: C:\Users\berej\AppData\Local\Temp\JetLogs\ReSharperTests\resharper.log
Per-Test LogPath is: C:\Users\berej\AppData\Local\Temp\JetLogs\ReSharperTests\FSharpParserTest\Expr - Sequential 04 - Let.log

]]></output>
                  </test-case>
                  <test-case name="Expr - Sequential 05 - Let" fullname="JetBrains.ReSharper.Plugins.FSharp.Tests.Features.FSharpParserTest.Expr - Sequential 05 - Let" methodname="Expr - Sequential 05 - Let" classname="FSharpParserTest" result="Passed" duration="0.029" asserts="0">
                    <properties>
                      <property name="Category" value="Parser" />
                    </properties>
                    <output><![CDATA[ReSharper LogPath is: C:\Users\berej\AppData\Local\Temp\JetLogs\ReSharperTests\resharper.log
Per-Test LogPath is: C:\Users\berej\AppData\Local\Temp\JetLogs\ReSharperTests\FSharpParserTest\Expr - Sequential 05 - Let.log

]]></output>
                  </test-case>
                  <test-case name="Expr - Sequential 06 - Let" fullname="JetBrains.ReSharper.Plugins.FSharp.Tests.Features.FSharpParserTest.Expr - Sequential 06 - Let" methodname="Expr - Sequential 06 - Let" classname="FSharpParserTest" result="Passed" duration="0.028" asserts="0">
                    <properties>
                      <property name="Category" value="Parser" />
                    </properties>
                    <output><![CDATA[ReSharper LogPath is: C:\Users\berej\AppData\Local\Temp\JetLogs\ReSharperTests\resharper.log
Per-Test LogPath is: C:\Users\berej\AppData\Local\Temp\JetLogs\ReSharperTests\FSharpParserTest\Expr - Sequential 06 - Let.log

]]></output>
                  </test-case>
                  <test-case name="Expr - TryFinally 01 - Simple" fullname="JetBrains.ReSharper.Plugins.FSharp.Tests.Features.FSharpParserTest.Expr - TryFinally 01 - Simple" methodname="Expr - TryFinally 01 - Simple" classname="FSharpParserTest" result="Passed" duration="0.031" asserts="0">
                    <properties>
                      <property name="Category" value="Parser" />
                    </properties>
                    <output><![CDATA[ReSharper LogPath is: C:\Users\berej\AppData\Local\Temp\JetLogs\ReSharperTests\resharper.log
Per-Test LogPath is: C:\Users\berej\AppData\Local\Temp\JetLogs\ReSharperTests\FSharpParserTest\Expr - TryFinally 01 - Simple.log

]]></output>
                  </test-case>
                  <test-case name="Expr - TryWith 01 - Simple" fullname="JetBrains.ReSharper.Plugins.FSharp.Tests.Features.FSharpParserTest.Expr - TryWith 01 - Simple" methodname="Expr - TryWith 01 - Simple" classname="FSharpParserTest" result="Passed" duration="0.029" asserts="0">
                    <properties>
                      <property name="Category" value="Parser" />
                    </properties>
                    <output><![CDATA[ReSharper LogPath is: C:\Users\berej\AppData\Local\Temp\JetLogs\ReSharperTests\resharper.log
Per-Test LogPath is: C:\Users\berej\AppData\Local\Temp\JetLogs\ReSharperTests\FSharpParserTest\Expr - TryWith 01 - Simple.log

]]></output>
                  </test-case>
                  <test-case name="Expr - TryWith 02 - Parameters" fullname="JetBrains.ReSharper.Plugins.FSharp.Tests.Features.FSharpParserTest.Expr - TryWith 02 - Parameters" methodname="Expr - TryWith 02 - Parameters" classname="FSharpParserTest" result="Passed" duration="0.029" asserts="0">
                    <properties>
                      <property name="Category" value="Parser" />
                    </properties>
                    <output><![CDATA[ReSharper LogPath is: C:\Users\berej\AppData\Local\Temp\JetLogs\ReSharperTests\resharper.log
Per-Test LogPath is: C:\Users\berej\AppData\Local\Temp\JetLogs\ReSharperTests\FSharpParserTest\Expr - TryWith 02 - Parameters.log

]]></output>
                  </test-case>
                  <test-case name="Expr - Tuple 01" fullname="JetBrains.ReSharper.Plugins.FSharp.Tests.Features.FSharpParserTest.Expr - Tuple 01" methodname="Expr - Tuple 01" classname="FSharpParserTest" result="Passed" duration="0.029" asserts="0">
                    <properties>
                      <property name="Category" value="Parser" />
                    </properties>
                    <output><![CDATA[ReSharper LogPath is: C:\Users\berej\AppData\Local\Temp\JetLogs\ReSharperTests\resharper.log
Per-Test LogPath is: C:\Users\berej\AppData\Local\Temp\JetLogs\ReSharperTests\FSharpParserTest\Expr - Tuple 01.log

]]></output>
                  </test-case>
                  <test-case name="Expr - Tuple 02" fullname="JetBrains.ReSharper.Plugins.FSharp.Tests.Features.FSharpParserTest.Expr - Tuple 02" methodname="Expr - Tuple 02" classname="FSharpParserTest" result="Passed" duration="0.029" asserts="0">
                    <properties>
                      <property name="Category" value="Parser" />
                    </properties>
                    <output><![CDATA[ReSharper LogPath is: C:\Users\berej\AppData\Local\Temp\JetLogs\ReSharperTests\resharper.log
Per-Test LogPath is: C:\Users\berej\AppData\Local\Temp\JetLogs\ReSharperTests\FSharpParserTest\Expr - Tuple 02.log

]]></output>
                  </test-case>
                  <test-case name="Expr - TypeApp 01 - Simple" fullname="JetBrains.ReSharper.Plugins.FSharp.Tests.Features.FSharpParserTest.Expr - TypeApp 01 - Simple" methodname="Expr - TypeApp 01 - Simple" classname="FSharpParserTest" result="Passed" duration="0.029" asserts="0">
                    <properties>
                      <property name="Category" value="Parser" />
                    </properties>
                    <output><![CDATA[ReSharper LogPath is: C:\Users\berej\AppData\Local\Temp\JetLogs\ReSharperTests\resharper.log
Per-Test LogPath is: C:\Users\berej\AppData\Local\Temp\JetLogs\ReSharperTests\FSharpParserTest\Expr - TypeApp 01 - Simple.log

]]></output>
                  </test-case>
                  <test-case name="Expr - TypeApp 02 - Lid" fullname="JetBrains.ReSharper.Plugins.FSharp.Tests.Features.FSharpParserTest.Expr - TypeApp 02 - Lid" methodname="Expr - TypeApp 02 - Lid" classname="FSharpParserTest" result="Passed" duration="0.032" asserts="0">
                    <properties>
                      <property name="Category" value="Parser" />
                    </properties>
                    <output><![CDATA[ReSharper LogPath is: C:\Users\berej\AppData\Local\Temp\JetLogs\ReSharperTests\resharper.log
Per-Test LogPath is: C:\Users\berej\AppData\Local\Temp\JetLogs\ReSharperTests\FSharpParserTest\Expr - TypeApp 02 - Lid.log

]]></output>
                  </test-case>
                  <test-case name="Expr - TypeApp 03 - DotGet" fullname="JetBrains.ReSharper.Plugins.FSharp.Tests.Features.FSharpParserTest.Expr - TypeApp 03 - DotGet" methodname="Expr - TypeApp 03 - DotGet" classname="FSharpParserTest" result="Passed" duration="0.029" asserts="0">
                    <properties>
                      <property name="Category" value="Parser" />
                    </properties>
                    <output><![CDATA[ReSharper LogPath is: C:\Users\berej\AppData\Local\Temp\JetLogs\ReSharperTests\resharper.log
Per-Test LogPath is: C:\Users\berej\AppData\Local\Temp\JetLogs\ReSharperTests\FSharpParserTest\Expr - TypeApp 03 - DotGet.log

]]></output>
                  </test-case>
                  <test-case name="Expr - Typed 01 - Simple" fullname="JetBrains.ReSharper.Plugins.FSharp.Tests.Features.FSharpParserTest.Expr - Typed 01 - Simple" methodname="Expr - Typed 01 - Simple" classname="FSharpParserTest" result="Passed" duration="0.029" asserts="0">
                    <properties>
                      <property name="Category" value="Parser" />
                    </properties>
                    <output><![CDATA[ReSharper LogPath is: C:\Users\berej\AppData\Local\Temp\JetLogs\ReSharperTests\resharper.log
Per-Test LogPath is: C:\Users\berej\AppData\Local\Temp\JetLogs\ReSharperTests\FSharpParserTest\Expr - Typed 01 - Simple.log

]]></output>
                  </test-case>
                  <test-case name="Expr - Typeof 01 - Type parameter" fullname="JetBrains.ReSharper.Plugins.FSharp.Tests.Features.FSharpParserTest.Expr - Typeof 01 - Type parameter" methodname="Expr - Typeof 01 - Type parameter" classname="FSharpParserTest" result="Passed" duration="0.032" asserts="0">
                    <properties>
                      <property name="Category" value="Parser" />
                    </properties>
                    <output><![CDATA[ReSharper LogPath is: C:\Users\berej\AppData\Local\Temp\JetLogs\ReSharperTests\resharper.log
Per-Test LogPath is: C:\Users\berej\AppData\Local\Temp\JetLogs\ReSharperTests\FSharpParserTest\Expr - Typeof 01 - Type parameter.log

]]></output>
                  </test-case>
                  <test-case name="Expr - While 01 - Simple" fullname="JetBrains.ReSharper.Plugins.FSharp.Tests.Features.FSharpParserTest.Expr - While 01 - Simple" methodname="Expr - While 01 - Simple" classname="FSharpParserTest" result="Passed" duration="0.03" asserts="0">
                    <properties>
                      <property name="Category" value="Parser" />
                    </properties>
                    <output><![CDATA[ReSharper LogPath is: C:\Users\berej\AppData\Local\Temp\JetLogs\ReSharperTests\resharper.log
Per-Test LogPath is: C:\Users\berej\AppData\Local\Temp\JetLogs\ReSharperTests\FSharpParserTest\Expr - While 01 - Simple.log

]]></output>
                  </test-case>
                  <test-case name="Let - As 01" fullname="JetBrains.ReSharper.Plugins.FSharp.Tests.Features.FSharpParserTest.Let - As 01" methodname="Let - As 01" classname="FSharpParserTest" result="Passed" duration="0.03" asserts="0">
                    <properties>
                      <property name="Category" value="Parser" />
                    </properties>
                    <output><![CDATA[ReSharper LogPath is: C:\Users\berej\AppData\Local\Temp\JetLogs\ReSharperTests\resharper.log
Per-Test LogPath is: C:\Users\berej\AppData\Local\Temp\JetLogs\ReSharperTests\FSharpParserTest\Let - As 01.log

]]></output>
                  </test-case>
                  <test-case name="Let - As 02" fullname="JetBrains.ReSharper.Plugins.FSharp.Tests.Features.FSharpParserTest.Let - As 02" methodname="Let - As 02" classname="FSharpParserTest" result="Passed" duration="0.032" asserts="0">
                    <properties>
                      <property name="Category" value="Parser" />
                    </properties>
                    <output><![CDATA[ReSharper LogPath is: C:\Users\berej\AppData\Local\Temp\JetLogs\ReSharperTests\resharper.log
Per-Test LogPath is: C:\Users\berej\AppData\Local\Temp\JetLogs\ReSharperTests\FSharpParserTest\Let - As 02.log

]]></output>
                  </test-case>
                  <test-case name="Let - Local 01 - Simple" fullname="JetBrains.ReSharper.Plugins.FSharp.Tests.Features.FSharpParserTest.Let - Local 01 - Simple" methodname="Let - Local 01 - Simple" classname="FSharpParserTest" result="Passed" duration="0.032" asserts="0">
                    <properties>
                      <property name="Category" value="Parser" />
                    </properties>
                    <output><![CDATA[ReSharper LogPath is: C:\Users\berej\AppData\Local\Temp\JetLogs\ReSharperTests\resharper.log
Per-Test LogPath is: C:\Users\berej\AppData\Local\Temp\JetLogs\ReSharperTests\FSharpParserTest\Let - Local 01 - Simple.log

]]></output>
                  </test-case>
                  <test-case name="Let - Local 02 - Typed" fullname="JetBrains.ReSharper.Plugins.FSharp.Tests.Features.FSharpParserTest.Let - Local 02 - Typed" methodname="Let - Local 02 - Typed" classname="FSharpParserTest" result="Passed" duration="0.03" asserts="0">
                    <properties>
                      <property name="Category" value="Parser" />
                    </properties>
                    <output><![CDATA[ReSharper LogPath is: C:\Users\berej\AppData\Local\Temp\JetLogs\ReSharperTests\resharper.log
Per-Test LogPath is: C:\Users\berej\AppData\Local\Temp\JetLogs\ReSharperTests\FSharpParserTest\Let - Local 02 - Typed.log

]]></output>
                  </test-case>
                  <test-case name="Let - Local 03 - Typed expr" fullname="JetBrains.ReSharper.Plugins.FSharp.Tests.Features.FSharpParserTest.Let - Local 03 - Typed expr" methodname="Let - Local 03 - Typed expr" classname="FSharpParserTest" result="Passed" duration="0.03" asserts="0">
                    <properties>
                      <property name="Category" value="Parser" />
                    </properties>
                    <output><![CDATA[ReSharper LogPath is: C:\Users\berej\AppData\Local\Temp\JetLogs\ReSharperTests\resharper.log
Per-Test LogPath is: C:\Users\berej\AppData\Local\Temp\JetLogs\ReSharperTests\FSharpParserTest\Let - Local 03 - Typed expr.log

]]></output>
                  </test-case>
                  <test-case name="Let - Rec 01" fullname="JetBrains.ReSharper.Plugins.FSharp.Tests.Features.FSharpParserTest.Let - Rec 01" methodname="Let - Rec 01" classname="FSharpParserTest" result="Passed" duration="0.03" asserts="0">
                    <properties>
                      <property name="Category" value="Parser" />
                    </properties>
                    <output><![CDATA[ReSharper LogPath is: C:\Users\berej\AppData\Local\Temp\JetLogs\ReSharperTests\resharper.log
Per-Test LogPath is: C:\Users\berej\AppData\Local\Temp\JetLogs\ReSharperTests\FSharpParserTest\Let - Rec 01.log

]]></output>
                  </test-case>
                  <test-case name="Let - Rec 02 - And" fullname="JetBrains.ReSharper.Plugins.FSharp.Tests.Features.FSharpParserTest.Let - Rec 02 - And" methodname="Let - Rec 02 - And" classname="FSharpParserTest" result="Passed" duration="0.029" asserts="0">
                    <properties>
                      <property name="Category" value="Parser" />
                    </properties>
                    <output><![CDATA[ReSharper LogPath is: C:\Users\berej\AppData\Local\Temp\JetLogs\ReSharperTests\resharper.log
Per-Test LogPath is: C:\Users\berej\AppData\Local\Temp\JetLogs\ReSharperTests\FSharpParserTest\Let - Rec 02 - And.log

]]></output>
                  </test-case>
                  <test-case name="Let 01 - Simple" fullname="JetBrains.ReSharper.Plugins.FSharp.Tests.Features.FSharpParserTest.Let 01 - Simple" methodname="Let 01 - Simple" classname="FSharpParserTest" result="Passed" duration="0.029" asserts="0">
                    <properties>
                      <property name="Category" value="Parser" />
                    </properties>
                    <output><![CDATA[ReSharper LogPath is: C:\Users\berej\AppData\Local\Temp\JetLogs\ReSharperTests\resharper.log
Per-Test LogPath is: C:\Users\berej\AppData\Local\Temp\JetLogs\ReSharperTests\FSharpParserTest\Let 01 - Simple.log

]]></output>
                  </test-case>
                  <test-case name="Let 02 - Typed" fullname="JetBrains.ReSharper.Plugins.FSharp.Tests.Features.FSharpParserTest.Let 02 - Typed" methodname="Let 02 - Typed" classname="FSharpParserTest" result="Passed" duration="0.029" asserts="0">
                    <properties>
                      <property name="Category" value="Parser" />
                    </properties>
                    <output><![CDATA[ReSharper LogPath is: C:\Users\berej\AppData\Local\Temp\JetLogs\ReSharperTests\resharper.log
Per-Test LogPath is: C:\Users\berej\AppData\Local\Temp\JetLogs\ReSharperTests\FSharpParserTest\Let 02 - Typed.log

]]></output>
                  </test-case>
                  <test-case name="Let 03 - Typed, var type" fullname="JetBrains.ReSharper.Plugins.FSharp.Tests.Features.FSharpParserTest.Let 03 - Typed, var type" methodname="Let 03 - Typed, var type" classname="FSharpParserTest" result="Passed" duration="0.025" asserts="0">
                    <properties>
                      <property name="Category" value="Parser" />
                    </properties>
                    <output><![CDATA[ReSharper LogPath is: C:\Users\berej\AppData\Local\Temp\JetLogs\ReSharperTests\resharper.log
Per-Test LogPath is: C:\Users\berej\AppData\Local\Temp\JetLogs\ReSharperTests\FSharpParserTest\Let 03 - Typed, var type.log

]]></output>
                  </test-case>
                  <test-case name="Let 04 - Typed, var type, space" fullname="JetBrains.ReSharper.Plugins.FSharp.Tests.Features.FSharpParserTest.Let 04 - Typed, var type, space" methodname="Let 04 - Typed, var type, space" classname="FSharpParserTest" result="Passed" duration="0.026" asserts="0">
                    <properties>
                      <property name="Category" value="Parser" />
                    </properties>
                    <output><![CDATA[ReSharper LogPath is: C:\Users\berej\AppData\Local\Temp\JetLogs\ReSharperTests\resharper.log
Per-Test LogPath is: C:\Users\berej\AppData\Local\Temp\JetLogs\ReSharperTests\FSharpParserTest\Let 04 - Typed, var type, space.log

]]></output>
                  </test-case>
                  <test-case name="Let 05 - Typed, space" fullname="JetBrains.ReSharper.Plugins.FSharp.Tests.Features.FSharpParserTest.Let 05 - Typed, space" methodname="Let 05 - Typed, space" classname="FSharpParserTest" result="Passed" duration="0.03" asserts="0">
                    <properties>
                      <property name="Category" value="Parser" />
                    </properties>
                    <output><![CDATA[ReSharper LogPath is: C:\Users\berej\AppData\Local\Temp\JetLogs\ReSharperTests\resharper.log
Per-Test LogPath is: C:\Users\berej\AppData\Local\Temp\JetLogs\ReSharperTests\FSharpParserTest\Let 05 - Typed, space.log

]]></output>
                  </test-case>
                  <test-case name="Let 06 - Unit param" fullname="JetBrains.ReSharper.Plugins.FSharp.Tests.Features.FSharpParserTest.Let 06 - Unit param" methodname="Let 06 - Unit param" classname="FSharpParserTest" result="Passed" duration="0.029" asserts="0">
                    <properties>
                      <property name="Category" value="Parser" />
                    </properties>
                    <output><![CDATA[ReSharper LogPath is: C:\Users\berej\AppData\Local\Temp\JetLogs\ReSharperTests\resharper.log
Per-Test LogPath is: C:\Users\berej\AppData\Local\Temp\JetLogs\ReSharperTests\FSharpParserTest\Let 06 - Unit param.log

]]></output>
                  </test-case>
                  <test-case name="Module - Anon 01" fullname="JetBrains.ReSharper.Plugins.FSharp.Tests.Features.FSharpParserTest.Module - Anon 01" methodname="Module - Anon 01" classname="FSharpParserTest" result="Passed" duration="0.025" asserts="0">
                    <properties>
                      <property name="Category" value="Parser" />
                    </properties>
                    <output><![CDATA[ReSharper LogPath is: C:\Users\berej\AppData\Local\Temp\JetLogs\ReSharperTests\resharper.log
Per-Test LogPath is: C:\Users\berej\AppData\Local\Temp\JetLogs\ReSharperTests\FSharpParserTest\Module - Anon 01.log

]]></output>
                  </test-case>
                  <test-case name="Module - Anon 02" fullname="JetBrains.ReSharper.Plugins.FSharp.Tests.Features.FSharpParserTest.Module - Anon 02" methodname="Module - Anon 02" classname="FSharpParserTest" result="Passed" duration="0.029" asserts="0">
                    <properties>
                      <property name="Category" value="Parser" />
                    </properties>
                    <output><![CDATA[ReSharper LogPath is: C:\Users\berej\AppData\Local\Temp\JetLogs\ReSharperTests\resharper.log
Per-Test LogPath is: C:\Users\berej\AppData\Local\Temp\JetLogs\ReSharperTests\FSharpParserTest\Module - Anon 02.log

]]></output>
                  </test-case>
                  <test-case name="Module - Top level 01" fullname="JetBrains.ReSharper.Plugins.FSharp.Tests.Features.FSharpParserTest.Module - Top level 01" methodname="Module - Top level 01" classname="FSharpParserTest" result="Passed" duration="0.03" asserts="0">
                    <properties>
                      <property name="Category" value="Parser" />
                    </properties>
                    <output><![CDATA[ReSharper LogPath is: C:\Users\berej\AppData\Local\Temp\JetLogs\ReSharperTests\resharper.log
Per-Test LogPath is: C:\Users\berej\AppData\Local\Temp\JetLogs\ReSharperTests\FSharpParserTest\Module - Top level 01.log

]]></output>
                  </test-case>
                  <test-case name="Module abbreviation 01" fullname="JetBrains.ReSharper.Plugins.FSharp.Tests.Features.FSharpParserTest.Module abbreviation 01" methodname="Module abbreviation 01" classname="FSharpParserTest" result="Passed" duration="0.026" asserts="0">
                    <properties>
                      <property name="Category" value="Parser" />
                    </properties>
                    <output><![CDATA[ReSharper LogPath is: C:\Users\berej\AppData\Local\Temp\JetLogs\ReSharperTests\resharper.log
Per-Test LogPath is: C:\Users\berej\AppData\Local\Temp\JetLogs\ReSharperTests\FSharpParserTest\Module abbreviation 01.log

]]></output>
                  </test-case>
                  <test-case name="Module abbreviation 02" fullname="JetBrains.ReSharper.Plugins.FSharp.Tests.Features.FSharpParserTest.Module abbreviation 02" methodname="Module abbreviation 02" classname="FSharpParserTest" result="Passed" duration="0.03" asserts="0">
                    <properties>
                      <property name="Category" value="Parser" />
                    </properties>
                    <output><![CDATA[ReSharper LogPath is: C:\Users\berej\AppData\Local\Temp\JetLogs\ReSharperTests\resharper.log
Per-Test LogPath is: C:\Users\berej\AppData\Local\Temp\JetLogs\ReSharperTests\FSharpParserTest\Module abbreviation 02.log

]]></output>
                  </test-case>
                  <test-case name="Module member - Open 01" fullname="JetBrains.ReSharper.Plugins.FSharp.Tests.Features.FSharpParserTest.Module member - Open 01" methodname="Module member - Open 01" classname="FSharpParserTest" result="Passed" duration="0.028" asserts="0">
                    <properties>
                      <property name="Category" value="Parser" />
                    </properties>
                    <output><![CDATA[ReSharper LogPath is: C:\Users\berej\AppData\Local\Temp\JetLogs\ReSharperTests\resharper.log
Per-Test LogPath is: C:\Users\berej\AppData\Local\Temp\JetLogs\ReSharperTests\FSharpParserTest\Module member - Open 01.log

]]></output>
                  </test-case>
                  <test-case name="Module member - Open 02 - Qualifier" fullname="JetBrains.ReSharper.Plugins.FSharp.Tests.Features.FSharpParserTest.Module member - Open 02 - Qualifier" methodname="Module member - Open 02 - Qualifier" classname="FSharpParserTest" result="Passed" duration="0.03" asserts="0">
                    <properties>
                      <property name="Category" value="Parser" />
                    </properties>
                    <output><![CDATA[ReSharper LogPath is: C:\Users\berej\AppData\Local\Temp\JetLogs\ReSharperTests\resharper.log
Per-Test LogPath is: C:\Users\berej\AppData\Local\Temp\JetLogs\ReSharperTests\FSharpParserTest\Module member - Open 02 - Qualifier.log

]]></output>
                  </test-case>
                  <test-case name="Namespace 01" fullname="JetBrains.ReSharper.Plugins.FSharp.Tests.Features.FSharpParserTest.Namespace 01" methodname="Namespace 01" classname="FSharpParserTest" result="Passed" duration="0.029" asserts="0">
                    <properties>
                      <property name="Category" value="Parser" />
                    </properties>
                    <output><![CDATA[ReSharper LogPath is: C:\Users\berej\AppData\Local\Temp\JetLogs\ReSharperTests\resharper.log
Per-Test LogPath is: C:\Users\berej\AppData\Local\Temp\JetLogs\ReSharperTests\FSharpParserTest\Namespace 01.log

]]></output>
                  </test-case>
                  <test-case name="Namespace 02 - Qualifier" fullname="JetBrains.ReSharper.Plugins.FSharp.Tests.Features.FSharpParserTest.Namespace 02 - Qualifier" methodname="Namespace 02 - Qualifier" classname="FSharpParserTest" result="Passed" duration="0.03" asserts="0">
                    <properties>
                      <property name="Category" value="Parser" />
                    </properties>
                    <output><![CDATA[ReSharper LogPath is: C:\Users\berej\AppData\Local\Temp\JetLogs\ReSharperTests\resharper.log
Per-Test LogPath is: C:\Users\berej\AppData\Local\Temp\JetLogs\ReSharperTests\FSharpParserTest\Namespace 02 - Qualifier.log

]]></output>
                  </test-case>
                  <test-case name="Namespace 03 - Multiple" fullname="JetBrains.ReSharper.Plugins.FSharp.Tests.Features.FSharpParserTest.Namespace 03 - Multiple" methodname="Namespace 03 - Multiple" classname="FSharpParserTest" result="Passed" duration="0.028" asserts="0">
                    <properties>
                      <property name="Category" value="Parser" />
                    </properties>
                    <output><![CDATA[ReSharper LogPath is: C:\Users\berej\AppData\Local\Temp\JetLogs\ReSharperTests\resharper.log
Per-Test LogPath is: C:\Users\berej\AppData\Local\Temp\JetLogs\ReSharperTests\FSharpParserTest\Namespace 03 - Multiple.log

]]></output>
                  </test-case>
                  <test-case name="Namespace 04 - Multiple qualifiers" fullname="JetBrains.ReSharper.Plugins.FSharp.Tests.Features.FSharpParserTest.Namespace 04 - Multiple qualifiers" methodname="Namespace 04 - Multiple qualifiers" classname="FSharpParserTest" result="Passed" duration="0.032" asserts="0">
                    <properties>
                      <property name="Category" value="Parser" />
                    </properties>
                    <output><![CDATA[ReSharper LogPath is: C:\Users\berej\AppData\Local\Temp\JetLogs\ReSharperTests\resharper.log
Per-Test LogPath is: C:\Users\berej\AppData\Local\Temp\JetLogs\ReSharperTests\FSharpParserTest\Namespace 04 - Multiple qualifiers.log

]]></output>
                  </test-case>
                  <test-case name="Namespace 05 - Global" fullname="JetBrains.ReSharper.Plugins.FSharp.Tests.Features.FSharpParserTest.Namespace 05 - Global" methodname="Namespace 05 - Global" classname="FSharpParserTest" result="Passed" duration="0.03" asserts="0">
                    <properties>
                      <property name="Category" value="Parser" />
                    </properties>
                    <output><![CDATA[ReSharper LogPath is: C:\Users\berej\AppData\Local\Temp\JetLogs\ReSharperTests\resharper.log
Per-Test LogPath is: C:\Users\berej\AppData\Local\Temp\JetLogs\ReSharperTests\FSharpParserTest\Namespace 05 - Global.log

]]></output>
                  </test-case>
                  <test-case name="Namespace 06 - Global, type" fullname="JetBrains.ReSharper.Plugins.FSharp.Tests.Features.FSharpParserTest.Namespace 06 - Global, type" methodname="Namespace 06 - Global, type" classname="FSharpParserTest" result="Passed" duration="0.033" asserts="0">
                    <properties>
                      <property name="Category" value="Parser" />
                    </properties>
                    <output><![CDATA[ReSharper LogPath is: C:\Users\berej\AppData\Local\Temp\JetLogs\ReSharperTests\resharper.log
Per-Test LogPath is: C:\Users\berej\AppData\Local\Temp\JetLogs\ReSharperTests\FSharpParserTest\Namespace 06 - Global, type.log

]]></output>
                  </test-case>
                  <test-case name="Namespace 07 - Global, Multiple" fullname="JetBrains.ReSharper.Plugins.FSharp.Tests.Features.FSharpParserTest.Namespace 07 - Global, Multiple" methodname="Namespace 07 - Global, Multiple" classname="FSharpParserTest" result="Passed" duration="0.026" asserts="0">
                    <properties>
                      <property name="Category" value="Parser" />
                    </properties>
                    <output><![CDATA[ReSharper LogPath is: C:\Users\berej\AppData\Local\Temp\JetLogs\ReSharperTests\resharper.log
Per-Test LogPath is: C:\Users\berej\AppData\Local\Temp\JetLogs\ReSharperTests\FSharpParserTest\Namespace 07 - Global, Multiple.log

]]></output>
                  </test-case>
                  <test-case name="Pattern - As - Wild 01" fullname="JetBrains.ReSharper.Plugins.FSharp.Tests.Features.FSharpParserTest.Pattern - As - Wild 01" methodname="Pattern - As - Wild 01" classname="FSharpParserTest" result="Passed" duration="0.03" asserts="0">
                    <properties>
                      <property name="Category" value="Parser" />
                    </properties>
                    <output><![CDATA[ReSharper LogPath is: C:\Users\berej\AppData\Local\Temp\JetLogs\ReSharperTests\resharper.log
Per-Test LogPath is: C:\Users\berej\AppData\Local\Temp\JetLogs\ReSharperTests\FSharpParserTest\Pattern - As - Wild 01.log

]]></output>
                  </test-case>
                  <test-case name="Pattern - Named args 01" fullname="JetBrains.ReSharper.Plugins.FSharp.Tests.Features.FSharpParserTest.Pattern - Named args 01" methodname="Pattern - Named args 01" classname="FSharpParserTest" result="Passed" duration="0.035" asserts="0">
                    <properties>
                      <property name="Category" value="Parser" />
                    </properties>
                    <output><![CDATA[ReSharper LogPath is: C:\Users\berej\AppData\Local\Temp\JetLogs\ReSharperTests\resharper.log
Per-Test LogPath is: C:\Users\berej\AppData\Local\Temp\JetLogs\ReSharperTests\FSharpParserTest\Pattern - Named args 01.log

]]></output>
                  </test-case>
                  <test-case name="Pattern - Named args 02 - Multiple" fullname="JetBrains.ReSharper.Plugins.FSharp.Tests.Features.FSharpParserTest.Pattern - Named args 02 - Multiple" methodname="Pattern - Named args 02 - Multiple" classname="FSharpParserTest" result="Passed" duration="0.03" asserts="0">
                    <properties>
                      <property name="Category" value="Parser" />
                    </properties>
                    <output><![CDATA[ReSharper LogPath is: C:\Users\berej\AppData\Local\Temp\JetLogs\ReSharperTests\resharper.log
Per-Test LogPath is: C:\Users\berej\AppData\Local\Temp\JetLogs\ReSharperTests\FSharpParserTest\Pattern - Named args 02 - Multiple.log

]]></output>
                  </test-case>
                  <test-case name="Pattern - Parameters owner 01" fullname="JetBrains.ReSharper.Plugins.FSharp.Tests.Features.FSharpParserTest.Pattern - Parameters owner 01" methodname="Pattern - Parameters owner 01" classname="FSharpParserTest" result="Passed" duration="0.03" asserts="0">
                    <properties>
                      <property name="Category" value="Parser" />
                    </properties>
                    <output><![CDATA[ReSharper LogPath is: C:\Users\berej\AppData\Local\Temp\JetLogs\ReSharperTests\resharper.log
Per-Test LogPath is: C:\Users\berej\AppData\Local\Temp\JetLogs\ReSharperTests\FSharpParserTest\Pattern - Parameters owner 01.log

]]></output>
                  </test-case>
                  <test-case name="Pattern - Parameters owner 02 - Qualified" fullname="JetBrains.ReSharper.Plugins.FSharp.Tests.Features.FSharpParserTest.Pattern - Parameters owner 02 - Qualified" methodname="Pattern - Parameters owner 02 - Qualified" classname="FSharpParserTest" result="Passed" duration="0.032" asserts="0">
                    <properties>
                      <property name="Category" value="Parser" />
                    </properties>
                    <output><![CDATA[ReSharper LogPath is: C:\Users\berej\AppData\Local\Temp\JetLogs\ReSharperTests\resharper.log
Per-Test LogPath is: C:\Users\berej\AppData\Local\Temp\JetLogs\ReSharperTests\FSharpParserTest\Pattern - Parameters owner 02 - Qualified.log

]]></output>
                  </test-case>
                  <test-case name="Pattern - Record 01" fullname="JetBrains.ReSharper.Plugins.FSharp.Tests.Features.FSharpParserTest.Pattern - Record 01" methodname="Pattern - Record 01" classname="FSharpParserTest" result="Passed" duration="0.029" asserts="0">
                    <properties>
                      <property name="Category" value="Parser" />
                    </properties>
                    <output><![CDATA[ReSharper LogPath is: C:\Users\berej\AppData\Local\Temp\JetLogs\ReSharperTests\resharper.log
Per-Test LogPath is: C:\Users\berej\AppData\Local\Temp\JetLogs\ReSharperTests\FSharpParserTest\Pattern - Record 01.log

]]></output>
                  </test-case>
                  <test-case name="Pattern - Record 02 - Qualified name" fullname="JetBrains.ReSharper.Plugins.FSharp.Tests.Features.FSharpParserTest.Pattern - Record 02 - Qualified name" methodname="Pattern - Record 02 - Qualified name" classname="FSharpParserTest" result="Passed" duration="0.029" asserts="0">
                    <properties>
                      <property name="Category" value="Parser" />
                    </properties>
                    <output><![CDATA[ReSharper LogPath is: C:\Users\berej\AppData\Local\Temp\JetLogs\ReSharperTests\resharper.log
Per-Test LogPath is: C:\Users\berej\AppData\Local\Temp\JetLogs\ReSharperTests\FSharpParserTest\Pattern - Record 02 - Qualified name.log

]]></output>
                  </test-case>
                  <test-case name="Pattern - Reference 01" fullname="JetBrains.ReSharper.Plugins.FSharp.Tests.Features.FSharpParserTest.Pattern - Reference 01" methodname="Pattern - Reference 01" classname="FSharpParserTest" result="Passed" duration="0.028" asserts="0">
                    <properties>
                      <property name="Category" value="Parser" />
                    </properties>
                    <output><![CDATA[ReSharper LogPath is: C:\Users\berej\AppData\Local\Temp\JetLogs\ReSharperTests\resharper.log
Per-Test LogPath is: C:\Users\berej\AppData\Local\Temp\JetLogs\ReSharperTests\FSharpParserTest\Pattern - Reference 01.log

]]></output>
                  </test-case>
                  <test-case name="Pattern - Reference 02 - Upper" fullname="JetBrains.ReSharper.Plugins.FSharp.Tests.Features.FSharpParserTest.Pattern - Reference 02 - Upper" methodname="Pattern - Reference 02 - Upper" classname="FSharpParserTest" result="Passed" duration="0.03" asserts="0">
                    <properties>
                      <property name="Category" value="Parser" />
                    </properties>
                    <output><![CDATA[ReSharper LogPath is: C:\Users\berej\AppData\Local\Temp\JetLogs\ReSharperTests\resharper.log
Per-Test LogPath is: C:\Users\berej\AppData\Local\Temp\JetLogs\ReSharperTests\FSharpParserTest\Pattern - Reference 02 - Upper.log

]]></output>
                  </test-case>
                  <test-case name="Pattern - Reference 03 - Qualified" fullname="JetBrains.ReSharper.Plugins.FSharp.Tests.Features.FSharpParserTest.Pattern - Reference 03 - Qualified" methodname="Pattern - Reference 03 - Qualified" classname="FSharpParserTest" result="Passed" duration="0.03" asserts="0">
                    <properties>
                      <property name="Category" value="Parser" />
                    </properties>
                    <output><![CDATA[ReSharper LogPath is: C:\Users\berej\AppData\Local\Temp\JetLogs\ReSharperTests\resharper.log
Per-Test LogPath is: C:\Users\berej\AppData\Local\Temp\JetLogs\ReSharperTests\FSharpParserTest\Pattern - Reference 03 - Qualified.log

]]></output>
                  </test-case>
                  <test-case name="Type decl - Attributes 01" fullname="JetBrains.ReSharper.Plugins.FSharp.Tests.Features.FSharpParserTest.Type decl - Attributes 01" methodname="Type decl - Attributes 01" classname="FSharpParserTest" result="Passed" duration="0.032" asserts="0">
                    <properties>
                      <property name="Category" value="Parser" />
                    </properties>
                    <output><![CDATA[ReSharper LogPath is: C:\Users\berej\AppData\Local\Temp\JetLogs\ReSharperTests\resharper.log
Per-Test LogPath is: C:\Users\berej\AppData\Local\Temp\JetLogs\ReSharperTests\FSharpParserTest\Type decl - Attributes 01.log

]]></output>
                  </test-case>
                  <test-case name="Type decl - Attributes 02" fullname="JetBrains.ReSharper.Plugins.FSharp.Tests.Features.FSharpParserTest.Type decl - Attributes 02" methodname="Type decl - Attributes 02" classname="FSharpParserTest" result="Passed" duration="0.03" asserts="0">
                    <properties>
                      <property name="Category" value="Parser" />
                    </properties>
                    <output><![CDATA[ReSharper LogPath is: C:\Users\berej\AppData\Local\Temp\JetLogs\ReSharperTests\resharper.log
Per-Test LogPath is: C:\Users\berej\AppData\Local\Temp\JetLogs\ReSharperTests\FSharpParserTest\Type decl - Attributes 02.log

]]></output>
                  </test-case>
                  <test-case name="Type decl - Delegate - Ctor 01" fullname="JetBrains.ReSharper.Plugins.FSharp.Tests.Features.FSharpParserTest.Type decl - Delegate - Ctor 01" methodname="Type decl - Delegate - Ctor 01" classname="FSharpParserTest" result="Passed" duration="0.03" asserts="0">
                    <properties>
                      <property name="Category" value="Parser" />
                    </properties>
                    <output><![CDATA[ReSharper LogPath is: C:\Users\berej\AppData\Local\Temp\JetLogs\ReSharperTests\resharper.log
Per-Test LogPath is: C:\Users\berej\AppData\Local\Temp\JetLogs\ReSharperTests\FSharpParserTest\Type decl - Delegate - Ctor 01.log

]]></output>
                  </test-case>
                  <test-case name="Type decl - Delegate - Ctor 02" fullname="JetBrains.ReSharper.Plugins.FSharp.Tests.Features.FSharpParserTest.Type decl - Delegate - Ctor 02" methodname="Type decl - Delegate - Ctor 02" classname="FSharpParserTest" result="Passed" duration="0.03" asserts="0">
                    <properties>
                      <property name="Category" value="Parser" />
                    </properties>
                    <output><![CDATA[ReSharper LogPath is: C:\Users\berej\AppData\Local\Temp\JetLogs\ReSharperTests\resharper.log
Per-Test LogPath is: C:\Users\berej\AppData\Local\Temp\JetLogs\ReSharperTests\FSharpParserTest\Type decl - Delegate - Ctor 02.log

]]></output>
                  </test-case>
                  <test-case name="Type decl - Delegate 01" fullname="JetBrains.ReSharper.Plugins.FSharp.Tests.Features.FSharpParserTest.Type decl - Delegate 01" methodname="Type decl - Delegate 01" classname="FSharpParserTest" result="Passed" duration="0.03" asserts="0">
                    <properties>
                      <property name="Category" value="Parser" />
                    </properties>
                    <output><![CDATA[ReSharper LogPath is: C:\Users\berej\AppData\Local\Temp\JetLogs\ReSharperTests\resharper.log
Per-Test LogPath is: C:\Users\berej\AppData\Local\Temp\JetLogs\ReSharperTests\FSharpParserTest\Type decl - Delegate 01.log

]]></output>
                  </test-case>
                  <test-case name="Type decl - Delegate 02" fullname="JetBrains.ReSharper.Plugins.FSharp.Tests.Features.FSharpParserTest.Type decl - Delegate 02" methodname="Type decl - Delegate 02" classname="FSharpParserTest" result="Passed" duration="0.029" asserts="0">
                    <properties>
                      <property name="Category" value="Parser" />
                    </properties>
                    <output><![CDATA[ReSharper LogPath is: C:\Users\berej\AppData\Local\Temp\JetLogs\ReSharperTests\resharper.log
Per-Test LogPath is: C:\Users\berej\AppData\Local\Temp\JetLogs\ReSharperTests\FSharpParserTest\Type decl - Delegate 02.log

]]></output>
                  </test-case>
                  <test-case name="Type decl - Enum 01 - With first bar" fullname="JetBrains.ReSharper.Plugins.FSharp.Tests.Features.FSharpParserTest.Type decl - Enum 01 - With first bar" methodname="Type decl - Enum 01 - With first bar" classname="FSharpParserTest" result="Passed" duration="0.03" asserts="0">
                    <properties>
                      <property name="Category" value="Parser" />
                    </properties>
                    <output><![CDATA[ReSharper LogPath is: C:\Users\berej\AppData\Local\Temp\JetLogs\ReSharperTests\resharper.log
Per-Test LogPath is: C:\Users\berej\AppData\Local\Temp\JetLogs\ReSharperTests\FSharpParserTest\Type decl - Enum 01 - With first bar.log

]]></output>
                  </test-case>
                  <test-case name="Type decl - Enum 02 - Without first bar" fullname="JetBrains.ReSharper.Plugins.FSharp.Tests.Features.FSharpParserTest.Type decl - Enum 02 - Without first bar" methodname="Type decl - Enum 02 - Without first bar" classname="FSharpParserTest" result="Passed" duration="0.031" asserts="0">
                    <properties>
                      <property name="Category" value="Parser" />
                    </properties>
                    <output><![CDATA[ReSharper LogPath is: C:\Users\berej\AppData\Local\Temp\JetLogs\ReSharperTests\resharper.log
Per-Test LogPath is: C:\Users\berej\AppData\Local\Temp\JetLogs\ReSharperTests\FSharpParserTest\Type decl - Enum 02 - Without first bar.log

]]></output>
                  </test-case>
                  <test-case name="Type decl - Enum 03 - Case attributes" fullname="JetBrains.ReSharper.Plugins.FSharp.Tests.Features.FSharpParserTest.Type decl - Enum 03 - Case attributes" methodname="Type decl - Enum 03 - Case attributes" classname="FSharpParserTest" result="Passed" duration="0.03" asserts="0">
                    <properties>
                      <property name="Category" value="Parser" />
                    </properties>
                    <output><![CDATA[ReSharper LogPath is: C:\Users\berej\AppData\Local\Temp\JetLogs\ReSharperTests\resharper.log
Per-Test LogPath is: C:\Users\berej\AppData\Local\Temp\JetLogs\ReSharperTests\FSharpParserTest\Type decl - Enum 03 - Case attributes.log

]]></output>
                  </test-case>
                  <test-case name="Type decl - Exception 01" fullname="JetBrains.ReSharper.Plugins.FSharp.Tests.Features.FSharpParserTest.Type decl - Exception 01" methodname="Type decl - Exception 01" classname="FSharpParserTest" result="Passed" duration="0.029" asserts="0">
                    <properties>
                      <property name="Category" value="Parser" />
                    </properties>
                    <output><![CDATA[ReSharper LogPath is: C:\Users\berej\AppData\Local\Temp\JetLogs\ReSharperTests\resharper.log
Per-Test LogPath is: C:\Users\berej\AppData\Local\Temp\JetLogs\ReSharperTests\FSharpParserTest\Type decl - Exception 01.log

]]></output>
                  </test-case>
                  <test-case name="Type decl - Exception 02" fullname="JetBrains.ReSharper.Plugins.FSharp.Tests.Features.FSharpParserTest.Type decl - Exception 02" methodname="Type decl - Exception 02" classname="FSharpParserTest" result="Passed" duration="0.032" asserts="0">
                    <properties>
                      <property name="Category" value="Parser" />
                    </properties>
                    <output><![CDATA[ReSharper LogPath is: C:\Users\berej\AppData\Local\Temp\JetLogs\ReSharperTests\resharper.log
Per-Test LogPath is: C:\Users\berej\AppData\Local\Temp\JetLogs\ReSharperTests\FSharpParserTest\Type decl - Exception 02.log

]]></output>
                  </test-case>
                  <test-case name="Type decl - Extension 01" fullname="JetBrains.ReSharper.Plugins.FSharp.Tests.Features.FSharpParserTest.Type decl - Extension 01" methodname="Type decl - Extension 01" classname="FSharpParserTest" result="Passed" duration="0.03" asserts="0">
                    <properties>
                      <property name="Category" value="Parser" />
                    </properties>
                    <output><![CDATA[ReSharper LogPath is: C:\Users\berej\AppData\Local\Temp\JetLogs\ReSharperTests\resharper.log
Per-Test LogPath is: C:\Users\berej\AppData\Local\Temp\JetLogs\ReSharperTests\FSharpParserTest\Type decl - Extension 01.log

]]></output>
                  </test-case>
                  <test-case name="Type decl - Let binding - Function 01" fullname="JetBrains.ReSharper.Plugins.FSharp.Tests.Features.FSharpParserTest.Type decl - Let binding - Function 01" methodname="Type decl - Let binding - Function 01" classname="FSharpParserTest" result="Passed" duration="0.03" asserts="0">
                    <properties>
                      <property name="Category" value="Parser" />
                    </properties>
                    <output><![CDATA[ReSharper LogPath is: C:\Users\berej\AppData\Local\Temp\JetLogs\ReSharperTests\resharper.log
Per-Test LogPath is: C:\Users\berej\AppData\Local\Temp\JetLogs\ReSharperTests\FSharpParserTest\Type decl - Let binding - Function 01.log

]]></output>
                  </test-case>
                  <test-case name="Type decl - Let binding - Value 01" fullname="JetBrains.ReSharper.Plugins.FSharp.Tests.Features.FSharpParserTest.Type decl - Let binding - Value 01" methodname="Type decl - Let binding - Value 01" classname="FSharpParserTest" result="Passed" duration="0.033" asserts="0">
                    <properties>
                      <property name="Category" value="Parser" />
                    </properties>
                    <output><![CDATA[ReSharper LogPath is: C:\Users\berej\AppData\Local\Temp\JetLogs\ReSharperTests\resharper.log
Per-Test LogPath is: C:\Users\berej\AppData\Local\Temp\JetLogs\ReSharperTests\FSharpParserTest\Type decl - Let binding - Value 01.log

]]></output>
                  </test-case>
                  <test-case name="Type decl - Let binding - Value 02 - Upper" fullname="JetBrains.ReSharper.Plugins.FSharp.Tests.Features.FSharpParserTest.Type decl - Let binding - Value 02 - Upper" methodname="Type decl - Let binding - Value 02 - Upper" classname="FSharpParserTest" result="Passed" duration="0.03" asserts="0">
                    <properties>
                      <property name="Category" value="Parser" />
                    </properties>
                    <output><![CDATA[ReSharper LogPath is: C:\Users\berej\AppData\Local\Temp\JetLogs\ReSharperTests\resharper.log
Per-Test LogPath is: C:\Users\berej\AppData\Local\Temp\JetLogs\ReSharperTests\FSharpParserTest\Type decl - Let binding - Value 02 - Upper.log

]]></output>
                  </test-case>
                  <test-case name="Type decl - Record 01 - Single line" fullname="JetBrains.ReSharper.Plugins.FSharp.Tests.Features.FSharpParserTest.Type decl - Record 01 - Single line" methodname="Type decl - Record 01 - Single line" classname="FSharpParserTest" result="Passed" duration="0.03" asserts="0">
                    <properties>
                      <property name="Category" value="Parser" />
                    </properties>
                    <output><![CDATA[ReSharper LogPath is: C:\Users\berej\AppData\Local\Temp\JetLogs\ReSharperTests\resharper.log
Per-Test LogPath is: C:\Users\berej\AppData\Local\Temp\JetLogs\ReSharperTests\FSharpParserTest\Type decl - Record 01 - Single line.log

]]></output>
                  </test-case>
                  <test-case name="Type decl - Record 02 - Multiline" fullname="JetBrains.ReSharper.Plugins.FSharp.Tests.Features.FSharpParserTest.Type decl - Record 02 - Multiline" methodname="Type decl - Record 02 - Multiline" classname="FSharpParserTest" result="Passed" duration="0.05" asserts="0">
                    <properties>
                      <property name="Category" value="Parser" />
                    </properties>
                    <output><![CDATA[ReSharper LogPath is: C:\Users\berej\AppData\Local\Temp\JetLogs\ReSharperTests\resharper.log
Per-Test LogPath is: C:\Users\berej\AppData\Local\Temp\JetLogs\ReSharperTests\FSharpParserTest\Type decl - Record 02 - Multiline.log

]]></output>
                  </test-case>
                  <test-case name="Type decl - Record 03 - Multiline, semicolons" fullname="JetBrains.ReSharper.Plugins.FSharp.Tests.Features.FSharpParserTest.Type decl - Record 03 - Multiline, semicolons" methodname="Type decl - Record 03 - Multiline, semicolons" classname="FSharpParserTest" result="Passed" duration="0.025" asserts="0">
                    <properties>
                      <property name="Category" value="Parser" />
                    </properties>
                    <output><![CDATA[ReSharper LogPath is: C:\Users\berej\AppData\Local\Temp\JetLogs\ReSharperTests\resharper.log
Per-Test LogPath is: C:\Users\berej\AppData\Local\Temp\JetLogs\ReSharperTests\FSharpParserTest\Type decl - Record 03 - Multiline, semicolons.log

]]></output>
                  </test-case>
                  <test-case name="Type decl - Record 04 - Attribute" fullname="JetBrains.ReSharper.Plugins.FSharp.Tests.Features.FSharpParserTest.Type decl - Record 04 - Attribute" methodname="Type decl - Record 04 - Attribute" classname="FSharpParserTest" result="Passed" duration="0.033" asserts="0">
                    <properties>
                      <property name="Category" value="Parser" />
                    </properties>
                    <output><![CDATA[ReSharper LogPath is: C:\Users\berej\AppData\Local\Temp\JetLogs\ReSharperTests\resharper.log
Per-Test LogPath is: C:\Users\berej\AppData\Local\Temp\JetLogs\ReSharperTests\FSharpParserTest\Type decl - Record 04 - Attribute.log

]]></output>
                  </test-case>
                  <test-case name="Type decl - Union 01" fullname="JetBrains.ReSharper.Plugins.FSharp.Tests.Features.FSharpParserTest.Type decl - Union 01" methodname="Type decl - Union 01" classname="FSharpParserTest" result="Passed" duration="0.037" asserts="0">
                    <properties>
                      <property name="Category" value="Parser" />
                    </properties>
                    <output><![CDATA[ReSharper LogPath is: C:\Users\berej\AppData\Local\Temp\JetLogs\ReSharperTests\resharper.log
Per-Test LogPath is: C:\Users\berej\AppData\Local\Temp\JetLogs\ReSharperTests\FSharpParserTest\Type decl - Union 01.log

]]></output>
                  </test-case>
                  <test-case name="Type decl - Union 02 - Modifier" fullname="JetBrains.ReSharper.Plugins.FSharp.Tests.Features.FSharpParserTest.Type decl - Union 02 - Modifier" methodname="Type decl - Union 02 - Modifier" classname="FSharpParserTest" result="Passed" duration="0.036" asserts="0">
                    <properties>
                      <property name="Category" value="Parser" />
                    </properties>
                    <output><![CDATA[ReSharper LogPath is: C:\Users\berej\AppData\Local\Temp\JetLogs\ReSharperTests\resharper.log
Per-Test LogPath is: C:\Users\berej\AppData\Local\Temp\JetLogs\ReSharperTests\FSharpParserTest\Type decl - Union 02 - Modifier.log

]]></output>
                  </test-case>
                  <test-case name="Type decl - Union 03 - No first bar" fullname="JetBrains.ReSharper.Plugins.FSharp.Tests.Features.FSharpParserTest.Type decl - Union 03 - No first bar" methodname="Type decl - Union 03 - No first bar" classname="FSharpParserTest" result="Passed" duration="0.036" asserts="0">
                    <properties>
                      <property name="Category" value="Parser" />
                    </properties>
                    <output><![CDATA[ReSharper LogPath is: C:\Users\berej\AppData\Local\Temp\JetLogs\ReSharperTests\resharper.log
Per-Test LogPath is: C:\Users\berej\AppData\Local\Temp\JetLogs\ReSharperTests\FSharpParserTest\Type decl - Union 03 - No first bar.log

]]></output>
                  </test-case>
                  <test-case name="Type decl - Union 04 - No first bar with modifier" fullname="JetBrains.ReSharper.Plugins.FSharp.Tests.Features.FSharpParserTest.Type decl - Union 04 - No first bar with modifier" methodname="Type decl - Union 04 - No first bar with modifier" classname="FSharpParserTest" result="Passed" duration="0.04" asserts="0">
                    <properties>
                      <property name="Category" value="Parser" />
                    </properties>
                    <output><![CDATA[ReSharper LogPath is: C:\Users\berej\AppData\Local\Temp\JetLogs\ReSharperTests\resharper.log
Per-Test LogPath is: C:\Users\berej\AppData\Local\Temp\JetLogs\ReSharperTests\FSharpParserTest\Type decl - Union 04 - No first bar with modifier.log

]]></output>
                  </test-case>
                  <test-case name="Type decl - Union 05 - Case attributes" fullname="JetBrains.ReSharper.Plugins.FSharp.Tests.Features.FSharpParserTest.Type decl - Union 05 - Case attributes" methodname="Type decl - Union 05 - Case attributes" classname="FSharpParserTest" result="Passed" duration="0.037" asserts="0">
                    <properties>
                      <property name="Category" value="Parser" />
                    </properties>
                    <output><![CDATA[ReSharper LogPath is: C:\Users\berej\AppData\Local\Temp\JetLogs\ReSharperTests\resharper.log
Per-Test LogPath is: C:\Users\berej\AppData\Local\Temp\JetLogs\ReSharperTests\FSharpParserTest\Type decl - Union 05 - Case attributes.log

]]></output>
                  </test-case>
                  <test-case name="Type member - Ctor - Primary - Parameters 01" fullname="JetBrains.ReSharper.Plugins.FSharp.Tests.Features.FSharpParserTest.Type member - Ctor - Primary - Parameters 01" methodname="Type member - Ctor - Primary - Parameters 01" classname="FSharpParserTest" result="Passed" duration="0.036" asserts="0">
                    <properties>
                      <property name="Category" value="Parser" />
                    </properties>
                    <output><![CDATA[ReSharper LogPath is: C:\Users\berej\AppData\Local\Temp\JetLogs\ReSharperTests\resharper.log
Per-Test LogPath is: C:\Users\berej\AppData\Local\Temp\JetLogs\ReSharperTests\FSharpParserTest\Type member - Ctor - Primary - Parameters 01.log

]]></output>
                  </test-case>
                  <test-case name="Type member - Ctor - Primary - Parameters 02 - Typed" fullname="JetBrains.ReSharper.Plugins.FSharp.Tests.Features.FSharpParserTest.Type member - Ctor - Primary - Parameters 02 - Typed" methodname="Type member - Ctor - Primary - Parameters 02 - Typed" classname="FSharpParserTest" result="Passed" duration="0.043" asserts="0">
                    <properties>
                      <property name="Category" value="Parser" />
                    </properties>
                    <output><![CDATA[ReSharper LogPath is: C:\Users\berej\AppData\Local\Temp\JetLogs\ReSharperTests\resharper.log
Per-Test LogPath is: C:\Users\berej\AppData\Local\Temp\JetLogs\ReSharperTests\FSharpParserTest\Type member - Ctor - Primary - Parameters 02 - Typed.log

]]></output>
                  </test-case>
                  <test-case name="Type member - Ctor - Primary - Parameters 03" fullname="JetBrains.ReSharper.Plugins.FSharp.Tests.Features.FSharpParserTest.Type member - Ctor - Primary - Parameters 03" methodname="Type member - Ctor - Primary - Parameters 03" classname="FSharpParserTest" result="Passed" duration="0.038" asserts="0">
                    <properties>
                      <property name="Category" value="Parser" />
                    </properties>
                    <output><![CDATA[ReSharper LogPath is: C:\Users\berej\AppData\Local\Temp\JetLogs\ReSharperTests\resharper.log
Per-Test LogPath is: C:\Users\berej\AppData\Local\Temp\JetLogs\ReSharperTests\FSharpParserTest\Type member - Ctor - Primary - Parameters 03.log

]]></output>
                  </test-case>
                  <test-case name="Type member - Ctor - Primary - Parameters 04 - Attributes" fullname="JetBrains.ReSharper.Plugins.FSharp.Tests.Features.FSharpParserTest.Type member - Ctor - Primary - Parameters 04 - Attributes" methodname="Type member - Ctor - Primary - Parameters 04 - Attributes" classname="FSharpParserTest" result="Passed" duration="0.033" asserts="0">
                    <properties>
                      <property name="Category" value="Parser" />
                    </properties>
                    <output><![CDATA[ReSharper LogPath is: C:\Users\berej\AppData\Local\Temp\JetLogs\ReSharperTests\resharper.log
Per-Test LogPath is: C:\Users\berej\AppData\Local\Temp\JetLogs\ReSharperTests\FSharpParserTest\Type member - Ctor - Primary - Parameters 04 - Attributes.log

]]></output>
                  </test-case>
                  <test-case name="Type member - Ctor - Primary - Parameters 05 - Attributes" fullname="JetBrains.ReSharper.Plugins.FSharp.Tests.Features.FSharpParserTest.Type member - Ctor - Primary - Parameters 05 - Attributes" methodname="Type member - Ctor - Primary - Parameters 05 - Attributes" classname="FSharpParserTest" result="Passed" duration="0.042" asserts="0">
                    <properties>
                      <property name="Category" value="Parser" />
                    </properties>
                    <output><![CDATA[ReSharper LogPath is: C:\Users\berej\AppData\Local\Temp\JetLogs\ReSharperTests\resharper.log
Per-Test LogPath is: C:\Users\berej\AppData\Local\Temp\JetLogs\ReSharperTests\FSharpParserTest\Type member - Ctor - Primary - Parameters 05 - Attributes.log

]]></output>
                  </test-case>
                  <test-case name="Type member - Ctor - Primary 01" fullname="JetBrains.ReSharper.Plugins.FSharp.Tests.Features.FSharpParserTest.Type member - Ctor - Primary 01" methodname="Type member - Ctor - Primary 01" classname="FSharpParserTest" result="Passed" duration="0.037" asserts="0">
                    <properties>
                      <property name="Category" value="Parser" />
                    </properties>
                    <output><![CDATA[ReSharper LogPath is: C:\Users\berej\AppData\Local\Temp\JetLogs\ReSharperTests\resharper.log
Per-Test LogPath is: C:\Users\berej\AppData\Local\Temp\JetLogs\ReSharperTests\FSharpParserTest\Type member - Ctor - Primary 01.log

]]></output>
                  </test-case>
                  <test-case name="Type member - Ctor - Primary 02 - Modifier" fullname="JetBrains.ReSharper.Plugins.FSharp.Tests.Features.FSharpParserTest.Type member - Ctor - Primary 02 - Modifier" methodname="Type member - Ctor - Primary 02 - Modifier" classname="FSharpParserTest" result="Passed" duration="0.039" asserts="0">
                    <properties>
                      <property name="Category" value="Parser" />
                    </properties>
                    <output><![CDATA[ReSharper LogPath is: C:\Users\berej\AppData\Local\Temp\JetLogs\ReSharperTests\resharper.log
Per-Test LogPath is: C:\Users\berej\AppData\Local\Temp\JetLogs\ReSharperTests\FSharpParserTest\Type member - Ctor - Primary 02 - Modifier.log

]]></output>
                  </test-case>
                  <test-case name="Type member - Ctor - Primary 03 - Attributes" fullname="JetBrains.ReSharper.Plugins.FSharp.Tests.Features.FSharpParserTest.Type member - Ctor - Primary 03 - Attributes" methodname="Type member - Ctor - Primary 03 - Attributes" classname="FSharpParserTest" result="Passed" duration="0.039" asserts="0">
                    <properties>
                      <property name="Category" value="Parser" />
                    </properties>
                    <output><![CDATA[ReSharper LogPath is: C:\Users\berej\AppData\Local\Temp\JetLogs\ReSharperTests\resharper.log
Per-Test LogPath is: C:\Users\berej\AppData\Local\Temp\JetLogs\ReSharperTests\FSharpParserTest\Type member - Ctor - Primary 03 - Attributes.log

]]></output>
                  </test-case>
                  <test-case name="Type member - Ctor - Secondary - Parameters 01" fullname="JetBrains.ReSharper.Plugins.FSharp.Tests.Features.FSharpParserTest.Type member - Ctor - Secondary - Parameters 01" methodname="Type member - Ctor - Secondary - Parameters 01" classname="FSharpParserTest" result="Passed" duration="0.035" asserts="0">
                    <properties>
                      <property name="Category" value="Parser" />
                    </properties>
                    <output><![CDATA[ReSharper LogPath is: C:\Users\berej\AppData\Local\Temp\JetLogs\ReSharperTests\resharper.log
Per-Test LogPath is: C:\Users\berej\AppData\Local\Temp\JetLogs\ReSharperTests\FSharpParserTest\Type member - Ctor - Secondary - Parameters 01.log

]]></output>
                  </test-case>
                  <test-case name="Type member - Ctor - Secondary - Parameters 02" fullname="JetBrains.ReSharper.Plugins.FSharp.Tests.Features.FSharpParserTest.Type member - Ctor - Secondary - Parameters 02" methodname="Type member - Ctor - Secondary - Parameters 02" classname="FSharpParserTest" result="Passed" duration="0.038" asserts="0">
                    <properties>
                      <property name="Category" value="Parser" />
                    </properties>
                    <output><![CDATA[ReSharper LogPath is: C:\Users\berej\AppData\Local\Temp\JetLogs\ReSharperTests\resharper.log
Per-Test LogPath is: C:\Users\berej\AppData\Local\Temp\JetLogs\ReSharperTests\FSharpParserTest\Type member - Ctor - Secondary - Parameters 02.log

]]></output>
                  </test-case>
                  <test-case name="Type member - Ctor - Secondary 01" fullname="JetBrains.ReSharper.Plugins.FSharp.Tests.Features.FSharpParserTest.Type member - Ctor - Secondary 01" methodname="Type member - Ctor - Secondary 01" classname="FSharpParserTest" result="Passed" duration="0.043" asserts="0">
                    <properties>
                      <property name="Category" value="Parser" />
                    </properties>
                    <output><![CDATA[ReSharper LogPath is: C:\Users\berej\AppData\Local\Temp\JetLogs\ReSharperTests\resharper.log
Per-Test LogPath is: C:\Users\berej\AppData\Local\Temp\JetLogs\ReSharperTests\FSharpParserTest\Type member - Ctor - Secondary 01.log

]]></output>
                  </test-case>
                  <test-case name="Type member - Ctor - Secondary 02 - Modifier" fullname="JetBrains.ReSharper.Plugins.FSharp.Tests.Features.FSharpParserTest.Type member - Ctor - Secondary 02 - Modifier" methodname="Type member - Ctor - Secondary 02 - Modifier" classname="FSharpParserTest" result="Passed" duration="0.033" asserts="0">
                    <properties>
                      <property name="Category" value="Parser" />
                    </properties>
                    <output><![CDATA[ReSharper LogPath is: C:\Users\berej\AppData\Local\Temp\JetLogs\ReSharperTests\resharper.log
Per-Test LogPath is: C:\Users\berej\AppData\Local\Temp\JetLogs\ReSharperTests\FSharpParserTest\Type member - Ctor - Secondary 02 - Modifier.log

]]></output>
                  </test-case>
                  <test-case name="Type member - Ctor - Secondary 03 - Attributes" fullname="JetBrains.ReSharper.Plugins.FSharp.Tests.Features.FSharpParserTest.Type member - Ctor - Secondary 03 - Attributes" methodname="Type member - Ctor - Secondary 03 - Attributes" classname="FSharpParserTest" result="Passed" duration="0.039" asserts="0">
                    <properties>
                      <property name="Category" value="Parser" />
                    </properties>
                    <output><![CDATA[ReSharper LogPath is: C:\Users\berej\AppData\Local\Temp\JetLogs\ReSharperTests\resharper.log
Per-Test LogPath is: C:\Users\berej\AppData\Local\Temp\JetLogs\ReSharperTests\FSharpParserTest\Type member - Ctor - Secondary 03 - Attributes.log

]]></output>
                  </test-case>
                  <test-case name="Type member - Ctor - Secondary 04 - Self id" fullname="JetBrains.ReSharper.Plugins.FSharp.Tests.Features.FSharpParserTest.Type member - Ctor - Secondary 04 - Self id" methodname="Type member - Ctor - Secondary 04 - Self id" classname="FSharpParserTest" result="Passed" duration="0.036" asserts="0">
                    <properties>
                      <property name="Category" value="Parser" />
                    </properties>
                    <output><![CDATA[ReSharper LogPath is: C:\Users\berej\AppData\Local\Temp\JetLogs\ReSharperTests\resharper.log
Per-Test LogPath is: C:\Users\berej\AppData\Local\Temp\JetLogs\ReSharperTests\FSharpParserTest\Type member - Ctor - Secondary 04 - Self id.log

]]></output>
                  </test-case>
                  <test-case name="Type member - Do 01" fullname="JetBrains.ReSharper.Plugins.FSharp.Tests.Features.FSharpParserTest.Type member - Do 01" methodname="Type member - Do 01" classname="FSharpParserTest" result="Passed" duration="0.038" asserts="0">
                    <properties>
                      <property name="Category" value="Parser" />
                    </properties>
                    <output><![CDATA[ReSharper LogPath is: C:\Users\berej\AppData\Local\Temp\JetLogs\ReSharperTests\resharper.log
Per-Test LogPath is: C:\Users\berej\AppData\Local\Temp\JetLogs\ReSharperTests\FSharpParserTest\Type member - Do 01.log

]]></output>
                  </test-case>
                  <test-case name="Type member - Inherit - Type 01 - Simple" fullname="JetBrains.ReSharper.Plugins.FSharp.Tests.Features.FSharpParserTest.Type member - Inherit - Type 01 - Simple" methodname="Type member - Inherit - Type 01 - Simple" classname="FSharpParserTest" result="Passed" duration="0.042" asserts="0">
                    <properties>
                      <property name="Category" value="Parser" />
                    </properties>
                    <output><![CDATA[ReSharper LogPath is: C:\Users\berej\AppData\Local\Temp\JetLogs\ReSharperTests\resharper.log
Per-Test LogPath is: C:\Users\berej\AppData\Local\Temp\JetLogs\ReSharperTests\FSharpParserTest\Type member - Inherit - Type 01 - Simple.log

]]></output>
                  </test-case>
                  <test-case name="Type member - Inherit - Type 02 - Qualified" fullname="JetBrains.ReSharper.Plugins.FSharp.Tests.Features.FSharpParserTest.Type member - Inherit - Type 02 - Qualified" methodname="Type member - Inherit - Type 02 - Qualified" classname="FSharpParserTest" result="Passed" duration="0.047" asserts="0">
                    <properties>
                      <property name="Category" value="Parser" />
                    </properties>
                    <output><![CDATA[ReSharper LogPath is: C:\Users\berej\AppData\Local\Temp\JetLogs\ReSharperTests\resharper.log
Per-Test LogPath is: C:\Users\berej\AppData\Local\Temp\JetLogs\ReSharperTests\FSharpParserTest\Type member - Inherit - Type 02 - Qualified.log

]]></output>
                  </test-case>
                  <test-case name="Type member - Inherit - Type 03 - Arguments" fullname="JetBrains.ReSharper.Plugins.FSharp.Tests.Features.FSharpParserTest.Type member - Inherit - Type 03 - Arguments" methodname="Type member - Inherit - Type 03 - Arguments" classname="FSharpParserTest" result="Passed" duration="0.037" asserts="0">
                    <properties>
                      <property name="Category" value="Parser" />
                    </properties>
                    <output><![CDATA[ReSharper LogPath is: C:\Users\berej\AppData\Local\Temp\JetLogs\ReSharperTests\resharper.log
Per-Test LogPath is: C:\Users\berej\AppData\Local\Temp\JetLogs\ReSharperTests\FSharpParserTest\Type member - Inherit - Type 03 - Arguments.log

]]></output>
                  </test-case>
                  <test-case name="Type member - Inherit - Type 04 - Type parameters 01" fullname="JetBrains.ReSharper.Plugins.FSharp.Tests.Features.FSharpParserTest.Type member - Inherit - Type 04 - Type parameters 01" methodname="Type member - Inherit - Type 04 - Type parameters 01" classname="FSharpParserTest" result="Passed" duration="0.039" asserts="0">
                    <properties>
                      <property name="Category" value="Parser" />
                    </properties>
                    <output><![CDATA[ReSharper LogPath is: C:\Users\berej\AppData\Local\Temp\JetLogs\ReSharperTests\resharper.log
Per-Test LogPath is: C:\Users\berej\AppData\Local\Temp\JetLogs\ReSharperTests\FSharpParserTest\Type member - Inherit - Type 04 - Type parameters 01.log

]]></output>
                  </test-case>
                  <test-case name="Type member - Let bindings 01" fullname="JetBrains.ReSharper.Plugins.FSharp.Tests.Features.FSharpParserTest.Type member - Let bindings 01" methodname="Type member - Let bindings 01" classname="FSharpParserTest" result="Passed" duration="0.033" asserts="0">
                    <properties>
                      <property name="Category" value="Parser" />
                    </properties>
                    <output><![CDATA[ReSharper LogPath is: C:\Users\berej\AppData\Local\Temp\JetLogs\ReSharperTests\resharper.log
Per-Test LogPath is: C:\Users\berej\AppData\Local\Temp\JetLogs\ReSharperTests\FSharpParserTest\Type member - Let bindings 01.log

]]></output>
                  </test-case>
                  <test-case name="Type member - Member - Method - Parameters 01" fullname="JetBrains.ReSharper.Plugins.FSharp.Tests.Features.FSharpParserTest.Type member - Member - Method - Parameters 01" methodname="Type member - Member - Method - Parameters 01" classname="FSharpParserTest" result="Passed" duration="0.036" asserts="0">
                    <properties>
                      <property name="Category" value="Parser" />
                    </properties>
                    <output><![CDATA[ReSharper LogPath is: C:\Users\berej\AppData\Local\Temp\JetLogs\ReSharperTests\resharper.log
Per-Test LogPath is: C:\Users\berej\AppData\Local\Temp\JetLogs\ReSharperTests\FSharpParserTest\Type member - Member - Method - Parameters 01.log

]]></output>
                  </test-case>
                  <test-case name="Type member - Member - Method - Parameters 02" fullname="JetBrains.ReSharper.Plugins.FSharp.Tests.Features.FSharpParserTest.Type member - Member - Method - Parameters 02" methodname="Type member - Member - Method - Parameters 02" classname="FSharpParserTest" result="Passed" duration="0.037" asserts="0">
                    <properties>
                      <property name="Category" value="Parser" />
                    </properties>
                    <output><![CDATA[ReSharper LogPath is: C:\Users\berej\AppData\Local\Temp\JetLogs\ReSharperTests\resharper.log
Per-Test LogPath is: C:\Users\berej\AppData\Local\Temp\JetLogs\ReSharperTests\FSharpParserTest\Type member - Member - Method - Parameters 02.log

]]></output>
                  </test-case>
                  <test-case name="Type member - Member - Method 01" fullname="JetBrains.ReSharper.Plugins.FSharp.Tests.Features.FSharpParserTest.Type member - Member - Method 01" methodname="Type member - Member - Method 01" classname="FSharpParserTest" result="Passed" duration="0.037" asserts="0">
                    <properties>
                      <property name="Category" value="Parser" />
                    </properties>
                    <output><![CDATA[ReSharper LogPath is: C:\Users\berej\AppData\Local\Temp\JetLogs\ReSharperTests\resharper.log
Per-Test LogPath is: C:\Users\berej\AppData\Local\Temp\JetLogs\ReSharperTests\FSharpParserTest\Type member - Member - Method 01.log

]]></output>
                  </test-case>
                  <test-case name="Type member - Member - Method 02 - Static" fullname="JetBrains.ReSharper.Plugins.FSharp.Tests.Features.FSharpParserTest.Type member - Member - Method 02 - Static" methodname="Type member - Member - Method 02 - Static" classname="FSharpParserTest" result="Passed" duration="0.04" asserts="0">
                    <properties>
                      <property name="Category" value="Parser" />
                    </properties>
                    <output><![CDATA[ReSharper LogPath is: C:\Users\berej\AppData\Local\Temp\JetLogs\ReSharperTests\resharper.log
Per-Test LogPath is: C:\Users\berej\AppData\Local\Temp\JetLogs\ReSharperTests\FSharpParserTest\Type member - Member - Method 02 - Static.log

]]></output>
                  </test-case>
                  <test-case name="Type member - Member - Operator 01 - Add" fullname="JetBrains.ReSharper.Plugins.FSharp.Tests.Features.FSharpParserTest.Type member - Member - Operator 01 - Add" methodname="Type member - Member - Operator 01 - Add" classname="FSharpParserTest" result="Passed" duration="0.03" asserts="0">
                    <properties>
                      <property name="Category" value="Parser" />
                    </properties>
                    <output><![CDATA[ReSharper LogPath is: C:\Users\berej\AppData\Local\Temp\JetLogs\ReSharperTests\resharper.log
Per-Test LogPath is: C:\Users\berej\AppData\Local\Temp\JetLogs\ReSharperTests\FSharpParserTest\Type member - Member - Operator 01 - Add.log

]]></output>
                  </test-case>
                  <test-case name="Type member - Member - Operator 02 - Multiply" fullname="JetBrains.ReSharper.Plugins.FSharp.Tests.Features.FSharpParserTest.Type member - Member - Operator 02 - Multiply" methodname="Type member - Member - Operator 02 - Multiply" classname="FSharpParserTest" result="Passed" duration="0.04" asserts="0">
                    <properties>
                      <property name="Category" value="Parser" />
                    </properties>
                    <output><![CDATA[ReSharper LogPath is: C:\Users\berej\AppData\Local\Temp\JetLogs\ReSharperTests\resharper.log
Per-Test LogPath is: C:\Users\berej\AppData\Local\Temp\JetLogs\ReSharperTests\FSharpParserTest\Type member - Member - Operator 02 - Multiply.log

]]></output>
                  </test-case>
                  <test-case name="Type member - Member - Operator 03 - Subtract" fullname="JetBrains.ReSharper.Plugins.FSharp.Tests.Features.FSharpParserTest.Type member - Member - Operator 03 - Subtract" methodname="Type member - Member - Operator 03 - Subtract" classname="FSharpParserTest" result="Passed" duration="0.037" asserts="0">
                    <properties>
                      <property name="Category" value="Parser" />
                    </properties>
                    <output><![CDATA[ReSharper LogPath is: C:\Users\berej\AppData\Local\Temp\JetLogs\ReSharperTests\resharper.log
Per-Test LogPath is: C:\Users\berej\AppData\Local\Temp\JetLogs\ReSharperTests\FSharpParserTest\Type member - Member - Operator 03 - Subtract.log

]]></output>
                  </test-case>
                  <test-case name="Type member - Member - Operator 04 - Divide" fullname="JetBrains.ReSharper.Plugins.FSharp.Tests.Features.FSharpParserTest.Type member - Member - Operator 04 - Divide" methodname="Type member - Member - Operator 04 - Divide" classname="FSharpParserTest" result="Passed" duration="0.036" asserts="0">
                    <properties>
                      <property name="Category" value="Parser" />
                    </properties>
                    <output><![CDATA[ReSharper LogPath is: C:\Users\berej\AppData\Local\Temp\JetLogs\ReSharperTests\resharper.log
Per-Test LogPath is: C:\Users\berej\AppData\Local\Temp\JetLogs\ReSharperTests\FSharpParserTest\Type member - Member - Operator 04 - Divide.log

]]></output>
                  </test-case>
                  <test-case name="Type member - Member 01 - Wild self id" fullname="JetBrains.ReSharper.Plugins.FSharp.Tests.Features.FSharpParserTest.Type member - Member 01 - Wild self id" methodname="Type member - Member 01 - Wild self id" classname="FSharpParserTest" result="Passed" duration="0.057" asserts="0">
                    <properties>
                      <property name="Category" value="Parser" />
                    </properties>
                    <output><![CDATA[ReSharper LogPath is: C:\Users\berej\AppData\Local\Temp\JetLogs\ReSharperTests\resharper.log
Per-Test LogPath is: C:\Users\berej\AppData\Local\Temp\JetLogs\ReSharperTests\FSharpParserTest\Type member - Member 01 - Wild self id.log

]]></output>
                  </test-case>
                  <test-case name="Type parameters - Constraints 01 - Struct" fullname="JetBrains.ReSharper.Plugins.FSharp.Tests.Features.FSharpParserTest.Type parameters - Constraints 01 - Struct" methodname="Type parameters - Constraints 01 - Struct" classname="FSharpParserTest" result="Passed" duration="0.039" asserts="0">
                    <properties>
                      <property name="Category" value="Parser" />
                    </properties>
                    <output><![CDATA[ReSharper LogPath is: C:\Users\berej\AppData\Local\Temp\JetLogs\ReSharperTests\resharper.log
Per-Test LogPath is: C:\Users\berej\AppData\Local\Temp\JetLogs\ReSharperTests\FSharpParserTest\Type parameters - Constraints 01 - Struct.log

]]></output>
                  </test-case>
                  <test-case name="Type parameters - Constraints 02 - Member" fullname="JetBrains.ReSharper.Plugins.FSharp.Tests.Features.FSharpParserTest.Type parameters - Constraints 02 - Member" methodname="Type parameters - Constraints 02 - Member" classname="FSharpParserTest" result="Passed" duration="0.038" asserts="0">
                    <properties>
                      <property name="Category" value="Parser" />
                    </properties>
                    <output><![CDATA[ReSharper LogPath is: C:\Users\berej\AppData\Local\Temp\JetLogs\ReSharperTests\resharper.log
Per-Test LogPath is: C:\Users\berej\AppData\Local\Temp\JetLogs\ReSharperTests\FSharpParserTest\Type parameters - Constraints 02 - Member.log

]]></output>
                  </test-case>
                  <test-case name="Type parameters - Constraints 03 - Or" fullname="JetBrains.ReSharper.Plugins.FSharp.Tests.Features.FSharpParserTest.Type parameters - Constraints 03 - Or" methodname="Type parameters - Constraints 03 - Or" classname="FSharpParserTest" result="Passed" duration="0.043" asserts="0">
                    <properties>
                      <property name="Category" value="Parser" />
                    </properties>
                    <output><![CDATA[ReSharper LogPath is: C:\Users\berej\AppData\Local\Temp\JetLogs\ReSharperTests\resharper.log
Per-Test LogPath is: C:\Users\berej\AppData\Local\Temp\JetLogs\ReSharperTests\FSharpParserTest\Type parameters - Constraints 03 - Or.log

]]></output>
                  </test-case>
                  <test-case name="Type parameters - Constraints 04 - Or and member" fullname="JetBrains.ReSharper.Plugins.FSharp.Tests.Features.FSharpParserTest.Type parameters - Constraints 04 - Or and member" methodname="Type parameters - Constraints 04 - Or and member" classname="FSharpParserTest" result="Passed" duration="0.036" asserts="0">
                    <properties>
                      <property name="Category" value="Parser" />
                    </properties>
                    <output><![CDATA[ReSharper LogPath is: C:\Users\berej\AppData\Local\Temp\JetLogs\ReSharperTests\resharper.log
Per-Test LogPath is: C:\Users\berej\AppData\Local\Temp\JetLogs\ReSharperTests\FSharpParserTest\Type parameters - Constraints 04 - Or and member.log

]]></output>
                  </test-case>
                  <test-case name="Types - Anon record 01" fullname="JetBrains.ReSharper.Plugins.FSharp.Tests.Features.FSharpParserTest.Types - Anon record 01" methodname="Types - Anon record 01" classname="FSharpParserTest" result="Passed" duration="0.043" asserts="0">
                    <properties>
                      <property name="Category" value="Parser" />
                    </properties>
                    <output><![CDATA[ReSharper LogPath is: C:\Users\berej\AppData\Local\Temp\JetLogs\ReSharperTests\resharper.log
Per-Test LogPath is: C:\Users\berej\AppData\Local\Temp\JetLogs\ReSharperTests\FSharpParserTest\Types - Anon record 01.log

]]></output>
                  </test-case>
                  <test-case name="Types - Array 01" fullname="JetBrains.ReSharper.Plugins.FSharp.Tests.Features.FSharpParserTest.Types - Array 01" methodname="Types - Array 01" classname="FSharpParserTest" result="Passed" duration="0.036" asserts="0">
                    <properties>
                      <property name="Category" value="Parser" />
                    </properties>
                    <output><![CDATA[ReSharper LogPath is: C:\Users\berej\AppData\Local\Temp\JetLogs\ReSharperTests\resharper.log
Per-Test LogPath is: C:\Users\berej\AppData\Local\Temp\JetLogs\ReSharperTests\FSharpParserTest\Types - Array 01.log

]]></output>
                  </test-case>
                  <test-case name="Types - Constraints - Comparison 01" fullname="JetBrains.ReSharper.Plugins.FSharp.Tests.Features.FSharpParserTest.Types - Constraints - Comparison 01" methodname="Types - Constraints - Comparison 01" classname="FSharpParserTest" result="Passed" duration="0.037" asserts="0">
                    <properties>
                      <property name="Category" value="Parser" />
                    </properties>
                    <output><![CDATA[ReSharper LogPath is: C:\Users\berej\AppData\Local\Temp\JetLogs\ReSharperTests\resharper.log
Per-Test LogPath is: C:\Users\berej\AppData\Local\Temp\JetLogs\ReSharperTests\FSharpParserTest\Types - Constraints - Comparison 01.log

]]></output>
                  </test-case>
                  <test-case name="Types - Constraints - Equality 01" fullname="JetBrains.ReSharper.Plugins.FSharp.Tests.Features.FSharpParserTest.Types - Constraints - Equality 01" methodname="Types - Constraints - Equality 01" classname="FSharpParserTest" result="Passed" duration="0.04" asserts="0">
                    <properties>
                      <property name="Category" value="Parser" />
                    </properties>
                    <output><![CDATA[ReSharper LogPath is: C:\Users\berej\AppData\Local\Temp\JetLogs\ReSharperTests\resharper.log
Per-Test LogPath is: C:\Users\berej\AppData\Local\Temp\JetLogs\ReSharperTests\FSharpParserTest\Types - Constraints - Equality 01.log

]]></output>
                  </test-case>
                  <test-case name="Types - Constraints - Null 01" fullname="JetBrains.ReSharper.Plugins.FSharp.Tests.Features.FSharpParserTest.Types - Constraints - Null 01" methodname="Types - Constraints - Null 01" classname="FSharpParserTest" result="Passed" duration="0.037" asserts="0">
                    <properties>
                      <property name="Category" value="Parser" />
                    </properties>
                    <output><![CDATA[ReSharper LogPath is: C:\Users\berej\AppData\Local\Temp\JetLogs\ReSharperTests\resharper.log
Per-Test LogPath is: C:\Users\berej\AppData\Local\Temp\JetLogs\ReSharperTests\FSharpParserTest\Types - Constraints - Null 01.log

]]></output>
                  </test-case>
                  <test-case name="Types - Constraints - Reference 01" fullname="JetBrains.ReSharper.Plugins.FSharp.Tests.Features.FSharpParserTest.Types - Constraints - Reference 01" methodname="Types - Constraints - Reference 01" classname="FSharpParserTest" result="Passed" duration="0.035" asserts="0">
                    <properties>
                      <property name="Category" value="Parser" />
                    </properties>
                    <output><![CDATA[ReSharper LogPath is: C:\Users\berej\AppData\Local\Temp\JetLogs\ReSharperTests\resharper.log
Per-Test LogPath is: C:\Users\berej\AppData\Local\Temp\JetLogs\ReSharperTests\FSharpParserTest\Types - Constraints - Reference 01.log

]]></output>
                  </test-case>
                  <test-case name="Types - Constraints - Struct 01" fullname="JetBrains.ReSharper.Plugins.FSharp.Tests.Features.FSharpParserTest.Types - Constraints - Struct 01" methodname="Types - Constraints - Struct 01" classname="FSharpParserTest" result="Passed" duration="0.038" asserts="0">
                    <properties>
                      <property name="Category" value="Parser" />
                    </properties>
                    <output><![CDATA[ReSharper LogPath is: C:\Users\berej\AppData\Local\Temp\JetLogs\ReSharperTests\resharper.log
Per-Test LogPath is: C:\Users\berej\AppData\Local\Temp\JetLogs\ReSharperTests\FSharpParserTest\Types - Constraints - Struct 01.log

]]></output>
                  </test-case>
                  <test-case name="Types - Constraints - Type 01" fullname="JetBrains.ReSharper.Plugins.FSharp.Tests.Features.FSharpParserTest.Types - Constraints - Type 01" methodname="Types - Constraints - Type 01" classname="FSharpParserTest" result="Passed" duration="0.039" asserts="0">
                    <properties>
                      <property name="Category" value="Parser" />
                    </properties>
                    <output><![CDATA[ReSharper LogPath is: C:\Users\berej\AppData\Local\Temp\JetLogs\ReSharperTests\resharper.log
Per-Test LogPath is: C:\Users\berej\AppData\Local\Temp\JetLogs\ReSharperTests\FSharpParserTest\Types - Constraints - Type 01.log

]]></output>
                  </test-case>
                  <test-case name="Types - Fun 01" fullname="JetBrains.ReSharper.Plugins.FSharp.Tests.Features.FSharpParserTest.Types - Fun 01" methodname="Types - Fun 01" classname="FSharpParserTest" result="Passed" duration="0.039" asserts="0">
                    <properties>
                      <property name="Category" value="Parser" />
                    </properties>
                    <output><![CDATA[ReSharper LogPath is: C:\Users\berej\AppData\Local\Temp\JetLogs\ReSharperTests\resharper.log
Per-Test LogPath is: C:\Users\berej\AppData\Local\Temp\JetLogs\ReSharperTests\FSharpParserTest\Types - Fun 01.log

]]></output>
                  </test-case>
                  <test-case name="Types - Fun 02" fullname="JetBrains.ReSharper.Plugins.FSharp.Tests.Features.FSharpParserTest.Types - Fun 02" methodname="Types - Fun 02" classname="FSharpParserTest" result="Passed" duration="0.036" asserts="0">
                    <properties>
                      <property name="Category" value="Parser" />
                    </properties>
                    <output><![CDATA[ReSharper LogPath is: C:\Users\berej\AppData\Local\Temp\JetLogs\ReSharperTests\resharper.log
Per-Test LogPath is: C:\Users\berej\AppData\Local\Temp\JetLogs\ReSharperTests\FSharpParserTest\Types - Fun 02.log

]]></output>
                  </test-case>
                  <test-case name="Types - Measure 01" fullname="JetBrains.ReSharper.Plugins.FSharp.Tests.Features.FSharpParserTest.Types - Measure 01" methodname="Types - Measure 01" classname="FSharpParserTest" result="Passed" duration="0.039" asserts="0">
                    <properties>
                      <property name="Category" value="Parser" />
                    </properties>
                    <output><![CDATA[ReSharper LogPath is: C:\Users\berej\AppData\Local\Temp\JetLogs\ReSharperTests\resharper.log
Per-Test LogPath is: C:\Users\berej\AppData\Local\Temp\JetLogs\ReSharperTests\FSharpParserTest\Types - Measure 01.log

]]></output>
                  </test-case>
                  <test-case name="Types - Measure 02 - Negate" fullname="JetBrains.ReSharper.Plugins.FSharp.Tests.Features.FSharpParserTest.Types - Measure 02 - Negate" methodname="Types - Measure 02 - Negate" classname="FSharpParserTest" result="Passed" duration="0.039" asserts="0">
                    <properties>
                      <property name="Category" value="Parser" />
                    </properties>
                    <output><![CDATA[ReSharper LogPath is: C:\Users\berej\AppData\Local\Temp\JetLogs\ReSharperTests\resharper.log
Per-Test LogPath is: C:\Users\berej\AppData\Local\Temp\JetLogs\ReSharperTests\FSharpParserTest\Types - Measure 02 - Negate.log

]]></output>
                  </test-case>
                  <test-case name="Types - Simple 01" fullname="JetBrains.ReSharper.Plugins.FSharp.Tests.Features.FSharpParserTest.Types - Simple 01" methodname="Types - Simple 01" classname="FSharpParserTest" result="Passed" duration="0.034" asserts="0">
                    <properties>
                      <property name="Category" value="Parser" />
                    </properties>
                    <output><![CDATA[ReSharper LogPath is: C:\Users\berej\AppData\Local\Temp\JetLogs\ReSharperTests\resharper.log
Per-Test LogPath is: C:\Users\berej\AppData\Local\Temp\JetLogs\ReSharperTests\FSharpParserTest\Types - Simple 01.log

]]></output>
                  </test-case>
                  <test-case name="Types - Simple 02 - Long ident" fullname="JetBrains.ReSharper.Plugins.FSharp.Tests.Features.FSharpParserTest.Types - Simple 02 - Long ident" methodname="Types - Simple 02 - Long ident" classname="FSharpParserTest" result="Passed" duration="0.042" asserts="0">
                    <properties>
                      <property name="Category" value="Parser" />
                    </properties>
                    <output><![CDATA[ReSharper LogPath is: C:\Users\berej\AppData\Local\Temp\JetLogs\ReSharperTests\resharper.log
Per-Test LogPath is: C:\Users\berej\AppData\Local\Temp\JetLogs\ReSharperTests\FSharpParserTest\Types - Simple 02 - Long ident.log

]]></output>
                  </test-case>
                  <test-case name="Types - Simple 03 - Type app" fullname="JetBrains.ReSharper.Plugins.FSharp.Tests.Features.FSharpParserTest.Types - Simple 03 - Type app" methodname="Types - Simple 03 - Type app" classname="FSharpParserTest" result="Passed" duration="0.037" asserts="0">
                    <properties>
                      <property name="Category" value="Parser" />
                    </properties>
                    <output><![CDATA[ReSharper LogPath is: C:\Users\berej\AppData\Local\Temp\JetLogs\ReSharperTests\resharper.log
Per-Test LogPath is: C:\Users\berej\AppData\Local\Temp\JetLogs\ReSharperTests\FSharpParserTest\Types - Simple 03 - Type app.log

]]></output>
                  </test-case>
                  <test-case name="Types - Simple 04 - Parens" fullname="JetBrains.ReSharper.Plugins.FSharp.Tests.Features.FSharpParserTest.Types - Simple 04 - Parens" methodname="Types - Simple 04 - Parens" classname="FSharpParserTest" result="Passed" duration="0.037" asserts="0">
                    <properties>
                      <property name="Category" value="Parser" />
                    </properties>
                    <output><![CDATA[ReSharper LogPath is: C:\Users\berej\AppData\Local\Temp\JetLogs\ReSharperTests\resharper.log
Per-Test LogPath is: C:\Users\berej\AppData\Local\Temp\JetLogs\ReSharperTests\FSharpParserTest\Types - Simple 04 - Parens.log

]]></output>
                  </test-case>
                  <test-case name="Types - Simple 05 - Nested parens" fullname="JetBrains.ReSharper.Plugins.FSharp.Tests.Features.FSharpParserTest.Types - Simple 05 - Nested parens" methodname="Types - Simple 05 - Nested parens" classname="FSharpParserTest" result="Passed" duration="0.039" asserts="0">
                    <properties>
                      <property name="Category" value="Parser" />
                    </properties>
                    <output><![CDATA[ReSharper LogPath is: C:\Users\berej\AppData\Local\Temp\JetLogs\ReSharperTests\resharper.log
Per-Test LogPath is: C:\Users\berej\AppData\Local\Temp\JetLogs\ReSharperTests\FSharpParserTest\Types - Simple 05 - Nested parens.log

]]></output>
                  </test-case>
                  <test-case name="Types - Tuple 01" fullname="JetBrains.ReSharper.Plugins.FSharp.Tests.Features.FSharpParserTest.Types - Tuple 01" methodname="Types - Tuple 01" classname="FSharpParserTest" result="Passed" duration="0.038" asserts="0">
                    <properties>
                      <property name="Category" value="Parser" />
                    </properties>
                    <output><![CDATA[ReSharper LogPath is: C:\Users\berej\AppData\Local\Temp\JetLogs\ReSharperTests\resharper.log
Per-Test LogPath is: C:\Users\berej\AppData\Local\Temp\JetLogs\ReSharperTests\FSharpParserTest\Types - Tuple 01.log

]]></output>
                  </test-case>
                  <test-case name="Types - Tuple 02 - Nested" fullname="JetBrains.ReSharper.Plugins.FSharp.Tests.Features.FSharpParserTest.Types - Tuple 02 - Nested" methodname="Types - Tuple 02 - Nested" classname="FSharpParserTest" result="Passed" duration="0.038" asserts="0">
                    <properties>
                      <property name="Category" value="Parser" />
                    </properties>
                    <output><![CDATA[ReSharper LogPath is: C:\Users\berej\AppData\Local\Temp\JetLogs\ReSharperTests\resharper.log
Per-Test LogPath is: C:\Users\berej\AppData\Local\Temp\JetLogs\ReSharperTests\FSharpParserTest\Types - Tuple 02 - Nested.log

]]></output>
                  </test-case>
                  <test-case name="Types - Tuple 03 - Nested 2" fullname="JetBrains.ReSharper.Plugins.FSharp.Tests.Features.FSharpParserTest.Types - Tuple 03 - Nested 2" methodname="Types - Tuple 03 - Nested 2" classname="FSharpParserTest" result="Passed" duration="0.042" asserts="0">
                    <properties>
                      <property name="Category" value="Parser" />
                    </properties>
                    <output><![CDATA[ReSharper LogPath is: C:\Users\berej\AppData\Local\Temp\JetLogs\ReSharperTests\resharper.log
Per-Test LogPath is: C:\Users\berej\AppData\Local\Temp\JetLogs\ReSharperTests\FSharpParserTest\Types - Tuple 03 - Nested 2.log

]]></output>
                  </test-case>
                  <test-case name="Types - Tuple 04 - Struct" fullname="JetBrains.ReSharper.Plugins.FSharp.Tests.Features.FSharpParserTest.Types - Tuple 04 - Struct" methodname="Types - Tuple 04 - Struct" classname="FSharpParserTest" result="Passed" duration="0.036" asserts="0">
                    <properties>
                      <property name="Category" value="Parser" />
                    </properties>
                    <output><![CDATA[ReSharper LogPath is: C:\Users\berej\AppData\Local\Temp\JetLogs\ReSharperTests\resharper.log
Per-Test LogPath is: C:\Users\berej\AppData\Local\Temp\JetLogs\ReSharperTests\FSharpParserTest\Types - Tuple 04 - Struct.log

]]></output>
                  </test-case>
                  <test-case name="Types - Tuple 05 - More items" fullname="JetBrains.ReSharper.Plugins.FSharp.Tests.Features.FSharpParserTest.Types - Tuple 05 - More items" methodname="Types - Tuple 05 - More items" classname="FSharpParserTest" result="Passed" duration="0.038" asserts="0">
                    <properties>
                      <property name="Category" value="Parser" />
                    </properties>
                    <output><![CDATA[ReSharper LogPath is: C:\Users\berej\AppData\Local\Temp\JetLogs\ReSharperTests\resharper.log
Per-Test LogPath is: C:\Users\berej\AppData\Local\Temp\JetLogs\ReSharperTests\FSharpParserTest\Types - Tuple 05 - More items.log

]]></output>
                  </test-case>
                  <test-case name="Types - Tuple 06 - Parens" fullname="JetBrains.ReSharper.Plugins.FSharp.Tests.Features.FSharpParserTest.Types - Tuple 06 - Parens" methodname="Types - Tuple 06 - Parens" classname="FSharpParserTest" result="Passed" duration="0.033" asserts="0">
                    <properties>
                      <property name="Category" value="Parser" />
                    </properties>
                    <output><![CDATA[ReSharper LogPath is: C:\Users\berej\AppData\Local\Temp\JetLogs\ReSharperTests\resharper.log
Per-Test LogPath is: C:\Users\berej\AppData\Local\Temp\JetLogs\ReSharperTests\FSharpParserTest\Types - Tuple 06 - Parens.log

]]></output>
                  </test-case>
                  <test-case name="Types - Type app 01" fullname="JetBrains.ReSharper.Plugins.FSharp.Tests.Features.FSharpParserTest.Types - Type app 01" methodname="Types - Type app 01" classname="FSharpParserTest" result="Passed" duration="0.039" asserts="0">
                    <properties>
                      <property name="Category" value="Parser" />
                    </properties>
                    <output><![CDATA[ReSharper LogPath is: C:\Users\berej\AppData\Local\Temp\JetLogs\ReSharperTests\resharper.log
Per-Test LogPath is: C:\Users\berej\AppData\Local\Temp\JetLogs\ReSharperTests\FSharpParserTest\Types - Type app 01.log

]]></output>
                  </test-case>
                  <test-case name="Types - Type app 02 - ML-style" fullname="JetBrains.ReSharper.Plugins.FSharp.Tests.Features.FSharpParserTest.Types - Type app 02 - ML-style" methodname="Types - Type app 02 - ML-style" classname="FSharpParserTest" result="Passed" duration="0.041" asserts="0">
                    <properties>
                      <property name="Category" value="Parser" />
                    </properties>
                    <output><![CDATA[ReSharper LogPath is: C:\Users\berej\AppData\Local\Temp\JetLogs\ReSharperTests\resharper.log
Per-Test LogPath is: C:\Users\berej\AppData\Local\Temp\JetLogs\ReSharperTests\FSharpParserTest\Types - Type app 02 - ML-style.log

]]></output>
                  </test-case>
                  <test-case name="Types - Type app 03 - tuple" fullname="JetBrains.ReSharper.Plugins.FSharp.Tests.Features.FSharpParserTest.Types - Type app 03 - tuple" methodname="Types - Type app 03 - tuple" classname="FSharpParserTest" result="Passed" duration="0.039" asserts="0">
                    <properties>
                      <property name="Category" value="Parser" />
                    </properties>
                    <output><![CDATA[ReSharper LogPath is: C:\Users\berej\AppData\Local\Temp\JetLogs\ReSharperTests\resharper.log
Per-Test LogPath is: C:\Users\berej\AppData\Local\Temp\JetLogs\ReSharperTests\FSharpParserTest\Types - Type app 03 - tuple.log

]]></output>
                  </test-case>
                  <test-case name="Types - Type app 04 - ML-style tuple" fullname="JetBrains.ReSharper.Plugins.FSharp.Tests.Features.FSharpParserTest.Types - Type app 04 - ML-style tuple" methodname="Types - Type app 04 - ML-style tuple" classname="FSharpParserTest" result="Passed" duration="0.042" asserts="0">
                    <properties>
                      <property name="Category" value="Parser" />
                    </properties>
                    <output><![CDATA[ReSharper LogPath is: C:\Users\berej\AppData\Local\Temp\JetLogs\ReSharperTests\resharper.log
Per-Test LogPath is: C:\Users\berej\AppData\Local\Temp\JetLogs\ReSharperTests\FSharpParserTest\Types - Type app 04 - ML-style tuple.log

]]></output>
                  </test-case>
                  <test-case name="Types - Type app 05 - Qualifier and generics" fullname="JetBrains.ReSharper.Plugins.FSharp.Tests.Features.FSharpParserTest.Types - Type app 05 - Qualifier and generics" methodname="Types - Type app 05 - Qualifier and generics" classname="FSharpParserTest" result="Passed" duration="0.047" asserts="0">
                    <properties>
                      <property name="Category" value="Parser" />
                    </properties>
                    <output><![CDATA[ReSharper LogPath is: C:\Users\berej\AppData\Local\Temp\JetLogs\ReSharperTests\resharper.log
Per-Test LogPath is: C:\Users\berej\AppData\Local\Temp\JetLogs\ReSharperTests\FSharpParserTest\Types - Type app 05 - Qualifier and generics.log

]]></output>
                  </test-case>
                  <test-case name="Types - Type app 06 - Multiple qualifiers and generics" fullname="JetBrains.ReSharper.Plugins.FSharp.Tests.Features.FSharpParserTest.Types - Type app 06 - Multiple qualifiers and generics" methodname="Types - Type app 06 - Multiple qualifiers and generics" classname="FSharpParserTest" result="Passed" duration="0.041" asserts="0">
                    <properties>
                      <property name="Category" value="Parser" />
                    </properties>
                    <output><![CDATA[ReSharper LogPath is: C:\Users\berej\AppData\Local\Temp\JetLogs\ReSharperTests\resharper.log
Per-Test LogPath is: C:\Users\berej\AppData\Local\Temp\JetLogs\ReSharperTests\FSharpParserTest\Types - Type app 06 - Multiple qualifiers and generics.log

]]></output>
                  </test-case>
                </test-suite>
                <test-suite type="TestFixture" name="FSharpSignatureParserTest" fullname="JetBrains.ReSharper.Plugins.FSharp.Tests.Features.FSharpSignatureParserTest" total="15" passed="14" failed="0" inconclusive="1" skipped="0" result="Passed" duration="0.636">
                  <test-case name="Hash directive 01" fullname="JetBrains.ReSharper.Plugins.FSharp.Tests.Features.FSharpSignatureParserTest.Hash directive 01" methodname="Hash directive 01" classname="FSharpSignatureParserTest" result="Passed" duration="0.059" asserts="0">
                    <properties>
                      <property name="Category" value="Parser" />
                    </properties>
                    <output><![CDATA[ReSharper LogPath is: C:\Users\berej\AppData\Local\Temp\JetLogs\ReSharperTests\resharper.log
Per-Test LogPath is: C:\Users\berej\AppData\Local\Temp\JetLogs\ReSharperTests\FSharpSignatureParserTest\Hash directive 01.log

]]></output>
                  </test-case>
                  <test-case name="Type member - Constructor 01" fullname="JetBrains.ReSharper.Plugins.FSharp.Tests.Features.FSharpSignatureParserTest.Type member - Constructor 01" methodname="Type member - Constructor 01" classname="FSharpSignatureParserTest" result="Passed" duration="0.044" asserts="0">
                    <properties>
                      <property name="Category" value="Parser" />
                    </properties>
                    <output><![CDATA[ReSharper LogPath is: C:\Users\berej\AppData\Local\Temp\JetLogs\ReSharperTests\resharper.log
Per-Test LogPath is: C:\Users\berej\AppData\Local\Temp\JetLogs\ReSharperTests\FSharpSignatureParserTest\Type member - Constructor 01.log

]]></output>
                  </test-case>
                  <test-case name="Type member - Inherit 01" fullname="JetBrains.ReSharper.Plugins.FSharp.Tests.Features.FSharpSignatureParserTest.Type member - Inherit 01" methodname="Type member - Inherit 01" classname="FSharpSignatureParserTest" result="Passed" duration="0.043" asserts="0">
                    <properties>
                      <property name="Category" value="Parser" />
                    </properties>
                    <output><![CDATA[ReSharper LogPath is: C:\Users\berej\AppData\Local\Temp\JetLogs\ReSharperTests\resharper.log
Per-Test LogPath is: C:\Users\berej\AppData\Local\Temp\JetLogs\ReSharperTests\FSharpSignatureParserTest\Type member - Inherit 01.log

]]></output>
                  </test-case>
                  <test-case name="Type member - Inherit 02 - Qualifiers" fullname="JetBrains.ReSharper.Plugins.FSharp.Tests.Features.FSharpSignatureParserTest.Type member - Inherit 02 - Qualifiers" methodname="Type member - Inherit 02 - Qualifiers" classname="FSharpSignatureParserTest" result="Passed" duration="0.04" asserts="0">
                    <properties>
                      <property name="Category" value="Parser" />
                    </properties>
                    <output><![CDATA[ReSharper LogPath is: C:\Users\berej\AppData\Local\Temp\JetLogs\ReSharperTests\resharper.log
Per-Test LogPath is: C:\Users\berej\AppData\Local\Temp\JetLogs\ReSharperTests\FSharpSignatureParserTest\Type member - Inherit 02 - Qualifiers.log

]]></output>
                  </test-case>
                  <test-case name="Type member - Inherit 03 - Generic" fullname="JetBrains.ReSharper.Plugins.FSharp.Tests.Features.FSharpSignatureParserTest.Type member - Inherit 03 - Generic" methodname="Type member - Inherit 03 - Generic" classname="FSharpSignatureParserTest" result="Passed" duration="0.047" asserts="0">
                    <properties>
                      <property name="Category" value="Parser" />
                    </properties>
                    <output><![CDATA[ReSharper LogPath is: C:\Users\berej\AppData\Local\Temp\JetLogs\ReSharperTests\resharper.log
Per-Test LogPath is: C:\Users\berej\AppData\Local\Temp\JetLogs\ReSharperTests\FSharpSignatureParserTest\Type member - Inherit 03 - Generic.log

]]></output>
                  </test-case>
                  <test-case name="Type member - Interface 01" fullname="JetBrains.ReSharper.Plugins.FSharp.Tests.Features.FSharpSignatureParserTest.Type member - Interface 01" methodname="Type member - Interface 01" classname="FSharpSignatureParserTest" result="Passed" duration="0.045" asserts="0">
                    <properties>
                      <property name="Category" value="Parser" />
                    </properties>
                    <output><![CDATA[ReSharper LogPath is: C:\Users\berej\AppData\Local\Temp\JetLogs\ReSharperTests\resharper.log
Per-Test LogPath is: C:\Users\berej\AppData\Local\Temp\JetLogs\ReSharperTests\FSharpSignatureParserTest\Type member - Interface 01.log

]]></output>
                  </test-case>
                  <test-case name="Type repr - Record 01" fullname="JetBrains.ReSharper.Plugins.FSharp.Tests.Features.FSharpSignatureParserTest.Type repr - Record 01" methodname="Type repr - Record 01" classname="FSharpSignatureParserTest" result="Passed" duration="0.05" asserts="0">
                    <properties>
                      <property name="Category" value="Parser" />
                    </properties>
                    <output><![CDATA[ReSharper LogPath is: C:\Users\berej\AppData\Local\Temp\JetLogs\ReSharperTests\resharper.log
Per-Test LogPath is: C:\Users\berej\AppData\Local\Temp\JetLogs\ReSharperTests\FSharpSignatureParserTest\Type repr - Record 01.log

]]></output>
                  </test-case>
                  <test-case name="Type repr - Record 02 - Mutable field" fullname="JetBrains.ReSharper.Plugins.FSharp.Tests.Features.FSharpSignatureParserTest.Type repr - Record 02 - Mutable field" methodname="Type repr - Record 02 - Mutable field" classname="FSharpSignatureParserTest" result="Inconclusive" duration="0" asserts="0">
                    <properties>
                      <property name="Explicit" value="" />
                      <property name="Category" value="Parser" />
                    </properties>
                    <output><![CDATA[Needs FCS update
]]></output>
                  </test-case>
                  <test-case name="Type repr - Record 03 - Field attributes" fullname="JetBrains.ReSharper.Plugins.FSharp.Tests.Features.FSharpSignatureParserTest.Type repr - Record 03 - Field attributes" methodname="Type repr - Record 03 - Field attributes" classname="FSharpSignatureParserTest" result="Passed" duration="0.051" asserts="0">
                    <properties>
                      <property name="Category" value="Parser" />
                    </properties>
                    <output><![CDATA[ReSharper LogPath is: C:\Users\berej\AppData\Local\Temp\JetLogs\ReSharperTests\resharper.log
Per-Test LogPath is: C:\Users\berej\AppData\Local\Temp\JetLogs\ReSharperTests\FSharpSignatureParserTest\Type repr - Record 03 - Field attributes.log

]]></output>
                  </test-case>
                  <test-case name="Val - Active pattern 01" fullname="JetBrains.ReSharper.Plugins.FSharp.Tests.Features.FSharpSignatureParserTest.Val - Active pattern 01" methodname="Val - Active pattern 01" classname="FSharpSignatureParserTest" result="Passed" duration="0.047" asserts="0">
                    <properties>
                      <property name="Category" value="Parser" />
                    </properties>
                    <output><![CDATA[ReSharper LogPath is: C:\Users\berej\AppData\Local\Temp\JetLogs\ReSharperTests\resharper.log
Per-Test LogPath is: C:\Users\berej\AppData\Local\Temp\JetLogs\ReSharperTests\FSharpSignatureParserTest\Val - Active pattern 01.log

]]></output>
                  </test-case>
                  <test-case name="Val - Function 01" fullname="JetBrains.ReSharper.Plugins.FSharp.Tests.Features.FSharpSignatureParserTest.Val - Function 01" methodname="Val - Function 01" classname="FSharpSignatureParserTest" result="Passed" duration="0.048" asserts="0">
                    <properties>
                      <property name="Category" value="Parser" />
                    </properties>
                    <output><![CDATA[ReSharper LogPath is: C:\Users\berej\AppData\Local\Temp\JetLogs\ReSharperTests\resharper.log
Per-Test LogPath is: C:\Users\berej\AppData\Local\Temp\JetLogs\ReSharperTests\FSharpSignatureParserTest\Val - Function 01.log

]]></output>
                  </test-case>
                  <test-case name="Val - Function 02 - Named param" fullname="JetBrains.ReSharper.Plugins.FSharp.Tests.Features.FSharpSignatureParserTest.Val - Function 02 - Named param" methodname="Val - Function 02 - Named param" classname="FSharpSignatureParserTest" result="Passed" duration="0.047" asserts="0">
                    <properties>
                      <property name="Category" value="Parser" />
                    </properties>
                    <output><![CDATA[ReSharper LogPath is: C:\Users\berej\AppData\Local\Temp\JetLogs\ReSharperTests\resharper.log
Per-Test LogPath is: C:\Users\berej\AppData\Local\Temp\JetLogs\ReSharperTests\FSharpSignatureParserTest\Val - Function 02 - Named param.log

]]></output>
                  </test-case>
                  <test-case name="Val - Function 03 - Multiple named params" fullname="JetBrains.ReSharper.Plugins.FSharp.Tests.Features.FSharpSignatureParserTest.Val - Function 03 - Multiple named params" methodname="Val - Function 03 - Multiple named params" classname="FSharpSignatureParserTest" result="Passed" duration="0.039" asserts="0">
                    <properties>
                      <property name="Category" value="Parser" />
                    </properties>
                    <output><![CDATA[ReSharper LogPath is: C:\Users\berej\AppData\Local\Temp\JetLogs\ReSharperTests\resharper.log
Per-Test LogPath is: C:\Users\berej\AppData\Local\Temp\JetLogs\ReSharperTests\FSharpSignatureParserTest\Val - Function 03 - Multiple named params.log

]]></output>
                  </test-case>
                  <test-case name="Val - Function 04 - Named tuple param" fullname="JetBrains.ReSharper.Plugins.FSharp.Tests.Features.FSharpSignatureParserTest.Val - Function 04 - Named tuple param" methodname="Val - Function 04 - Named tuple param" classname="FSharpSignatureParserTest" result="Passed" duration="0.037" asserts="0">
                    <properties>
                      <property name="Category" value="Parser" />
                    </properties>
                    <output><![CDATA[ReSharper LogPath is: C:\Users\berej\AppData\Local\Temp\JetLogs\ReSharperTests\resharper.log
Per-Test LogPath is: C:\Users\berej\AppData\Local\Temp\JetLogs\ReSharperTests\FSharpSignatureParserTest\Val - Function 04 - Named tuple param.log

]]></output>
                  </test-case>
                  <test-case name="Val - Value 01" fullname="JetBrains.ReSharper.Plugins.FSharp.Tests.Features.FSharpSignatureParserTest.Val - Value 01" methodname="Val - Value 01" classname="FSharpSignatureParserTest" result="Passed" duration="0.039" asserts="0">
                    <properties>
                      <property name="Category" value="Parser" />
                    </properties>
                    <output><![CDATA[ReSharper LogPath is: C:\Users\berej\AppData\Local\Temp\JetLogs\ReSharperTests\resharper.log
Per-Test LogPath is: C:\Users\berej\AppData\Local\Temp\JetLogs\ReSharperTests\FSharpSignatureParserTest\Val - Value 01.log

]]></output>
                  </test-case>
                </test-suite>
                <test-suite type="TestFixture" name="FSharpStructureTest" fullname="JetBrains.ReSharper.Plugins.FSharp.Tests.Features.FSharpStructureTest" total="10" passed="10" failed="0" inconclusive="0" skipped="0" result="Passed" duration="0.478">
                  <test-case name="Class bindings 01" fullname="JetBrains.ReSharper.Plugins.FSharp.Tests.Features.FSharpStructureTest.Class bindings 01" methodname="Class bindings 01" classname="FSharpStructureTest" result="Passed" duration="0.09" asserts="0">
                    <output><![CDATA[ReSharper LogPath is: C:\Users\berej\AppData\Local\Temp\JetLogs\ReSharperTests\resharper.log
Per-Test LogPath is: C:\Users\berej\AppData\Local\Temp\JetLogs\ReSharperTests\FSharpStructureTest\Class bindings 01.log

]]></output>
                  </test-case>
                  <test-case name="Module - Nested 01" fullname="JetBrains.ReSharper.Plugins.FSharp.Tests.Features.FSharpStructureTest.Module - Nested 01" methodname="Module - Nested 01" classname="FSharpStructureTest" result="Passed" duration="0.046" asserts="0">
                    <output><![CDATA[ReSharper LogPath is: C:\Users\berej\AppData\Local\Temp\JetLogs\ReSharperTests\resharper.log
Per-Test LogPath is: C:\Users\berej\AppData\Local\Temp\JetLogs\ReSharperTests\FSharpStructureTest\Module - Nested 01.log

]]></output>
                  </test-case>
                  <test-case name="Module - Nested 02 - In namespace" fullname="JetBrains.ReSharper.Plugins.FSharp.Tests.Features.FSharpStructureTest.Module - Nested 02 - In namespace" methodname="Module - Nested 02 - In namespace" classname="FSharpStructureTest" result="Passed" duration="0.038" asserts="0">
                    <output><![CDATA[ReSharper LogPath is: C:\Users\berej\AppData\Local\Temp\JetLogs\ReSharperTests\resharper.log
Per-Test LogPath is: C:\Users\berej\AppData\Local\Temp\JetLogs\ReSharperTests\FSharpStructureTest\Module - Nested 02 - In namespace.log

]]></output>
                  </test-case>
                  <test-case name="Module - Top level 01" fullname="JetBrains.ReSharper.Plugins.FSharp.Tests.Features.FSharpStructureTest.Module - Top level 01" methodname="Module - Top level 01" classname="FSharpStructureTest" result="Passed" duration="0.049" asserts="0">
                    <output><![CDATA[ReSharper LogPath is: C:\Users\berej\AppData\Local\Temp\JetLogs\ReSharperTests\resharper.log
Per-Test LogPath is: C:\Users\berej\AppData\Local\Temp\JetLogs\ReSharperTests\FSharpStructureTest\Module - Top level 01.log

]]></output>
                  </test-case>
                  <test-case name="Module - Top level 02 - In namespace" fullname="JetBrains.ReSharper.Plugins.FSharp.Tests.Features.FSharpStructureTest.Module - Top level 02 - In namespace" methodname="Module - Top level 02 - In namespace" classname="FSharpStructureTest" result="Passed" duration="0.037" asserts="0">
                    <output><![CDATA[ReSharper LogPath is: C:\Users\berej\AppData\Local\Temp\JetLogs\ReSharperTests\resharper.log
Per-Test LogPath is: C:\Users\berej\AppData\Local\Temp\JetLogs\ReSharperTests\FSharpStructureTest\Module - Top level 02 - In namespace.log

]]></output>
                  </test-case>
                  <test-case name="Namespace 01" fullname="JetBrains.ReSharper.Plugins.FSharp.Tests.Features.FSharpStructureTest.Namespace 01" methodname="Namespace 01" classname="FSharpStructureTest" result="Passed" duration="0.044" asserts="0">
                    <output><![CDATA[ReSharper LogPath is: C:\Users\berej\AppData\Local\Temp\JetLogs\ReSharperTests\resharper.log
Per-Test LogPath is: C:\Users\berej\AppData\Local\Temp\JetLogs\ReSharperTests\FSharpStructureTest\Namespace 01.log

]]></output>
                  </test-case>
                  <test-case name="Namespace 02 - Multiple" fullname="JetBrains.ReSharper.Plugins.FSharp.Tests.Features.FSharpStructureTest.Namespace 02 - Multiple" methodname="Namespace 02 - Multiple" classname="FSharpStructureTest" result="Passed" duration="0.037" asserts="0">
                    <output><![CDATA[ReSharper LogPath is: C:\Users\berej\AppData\Local\Temp\JetLogs\ReSharperTests\resharper.log
Per-Test LogPath is: C:\Users\berej\AppData\Local\Temp\JetLogs\ReSharperTests\FSharpStructureTest\Namespace 02 - Multiple.log

]]></output>
                  </test-case>
                  <test-case name="Record 01" fullname="JetBrains.ReSharper.Plugins.FSharp.Tests.Features.FSharpStructureTest.Record 01" methodname="Record 01" classname="FSharpStructureTest" result="Passed" duration="0.051" asserts="0">
                    <output><![CDATA[ReSharper LogPath is: C:\Users\berej\AppData\Local\Temp\JetLogs\ReSharperTests\resharper.log
Per-Test LogPath is: C:\Users\berej\AppData\Local\Temp\JetLogs\ReSharperTests\FSharpStructureTest\Record 01.log

]]></output>
                  </test-case>
                  <test-case name="Type Extension 01" fullname="JetBrains.ReSharper.Plugins.FSharp.Tests.Features.FSharpStructureTest.Type Extension 01" methodname="Type Extension 01" classname="FSharpStructureTest" result="Passed" duration="0.038" asserts="0">
                    <output><![CDATA[ReSharper LogPath is: C:\Users\berej\AppData\Local\Temp\JetLogs\ReSharperTests\resharper.log
Per-Test LogPath is: C:\Users\berej\AppData\Local\Temp\JetLogs\ReSharperTests\FSharpStructureTest\Type Extension 01.log

]]></output>
                  </test-case>
                  <test-case name="Union 01" fullname="JetBrains.ReSharper.Plugins.FSharp.Tests.Features.FSharpStructureTest.Union 01" methodname="Union 01" classname="FSharpStructureTest" result="Passed" duration="0.048" asserts="0">
                    <output><![CDATA[ReSharper LogPath is: C:\Users\berej\AppData\Local\Temp\JetLogs\ReSharperTests\resharper.log
Per-Test LogPath is: C:\Users\berej\AppData\Local\Temp\JetLogs\ReSharperTests\FSharpStructureTest\Union 01.log

]]></output>
                  </test-case>
                </test-suite>
                <test-suite type="TestFixture" name="GenerateMissingRecordFieldsAvailabilityTest" fullname="JetBrains.ReSharper.Plugins.FSharp.Tests.Features.GenerateMissingRecordFieldsAvailabilityTest" total="1" passed="1" failed="0" inconclusive="0" skipped="0" result="Passed" duration="0.125">
                  <test-case name="Empty function statement no-op" fullname="JetBrains.ReSharper.Plugins.FSharp.Tests.Features.GenerateMissingRecordFieldsAvailabilityTest.Empty function statement no-op" methodname="Empty function statement no-op" classname="GenerateMissingRecordFieldsAvailabilityTest" result="Passed" duration="0.125" asserts="0">
                    <properties>
                      <property name="Category" value="QuickFixes" />
                    </properties>
                    <output><![CDATA[ReSharper LogPath is: C:\Users\berej\AppData\Local\Temp\JetLogs\ReSharperTests\resharper.log
Per-Test LogPath is: C:\Users\berej\AppData\Local\Temp\JetLogs\ReSharperTests\GenerateMissingRecordFieldsAvailabilityTest\Empty function statement no-op.log

]]></output>
                  </test-case>
                </test-suite>
                <test-suite type="TestFixture" name="GenerateMissingRecordFieldsTest" fullname="JetBrains.ReSharper.Plugins.FSharp.Tests.Features.GenerateMissingRecordFieldsTest" total="12" passed="12" failed="0" inconclusive="0" skipped="0" result="Passed" duration="1.561">
                  <test-case name="Empty 01" fullname="JetBrains.ReSharper.Plugins.FSharp.Tests.Features.GenerateMissingRecordFieldsTest.Empty 01" methodname="Empty 01" classname="GenerateMissingRecordFieldsTest" result="Passed" duration="0.178" asserts="0">
                    <properties>
                      <property name="Category" value="QuickFixes" />
                    </properties>
                    <output><![CDATA[ReSharper LogPath is: C:\Users\berej\AppData\Local\Temp\JetLogs\ReSharperTests\resharper.log
Per-Test LogPath is: C:\Users\berej\AppData\Local\Temp\JetLogs\ReSharperTests\GenerateMissingRecordFieldsTest\Empty 01.log

]]></output>
                  </test-case>
                  <test-case name="Empty 02 - Space" fullname="JetBrains.ReSharper.Plugins.FSharp.Tests.Features.GenerateMissingRecordFieldsTest.Empty 02 - Space" methodname="Empty 02 - Space" classname="GenerateMissingRecordFieldsTest" result="Passed" duration="0.123" asserts="0">
                    <properties>
                      <property name="Category" value="QuickFixes" />
                    </properties>
                    <output><![CDATA[ReSharper LogPath is: C:\Users\berej\AppData\Local\Temp\JetLogs\ReSharperTests\resharper.log
Per-Test LogPath is: C:\Users\berej\AppData\Local\Temp\JetLogs\ReSharperTests\GenerateMissingRecordFieldsTest\Empty 02 - Space.log

]]></output>
                  </test-case>
                  <test-case name="Empty 03 - New line" fullname="JetBrains.ReSharper.Plugins.FSharp.Tests.Features.GenerateMissingRecordFieldsTest.Empty 03 - New line" methodname="Empty 03 - New line" classname="GenerateMissingRecordFieldsTest" result="Passed" duration="0.155" asserts="0">
                    <properties>
                      <property name="Category" value="QuickFixes" />
                    </properties>
                    <output><![CDATA[ReSharper LogPath is: C:\Users\berej\AppData\Local\Temp\JetLogs\ReSharperTests\resharper.log
Per-Test LogPath is: C:\Users\berej\AppData\Local\Temp\JetLogs\ReSharperTests\GenerateMissingRecordFieldsTest\Empty 03 - New line.log

]]></output>
                  </test-case>
                  <test-case name="Empty function" fullname="JetBrains.ReSharper.Plugins.FSharp.Tests.Features.GenerateMissingRecordFieldsTest.Empty function" methodname="Empty function" classname="GenerateMissingRecordFieldsTest" result="Passed" duration="0.144" asserts="0">
                    <properties>
                      <property name="Category" value="QuickFixes" />
                    </properties>
                    <output><![CDATA[ReSharper LogPath is: C:\Users\berej\AppData\Local\Temp\JetLogs\ReSharperTests\resharper.log
Per-Test LogPath is: C:\Users\berej\AppData\Local\Temp\JetLogs\ReSharperTests\GenerateMissingRecordFieldsTest\Empty function.log

]]></output>
                  </test-case>
                  <test-case name="Multiline 01" fullname="JetBrains.ReSharper.Plugins.FSharp.Tests.Features.GenerateMissingRecordFieldsTest.Multiline 01" methodname="Multiline 01" classname="GenerateMissingRecordFieldsTest" result="Passed" duration="0.151" asserts="0">
                    <properties>
                      <property name="Category" value="QuickFixes" />
                    </properties>
                    <output><![CDATA[ReSharper LogPath is: C:\Users\berej\AppData\Local\Temp\JetLogs\ReSharperTests\resharper.log
Per-Test LogPath is: C:\Users\berej\AppData\Local\Temp\JetLogs\ReSharperTests\GenerateMissingRecordFieldsTest\Multiline 01.log

]]></output>
                  </test-case>
                  <test-case name="Multiline 02" fullname="JetBrains.ReSharper.Plugins.FSharp.Tests.Features.GenerateMissingRecordFieldsTest.Multiline 02" methodname="Multiline 02" classname="GenerateMissingRecordFieldsTest" result="Passed" duration="0.142" asserts="0">
                    <properties>
                      <property name="Category" value="QuickFixes" />
                    </properties>
                    <output><![CDATA[ReSharper LogPath is: C:\Users\berej\AppData\Local\Temp\JetLogs\ReSharperTests\resharper.log
Per-Test LogPath is: C:\Users\berej\AppData\Local\Temp\JetLogs\ReSharperTests\GenerateMissingRecordFieldsTest\Multiline 02.log

]]></output>
                  </test-case>
                  <test-case name="Single line 01" fullname="JetBrains.ReSharper.Plugins.FSharp.Tests.Features.GenerateMissingRecordFieldsTest.Single line 01" methodname="Single line 01" classname="GenerateMissingRecordFieldsTest" result="Passed" duration="0.115" asserts="0">
                    <properties>
                      <property name="Category" value="QuickFixes" />
                    </properties>
                    <output><![CDATA[ReSharper LogPath is: C:\Users\berej\AppData\Local\Temp\JetLogs\ReSharperTests\resharper.log
Per-Test LogPath is: C:\Users\berej\AppData\Local\Temp\JetLogs\ReSharperTests\GenerateMissingRecordFieldsTest\Single line 01.log

]]></output>
                  </test-case>
                  <test-case name="Single line 02 - Semi" fullname="JetBrains.ReSharper.Plugins.FSharp.Tests.Features.GenerateMissingRecordFieldsTest.Single line 02 - Semi" methodname="Single line 02 - Semi" classname="GenerateMissingRecordFieldsTest" result="Passed" duration="0.107" asserts="0">
                    <properties>
                      <property name="Category" value="QuickFixes" />
                    </properties>
                    <output><![CDATA[ReSharper LogPath is: C:\Users\berej\AppData\Local\Temp\JetLogs\ReSharperTests\resharper.log
Per-Test LogPath is: C:\Users\berej\AppData\Local\Temp\JetLogs\ReSharperTests\GenerateMissingRecordFieldsTest\Single line 02 - Semi.log

]]></output>
                  </test-case>
                  <test-case name="Single line 03 - Spaces" fullname="JetBrains.ReSharper.Plugins.FSharp.Tests.Features.GenerateMissingRecordFieldsTest.Single line 03 - Spaces" methodname="Single line 03 - Spaces" classname="GenerateMissingRecordFieldsTest" result="Passed" duration="0.111" asserts="0">
                    <properties>
                      <property name="Category" value="QuickFixes" />
                    </properties>
                    <output><![CDATA[ReSharper LogPath is: C:\Users\berej\AppData\Local\Temp\JetLogs\ReSharperTests\resharper.log
Per-Test LogPath is: C:\Users\berej\AppData\Local\Temp\JetLogs\ReSharperTests\GenerateMissingRecordFieldsTest\Single line 03 - Spaces.log

]]></output>
                  </test-case>
                  <test-case name="Single line 04 - Add two fields" fullname="JetBrains.ReSharper.Plugins.FSharp.Tests.Features.GenerateMissingRecordFieldsTest.Single line 04 - Add two fields" methodname="Single line 04 - Add two fields" classname="GenerateMissingRecordFieldsTest" result="Passed" duration="0.114" asserts="0">
                    <properties>
                      <property name="Category" value="QuickFixes" />
                    </properties>
                    <output><![CDATA[ReSharper LogPath is: C:\Users\berej\AppData\Local\Temp\JetLogs\ReSharperTests\resharper.log
Per-Test LogPath is: C:\Users\berej\AppData\Local\Temp\JetLogs\ReSharperTests\GenerateMissingRecordFieldsTest\Single line 04 - Add two fields.log

]]></output>
                  </test-case>
                  <test-case name="Single line 05 - Name with spaces" fullname="JetBrains.ReSharper.Plugins.FSharp.Tests.Features.GenerateMissingRecordFieldsTest.Single line 05 - Name with spaces" methodname="Single line 05 - Name with spaces" classname="GenerateMissingRecordFieldsTest" result="Passed" duration="0.111" asserts="0">
                    <properties>
                      <property name="Category" value="QuickFixes" />
                    </properties>
                    <output><![CDATA[ReSharper LogPath is: C:\Users\berej\AppData\Local\Temp\JetLogs\ReSharperTests\resharper.log
Per-Test LogPath is: C:\Users\berej\AppData\Local\Temp\JetLogs\ReSharperTests\GenerateMissingRecordFieldsTest\Single line 05 - Name with spaces.log

]]></output>
                  </test-case>
                  <test-case name="Single line 06 - Convert to multiline" fullname="JetBrains.ReSharper.Plugins.FSharp.Tests.Features.GenerateMissingRecordFieldsTest.Single line 06 - Convert to multiline" methodname="Single line 06 - Convert to multiline" classname="GenerateMissingRecordFieldsTest" result="Passed" duration="0.11" asserts="0">
                    <properties>
                      <property name="Category" value="QuickFixes" />
                    </properties>
                    <output><![CDATA[ReSharper LogPath is: C:\Users\berej\AppData\Local\Temp\JetLogs\ReSharperTests\resharper.log
Per-Test LogPath is: C:\Users\berej\AppData\Local\Temp\JetLogs\ReSharperTests\GenerateMissingRecordFieldsTest\Single line 06 - Convert to multiline.log

]]></output>
                  </test-case>
                </test-suite>
                <test-suite type="TestFixture" name="IfToElifTest" fullname="JetBrains.ReSharper.Plugins.FSharp.Tests.Features.IfToElifTest" total="2" passed="2" failed="0" inconclusive="0" skipped="0" result="Passed" duration="0.11">
                  <test-case name="Simple 01" fullname="JetBrains.ReSharper.Plugins.FSharp.Tests.Features.IfToElifTest.Simple 01" methodname="Simple 01" classname="IfToElifTest" result="Passed" duration="0.077" asserts="0">
                    <output><![CDATA[ReSharper LogPath is: C:\Users\berej\AppData\Local\Temp\JetLogs\ReSharperTests\resharper.log
Per-Test LogPath is: C:\Users\berej\AppData\Local\Temp\JetLogs\ReSharperTests\IfToElifTest\Simple 01.log

]]></output>
                  </test-case>
                  <test-case name="Simple 02 - No spaces" fullname="JetBrains.ReSharper.Plugins.FSharp.Tests.Features.IfToElifTest.Simple 02 - No spaces" methodname="Simple 02 - No spaces" classname="IfToElifTest" result="Passed" duration="0.033" asserts="0">
                    <output><![CDATA[ReSharper LogPath is: C:\Users\berej\AppData\Local\Temp\JetLogs\ReSharperTests\resharper.log
Per-Test LogPath is: C:\Users\berej\AppData\Local\Temp\JetLogs\ReSharperTests\IfToElifTest\Simple 02 - No spaces.log

]]></output>
                  </test-case>
                </test-suite>
                <test-suite type="TestFixture" name="ImportTypeTest" fullname="JetBrains.ReSharper.Plugins.FSharp.Tests.Features.ImportTypeTest" total="17" passed="17" failed="0" inconclusive="0" skipped="0" result="Passed" duration="2.45">
                  <test-case name="Attribute 01" fullname="JetBrains.ReSharper.Plugins.FSharp.Tests.Features.ImportTypeTest.Attribute 01" methodname="Attribute 01" classname="ImportTypeTest" result="Passed" duration="0.271" asserts="0">
                    <properties>
                      <property name="Category" value="QuickFixes" />
                    </properties>
                    <output><![CDATA[ReSharper LogPath is: C:\Users\berej\AppData\Local\Temp\JetLogs\ReSharperTests\resharper.log
Per-Test LogPath is: C:\Users\berej\AppData\Local\Temp\JetLogs\ReSharperTests\ImportTypeTest\Attribute 01.log

]]></output>
                  </test-case>
                  <test-case name="Generic List 01" fullname="JetBrains.ReSharper.Plugins.FSharp.Tests.Features.ImportTypeTest.Generic List 01" methodname="Generic List 01" classname="ImportTypeTest" result="Passed" duration="0.153" asserts="0">
                    <properties>
                      <property name="Category" value="QuickFixes" />
                    </properties>
                    <output><![CDATA[ReSharper LogPath is: C:\Users\berej\AppData\Local\Temp\JetLogs\ReSharperTests\resharper.log
Per-Test LogPath is: C:\Users\berej\AppData\Local\Temp\JetLogs\ReSharperTests\ImportTypeTest\Generic List 01.log

]]></output>
                  </test-case>
                  <test-case name="Generic List 02" fullname="JetBrains.ReSharper.Plugins.FSharp.Tests.Features.ImportTypeTest.Generic List 02" methodname="Generic List 02" classname="ImportTypeTest" result="Passed" duration="0.135" asserts="0">
                    <properties>
                      <property name="Category" value="QuickFixes" />
                    </properties>
                    <output><![CDATA[ReSharper LogPath is: C:\Users\berej\AppData\Local\Temp\JetLogs\ReSharperTests\resharper.log
Per-Test LogPath is: C:\Users\berej\AppData\Local\Temp\JetLogs\ReSharperTests\ImportTypeTest\Generic List 02.log

]]></output>
                  </test-case>
                  <test-case name="Generic List 03" fullname="JetBrains.ReSharper.Plugins.FSharp.Tests.Features.ImportTypeTest.Generic List 03" methodname="Generic List 03" classname="ImportTypeTest" result="Passed" duration="0.134" asserts="0">
                    <properties>
                      <property name="Category" value="QuickFixes" />
                    </properties>
                    <output><![CDATA[ReSharper LogPath is: C:\Users\berej\AppData\Local\Temp\JetLogs\ReSharperTests\resharper.log
Per-Test LogPath is: C:\Users\berej\AppData\Local\Temp\JetLogs\ReSharperTests\ImportTypeTest\Generic List 03.log

]]></output>
                  </test-case>
                  <test-case name="Generic List 04" fullname="JetBrains.ReSharper.Plugins.FSharp.Tests.Features.ImportTypeTest.Generic List 04" methodname="Generic List 04" classname="ImportTypeTest" result="Passed" duration="0.14" asserts="0">
                    <properties>
                      <property name="Category" value="QuickFixes" />
                    </properties>
                    <output><![CDATA[ReSharper LogPath is: C:\Users\berej\AppData\Local\Temp\JetLogs\ReSharperTests\resharper.log
Per-Test LogPath is: C:\Users\berej\AppData\Local\Temp\JetLogs\ReSharperTests\ImportTypeTest\Generic List 04.log

]]></output>
                  </test-case>
                  <test-case name="Module name - Escaped 01" fullname="JetBrains.ReSharper.Plugins.FSharp.Tests.Features.ImportTypeTest.Module name - Escaped 01" methodname="Module name - Escaped 01" classname="ImportTypeTest" result="Passed" duration="0.129" asserts="0">
                    <properties>
                      <property name="Category" value="QuickFixes" />
                    </properties>
                    <output><![CDATA[ReSharper LogPath is: C:\Users\berej\AppData\Local\Temp\JetLogs\ReSharperTests\resharper.log
Per-Test LogPath is: C:\Users\berej\AppData\Local\Temp\JetLogs\ReSharperTests\ImportTypeTest\Module name - Escaped 01.log

]]></output>
                  </test-case>
                  <test-case name="Not available 01 - Open" fullname="JetBrains.ReSharper.Plugins.FSharp.Tests.Features.ImportTypeTest.Not available 01 - Open" methodname="Not available 01 - Open" classname="ImportTypeTest" result="Passed" duration="0.097" asserts="0">
                    <properties>
                      <property name="Category" value="QuickFixes" />
                    </properties>
                    <output><![CDATA[ReSharper LogPath is: C:\Users\berej\AppData\Local\Temp\JetLogs\ReSharperTests\resharper.log
Per-Test LogPath is: C:\Users\berej\AppData\Local\Temp\JetLogs\ReSharperTests\ImportTypeTest\Not available 01 - Open.log

]]></output>
                  </test-case>
                  <test-case name="Qualifiers - Expr - Imported 01" fullname="JetBrains.ReSharper.Plugins.FSharp.Tests.Features.ImportTypeTest.Qualifiers - Expr - Imported 01" methodname="Qualifiers - Expr - Imported 01" classname="ImportTypeTest" result="Passed" duration="0.135" asserts="0">
                    <properties>
                      <property name="Category" value="QuickFixes" />
                    </properties>
                    <output><![CDATA[ReSharper LogPath is: C:\Users\berej\AppData\Local\Temp\JetLogs\ReSharperTests\resharper.log
Per-Test LogPath is: C:\Users\berej\AppData\Local\Temp\JetLogs\ReSharperTests\ImportTypeTest\Qualifiers - Expr - Imported 01.log

]]></output>
                  </test-case>
                  <test-case name="Qualifiers - Expr - Imported 02 - Nested" fullname="JetBrains.ReSharper.Plugins.FSharp.Tests.Features.ImportTypeTest.Qualifiers - Expr - Imported 02 - Nested" methodname="Qualifiers - Expr - Imported 02 - Nested" classname="ImportTypeTest" result="Passed" duration="0.133" asserts="0">
                    <properties>
                      <property name="Category" value="QuickFixes" />
                    </properties>
                    <output><![CDATA[ReSharper LogPath is: C:\Users\berej\AppData\Local\Temp\JetLogs\ReSharperTests\resharper.log
Per-Test LogPath is: C:\Users\berej\AppData\Local\Temp\JetLogs\ReSharperTests\ImportTypeTest\Qualifiers - Expr - Imported 02 - Nested.log

]]></output>
                  </test-case>
                  <test-case name="Qualifiers - Expr 01" fullname="JetBrains.ReSharper.Plugins.FSharp.Tests.Features.ImportTypeTest.Qualifiers - Expr 01" methodname="Qualifiers - Expr 01" classname="ImportTypeTest" result="Passed" duration="0.135" asserts="0">
                    <properties>
                      <property name="Category" value="QuickFixes" />
                    </properties>
                    <output><![CDATA[ReSharper LogPath is: C:\Users\berej\AppData\Local\Temp\JetLogs\ReSharperTests\resharper.log
Per-Test LogPath is: C:\Users\berej\AppData\Local\Temp\JetLogs\ReSharperTests\ImportTypeTest\Qualifiers - Expr 01.log

]]></output>
                  </test-case>
                  <test-case name="Qualifiers - Expr 02 - Nested" fullname="JetBrains.ReSharper.Plugins.FSharp.Tests.Features.ImportTypeTest.Qualifiers - Expr 02 - Nested" methodname="Qualifiers - Expr 02 - Nested" classname="ImportTypeTest" result="Passed" duration="0.133" asserts="0">
                    <properties>
                      <property name="Category" value="QuickFixes" />
                    </properties>
                    <output><![CDATA[ReSharper LogPath is: C:\Users\berej\AppData\Local\Temp\JetLogs\ReSharperTests\resharper.log
Per-Test LogPath is: C:\Users\berej\AppData\Local\Temp\JetLogs\ReSharperTests\ImportTypeTest\Qualifiers - Expr 02 - Nested.log

]]></output>
                  </test-case>
                  <test-case name="Qualifiers - Reference name - Expression 01" fullname="JetBrains.ReSharper.Plugins.FSharp.Tests.Features.ImportTypeTest.Qualifiers - Reference name - Expression 01" methodname="Qualifiers - Reference name - Expression 01" classname="ImportTypeTest" result="Passed" duration="0.133" asserts="0">
                    <properties>
                      <property name="Category" value="QuickFixes" />
                    </properties>
                    <output><![CDATA[ReSharper LogPath is: C:\Users\berej\AppData\Local\Temp\JetLogs\ReSharperTests\resharper.log
Per-Test LogPath is: C:\Users\berej\AppData\Local\Temp\JetLogs\ReSharperTests\ImportTypeTest\Qualifiers - Reference name - Expression 01.log

]]></output>
                  </test-case>
                  <test-case name="Qualifiers - Reference name - Type 01" fullname="JetBrains.ReSharper.Plugins.FSharp.Tests.Features.ImportTypeTest.Qualifiers - Reference name - Type 01" methodname="Qualifiers - Reference name - Type 01" classname="ImportTypeTest" result="Passed" duration="0.132" asserts="0">
                    <properties>
                      <property name="Category" value="QuickFixes" />
                    </properties>
                    <output><![CDATA[ReSharper LogPath is: C:\Users\berej\AppData\Local\Temp\JetLogs\ReSharperTests\resharper.log
Per-Test LogPath is: C:\Users\berej\AppData\Local\Temp\JetLogs\ReSharperTests\ImportTypeTest\Qualifiers - Reference name - Type 01.log

]]></output>
                  </test-case>
                  <test-case name="Qualifiers - Type extension 01" fullname="JetBrains.ReSharper.Plugins.FSharp.Tests.Features.ImportTypeTest.Qualifiers - Type extension 01" methodname="Qualifiers - Type extension 01" classname="ImportTypeTest" result="Passed" duration="0.133" asserts="0">
                    <properties>
                      <property name="Category" value="QuickFixes" />
                    </properties>
                    <output><![CDATA[ReSharper LogPath is: C:\Users\berej\AppData\Local\Temp\JetLogs\ReSharperTests\resharper.log
Per-Test LogPath is: C:\Users\berej\AppData\Local\Temp\JetLogs\ReSharperTests\ImportTypeTest\Qualifiers - Type extension 01.log

]]></output>
                  </test-case>
                  <test-case name="Type 01" fullname="JetBrains.ReSharper.Plugins.FSharp.Tests.Features.ImportTypeTest.Type 01" methodname="Type 01" classname="ImportTypeTest" result="Passed" duration="0.137" asserts="0">
                    <properties>
                      <property name="Category" value="QuickFixes" />
                    </properties>
                    <output><![CDATA[ReSharper LogPath is: C:\Users\berej\AppData\Local\Temp\JetLogs\ReSharperTests\resharper.log
Per-Test LogPath is: C:\Users\berej\AppData\Local\Temp\JetLogs\ReSharperTests\ImportTypeTest\Type 01.log

]]></output>
                  </test-case>
                  <test-case name="Type arguments - Count 01" fullname="JetBrains.ReSharper.Plugins.FSharp.Tests.Features.ImportTypeTest.Type arguments - Count 01" methodname="Type arguments - Count 01" classname="ImportTypeTest" result="Passed" duration="0.196" asserts="0">
                    <properties>
                      <property name="Category" value="QuickFixes" />
                    </properties>
                    <output><![CDATA[ReSharper LogPath is: C:\Users\berej\AppData\Local\Temp\JetLogs\ReSharperTests\resharper.log
Per-Test LogPath is: C:\Users\berej\AppData\Local\Temp\JetLogs\ReSharperTests\ImportTypeTest\Type arguments - Count 01.log

]]></output>
                  </test-case>
                  <test-case name="Type extension 01" fullname="JetBrains.ReSharper.Plugins.FSharp.Tests.Features.ImportTypeTest.Type extension 01" methodname="Type extension 01" classname="ImportTypeTest" result="Passed" duration="0.124" asserts="0">
                    <properties>
                      <property name="Category" value="QuickFixes" />
                    </properties>
                    <output><![CDATA[ReSharper LogPath is: C:\Users\berej\AppData\Local\Temp\JetLogs\ReSharperTests\resharper.log
Per-Test LogPath is: C:\Users\berej\AppData\Local\Temp\JetLogs\ReSharperTests\ImportTypeTest\Type extension 01.log

]]></output>
                  </test-case>
                </test-suite>
                <test-suite type="TestFixture" name="IntroduceVarTest" fullname="JetBrains.ReSharper.Plugins.FSharp.Tests.Features.IntroduceVarTest" total="13" passed="13" failed="0" inconclusive="0" skipped="0" result="Passed" duration="1.395">
                  <test-case name="Do 01" fullname="JetBrains.ReSharper.Plugins.FSharp.Tests.Features.IntroduceVarTest.Do 01" methodname="Do 01" classname="IntroduceVarTest" result="Passed" duration="0.19" asserts="0">
                    <properties>
                      <property name="Category" value="QuickFixes" />
                    </properties>
                    <output><![CDATA[ReSharper LogPath is: C:\Users\berej\AppData\Local\Temp\JetLogs\ReSharperTests\resharper.log
Per-Test LogPath is: C:\Users\berej\AppData\Local\Temp\JetLogs\ReSharperTests\IntroduceVarTest\Do 01.log

]]></output>
                  </test-case>
                  <test-case name="For 01" fullname="JetBrains.ReSharper.Plugins.FSharp.Tests.Features.IntroduceVarTest.For 01" methodname="For 01" classname="IntroduceVarTest" result="Passed" duration="0.084" asserts="0">
                    <properties>
                      <property name="Category" value="QuickFixes" />
                    </properties>
                    <output><![CDATA[ReSharper LogPath is: C:\Users\berej\AppData\Local\Temp\JetLogs\ReSharperTests\resharper.log
Per-Test LogPath is: C:\Users\berej\AppData\Local\Temp\JetLogs\ReSharperTests\IntroduceVarTest\For 01.log

]]></output>
                  </test-case>
                  <test-case name="If 01" fullname="JetBrains.ReSharper.Plugins.FSharp.Tests.Features.IntroduceVarTest.If 01" methodname="If 01" classname="IntroduceVarTest" result="Passed" duration="0.082" asserts="0">
                    <properties>
                      <property name="Category" value="QuickFixes" />
                    </properties>
                    <output><![CDATA[ReSharper LogPath is: C:\Users\berej\AppData\Local\Temp\JetLogs\ReSharperTests\resharper.log
Per-Test LogPath is: C:\Users\berej\AppData\Local\Temp\JetLogs\ReSharperTests\IntroduceVarTest\If 01.log

]]></output>
                  </test-case>
                  <test-case name="Local - Seq - App 01" fullname="JetBrains.ReSharper.Plugins.FSharp.Tests.Features.IntroduceVarTest.Local - Seq - App 01" methodname="Local - Seq - App 01" classname="IntroduceVarTest" result="Passed" duration="0.114" asserts="0">
                    <properties>
                      <property name="Category" value="QuickFixes" />
                    </properties>
                    <output><![CDATA[ReSharper LogPath is: C:\Users\berej\AppData\Local\Temp\JetLogs\ReSharperTests\resharper.log
Per-Test LogPath is: C:\Users\berej\AppData\Local\Temp\JetLogs\ReSharperTests\IntroduceVarTest\Local - Seq - App 01.log

]]></output>
                  </test-case>
                  <test-case name="Local - Seq - Last 01" fullname="JetBrains.ReSharper.Plugins.FSharp.Tests.Features.IntroduceVarTest.Local - Seq - Last 01" methodname="Local - Seq - Last 01" classname="IntroduceVarTest" result="Passed" duration="0.088" asserts="0">
                    <properties>
                      <property name="Category" value="QuickFixes" />
                    </properties>
                    <output><![CDATA[ReSharper LogPath is: C:\Users\berej\AppData\Local\Temp\JetLogs\ReSharperTests\resharper.log
Per-Test LogPath is: C:\Users\berej\AppData\Local\Temp\JetLogs\ReSharperTests\IntroduceVarTest\Local - Seq - Last 01.log

]]></output>
                  </test-case>
                  <test-case name="Local - Seq - Multiline 01" fullname="JetBrains.ReSharper.Plugins.FSharp.Tests.Features.IntroduceVarTest.Local - Seq - Multiline 01" methodname="Local - Seq - Multiline 01" classname="IntroduceVarTest" result="Passed" duration="0.111" asserts="0">
                    <properties>
                      <property name="Category" value="QuickFixes" />
                    </properties>
                    <output><![CDATA[ReSharper LogPath is: C:\Users\berej\AppData\Local\Temp\JetLogs\ReSharperTests\resharper.log
Per-Test LogPath is: C:\Users\berej\AppData\Local\Temp\JetLogs\ReSharperTests\IntroduceVarTest\Local - Seq - Multiline 01.log

]]></output>
                  </test-case>
                  <test-case name="Local - Seq - Multiple occurrences 01" fullname="JetBrains.ReSharper.Plugins.FSharp.Tests.Features.IntroduceVarTest.Local - Seq - Multiple occurrences 01" methodname="Local - Seq - Multiple occurrences 01" classname="IntroduceVarTest" result="Passed" duration="0.08" asserts="0">
                    <properties>
                      <property name="Category" value="QuickFixes" />
                    </properties>
                    <output><![CDATA[ReSharper LogPath is: C:\Users\berej\AppData\Local\Temp\JetLogs\ReSharperTests\resharper.log
Per-Test LogPath is: C:\Users\berej\AppData\Local\Temp\JetLogs\ReSharperTests\IntroduceVarTest\Local - Seq - Multiple occurrences 01.log

]]></output>
                  </test-case>
                  <test-case name="Local - Seq - Record 01" fullname="JetBrains.ReSharper.Plugins.FSharp.Tests.Features.IntroduceVarTest.Local - Seq - Record 01" methodname="Local - Seq - Record 01" classname="IntroduceVarTest" result="Passed" duration="0.144" asserts="0">
                    <properties>
                      <property name="Category" value="QuickFixes" />
                    </properties>
                    <output><![CDATA[ReSharper LogPath is: C:\Users\berej\AppData\Local\Temp\JetLogs\ReSharperTests\resharper.log
Per-Test LogPath is: C:\Users\berej\AppData\Local\Temp\JetLogs\ReSharperTests\IntroduceVarTest\Local - Seq - Record 01.log

]]></output>
                  </test-case>
                  <test-case name="Local - Seq - Reference 01" fullname="JetBrains.ReSharper.Plugins.FSharp.Tests.Features.IntroduceVarTest.Local - Seq - Reference 01" methodname="Local - Seq - Reference 01" classname="IntroduceVarTest" result="Passed" duration="0.106" asserts="0">
                    <properties>
                      <property name="Category" value="QuickFixes" />
                    </properties>
                    <output><![CDATA[ReSharper LogPath is: C:\Users\berej\AppData\Local\Temp\JetLogs\ReSharperTests\resharper.log
Per-Test LogPath is: C:\Users\berej\AppData\Local\Temp\JetLogs\ReSharperTests\IntroduceVarTest\Local - Seq - Reference 01.log

]]></output>
                  </test-case>
                  <test-case name="Local - Seq - Reference 02 - Qualified" fullname="JetBrains.ReSharper.Plugins.FSharp.Tests.Features.IntroduceVarTest.Local - Seq - Reference 02 - Qualified" methodname="Local - Seq - Reference 02 - Qualified" classname="IntroduceVarTest" result="Passed" duration="0.114" asserts="0">
                    <properties>
                      <property name="Category" value="QuickFixes" />
                    </properties>
                    <output><![CDATA[ReSharper LogPath is: C:\Users\berej\AppData\Local\Temp\JetLogs\ReSharperTests\resharper.log
Per-Test LogPath is: C:\Users\berej\AppData\Local\Temp\JetLogs\ReSharperTests\IntroduceVarTest\Local - Seq - Reference 02 - Qualified.log

]]></output>
                  </test-case>
                  <test-case name="Local - Seq - Type test 01" fullname="JetBrains.ReSharper.Plugins.FSharp.Tests.Features.IntroduceVarTest.Local - Seq - Type test 01" methodname="Local - Seq - Type test 01" classname="IntroduceVarTest" result="Passed" duration="0.086" asserts="0">
                    <properties>
                      <property name="Category" value="QuickFixes" />
                    </properties>
                    <output><![CDATA[ReSharper LogPath is: C:\Users\berej\AppData\Local\Temp\JetLogs\ReSharperTests\resharper.log
Per-Test LogPath is: C:\Users\berej\AppData\Local\Temp\JetLogs\ReSharperTests\IntroduceVarTest\Local - Seq - Type test 01.log

]]></output>
                  </test-case>
                  <test-case name="Module - Do 01 - Implicit" fullname="JetBrains.ReSharper.Plugins.FSharp.Tests.Features.IntroduceVarTest.Module - Do 01 - Implicit" methodname="Module - Do 01 - Implicit" classname="IntroduceVarTest" result="Passed" duration="0.086" asserts="0">
                    <properties>
                      <property name="Category" value="QuickFixes" />
                    </properties>
                    <output><![CDATA[ReSharper LogPath is: C:\Users\berej\AppData\Local\Temp\JetLogs\ReSharperTests\resharper.log
Per-Test LogPath is: C:\Users\berej\AppData\Local\Temp\JetLogs\ReSharperTests\IntroduceVarTest\Module - Do 01 - Implicit.log

]]></output>
                  </test-case>
                  <test-case name="Module - Do 02 - Function" fullname="JetBrains.ReSharper.Plugins.FSharp.Tests.Features.IntroduceVarTest.Module - Do 02 - Function" methodname="Module - Do 02 - Function" classname="IntroduceVarTest" result="Passed" duration="0.11" asserts="0">
                    <properties>
                      <property name="Category" value="QuickFixes" />
                    </properties>
                    <output><![CDATA[ReSharper LogPath is: C:\Users\berej\AppData\Local\Temp\JetLogs\ReSharperTests\resharper.log
Per-Test LogPath is: C:\Users\berej\AppData\Local\Temp\JetLogs\ReSharperTests\IntroduceVarTest\Module - Do 02 - Function.log

]]></output>
                  </test-case>
                </test-suite>
                <test-suite type="TestFixture" name="InvertIfTest" fullname="JetBrains.ReSharper.Plugins.FSharp.Tests.Features.InvertIfTest" total="24" passed="23" failed="0" inconclusive="1" skipped="0" result="Passed" duration="0.99">
                  <test-case name="App - Not 01" fullname="JetBrains.ReSharper.Plugins.FSharp.Tests.Features.InvertIfTest.App - Not 01" methodname="App - Not 01" classname="InvertIfTest" result="Passed" duration="0.069" asserts="0">
                    <output><![CDATA[ReSharper LogPath is: C:\Users\berej\AppData\Local\Temp\JetLogs\ReSharperTests\resharper.log
Per-Test LogPath is: C:\Users\berej\AppData\Local\Temp\JetLogs\ReSharperTests\InvertIfTest\App - Not 01.log

]]></output>
                  </test-case>
                  <test-case name="App - Not 02 - Pipe right" fullname="JetBrains.ReSharper.Plugins.FSharp.Tests.Features.InvertIfTest.App - Not 02 - Pipe right" methodname="App - Not 02 - Pipe right" classname="InvertIfTest" result="Passed" duration="0.045" asserts="0">
                    <output><![CDATA[ReSharper LogPath is: C:\Users\berej\AppData\Local\Temp\JetLogs\ReSharperTests\resharper.log
Per-Test LogPath is: C:\Users\berej\AppData\Local\Temp\JetLogs\ReSharperTests\InvertIfTest\App - Not 02 - Pipe right.log

]]></output>
                  </test-case>
                  <test-case name="App - Not 03 - Pipe left" fullname="JetBrains.ReSharper.Plugins.FSharp.Tests.Features.InvertIfTest.App - Not 03 - Pipe left" methodname="App - Not 03 - Pipe left" classname="InvertIfTest" result="Passed" duration="0.054" asserts="0">
                    <output><![CDATA[ReSharper LogPath is: C:\Users\berej\AppData\Local\Temp\JetLogs\ReSharperTests\resharper.log
Per-Test LogPath is: C:\Users\berej\AppData\Local\Temp\JetLogs\ReSharperTests\InvertIfTest\App - Not 03 - Pipe left.log

]]></output>
                  </test-case>
                  <test-case name="App - Not 04 - Parens" fullname="JetBrains.ReSharper.Plugins.FSharp.Tests.Features.InvertIfTest.App - Not 04 - Parens" methodname="App - Not 04 - Parens" classname="InvertIfTest" result="Passed" duration="0.044" asserts="0">
                    <output><![CDATA[ReSharper LogPath is: C:\Users\berej\AppData\Local\Temp\JetLogs\ReSharperTests\resharper.log
Per-Test LogPath is: C:\Users\berej\AppData\Local\Temp\JetLogs\ReSharperTests\InvertIfTest\App - Not 04 - Parens.log

]]></output>
                  </test-case>
                  <test-case name="App 01" fullname="JetBrains.ReSharper.Plugins.FSharp.Tests.Features.InvertIfTest.App 01" methodname="App 01" classname="InvertIfTest" result="Passed" duration="0.04" asserts="0">
                    <output><![CDATA[ReSharper LogPath is: C:\Users\berej\AppData\Local\Temp\JetLogs\ReSharperTests\resharper.log
Per-Test LogPath is: C:\Users\berej\AppData\Local\Temp\JetLogs\ReSharperTests\InvertIfTest\App 01.log

]]></output>
                  </test-case>
                  <test-case name="App 02 - Parens" fullname="JetBrains.ReSharper.Plugins.FSharp.Tests.Features.InvertIfTest.App 02 - Parens" methodname="App 02 - Parens" classname="InvertIfTest" result="Passed" duration="0.045" asserts="0">
                    <output><![CDATA[ReSharper LogPath is: C:\Users\berej\AppData\Local\Temp\JetLogs\ReSharperTests\resharper.log
Per-Test LogPath is: C:\Users\berej\AppData\Local\Temp\JetLogs\ReSharperTests\InvertIfTest\App 02 - Parens.log

]]></output>
                  </test-case>
                  <test-case name="App 03 - Inside other expr" fullname="JetBrains.ReSharper.Plugins.FSharp.Tests.Features.InvertIfTest.App 03 - Inside other expr" methodname="App 03 - Inside other expr" classname="InvertIfTest" result="Passed" duration="0.052" asserts="0">
                    <output><![CDATA[ReSharper LogPath is: C:\Users\berej\AppData\Local\Temp\JetLogs\ReSharperTests\resharper.log
Per-Test LogPath is: C:\Users\berej\AppData\Local\Temp\JetLogs\ReSharperTests\InvertIfTest\App 03 - Inside other expr.log

]]></output>
                  </test-case>
                  <test-case name="Condition - If 01" fullname="JetBrains.ReSharper.Plugins.FSharp.Tests.Features.InvertIfTest.Condition - If 01" methodname="Condition - If 01" classname="InvertIfTest" result="Passed" duration="0.043" asserts="0">
                    <output><![CDATA[ReSharper LogPath is: C:\Users\berej\AppData\Local\Temp\JetLogs\ReSharperTests\resharper.log
Per-Test LogPath is: C:\Users\berej\AppData\Local\Temp\JetLogs\ReSharperTests\InvertIfTest\Condition - If 01.log

]]></output>
                  </test-case>
                  <test-case name="Deindent - Single line expressions 01" fullname="JetBrains.ReSharper.Plugins.FSharp.Tests.Features.InvertIfTest.Deindent - Single line expressions 01" methodname="Deindent - Single line expressions 01" classname="InvertIfTest" result="Passed" duration="0.037" asserts="0">
                    <output><![CDATA[ReSharper LogPath is: C:\Users\berej\AppData\Local\Temp\JetLogs\ReSharperTests\resharper.log
Per-Test LogPath is: C:\Users\berej\AppData\Local\Temp\JetLogs\ReSharperTests\InvertIfTest\Deindent - Single line expressions 01.log

]]></output>
                  </test-case>
                  <test-case name="Deindent - Single line expressions 02 - Comment" fullname="JetBrains.ReSharper.Plugins.FSharp.Tests.Features.InvertIfTest.Deindent - Single line expressions 02 - Comment" methodname="Deindent - Single line expressions 02 - Comment" classname="InvertIfTest" result="Inconclusive" duration="0" asserts="0">
                    <properties>
                      <property name="Explicit" value="" />
                    </properties>
                  </test-case>
                  <test-case name="Else - If 01" fullname="JetBrains.ReSharper.Plugins.FSharp.Tests.Features.InvertIfTest.Else - If 01" methodname="Else - If 01" classname="InvertIfTest" result="Passed" duration="0.045" asserts="0">
                    <output><![CDATA[ReSharper LogPath is: C:\Users\berej\AppData\Local\Temp\JetLogs\ReSharperTests\resharper.log
Per-Test LogPath is: C:\Users\berej\AppData\Local\Temp\JetLogs\ReSharperTests\InvertIfTest\Else - If 01.log

]]></output>
                  </test-case>
                  <test-case name="Else - If 02" fullname="JetBrains.ReSharper.Plugins.FSharp.Tests.Features.InvertIfTest.Else - If 02" methodname="Else - If 02" classname="InvertIfTest" result="Passed" duration="0.038" asserts="0">
                    <output><![CDATA[ReSharper LogPath is: C:\Users\berej\AppData\Local\Temp\JetLogs\ReSharperTests\resharper.log
Per-Test LogPath is: C:\Users\berej\AppData\Local\Temp\JetLogs\ReSharperTests\InvertIfTest\Else - If 02.log

]]></output>
                  </test-case>
                  <test-case name="Literal 01 - True" fullname="JetBrains.ReSharper.Plugins.FSharp.Tests.Features.InvertIfTest.Literal 01 - True" methodname="Literal 01 - True" classname="InvertIfTest" result="Passed" duration="0.041" asserts="0">
                    <output><![CDATA[ReSharper LogPath is: C:\Users\berej\AppData\Local\Temp\JetLogs\ReSharperTests\resharper.log
Per-Test LogPath is: C:\Users\berej\AppData\Local\Temp\JetLogs\ReSharperTests\InvertIfTest\Literal 01 - True.log

]]></output>
                  </test-case>
                  <test-case name="Literal 02 - False" fullname="JetBrains.ReSharper.Plugins.FSharp.Tests.Features.InvertIfTest.Literal 02 - False" methodname="Literal 02 - False" classname="InvertIfTest" result="Passed" duration="0.039" asserts="0">
                    <output><![CDATA[ReSharper LogPath is: C:\Users\berej\AppData\Local\Temp\JetLogs\ReSharperTests\resharper.log
Per-Test LogPath is: C:\Users\berej\AppData\Local\Temp\JetLogs\ReSharperTests\InvertIfTest\Literal 02 - False.log

]]></output>
                  </test-case>
                  <test-case name="Logic operators 01" fullname="JetBrains.ReSharper.Plugins.FSharp.Tests.Features.InvertIfTest.Logic operators 01" methodname="Logic operators 01" classname="InvertIfTest" result="Passed" duration="0.05" asserts="0">
                    <output><![CDATA[ReSharper LogPath is: C:\Users\berej\AppData\Local\Temp\JetLogs\ReSharperTests\resharper.log
Per-Test LogPath is: C:\Users\berej\AppData\Local\Temp\JetLogs\ReSharperTests\InvertIfTest\Logic operators 01.log

]]></output>
                  </test-case>
                  <test-case name="Reference 01" fullname="JetBrains.ReSharper.Plugins.FSharp.Tests.Features.InvertIfTest.Reference 01" methodname="Reference 01" classname="InvertIfTest" result="Passed" duration="0.033" asserts="0">
                    <output><![CDATA[ReSharper LogPath is: C:\Users\berej\AppData\Local\Temp\JetLogs\ReSharperTests\resharper.log
Per-Test LogPath is: C:\Users\berej\AppData\Local\Temp\JetLogs\ReSharperTests\InvertIfTest\Reference 01.log

]]></output>
                  </test-case>
                  <test-case name="Reference 02 - Parens" fullname="JetBrains.ReSharper.Plugins.FSharp.Tests.Features.InvertIfTest.Reference 02 - Parens" methodname="Reference 02 - Parens" classname="InvertIfTest" result="Passed" duration="0.037" asserts="0">
                    <output><![CDATA[ReSharper LogPath is: C:\Users\berej\AppData\Local\Temp\JetLogs\ReSharperTests\resharper.log
Per-Test LogPath is: C:\Users\berej\AppData\Local\Temp\JetLogs\ReSharperTests\InvertIfTest\Reference 02 - Parens.log

]]></output>
                  </test-case>
                  <test-case name="Reference 03 - Qualified" fullname="JetBrains.ReSharper.Plugins.FSharp.Tests.Features.InvertIfTest.Reference 03 - Qualified" methodname="Reference 03 - Qualified" classname="InvertIfTest" result="Passed" duration="0.045" asserts="0">
                    <output><![CDATA[ReSharper LogPath is: C:\Users\berej\AppData\Local\Temp\JetLogs\ReSharperTests\resharper.log
Per-Test LogPath is: C:\Users\berej\AppData\Local\Temp\JetLogs\ReSharperTests\InvertIfTest\Reference 03 - Qualified.log

]]></output>
                  </test-case>
                  <test-case name="Reference 04 - Qualified with method" fullname="JetBrains.ReSharper.Plugins.FSharp.Tests.Features.InvertIfTest.Reference 04 - Qualified with method" methodname="Reference 04 - Qualified with method" classname="InvertIfTest" result="Passed" duration="0.038" asserts="0">
                    <output><![CDATA[ReSharper LogPath is: C:\Users\berej\AppData\Local\Temp\JetLogs\ReSharperTests\resharper.log
Per-Test LogPath is: C:\Users\berej\AppData\Local\Temp\JetLogs\ReSharperTests\InvertIfTest\Reference 04 - Qualified with method.log

]]></output>
                  </test-case>
                  <test-case name="Single line expressions 01" fullname="JetBrains.ReSharper.Plugins.FSharp.Tests.Features.InvertIfTest.Single line expressions 01" methodname="Single line expressions 01" classname="InvertIfTest" result="Passed" duration="0.037" asserts="0">
                    <output><![CDATA[ReSharper LogPath is: C:\Users\berej\AppData\Local\Temp\JetLogs\ReSharperTests\resharper.log
Per-Test LogPath is: C:\Users\berej\AppData\Local\Temp\JetLogs\ReSharperTests\InvertIfTest\Single line expressions 01.log

]]></output>
                  </test-case>
                  <test-case name="Single line expressions 02 - App" fullname="JetBrains.ReSharper.Plugins.FSharp.Tests.Features.InvertIfTest.Single line expressions 02 - App" methodname="Single line expressions 02 - App" classname="InvertIfTest" result="Passed" duration="0.04" asserts="0">
                    <output><![CDATA[ReSharper LogPath is: C:\Users\berej\AppData\Local\Temp\JetLogs\ReSharperTests\resharper.log
Per-Test LogPath is: C:\Users\berej\AppData\Local\Temp\JetLogs\ReSharperTests\InvertIfTest\Single line expressions 02 - App.log

]]></output>
                  </test-case>
                  <test-case name="Single line expressions 03 - Typed" fullname="JetBrains.ReSharper.Plugins.FSharp.Tests.Features.InvertIfTest.Single line expressions 03 - Typed" methodname="Single line expressions 03 - Typed" classname="InvertIfTest" result="Passed" duration="0.036" asserts="0">
                    <output><![CDATA[ReSharper LogPath is: C:\Users\berej\AppData\Local\Temp\JetLogs\ReSharperTests\resharper.log
Per-Test LogPath is: C:\Users\berej\AppData\Local\Temp\JetLogs\ReSharperTests\InvertIfTest\Single line expressions 03 - Typed.log

]]></output>
                  </test-case>
                  <test-case name="Single line expressions 04 - Typed" fullname="JetBrains.ReSharper.Plugins.FSharp.Tests.Features.InvertIfTest.Single line expressions 04 - Typed" methodname="Single line expressions 04 - Typed" classname="InvertIfTest" result="Passed" duration="0.05" asserts="0">
                    <output><![CDATA[ReSharper LogPath is: C:\Users\berej\AppData\Local\Temp\JetLogs\ReSharperTests\resharper.log
Per-Test LogPath is: C:\Users\berej\AppData\Local\Temp\JetLogs\ReSharperTests\InvertIfTest\Single line expressions 04 - Typed.log

]]></output>
                  </test-case>
                  <test-case name="Single line expressions 05 - Lazy" fullname="JetBrains.ReSharper.Plugins.FSharp.Tests.Features.InvertIfTest.Single line expressions 05 - Lazy" methodname="Single line expressions 05 - Lazy" classname="InvertIfTest" result="Passed" duration="0.032" asserts="0">
                    <output><![CDATA[ReSharper LogPath is: C:\Users\berej\AppData\Local\Temp\JetLogs\ReSharperTests\resharper.log
Per-Test LogPath is: C:\Users\berej\AppData\Local\Temp\JetLogs\ReSharperTests\InvertIfTest\Single line expressions 05 - Lazy.log

]]></output>
                  </test-case>
                </test-suite>
                <test-suite type="TestFixture" name="IsFSharpAssemblyTest" fullname="JetBrains.ReSharper.Plugins.FSharp.Tests.Features.IsFSharpAssemblyTest" total="2" passed="2" failed="0" inconclusive="0" skipped="0" result="Passed" duration="0.062">
                  <test-case name="FSharpCore" fullname="JetBrains.ReSharper.Plugins.FSharp.Tests.Features.IsFSharpAssemblyTest.FSharpCore" methodname="FSharpCore" classname="IsFSharpAssemblyTest" result="Passed" duration="0.031" asserts="0">
                    <output><![CDATA[ReSharper LogPath is: C:\Users\berej\AppData\Local\Temp\JetLogs\ReSharperTests\resharper.log
Per-Test LogPath is: C:\Users\berej\AppData\Local\Temp\JetLogs\ReSharperTests\IsFSharpAssemblyTest\FSharpCore.log

]]></output>
                  </test-case>
                  <test-case name="mscorlib" fullname="JetBrains.ReSharper.Plugins.FSharp.Tests.Features.IsFSharpAssemblyTest.mscorlib" methodname="mscorlib" classname="IsFSharpAssemblyTest" result="Passed" duration="0.031" asserts="0">
                    <output><![CDATA[ReSharper LogPath is: C:\Users\berej\AppData\Local\Temp\JetLogs\ReSharperTests\resharper.log
Per-Test LogPath is: C:\Users\berej\AppData\Local\Temp\JetLogs\ReSharperTests\IsFSharpAssemblyTest\mscorlib.log

]]></output>
                  </test-case>
                </test-suite>
                <test-suite type="TestFixture" name="LetToUseAvailabilityTest" fullname="JetBrains.ReSharper.Plugins.FSharp.Tests.Features.LetToUseAvailabilityTest" total="2" passed="2" failed="0" inconclusive="0" skipped="0" result="Passed" duration="0.114">
                  <test-case name="Bindings 01" fullname="JetBrains.ReSharper.Plugins.FSharp.Tests.Features.LetToUseAvailabilityTest.Bindings 01" methodname="Bindings 01" classname="LetToUseAvailabilityTest" result="Passed" duration="0.076" asserts="0">
                    <output><![CDATA[ReSharper LogPath is: C:\Users\berej\AppData\Local\Temp\JetLogs\ReSharperTests\resharper.log
Per-Test LogPath is: C:\Users\berej\AppData\Local\Temp\JetLogs\ReSharperTests\LetToUseAvailabilityTest\Bindings 01.log

]]></output>
                  </test-case>
                  <test-case name="Module 01" fullname="JetBrains.ReSharper.Plugins.FSharp.Tests.Features.LetToUseAvailabilityTest.Module 01" methodname="Module 01" classname="LetToUseAvailabilityTest" result="Passed" duration="0.038" asserts="0">
                    <output><![CDATA[ReSharper LogPath is: C:\Users\berej\AppData\Local\Temp\JetLogs\ReSharperTests\resharper.log
Per-Test LogPath is: C:\Users\berej\AppData\Local\Temp\JetLogs\ReSharperTests\LetToUseAvailabilityTest\Module 01.log

]]></output>
                  </test-case>
                </test-suite>
                <test-suite type="TestFixture" name="LetToUseTest" fullname="JetBrains.ReSharper.Plugins.FSharp.Tests.Features.LetToUseTest" total="2" passed="2" failed="0" inconclusive="0" skipped="0" result="Passed" duration="0.123">
                  <test-case name="As 01" fullname="JetBrains.ReSharper.Plugins.FSharp.Tests.Features.LetToUseTest.As 01" methodname="As 01" classname="LetToUseTest" result="Passed" duration="0.066" asserts="0">
                    <output><![CDATA[ReSharper LogPath is: C:\Users\berej\AppData\Local\Temp\JetLogs\ReSharperTests\resharper.log
Per-Test LogPath is: C:\Users\berej\AppData\Local\Temp\JetLogs\ReSharperTests\LetToUseTest\As 01.log

]]></output>
                  </test-case>
                  <test-case name="Ref 01" fullname="JetBrains.ReSharper.Plugins.FSharp.Tests.Features.LetToUseTest.Ref 01" methodname="Ref 01" classname="LetToUseTest" result="Passed" duration="0.057" asserts="0">
                    <output><![CDATA[ReSharper LogPath is: C:\Users\berej\AppData\Local\Temp\JetLogs\ReSharperTests\resharper.log
Per-Test LogPath is: C:\Users\berej\AppData\Local\Temp\JetLogs\ReSharperTests\LetToUseTest\Ref 01.log

]]></output>
                  </test-case>
                </test-suite>
                <test-suite type="TestFixture" name="NameResolutionTest" fullname="JetBrains.ReSharper.Plugins.FSharp.Tests.Features.NameResolutionTest" total="8" passed="6" failed="0" inconclusive="2" skipped="0" result="Passed" duration="0.298">
                  <test-case name="Function 01 - Name of type" fullname="JetBrains.ReSharper.Plugins.FSharp.Tests.Features.NameResolutionTest.Function 01 - Name of type" methodname="Function 01 - Name of type" classname="NameResolutionTest" result="Passed" duration="0.085" asserts="0">
                    <output><![CDATA[ReSharper LogPath is: C:\Users\berej\AppData\Local\Temp\JetLogs\ReSharperTests\resharper.log
Per-Test LogPath is: C:\Users\berej\AppData\Local\Temp\JetLogs\ReSharperTests\NameResolutionTest\Function 01 - Name of type.log

]]></output>
                  </test-case>
                  <test-case name="Id 01 - Global" fullname="JetBrains.ReSharper.Plugins.FSharp.Tests.Features.NameResolutionTest.Id 01 - Global" methodname="Id 01 - Global" classname="NameResolutionTest" result="Passed" duration="0.042" asserts="0">
                    <output><![CDATA[ReSharper LogPath is: C:\Users\berej\AppData\Local\Temp\JetLogs\ReSharperTests\resharper.log
Per-Test LogPath is: C:\Users\berej\AppData\Local\Temp\JetLogs\ReSharperTests\NameResolutionTest\Id 01 - Global.log

]]></output>
                  </test-case>
                  <test-case name="Id 02 - Module member" fullname="JetBrains.ReSharper.Plugins.FSharp.Tests.Features.NameResolutionTest.Id 02 - Module member" methodname="Id 02 - Module member" classname="NameResolutionTest" result="Passed" duration="0.037" asserts="0">
                    <output><![CDATA[ReSharper LogPath is: C:\Users\berej\AppData\Local\Temp\JetLogs\ReSharperTests\resharper.log
Per-Test LogPath is: C:\Users\berej\AppData\Local\Temp\JetLogs\ReSharperTests\NameResolutionTest\Id 02 - Module member.log

]]></output>
                  </test-case>
                  <test-case name="Id 03 - Local" fullname="JetBrains.ReSharper.Plugins.FSharp.Tests.Features.NameResolutionTest.Id 03 - Local" methodname="Id 03 - Local" classname="NameResolutionTest" result="Passed" duration="0.041" asserts="0">
                    <output><![CDATA[ReSharper LogPath is: C:\Users\berej\AppData\Local\Temp\JetLogs\ReSharperTests\resharper.log
Per-Test LogPath is: C:\Users\berej\AppData\Local\Temp\JetLogs\ReSharperTests\NameResolutionTest\Id 03 - Local.log

]]></output>
                  </test-case>
                  <test-case name="Id 04 - Recursive" fullname="JetBrains.ReSharper.Plugins.FSharp.Tests.Features.NameResolutionTest.Id 04 - Recursive" methodname="Id 04 - Recursive" classname="NameResolutionTest" result="Passed" duration="0.035" asserts="0">
                    <output><![CDATA[ReSharper LogPath is: C:\Users\berej\AppData\Local\Temp\JetLogs\ReSharperTests\resharper.log
Per-Test LogPath is: C:\Users\berej\AppData\Local\Temp\JetLogs\ReSharperTests\NameResolutionTest\Id 04 - Recursive.log

]]></output>
                  </test-case>
                  <test-case name="Id 05 - Non-recursive" fullname="JetBrains.ReSharper.Plugins.FSharp.Tests.Features.NameResolutionTest.Id 05 - Non-recursive" methodname="Id 05 - Non-recursive" classname="NameResolutionTest" result="Inconclusive" duration="0" asserts="0">
                    <properties>
                      <property name="Explicit" value="" />
                    </properties>
                    <output><![CDATA[Bug in FCS, #7694
]]></output>
                  </test-case>
                  <test-case name="Id 06" fullname="JetBrains.ReSharper.Plugins.FSharp.Tests.Features.NameResolutionTest.Id 06" methodname="Id 06" classname="NameResolutionTest" result="Inconclusive" duration="0" asserts="0">
                    <properties>
                      <property name="Explicit" value="" />
                    </properties>
                    <output><![CDATA[Bug in FCS, #7694
]]></output>
                  </test-case>
                  <test-case name="Module 01" fullname="JetBrains.ReSharper.Plugins.FSharp.Tests.Features.NameResolutionTest.Module 01" methodname="Module 01" classname="NameResolutionTest" result="Passed" duration="0.058" asserts="0">
                    <output><![CDATA[ReSharper LogPath is: C:\Users\berej\AppData\Local\Temp\JetLogs\ReSharperTests\resharper.log
Per-Test LogPath is: C:\Users\berej\AppData\Local\Temp\JetLogs\ReSharperTests\NameResolutionTest\Module 01.log

]]></output>
                  </test-case>
                </test-suite>
                <test-suite type="TestFixture" name="NamespaceToModuleTest" fullname="JetBrains.ReSharper.Plugins.FSharp.Tests.Features.NamespaceToModuleTest" total="2" passed="2" failed="0" inconclusive="0" skipped="0" result="Passed" duration="0.18">
                  <test-case name="Global namespace" fullname="JetBrains.ReSharper.Plugins.FSharp.Tests.Features.NamespaceToModuleTest.Global namespace" methodname="Global namespace" classname="NamespaceToModuleTest" result="Passed" duration="0.101" asserts="0">
                    <properties>
                      <property name="Category" value="QuickFixes" />
                    </properties>
                    <output><![CDATA[ReSharper LogPath is: C:\Users\berej\AppData\Local\Temp\JetLogs\ReSharperTests\resharper.log
Per-Test LogPath is: C:\Users\berej\AppData\Local\Temp\JetLogs\ReSharperTests\NamespaceToModuleTest\Global namespace.log

]]></output>
                  </test-case>
                  <test-case name="Simple" fullname="JetBrains.ReSharper.Plugins.FSharp.Tests.Features.NamespaceToModuleTest.Simple" methodname="Simple" classname="NamespaceToModuleTest" result="Passed" duration="0.079" asserts="0">
                    <properties>
                      <property name="Category" value="QuickFixes" />
                    </properties>
                    <output><![CDATA[ReSharper LogPath is: C:\Users\berej\AppData\Local\Temp\JetLogs\ReSharperTests\resharper.log
Per-Test LogPath is: C:\Users\berej\AppData\Local\Temp\JetLogs\ReSharperTests\NamespaceToModuleTest\Simple.log

]]></output>
                  </test-case>
                </test-suite>
                <test-suite type="TestFixture" name="NegateIfConditionTest" fullname="JetBrains.ReSharper.Plugins.FSharp.Tests.Features.NegateIfConditionTest" total="5" passed="5" failed="0" inconclusive="0" skipped="0" result="Passed" duration="0.27">
                  <test-case name="Expr - = 01" fullname="JetBrains.ReSharper.Plugins.FSharp.Tests.Features.NegateIfConditionTest.Expr - = 01" methodname="Expr - = 01" classname="NegateIfConditionTest" result="Passed" duration="0.08" asserts="0">
                    <output><![CDATA[ReSharper LogPath is: C:\Users\berej\AppData\Local\Temp\JetLogs\ReSharperTests\resharper.log
Per-Test LogPath is: C:\Users\berej\AppData\Local\Temp\JetLogs\ReSharperTests\NegateIfConditionTest\Expr - = 01.log

]]></output>
                  </test-case>
                  <test-case name="Expr - = 02 - Not" fullname="JetBrains.ReSharper.Plugins.FSharp.Tests.Features.NegateIfConditionTest.Expr - = 02 - Not" methodname="Expr - = 02 - Not" classname="NegateIfConditionTest" result="Passed" duration="0.045" asserts="0">
                    <output><![CDATA[ReSharper LogPath is: C:\Users\berej\AppData\Local\Temp\JetLogs\ReSharperTests\resharper.log
Per-Test LogPath is: C:\Users\berej\AppData\Local\Temp\JetLogs\ReSharperTests\NegateIfConditionTest\Expr - = 02 - Not.log

]]></output>
                  </test-case>
                  <test-case name="Expr - = 03 - Nested" fullname="JetBrains.ReSharper.Plugins.FSharp.Tests.Features.NegateIfConditionTest.Expr - = 03 - Nested" methodname="Expr - = 03 - Nested" classname="NegateIfConditionTest" result="Passed" duration="0.05" asserts="0">
                    <output><![CDATA[ReSharper LogPath is: C:\Users\berej\AppData\Local\Temp\JetLogs\ReSharperTests\resharper.log
Per-Test LogPath is: C:\Users\berej\AppData\Local\Temp\JetLogs\ReSharperTests\NegateIfConditionTest\Expr - = 03 - Nested.log

]]></output>
                  </test-case>
                  <test-case name="If 01" fullname="JetBrains.ReSharper.Plugins.FSharp.Tests.Features.NegateIfConditionTest.If 01" methodname="If 01" classname="NegateIfConditionTest" result="Passed" duration="0.043" asserts="0">
                    <output><![CDATA[ReSharper LogPath is: C:\Users\berej\AppData\Local\Temp\JetLogs\ReSharperTests\resharper.log
Per-Test LogPath is: C:\Users\berej\AppData\Local\Temp\JetLogs\ReSharperTests\NegateIfConditionTest\If 01.log

]]></output>
                  </test-case>
                  <test-case name="If 02 - Separate lines" fullname="JetBrains.ReSharper.Plugins.FSharp.Tests.Features.NegateIfConditionTest.If 02 - Separate lines" methodname="If 02 - Separate lines" classname="NegateIfConditionTest" result="Passed" duration="0.052" asserts="0">
                    <output><![CDATA[ReSharper LogPath is: C:\Users\berej\AppData\Local\Temp\JetLogs\ReSharperTests\resharper.log
Per-Test LogPath is: C:\Users\berej\AppData\Local\Temp\JetLogs\ReSharperTests\NegateIfConditionTest\If 02 - Separate lines.log

]]></output>
                  </test-case>
                </test-suite>
                <test-suite type="TestFixture" name="NegateWhileConditionTest" fullname="JetBrains.ReSharper.Plugins.FSharp.Tests.Features.NegateWhileConditionTest" total="1" passed="1" failed="0" inconclusive="0" skipped="0" result="Passed" duration="0.05">
                  <test-case name="While 01" fullname="JetBrains.ReSharper.Plugins.FSharp.Tests.Features.NegateWhileConditionTest.While 01" methodname="While 01" classname="NegateWhileConditionTest" result="Passed" duration="0.05" asserts="0">
                    <output><![CDATA[ReSharper LogPath is: C:\Users\berej\AppData\Local\Temp\JetLogs\ReSharperTests\resharper.log
Per-Test LogPath is: C:\Users\berej\AppData\Local\Temp\JetLogs\ReSharperTests\NegateWhileConditionTest\While 01.log

]]></output>
                  </test-case>
                </test-suite>
                <test-suite type="TestFixture" name="RemoveInlineTest" fullname="JetBrains.ReSharper.Plugins.FSharp.Tests.Features.RemoveInlineTest" total="2" passed="2" failed="0" inconclusive="0" skipped="0" result="Passed" duration="0.209">
                  <test-case name="Simple 01" fullname="JetBrains.ReSharper.Plugins.FSharp.Tests.Features.RemoveInlineTest.Simple 01" methodname="Simple 01" classname="RemoveInlineTest" result="Passed" duration="0.118" asserts="0">
                    <properties>
                      <property name="Category" value="QuickFixes" />
                    </properties>
                    <output><![CDATA[ReSharper LogPath is: C:\Users\berej\AppData\Local\Temp\JetLogs\ReSharperTests\resharper.log
Per-Test LogPath is: C:\Users\berej\AppData\Local\Temp\JetLogs\ReSharperTests\RemoveInlineTest\Simple 01.log

]]></output>
                  </test-case>
                  <test-case name="Simple 02 - More space" fullname="JetBrains.ReSharper.Plugins.FSharp.Tests.Features.RemoveInlineTest.Simple 02 - More space" methodname="Simple 02 - More space" classname="RemoveInlineTest" result="Passed" duration="0.091" asserts="0">
                    <properties>
                      <property name="Category" value="QuickFixes" />
                    </properties>
                    <output><![CDATA[ReSharper LogPath is: C:\Users\berej\AppData\Local\Temp\JetLogs\ReSharperTests\resharper.log
Per-Test LogPath is: C:\Users\berej\AppData\Local\Temp\JetLogs\ReSharperTests\RemoveInlineTest\Simple 02 - More space.log

]]></output>
                  </test-case>
                </test-suite>
                <test-suite type="TestFixture" name="RemoveNeverMatchingRuleTest" fullname="JetBrains.ReSharper.Plugins.FSharp.Tests.Features.RemoveNeverMatchingRuleTest" total="10" passed="10" failed="0" inconclusive="0" skipped="0" result="Passed" duration="0.983">
                  <test-case name="Match expr - Multiple rules 01" fullname="JetBrains.ReSharper.Plugins.FSharp.Tests.Features.RemoveNeverMatchingRuleTest.Match expr - Multiple rules 01" methodname="Match expr - Multiple rules 01" classname="RemoveNeverMatchingRuleTest" result="Passed" duration="0.104" asserts="0">
                    <properties>
                      <property name="Category" value="QuickFixes" />
                    </properties>
                    <output><![CDATA[ReSharper LogPath is: C:\Users\berej\AppData\Local\Temp\JetLogs\ReSharperTests\resharper.log
Per-Test LogPath is: C:\Users\berej\AppData\Local\Temp\JetLogs\ReSharperTests\RemoveNeverMatchingRuleTest\Match expr - Multiple rules 01.log

]]></output>
                  </test-case>
                  <test-case name="Match expr - Multiple rules 02 - Comment" fullname="JetBrains.ReSharper.Plugins.FSharp.Tests.Features.RemoveNeverMatchingRuleTest.Match expr - Multiple rules 02 - Comment" methodname="Match expr - Multiple rules 02 - Comment" classname="RemoveNeverMatchingRuleTest" result="Passed" duration="0.085" asserts="0">
                    <properties>
                      <property name="Category" value="QuickFixes" />
                    </properties>
                    <output><![CDATA[ReSharper LogPath is: C:\Users\berej\AppData\Local\Temp\JetLogs\ReSharperTests\resharper.log
Per-Test LogPath is: C:\Users\berej\AppData\Local\Temp\JetLogs\ReSharperTests\RemoveNeverMatchingRuleTest\Match expr - Multiple rules 02 - Comment.log

]]></output>
                  </test-case>
                  <test-case name="Match expr - Multiple rules 03 - Single line" fullname="JetBrains.ReSharper.Plugins.FSharp.Tests.Features.RemoveNeverMatchingRuleTest.Match expr - Multiple rules 03 - Single line" methodname="Match expr - Multiple rules 03 - Single line" classname="RemoveNeverMatchingRuleTest" result="Passed" duration="0.093" asserts="0">
                    <properties>
                      <property name="Category" value="QuickFixes" />
                    </properties>
                    <output><![CDATA[ReSharper LogPath is: C:\Users\berej\AppData\Local\Temp\JetLogs\ReSharperTests\resharper.log
Per-Test LogPath is: C:\Users\berej\AppData\Local\Temp\JetLogs\ReSharperTests\RemoveNeverMatchingRuleTest\Match expr - Multiple rules 03 - Single line.log

]]></output>
                  </test-case>
                  <test-case name="Match expr - Multiple rules 04 - First clause on a line" fullname="JetBrains.ReSharper.Plugins.FSharp.Tests.Features.RemoveNeverMatchingRuleTest.Match expr - Multiple rules 04 - First clause on a line" methodname="Match expr - Multiple rules 04 - First clause on a line" classname="RemoveNeverMatchingRuleTest" result="Passed" duration="0.09" asserts="0">
                    <properties>
                      <property name="Category" value="QuickFixes" />
                    </properties>
                    <output><![CDATA[ReSharper LogPath is: C:\Users\berej\AppData\Local\Temp\JetLogs\ReSharperTests\resharper.log
Per-Test LogPath is: C:\Users\berej\AppData\Local\Temp\JetLogs\ReSharperTests\RemoveNeverMatchingRuleTest\Match expr - Multiple rules 04 - First clause on a line.log

]]></output>
                  </test-case>
                  <test-case name="Match expr - Single rule 01" fullname="JetBrains.ReSharper.Plugins.FSharp.Tests.Features.RemoveNeverMatchingRuleTest.Match expr - Single rule 01" methodname="Match expr - Single rule 01" classname="RemoveNeverMatchingRuleTest" result="Passed" duration="0.092" asserts="0">
                    <properties>
                      <property name="Category" value="QuickFixes" />
                    </properties>
                    <output><![CDATA[ReSharper LogPath is: C:\Users\berej\AppData\Local\Temp\JetLogs\ReSharperTests\resharper.log
Per-Test LogPath is: C:\Users\berej\AppData\Local\Temp\JetLogs\ReSharperTests\RemoveNeverMatchingRuleTest\Match expr - Single rule 01.log

]]></output>
                  </test-case>
                  <test-case name="Match expr - Single rule 02 - Comment" fullname="JetBrains.ReSharper.Plugins.FSharp.Tests.Features.RemoveNeverMatchingRuleTest.Match expr - Single rule 02 - Comment" methodname="Match expr - Single rule 02 - Comment" classname="RemoveNeverMatchingRuleTest" result="Passed" duration="0.087" asserts="0">
                    <properties>
                      <property name="Category" value="QuickFixes" />
                    </properties>
                    <output><![CDATA[ReSharper LogPath is: C:\Users\berej\AppData\Local\Temp\JetLogs\ReSharperTests\resharper.log
Per-Test LogPath is: C:\Users\berej\AppData\Local\Temp\JetLogs\ReSharperTests\RemoveNeverMatchingRuleTest\Match expr - Single rule 02 - Comment.log

]]></output>
                  </test-case>
                  <test-case name="Match lambda expr - Single rule 01" fullname="JetBrains.ReSharper.Plugins.FSharp.Tests.Features.RemoveNeverMatchingRuleTest.Match lambda expr - Single rule 01" methodname="Match lambda expr - Single rule 01" classname="RemoveNeverMatchingRuleTest" result="Passed" duration="0.09" asserts="0">
                    <properties>
                      <property name="Category" value="QuickFixes" />
                    </properties>
                    <output><![CDATA[ReSharper LogPath is: C:\Users\berej\AppData\Local\Temp\JetLogs\ReSharperTests\resharper.log
Per-Test LogPath is: C:\Users\berej\AppData\Local\Temp\JetLogs\ReSharperTests\RemoveNeverMatchingRuleTest\Match lambda expr - Single rule 01.log

]]></output>
                  </test-case>
                  <test-case name="Scoped 01 - Multiple match exprs" fullname="JetBrains.ReSharper.Plugins.FSharp.Tests.Features.RemoveNeverMatchingRuleTest.Scoped 01 - Multiple match exprs" methodname="Scoped 01 - Multiple match exprs" classname="RemoveNeverMatchingRuleTest" result="Passed" duration="0.129" asserts="0">
                    <properties>
                      <property name="Category" value="QuickFixes" />
                    </properties>
                    <output><![CDATA[ReSharper LogPath is: C:\Users\berej\AppData\Local\Temp\JetLogs\ReSharperTests\resharper.log
Per-Test LogPath is: C:\Users\berej\AppData\Local\Temp\JetLogs\ReSharperTests\RemoveNeverMatchingRuleTest\Scoped 01 - Multiple match exprs.log

]]></output>
                  </test-case>
                  <test-case name="Scoped 02 - Match expr and Try with expr" fullname="JetBrains.ReSharper.Plugins.FSharp.Tests.Features.RemoveNeverMatchingRuleTest.Scoped 02 - Match expr and Try with expr" methodname="Scoped 02 - Match expr and Try with expr" classname="RemoveNeverMatchingRuleTest" result="Passed" duration="0.119" asserts="0">
                    <properties>
                      <property name="Category" value="QuickFixes" />
                    </properties>
                    <output><![CDATA[ReSharper LogPath is: C:\Users\berej\AppData\Local\Temp\JetLogs\ReSharperTests\resharper.log
Per-Test LogPath is: C:\Users\berej\AppData\Local\Temp\JetLogs\ReSharperTests\RemoveNeverMatchingRuleTest\Scoped 02 - Match expr and Try with expr.log

]]></output>
                  </test-case>
                  <test-case name="Try with expr - Single rule 01" fullname="JetBrains.ReSharper.Plugins.FSharp.Tests.Features.RemoveNeverMatchingRuleTest.Try with expr - Single rule 01" methodname="Try with expr - Single rule 01" classname="RemoveNeverMatchingRuleTest" result="Passed" duration="0.094" asserts="0">
                    <properties>
                      <property name="Category" value="QuickFixes" />
                    </properties>
                    <output><![CDATA[ReSharper LogPath is: C:\Users\berej\AppData\Local\Temp\JetLogs\ReSharperTests\resharper.log
Per-Test LogPath is: C:\Users\berej\AppData\Local\Temp\JetLogs\ReSharperTests\RemoveNeverMatchingRuleTest\Try with expr - Single rule 01.log

]]></output>
                  </test-case>
                </test-suite>
                <test-suite type="TestFixture" name="RemoveRedundantAttributeParensTest" fullname="JetBrains.ReSharper.Plugins.FSharp.Tests.Features.RemoveRedundantAttributeParensTest" total="3" passed="3" failed="0" inconclusive="0" skipped="0" result="Passed" duration="0.283">
                  <test-case name="Type 01 - Single attribute" fullname="JetBrains.ReSharper.Plugins.FSharp.Tests.Features.RemoveRedundantAttributeParensTest.Type 01 - Single attribute" methodname="Type 01 - Single attribute" classname="RemoveRedundantAttributeParensTest" result="Passed" duration="0.098" asserts="0">
                    <properties>
                      <property name="Category" value="QuickFixes" />
                    </properties>
                    <output><![CDATA[ReSharper LogPath is: C:\Users\berej\AppData\Local\Temp\JetLogs\ReSharperTests\resharper.log
Per-Test LogPath is: C:\Users\berej\AppData\Local\Temp\JetLogs\ReSharperTests\RemoveRedundantAttributeParensTest\Type 01 - Single attribute.log

]]></output>
                  </test-case>
                  <test-case name="Type 02 - Multiple attributes" fullname="JetBrains.ReSharper.Plugins.FSharp.Tests.Features.RemoveRedundantAttributeParensTest.Type 02 - Multiple attributes" methodname="Type 02 - Multiple attributes" classname="RemoveRedundantAttributeParensTest" result="Passed" duration="0.097" asserts="0">
                    <properties>
                      <property name="Category" value="QuickFixes" />
                    </properties>
                    <output><![CDATA[ReSharper LogPath is: C:\Users\berej\AppData\Local\Temp\JetLogs\ReSharperTests\resharper.log
Per-Test LogPath is: C:\Users\berej\AppData\Local\Temp\JetLogs\ReSharperTests\RemoveRedundantAttributeParensTest\Type 02 - Multiple attributes.log

]]></output>
                  </test-case>
                  <test-case name="Type 03 - Target attribute" fullname="JetBrains.ReSharper.Plugins.FSharp.Tests.Features.RemoveRedundantAttributeParensTest.Type 03 - Target attribute" methodname="Type 03 - Target attribute" classname="RemoveRedundantAttributeParensTest" result="Passed" duration="0.088" asserts="0">
                    <properties>
                      <property name="Category" value="QuickFixes" />
                    </properties>
                    <output><![CDATA[ReSharper LogPath is: C:\Users\berej\AppData\Local\Temp\JetLogs\ReSharperTests\resharper.log
Per-Test LogPath is: C:\Users\berej\AppData\Local\Temp\JetLogs\ReSharperTests\RemoveRedundantAttributeParensTest\Type 03 - Target attribute.log

]]></output>
                  </test-case>
                </test-suite>
                <test-suite type="TestFixture" name="RemoveRedundantAttributeSuffixTest" fullname="JetBrains.ReSharper.Plugins.FSharp.Tests.Features.RemoveRedundantAttributeSuffixTest" total="3" passed="3" failed="0" inconclusive="0" skipped="0" result="Passed" duration="0.357">
                  <test-case name="Multiple attributes 01" fullname="JetBrains.ReSharper.Plugins.FSharp.Tests.Features.RemoveRedundantAttributeSuffixTest.Multiple attributes 01" methodname="Multiple attributes 01" classname="RemoveRedundantAttributeSuffixTest" result="Passed" duration="0.134" asserts="0">
                    <properties>
                      <property name="Category" value="QuickFixes" />
                    </properties>
                    <output><![CDATA[ReSharper LogPath is: C:\Users\berej\AppData\Local\Temp\JetLogs\ReSharperTests\resharper.log
Per-Test LogPath is: C:\Users\berej\AppData\Local\Temp\JetLogs\ReSharperTests\RemoveRedundantAttributeSuffixTest\Multiple attributes 01.log

]]></output>
                  </test-case>
                  <test-case name="Single attribute 01" fullname="JetBrains.ReSharper.Plugins.FSharp.Tests.Features.RemoveRedundantAttributeSuffixTest.Single attribute 01" methodname="Single attribute 01" classname="RemoveRedundantAttributeSuffixTest" result="Passed" duration="0.114" asserts="0">
                    <properties>
                      <property name="Category" value="QuickFixes" />
                    </properties>
                    <output><![CDATA[ReSharper LogPath is: C:\Users\berej\AppData\Local\Temp\JetLogs\ReSharperTests\resharper.log
Per-Test LogPath is: C:\Users\berej\AppData\Local\Temp\JetLogs\ReSharperTests\RemoveRedundantAttributeSuffixTest\Single attribute 01.log

]]></output>
                  </test-case>
                  <test-case name="Single attribute 02 - With target and constructor" fullname="JetBrains.ReSharper.Plugins.FSharp.Tests.Features.RemoveRedundantAttributeSuffixTest.Single attribute 02 - With target and constructor" methodname="Single attribute 02 - With target and constructor" classname="RemoveRedundantAttributeSuffixTest" result="Passed" duration="0.109" asserts="0">
                    <properties>
                      <property name="Category" value="QuickFixes" />
                    </properties>
                    <output><![CDATA[ReSharper LogPath is: C:\Users\berej\AppData\Local\Temp\JetLogs\ReSharperTests\resharper.log
Per-Test LogPath is: C:\Users\berej\AppData\Local\Temp\JetLogs\ReSharperTests\RemoveRedundantAttributeSuffixTest\Single attribute 02 - With target and constructor.log

]]></output>
                  </test-case>
                </test-suite>
                <test-suite type="TestFixture" name="RemoveRedundantBackticksTest" fullname="JetBrains.ReSharper.Plugins.FSharp.Tests.Features.RemoveRedundantBackticksTest" total="2" passed="2" failed="0" inconclusive="0" skipped="0" result="Passed" duration="0.192">
                  <test-case name="Keyword 01" fullname="JetBrains.ReSharper.Plugins.FSharp.Tests.Features.RemoveRedundantBackticksTest.Keyword 01" methodname="Keyword 01" classname="RemoveRedundantBackticksTest" result="Passed" duration="0.103" asserts="0">
                    <properties>
                      <property name="Category" value="QuickFixes" />
                    </properties>
                    <output><![CDATA[ReSharper LogPath is: C:\Users\berej\AppData\Local\Temp\JetLogs\ReSharperTests\resharper.log
Per-Test LogPath is: C:\Users\berej\AppData\Local\Temp\JetLogs\ReSharperTests\RemoveRedundantBackticksTest\Keyword 01.log

]]></output>
                  </test-case>
                  <test-case name="Simple 01" fullname="JetBrains.ReSharper.Plugins.FSharp.Tests.Features.RemoveRedundantBackticksTest.Simple 01" methodname="Simple 01" classname="RemoveRedundantBackticksTest" result="Passed" duration="0.089" asserts="0">
                    <properties>
                      <property name="Category" value="QuickFixes" />
                    </properties>
                    <output><![CDATA[ReSharper LogPath is: C:\Users\berej\AppData\Local\Temp\JetLogs\ReSharperTests\resharper.log
Per-Test LogPath is: C:\Users\berej\AppData\Local\Temp\JetLogs\ReSharperTests\RemoveRedundantBackticksTest\Simple 01.log

]]></output>
                  </test-case>
                </test-suite>
                <test-suite type="TestFixture" name="RemoveRedundantNewAvailabilityTest" fullname="JetBrains.ReSharper.Plugins.FSharp.Tests.Features.RemoveRedundantNewAvailabilityTest" total="5" passed="5" failed="0" inconclusive="0" skipped="0" result="Passed" duration="0.584">
                  <test-case name="Function 01 - String, not available" fullname="JetBrains.ReSharper.Plugins.FSharp.Tests.Features.RemoveRedundantNewAvailabilityTest.Function 01 - String, not available" methodname="Function 01 - String, not available" classname="RemoveRedundantNewAvailabilityTest" result="Passed" duration="0.132" asserts="0">
                    <properties>
                      <property name="Category" value="QuickFixes" />
                    </properties>
                    <output><![CDATA[ReSharper LogPath is: C:\Users\berej\AppData\Local\Temp\JetLogs\ReSharperTests\resharper.log
Per-Test LogPath is: C:\Users\berej\AppData\Local\Temp\JetLogs\ReSharperTests\RemoveRedundantNewAvailabilityTest\Function 01 - String, not available.log

]]></output>
                  </test-case>
                  <test-case name="Function 02 - Qualified name" fullname="JetBrains.ReSharper.Plugins.FSharp.Tests.Features.RemoveRedundantNewAvailabilityTest.Function 02 - Qualified name" methodname="Function 02 - Qualified name" classname="RemoveRedundantNewAvailabilityTest" result="Passed" duration="0.11" asserts="0">
                    <properties>
                      <property name="Category" value="QuickFixes" />
                    </properties>
                    <output><![CDATA[ReSharper LogPath is: C:\Users\berej\AppData\Local\Temp\JetLogs\ReSharperTests\resharper.log
Per-Test LogPath is: C:\Users\berej\AppData\Local\Temp\JetLogs\ReSharperTests\RemoveRedundantNewAvailabilityTest\Function 02 - Qualified name.log

]]></output>
                  </test-case>
                  <test-case name="String 01 - Type" fullname="JetBrains.ReSharper.Plugins.FSharp.Tests.Features.RemoveRedundantNewAvailabilityTest.String 01 - Type" methodname="String 01 - Type" classname="RemoveRedundantNewAvailabilityTest" result="Passed" duration="0.12" asserts="0">
                    <properties>
                      <property name="Category" value="QuickFixes" />
                    </properties>
                    <output><![CDATA[ReSharper LogPath is: C:\Users\berej\AppData\Local\Temp\JetLogs\ReSharperTests\resharper.log
Per-Test LogPath is: C:\Users\berej\AppData\Local\Temp\JetLogs\ReSharperTests\RemoveRedundantNewAvailabilityTest\String 01 - Type.log

]]></output>
                  </test-case>
                  <test-case name="String 02 - Type, qualified" fullname="JetBrains.ReSharper.Plugins.FSharp.Tests.Features.RemoveRedundantNewAvailabilityTest.String 02 - Type, qualified" methodname="String 02 - Type, qualified" classname="RemoveRedundantNewAvailabilityTest" result="Passed" duration="0.111" asserts="0">
                    <properties>
                      <property name="Category" value="QuickFixes" />
                    </properties>
                    <output><![CDATA[ReSharper LogPath is: C:\Users\berej\AppData\Local\Temp\JetLogs\ReSharperTests\resharper.log
Per-Test LogPath is: C:\Users\berej\AppData\Local\Temp\JetLogs\ReSharperTests\RemoveRedundantNewAvailabilityTest\String 02 - Type, qualified.log

]]></output>
                  </test-case>
                  <test-case name="String 03 - Redefined type" fullname="JetBrains.ReSharper.Plugins.FSharp.Tests.Features.RemoveRedundantNewAvailabilityTest.String 03 - Redefined type" methodname="String 03 - Redefined type" classname="RemoveRedundantNewAvailabilityTest" result="Passed" duration="0.111" asserts="0">
                    <properties>
                      <property name="Category" value="QuickFixes" />
                    </properties>
                    <output><![CDATA[ReSharper LogPath is: C:\Users\berej\AppData\Local\Temp\JetLogs\ReSharperTests\resharper.log
Per-Test LogPath is: C:\Users\berej\AppData\Local\Temp\JetLogs\ReSharperTests\RemoveRedundantNewAvailabilityTest\String 03 - Redefined type.log

]]></output>
                  </test-case>
                </test-suite>
                <test-suite type="TestFixture" name="RemoveRedundantNewTest" fullname="JetBrains.ReSharper.Plugins.FSharp.Tests.Features.RemoveRedundantNewTest" total="2" passed="2" failed="0" inconclusive="0" skipped="0" result="Passed" duration="0.25">
                  <test-case name="Simple 01" fullname="JetBrains.ReSharper.Plugins.FSharp.Tests.Features.RemoveRedundantNewTest.Simple 01" methodname="Simple 01" classname="RemoveRedundantNewTest" result="Passed" duration="0.13" asserts="0">
                    <properties>
                      <property name="Category" value="QuickFixes" />
                    </properties>
                    <output><![CDATA[ReSharper LogPath is: C:\Users\berej\AppData\Local\Temp\JetLogs\ReSharperTests\resharper.log
Per-Test LogPath is: C:\Users\berej\AppData\Local\Temp\JetLogs\ReSharperTests\RemoveRedundantNewTest\Simple 01.log

]]></output>
                  </test-case>
                  <test-case name="Simple 02 - Type args" fullname="JetBrains.ReSharper.Plugins.FSharp.Tests.Features.RemoveRedundantNewTest.Simple 02 - Type args" methodname="Simple 02 - Type args" classname="RemoveRedundantNewTest" result="Passed" duration="0.12" asserts="0">
                    <properties>
                      <property name="Category" value="QuickFixes" />
                    </properties>
                    <output><![CDATA[ReSharper LogPath is: C:\Users\berej\AppData\Local\Temp\JetLogs\ReSharperTests\resharper.log
Per-Test LogPath is: C:\Users\berej\AppData\Local\Temp\JetLogs\ReSharperTests\RemoveRedundantNewTest\Simple 02 - Type args.log

]]></output>
                  </test-case>
                </test-suite>
                <test-suite type="TestFixture" name="RemoveRedundantParenExprTest" fullname="JetBrains.ReSharper.Plugins.FSharp.Tests.Features.RemoveRedundantParenExprTest" total="5" passed="5" failed="0" inconclusive="0" skipped="0" result="Passed" duration="0.461">
                  <test-case name="App - Multiline 01" fullname="JetBrains.ReSharper.Plugins.FSharp.Tests.Features.RemoveRedundantParenExprTest.App - Multiline 01" methodname="App - Multiline 01" classname="RemoveRedundantParenExprTest" result="Passed" duration="0.098" asserts="0">
                    <properties>
                      <property name="Category" value="QuickFixes" />
                    </properties>
                    <output><![CDATA[ReSharper LogPath is: C:\Users\berej\AppData\Local\Temp\JetLogs\ReSharperTests\resharper.log
Per-Test LogPath is: C:\Users\berej\AppData\Local\Temp\JetLogs\ReSharperTests\RemoveRedundantParenExprTest\App - Multiline 01.log

]]></output>
                  </test-case>
                  <test-case name="App - Multiline 02 - Binary" fullname="JetBrains.ReSharper.Plugins.FSharp.Tests.Features.RemoveRedundantParenExprTest.App - Multiline 02 - Binary" methodname="App - Multiline 02 - Binary" classname="RemoveRedundantParenExprTest" result="Passed" duration="0.095" asserts="0">
                    <properties>
                      <property name="Category" value="QuickFixes" />
                    </properties>
                    <output><![CDATA[ReSharper LogPath is: C:\Users\berej\AppData\Local\Temp\JetLogs\ReSharperTests\resharper.log
Per-Test LogPath is: C:\Users\berej\AppData\Local\Temp\JetLogs\ReSharperTests\RemoveRedundantParenExprTest\App - Multiline 02 - Binary.log

]]></output>
                  </test-case>
                  <test-case name="App - Multiline 03 - Deindent" fullname="JetBrains.ReSharper.Plugins.FSharp.Tests.Features.RemoveRedundantParenExprTest.App - Multiline 03 - Deindent" methodname="App - Multiline 03 - Deindent" classname="RemoveRedundantParenExprTest" result="Passed" duration="0.084" asserts="0">
                    <properties>
                      <property name="Category" value="QuickFixes" />
                    </properties>
                    <output><![CDATA[ReSharper LogPath is: C:\Users\berej\AppData\Local\Temp\JetLogs\ReSharperTests\resharper.log
Per-Test LogPath is: C:\Users\berej\AppData\Local\Temp\JetLogs\ReSharperTests\RemoveRedundantParenExprTest\App - Multiline 03 - Deindent.log

]]></output>
                  </test-case>
                  <test-case name="App 01" fullname="JetBrains.ReSharper.Plugins.FSharp.Tests.Features.RemoveRedundantParenExprTest.App 01" methodname="App 01" classname="RemoveRedundantParenExprTest" result="Passed" duration="0.097" asserts="0">
                    <properties>
                      <property name="Category" value="QuickFixes" />
                    </properties>
                    <output><![CDATA[ReSharper LogPath is: C:\Users\berej\AppData\Local\Temp\JetLogs\ReSharperTests\resharper.log
Per-Test LogPath is: C:\Users\berej\AppData\Local\Temp\JetLogs\ReSharperTests\RemoveRedundantParenExprTest\App 01.log

]]></output>
                  </test-case>
                  <test-case name="App 02 - Spaces" fullname="JetBrains.ReSharper.Plugins.FSharp.Tests.Features.RemoveRedundantParenExprTest.App 02 - Spaces" methodname="App 02 - Spaces" classname="RemoveRedundantParenExprTest" result="Passed" duration="0.087" asserts="0">
                    <properties>
                      <property name="Category" value="QuickFixes" />
                    </properties>
                    <output><![CDATA[ReSharper LogPath is: C:\Users\berej\AppData\Local\Temp\JetLogs\ReSharperTests\resharper.log
Per-Test LogPath is: C:\Users\berej\AppData\Local\Temp\JetLogs\ReSharperTests\RemoveRedundantParenExprTest\App 02 - Spaces.log

]]></output>
                  </test-case>
                </test-suite>
                <test-suite type="TestFixture" name="RemoveRedundantQualifierTest" fullname="JetBrains.ReSharper.Plugins.FSharp.Tests.Features.RemoveRedundantQualifierTest" total="4" passed="4" failed="0" inconclusive="0" skipped="0" result="Passed" duration="0.523">
                  <test-case name="Multiple 01" fullname="JetBrains.ReSharper.Plugins.FSharp.Tests.Features.RemoveRedundantQualifierTest.Multiple 01" methodname="Multiple 01" classname="RemoveRedundantQualifierTest" result="Passed" duration="0.213" asserts="0">
                    <properties>
                      <property name="Category" value="QuickFixes" />
                    </properties>
                    <output><![CDATA[ReSharper LogPath is: C:\Users\berej\AppData\Local\Temp\JetLogs\ReSharperTests\resharper.log
Per-Test LogPath is: C:\Users\berej\AppData\Local\Temp\JetLogs\ReSharperTests\RemoveRedundantQualifierTest\Multiple 01.log

]]></output>
                  </test-case>
                  <test-case name="Reference expr 01" fullname="JetBrains.ReSharper.Plugins.FSharp.Tests.Features.RemoveRedundantQualifierTest.Reference expr 01" methodname="Reference expr 01" classname="RemoveRedundantQualifierTest" result="Passed" duration="0.095" asserts="0">
                    <properties>
                      <property name="Category" value="QuickFixes" />
                    </properties>
                    <output><![CDATA[ReSharper LogPath is: C:\Users\berej\AppData\Local\Temp\JetLogs\ReSharperTests\resharper.log
Per-Test LogPath is: C:\Users\berej\AppData\Local\Temp\JetLogs\ReSharperTests\RemoveRedundantQualifierTest\Reference expr 01.log

]]></output>
                  </test-case>
                  <test-case name="Reference name 01" fullname="JetBrains.ReSharper.Plugins.FSharp.Tests.Features.RemoveRedundantQualifierTest.Reference name 01" methodname="Reference name 01" classname="RemoveRedundantQualifierTest" result="Passed" duration="0.101" asserts="0">
                    <properties>
                      <property name="Category" value="QuickFixes" />
                    </properties>
                    <output><![CDATA[ReSharper LogPath is: C:\Users\berej\AppData\Local\Temp\JetLogs\ReSharperTests\resharper.log
Per-Test LogPath is: C:\Users\berej\AppData\Local\Temp\JetLogs\ReSharperTests\RemoveRedundantQualifierTest\Reference name 01.log

]]></output>
                  </test-case>
                  <test-case name="Type extension 01" fullname="JetBrains.ReSharper.Plugins.FSharp.Tests.Features.RemoveRedundantQualifierTest.Type extension 01" methodname="Type extension 01" classname="RemoveRedundantQualifierTest" result="Passed" duration="0.114" asserts="0">
                    <properties>
                      <property name="Category" value="QuickFixes" />
                    </properties>
                    <output><![CDATA[ReSharper LogPath is: C:\Users\berej\AppData\Local\Temp\JetLogs\ReSharperTests\resharper.log
Per-Test LogPath is: C:\Users\berej\AppData\Local\Temp\JetLogs\ReSharperTests\RemoveRedundantQualifierTest\Type extension 01.log

]]></output>
                  </test-case>
                </test-suite>
                <test-suite type="TestFixture" name="RemoveSubsequentTest" fullname="JetBrains.ReSharper.Plugins.FSharp.Tests.Features.RemoveSubsequentTest" total="10" passed="10" failed="0" inconclusive="0" skipped="0" result="Passed" duration="0.953">
                  <test-case name="Remove expr 01" fullname="JetBrains.ReSharper.Plugins.FSharp.Tests.Features.RemoveSubsequentTest.Remove expr 01" methodname="Remove expr 01" classname="RemoveSubsequentTest" result="Passed" duration="0.139" asserts="0">
                    <properties>
                      <property name="Category" value="QuickFixes" />
                    </properties>
                    <output><![CDATA[ReSharper LogPath is: C:\Users\berej\AppData\Local\Temp\JetLogs\ReSharperTests\resharper.log
Per-Test LogPath is: C:\Users\berej\AppData\Local\Temp\JetLogs\ReSharperTests\RemoveSubsequentTest\Remove expr 01.log

]]></output>
                  </test-case>
                  <test-case name="Remove expr 02 - Not the first" fullname="JetBrains.ReSharper.Plugins.FSharp.Tests.Features.RemoveSubsequentTest.Remove expr 02 - Not the first" methodname="Remove expr 02 - Not the first" classname="RemoveSubsequentTest" result="Passed" duration="0.088" asserts="0">
                    <properties>
                      <property name="Category" value="QuickFixes" />
                    </properties>
                    <output><![CDATA[ReSharper LogPath is: C:\Users\berej\AppData\Local\Temp\JetLogs\ReSharperTests\resharper.log
Per-Test LogPath is: C:\Users\berej\AppData\Local\Temp\JetLogs\ReSharperTests\RemoveSubsequentTest\Remove expr 02 - Not the first.log

]]></output>
                  </test-case>
                  <test-case name="Remove expr 03 - Semicolon" fullname="JetBrains.ReSharper.Plugins.FSharp.Tests.Features.RemoveSubsequentTest.Remove expr 03 - Semicolon" methodname="Remove expr 03 - Semicolon" classname="RemoveSubsequentTest" result="Passed" duration="0.089" asserts="0">
                    <properties>
                      <property name="Category" value="QuickFixes" />
                    </properties>
                    <output><![CDATA[ReSharper LogPath is: C:\Users\berej\AppData\Local\Temp\JetLogs\ReSharperTests\resharper.log
Per-Test LogPath is: C:\Users\berej\AppData\Local\Temp\JetLogs\ReSharperTests\RemoveSubsequentTest\Remove expr 03 - Semicolon.log

]]></output>
                  </test-case>
                  <test-case name="Replace seq 01" fullname="JetBrains.ReSharper.Plugins.FSharp.Tests.Features.RemoveSubsequentTest.Replace seq 01" methodname="Replace seq 01" classname="RemoveSubsequentTest" result="Passed" duration="0.091" asserts="0">
                    <properties>
                      <property name="Category" value="QuickFixes" />
                    </properties>
                    <output><![CDATA[ReSharper LogPath is: C:\Users\berej\AppData\Local\Temp\JetLogs\ReSharperTests\resharper.log
Per-Test LogPath is: C:\Users\berej\AppData\Local\Temp\JetLogs\ReSharperTests\RemoveSubsequentTest\Replace seq 01.log

]]></output>
                  </test-case>
                  <test-case name="Replace seq 02 - Comment" fullname="JetBrains.ReSharper.Plugins.FSharp.Tests.Features.RemoveSubsequentTest.Replace seq 02 - Comment" methodname="Replace seq 02 - Comment" classname="RemoveSubsequentTest" result="Passed" duration="0.094" asserts="0">
                    <properties>
                      <property name="Category" value="QuickFixes" />
                    </properties>
                    <output><![CDATA[ReSharper LogPath is: C:\Users\berej\AppData\Local\Temp\JetLogs\ReSharperTests\resharper.log
Per-Test LogPath is: C:\Users\berej\AppData\Local\Temp\JetLogs\ReSharperTests\RemoveSubsequentTest\Replace seq 02 - Comment.log

]]></output>
                  </test-case>
                  <test-case name="Replace seq 03 - Comment on new line" fullname="JetBrains.ReSharper.Plugins.FSharp.Tests.Features.RemoveSubsequentTest.Replace seq 03 - Comment on new line" methodname="Replace seq 03 - Comment on new line" classname="RemoveSubsequentTest" result="Passed" duration="0.096" asserts="0">
                    <properties>
                      <property name="Category" value="QuickFixes" />
                    </properties>
                    <output><![CDATA[ReSharper LogPath is: C:\Users\berej\AppData\Local\Temp\JetLogs\ReSharperTests\resharper.log
Per-Test LogPath is: C:\Users\berej\AppData\Local\Temp\JetLogs\ReSharperTests\RemoveSubsequentTest\Replace seq 03 - Comment on new line.log

]]></output>
                  </test-case>
                  <test-case name="Replace seq 04 - Semicolon" fullname="JetBrains.ReSharper.Plugins.FSharp.Tests.Features.RemoveSubsequentTest.Replace seq 04 - Semicolon" methodname="Replace seq 04 - Semicolon" classname="RemoveSubsequentTest" result="Passed" duration="0.089" asserts="0">
                    <properties>
                      <property name="Category" value="QuickFixes" />
                    </properties>
                    <output><![CDATA[ReSharper LogPath is: C:\Users\berej\AppData\Local\Temp\JetLogs\ReSharperTests\resharper.log
Per-Test LogPath is: C:\Users\berej\AppData\Local\Temp\JetLogs\ReSharperTests\RemoveSubsequentTest\Replace seq 04 - Semicolon.log

]]></output>
                  </test-case>
                  <test-case name="Replace seq 05 - Semicolon and space" fullname="JetBrains.ReSharper.Plugins.FSharp.Tests.Features.RemoveSubsequentTest.Replace seq 05 - Semicolon and space" methodname="Replace seq 05 - Semicolon and space" classname="RemoveSubsequentTest" result="Passed" duration="0.093" asserts="0">
                    <properties>
                      <property name="Category" value="QuickFixes" />
                    </properties>
                    <output><![CDATA[ReSharper LogPath is: C:\Users\berej\AppData\Local\Temp\JetLogs\ReSharperTests\resharper.log
Per-Test LogPath is: C:\Users\berej\AppData\Local\Temp\JetLogs\ReSharperTests\RemoveSubsequentTest\Replace seq 05 - Semicolon and space.log

]]></output>
                  </test-case>
                  <test-case name="Replace seq 06 - Semicolon and new line" fullname="JetBrains.ReSharper.Plugins.FSharp.Tests.Features.RemoveSubsequentTest.Replace seq 06 - Semicolon and new line" methodname="Replace seq 06 - Semicolon and new line" classname="RemoveSubsequentTest" result="Passed" duration="0.087" asserts="0">
                    <properties>
                      <property name="Category" value="QuickFixes" />
                    </properties>
                    <output><![CDATA[ReSharper LogPath is: C:\Users\berej\AppData\Local\Temp\JetLogs\ReSharperTests\resharper.log
Per-Test LogPath is: C:\Users\berej\AppData\Local\Temp\JetLogs\ReSharperTests\RemoveSubsequentTest\Replace seq 06 - Semicolon and new line.log

]]></output>
                  </test-case>
                  <test-case name="Replace seq 07 - Comment and semicolon" fullname="JetBrains.ReSharper.Plugins.FSharp.Tests.Features.RemoveSubsequentTest.Replace seq 07 - Comment and semicolon" methodname="Replace seq 07 - Comment and semicolon" classname="RemoveSubsequentTest" result="Passed" duration="0.087" asserts="0">
                    <properties>
                      <property name="Category" value="QuickFixes" />
                    </properties>
                    <output><![CDATA[ReSharper LogPath is: C:\Users\berej\AppData\Local\Temp\JetLogs\ReSharperTests\resharper.log
Per-Test LogPath is: C:\Users\berej\AppData\Local\Temp\JetLogs\ReSharperTests\RemoveSubsequentTest\Replace seq 07 - Comment and semicolon.log

]]></output>
                  </test-case>
                </test-suite>
                <test-suite type="TestFixture" name="RemoveUnexpectedArgumentsTest" fullname="JetBrains.ReSharper.Plugins.FSharp.Tests.Features.RemoveUnexpectedArgumentsTest" total="13" passed="13" failed="0" inconclusive="0" skipped="0" result="Passed" duration="1.26">
                  <test-case name="Function 1 - one arg" fullname="JetBrains.ReSharper.Plugins.FSharp.Tests.Features.RemoveUnexpectedArgumentsTest.Function 1 - one arg" methodname="Function 1 - one arg" classname="RemoveUnexpectedArgumentsTest" result="Passed" duration="0.1" asserts="0">
                    <properties>
                      <property name="Category" value="QuickFixes" />
                    </properties>
                    <output><![CDATA[ReSharper LogPath is: C:\Users\berej\AppData\Local\Temp\JetLogs\ReSharperTests\resharper.log
Per-Test LogPath is: C:\Users\berej\AppData\Local\Temp\JetLogs\ReSharperTests\RemoveUnexpectedArgumentsTest\Function 1 - one arg.log

]]></output>
                  </test-case>
                  <test-case name="Function 2 - in expression" fullname="JetBrains.ReSharper.Plugins.FSharp.Tests.Features.RemoveUnexpectedArgumentsTest.Function 2 - in expression" methodname="Function 2 - in expression" classname="RemoveUnexpectedArgumentsTest" result="Passed" duration="0.098" asserts="0">
                    <properties>
                      <property name="Category" value="QuickFixes" />
                    </properties>
                    <output><![CDATA[ReSharper LogPath is: C:\Users\berej\AppData\Local\Temp\JetLogs\ReSharperTests\resharper.log
Per-Test LogPath is: C:\Users\berej\AppData\Local\Temp\JetLogs\ReSharperTests\RemoveUnexpectedArgumentsTest\Function 2 - in expression.log

]]></output>
                  </test-case>
                  <test-case name="Function 3 - many args" fullname="JetBrains.ReSharper.Plugins.FSharp.Tests.Features.RemoveUnexpectedArgumentsTest.Function 3 - many args" methodname="Function 3 - many args" classname="RemoveUnexpectedArgumentsTest" result="Passed" duration="0.087" asserts="0">
                    <properties>
                      <property name="Category" value="QuickFixes" />
                    </properties>
                    <output><![CDATA[ReSharper LogPath is: C:\Users\berej\AppData\Local\Temp\JetLogs\ReSharperTests\resharper.log
Per-Test LogPath is: C:\Users\berej\AppData\Local\Temp\JetLogs\ReSharperTests\RemoveUnexpectedArgumentsTest\Function 3 - many args.log

]]></output>
                  </test-case>
                  <test-case name="Function 4 - expression args" fullname="JetBrains.ReSharper.Plugins.FSharp.Tests.Features.RemoveUnexpectedArgumentsTest.Function 4 - expression args" methodname="Function 4 - expression args" classname="RemoveUnexpectedArgumentsTest" result="Passed" duration="0.11" asserts="0">
                    <properties>
                      <property name="Category" value="QuickFixes" />
                    </properties>
                    <output><![CDATA[ReSharper LogPath is: C:\Users\berej\AppData\Local\Temp\JetLogs\ReSharperTests\resharper.log
Per-Test LogPath is: C:\Users\berej\AppData\Local\Temp\JetLogs\ReSharperTests\RemoveUnexpectedArgumentsTest\Function 4 - expression args.log

]]></output>
                  </test-case>
                  <test-case name="Function 5 - several errors in single line 1" fullname="JetBrains.ReSharper.Plugins.FSharp.Tests.Features.RemoveUnexpectedArgumentsTest.Function 5 - several errors in single line 1" methodname="Function 5 - several errors in single line 1" classname="RemoveUnexpectedArgumentsTest" result="Passed" duration="0.102" asserts="0">
                    <properties>
                      <property name="Category" value="QuickFixes" />
                    </properties>
                    <output><![CDATA[ReSharper LogPath is: C:\Users\berej\AppData\Local\Temp\JetLogs\ReSharperTests\resharper.log
Per-Test LogPath is: C:\Users\berej\AppData\Local\Temp\JetLogs\ReSharperTests\RemoveUnexpectedArgumentsTest\Function 5 - several errors in single line 1.log

]]></output>
                  </test-case>
                  <test-case name="Function 5 - several errors in single line 2" fullname="JetBrains.ReSharper.Plugins.FSharp.Tests.Features.RemoveUnexpectedArgumentsTest.Function 5 - several errors in single line 2" methodname="Function 5 - several errors in single line 2" classname="RemoveUnexpectedArgumentsTest" result="Passed" duration="0.097" asserts="0">
                    <properties>
                      <property name="Category" value="QuickFixes" />
                    </properties>
                    <output><![CDATA[ReSharper LogPath is: C:\Users\berej\AppData\Local\Temp\JetLogs\ReSharperTests\resharper.log
Per-Test LogPath is: C:\Users\berej\AppData\Local\Temp\JetLogs\ReSharperTests\RemoveUnexpectedArgumentsTest\Function 5 - several errors in single line 2.log

]]></output>
                  </test-case>
                  <test-case name="Function 5 - several errors in single line 3" fullname="JetBrains.ReSharper.Plugins.FSharp.Tests.Features.RemoveUnexpectedArgumentsTest.Function 5 - several errors in single line 3" methodname="Function 5 - several errors in single line 3" classname="RemoveUnexpectedArgumentsTest" result="Passed" duration="0.101" asserts="0">
                    <properties>
                      <property name="Category" value="QuickFixes" />
                    </properties>
                    <output><![CDATA[ReSharper LogPath is: C:\Users\berej\AppData\Local\Temp\JetLogs\ReSharperTests\resharper.log
Per-Test LogPath is: C:\Users\berej\AppData\Local\Temp\JetLogs\ReSharperTests\RemoveUnexpectedArgumentsTest\Function 5 - several errors in single line 3.log

]]></output>
                  </test-case>
                  <test-case name="Function 6 - with single comment" fullname="JetBrains.ReSharper.Plugins.FSharp.Tests.Features.RemoveUnexpectedArgumentsTest.Function 6 - with single comment" methodname="Function 6 - with single comment" classname="RemoveUnexpectedArgumentsTest" result="Passed" duration="0.098" asserts="0">
                    <properties>
                      <property name="Category" value="QuickFixes" />
                    </properties>
                    <output><![CDATA[ReSharper LogPath is: C:\Users\berej\AppData\Local\Temp\JetLogs\ReSharperTests\resharper.log
Per-Test LogPath is: C:\Users\berej\AppData\Local\Temp\JetLogs\ReSharperTests\RemoveUnexpectedArgumentsTest\Function 6 - with single comment.log

]]></output>
                  </test-case>
                  <test-case name="Function 7 - with several comments" fullname="JetBrains.ReSharper.Plugins.FSharp.Tests.Features.RemoveUnexpectedArgumentsTest.Function 7 - with several comments" methodname="Function 7 - with several comments" classname="RemoveUnexpectedArgumentsTest" result="Passed" duration="0.082" asserts="0">
                    <properties>
                      <property name="Category" value="QuickFixes" />
                    </properties>
                    <output><![CDATA[ReSharper LogPath is: C:\Users\berej\AppData\Local\Temp\JetLogs\ReSharperTests\resharper.log
Per-Test LogPath is: C:\Users\berej\AppData\Local\Temp\JetLogs\ReSharperTests\RemoveUnexpectedArgumentsTest\Function 7 - with several comments.log

]]></output>
                  </test-case>
                  <test-case name="Function 8 - with multiline comment" fullname="JetBrains.ReSharper.Plugins.FSharp.Tests.Features.RemoveUnexpectedArgumentsTest.Function 8 - with multiline comment" methodname="Function 8 - with multiline comment" classname="RemoveUnexpectedArgumentsTest" result="Passed" duration="0.097" asserts="0">
                    <properties>
                      <property name="Category" value="QuickFixes" />
                    </properties>
                    <output><![CDATA[ReSharper LogPath is: C:\Users\berej\AppData\Local\Temp\JetLogs\ReSharperTests\resharper.log
Per-Test LogPath is: C:\Users\berej\AppData\Local\Temp\JetLogs\ReSharperTests\RemoveUnexpectedArgumentsTest\Function 8 - with multiline comment.log

]]></output>
                  </test-case>
                  <test-case name="Function 9 - with block comment" fullname="JetBrains.ReSharper.Plugins.FSharp.Tests.Features.RemoveUnexpectedArgumentsTest.Function 9 - with block comment" methodname="Function 9 - with block comment" classname="RemoveUnexpectedArgumentsTest" result="Passed" duration="0.089" asserts="0">
                    <properties>
                      <property name="Category" value="QuickFixes" />
                    </properties>
                    <output><![CDATA[ReSharper LogPath is: C:\Users\berej\AppData\Local\Temp\JetLogs\ReSharperTests\resharper.log
Per-Test LogPath is: C:\Users\berej\AppData\Local\Temp\JetLogs\ReSharperTests\RemoveUnexpectedArgumentsTest\Function 9 - with block comment.log

]]></output>
                  </test-case>
                  <test-case name="Property 1 - simple" fullname="JetBrains.ReSharper.Plugins.FSharp.Tests.Features.RemoveUnexpectedArgumentsTest.Property 1 - simple" methodname="Property 1 - simple" classname="RemoveUnexpectedArgumentsTest" result="Passed" duration="0.109" asserts="0">
                    <properties>
                      <property name="Category" value="QuickFixes" />
                    </properties>
                    <output><![CDATA[ReSharper LogPath is: C:\Users\berej\AppData\Local\Temp\JetLogs\ReSharperTests\resharper.log
Per-Test LogPath is: C:\Users\berej\AppData\Local\Temp\JetLogs\ReSharperTests\RemoveUnexpectedArgumentsTest\Property 1 - simple.log

]]></output>
                  </test-case>
                  <test-case name="Simple - with unit args" fullname="JetBrains.ReSharper.Plugins.FSharp.Tests.Features.RemoveUnexpectedArgumentsTest.Simple - with unit args" methodname="Simple - with unit args" classname="RemoveUnexpectedArgumentsTest" result="Passed" duration="0.09" asserts="0">
                    <properties>
                      <property name="Category" value="QuickFixes" />
                    </properties>
                    <output><![CDATA[ReSharper LogPath is: C:\Users\berej\AppData\Local\Temp\JetLogs\ReSharperTests\resharper.log
Per-Test LogPath is: C:\Users\berej\AppData\Local\Temp\JetLogs\ReSharperTests\RemoveUnexpectedArgumentsTest\Simple - with unit args.log

]]></output>
                  </test-case>
                </test-suite>
                <test-suite type="TestFixture" name="RemoveUnnecessaryUpcastTest" fullname="JetBrains.ReSharper.Plugins.FSharp.Tests.Features.RemoveUnnecessaryUpcastTest" total="1" passed="1" failed="0" inconclusive="0" skipped="0" result="Passed" duration="0.101">
                  <test-case name="Simple 01" fullname="JetBrains.ReSharper.Plugins.FSharp.Tests.Features.RemoveUnnecessaryUpcastTest.Simple 01" methodname="Simple 01" classname="RemoveUnnecessaryUpcastTest" result="Passed" duration="0.101" asserts="0">
                    <properties>
                      <property name="Category" value="QuickFixes" />
                    </properties>
                    <output><![CDATA[ReSharper LogPath is: C:\Users\berej\AppData\Local\Temp\JetLogs\ReSharperTests\resharper.log
Per-Test LogPath is: C:\Users\berej\AppData\Local\Temp\JetLogs\ReSharperTests\RemoveUnnecessaryUpcastTest\Simple 01.log

]]></output>
                  </test-case>
                </test-suite>
                <test-suite type="TestFixture" name="RemoveUnusedLocalBindingAvailabilityTest" fullname="JetBrains.ReSharper.Plugins.FSharp.Tests.Features.RemoveUnusedLocalBindingAvailabilityTest" total="4" passed="4" failed="0" inconclusive="0" skipped="0" result="Passed" duration="0.328">
                  <test-case name="Not available 01" fullname="JetBrains.ReSharper.Plugins.FSharp.Tests.Features.RemoveUnusedLocalBindingAvailabilityTest.Not available 01" methodname="Not available 01" classname="RemoveUnusedLocalBindingAvailabilityTest" result="Passed" duration="0.095" asserts="0">
                    <properties>
                      <property name="Category" value="QuickFixes" />
                    </properties>
                    <output><![CDATA[ReSharper LogPath is: C:\Users\berej\AppData\Local\Temp\JetLogs\ReSharperTests\resharper.log
Per-Test LogPath is: C:\Users\berej\AppData\Local\Temp\JetLogs\ReSharperTests\RemoveUnusedLocalBindingAvailabilityTest\Not available 01.log

]]></output>
                  </test-case>
                  <test-case name="Not available 02 - Param" fullname="JetBrains.ReSharper.Plugins.FSharp.Tests.Features.RemoveUnusedLocalBindingAvailabilityTest.Not available 02 - Param" methodname="Not available 02 - Param" classname="RemoveUnusedLocalBindingAvailabilityTest" result="Passed" duration="0.075" asserts="0">
                    <properties>
                      <property name="Category" value="QuickFixes" />
                    </properties>
                    <output><![CDATA[ReSharper LogPath is: C:\Users\berej\AppData\Local\Temp\JetLogs\ReSharperTests\resharper.log
Per-Test LogPath is: C:\Users\berej\AppData\Local\Temp\JetLogs\ReSharperTests\RemoveUnusedLocalBindingAvailabilityTest\Not available 02 - Param.log

]]></output>
                  </test-case>
                  <test-case name="Text - Function 01" fullname="JetBrains.ReSharper.Plugins.FSharp.Tests.Features.RemoveUnusedLocalBindingAvailabilityTest.Text - Function 01" methodname="Text - Function 01" classname="RemoveUnusedLocalBindingAvailabilityTest" result="Passed" duration="0.079" asserts="0">
                    <properties>
                      <property name="Category" value="QuickFixes" />
                    </properties>
                    <output><![CDATA[ReSharper LogPath is: C:\Users\berej\AppData\Local\Temp\JetLogs\ReSharperTests\resharper.log
Per-Test LogPath is: C:\Users\berej\AppData\Local\Temp\JetLogs\ReSharperTests\RemoveUnusedLocalBindingAvailabilityTest\Text - Function 01.log

]]></output>
                  </test-case>
                  <test-case name="Text - Value 01" fullname="JetBrains.ReSharper.Plugins.FSharp.Tests.Features.RemoveUnusedLocalBindingAvailabilityTest.Text - Value 01" methodname="Text - Value 01" classname="RemoveUnusedLocalBindingAvailabilityTest" result="Passed" duration="0.079" asserts="0">
                    <properties>
                      <property name="Category" value="QuickFixes" />
                    </properties>
                    <output><![CDATA[ReSharper LogPath is: C:\Users\berej\AppData\Local\Temp\JetLogs\ReSharperTests\resharper.log
Per-Test LogPath is: C:\Users\berej\AppData\Local\Temp\JetLogs\ReSharperTests\RemoveUnusedLocalBindingAvailabilityTest\Text - Value 01.log

]]></output>
                  </test-case>
                </test-suite>
                <test-suite type="TestFixture" name="RemoveUnusedLocalBindingTest" fullname="JetBrains.ReSharper.Plugins.FSharp.Tests.Features.RemoveUnusedLocalBindingTest" total="28" passed="28" failed="0" inconclusive="0" skipped="0" result="Passed" duration="2.221">
                  <test-case name="Comp 01" fullname="JetBrains.ReSharper.Plugins.FSharp.Tests.Features.RemoveUnusedLocalBindingTest.Comp 01" methodname="Comp 01" classname="RemoveUnusedLocalBindingTest" result="Passed" duration="0.102" asserts="0">
                    <properties>
                      <property name="Category" value="QuickFixes" />
                    </properties>
                    <output><![CDATA[ReSharper LogPath is: C:\Users\berej\AppData\Local\Temp\JetLogs\ReSharperTests\resharper.log
Per-Test LogPath is: C:\Users\berej\AppData\Local\Temp\JetLogs\ReSharperTests\RemoveUnusedLocalBindingTest\Comp 01.log

]]></output>
                  </test-case>
                  <test-case name="Comp 02 - Inline" fullname="JetBrains.ReSharper.Plugins.FSharp.Tests.Features.RemoveUnusedLocalBindingTest.Comp 02 - Inline" methodname="Comp 02 - Inline" classname="RemoveUnusedLocalBindingTest" result="Passed" duration="0.083" asserts="0">
                    <properties>
                      <property name="Category" value="QuickFixes" />
                    </properties>
                    <output><![CDATA[ReSharper LogPath is: C:\Users\berej\AppData\Local\Temp\JetLogs\ReSharperTests\resharper.log
Per-Test LogPath is: C:\Users\berej\AppData\Local\Temp\JetLogs\ReSharperTests\RemoveUnusedLocalBindingTest\Comp 02 - Inline.log

]]></output>
                  </test-case>
                  <test-case name="Comp 03 - Inline, multiline" fullname="JetBrains.ReSharper.Plugins.FSharp.Tests.Features.RemoveUnusedLocalBindingTest.Comp 03 - Inline, multiline" methodname="Comp 03 - Inline, multiline" classname="RemoveUnusedLocalBindingTest" result="Passed" duration="0.086" asserts="0">
                    <properties>
                      <property name="Category" value="QuickFixes" />
                    </properties>
                    <output><![CDATA[ReSharper LogPath is: C:\Users\berej\AppData\Local\Temp\JetLogs\ReSharperTests\resharper.log
Per-Test LogPath is: C:\Users\berej\AppData\Local\Temp\JetLogs\ReSharperTests\RemoveUnusedLocalBindingTest\Comp 03 - Inline, multiline.log

]]></output>
                  </test-case>
                  <test-case name="For 01" fullname="JetBrains.ReSharper.Plugins.FSharp.Tests.Features.RemoveUnusedLocalBindingTest.For 01" methodname="For 01" classname="RemoveUnusedLocalBindingTest" result="Passed" duration="0.079" asserts="0">
                    <properties>
                      <property name="Category" value="QuickFixes" />
                    </properties>
                    <output><![CDATA[ReSharper LogPath is: C:\Users\berej\AppData\Local\Temp\JetLogs\ReSharperTests\resharper.log
Per-Test LogPath is: C:\Users\berej\AppData\Local\Temp\JetLogs\ReSharperTests\RemoveUnusedLocalBindingTest\For 01.log

]]></output>
                  </test-case>
                  <test-case name="For 02 - Space" fullname="JetBrains.ReSharper.Plugins.FSharp.Tests.Features.RemoveUnusedLocalBindingTest.For 02 - Space" methodname="For 02 - Space" classname="RemoveUnusedLocalBindingTest" result="Passed" duration="0.079" asserts="0">
                    <properties>
                      <property name="Category" value="QuickFixes" />
                    </properties>
                    <output><![CDATA[ReSharper LogPath is: C:\Users\berej\AppData\Local\Temp\JetLogs\ReSharperTests\resharper.log
Per-Test LogPath is: C:\Users\berej\AppData\Local\Temp\JetLogs\ReSharperTests\RemoveUnusedLocalBindingTest\For 02 - Space.log

]]></output>
                  </test-case>
                  <test-case name="Inline 01" fullname="JetBrains.ReSharper.Plugins.FSharp.Tests.Features.RemoveUnusedLocalBindingTest.Inline 01" methodname="Inline 01" classname="RemoveUnusedLocalBindingTest" result="Passed" duration="0.08" asserts="0">
                    <properties>
                      <property name="Category" value="QuickFixes" />
                    </properties>
                    <output><![CDATA[ReSharper LogPath is: C:\Users\berej\AppData\Local\Temp\JetLogs\ReSharperTests\resharper.log
Per-Test LogPath is: C:\Users\berej\AppData\Local\Temp\JetLogs\ReSharperTests\RemoveUnusedLocalBindingTest\Inline 01.log

]]></output>
                  </test-case>
                  <test-case name="Inline 02 - Comment" fullname="JetBrains.ReSharper.Plugins.FSharp.Tests.Features.RemoveUnusedLocalBindingTest.Inline 02 - Comment" methodname="Inline 02 - Comment" classname="RemoveUnusedLocalBindingTest" result="Passed" duration="0.081" asserts="0">
                    <properties>
                      <property name="Category" value="QuickFixes" />
                    </properties>
                    <output><![CDATA[ReSharper LogPath is: C:\Users\berej\AppData\Local\Temp\JetLogs\ReSharperTests\resharper.log
Per-Test LogPath is: C:\Users\berej\AppData\Local\Temp\JetLogs\ReSharperTests\RemoveUnusedLocalBindingTest\Inline 02 - Comment.log

]]></output>
                  </test-case>
                  <test-case name="Inline 03 - In other let" fullname="JetBrains.ReSharper.Plugins.FSharp.Tests.Features.RemoveUnusedLocalBindingTest.Inline 03 - In other let" methodname="Inline 03 - In other let" classname="RemoveUnusedLocalBindingTest" result="Passed" duration="0.086" asserts="0">
                    <properties>
                      <property name="Category" value="QuickFixes" />
                    </properties>
                    <output><![CDATA[ReSharper LogPath is: C:\Users\berej\AppData\Local\Temp\JetLogs\ReSharperTests\resharper.log
Per-Test LogPath is: C:\Users\berej\AppData\Local\Temp\JetLogs\ReSharperTests\RemoveUnusedLocalBindingTest\Inline 03 - In other let.log

]]></output>
                  </test-case>
                  <test-case name="Match clause 01" fullname="JetBrains.ReSharper.Plugins.FSharp.Tests.Features.RemoveUnusedLocalBindingTest.Match clause 01" methodname="Match clause 01" classname="RemoveUnusedLocalBindingTest" result="Passed" duration="0.081" asserts="0">
                    <properties>
                      <property name="Category" value="QuickFixes" />
                    </properties>
                    <output><![CDATA[ReSharper LogPath is: C:\Users\berej\AppData\Local\Temp\JetLogs\ReSharperTests\resharper.log
Per-Test LogPath is: C:\Users\berej\AppData\Local\Temp\JetLogs\ReSharperTests\RemoveUnusedLocalBindingTest\Match clause 01.log

]]></output>
                  </test-case>
                  <test-case name="Multiline 01" fullname="JetBrains.ReSharper.Plugins.FSharp.Tests.Features.RemoveUnusedLocalBindingTest.Multiline 01" methodname="Multiline 01" classname="RemoveUnusedLocalBindingTest" result="Passed" duration="0.076" asserts="0">
                    <properties>
                      <property name="Category" value="QuickFixes" />
                    </properties>
                    <output><![CDATA[ReSharper LogPath is: C:\Users\berej\AppData\Local\Temp\JetLogs\ReSharperTests\resharper.log
Per-Test LogPath is: C:\Users\berej\AppData\Local\Temp\JetLogs\ReSharperTests\RemoveUnusedLocalBindingTest\Multiline 01.log

]]></output>
                  </test-case>
                  <test-case name="Multiline 02 - Wrong seq" fullname="JetBrains.ReSharper.Plugins.FSharp.Tests.Features.RemoveUnusedLocalBindingTest.Multiline 02 - Wrong seq" methodname="Multiline 02 - Wrong seq" classname="RemoveUnusedLocalBindingTest" result="Passed" duration="0.072" asserts="0">
                    <properties>
                      <property name="Category" value="QuickFixes" />
                    </properties>
                    <output><![CDATA[ReSharper LogPath is: C:\Users\berej\AppData\Local\Temp\JetLogs\ReSharperTests\resharper.log
Per-Test LogPath is: C:\Users\berej\AppData\Local\Temp\JetLogs\ReSharperTests\RemoveUnusedLocalBindingTest\Multiline 02 - Wrong seq.log

]]></output>
                  </test-case>
                  <test-case name="Multiline 03 - Wrong seq in seq" fullname="JetBrains.ReSharper.Plugins.FSharp.Tests.Features.RemoveUnusedLocalBindingTest.Multiline 03 - Wrong seq in seq" methodname="Multiline 03 - Wrong seq in seq" classname="RemoveUnusedLocalBindingTest" result="Passed" duration="0.084" asserts="0">
                    <properties>
                      <property name="Category" value="QuickFixes" />
                    </properties>
                    <output><![CDATA[ReSharper LogPath is: C:\Users\berej\AppData\Local\Temp\JetLogs\ReSharperTests\resharper.log
Per-Test LogPath is: C:\Users\berej\AppData\Local\Temp\JetLogs\ReSharperTests\RemoveUnusedLocalBindingTest\Multiline 03 - Wrong seq in seq.log

]]></output>
                  </test-case>
                  <test-case name="Multiline 04 - New lines" fullname="JetBrains.ReSharper.Plugins.FSharp.Tests.Features.RemoveUnusedLocalBindingTest.Multiline 04 - New lines" methodname="Multiline 04 - New lines" classname="RemoveUnusedLocalBindingTest" result="Passed" duration="0.077" asserts="0">
                    <properties>
                      <property name="Category" value="QuickFixes" />
                    </properties>
                    <output><![CDATA[ReSharper LogPath is: C:\Users\berej\AppData\Local\Temp\JetLogs\ReSharperTests\resharper.log
Per-Test LogPath is: C:\Users\berej\AppData\Local\Temp\JetLogs\ReSharperTests\RemoveUnusedLocalBindingTest\Multiline 04 - New lines.log

]]></output>
                  </test-case>
                  <test-case name="Multiline 05" fullname="JetBrains.ReSharper.Plugins.FSharp.Tests.Features.RemoveUnusedLocalBindingTest.Multiline 05" methodname="Multiline 05" classname="RemoveUnusedLocalBindingTest" result="Passed" duration="0.076" asserts="0">
                    <properties>
                      <property name="Category" value="QuickFixes" />
                    </properties>
                    <output><![CDATA[ReSharper LogPath is: C:\Users\berej\AppData\Local\Temp\JetLogs\ReSharperTests\resharper.log
Per-Test LogPath is: C:\Users\berej\AppData\Local\Temp\JetLogs\ReSharperTests\RemoveUnusedLocalBindingTest\Multiline 05.log

]]></output>
                  </test-case>
                  <test-case name="Multiline 06 - Nested pattern" fullname="JetBrains.ReSharper.Plugins.FSharp.Tests.Features.RemoveUnusedLocalBindingTest.Multiline 06 - Nested pattern" methodname="Multiline 06 - Nested pattern" classname="RemoveUnusedLocalBindingTest" result="Passed" duration="0.071" asserts="0">
                    <properties>
                      <property name="Category" value="QuickFixes" />
                    </properties>
                    <output><![CDATA[ReSharper LogPath is: C:\Users\berej\AppData\Local\Temp\JetLogs\ReSharperTests\resharper.log
Per-Test LogPath is: C:\Users\berej\AppData\Local\Temp\JetLogs\ReSharperTests\RemoveUnusedLocalBindingTest\Multiline 06 - Nested pattern.log

]]></output>
                  </test-case>
                  <test-case name="Multiline 07 - In other let" fullname="JetBrains.ReSharper.Plugins.FSharp.Tests.Features.RemoveUnusedLocalBindingTest.Multiline 07 - In other let" methodname="Multiline 07 - In other let" classname="RemoveUnusedLocalBindingTest" result="Passed" duration="0.076" asserts="0">
                    <properties>
                      <property name="Category" value="QuickFixes" />
                    </properties>
                    <output><![CDATA[ReSharper LogPath is: C:\Users\berej\AppData\Local\Temp\JetLogs\ReSharperTests\resharper.log
Per-Test LogPath is: C:\Users\berej\AppData\Local\Temp\JetLogs\ReSharperTests\RemoveUnusedLocalBindingTest\Multiline 07 - In other let.log

]]></output>
                  </test-case>
                  <test-case name="Multiple 01" fullname="JetBrains.ReSharper.Plugins.FSharp.Tests.Features.RemoveUnusedLocalBindingTest.Multiple 01" methodname="Multiple 01" classname="RemoveUnusedLocalBindingTest" result="Passed" duration="0.075" asserts="0">
                    <properties>
                      <property name="Category" value="QuickFixes" />
                    </properties>
                    <output><![CDATA[ReSharper LogPath is: C:\Users\berej\AppData\Local\Temp\JetLogs\ReSharperTests\resharper.log
Per-Test LogPath is: C:\Users\berej\AppData\Local\Temp\JetLogs\ReSharperTests\RemoveUnusedLocalBindingTest\Multiple 01.log

]]></output>
                  </test-case>
                  <test-case name="Multiple 02 - Space" fullname="JetBrains.ReSharper.Plugins.FSharp.Tests.Features.RemoveUnusedLocalBindingTest.Multiple 02 - Space" methodname="Multiple 02 - Space" classname="RemoveUnusedLocalBindingTest" result="Passed" duration="0.077" asserts="0">
                    <properties>
                      <property name="Category" value="QuickFixes" />
                    </properties>
                    <output><![CDATA[ReSharper LogPath is: C:\Users\berej\AppData\Local\Temp\JetLogs\ReSharperTests\resharper.log
Per-Test LogPath is: C:\Users\berej\AppData\Local\Temp\JetLogs\ReSharperTests\RemoveUnusedLocalBindingTest\Multiple 02 - Space.log

]]></output>
                  </test-case>
                  <test-case name="Multiple 03 - Space" fullname="JetBrains.ReSharper.Plugins.FSharp.Tests.Features.RemoveUnusedLocalBindingTest.Multiple 03 - Space" methodname="Multiple 03 - Space" classname="RemoveUnusedLocalBindingTest" result="Passed" duration="0.076" asserts="0">
                    <properties>
                      <property name="Category" value="QuickFixes" />
                    </properties>
                    <output><![CDATA[ReSharper LogPath is: C:\Users\berej\AppData\Local\Temp\JetLogs\ReSharperTests\resharper.log
Per-Test LogPath is: C:\Users\berej\AppData\Local\Temp\JetLogs\ReSharperTests\RemoveUnusedLocalBindingTest\Multiple 03 - Space.log

]]></output>
                  </test-case>
                  <test-case name="Recursive 01" fullname="JetBrains.ReSharper.Plugins.FSharp.Tests.Features.RemoveUnusedLocalBindingTest.Recursive 01" methodname="Recursive 01" classname="RemoveUnusedLocalBindingTest" result="Passed" duration="0.079" asserts="0">
                    <properties>
                      <property name="Category" value="QuickFixes" />
                    </properties>
                    <output><![CDATA[ReSharper LogPath is: C:\Users\berej\AppData\Local\Temp\JetLogs\ReSharperTests\resharper.log
Per-Test LogPath is: C:\Users\berej\AppData\Local\Temp\JetLogs\ReSharperTests\RemoveUnusedLocalBindingTest\Recursive 01.log

]]></output>
                  </test-case>
                  <test-case name="Recursive 02 - Comment after and" fullname="JetBrains.ReSharper.Plugins.FSharp.Tests.Features.RemoveUnusedLocalBindingTest.Recursive 02 - Comment after and" methodname="Recursive 02 - Comment after and" classname="RemoveUnusedLocalBindingTest" result="Passed" duration="0.078" asserts="0">
                    <properties>
                      <property name="Category" value="QuickFixes" />
                    </properties>
                    <output><![CDATA[ReSharper LogPath is: C:\Users\berej\AppData\Local\Temp\JetLogs\ReSharperTests\resharper.log
Per-Test LogPath is: C:\Users\berej\AppData\Local\Temp\JetLogs\ReSharperTests\RemoveUnusedLocalBindingTest\Recursive 02 - Comment after and.log

]]></output>
                  </test-case>
                  <test-case name="Recursive 03 - With binding after" fullname="JetBrains.ReSharper.Plugins.FSharp.Tests.Features.RemoveUnusedLocalBindingTest.Recursive 03 - With binding after" methodname="Recursive 03 - With binding after" classname="RemoveUnusedLocalBindingTest" result="Passed" duration="0.077" asserts="0">
                    <properties>
                      <property name="Category" value="QuickFixes" />
                    </properties>
                    <output><![CDATA[ReSharper LogPath is: C:\Users\berej\AppData\Local\Temp\JetLogs\ReSharperTests\resharper.log
Per-Test LogPath is: C:\Users\berej\AppData\Local\Temp\JetLogs\ReSharperTests\RemoveUnusedLocalBindingTest\Recursive 03 - With binding after.log

]]></output>
                  </test-case>
                  <test-case name="Recursive 04 - First" fullname="JetBrains.ReSharper.Plugins.FSharp.Tests.Features.RemoveUnusedLocalBindingTest.Recursive 04 - First" methodname="Recursive 04 - First" classname="RemoveUnusedLocalBindingTest" result="Passed" duration="0.079" asserts="0">
                    <properties>
                      <property name="Category" value="QuickFixes" />
                    </properties>
                    <output><![CDATA[ReSharper LogPath is: C:\Users\berej\AppData\Local\Temp\JetLogs\ReSharperTests\resharper.log
Per-Test LogPath is: C:\Users\berej\AppData\Local\Temp\JetLogs\ReSharperTests\RemoveUnusedLocalBindingTest\Recursive 04 - First.log

]]></output>
                  </test-case>
                  <test-case name="Recursive 05 - First, more space" fullname="JetBrains.ReSharper.Plugins.FSharp.Tests.Features.RemoveUnusedLocalBindingTest.Recursive 05 - First, more space" methodname="Recursive 05 - First, more space" classname="RemoveUnusedLocalBindingTest" result="Passed" duration="0.073" asserts="0">
                    <properties>
                      <property name="Category" value="QuickFixes" />
                    </properties>
                    <output><![CDATA[ReSharper LogPath is: C:\Users\berej\AppData\Local\Temp\JetLogs\ReSharperTests\resharper.log
Per-Test LogPath is: C:\Users\berej\AppData\Local\Temp\JetLogs\ReSharperTests\RemoveUnusedLocalBindingTest\Recursive 05 - First, more space.log

]]></output>
                  </test-case>
                  <test-case name="Recursive 06 - With binding after, comment" fullname="JetBrains.ReSharper.Plugins.FSharp.Tests.Features.RemoveUnusedLocalBindingTest.Recursive 06 - With binding after, comment" methodname="Recursive 06 - With binding after, comment" classname="RemoveUnusedLocalBindingTest" result="Passed" duration="0.072" asserts="0">
                    <properties>
                      <property name="Category" value="QuickFixes" />
                    </properties>
                    <output><![CDATA[ReSharper LogPath is: C:\Users\berej\AppData\Local\Temp\JetLogs\ReSharperTests\resharper.log
Per-Test LogPath is: C:\Users\berej\AppData\Local\Temp\JetLogs\ReSharperTests\RemoveUnusedLocalBindingTest\Recursive 06 - With binding after, comment.log

]]></output>
                  </test-case>
                  <test-case name="Type - Recursive 01" fullname="JetBrains.ReSharper.Plugins.FSharp.Tests.Features.RemoveUnusedLocalBindingTest.Type - Recursive 01" methodname="Type - Recursive 01" classname="RemoveUnusedLocalBindingTest" result="Passed" duration="0.085" asserts="0">
                    <properties>
                      <property name="Category" value="QuickFixes" />
                    </properties>
                    <output><![CDATA[ReSharper LogPath is: C:\Users\berej\AppData\Local\Temp\JetLogs\ReSharperTests\resharper.log
Per-Test LogPath is: C:\Users\berej\AppData\Local\Temp\JetLogs\ReSharperTests\RemoveUnusedLocalBindingTest\Type - Recursive 01.log

]]></output>
                  </test-case>
                  <test-case name="Type - Single 01" fullname="JetBrains.ReSharper.Plugins.FSharp.Tests.Features.RemoveUnusedLocalBindingTest.Type - Single 01" methodname="Type - Single 01" classname="RemoveUnusedLocalBindingTest" result="Passed" duration="0.081" asserts="0">
                    <properties>
                      <property name="Category" value="QuickFixes" />
                    </properties>
                    <output><![CDATA[ReSharper LogPath is: C:\Users\berej\AppData\Local\Temp\JetLogs\ReSharperTests\resharper.log
Per-Test LogPath is: C:\Users\berej\AppData\Local\Temp\JetLogs\ReSharperTests\RemoveUnusedLocalBindingTest\Type - Single 01.log

]]></output>
                  </test-case>
                  <test-case name="Type - Single 02" fullname="JetBrains.ReSharper.Plugins.FSharp.Tests.Features.RemoveUnusedLocalBindingTest.Type - Single 02" methodname="Type - Single 02" classname="RemoveUnusedLocalBindingTest" result="Passed" duration="0.08" asserts="0">
                    <properties>
                      <property name="Category" value="QuickFixes" />
                    </properties>
                    <output><![CDATA[ReSharper LogPath is: C:\Users\berej\AppData\Local\Temp\JetLogs\ReSharperTests\resharper.log
Per-Test LogPath is: C:\Users\berej\AppData\Local\Temp\JetLogs\ReSharperTests\RemoveUnusedLocalBindingTest\Type - Single 02.log

]]></output>
                  </test-case>
                </test-suite>
                <test-suite type="TestFixture" name="RemoveUnusedNamedAsPatTest" fullname="JetBrains.ReSharper.Plugins.FSharp.Tests.Features.RemoveUnusedNamedAsPatTest" total="3" passed="3" failed="0" inconclusive="0" skipped="0" result="Passed" duration="0.251">
                  <test-case name="Function param 01" fullname="JetBrains.ReSharper.Plugins.FSharp.Tests.Features.RemoveUnusedNamedAsPatTest.Function param 01" methodname="Function param 01" classname="RemoveUnusedNamedAsPatTest" result="Passed" duration="0.097" asserts="0">
                    <properties>
                      <property name="Category" value="QuickFixes" />
                    </properties>
                    <output><![CDATA[ReSharper LogPath is: C:\Users\berej\AppData\Local\Temp\JetLogs\ReSharperTests\resharper.log
Per-Test LogPath is: C:\Users\berej\AppData\Local\Temp\JetLogs\ReSharperTests\RemoveUnusedNamedAsPatTest\Function param 01.log

]]></output>
                  </test-case>
                  <test-case name="Let binding 01" fullname="JetBrains.ReSharper.Plugins.FSharp.Tests.Features.RemoveUnusedNamedAsPatTest.Let binding 01" methodname="Let binding 01" classname="RemoveUnusedNamedAsPatTest" result="Passed" duration="0.082" asserts="0">
                    <properties>
                      <property name="Category" value="QuickFixes" />
                    </properties>
                    <output><![CDATA[ReSharper LogPath is: C:\Users\berej\AppData\Local\Temp\JetLogs\ReSharperTests\resharper.log
Per-Test LogPath is: C:\Users\berej\AppData\Local\Temp\JetLogs\ReSharperTests\RemoveUnusedNamedAsPatTest\Let binding 01.log

]]></output>
                  </test-case>
                  <test-case name="Match pattern 01" fullname="JetBrains.ReSharper.Plugins.FSharp.Tests.Features.RemoveUnusedNamedAsPatTest.Match pattern 01" methodname="Match pattern 01" classname="RemoveUnusedNamedAsPatTest" result="Passed" duration="0.072" asserts="0">
                    <properties>
                      <property name="Category" value="QuickFixes" />
                    </properties>
                    <output><![CDATA[ReSharper LogPath is: C:\Users\berej\AppData\Local\Temp\JetLogs\ReSharperTests\resharper.log
Per-Test LogPath is: C:\Users\berej\AppData\Local\Temp\JetLogs\ReSharperTests\RemoveUnusedNamedAsPatTest\Match pattern 01.log

]]></output>
                  </test-case>
                </test-suite>
                <test-suite type="TestFixture" name="RemoveUnusedOpensTest" fullname="JetBrains.ReSharper.Plugins.FSharp.Tests.Features.RemoveUnusedOpensTest" total="7" passed="7" failed="0" inconclusive="0" skipped="0" result="Passed" duration="0.855">
                  <test-case name="Multiple opens" fullname="JetBrains.ReSharper.Plugins.FSharp.Tests.Features.RemoveUnusedOpensTest.Multiple opens" methodname="Multiple opens" classname="RemoveUnusedOpensTest" result="Passed" duration="0.131" asserts="0">
                    <properties>
                      <property name="Category" value="QuickFixes" />
                    </properties>
                    <output><![CDATA[ReSharper LogPath is: C:\Users\berej\AppData\Local\Temp\JetLogs\ReSharperTests\resharper.log
Per-Test LogPath is: C:\Users\berej\AppData\Local\Temp\JetLogs\ReSharperTests\RemoveUnusedOpensTest\Multiple opens.log

]]></output>
                  </test-case>
                  <test-case name="Multiple opens with semicolon" fullname="JetBrains.ReSharper.Plugins.FSharp.Tests.Features.RemoveUnusedOpensTest.Multiple opens with semicolon" methodname="Multiple opens with semicolon" classname="RemoveUnusedOpensTest" result="Passed" duration="0.112" asserts="0">
                    <properties>
                      <property name="Category" value="QuickFixes" />
                    </properties>
                    <output><![CDATA[ReSharper LogPath is: C:\Users\berej\AppData\Local\Temp\JetLogs\ReSharperTests\resharper.log
Per-Test LogPath is: C:\Users\berej\AppData\Local\Temp\JetLogs\ReSharperTests\RemoveUnusedOpensTest\Multiple opens with semicolon.log

]]></output>
                  </test-case>
                  <test-case name="Multiple semicolons and spaces" fullname="JetBrains.ReSharper.Plugins.FSharp.Tests.Features.RemoveUnusedOpensTest.Multiple semicolons and spaces" methodname="Multiple semicolons and spaces" classname="RemoveUnusedOpensTest" result="Passed" duration="0.122" asserts="0">
                    <properties>
                      <property name="Category" value="QuickFixes" />
                    </properties>
                    <output><![CDATA[ReSharper LogPath is: C:\Users\berej\AppData\Local\Temp\JetLogs\ReSharperTests\resharper.log
Per-Test LogPath is: C:\Users\berej\AppData\Local\Temp\JetLogs\ReSharperTests\RemoveUnusedOpensTest\Multiple semicolons and spaces.log

]]></output>
                  </test-case>
                  <test-case name="Multiple unused and used opens" fullname="JetBrains.ReSharper.Plugins.FSharp.Tests.Features.RemoveUnusedOpensTest.Multiple unused and used opens" methodname="Multiple unused and used opens" classname="RemoveUnusedOpensTest" result="Passed" duration="0.17" asserts="0">
                    <properties>
                      <property name="Category" value="QuickFixes" />
                    </properties>
                    <output><![CDATA[ReSharper LogPath is: C:\Users\berej\AppData\Local\Temp\JetLogs\ReSharperTests\resharper.log
Per-Test LogPath is: C:\Users\berej\AppData\Local\Temp\JetLogs\ReSharperTests\RemoveUnusedOpensTest\Multiple unused and used opens.log

]]></output>
                  </test-case>
                  <test-case name="Open with line comment" fullname="JetBrains.ReSharper.Plugins.FSharp.Tests.Features.RemoveUnusedOpensTest.Open with line comment" methodname="Open with line comment" classname="RemoveUnusedOpensTest" result="Passed" duration="0.108" asserts="0">
                    <properties>
                      <property name="Category" value="QuickFixes" />
                    </properties>
                    <output><![CDATA[ReSharper LogPath is: C:\Users\berej\AppData\Local\Temp\JetLogs\ReSharperTests\resharper.log
Per-Test LogPath is: C:\Users\berej\AppData\Local\Temp\JetLogs\ReSharperTests\RemoveUnusedOpensTest\Open with line comment.log

]]></output>
                  </test-case>
                  <test-case name="Single open" fullname="JetBrains.ReSharper.Plugins.FSharp.Tests.Features.RemoveUnusedOpensTest.Single open" methodname="Single open" classname="RemoveUnusedOpensTest" result="Passed" duration="0.102" asserts="0">
                    <properties>
                      <property name="Category" value="QuickFixes" />
                    </properties>
                    <output><![CDATA[ReSharper LogPath is: C:\Users\berej\AppData\Local\Temp\JetLogs\ReSharperTests\resharper.log
Per-Test LogPath is: C:\Users\berej\AppData\Local\Temp\JetLogs\ReSharperTests\RemoveUnusedOpensTest\Single open.log

]]></output>
                  </test-case>
                  <test-case name="Single open with semicolon" fullname="JetBrains.ReSharper.Plugins.FSharp.Tests.Features.RemoveUnusedOpensTest.Single open with semicolon" methodname="Single open with semicolon" classname="RemoveUnusedOpensTest" result="Passed" duration="0.11" asserts="0">
                    <properties>
                      <property name="Category" value="QuickFixes" />
                    </properties>
                    <output><![CDATA[ReSharper LogPath is: C:\Users\berej\AppData\Local\Temp\JetLogs\ReSharperTests\resharper.log
Per-Test LogPath is: C:\Users\berej\AppData\Local\Temp\JetLogs\ReSharperTests\RemoveUnusedOpensTest\Single open with semicolon.log

]]></output>
                  </test-case>
                </test-suite>
                <test-suite type="TestFixture" name="RemoveUnusedSelfIdVariableTest" fullname="JetBrains.ReSharper.Plugins.FSharp.Tests.Features.RemoveUnusedSelfIdVariableTest" total="7" passed="7" failed="0" inconclusive="0" skipped="0" result="Passed" duration="0.571">
                  <test-case name="Comments 01" fullname="JetBrains.ReSharper.Plugins.FSharp.Tests.Features.RemoveUnusedSelfIdVariableTest.Comments 01" methodname="Comments 01" classname="RemoveUnusedSelfIdVariableTest" result="Passed" duration="0.094" asserts="0">
                    <properties>
                      <property name="Category" value="QuickFixes" />
                    </properties>
                    <output><![CDATA[ReSharper LogPath is: C:\Users\berej\AppData\Local\Temp\JetLogs\ReSharperTests\resharper.log
Per-Test LogPath is: C:\Users\berej\AppData\Local\Temp\JetLogs\ReSharperTests\RemoveUnusedSelfIdVariableTest\Comments 01.log

]]></output>
                  </test-case>
                  <test-case name="Member ctor 01" fullname="JetBrains.ReSharper.Plugins.FSharp.Tests.Features.RemoveUnusedSelfIdVariableTest.Member ctor 01" methodname="Member ctor 01" classname="RemoveUnusedSelfIdVariableTest" result="Passed" duration="0.084" asserts="0">
                    <properties>
                      <property name="Category" value="QuickFixes" />
                    </properties>
                    <output><![CDATA[ReSharper LogPath is: C:\Users\berej\AppData\Local\Temp\JetLogs\ReSharperTests\resharper.log
Per-Test LogPath is: C:\Users\berej\AppData\Local\Temp\JetLogs\ReSharperTests\RemoveUnusedSelfIdVariableTest\Member ctor 01.log

]]></output>
                  </test-case>
                  <test-case name="Member ctor 02 - Add space" fullname="JetBrains.ReSharper.Plugins.FSharp.Tests.Features.RemoveUnusedSelfIdVariableTest.Member ctor 02 - Add space" methodname="Member ctor 02 - Add space" classname="RemoveUnusedSelfIdVariableTest" result="Passed" duration="0.082" asserts="0">
                    <properties>
                      <property name="Category" value="QuickFixes" />
                    </properties>
                    <output><![CDATA[ReSharper LogPath is: C:\Users\berej\AppData\Local\Temp\JetLogs\ReSharperTests\resharper.log
Per-Test LogPath is: C:\Users\berej\AppData\Local\Temp\JetLogs\ReSharperTests\RemoveUnusedSelfIdVariableTest\Member ctor 02 - Add space.log

]]></output>
                  </test-case>
                  <test-case name="Space 01 - Simple" fullname="JetBrains.ReSharper.Plugins.FSharp.Tests.Features.RemoveUnusedSelfIdVariableTest.Space 01 - Simple" methodname="Space 01 - Simple" classname="RemoveUnusedSelfIdVariableTest" result="Passed" duration="0.075" asserts="0">
                    <properties>
                      <property name="Category" value="QuickFixes" />
                    </properties>
                    <output><![CDATA[ReSharper LogPath is: C:\Users\berej\AppData\Local\Temp\JetLogs\ReSharperTests\resharper.log
Per-Test LogPath is: C:\Users\berej\AppData\Local\Temp\JetLogs\ReSharperTests\RemoveUnusedSelfIdVariableTest\Space 01 - Simple.log

]]></output>
                  </test-case>
                  <test-case name="Space 02 - Normalize" fullname="JetBrains.ReSharper.Plugins.FSharp.Tests.Features.RemoveUnusedSelfIdVariableTest.Space 02 - Normalize" methodname="Space 02 - Normalize" classname="RemoveUnusedSelfIdVariableTest" result="Passed" duration="0.082" asserts="0">
                    <properties>
                      <property name="Category" value="QuickFixes" />
                    </properties>
                    <output><![CDATA[ReSharper LogPath is: C:\Users\berej\AppData\Local\Temp\JetLogs\ReSharperTests\resharper.log
Per-Test LogPath is: C:\Users\berej\AppData\Local\Temp\JetLogs\ReSharperTests\RemoveUnusedSelfIdVariableTest\Space 02 - Normalize.log

]]></output>
                  </test-case>
                  <test-case name="Space 03 - Add space" fullname="JetBrains.ReSharper.Plugins.FSharp.Tests.Features.RemoveUnusedSelfIdVariableTest.Space 03 - Add space" methodname="Space 03 - Add space" classname="RemoveUnusedSelfIdVariableTest" result="Passed" duration="0.075" asserts="0">
                    <properties>
                      <property name="Category" value="QuickFixes" />
                    </properties>
                    <output><![CDATA[ReSharper LogPath is: C:\Users\berej\AppData\Local\Temp\JetLogs\ReSharperTests\resharper.log
Per-Test LogPath is: C:\Users\berej\AppData\Local\Temp\JetLogs\ReSharperTests\RemoveUnusedSelfIdVariableTest\Space 03 - Add space.log

]]></output>
                  </test-case>
                  <test-case name="Space 04 - Add space 2" fullname="JetBrains.ReSharper.Plugins.FSharp.Tests.Features.RemoveUnusedSelfIdVariableTest.Space 04 - Add space 2" methodname="Space 04 - Add space 2" classname="RemoveUnusedSelfIdVariableTest" result="Passed" duration="0.079" asserts="0">
                    <properties>
                      <property name="Category" value="QuickFixes" />
                    </properties>
                    <output><![CDATA[ReSharper LogPath is: C:\Users\berej\AppData\Local\Temp\JetLogs\ReSharperTests\resharper.log
Per-Test LogPath is: C:\Users\berej\AppData\Local\Temp\JetLogs\ReSharperTests\RemoveUnusedSelfIdVariableTest\Space 04 - Add space 2.log

]]></output>
                  </test-case>
                </test-suite>
                <test-suite type="TestFixture" name="RemoveYieldTest" fullname="JetBrains.ReSharper.Plugins.FSharp.Tests.Features.RemoveYieldTest" total="7" passed="7" failed="0" inconclusive="0" skipped="0" result="Passed" duration="0.519">
                  <test-case name="Return 01" fullname="JetBrains.ReSharper.Plugins.FSharp.Tests.Features.RemoveYieldTest.Return 01" methodname="Return 01" classname="RemoveYieldTest" result="Passed" duration="0.102" asserts="0">
                    <properties>
                      <property name="Category" value="QuickFixes" />
                    </properties>
                    <output><![CDATA[ReSharper LogPath is: C:\Users\berej\AppData\Local\Temp\JetLogs\ReSharperTests\resharper.log
Per-Test LogPath is: C:\Users\berej\AppData\Local\Temp\JetLogs\ReSharperTests\RemoveYieldTest\Return 01.log

]]></output>
                  </test-case>
                  <test-case name="Return 02 - Multiline" fullname="JetBrains.ReSharper.Plugins.FSharp.Tests.Features.RemoveYieldTest.Return 02 - Multiline" methodname="Return 02 - Multiline" classname="RemoveYieldTest" result="Passed" duration="0.074" asserts="0">
                    <properties>
                      <property name="Category" value="QuickFixes" />
                    </properties>
                    <output><![CDATA[ReSharper LogPath is: C:\Users\berej\AppData\Local\Temp\JetLogs\ReSharperTests\resharper.log
Per-Test LogPath is: C:\Users\berej\AppData\Local\Temp\JetLogs\ReSharperTests\RemoveYieldTest\Return 02 - Multiline.log

]]></output>
                  </test-case>
                  <test-case name="Return 03 - New line" fullname="JetBrains.ReSharper.Plugins.FSharp.Tests.Features.RemoveYieldTest.Return 03 - New line" methodname="Return 03 - New line" classname="RemoveYieldTest" result="Passed" duration="0.068" asserts="0">
                    <properties>
                      <property name="Category" value="QuickFixes" />
                    </properties>
                    <output><![CDATA[ReSharper LogPath is: C:\Users\berej\AppData\Local\Temp\JetLogs\ReSharperTests\resharper.log
Per-Test LogPath is: C:\Users\berej\AppData\Local\Temp\JetLogs\ReSharperTests\RemoveYieldTest\Return 03 - New line.log

]]></output>
                  </test-case>
                  <test-case name="Return! 01" fullname="JetBrains.ReSharper.Plugins.FSharp.Tests.Features.RemoveYieldTest.Return! 01" methodname="Return! 01" classname="RemoveYieldTest" result="Passed" duration="0.07" asserts="0">
                    <properties>
                      <property name="Category" value="QuickFixes" />
                    </properties>
                    <output><![CDATA[ReSharper LogPath is: C:\Users\berej\AppData\Local\Temp\JetLogs\ReSharperTests\resharper.log
Per-Test LogPath is: C:\Users\berej\AppData\Local\Temp\JetLogs\ReSharperTests\RemoveYieldTest\Return! 01.log

]]></output>
                  </test-case>
                  <test-case name="Yield 01" fullname="JetBrains.ReSharper.Plugins.FSharp.Tests.Features.RemoveYieldTest.Yield 01" methodname="Yield 01" classname="RemoveYieldTest" result="Passed" duration="0.071" asserts="0">
                    <properties>
                      <property name="Category" value="QuickFixes" />
                    </properties>
                    <output><![CDATA[ReSharper LogPath is: C:\Users\berej\AppData\Local\Temp\JetLogs\ReSharperTests\resharper.log
Per-Test LogPath is: C:\Users\berej\AppData\Local\Temp\JetLogs\ReSharperTests\RemoveYieldTest\Yield 01.log

]]></output>
                  </test-case>
                  <test-case name="Yield 02 - Comment" fullname="JetBrains.ReSharper.Plugins.FSharp.Tests.Features.RemoveYieldTest.Yield 02 - Comment" methodname="Yield 02 - Comment" classname="RemoveYieldTest" result="Passed" duration="0.066" asserts="0">
                    <properties>
                      <property name="Category" value="QuickFixes" />
                    </properties>
                    <output><![CDATA[ReSharper LogPath is: C:\Users\berej\AppData\Local\Temp\JetLogs\ReSharperTests\resharper.log
Per-Test LogPath is: C:\Users\berej\AppData\Local\Temp\JetLogs\ReSharperTests\RemoveYieldTest\Yield 02 - Comment.log

]]></output>
                  </test-case>
                  <test-case name="Yield! 01" fullname="JetBrains.ReSharper.Plugins.FSharp.Tests.Features.RemoveYieldTest.Yield! 01" methodname="Yield! 01" classname="RemoveYieldTest" result="Passed" duration="0.068" asserts="0">
                    <properties>
                      <property name="Category" value="QuickFixes" />
                    </properties>
                    <output><![CDATA[ReSharper LogPath is: C:\Users\berej\AppData\Local\Temp\JetLogs\ReSharperTests\resharper.log
Per-Test LogPath is: C:\Users\berej\AppData\Local\Temp\JetLogs\ReSharperTests\RemoveYieldTest\Yield! 01.log

]]></output>
                  </test-case>
                </test-suite>
                <test-suite type="TestFixture" name="ReplaceLetWithExpressionAvailabilityTest" fullname="JetBrains.ReSharper.Plugins.FSharp.Tests.Features.ReplaceLetWithExpressionAvailabilityTest" total="2" passed="2" failed="0" inconclusive="0" skipped="0" result="Passed" duration="0.168">
                  <test-case name="Text - Let 01" fullname="JetBrains.ReSharper.Plugins.FSharp.Tests.Features.ReplaceLetWithExpressionAvailabilityTest.Text - Let 01" methodname="Text - Let 01" classname="ReplaceLetWithExpressionAvailabilityTest" result="Passed" duration="0.09" asserts="0">
                    <properties>
                      <property name="Category" value="QuickFixes" />
                    </properties>
                    <output><![CDATA[ReSharper LogPath is: C:\Users\berej\AppData\Local\Temp\JetLogs\ReSharperTests\resharper.log
Per-Test LogPath is: C:\Users\berej\AppData\Local\Temp\JetLogs\ReSharperTests\ReplaceLetWithExpressionAvailabilityTest\Text - Let 01.log

]]></output>
                  </test-case>
                  <test-case name="Text - Use 01" fullname="JetBrains.ReSharper.Plugins.FSharp.Tests.Features.ReplaceLetWithExpressionAvailabilityTest.Text - Use 01" methodname="Text - Use 01" classname="ReplaceLetWithExpressionAvailabilityTest" result="Passed" duration="0.078" asserts="0">
                    <properties>
                      <property name="Category" value="QuickFixes" />
                    </properties>
                    <output><![CDATA[ReSharper LogPath is: C:\Users\berej\AppData\Local\Temp\JetLogs\ReSharperTests\resharper.log
Per-Test LogPath is: C:\Users\berej\AppData\Local\Temp\JetLogs\ReSharperTests\ReplaceLetWithExpressionAvailabilityTest\Text - Use 01.log

]]></output>
                  </test-case>
                </test-suite>
                <test-suite type="TestFixture" name="ReplaceLetWithExpressionTest" fullname="JetBrains.ReSharper.Plugins.FSharp.Tests.Features.ReplaceLetWithExpressionTest" total="6" passed="6" failed="0" inconclusive="0" skipped="0" result="Passed" duration="0.471">
                  <test-case name="In 01" fullname="JetBrains.ReSharper.Plugins.FSharp.Tests.Features.ReplaceLetWithExpressionTest.In 01" methodname="In 01" classname="ReplaceLetWithExpressionTest" result="Passed" duration="0.095" asserts="0">
                    <properties>
                      <property name="Category" value="QuickFixes" />
                    </properties>
                    <output><![CDATA[ReSharper LogPath is: C:\Users\berej\AppData\Local\Temp\JetLogs\ReSharperTests\resharper.log
Per-Test LogPath is: C:\Users\berej\AppData\Local\Temp\JetLogs\ReSharperTests\ReplaceLetWithExpressionTest\In 01.log

]]></output>
                  </test-case>
                  <test-case name="In 02 - Inline" fullname="JetBrains.ReSharper.Plugins.FSharp.Tests.Features.ReplaceLetWithExpressionTest.In 02 - Inline" methodname="In 02 - Inline" classname="ReplaceLetWithExpressionTest" result="Passed" duration="0.079" asserts="0">
                    <properties>
                      <property name="Category" value="QuickFixes" />
                    </properties>
                    <output><![CDATA[ReSharper LogPath is: C:\Users\berej\AppData\Local\Temp\JetLogs\ReSharperTests\resharper.log
Per-Test LogPath is: C:\Users\berej\AppData\Local\Temp\JetLogs\ReSharperTests\ReplaceLetWithExpressionTest\In 02 - Inline.log

]]></output>
                  </test-case>
                  <test-case name="In 03 - Before other" fullname="JetBrains.ReSharper.Plugins.FSharp.Tests.Features.ReplaceLetWithExpressionTest.In 03 - Before other" methodname="In 03 - Before other" classname="ReplaceLetWithExpressionTest" result="Passed" duration="0.079" asserts="0">
                    <properties>
                      <property name="Category" value="QuickFixes" />
                    </properties>
                    <output><![CDATA[ReSharper LogPath is: C:\Users\berej\AppData\Local\Temp\JetLogs\ReSharperTests\resharper.log
Per-Test LogPath is: C:\Users\berej\AppData\Local\Temp\JetLogs\ReSharperTests\ReplaceLetWithExpressionTest\In 03 - Before other.log

]]></output>
                  </test-case>
                  <test-case name="Inside other 01 - If" fullname="JetBrains.ReSharper.Plugins.FSharp.Tests.Features.ReplaceLetWithExpressionTest.Inside other 01 - If" methodname="Inside other 01 - If" classname="ReplaceLetWithExpressionTest" result="Passed" duration="0.072" asserts="0">
                    <properties>
                      <property name="Category" value="QuickFixes" />
                    </properties>
                    <output><![CDATA[ReSharper LogPath is: C:\Users\berej\AppData\Local\Temp\JetLogs\ReSharperTests\resharper.log
Per-Test LogPath is: C:\Users\berej\AppData\Local\Temp\JetLogs\ReSharperTests\ReplaceLetWithExpressionTest\Inside other 01 - If.log

]]></output>
                  </test-case>
                  <test-case name="Simple 01" fullname="JetBrains.ReSharper.Plugins.FSharp.Tests.Features.ReplaceLetWithExpressionTest.Simple 01" methodname="Simple 01" classname="ReplaceLetWithExpressionTest" result="Passed" duration="0.077" asserts="0">
                    <properties>
                      <property name="Category" value="QuickFixes" />
                    </properties>
                    <output><![CDATA[ReSharper LogPath is: C:\Users\berej\AppData\Local\Temp\JetLogs\ReSharperTests\resharper.log
Per-Test LogPath is: C:\Users\berej\AppData\Local\Temp\JetLogs\ReSharperTests\ReplaceLetWithExpressionTest\Simple 01.log

]]></output>
                  </test-case>
                  <test-case name="Use 01" fullname="JetBrains.ReSharper.Plugins.FSharp.Tests.Features.ReplaceLetWithExpressionTest.Use 01" methodname="Use 01" classname="ReplaceLetWithExpressionTest" result="Passed" duration="0.069" asserts="0">
                    <properties>
                      <property name="Category" value="QuickFixes" />
                    </properties>
                    <output><![CDATA[ReSharper LogPath is: C:\Users\berej\AppData\Local\Temp\JetLogs\ReSharperTests\resharper.log
Per-Test LogPath is: C:\Users\berej\AppData\Local\Temp\JetLogs\ReSharperTests\ReplaceLetWithExpressionTest\Use 01.log

]]></output>
                  </test-case>
                </test-suite>
                <test-suite type="TestFixture" name="ReplaceUseWithLet" fullname="JetBrains.ReSharper.Plugins.FSharp.Tests.Features.ReplaceUseWithLet" total="2" passed="2" failed="0" inconclusive="0" skipped="0" result="Passed" duration="0.173">
                  <test-case name="Module 01" fullname="JetBrains.ReSharper.Plugins.FSharp.Tests.Features.ReplaceUseWithLet.Module 01" methodname="Module 01" classname="ReplaceUseWithLet" result="Passed" duration="0.091" asserts="0">
                    <properties>
                      <property name="Category" value="QuickFixes" />
                    </properties>
                    <output><![CDATA[ReSharper LogPath is: C:\Users\berej\AppData\Local\Temp\JetLogs\ReSharperTests\resharper.log
Per-Test LogPath is: C:\Users\berej\AppData\Local\Temp\JetLogs\ReSharperTests\ReplaceUseWithLet\Module 01.log

]]></output>
                  </test-case>
                  <test-case name="Type let binding 01" fullname="JetBrains.ReSharper.Plugins.FSharp.Tests.Features.ReplaceUseWithLet.Type let binding 01" methodname="Type let binding 01" classname="ReplaceUseWithLet" result="Passed" duration="0.082" asserts="0">
                    <properties>
                      <property name="Category" value="QuickFixes" />
                    </properties>
                    <output><![CDATA[ReSharper LogPath is: C:\Users\berej\AppData\Local\Temp\JetLogs\ReSharperTests\resharper.log
Per-Test LogPath is: C:\Users\berej\AppData\Local\Temp\JetLogs\ReSharperTests\ReplaceUseWithLet\Type let binding 01.log

]]></output>
                  </test-case>
                </test-suite>
                <test-suite type="TestFixture" name="ReplaceWithAssignmentExpressionAvailabilityTest" fullname="JetBrains.ReSharper.Plugins.FSharp.Tests.Features.ReplaceWithAssignmentExpressionAvailabilityTest" total="5" passed="5" failed="0" inconclusive="0" skipped="0" result="Passed" duration="0.477">
                  <test-case name="ReferenceExpr 1 - Not mutable field, not available" fullname="JetBrains.ReSharper.Plugins.FSharp.Tests.Features.ReplaceWithAssignmentExpressionAvailabilityTest.ReferenceExpr 1 - Not mutable field, not available" methodname="ReferenceExpr 1 - Not mutable field, not available" classname="ReplaceWithAssignmentExpressionAvailabilityTest" result="Passed" duration="0.12" asserts="0">
                    <properties>
                      <property name="Category" value="QuickFixes" />
                    </properties>
                    <output><![CDATA[ReSharper LogPath is: C:\Users\berej\AppData\Local\Temp\JetLogs\ReSharperTests\resharper.log
Per-Test LogPath is: C:\Users\berej\AppData\Local\Temp\JetLogs\ReSharperTests\ReplaceWithAssignmentExpressionAvailabilityTest\ReferenceExpr 1 - Not mutable field, not available.log

]]></output>
                  </test-case>
                  <test-case name="ReferenceExpr 2 - Not mutable member, not available" fullname="JetBrains.ReSharper.Plugins.FSharp.Tests.Features.ReplaceWithAssignmentExpressionAvailabilityTest.ReferenceExpr 2 - Not mutable member, not available" methodname="ReferenceExpr 2 - Not mutable member, not available" classname="ReplaceWithAssignmentExpressionAvailabilityTest" result="Passed" duration="0.088" asserts="0">
                    <properties>
                      <property name="Category" value="QuickFixes" />
                    </properties>
                    <output><![CDATA[ReSharper LogPath is: C:\Users\berej\AppData\Local\Temp\JetLogs\ReSharperTests\resharper.log
Per-Test LogPath is: C:\Users\berej\AppData\Local\Temp\JetLogs\ReSharperTests\ReplaceWithAssignmentExpressionAvailabilityTest\ReferenceExpr 2 - Not mutable member, not available.log

]]></output>
                  </test-case>
                  <test-case name="ReferenceExpr 3 - Function arg, not available" fullname="JetBrains.ReSharper.Plugins.FSharp.Tests.Features.ReplaceWithAssignmentExpressionAvailabilityTest.ReferenceExpr 3 - Function arg, not available" methodname="ReferenceExpr 3 - Function arg, not available" classname="ReplaceWithAssignmentExpressionAvailabilityTest" result="Passed" duration="0.078" asserts="0">
                    <properties>
                      <property name="Category" value="QuickFixes" />
                    </properties>
                    <output><![CDATA[ReSharper LogPath is: C:\Users\berej\AppData\Local\Temp\JetLogs\ReSharperTests\resharper.log
Per-Test LogPath is: C:\Users\berej\AppData\Local\Temp\JetLogs\ReSharperTests\ReplaceWithAssignmentExpressionAvailabilityTest\ReferenceExpr 3 - Function arg, not available.log

]]></output>
                  </test-case>
                  <test-case name="ReferenceExpr 4 - Pattern matching, not available" fullname="JetBrains.ReSharper.Plugins.FSharp.Tests.Features.ReplaceWithAssignmentExpressionAvailabilityTest.ReferenceExpr 4 - Pattern matching, not available" methodname="ReferenceExpr 4 - Pattern matching, not available" classname="ReplaceWithAssignmentExpressionAvailabilityTest" result="Passed" duration="0.082" asserts="0">
                    <properties>
                      <property name="Category" value="QuickFixes" />
                    </properties>
                    <output><![CDATA[ReSharper LogPath is: C:\Users\berej\AppData\Local\Temp\JetLogs\ReSharperTests\resharper.log
Per-Test LogPath is: C:\Users\berej\AppData\Local\Temp\JetLogs\ReSharperTests\ReplaceWithAssignmentExpressionAvailabilityTest\ReferenceExpr 4 - Pattern matching, not available.log

]]></output>
                  </test-case>
                  <test-case name="ReferenceExpr 5 - Compiled record, not available" fullname="JetBrains.ReSharper.Plugins.FSharp.Tests.Features.ReplaceWithAssignmentExpressionAvailabilityTest.ReferenceExpr 5 - Compiled record, not available" methodname="ReferenceExpr 5 - Compiled record, not available" classname="ReplaceWithAssignmentExpressionAvailabilityTest" result="Passed" duration="0.109" asserts="0">
                    <properties>
                      <property name="Category" value="QuickFixes" />
                    </properties>
                    <output><![CDATA[ReSharper LogPath is: C:\Users\berej\AppData\Local\Temp\JetLogs\ReSharperTests\resharper.log
Per-Test LogPath is: C:\Users\berej\AppData\Local\Temp\JetLogs\ReSharperTests\ReplaceWithAssignmentExpressionAvailabilityTest\ReferenceExpr 5 - Compiled record, not available.log

]]></output>
                  </test-case>
                </test-suite>
                <test-suite type="TestFixture" name="ReplaceWithAssignmentExpressionTest" fullname="JetBrains.ReSharper.Plugins.FSharp.Tests.Features.ReplaceWithAssignmentExpressionTest" total="5" passed="5" failed="0" inconclusive="0" skipped="0" result="Passed" duration="0.407">
                  <test-case name="IndexerExpr" fullname="JetBrains.ReSharper.Plugins.FSharp.Tests.Features.ReplaceWithAssignmentExpressionTest.IndexerExpr" methodname="IndexerExpr" classname="ReplaceWithAssignmentExpressionTest" result="Passed" duration="0.078" asserts="0">
                    <properties>
                      <property name="Category" value="QuickFixes" />
                    </properties>
                    <output><![CDATA[ReSharper LogPath is: C:\Users\berej\AppData\Local\Temp\JetLogs\ReSharperTests\resharper.log
Per-Test LogPath is: C:\Users\berej\AppData\Local\Temp\JetLogs\ReSharperTests\ReplaceWithAssignmentExpressionTest\IndexerExpr.log

]]></output>
                  </test-case>
                  <test-case name="ReferenceExpr 1 - Variable" fullname="JetBrains.ReSharper.Plugins.FSharp.Tests.Features.ReplaceWithAssignmentExpressionTest.ReferenceExpr 1 - Variable" methodname="ReferenceExpr 1 - Variable" classname="ReplaceWithAssignmentExpressionTest" result="Passed" duration="0.077" asserts="0">
                    <properties>
                      <property name="Category" value="QuickFixes" />
                    </properties>
                    <output><![CDATA[ReSharper LogPath is: C:\Users\berej\AppData\Local\Temp\JetLogs\ReSharperTests\resharper.log
Per-Test LogPath is: C:\Users\berej\AppData\Local\Temp\JetLogs\ReSharperTests\ReplaceWithAssignmentExpressionTest\ReferenceExpr 1 - Variable.log

]]></output>
                  </test-case>
                  <test-case name="ReferenceExpr 2 - Record field" fullname="JetBrains.ReSharper.Plugins.FSharp.Tests.Features.ReplaceWithAssignmentExpressionTest.ReferenceExpr 2 - Record field" methodname="ReferenceExpr 2 - Record field" classname="ReplaceWithAssignmentExpressionTest" result="Passed" duration="0.086" asserts="0">
                    <properties>
                      <property name="Category" value="QuickFixes" />
                    </properties>
                    <output><![CDATA[ReSharper LogPath is: C:\Users\berej\AppData\Local\Temp\JetLogs\ReSharperTests\resharper.log
Per-Test LogPath is: C:\Users\berej\AppData\Local\Temp\JetLogs\ReSharperTests\ReplaceWithAssignmentExpressionTest\ReferenceExpr 2 - Record field.log

]]></output>
                  </test-case>
                  <test-case name="ReferenceExpr 3 - Mutable field" fullname="JetBrains.ReSharper.Plugins.FSharp.Tests.Features.ReplaceWithAssignmentExpressionTest.ReferenceExpr 3 - Mutable field" methodname="ReferenceExpr 3 - Mutable field" classname="ReplaceWithAssignmentExpressionTest" result="Passed" duration="0.083" asserts="0">
                    <properties>
                      <property name="Category" value="QuickFixes" />
                    </properties>
                    <output><![CDATA[ReSharper LogPath is: C:\Users\berej\AppData\Local\Temp\JetLogs\ReSharperTests\resharper.log
Per-Test LogPath is: C:\Users\berej\AppData\Local\Temp\JetLogs\ReSharperTests\ReplaceWithAssignmentExpressionTest\ReferenceExpr 3 - Mutable field.log

]]></output>
                  </test-case>
                  <test-case name="ReferenceExpr 4 - Mutable member" fullname="JetBrains.ReSharper.Plugins.FSharp.Tests.Features.ReplaceWithAssignmentExpressionTest.ReferenceExpr 4 - Mutable member" methodname="ReferenceExpr 4 - Mutable member" classname="ReplaceWithAssignmentExpressionTest" result="Passed" duration="0.083" asserts="0">
                    <properties>
                      <property name="Category" value="QuickFixes" />
                    </properties>
                    <output><![CDATA[ReSharper LogPath is: C:\Users\berej\AppData\Local\Temp\JetLogs\ReSharperTests\resharper.log
Per-Test LogPath is: C:\Users\berej\AppData\Local\Temp\JetLogs\ReSharperTests\ReplaceWithAssignmentExpressionTest\ReferenceExpr 4 - Mutable member.log

]]></output>
                  </test-case>
                </test-suite>
                <test-suite type="TestFixture" name="ReplaceWithWildPatAvailabilityTest" fullname="JetBrains.ReSharper.Plugins.FSharp.Tests.Features.ReplaceWithWildPatAvailabilityTest" total="10" passed="10" failed="0" inconclusive="0" skipped="0" result="Passed" duration="0.856">
                  <test-case name="Availability - Binding pattern" fullname="JetBrains.ReSharper.Plugins.FSharp.Tests.Features.ReplaceWithWildPatAvailabilityTest.Availability - Binding pattern" methodname="Availability - Binding pattern" classname="ReplaceWithWildPatAvailabilityTest" result="Passed" duration="0.097" asserts="0">
                    <properties>
                      <property name="Category" value="QuickFixes" />
                    </properties>
                    <output><![CDATA[ReSharper LogPath is: C:\Users\berej\AppData\Local\Temp\JetLogs\ReSharperTests\resharper.log
Per-Test LogPath is: C:\Users\berej\AppData\Local\Temp\JetLogs\ReSharperTests\ReplaceWithWildPatAvailabilityTest\Availability - Binding pattern.log

]]></output>
                  </test-case>
                  <test-case name="Availability - Match clause pattern - parameters owner pat" fullname="JetBrains.ReSharper.Plugins.FSharp.Tests.Features.ReplaceWithWildPatAvailabilityTest.Availability - Match clause pattern - parameters owner pat" methodname="Availability - Match clause pattern - parameters owner pat" classname="ReplaceWithWildPatAvailabilityTest" result="Passed" duration="0.082" asserts="0">
                    <properties>
                      <property name="Category" value="QuickFixes" />
                    </properties>
                    <output><![CDATA[ReSharper LogPath is: C:\Users\berej\AppData\Local\Temp\JetLogs\ReSharperTests\resharper.log
Per-Test LogPath is: C:\Users\berej\AppData\Local\Temp\JetLogs\ReSharperTests\ReplaceWithWildPatAvailabilityTest\Availability - Match clause pattern - parameters owner pat.log

]]></output>
                  </test-case>
                  <test-case name="Availability - Match clause pattern - simple pat" fullname="JetBrains.ReSharper.Plugins.FSharp.Tests.Features.ReplaceWithWildPatAvailabilityTest.Availability - Match clause pattern - simple pat" methodname="Availability - Match clause pattern - simple pat" classname="ReplaceWithWildPatAvailabilityTest" result="Passed" duration="0.075" asserts="0">
                    <properties>
                      <property name="Category" value="QuickFixes" />
                    </properties>
                    <output><![CDATA[ReSharper LogPath is: C:\Users\berej\AppData\Local\Temp\JetLogs\ReSharperTests\resharper.log
Per-Test LogPath is: C:\Users\berej\AppData\Local\Temp\JetLogs\ReSharperTests\ReplaceWithWildPatAvailabilityTest\Availability - Match clause pattern - simple pat.log

]]></output>
                  </test-case>
                  <test-case name="Availability - Parameters list - lambda" fullname="JetBrains.ReSharper.Plugins.FSharp.Tests.Features.ReplaceWithWildPatAvailabilityTest.Availability - Parameters list - lambda" methodname="Availability - Parameters list - lambda" classname="ReplaceWithWildPatAvailabilityTest" result="Passed" duration="0.083" asserts="0">
                    <properties>
                      <property name="Category" value="QuickFixes" />
                    </properties>
                    <output><![CDATA[ReSharper LogPath is: C:\Users\berej\AppData\Local\Temp\JetLogs\ReSharperTests\resharper.log
Per-Test LogPath is: C:\Users\berej\AppData\Local\Temp\JetLogs\ReSharperTests\ReplaceWithWildPatAvailabilityTest\Availability - Parameters list - lambda.log

]]></output>
                  </test-case>
                  <test-case name="Availability - Parameters list - method" fullname="JetBrains.ReSharper.Plugins.FSharp.Tests.Features.ReplaceWithWildPatAvailabilityTest.Availability - Parameters list - method" methodname="Availability - Parameters list - method" classname="ReplaceWithWildPatAvailabilityTest" result="Passed" duration="0.087" asserts="0">
                    <properties>
                      <property name="Category" value="QuickFixes" />
                    </properties>
                    <output><![CDATA[ReSharper LogPath is: C:\Users\berej\AppData\Local\Temp\JetLogs\ReSharperTests\resharper.log
Per-Test LogPath is: C:\Users\berej\AppData\Local\Temp\JetLogs\ReSharperTests\ReplaceWithWildPatAvailabilityTest\Availability - Parameters list - method.log

]]></output>
                  </test-case>
                  <test-case name="Not available - Ctor 01" fullname="JetBrains.ReSharper.Plugins.FSharp.Tests.Features.ReplaceWithWildPatAvailabilityTest.Not available - Ctor 01" methodname="Not available - Ctor 01" classname="ReplaceWithWildPatAvailabilityTest" result="Passed" duration="0.082" asserts="0">
                    <properties>
                      <property name="Category" value="QuickFixes" />
                    </properties>
                    <output><![CDATA[ReSharper LogPath is: C:\Users\berej\AppData\Local\Temp\JetLogs\ReSharperTests\resharper.log
Per-Test LogPath is: C:\Users\berej\AppData\Local\Temp\JetLogs\ReSharperTests\ReplaceWithWildPatAvailabilityTest\Not available - Ctor 01.log

]]></output>
                  </test-case>
                  <test-case name="Not available - Let - Attribute 01" fullname="JetBrains.ReSharper.Plugins.FSharp.Tests.Features.ReplaceWithWildPatAvailabilityTest.Not available - Let - Attribute 01" methodname="Not available - Let - Attribute 01" classname="ReplaceWithWildPatAvailabilityTest" result="Passed" duration="0.088" asserts="0">
                    <properties>
                      <property name="Category" value="QuickFixes" />
                    </properties>
                    <output><![CDATA[ReSharper LogPath is: C:\Users\berej\AppData\Local\Temp\JetLogs\ReSharperTests\resharper.log
Per-Test LogPath is: C:\Users\berej\AppData\Local\Temp\JetLogs\ReSharperTests\ReplaceWithWildPatAvailabilityTest\Not available - Let - Attribute 01.log

]]></output>
                  </test-case>
                  <test-case name="Not available - Let - Attribute 02 - Parens" fullname="JetBrains.ReSharper.Plugins.FSharp.Tests.Features.ReplaceWithWildPatAvailabilityTest.Not available - Let - Attribute 02 - Parens" methodname="Not available - Let - Attribute 02 - Parens" classname="ReplaceWithWildPatAvailabilityTest" result="Passed" duration="0.084" asserts="0">
                    <properties>
                      <property name="Category" value="QuickFixes" />
                    </properties>
                    <output><![CDATA[ReSharper LogPath is: C:\Users\berej\AppData\Local\Temp\JetLogs\ReSharperTests\resharper.log
Per-Test LogPath is: C:\Users\berej\AppData\Local\Temp\JetLogs\ReSharperTests\ReplaceWithWildPatAvailabilityTest\Not available - Let - Attribute 02 - Parens.log

]]></output>
                  </test-case>
                  <test-case name="Not available - Let - Attribute 03 - Typed" fullname="JetBrains.ReSharper.Plugins.FSharp.Tests.Features.ReplaceWithWildPatAvailabilityTest.Not available - Let - Attribute 03 - Typed" methodname="Not available - Let - Attribute 03 - Typed" classname="ReplaceWithWildPatAvailabilityTest" result="Passed" duration="0.087" asserts="0">
                    <properties>
                      <property name="Category" value="QuickFixes" />
                    </properties>
                    <output><![CDATA[ReSharper LogPath is: C:\Users\berej\AppData\Local\Temp\JetLogs\ReSharperTests\resharper.log
Per-Test LogPath is: C:\Users\berej\AppData\Local\Temp\JetLogs\ReSharperTests\ReplaceWithWildPatAvailabilityTest\Not available - Let - Attribute 03 - Typed.log

]]></output>
                  </test-case>
                  <test-case name="Not available - Let - Attribute 04 - Typed" fullname="JetBrains.ReSharper.Plugins.FSharp.Tests.Features.ReplaceWithWildPatAvailabilityTest.Not available - Let - Attribute 04 - Typed" methodname="Not available - Let - Attribute 04 - Typed" classname="ReplaceWithWildPatAvailabilityTest" result="Passed" duration="0.091" asserts="0">
                    <properties>
                      <property name="Category" value="QuickFixes" />
                    </properties>
                    <output><![CDATA[ReSharper LogPath is: C:\Users\berej\AppData\Local\Temp\JetLogs\ReSharperTests\resharper.log
Per-Test LogPath is: C:\Users\berej\AppData\Local\Temp\JetLogs\ReSharperTests\ReplaceWithWildPatAvailabilityTest\Not available - Let - Attribute 04 - Typed.log

]]></output>
                  </test-case>
                </test-suite>
                <test-suite type="TestFixture" name="ReplaceWithWildPatTest" fullname="JetBrains.ReSharper.Plugins.FSharp.Tests.Features.ReplaceWithWildPatTest" total="16" passed="16" failed="0" inconclusive="0" skipped="0" result="Passed" duration="1.504">
                  <test-case name="Binding pattern" fullname="JetBrains.ReSharper.Plugins.FSharp.Tests.Features.ReplaceWithWildPatTest.Binding pattern" methodname="Binding pattern" classname="ReplaceWithWildPatTest" result="Passed" duration="0.124" asserts="0">
                    <properties>
                      <property name="Category" value="QuickFixes" />
                    </properties>
                    <output><![CDATA[ReSharper LogPath is: C:\Users\berej\AppData\Local\Temp\JetLogs\ReSharperTests\resharper.log
Per-Test LogPath is: C:\Users\berej\AppData\Local\Temp\JetLogs\ReSharperTests\ReplaceWithWildPatTest\Binding pattern.log

]]></output>
                  </test-case>
                  <test-case name="Lambda 01" fullname="JetBrains.ReSharper.Plugins.FSharp.Tests.Features.ReplaceWithWildPatTest.Lambda 01" methodname="Lambda 01" classname="ReplaceWithWildPatTest" result="Passed" duration="0.075" asserts="0">
                    <properties>
                      <property name="Category" value="QuickFixes" />
                    </properties>
                    <output><![CDATA[ReSharper LogPath is: C:\Users\berej\AppData\Local\Temp\JetLogs\ReSharperTests\resharper.log
Per-Test LogPath is: C:\Users\berej\AppData\Local\Temp\JetLogs\ReSharperTests\ReplaceWithWildPatTest\Lambda 01.log

]]></output>
                  </test-case>
                  <test-case name="Let - Bang 01" fullname="JetBrains.ReSharper.Plugins.FSharp.Tests.Features.ReplaceWithWildPatTest.Let - Bang 01" methodname="Let - Bang 01" classname="ReplaceWithWildPatTest" result="Passed" duration="0.083" asserts="0">
                    <properties>
                      <property name="Category" value="QuickFixes" />
                    </properties>
                    <output><![CDATA[ReSharper LogPath is: C:\Users\berej\AppData\Local\Temp\JetLogs\ReSharperTests\resharper.log
Per-Test LogPath is: C:\Users\berej\AppData\Local\Temp\JetLogs\ReSharperTests\ReplaceWithWildPatTest\Let - Bang 01.log

]]></output>
                  </test-case>
                  <test-case name="Let - Value 01" fullname="JetBrains.ReSharper.Plugins.FSharp.Tests.Features.ReplaceWithWildPatTest.Let - Value 01" methodname="Let - Value 01" classname="ReplaceWithWildPatTest" result="Passed" duration="0.081" asserts="0">
                    <properties>
                      <property name="Category" value="QuickFixes" />
                    </properties>
                    <output><![CDATA[ReSharper LogPath is: C:\Users\berej\AppData\Local\Temp\JetLogs\ReSharperTests\resharper.log
Per-Test LogPath is: C:\Users\berej\AppData\Local\Temp\JetLogs\ReSharperTests\ReplaceWithWildPatTest\Let - Value 01.log

]]></output>
                  </test-case>
                  <test-case name="Match clause pat 01" fullname="JetBrains.ReSharper.Plugins.FSharp.Tests.Features.ReplaceWithWildPatTest.Match clause pat 01" methodname="Match clause pat 01" classname="ReplaceWithWildPatTest" result="Passed" duration="0.072" asserts="0">
                    <properties>
                      <property name="Category" value="QuickFixes" />
                    </properties>
                    <output><![CDATA[ReSharper LogPath is: C:\Users\berej\AppData\Local\Temp\JetLogs\ReSharperTests\resharper.log
Per-Test LogPath is: C:\Users\berej\AppData\Local\Temp\JetLogs\ReSharperTests\ReplaceWithWildPatTest\Match clause pat 01.log

]]></output>
                  </test-case>
                  <test-case name="Match clause pattern - parameters owner pat" fullname="JetBrains.ReSharper.Plugins.FSharp.Tests.Features.ReplaceWithWildPatTest.Match clause pattern - parameters owner pat" methodname="Match clause pattern - parameters owner pat" classname="ReplaceWithWildPatTest" result="Passed" duration="0.103" asserts="0">
                    <properties>
                      <property name="Category" value="QuickFixes" />
                    </properties>
                    <output><![CDATA[ReSharper LogPath is: C:\Users\berej\AppData\Local\Temp\JetLogs\ReSharperTests\resharper.log
Per-Test LogPath is: C:\Users\berej\AppData\Local\Temp\JetLogs\ReSharperTests\ReplaceWithWildPatTest\Match clause pattern - parameters owner pat.log

]]></output>
                  </test-case>
                  <test-case name="Match clause pattern - simple pat" fullname="JetBrains.ReSharper.Plugins.FSharp.Tests.Features.ReplaceWithWildPatTest.Match clause pattern - simple pat" methodname="Match clause pattern - simple pat" classname="ReplaceWithWildPatTest" result="Passed" duration="0.098" asserts="0">
                    <properties>
                      <property name="Category" value="QuickFixes" />
                    </properties>
                    <output><![CDATA[ReSharper LogPath is: C:\Users\berej\AppData\Local\Temp\JetLogs\ReSharperTests\resharper.log
Per-Test LogPath is: C:\Users\berej\AppData\Local\Temp\JetLogs\ReSharperTests\ReplaceWithWildPatTest\Match clause pattern - simple pat.log

]]></output>
                  </test-case>
                  <test-case name="Param - Function 01" fullname="JetBrains.ReSharper.Plugins.FSharp.Tests.Features.ReplaceWithWildPatTest.Param - Function 01" methodname="Param - Function 01" classname="ReplaceWithWildPatTest" result="Passed" duration="0.08" asserts="0">
                    <properties>
                      <property name="Category" value="QuickFixes" />
                    </properties>
                    <output><![CDATA[ReSharper LogPath is: C:\Users\berej\AppData\Local\Temp\JetLogs\ReSharperTests\resharper.log
Per-Test LogPath is: C:\Users\berej\AppData\Local\Temp\JetLogs\ReSharperTests\ReplaceWithWildPatTest\Param - Function 01.log

]]></output>
                  </test-case>
                  <test-case name="Param - Function 02" fullname="JetBrains.ReSharper.Plugins.FSharp.Tests.Features.ReplaceWithWildPatTest.Param - Function 02" methodname="Param - Function 02" classname="ReplaceWithWildPatTest" result="Passed" duration="0.068" asserts="0">
                    <properties>
                      <property name="Category" value="QuickFixes" />
                    </properties>
                    <output><![CDATA[ReSharper LogPath is: C:\Users\berej\AppData\Local\Temp\JetLogs\ReSharperTests\resharper.log
Per-Test LogPath is: C:\Users\berej\AppData\Local\Temp\JetLogs\ReSharperTests\ReplaceWithWildPatTest\Param - Function 02.log

]]></output>
                  </test-case>
                  <test-case name="Param - Method 01" fullname="JetBrains.ReSharper.Plugins.FSharp.Tests.Features.ReplaceWithWildPatTest.Param - Method 01" methodname="Param - Method 01" classname="ReplaceWithWildPatTest" result="Passed" duration="0.083" asserts="0">
                    <properties>
                      <property name="Category" value="QuickFixes" />
                    </properties>
                    <output><![CDATA[ReSharper LogPath is: C:\Users\berej\AppData\Local\Temp\JetLogs\ReSharperTests\resharper.log
Per-Test LogPath is: C:\Users\berej\AppData\Local\Temp\JetLogs\ReSharperTests\ReplaceWithWildPatTest\Param - Method 01.log

]]></output>
                  </test-case>
                  <test-case name="Parameters list - lambda" fullname="JetBrains.ReSharper.Plugins.FSharp.Tests.Features.ReplaceWithWildPatTest.Parameters list - lambda" methodname="Parameters list - lambda" classname="ReplaceWithWildPatTest" result="Passed" duration="0.095" asserts="0">
                    <properties>
                      <property name="Category" value="QuickFixes" />
                    </properties>
                    <output><![CDATA[ReSharper LogPath is: C:\Users\berej\AppData\Local\Temp\JetLogs\ReSharperTests\resharper.log
Per-Test LogPath is: C:\Users\berej\AppData\Local\Temp\JetLogs\ReSharperTests\ReplaceWithWildPatTest\Parameters list - lambda.log

]]></output>
                  </test-case>
                  <test-case name="Parameters list - method" fullname="JetBrains.ReSharper.Plugins.FSharp.Tests.Features.ReplaceWithWildPatTest.Parameters list - method" methodname="Parameters list - method" classname="ReplaceWithWildPatTest" result="Passed" duration="0.11" asserts="0">
                    <properties>
                      <property name="Category" value="QuickFixes" />
                    </properties>
                    <output><![CDATA[ReSharper LogPath is: C:\Users\berej\AppData\Local\Temp\JetLogs\ReSharperTests\resharper.log
Per-Test LogPath is: C:\Users\berej\AppData\Local\Temp\JetLogs\ReSharperTests\ReplaceWithWildPatTest\Parameters list - method.log

]]></output>
                  </test-case>
                  <test-case name="Parameters list - parameter with attribute" fullname="JetBrains.ReSharper.Plugins.FSharp.Tests.Features.ReplaceWithWildPatTest.Parameters list - parameter with attribute" methodname="Parameters list - parameter with attribute" classname="ReplaceWithWildPatTest" result="Passed" duration="0.107" asserts="0">
                    <properties>
                      <property name="Category" value="QuickFixes" />
                    </properties>
                    <output><![CDATA[ReSharper LogPath is: C:\Users\berej\AppData\Local\Temp\JetLogs\ReSharperTests\resharper.log
Per-Test LogPath is: C:\Users\berej\AppData\Local\Temp\JetLogs\ReSharperTests\ReplaceWithWildPatTest\Parameters list - parameter with attribute.log

]]></output>
                  </test-case>
                  <test-case name="Parameters list - typed parameter with attribute" fullname="JetBrains.ReSharper.Plugins.FSharp.Tests.Features.ReplaceWithWildPatTest.Parameters list - typed parameter with attribute" methodname="Parameters list - typed parameter with attribute" classname="ReplaceWithWildPatTest" result="Passed" duration="0.115" asserts="0">
                    <properties>
                      <property name="Category" value="QuickFixes" />
                    </properties>
                    <output><![CDATA[ReSharper LogPath is: C:\Users\berej\AppData\Local\Temp\JetLogs\ReSharperTests\resharper.log
Per-Test LogPath is: C:\Users\berej\AppData\Local\Temp\JetLogs\ReSharperTests\ReplaceWithWildPatTest\Parameters list - typed parameter with attribute.log

]]></output>
                  </test-case>
                  <test-case name="Pattern 01" fullname="JetBrains.ReSharper.Plugins.FSharp.Tests.Features.ReplaceWithWildPatTest.Pattern 01" methodname="Pattern 01" classname="ReplaceWithWildPatTest" result="Passed" duration="0.077" asserts="0">
                    <properties>
                      <property name="Category" value="QuickFixes" />
                    </properties>
                    <output><![CDATA[ReSharper LogPath is: C:\Users\berej\AppData\Local\Temp\JetLogs\ReSharperTests\resharper.log
Per-Test LogPath is: C:\Users\berej\AppData\Local\Temp\JetLogs\ReSharperTests\ReplaceWithWildPatTest\Pattern 01.log

]]></output>
                  </test-case>
                  <test-case name="Whole file" fullname="JetBrains.ReSharper.Plugins.FSharp.Tests.Features.ReplaceWithWildPatTest.Whole file" methodname="Whole file" classname="ReplaceWithWildPatTest" result="Passed" duration="0.133" asserts="0">
                    <properties>
                      <property name="Category" value="QuickFixes" />
                    </properties>
                    <output><![CDATA[ReSharper LogPath is: C:\Users\berej\AppData\Local\Temp\JetLogs\ReSharperTests\resharper.log
Per-Test LogPath is: C:\Users\berej\AppData\Local\Temp\JetLogs\ReSharperTests\ReplaceWithWildPatTest\Whole file.log

]]></output>
                  </test-case>
                </test-suite>
                <test-suite type="TestFixture" name="SpecifyTypesActionAvailabilityTest" fullname="JetBrains.ReSharper.Plugins.FSharp.Tests.Features.SpecifyTypesActionAvailabilityTest" total="5" passed="5" failed="0" inconclusive="0" skipped="0" result="Passed" duration="0.19">
                  <test-case name="Class - member - 01" fullname="JetBrains.ReSharper.Plugins.FSharp.Tests.Features.SpecifyTypesActionAvailabilityTest.Class - member - 01" methodname="Class - member - 01" classname="SpecifyTypesActionAvailabilityTest" result="Passed" duration="0.064" asserts="0">
                    <output><![CDATA[ReSharper LogPath is: C:\Users\berej\AppData\Local\Temp\JetLogs\ReSharperTests\resharper.log
Per-Test LogPath is: C:\Users\berej\AppData\Local\Temp\JetLogs\ReSharperTests\SpecifyTypesActionAvailabilityTest\Class - member - 01.log

]]></output>
                  </test-case>
                  <test-case name="Module - Name 01" fullname="JetBrains.ReSharper.Plugins.FSharp.Tests.Features.SpecifyTypesActionAvailabilityTest.Module - Name 01" methodname="Module - Name 01" classname="SpecifyTypesActionAvailabilityTest" result="Passed" duration="0.031" asserts="0">
                    <output><![CDATA[ReSharper LogPath is: C:\Users\berej\AppData\Local\Temp\JetLogs\ReSharperTests\resharper.log
Per-Test LogPath is: C:\Users\berej\AppData\Local\Temp\JetLogs\ReSharperTests\SpecifyTypesActionAvailabilityTest\Module - Name 01.log

]]></output>
                  </test-case>
                  <test-case name="Module - Name 02 - Attributes" fullname="JetBrains.ReSharper.Plugins.FSharp.Tests.Features.SpecifyTypesActionAvailabilityTest.Module - Name 02 - Attributes" methodname="Module - Name 02 - Attributes" classname="SpecifyTypesActionAvailabilityTest" result="Passed" duration="0.027" asserts="0">
                    <output><![CDATA[ReSharper LogPath is: C:\Users\berej\AppData\Local\Temp\JetLogs\ReSharperTests\resharper.log
Per-Test LogPath is: C:\Users\berej\AppData\Local\Temp\JetLogs\ReSharperTests\SpecifyTypesActionAvailabilityTest\Module - Name 02 - Attributes.log

]]></output>
                  </test-case>
                  <test-case name="Not available 01" fullname="JetBrains.ReSharper.Plugins.FSharp.Tests.Features.SpecifyTypesActionAvailabilityTest.Not available 01" methodname="Not available 01" classname="SpecifyTypesActionAvailabilityTest" result="Passed" duration="0.037" asserts="0">
                    <output><![CDATA[ReSharper LogPath is: C:\Users\berej\AppData\Local\Temp\JetLogs\ReSharperTests\resharper.log
Per-Test LogPath is: C:\Users\berej\AppData\Local\Temp\JetLogs\ReSharperTests\SpecifyTypesActionAvailabilityTest\Not available 01.log

]]></output>
                  </test-case>
                  <test-case name="Not available 02 - Annotated" fullname="JetBrains.ReSharper.Plugins.FSharp.Tests.Features.SpecifyTypesActionAvailabilityTest.Not available 02 - Annotated" methodname="Not available 02 - Annotated" classname="SpecifyTypesActionAvailabilityTest" result="Passed" duration="0.031" asserts="0">
                    <output><![CDATA[ReSharper LogPath is: C:\Users\berej\AppData\Local\Temp\JetLogs\ReSharperTests\resharper.log
Per-Test LogPath is: C:\Users\berej\AppData\Local\Temp\JetLogs\ReSharperTests\SpecifyTypesActionAvailabilityTest\Not available 02 - Annotated.log

]]></output>
                  </test-case>
                </test-suite>
                <test-suite type="TestFixture" name="SpecifyTypesActionTest" fullname="JetBrains.ReSharper.Plugins.FSharp.Tests.Features.SpecifyTypesActionTest" total="25" passed="25" failed="0" inconclusive="0" skipped="0" result="Passed" duration="1.101">
                  <test-case name="Function - Formatting - Add space" fullname="JetBrains.ReSharper.Plugins.FSharp.Tests.Features.SpecifyTypesActionTest.Function - Formatting - Add space" methodname="Function - Formatting - Add space" classname="SpecifyTypesActionTest" result="Passed" duration="0.073" asserts="0">
                    <output><![CDATA[ReSharper LogPath is: C:\Users\berej\AppData\Local\Temp\JetLogs\ReSharperTests\resharper.log
Per-Test LogPath is: C:\Users\berej\AppData\Local\Temp\JetLogs\ReSharperTests\SpecifyTypesActionTest\Function - Formatting - Add space.log

]]></output>
                  </test-case>
                  <test-case name="Function - Local 01" fullname="JetBrains.ReSharper.Plugins.FSharp.Tests.Features.SpecifyTypesActionTest.Function - Local 01" methodname="Function - Local 01" classname="SpecifyTypesActionTest" result="Passed" duration="0.04" asserts="0">
                    <output><![CDATA[ReSharper LogPath is: C:\Users\berej\AppData\Local\Temp\JetLogs\ReSharperTests\resharper.log
Per-Test LogPath is: C:\Users\berej\AppData\Local\Temp\JetLogs\ReSharperTests\SpecifyTypesActionTest\Function - Local 01.log

]]></output>
                  </test-case>
                  <test-case name="Function - Parameters - Pattern 01 - Tuple" fullname="JetBrains.ReSharper.Plugins.FSharp.Tests.Features.SpecifyTypesActionTest.Function - Parameters - Pattern 01 - Tuple" methodname="Function - Parameters - Pattern 01 - Tuple" classname="SpecifyTypesActionTest" result="Passed" duration="0.047" asserts="0">
                    <output><![CDATA[ReSharper LogPath is: C:\Users\berej\AppData\Local\Temp\JetLogs\ReSharperTests\resharper.log
Per-Test LogPath is: C:\Users\berej\AppData\Local\Temp\JetLogs\ReSharperTests\SpecifyTypesActionTest\Function - Parameters - Pattern 01 - Tuple.log

]]></output>
                  </test-case>
                  <test-case name="Function - Parameters - Pattern 02 - Wild" fullname="JetBrains.ReSharper.Plugins.FSharp.Tests.Features.SpecifyTypesActionTest.Function - Parameters - Pattern 02 - Wild" methodname="Function - Parameters - Pattern 02 - Wild" classname="SpecifyTypesActionTest" result="Passed" duration="0.047" asserts="0">
                    <output><![CDATA[ReSharper LogPath is: C:\Users\berej\AppData\Local\Temp\JetLogs\ReSharperTests\resharper.log
Per-Test LogPath is: C:\Users\berej\AppData\Local\Temp\JetLogs\ReSharperTests\SpecifyTypesActionTest\Function - Parameters - Pattern 02 - Wild.log

]]></output>
                  </test-case>
                  <test-case name="Function - Parameters - Pattern 03 - List" fullname="JetBrains.ReSharper.Plugins.FSharp.Tests.Features.SpecifyTypesActionTest.Function - Parameters - Pattern 03 - List" methodname="Function - Parameters - Pattern 03 - List" classname="SpecifyTypesActionTest" result="Passed" duration="0.042" asserts="0">
                    <output><![CDATA[ReSharper LogPath is: C:\Users\berej\AppData\Local\Temp\JetLogs\ReSharperTests\resharper.log
Per-Test LogPath is: C:\Users\berej\AppData\Local\Temp\JetLogs\ReSharperTests\SpecifyTypesActionTest\Function - Parameters - Pattern 03 - List.log

]]></output>
                  </test-case>
                  <test-case name="Function - Parameters - Pattern 04 - As" fullname="JetBrains.ReSharper.Plugins.FSharp.Tests.Features.SpecifyTypesActionTest.Function - Parameters - Pattern 04 - As" methodname="Function - Parameters - Pattern 04 - As" classname="SpecifyTypesActionTest" result="Passed" duration="0.047" asserts="0">
                    <output><![CDATA[ReSharper LogPath is: C:\Users\berej\AppData\Local\Temp\JetLogs\ReSharperTests\resharper.log
Per-Test LogPath is: C:\Users\berej\AppData\Local\Temp\JetLogs\ReSharperTests\SpecifyTypesActionTest\Function - Parameters - Pattern 04 - As.log

]]></output>
                  </test-case>
                  <test-case name="Function - Parameters - Pattern 05 - Param owner" fullname="JetBrains.ReSharper.Plugins.FSharp.Tests.Features.SpecifyTypesActionTest.Function - Parameters - Pattern 05 - Param owner" methodname="Function - Parameters - Pattern 05 - Param owner" classname="SpecifyTypesActionTest" result="Passed" duration="0.047" asserts="0">
                    <output><![CDATA[ReSharper LogPath is: C:\Users\berej\AppData\Local\Temp\JetLogs\ReSharperTests\resharper.log
Per-Test LogPath is: C:\Users\berej\AppData\Local\Temp\JetLogs\ReSharperTests\SpecifyTypesActionTest\Function - Parameters - Pattern 05 - Param owner.log

]]></output>
                  </test-case>
                  <test-case name="Function - Parameters 01 - Parens" fullname="JetBrains.ReSharper.Plugins.FSharp.Tests.Features.SpecifyTypesActionTest.Function - Parameters 01 - Parens" methodname="Function - Parameters 01 - Parens" classname="SpecifyTypesActionTest" result="Passed" duration="0.038" asserts="0">
                    <output><![CDATA[ReSharper LogPath is: C:\Users\berej\AppData\Local\Temp\JetLogs\ReSharperTests\resharper.log
Per-Test LogPath is: C:\Users\berej\AppData\Local\Temp\JetLogs\ReSharperTests\SpecifyTypesActionTest\Function - Parameters 01 - Parens.log

]]></output>
                  </test-case>
                  <test-case name="Function - Parameters 02 - Wrong types" fullname="JetBrains.ReSharper.Plugins.FSharp.Tests.Features.SpecifyTypesActionTest.Function - Parameters 02 - Wrong types" methodname="Function - Parameters 02 - Wrong types" classname="SpecifyTypesActionTest" result="Passed" duration="0.044" asserts="0">
                    <output><![CDATA[ReSharper LogPath is: C:\Users\berej\AppData\Local\Temp\JetLogs\ReSharperTests\resharper.log
Per-Test LogPath is: C:\Users\berej\AppData\Local\Temp\JetLogs\ReSharperTests\SpecifyTypesActionTest\Function - Parameters 02 - Wrong types.log

]]></output>
                  </test-case>
                  <test-case name="Function - Parameters 03 - Tuple" fullname="JetBrains.ReSharper.Plugins.FSharp.Tests.Features.SpecifyTypesActionTest.Function - Parameters 03 - Tuple" methodname="Function - Parameters 03 - Tuple" classname="SpecifyTypesActionTest" result="Passed" duration="0.043" asserts="0">
                    <output><![CDATA[ReSharper LogPath is: C:\Users\berej\AppData\Local\Temp\JetLogs\ReSharperTests\resharper.log
Per-Test LogPath is: C:\Users\berej\AppData\Local\Temp\JetLogs\ReSharperTests\SpecifyTypesActionTest\Function - Parameters 03 - Tuple.log

]]></output>
                  </test-case>
                  <test-case name="Function - Parameters 04 - Nested tuple" fullname="JetBrains.ReSharper.Plugins.FSharp.Tests.Features.SpecifyTypesActionTest.Function - Parameters 04 - Nested tuple" methodname="Function - Parameters 04 - Nested tuple" classname="SpecifyTypesActionTest" result="Passed" duration="0.04" asserts="0">
                    <output><![CDATA[ReSharper LogPath is: C:\Users\berej\AppData\Local\Temp\JetLogs\ReSharperTests\resharper.log
Per-Test LogPath is: C:\Users\berej\AppData\Local\Temp\JetLogs\ReSharperTests\SpecifyTypesActionTest\Function - Parameters 04 - Nested tuple.log

]]></output>
                  </test-case>
                  <test-case name="Function - Return - Function 01" fullname="JetBrains.ReSharper.Plugins.FSharp.Tests.Features.SpecifyTypesActionTest.Function - Return - Function 01" methodname="Function - Return - Function 01" classname="SpecifyTypesActionTest" result="Passed" duration="0.039" asserts="0">
                    <output><![CDATA[ReSharper LogPath is: C:\Users\berej\AppData\Local\Temp\JetLogs\ReSharperTests\resharper.log
Per-Test LogPath is: C:\Users\berej\AppData\Local\Temp\JetLogs\ReSharperTests\SpecifyTypesActionTest\Function - Return - Function 01.log

]]></output>
                  </test-case>
                  <test-case name="Function - Return - Function 02" fullname="JetBrains.ReSharper.Plugins.FSharp.Tests.Features.SpecifyTypesActionTest.Function - Return - Function 02" methodname="Function - Return - Function 02" classname="SpecifyTypesActionTest" result="Passed" duration="0.038" asserts="0">
                    <output><![CDATA[ReSharper LogPath is: C:\Users\berej\AppData\Local\Temp\JetLogs\ReSharperTests\resharper.log
Per-Test LogPath is: C:\Users\berej\AppData\Local\Temp\JetLogs\ReSharperTests\SpecifyTypesActionTest\Function - Return - Function 02.log

]]></output>
                  </test-case>
                  <test-case name="Function - Return - Function 03 - Specified function param" fullname="JetBrains.ReSharper.Plugins.FSharp.Tests.Features.SpecifyTypesActionTest.Function - Return - Function 03 - Specified function param" methodname="Function - Return - Function 03 - Specified function param" classname="SpecifyTypesActionTest" result="Passed" duration="0.045" asserts="0">
                    <output><![CDATA[ReSharper LogPath is: C:\Users\berej\AppData\Local\Temp\JetLogs\ReSharperTests\resharper.log
Per-Test LogPath is: C:\Users\berej\AppData\Local\Temp\JetLogs\ReSharperTests\SpecifyTypesActionTest\Function - Return - Function 03 - Specified function param.log

]]></output>
                  </test-case>
                  <test-case name="Function - Return - Function 04 - Function params" fullname="JetBrains.ReSharper.Plugins.FSharp.Tests.Features.SpecifyTypesActionTest.Function - Return - Function 04 - Function params" methodname="Function - Return - Function 04 - Function params" classname="SpecifyTypesActionTest" result="Passed" duration="0.049" asserts="0">
                    <output><![CDATA[ReSharper LogPath is: C:\Users\berej\AppData\Local\Temp\JetLogs\ReSharperTests\resharper.log
Per-Test LogPath is: C:\Users\berej\AppData\Local\Temp\JetLogs\ReSharperTests\SpecifyTypesActionTest\Function - Return - Function 04 - Function params.log

]]></output>
                  </test-case>
                  <test-case name="Function - Return - Function 05 - Nested" fullname="JetBrains.ReSharper.Plugins.FSharp.Tests.Features.SpecifyTypesActionTest.Function - Return - Function 05 - Nested" methodname="Function - Return - Function 05 - Nested" classname="SpecifyTypesActionTest" result="Passed" duration="0.045" asserts="0">
                    <output><![CDATA[ReSharper LogPath is: C:\Users\berej\AppData\Local\Temp\JetLogs\ReSharperTests\resharper.log
Per-Test LogPath is: C:\Users\berej\AppData\Local\Temp\JetLogs\ReSharperTests\SpecifyTypesActionTest\Function - Return - Function 05 - Nested.log

]]></output>
                  </test-case>
                  <test-case name="Function - Return 01" fullname="JetBrains.ReSharper.Plugins.FSharp.Tests.Features.SpecifyTypesActionTest.Function - Return 01" methodname="Function - Return 01" classname="SpecifyTypesActionTest" result="Passed" duration="0.043" asserts="0">
                    <output><![CDATA[ReSharper LogPath is: C:\Users\berej\AppData\Local\Temp\JetLogs\ReSharperTests\resharper.log
Per-Test LogPath is: C:\Users\berej\AppData\Local\Temp\JetLogs\ReSharperTests\SpecifyTypesActionTest\Function - Return 01.log

]]></output>
                  </test-case>
                  <test-case name="Function 01 - Unit to unit" fullname="JetBrains.ReSharper.Plugins.FSharp.Tests.Features.SpecifyTypesActionTest.Function 01 - Unit to unit" methodname="Function 01 - Unit to unit" classname="SpecifyTypesActionTest" result="Passed" duration="0.037" asserts="0">
                    <output><![CDATA[ReSharper LogPath is: C:\Users\berej\AppData\Local\Temp\JetLogs\ReSharperTests\resharper.log
Per-Test LogPath is: C:\Users\berej\AppData\Local\Temp\JetLogs\ReSharperTests\SpecifyTypesActionTest\Function 01 - Unit to unit.log

]]></output>
                  </test-case>
                  <test-case name="Function 02 - Recursive" fullname="JetBrains.ReSharper.Plugins.FSharp.Tests.Features.SpecifyTypesActionTest.Function 02 - Recursive" methodname="Function 02 - Recursive" classname="SpecifyTypesActionTest" result="Passed" duration="0.046" asserts="0">
                    <output><![CDATA[ReSharper LogPath is: C:\Users\berej\AppData\Local\Temp\JetLogs\ReSharperTests\resharper.log
Per-Test LogPath is: C:\Users\berej\AppData\Local\Temp\JetLogs\ReSharperTests\SpecifyTypesActionTest\Function 02 - Recursive.log

]]></output>
                  </test-case>
                  <test-case name="Function 03 - Generic types" fullname="JetBrains.ReSharper.Plugins.FSharp.Tests.Features.SpecifyTypesActionTest.Function 03 - Generic types" methodname="Function 03 - Generic types" classname="SpecifyTypesActionTest" result="Passed" duration="0.035" asserts="0">
                    <output><![CDATA[ReSharper LogPath is: C:\Users\berej\AppData\Local\Temp\JetLogs\ReSharperTests\resharper.log
Per-Test LogPath is: C:\Users\berej\AppData\Local\Temp\JetLogs\ReSharperTests\SpecifyTypesActionTest\Function 03 - Generic types.log

]]></output>
                  </test-case>
                  <test-case name="Function 04 - Generalized" fullname="JetBrains.ReSharper.Plugins.FSharp.Tests.Features.SpecifyTypesActionTest.Function 04 - Generalized" methodname="Function 04 - Generalized" classname="SpecifyTypesActionTest" result="Passed" duration="0.047" asserts="0">
                    <output><![CDATA[ReSharper LogPath is: C:\Users\berej\AppData\Local\Temp\JetLogs\ReSharperTests\resharper.log
Per-Test LogPath is: C:\Users\berej\AppData\Local\Temp\JetLogs\ReSharperTests\SpecifyTypesActionTest\Function 04 - Generalized.log

]]></output>
                  </test-case>
                  <test-case name="Function 05 - Specified return" fullname="JetBrains.ReSharper.Plugins.FSharp.Tests.Features.SpecifyTypesActionTest.Function 05 - Specified return" methodname="Function 05 - Specified return" classname="SpecifyTypesActionTest" result="Passed" duration="0.047" asserts="0">
                    <output><![CDATA[ReSharper LogPath is: C:\Users\berej\AppData\Local\Temp\JetLogs\ReSharperTests\resharper.log
Per-Test LogPath is: C:\Users\berej\AppData\Local\Temp\JetLogs\ReSharperTests\SpecifyTypesActionTest\Function 05 - Specified return.log

]]></output>
                  </test-case>
                  <test-case name="Value 01" fullname="JetBrains.ReSharper.Plugins.FSharp.Tests.Features.SpecifyTypesActionTest.Value 01" methodname="Value 01" classname="SpecifyTypesActionTest" result="Passed" duration="0.038" asserts="0">
                    <output><![CDATA[ReSharper LogPath is: C:\Users\berej\AppData\Local\Temp\JetLogs\ReSharperTests\resharper.log
Per-Test LogPath is: C:\Users\berej\AppData\Local\Temp\JetLogs\ReSharperTests\SpecifyTypesActionTest\Value 01.log

]]></output>
                  </test-case>
                  <test-case name="Value 02 - Function" fullname="JetBrains.ReSharper.Plugins.FSharp.Tests.Features.SpecifyTypesActionTest.Value 02 - Function" methodname="Value 02 - Function" classname="SpecifyTypesActionTest" result="Passed" duration="0.045" asserts="0">
                    <output><![CDATA[ReSharper LogPath is: C:\Users\berej\AppData\Local\Temp\JetLogs\ReSharperTests\resharper.log
Per-Test LogPath is: C:\Users\berej\AppData\Local\Temp\JetLogs\ReSharperTests\SpecifyTypesActionTest\Value 02 - Function.log

]]></output>
                  </test-case>
                  <test-case name="Value 03 - Function, tuple" fullname="JetBrains.ReSharper.Plugins.FSharp.Tests.Features.SpecifyTypesActionTest.Value 03 - Function, tuple" methodname="Value 03 - Function, tuple" classname="SpecifyTypesActionTest" result="Passed" duration="0.039" asserts="0">
                    <output><![CDATA[ReSharper LogPath is: C:\Users\berej\AppData\Local\Temp\JetLogs\ReSharperTests\resharper.log
Per-Test LogPath is: C:\Users\berej\AppData\Local\Temp\JetLogs\ReSharperTests\SpecifyTypesActionTest\Value 03 - Function, tuple.log

]]></output>
                  </test-case>
                </test-suite>
                <test-suite type="TestFixture" name="SymbolCacheTest" fullname="JetBrains.ReSharper.Plugins.FSharp.Tests.Features.SymbolCacheTest" total="43" passed="43" failed="0" inconclusive="0" skipped="0" result="Passed" duration="1.239">
                  <test-case name="Abbreviations - Module 01" fullname="JetBrains.ReSharper.Plugins.FSharp.Tests.Features.SymbolCacheTest.Abbreviations - Module 01" methodname="Abbreviations - Module 01" classname="SymbolCacheTest" result="Passed" duration="0.045" asserts="0">
                    <output><![CDATA[ReSharper LogPath is: C:\Users\berej\AppData\Local\Temp\JetLogs\ReSharperTests\resharper.log
Per-Test LogPath is: C:\Users\berej\AppData\Local\Temp\JetLogs\ReSharperTests\SymbolCacheTest\Abbreviations - Module 01.log

]]></output>
                  </test-case>
                  <test-case name="Abbreviations - Module 02" fullname="JetBrains.ReSharper.Plugins.FSharp.Tests.Features.SymbolCacheTest.Abbreviations - Module 02" methodname="Abbreviations - Module 02" classname="SymbolCacheTest" result="Passed" duration="0.026" asserts="0">
                    <output><![CDATA[ReSharper LogPath is: C:\Users\berej\AppData\Local\Temp\JetLogs\ReSharperTests\resharper.log
Per-Test LogPath is: C:\Users\berej\AppData\Local\Temp\JetLogs\ReSharperTests\SymbolCacheTest\Abbreviations - Module 02.log

]]></output>
                  </test-case>
                  <test-case name="Enum 01" fullname="JetBrains.ReSharper.Plugins.FSharp.Tests.Features.SymbolCacheTest.Enum 01" methodname="Enum 01" classname="SymbolCacheTest" result="Passed" duration="0.032" asserts="0">
                    <output><![CDATA[ReSharper LogPath is: C:\Users\berej\AppData\Local\Temp\JetLogs\ReSharperTests\resharper.log
Per-Test LogPath is: C:\Users\berej\AppData\Local\Temp\JetLogs\ReSharperTests\SymbolCacheTest\Enum 01.log

]]></output>
                  </test-case>
                  <test-case name="Exception 01" fullname="JetBrains.ReSharper.Plugins.FSharp.Tests.Features.SymbolCacheTest.Exception 01" methodname="Exception 01" classname="SymbolCacheTest" result="Passed" duration="0.026" asserts="0">
                    <output><![CDATA[ReSharper LogPath is: C:\Users\berej\AppData\Local\Temp\JetLogs\ReSharperTests\resharper.log
Per-Test LogPath is: C:\Users\berej\AppData\Local\Temp\JetLogs\ReSharperTests\SymbolCacheTest\Exception 01.log

]]></output>
                  </test-case>
                  <test-case name="Inferred interface 01 - Abstract member" fullname="JetBrains.ReSharper.Plugins.FSharp.Tests.Features.SymbolCacheTest.Inferred interface 01 - Abstract member" methodname="Inferred interface 01 - Abstract member" classname="SymbolCacheTest" result="Passed" duration="0.028" asserts="0">
                    <output><![CDATA[ReSharper LogPath is: C:\Users\berej\AppData\Local\Temp\JetLogs\ReSharperTests\resharper.log
Per-Test LogPath is: C:\Users\berej\AppData\Local\Temp\JetLogs\ReSharperTests\SymbolCacheTest\Inferred interface 01 - Abstract member.log

]]></output>
                  </test-case>
                  <test-case name="Inferred interface 02 - Interface inheritance" fullname="JetBrains.ReSharper.Plugins.FSharp.Tests.Features.SymbolCacheTest.Inferred interface 02 - Interface inheritance" methodname="Inferred interface 02 - Interface inheritance" classname="SymbolCacheTest" result="Passed" duration="0.031" asserts="0">
                    <output><![CDATA[ReSharper LogPath is: C:\Users\berej\AppData\Local\Temp\JetLogs\ReSharperTests\resharper.log
Per-Test LogPath is: C:\Users\berej\AppData\Local\Temp\JetLogs\ReSharperTests\SymbolCacheTest\Inferred interface 02 - Interface inheritance.log

]]></output>
                  </test-case>
                  <test-case name="Interface 01 - Explicit" fullname="JetBrains.ReSharper.Plugins.FSharp.Tests.Features.SymbolCacheTest.Interface 01 - Explicit" methodname="Interface 01 - Explicit" classname="SymbolCacheTest" result="Passed" duration="0.026" asserts="0">
                    <output><![CDATA[ReSharper LogPath is: C:\Users\berej\AppData\Local\Temp\JetLogs\ReSharperTests\resharper.log
Per-Test LogPath is: C:\Users\berej\AppData\Local\Temp\JetLogs\ReSharperTests\SymbolCacheTest\Interface 01 - Explicit.log

]]></output>
                  </test-case>
                  <test-case name="Interface 02 - Attribute" fullname="JetBrains.ReSharper.Plugins.FSharp.Tests.Features.SymbolCacheTest.Interface 02 - Attribute" methodname="Interface 02 - Attribute" classname="SymbolCacheTest" result="Passed" duration="0.027" asserts="0">
                    <output><![CDATA[ReSharper LogPath is: C:\Users\berej\AppData\Local\Temp\JetLogs\ReSharperTests\resharper.log
Per-Test LogPath is: C:\Users\berej\AppData\Local\Temp\JetLogs\ReSharperTests\SymbolCacheTest\Interface 02 - Attribute.log

]]></output>
                  </test-case>
                  <test-case name="Module 01 - Simple" fullname="JetBrains.ReSharper.Plugins.FSharp.Tests.Features.SymbolCacheTest.Module 01 - Simple" methodname="Module 01 - Simple" classname="SymbolCacheTest" result="Passed" duration="0.035" asserts="0">
                    <output><![CDATA[ReSharper LogPath is: C:\Users\berej\AppData\Local\Temp\JetLogs\ReSharperTests\resharper.log
Per-Test LogPath is: C:\Users\berej\AppData\Local\Temp\JetLogs\ReSharperTests\SymbolCacheTest\Module 01 - Simple.log

]]></output>
                  </test-case>
                  <test-case name="Module 02 - Qualified" fullname="JetBrains.ReSharper.Plugins.FSharp.Tests.Features.SymbolCacheTest.Module 02 - Qualified" methodname="Module 02 - Qualified" classname="SymbolCacheTest" result="Passed" duration="0.027" asserts="0">
                    <output><![CDATA[ReSharper LogPath is: C:\Users\berej\AppData\Local\Temp\JetLogs\ReSharperTests\resharper.log
Per-Test LogPath is: C:\Users\berej\AppData\Local\Temp\JetLogs\ReSharperTests\SymbolCacheTest\Module 02 - Qualified.log

]]></output>
                  </test-case>
                  <test-case name="Module 03 - Module suffix" fullname="JetBrains.ReSharper.Plugins.FSharp.Tests.Features.SymbolCacheTest.Module 03 - Module suffix" methodname="Module 03 - Module suffix" classname="SymbolCacheTest" result="Passed" duration="0.032" asserts="0">
                    <output><![CDATA[ReSharper LogPath is: C:\Users\berej\AppData\Local\Temp\JetLogs\ReSharperTests\resharper.log
Per-Test LogPath is: C:\Users\berej\AppData\Local\Temp\JetLogs\ReSharperTests\SymbolCacheTest\Module 03 - Module suffix.log

]]></output>
                  </test-case>
                  <test-case name="Module 04 - Module suffix attribute" fullname="JetBrains.ReSharper.Plugins.FSharp.Tests.Features.SymbolCacheTest.Module 04 - Module suffix attribute" methodname="Module 04 - Module suffix attribute" classname="SymbolCacheTest" result="Passed" duration="0.026" asserts="0">
                    <output><![CDATA[ReSharper LogPath is: C:\Users\berej\AppData\Local\Temp\JetLogs\ReSharperTests\resharper.log
Per-Test LogPath is: C:\Users\berej\AppData\Local\Temp\JetLogs\ReSharperTests\SymbolCacheTest\Module 04 - Module suffix attribute.log

]]></output>
                  </test-case>
                  <test-case name="Module 05 - Module suffix attribute, CompiledName" fullname="JetBrains.ReSharper.Plugins.FSharp.Tests.Features.SymbolCacheTest.Module 05 - Module suffix attribute, CompiledName" methodname="Module 05 - Module suffix attribute, CompiledName" classname="SymbolCacheTest" result="Passed" duration="0.027" asserts="0">
                    <output><![CDATA[ReSharper LogPath is: C:\Users\berej\AppData\Local\Temp\JetLogs\ReSharperTests\resharper.log
Per-Test LogPath is: C:\Users\berej\AppData\Local\Temp\JetLogs\ReSharperTests\SymbolCacheTest\Module 05 - Module suffix attribute, CompiledName.log

]]></output>
                  </test-case>
                  <test-case name="Module 06 - Module suffix attribute, CompiledName 2" fullname="JetBrains.ReSharper.Plugins.FSharp.Tests.Features.SymbolCacheTest.Module 06 - Module suffix attribute, CompiledName 2" methodname="Module 06 - Module suffix attribute, CompiledName 2" classname="SymbolCacheTest" result="Passed" duration="0.03" asserts="0">
                    <output><![CDATA[ReSharper LogPath is: C:\Users\berej\AppData\Local\Temp\JetLogs\ReSharperTests\resharper.log
Per-Test LogPath is: C:\Users\berej\AppData\Local\Temp\JetLogs\ReSharperTests\SymbolCacheTest\Module 06 - Module suffix attribute, CompiledName 2.log

]]></output>
                  </test-case>
                  <test-case name="Module 07 - Module suffix, CompiledName" fullname="JetBrains.ReSharper.Plugins.FSharp.Tests.Features.SymbolCacheTest.Module 07 - Module suffix, CompiledName" methodname="Module 07 - Module suffix, CompiledName" classname="SymbolCacheTest" result="Passed" duration="0.027" asserts="0">
                    <output><![CDATA[ReSharper LogPath is: C:\Users\berej\AppData\Local\Temp\JetLogs\ReSharperTests\resharper.log
Per-Test LogPath is: C:\Users\berej\AppData\Local\Temp\JetLogs\ReSharperTests\SymbolCacheTest\Module 07 - Module suffix, CompiledName.log

]]></output>
                  </test-case>
                  <test-case name="Module 08 - Anon" fullname="JetBrains.ReSharper.Plugins.FSharp.Tests.Features.SymbolCacheTest.Module 08 - Anon" methodname="Module 08 - Anon" classname="SymbolCacheTest" result="Passed" duration="0.026" asserts="0">
                    <output><![CDATA[ReSharper LogPath is: C:\Users\berej\AppData\Local\Temp\JetLogs\ReSharperTests\resharper.log
Per-Test LogPath is: C:\Users\berej\AppData\Local\Temp\JetLogs\ReSharperTests\SymbolCacheTest\Module 08 - Anon.log

]]></output>
                  </test-case>
                  <test-case name="Module 09 - Module suffix attribute - Space" fullname="JetBrains.ReSharper.Plugins.FSharp.Tests.Features.SymbolCacheTest.Module 09 - Module suffix attribute - Space" methodname="Module 09 - Module suffix attribute - Space" classname="SymbolCacheTest" result="Passed" duration="0.03" asserts="0">
                    <output><![CDATA[ReSharper LogPath is: C:\Users\berej\AppData\Local\Temp\JetLogs\ReSharperTests\resharper.log
Per-Test LogPath is: C:\Users\berej\AppData\Local\Temp\JetLogs\ReSharperTests\SymbolCacheTest\Module 09 - Module suffix attribute - Space.log

]]></output>
                  </test-case>
                  <test-case name="Module 10 - Module suffix attribute - Backtics" fullname="JetBrains.ReSharper.Plugins.FSharp.Tests.Features.SymbolCacheTest.Module 10 - Module suffix attribute - Backtics" methodname="Module 10 - Module suffix attribute - Backtics" classname="SymbolCacheTest" result="Passed" duration="0.027" asserts="0">
                    <output><![CDATA[ReSharper LogPath is: C:\Users\berej\AppData\Local\Temp\JetLogs\ReSharperTests\resharper.log
Per-Test LogPath is: C:\Users\berej\AppData\Local\Temp\JetLogs\ReSharperTests\SymbolCacheTest\Module 10 - Module suffix attribute - Backtics.log

]]></output>
                  </test-case>
                  <test-case name="Module 11 - Module suffix attribute - Wrong attr" fullname="JetBrains.ReSharper.Plugins.FSharp.Tests.Features.SymbolCacheTest.Module 11 - Module suffix attribute - Wrong attr" methodname="Module 11 - Module suffix attribute - Wrong attr" classname="SymbolCacheTest" result="Passed" duration="0.029" asserts="0">
                    <output><![CDATA[ReSharper LogPath is: C:\Users\berej\AppData\Local\Temp\JetLogs\ReSharperTests\resharper.log
Per-Test LogPath is: C:\Users\berej\AppData\Local\Temp\JetLogs\ReSharperTests\SymbolCacheTest\Module 11 - Module suffix attribute - Wrong attr.log

]]></output>
                  </test-case>
                  <test-case name="Module 12 - Module suffix - types group" fullname="JetBrains.ReSharper.Plugins.FSharp.Tests.Features.SymbolCacheTest.Module 12 - Module suffix - types group" methodname="Module 12 - Module suffix - types group" classname="SymbolCacheTest" result="Passed" duration="0.028" asserts="0">
                    <output><![CDATA[ReSharper LogPath is: C:\Users\berej\AppData\Local\Temp\JetLogs\ReSharperTests\resharper.log
Per-Test LogPath is: C:\Users\berej\AppData\Local\Temp\JetLogs\ReSharperTests\SymbolCacheTest\Module 12 - Module suffix - types group.log

]]></output>
                  </test-case>
                  <test-case name="Module 13 - Module suffix, exception" fullname="JetBrains.ReSharper.Plugins.FSharp.Tests.Features.SymbolCacheTest.Module 13 - Module suffix, exception" methodname="Module 13 - Module suffix, exception" classname="SymbolCacheTest" result="Passed" duration="0.029" asserts="0">
                    <output><![CDATA[ReSharper LogPath is: C:\Users\berej\AppData\Local\Temp\JetLogs\ReSharperTests\resharper.log
Per-Test LogPath is: C:\Users\berej\AppData\Local\Temp\JetLogs\ReSharperTests\SymbolCacheTest\Module 13 - Module suffix, exception.log

]]></output>
                  </test-case>
                  <test-case name="Module 14 - Module suffix - abbreviation" fullname="JetBrains.ReSharper.Plugins.FSharp.Tests.Features.SymbolCacheTest.Module 14 - Module suffix - abbreviation" methodname="Module 14 - Module suffix - abbreviation" classname="SymbolCacheTest" result="Passed" duration="0.03" asserts="0">
                    <output><![CDATA[ReSharper LogPath is: C:\Users\berej\AppData\Local\Temp\JetLogs\ReSharperTests\resharper.log
Per-Test LogPath is: C:\Users\berej\AppData\Local\Temp\JetLogs\ReSharperTests\SymbolCacheTest\Module 14 - Module suffix - abbreviation.log

]]></output>
                  </test-case>
                  <test-case name="Namespace 01 - Simple" fullname="JetBrains.ReSharper.Plugins.FSharp.Tests.Features.SymbolCacheTest.Namespace 01 - Simple" methodname="Namespace 01 - Simple" classname="SymbolCacheTest" result="Passed" duration="0.026" asserts="0">
                    <output><![CDATA[ReSharper LogPath is: C:\Users\berej\AppData\Local\Temp\JetLogs\ReSharperTests\resharper.log
Per-Test LogPath is: C:\Users\berej\AppData\Local\Temp\JetLogs\ReSharperTests\SymbolCacheTest\Namespace 01 - Simple.log

]]></output>
                  </test-case>
                  <test-case name="Namespace 02 - Qualified" fullname="JetBrains.ReSharper.Plugins.FSharp.Tests.Features.SymbolCacheTest.Namespace 02 - Qualified" methodname="Namespace 02 - Qualified" classname="SymbolCacheTest" result="Passed" duration="0.026" asserts="0">
                    <output><![CDATA[ReSharper LogPath is: C:\Users\berej\AppData\Local\Temp\JetLogs\ReSharperTests\resharper.log
Per-Test LogPath is: C:\Users\berej\AppData\Local\Temp\JetLogs\ReSharperTests\SymbolCacheTest\Namespace 02 - Qualified.log

]]></output>
                  </test-case>
                  <test-case name="Namespace 03 - Global" fullname="JetBrains.ReSharper.Plugins.FSharp.Tests.Features.SymbolCacheTest.Namespace 03 - Global" methodname="Namespace 03 - Global" classname="SymbolCacheTest" result="Passed" duration="0.026" asserts="0">
                    <output><![CDATA[ReSharper LogPath is: C:\Users\berej\AppData\Local\Temp\JetLogs\ReSharperTests\resharper.log
Per-Test LogPath is: C:\Users\berej\AppData\Local\Temp\JetLogs\ReSharperTests\SymbolCacheTest\Namespace 03 - Global.log

]]></output>
                  </test-case>
                  <test-case name="Namespace 04 - Multiple" fullname="JetBrains.ReSharper.Plugins.FSharp.Tests.Features.SymbolCacheTest.Namespace 04 - Multiple" methodname="Namespace 04 - Multiple" classname="SymbolCacheTest" result="Passed" duration="0.026" asserts="0">
                    <output><![CDATA[ReSharper LogPath is: C:\Users\berej\AppData\Local\Temp\JetLogs\ReSharperTests\resharper.log
Per-Test LogPath is: C:\Users\berej\AppData\Local\Temp\JetLogs\ReSharperTests\SymbolCacheTest\Namespace 04 - Multiple.log

]]></output>
                  </test-case>
                  <test-case name="Namespace 05 - Multiple qualifiers" fullname="JetBrains.ReSharper.Plugins.FSharp.Tests.Features.SymbolCacheTest.Namespace 05 - Multiple qualifiers" methodname="Namespace 05 - Multiple qualifiers" classname="SymbolCacheTest" result="Passed" duration="0.027" asserts="0">
                    <output><![CDATA[ReSharper LogPath is: C:\Users\berej\AppData\Local\Temp\JetLogs\ReSharperTests\resharper.log
Per-Test LogPath is: C:\Users\berej\AppData\Local\Temp\JetLogs\ReSharperTests\SymbolCacheTest\Namespace 05 - Multiple qualifiers.log

]]></output>
                  </test-case>
                  <test-case name="Object expr - Interface 01" fullname="JetBrains.ReSharper.Plugins.FSharp.Tests.Features.SymbolCacheTest.Object expr - Interface 01" methodname="Object expr - Interface 01" classname="SymbolCacheTest" result="Passed" duration="0.028" asserts="0">
                    <output><![CDATA[ReSharper LogPath is: C:\Users\berej\AppData\Local\Temp\JetLogs\ReSharperTests\resharper.log
Per-Test LogPath is: C:\Users\berej\AppData\Local\Temp\JetLogs\ReSharperTests\SymbolCacheTest\Object expr - Interface 01.log

]]></output>
                  </test-case>
                  <test-case name="Record 01 - Simple, module" fullname="JetBrains.ReSharper.Plugins.FSharp.Tests.Features.SymbolCacheTest.Record 01 - Simple, module" methodname="Record 01 - Simple, module" classname="SymbolCacheTest" result="Passed" duration="0.026" asserts="0">
                    <output><![CDATA[ReSharper LogPath is: C:\Users\berej\AppData\Local\Temp\JetLogs\ReSharperTests\resharper.log
Per-Test LogPath is: C:\Users\berej\AppData\Local\Temp\JetLogs\ReSharperTests\SymbolCacheTest\Record 01 - Simple, module.log

]]></output>
                  </test-case>
                  <test-case name="Record 02 - Simple, namespace" fullname="JetBrains.ReSharper.Plugins.FSharp.Tests.Features.SymbolCacheTest.Record 02 - Simple, namespace" methodname="Record 02 - Simple, namespace" classname="SymbolCacheTest" result="Passed" duration="0.029" asserts="0">
                    <output><![CDATA[ReSharper LogPath is: C:\Users\berej\AppData\Local\Temp\JetLogs\ReSharperTests\resharper.log
Per-Test LogPath is: C:\Users\berej\AppData\Local\Temp\JetLogs\ReSharperTests\SymbolCacheTest\Record 02 - Simple, namespace.log

]]></output>
                  </test-case>
                  <test-case name="Record 03 - Struct" fullname="JetBrains.ReSharper.Plugins.FSharp.Tests.Features.SymbolCacheTest.Record 03 - Struct" methodname="Record 03 - Struct" classname="SymbolCacheTest" result="Passed" duration="0.027" asserts="0">
                    <output><![CDATA[ReSharper LogPath is: C:\Users\berej\AppData\Local\Temp\JetLogs\ReSharperTests\resharper.log
Per-Test LogPath is: C:\Users\berej\AppData\Local\Temp\JetLogs\ReSharperTests\SymbolCacheTest\Record 03 - Struct.log

]]></output>
                  </test-case>
                  <test-case name="Record 04 - Prefix type parameters" fullname="JetBrains.ReSharper.Plugins.FSharp.Tests.Features.SymbolCacheTest.Record 04 - Prefix type parameters" methodname="Record 04 - Prefix type parameters" classname="SymbolCacheTest" result="Passed" duration="0.027" asserts="0">
                    <output><![CDATA[ReSharper LogPath is: C:\Users\berej\AppData\Local\Temp\JetLogs\ReSharperTests\resharper.log
Per-Test LogPath is: C:\Users\berej\AppData\Local\Temp\JetLogs\ReSharperTests\SymbolCacheTest\Record 04 - Prefix type parameters.log

]]></output>
                  </test-case>
                  <test-case name="Record 05 - Prefix type parameters 2" fullname="JetBrains.ReSharper.Plugins.FSharp.Tests.Features.SymbolCacheTest.Record 05 - Prefix type parameters 2" methodname="Record 05 - Prefix type parameters 2" classname="SymbolCacheTest" result="Passed" duration="0.028" asserts="0">
                    <output><![CDATA[ReSharper LogPath is: C:\Users\berej\AppData\Local\Temp\JetLogs\ReSharperTests\resharper.log
Per-Test LogPath is: C:\Users\berej\AppData\Local\Temp\JetLogs\ReSharperTests\SymbolCacheTest\Record 05 - Prefix type parameters 2.log

]]></output>
                  </test-case>
                  <test-case name="Struct 01 - Explicit" fullname="JetBrains.ReSharper.Plugins.FSharp.Tests.Features.SymbolCacheTest.Struct 01 - Explicit" methodname="Struct 01 - Explicit" classname="SymbolCacheTest" result="Passed" duration="0.026" asserts="0">
                    <output><![CDATA[ReSharper LogPath is: C:\Users\berej\AppData\Local\Temp\JetLogs\ReSharperTests\resharper.log
Per-Test LogPath is: C:\Users\berej\AppData\Local\Temp\JetLogs\ReSharperTests\SymbolCacheTest\Struct 01 - Explicit.log

]]></output>
                  </test-case>
                  <test-case name="Union 01 - Single case 01 - Fields" fullname="JetBrains.ReSharper.Plugins.FSharp.Tests.Features.SymbolCacheTest.Union 01 - Single case 01 - Fields" methodname="Union 01 - Single case 01 - Fields" classname="SymbolCacheTest" result="Passed" duration="0.029" asserts="0">
                    <output><![CDATA[ReSharper LogPath is: C:\Users\berej\AppData\Local\Temp\JetLogs\ReSharperTests\resharper.log
Per-Test LogPath is: C:\Users\berej\AppData\Local\Temp\JetLogs\ReSharperTests\SymbolCacheTest\Union 01 - Single case 01 - Fields.log

]]></output>
                  </test-case>
                  <test-case name="Union 02 - Single case 02 - No fields" fullname="JetBrains.ReSharper.Plugins.FSharp.Tests.Features.SymbolCacheTest.Union 02 - Single case 02 - No fields" methodname="Union 02 - Single case 02 - No fields" classname="SymbolCacheTest" result="Passed" duration="0.03" asserts="0">
                    <output><![CDATA[ReSharper LogPath is: C:\Users\berej\AppData\Local\Temp\JetLogs\ReSharperTests\resharper.log
Per-Test LogPath is: C:\Users\berej\AppData\Local\Temp\JetLogs\ReSharperTests\SymbolCacheTest\Union 02 - Single case 02 - No fields.log

]]></output>
                  </test-case>
                  <test-case name="Union 03 - Single case 03 - No fields, no bar" fullname="JetBrains.ReSharper.Plugins.FSharp.Tests.Features.SymbolCacheTest.Union 03 - Single case 03 - No fields, no bar" methodname="Union 03 - Single case 03 - No fields, no bar" classname="SymbolCacheTest" result="Passed" duration="0.029" asserts="0">
                    <output><![CDATA[ReSharper LogPath is: C:\Users\berej\AppData\Local\Temp\JetLogs\ReSharperTests\resharper.log
Per-Test LogPath is: C:\Users\berej\AppData\Local\Temp\JetLogs\ReSharperTests\SymbolCacheTest\Union 03 - Single case 03 - No fields, no bar.log

]]></output>
                  </test-case>
                  <test-case name="Union 04 - Singletons" fullname="JetBrains.ReSharper.Plugins.FSharp.Tests.Features.SymbolCacheTest.Union 04 - Singletons" methodname="Union 04 - Singletons" classname="SymbolCacheTest" result="Passed" duration="0.033" asserts="0">
                    <output><![CDATA[ReSharper LogPath is: C:\Users\berej\AppData\Local\Temp\JetLogs\ReSharperTests\resharper.log
Per-Test LogPath is: C:\Users\berej\AppData\Local\Temp\JetLogs\ReSharperTests\SymbolCacheTest\Union 04 - Singletons.log

]]></output>
                  </test-case>
                  <test-case name="Union 05 - Nested types" fullname="JetBrains.ReSharper.Plugins.FSharp.Tests.Features.SymbolCacheTest.Union 05 - Nested types" methodname="Union 05 - Nested types" classname="SymbolCacheTest" result="Passed" duration="0.03" asserts="0">
                    <output><![CDATA[ReSharper LogPath is: C:\Users\berej\AppData\Local\Temp\JetLogs\ReSharperTests\resharper.log
Per-Test LogPath is: C:\Users\berej\AppData\Local\Temp\JetLogs\ReSharperTests\SymbolCacheTest\Union 05 - Nested types.log

]]></output>
                  </test-case>
                  <test-case name="Union 06 - Mixed cases" fullname="JetBrains.ReSharper.Plugins.FSharp.Tests.Features.SymbolCacheTest.Union 06 - Mixed cases" methodname="Union 06 - Mixed cases" classname="SymbolCacheTest" result="Passed" duration="0.029" asserts="0">
                    <output><![CDATA[ReSharper LogPath is: C:\Users\berej\AppData\Local\Temp\JetLogs\ReSharperTests\resharper.log
Per-Test LogPath is: C:\Users\berej\AppData\Local\Temp\JetLogs\ReSharperTests\SymbolCacheTest\Union 06 - Mixed cases.log

]]></output>
                  </test-case>
                  <test-case name="Union 07 - Struct single case" fullname="JetBrains.ReSharper.Plugins.FSharp.Tests.Features.SymbolCacheTest.Union 07 - Struct single case" methodname="Union 07 - Struct single case" classname="SymbolCacheTest" result="Passed" duration="0.033" asserts="0">
                    <output><![CDATA[ReSharper LogPath is: C:\Users\berej\AppData\Local\Temp\JetLogs\ReSharperTests\resharper.log
Per-Test LogPath is: C:\Users\berej\AppData\Local\Temp\JetLogs\ReSharperTests\SymbolCacheTest\Union 07 - Struct single case.log

]]></output>
                  </test-case>
                  <test-case name="Union 08 - Struct singletons" fullname="JetBrains.ReSharper.Plugins.FSharp.Tests.Features.SymbolCacheTest.Union 08 - Struct singletons" methodname="Union 08 - Struct singletons" classname="SymbolCacheTest" result="Passed" duration="0.03" asserts="0">
                    <output><![CDATA[ReSharper LogPath is: C:\Users\berej\AppData\Local\Temp\JetLogs\ReSharperTests\resharper.log
Per-Test LogPath is: C:\Users\berej\AppData\Local\Temp\JetLogs\ReSharperTests\SymbolCacheTest\Union 08 - Struct singletons.log

]]></output>
                  </test-case>
                  <test-case name="Union 09 - Struct multiple cases with fields" fullname="JetBrains.ReSharper.Plugins.FSharp.Tests.Features.SymbolCacheTest.Union 09 - Struct multiple cases with fields" methodname="Union 09 - Struct multiple cases with fields" classname="SymbolCacheTest" result="Passed" duration="0.03" asserts="0">
                    <output><![CDATA[ReSharper LogPath is: C:\Users\berej\AppData\Local\Temp\JetLogs\ReSharperTests\resharper.log
Per-Test LogPath is: C:\Users\berej\AppData\Local\Temp\JetLogs\ReSharperTests\SymbolCacheTest\Union 09 - Struct multiple cases with fields.log

]]></output>
                  </test-case>
                </test-suite>
                <test-suite type="TestFixture" name="ToAbstractFixTest" fullname="JetBrains.ReSharper.Plugins.FSharp.Tests.Features.ToAbstractFixTest" total="2" passed="2" failed="0" inconclusive="0" skipped="0" result="Passed" duration="0.199">
                  <test-case name="Abstract member 01" fullname="JetBrains.ReSharper.Plugins.FSharp.Tests.Features.ToAbstractFixTest.Abstract member 01" methodname="Abstract member 01" classname="ToAbstractFixTest" result="Passed" duration="0.114" asserts="0">
                    <properties>
                      <property name="Category" value="QuickFixes" />
                    </properties>
                    <output><![CDATA[ReSharper LogPath is: C:\Users\berej\AppData\Local\Temp\JetLogs\ReSharperTests\resharper.log
Per-Test LogPath is: C:\Users\berej\AppData\Local\Temp\JetLogs\ReSharperTests\ToAbstractFixTest\Abstract member 01.log

]]></output>
                  </test-case>
                  <test-case name="Base type 01" fullname="JetBrains.ReSharper.Plugins.FSharp.Tests.Features.ToAbstractFixTest.Base type 01" methodname="Base type 01" classname="ToAbstractFixTest" result="Passed" duration="0.085" asserts="0">
                    <properties>
                      <property name="Category" value="QuickFixes" />
                    </properties>
                    <output><![CDATA[ReSharper LogPath is: C:\Users\berej\AppData\Local\Temp\JetLogs\ReSharperTests\resharper.log
Per-Test LogPath is: C:\Users\berej\AppData\Local\Temp\JetLogs\ReSharperTests\ToAbstractFixTest\Base type 01.log

]]></output>
                  </test-case>
                </test-suite>
                <test-suite type="TestFixture" name="ToLiteralAvailabilityTest" fullname="JetBrains.ReSharper.Plugins.FSharp.Tests.Features.ToLiteralAvailabilityTest" total="3" passed="3" failed="0" inconclusive="0" skipped="0" result="Passed" duration="0.12">
                  <test-case name="Attributes 01" fullname="JetBrains.ReSharper.Plugins.FSharp.Tests.Features.ToLiteralAvailabilityTest.Attributes 01" methodname="Attributes 01" classname="ToLiteralAvailabilityTest" result="Passed" duration="0.052" asserts="0">
                    <output><![CDATA[ReSharper LogPath is: C:\Users\berej\AppData\Local\Temp\JetLogs\ReSharperTests\resharper.log
Per-Test LogPath is: C:\Users\berej\AppData\Local\Temp\JetLogs\ReSharperTests\ToLiteralAvailabilityTest\Attributes 01.log

]]></output>
                  </test-case>
                  <test-case name="Expr 01" fullname="JetBrains.ReSharper.Plugins.FSharp.Tests.Features.ToLiteralAvailabilityTest.Expr 01" methodname="Expr 01" classname="ToLiteralAvailabilityTest" result="Passed" duration="0.038" asserts="0">
                    <output><![CDATA[ReSharper LogPath is: C:\Users\berej\AppData\Local\Temp\JetLogs\ReSharperTests\resharper.log
Per-Test LogPath is: C:\Users\berej\AppData\Local\Temp\JetLogs\ReSharperTests\ToLiteralAvailabilityTest\Expr 01.log

]]></output>
                  </test-case>
                  <test-case name="Pattern 01" fullname="JetBrains.ReSharper.Plugins.FSharp.Tests.Features.ToLiteralAvailabilityTest.Pattern 01" methodname="Pattern 01" classname="ToLiteralAvailabilityTest" result="Passed" duration="0.03" asserts="0">
                    <output><![CDATA[ReSharper LogPath is: C:\Users\berej\AppData\Local\Temp\JetLogs\ReSharperTests\resharper.log
Per-Test LogPath is: C:\Users\berej\AppData\Local\Temp\JetLogs\ReSharperTests\ToLiteralAvailabilityTest\Pattern 01.log

]]></output>
                  </test-case>
                </test-suite>
                <test-suite type="TestFixture" name="ToLiteralTest" fullname="JetBrains.ReSharper.Plugins.FSharp.Tests.Features.ToLiteralTest" total="3" passed="3" failed="0" inconclusive="0" skipped="0" result="Passed" duration="0.125">
                  <test-case name="Let 01" fullname="JetBrains.ReSharper.Plugins.FSharp.Tests.Features.ToLiteralTest.Let 01" methodname="Let 01" classname="ToLiteralTest" result="Passed" duration="0.056" asserts="0">
                    <output><![CDATA[ReSharper LogPath is: C:\Users\berej\AppData\Local\Temp\JetLogs\ReSharperTests\resharper.log
Per-Test LogPath is: C:\Users\berej\AppData\Local\Temp\JetLogs\ReSharperTests\ToLiteralTest\Let 01.log

]]></output>
                  </test-case>
                  <test-case name="Let 02 - Existing attributes" fullname="JetBrains.ReSharper.Plugins.FSharp.Tests.Features.ToLiteralTest.Let 02 - Existing attributes" methodname="Let 02 - Existing attributes" classname="ToLiteralTest" result="Passed" duration="0.037" asserts="0">
                    <output><![CDATA[ReSharper LogPath is: C:\Users\berej\AppData\Local\Temp\JetLogs\ReSharperTests\resharper.log
Per-Test LogPath is: C:\Users\berej\AppData\Local\Temp\JetLogs\ReSharperTests\ToLiteralTest\Let 02 - Existing attributes.log

]]></output>
                  </test-case>
                  <test-case name="Let 03 - Existing attributes" fullname="JetBrains.ReSharper.Plugins.FSharp.Tests.Features.ToLiteralTest.Let 03 - Existing attributes" methodname="Let 03 - Existing attributes" classname="ToLiteralTest" result="Passed" duration="0.032" asserts="0">
                    <output><![CDATA[ReSharper LogPath is: C:\Users\berej\AppData\Local\Temp\JetLogs\ReSharperTests\resharper.log
Per-Test LogPath is: C:\Users\berej\AppData\Local\Temp\JetLogs\ReSharperTests\ToLiteralTest\Let 03 - Existing attributes.log

]]></output>
                  </test-case>
                </test-suite>
                <test-suite type="TestFixture" name="ToModuleNamespaceActionAvailabilityTest" fullname="JetBrains.ReSharper.Plugins.FSharp.Tests.Features.ToModuleNamespaceActionAvailabilityTest" total="3" passed="3" failed="0" inconclusive="0" skipped="0" result="Passed" duration="0.114">
                  <test-case name="Module 01" fullname="JetBrains.ReSharper.Plugins.FSharp.Tests.Features.ToModuleNamespaceActionAvailabilityTest.Module 01" methodname="Module 01" classname="ToModuleNamespaceActionAvailabilityTest" result="Passed" duration="0.049" asserts="0">
                    <output><![CDATA[ReSharper LogPath is: C:\Users\berej\AppData\Local\Temp\JetLogs\ReSharperTests\resharper.log
Per-Test LogPath is: C:\Users\berej\AppData\Local\Temp\JetLogs\ReSharperTests\ToModuleNamespaceActionAvailabilityTest\Module 01.log

]]></output>
                  </test-case>
                  <test-case name="Module 02 - Nested" fullname="JetBrains.ReSharper.Plugins.FSharp.Tests.Features.ToModuleNamespaceActionAvailabilityTest.Module 02 - Nested" methodname="Module 02 - Nested" classname="ToModuleNamespaceActionAvailabilityTest" result="Passed" duration="0.036" asserts="0">
                    <output><![CDATA[ReSharper LogPath is: C:\Users\berej\AppData\Local\Temp\JetLogs\ReSharperTests\resharper.log
Per-Test LogPath is: C:\Users\berej\AppData\Local\Temp\JetLogs\ReSharperTests\ToModuleNamespaceActionAvailabilityTest\Module 02 - Nested.log

]]></output>
                  </test-case>
                  <test-case name="Namespace 01" fullname="JetBrains.ReSharper.Plugins.FSharp.Tests.Features.ToModuleNamespaceActionAvailabilityTest.Namespace 01" methodname="Namespace 01" classname="ToModuleNamespaceActionAvailabilityTest" result="Passed" duration="0.029" asserts="0">
                    <output><![CDATA[ReSharper LogPath is: C:\Users\berej\AppData\Local\Temp\JetLogs\ReSharperTests\resharper.log
Per-Test LogPath is: C:\Users\berej\AppData\Local\Temp\JetLogs\ReSharperTests\ToModuleNamespaceActionAvailabilityTest\Namespace 01.log

]]></output>
                  </test-case>
                </test-suite>
                <test-suite type="TestFixture" name="ToModuleNamespaceActionExecuteTest" fullname="JetBrains.ReSharper.Plugins.FSharp.Tests.Features.ToModuleNamespaceActionExecuteTest" total="2" passed="2" failed="0" inconclusive="0" skipped="0" result="Passed" duration="0.083">
                  <test-case name="Module 01" fullname="JetBrains.ReSharper.Plugins.FSharp.Tests.Features.ToModuleNamespaceActionExecuteTest.Module 01" methodname="Module 01" classname="ToModuleNamespaceActionExecuteTest" result="Passed" duration="0.048" asserts="0">
                    <output><![CDATA[ReSharper LogPath is: C:\Users\berej\AppData\Local\Temp\JetLogs\ReSharperTests\resharper.log
Per-Test LogPath is: C:\Users\berej\AppData\Local\Temp\JetLogs\ReSharperTests\ToModuleNamespaceActionExecuteTest\Module 01.log

]]></output>
                  </test-case>
                  <test-case name="Namespace 01" fullname="JetBrains.ReSharper.Plugins.FSharp.Tests.Features.ToModuleNamespaceActionExecuteTest.Namespace 01" methodname="Namespace 01" classname="ToModuleNamespaceActionExecuteTest" result="Passed" duration="0.035" asserts="0">
                    <output><![CDATA[ReSharper LogPath is: C:\Users\berej\AppData\Local\Temp\JetLogs\ReSharperTests\resharper.log
Per-Test LogPath is: C:\Users\berej\AppData\Local\Temp\JetLogs\ReSharperTests\ToModuleNamespaceActionExecuteTest\Namespace 01.log

]]></output>
                  </test-case>
                </test-suite>
                <test-suite type="TestFixture" name="ToMultilineRecordAvailabilityTest" fullname="JetBrains.ReSharper.Plugins.FSharp.Tests.Features.ToMultilineRecordAvailabilityTest" total="2" passed="2" failed="0" inconclusive="0" skipped="0" result="Passed" duration="0.085">
                  <test-case name="Simple 01" fullname="JetBrains.ReSharper.Plugins.FSharp.Tests.Features.ToMultilineRecordAvailabilityTest.Simple 01" methodname="Simple 01" classname="ToMultilineRecordAvailabilityTest" result="Passed" duration="0.052" asserts="0">
                    <output><![CDATA[ReSharper LogPath is: C:\Users\berej\AppData\Local\Temp\JetLogs\ReSharperTests\resharper.log
Per-Test LogPath is: C:\Users\berej\AppData\Local\Temp\JetLogs\ReSharperTests\ToMultilineRecordAvailabilityTest\Simple 01.log

]]></output>
                  </test-case>
                  <test-case name="Simple 02 - Copy expr" fullname="JetBrains.ReSharper.Plugins.FSharp.Tests.Features.ToMultilineRecordAvailabilityTest.Simple 02 - Copy expr" methodname="Simple 02 - Copy expr" classname="ToMultilineRecordAvailabilityTest" result="Passed" duration="0.033" asserts="0">
                    <output><![CDATA[ReSharper LogPath is: C:\Users\berej\AppData\Local\Temp\JetLogs\ReSharperTests\resharper.log
Per-Test LogPath is: C:\Users\berej\AppData\Local\Temp\JetLogs\ReSharperTests\ToMultilineRecordAvailabilityTest\Simple 02 - Copy expr.log

]]></output>
                  </test-case>
                </test-suite>
                <test-suite type="TestFixture" name="ToMultilineRecordExecuteTest" fullname="JetBrains.ReSharper.Plugins.FSharp.Tests.Features.ToMultilineRecordExecuteTest" total="3" passed="3" failed="0" inconclusive="0" skipped="0" result="Passed" duration="0.132">
                  <test-case name="Simple 01" fullname="JetBrains.ReSharper.Plugins.FSharp.Tests.Features.ToMultilineRecordExecuteTest.Simple 01" methodname="Simple 01" classname="ToMultilineRecordExecuteTest" result="Passed" duration="0.054" asserts="0">
                    <output><![CDATA[ReSharper LogPath is: C:\Users\berej\AppData\Local\Temp\JetLogs\ReSharperTests\resharper.log
Per-Test LogPath is: C:\Users\berej\AppData\Local\Temp\JetLogs\ReSharperTests\ToMultilineRecordExecuteTest\Simple 01.log

]]></output>
                  </test-case>
                  <test-case name="Simple 02 - No space" fullname="JetBrains.ReSharper.Plugins.FSharp.Tests.Features.ToMultilineRecordExecuteTest.Simple 02 - No space" methodname="Simple 02 - No space" classname="ToMultilineRecordExecuteTest" result="Passed" duration="0.04" asserts="0">
                    <output><![CDATA[ReSharper LogPath is: C:\Users\berej\AppData\Local\Temp\JetLogs\ReSharperTests\resharper.log
Per-Test LogPath is: C:\Users\berej\AppData\Local\Temp\JetLogs\ReSharperTests\ToMultilineRecordExecuteTest\Simple 02 - No space.log

]]></output>
                  </test-case>
                  <test-case name="Simple 03 - Comment" fullname="JetBrains.ReSharper.Plugins.FSharp.Tests.Features.ToMultilineRecordExecuteTest.Simple 03 - Comment" methodname="Simple 03 - Comment" classname="ToMultilineRecordExecuteTest" result="Passed" duration="0.038" asserts="0">
                    <output><![CDATA[ReSharper LogPath is: C:\Users\berej\AppData\Local\Temp\JetLogs\ReSharperTests\resharper.log
Per-Test LogPath is: C:\Users\berej\AppData\Local\Temp\JetLogs\ReSharperTests\ToMultilineRecordExecuteTest\Simple 03 - Comment.log

]]></output>
                  </test-case>
                </test-suite>
                <test-suite type="TestFixture" name="ToMutableFixAvailabilityTest" fullname="JetBrains.ReSharper.Plugins.FSharp.Tests.Features.ToMutableFixAvailabilityTest" total="1" passed="1" failed="0" inconclusive="0" skipped="0" result="Passed" duration="0.115">
                  <test-case name="LocalAsPat - Pattern matching, not available" fullname="JetBrains.ReSharper.Plugins.FSharp.Tests.Features.ToMutableFixAvailabilityTest.LocalAsPat - Pattern matching, not available" methodname="LocalAsPat - Pattern matching, not available" classname="ToMutableFixAvailabilityTest" result="Passed" duration="0.115" asserts="0">
                    <properties>
                      <property name="Category" value="QuickFixes" />
                    </properties>
                    <output><![CDATA[ReSharper LogPath is: C:\Users\berej\AppData\Local\Temp\JetLogs\ReSharperTests\resharper.log
Per-Test LogPath is: C:\Users\berej\AppData\Local\Temp\JetLogs\ReSharperTests\ToMutableFixAvailabilityTest\LocalAsPat - Pattern matching, not available.log

]]></output>
                  </test-case>
                </test-suite>
                <test-suite type="TestFixture" name="ToMutableFixTest" fullname="JetBrains.ReSharper.Plugins.FSharp.Tests.Features.ToMutableFixTest" total="9" passed="7" failed="0" inconclusive="2" skipped="0" result="Passed" duration="0.561">
                  <test-case name="LocalAsPat" fullname="JetBrains.ReSharper.Plugins.FSharp.Tests.Features.ToMutableFixTest.LocalAsPat" methodname="LocalAsPat" classname="ToMutableFixTest" result="Passed" duration="0.092" asserts="0">
                    <properties>
                      <property name="Category" value="QuickFixes" />
                    </properties>
                    <output><![CDATA[ReSharper LogPath is: C:\Users\berej\AppData\Local\Temp\JetLogs\ReSharperTests\resharper.log
Per-Test LogPath is: C:\Users\berej\AppData\Local\Temp\JetLogs\ReSharperTests\ToMutableFixTest\LocalAsPat.log

]]></output>
                  </test-case>
                  <test-case name="Record field 01" fullname="JetBrains.ReSharper.Plugins.FSharp.Tests.Features.ToMutableFixTest.Record field 01" methodname="Record field 01" classname="ToMutableFixTest" result="Passed" duration="0.085" asserts="0">
                    <properties>
                      <property name="Category" value="QuickFixes" />
                    </properties>
                    <output><![CDATA[ReSharper LogPath is: C:\Users\berej\AppData\Local\Temp\JetLogs\ReSharperTests\resharper.log
Per-Test LogPath is: C:\Users\berej\AppData\Local\Temp\JetLogs\ReSharperTests\ToMutableFixTest\Record field 01.log

]]></output>
                  </test-case>
                  <test-case name="Record field 02 - Attributes" fullname="JetBrains.ReSharper.Plugins.FSharp.Tests.Features.ToMutableFixTest.Record field 02 - Attributes" methodname="Record field 02 - Attributes" classname="ToMutableFixTest" result="Passed" duration="0.085" asserts="0">
                    <properties>
                      <property name="Category" value="QuickFixes" />
                    </properties>
                    <output><![CDATA[ReSharper LogPath is: C:\Users\berej\AppData\Local\Temp\JetLogs\ReSharperTests\resharper.log
Per-Test LogPath is: C:\Users\berej\AppData\Local\Temp\JetLogs\ReSharperTests\ToMutableFixTest\Record field 02 - Attributes.log

]]></output>
                  </test-case>
                  <test-case name="TopAsPat" fullname="JetBrains.ReSharper.Plugins.FSharp.Tests.Features.ToMutableFixTest.TopAsPat" methodname="TopAsPat" classname="ToMutableFixTest" result="Passed" duration="0.08" asserts="0">
                    <properties>
                      <property name="Category" value="QuickFixes" />
                    </properties>
                    <output><![CDATA[ReSharper LogPath is: C:\Users\berej\AppData\Local\Temp\JetLogs\ReSharperTests\resharper.log
Per-Test LogPath is: C:\Users\berej\AppData\Local\Temp\JetLogs\ReSharperTests\ToMutableFixTest\TopAsPat.log

]]></output>
                  </test-case>
                  <test-case name="Val - Local 01" fullname="JetBrains.ReSharper.Plugins.FSharp.Tests.Features.ToMutableFixTest.Val - Local 01" methodname="Val - Local 01" classname="ToMutableFixTest" result="Passed" duration="0.068" asserts="0">
                    <properties>
                      <property name="Category" value="QuickFixes" />
                    </properties>
                    <output><![CDATA[ReSharper LogPath is: C:\Users\berej\AppData\Local\Temp\JetLogs\ReSharperTests\resharper.log
Per-Test LogPath is: C:\Users\berej\AppData\Local\Temp\JetLogs\ReSharperTests\ToMutableFixTest\Val - Local 01.log

]]></output>
                  </test-case>
                  <test-case name="Val - Parameter pattern 01 - Union case param" fullname="JetBrains.ReSharper.Plugins.FSharp.Tests.Features.ToMutableFixTest.Val - Parameter pattern 01 - Union case param" methodname="Val - Parameter pattern 01 - Union case param" classname="ToMutableFixTest" result="Inconclusive" duration="0" asserts="0">
                    <properties>
                      <property name="Explicit" value="" />
                      <property name="Category" value="QuickFixes" />
                    </properties>
                  </test-case>
                  <test-case name="Val - Parameter pattern 02 - Function param" fullname="JetBrains.ReSharper.Plugins.FSharp.Tests.Features.ToMutableFixTest.Val - Parameter pattern 02 - Function param" methodname="Val - Parameter pattern 02 - Function param" classname="ToMutableFixTest" result="Inconclusive" duration="0" asserts="0">
                    <properties>
                      <property name="Explicit" value="" />
                      <property name="Category" value="QuickFixes" />
                    </properties>
                  </test-case>
                  <test-case name="Val - Parameter pattern 03 - Typed" fullname="JetBrains.ReSharper.Plugins.FSharp.Tests.Features.ToMutableFixTest.Val - Parameter pattern 03 - Typed" methodname="Val - Parameter pattern 03 - Typed" classname="ToMutableFixTest" result="Passed" duration="0.077" asserts="0">
                    <properties>
                      <property name="Category" value="QuickFixes" />
                    </properties>
                    <output><![CDATA[ReSharper LogPath is: C:\Users\berej\AppData\Local\Temp\JetLogs\ReSharperTests\resharper.log
Per-Test LogPath is: C:\Users\berej\AppData\Local\Temp\JetLogs\ReSharperTests\ToMutableFixTest\Val - Parameter pattern 03 - Typed.log

]]></output>
                  </test-case>
                  <test-case name="Val - Top level 01" fullname="JetBrains.ReSharper.Plugins.FSharp.Tests.Features.ToMutableFixTest.Val - Top level 01" methodname="Val - Top level 01" classname="ToMutableFixTest" result="Passed" duration="0.074" asserts="0">
                    <properties>
                      <property name="Category" value="QuickFixes" />
                    </properties>
                    <output><![CDATA[ReSharper LogPath is: C:\Users\berej\AppData\Local\Temp\JetLogs\ReSharperTests\resharper.log
Per-Test LogPath is: C:\Users\berej\AppData\Local\Temp\JetLogs\ReSharperTests\ToMutableFixTest\Val - Top level 01.log

]]></output>
                  </test-case>
                </test-suite>
                <test-suite type="TestFixture" name="ToMutableRecordFieldActionAvailabilityTest" fullname="JetBrains.ReSharper.Plugins.FSharp.Tests.Features.ToMutableRecordFieldActionAvailabilityTest" total="1" passed="1" failed="0" inconclusive="0" skipped="0" result="Passed" duration="0.055">
                  <test-case name="Record field 01 - Mutable" fullname="JetBrains.ReSharper.Plugins.FSharp.Tests.Features.ToMutableRecordFieldActionAvailabilityTest.Record field 01 - Mutable" methodname="Record field 01 - Mutable" classname="ToMutableRecordFieldActionAvailabilityTest" result="Passed" duration="0.055" asserts="0">
                    <output><![CDATA[ReSharper LogPath is: C:\Users\berej\AppData\Local\Temp\JetLogs\ReSharperTests\resharper.log
Per-Test LogPath is: C:\Users\berej\AppData\Local\Temp\JetLogs\ReSharperTests\ToMutableRecordFieldActionAvailabilityTest\Record field 01 - Mutable.log

]]></output>
                  </test-case>
                </test-suite>
                <test-suite type="TestFixture" name="ToMutableRecordFieldActionTest" fullname="JetBrains.ReSharper.Plugins.FSharp.Tests.Features.ToMutableRecordFieldActionTest" total="1" passed="1" failed="0" inconclusive="0" skipped="0" result="Passed" duration="0.052">
                  <test-case name="Record field 01" fullname="JetBrains.ReSharper.Plugins.FSharp.Tests.Features.ToMutableRecordFieldActionTest.Record field 01" methodname="Record field 01" classname="ToMutableRecordFieldActionTest" result="Passed" duration="0.052" asserts="0">
                    <output><![CDATA[ReSharper LogPath is: C:\Users\berej\AppData\Local\Temp\JetLogs\ReSharperTests\resharper.log
Per-Test LogPath is: C:\Users\berej\AppData\Local\Temp\JetLogs\ReSharperTests\ToMutableRecordFieldActionTest\Record field 01.log

]]></output>
                  </test-case>
                </test-suite>
                <test-suite type="TestFixture" name="ToRecursiveFunctionTest" fullname="JetBrains.ReSharper.Plugins.FSharp.Tests.Features.ToRecursiveFunctionTest" total="3" passed="3" failed="0" inconclusive="0" skipped="0" result="Passed" duration="0.294">
                  <test-case name="Local 01" fullname="JetBrains.ReSharper.Plugins.FSharp.Tests.Features.ToRecursiveFunctionTest.Local 01" methodname="Local 01" classname="ToRecursiveFunctionTest" result="Passed" duration="0.112" asserts="0">
                    <properties>
                      <property name="Category" value="QuickFixes" />
                    </properties>
                    <output><![CDATA[ReSharper LogPath is: C:\Users\berej\AppData\Local\Temp\JetLogs\ReSharperTests\resharper.log
Per-Test LogPath is: C:\Users\berej\AppData\Local\Temp\JetLogs\ReSharperTests\ToRecursiveFunctionTest\Local 01.log

]]></output>
                  </test-case>
                  <test-case name="Top level 01" fullname="JetBrains.ReSharper.Plugins.FSharp.Tests.Features.ToRecursiveFunctionTest.Top level 01" methodname="Top level 01" classname="ToRecursiveFunctionTest" result="Passed" duration="0.098" asserts="0">
                    <properties>
                      <property name="Category" value="QuickFixes" />
                    </properties>
                    <output><![CDATA[ReSharper LogPath is: C:\Users\berej\AppData\Local\Temp\JetLogs\ReSharperTests\resharper.log
Per-Test LogPath is: C:\Users\berej\AppData\Local\Temp\JetLogs\ReSharperTests\ToRecursiveFunctionTest\Top level 01.log

]]></output>
                  </test-case>
                  <test-case name="Top level 02 - Alignment" fullname="JetBrains.ReSharper.Plugins.FSharp.Tests.Features.ToRecursiveFunctionTest.Top level 02 - Alignment" methodname="Top level 02 - Alignment" classname="ToRecursiveFunctionTest" result="Passed" duration="0.084" asserts="0">
                    <properties>
                      <property name="Category" value="QuickFixes" />
                    </properties>
                    <output><![CDATA[ReSharper LogPath is: C:\Users\berej\AppData\Local\Temp\JetLogs\ReSharperTests\resharper.log
Per-Test LogPath is: C:\Users\berej\AppData\Local\Temp\JetLogs\ReSharperTests\ToRecursiveFunctionTest\Top level 02 - Alignment.log

]]></output>
                  </test-case>
                </test-suite>
                <test-suite type="TestFixture" name="ToRecursiveLetBindingsActionAvailabilityTest" fullname="JetBrains.ReSharper.Plugins.FSharp.Tests.Features.ToRecursiveLetBindingsActionAvailabilityTest" total="7" passed="7" failed="0" inconclusive="0" skipped="0" result="Passed" duration="0.247">
                  <test-case name="Expression - Keyword 01" fullname="JetBrains.ReSharper.Plugins.FSharp.Tests.Features.ToRecursiveLetBindingsActionAvailabilityTest.Expression - Keyword 01" methodname="Expression - Keyword 01" classname="ToRecursiveLetBindingsActionAvailabilityTest" result="Passed" duration="0.06" asserts="0">
                    <output><![CDATA[ReSharper LogPath is: C:\Users\berej\AppData\Local\Temp\JetLogs\ReSharperTests\resharper.log
Per-Test LogPath is: C:\Users\berej\AppData\Local\Temp\JetLogs\ReSharperTests\ToRecursiveLetBindingsActionAvailabilityTest\Expression - Keyword 01.log

]]></output>
                  </test-case>
                  <test-case name="Expression - Name 01" fullname="JetBrains.ReSharper.Plugins.FSharp.Tests.Features.ToRecursiveLetBindingsActionAvailabilityTest.Expression - Name 01" methodname="Expression - Name 01" classname="ToRecursiveLetBindingsActionAvailabilityTest" result="Passed" duration="0.032" asserts="0">
                    <output><![CDATA[ReSharper LogPath is: C:\Users\berej\AppData\Local\Temp\JetLogs\ReSharperTests\resharper.log
Per-Test LogPath is: C:\Users\berej\AppData\Local\Temp\JetLogs\ReSharperTests\ToRecursiveLetBindingsActionAvailabilityTest\Expression - Name 01.log

]]></output>
                  </test-case>
                  <test-case name="Module - Keyword 01" fullname="JetBrains.ReSharper.Plugins.FSharp.Tests.Features.ToRecursiveLetBindingsActionAvailabilityTest.Module - Keyword 01" methodname="Module - Keyword 01" classname="ToRecursiveLetBindingsActionAvailabilityTest" result="Passed" duration="0.032" asserts="0">
                    <output><![CDATA[ReSharper LogPath is: C:\Users\berej\AppData\Local\Temp\JetLogs\ReSharperTests\resharper.log
Per-Test LogPath is: C:\Users\berej\AppData\Local\Temp\JetLogs\ReSharperTests\ToRecursiveLetBindingsActionAvailabilityTest\Module - Keyword 01.log

]]></output>
                  </test-case>
                  <test-case name="Module - Keyword 02 - Attributes" fullname="JetBrains.ReSharper.Plugins.FSharp.Tests.Features.ToRecursiveLetBindingsActionAvailabilityTest.Module - Keyword 02 - Attributes" methodname="Module - Keyword 02 - Attributes" classname="ToRecursiveLetBindingsActionAvailabilityTest" result="Passed" duration="0.033" asserts="0">
                    <output><![CDATA[ReSharper LogPath is: C:\Users\berej\AppData\Local\Temp\JetLogs\ReSharperTests\resharper.log
Per-Test LogPath is: C:\Users\berej\AppData\Local\Temp\JetLogs\ReSharperTests\ToRecursiveLetBindingsActionAvailabilityTest\Module - Keyword 02 - Attributes.log

]]></output>
                  </test-case>
                  <test-case name="Module - Name 01" fullname="JetBrains.ReSharper.Plugins.FSharp.Tests.Features.ToRecursiveLetBindingsActionAvailabilityTest.Module - Name 01" methodname="Module - Name 01" classname="ToRecursiveLetBindingsActionAvailabilityTest" result="Passed" duration="0.03" asserts="0">
                    <output><![CDATA[ReSharper LogPath is: C:\Users\berej\AppData\Local\Temp\JetLogs\ReSharperTests\resharper.log
Per-Test LogPath is: C:\Users\berej\AppData\Local\Temp\JetLogs\ReSharperTests\ToRecursiveLetBindingsActionAvailabilityTest\Module - Name 01.log

]]></output>
                  </test-case>
                  <test-case name="Module - Name 02 - Attributes" fullname="JetBrains.ReSharper.Plugins.FSharp.Tests.Features.ToRecursiveLetBindingsActionAvailabilityTest.Module - Name 02 - Attributes" methodname="Module - Name 02 - Attributes" classname="ToRecursiveLetBindingsActionAvailabilityTest" result="Passed" duration="0.031" asserts="0">
                    <output><![CDATA[ReSharper LogPath is: C:\Users\berej\AppData\Local\Temp\JetLogs\ReSharperTests\resharper.log
Per-Test LogPath is: C:\Users\berej\AppData\Local\Temp\JetLogs\ReSharperTests\ToRecursiveLetBindingsActionAvailabilityTest\Module - Name 02 - Attributes.log

]]></output>
                  </test-case>
                  <test-case name="Not available" fullname="JetBrains.ReSharper.Plugins.FSharp.Tests.Features.ToRecursiveLetBindingsActionAvailabilityTest.Not available" methodname="Not available" classname="ToRecursiveLetBindingsActionAvailabilityTest" result="Passed" duration="0.029" asserts="0">
                    <output><![CDATA[ReSharper LogPath is: C:\Users\berej\AppData\Local\Temp\JetLogs\ReSharperTests\resharper.log
Per-Test LogPath is: C:\Users\berej\AppData\Local\Temp\JetLogs\ReSharperTests\ToRecursiveLetBindingsActionAvailabilityTest\Not available.log

]]></output>
                  </test-case>
                </test-suite>
                <test-suite type="TestFixture" name="ToRecursiveLetBindingsActionExecuteTest" fullname="JetBrains.ReSharper.Plugins.FSharp.Tests.Features.ToRecursiveLetBindingsActionExecuteTest" total="7" passed="7" failed="0" inconclusive="0" skipped="0" result="Passed" duration="0.292">
                  <test-case name="Expression - Next line 01" fullname="JetBrains.ReSharper.Plugins.FSharp.Tests.Features.ToRecursiveLetBindingsActionExecuteTest.Expression - Next line 01" methodname="Expression - Next line 01" classname="ToRecursiveLetBindingsActionExecuteTest" result="Passed" duration="0.051" asserts="0">
                    <output><![CDATA[ReSharper LogPath is: C:\Users\berej\AppData\Local\Temp\JetLogs\ReSharperTests\resharper.log
Per-Test LogPath is: C:\Users\berej\AppData\Local\Temp\JetLogs\ReSharperTests\ToRecursiveLetBindingsActionExecuteTest\Expression - Next line 01.log

]]></output>
                  </test-case>
                  <test-case name="Expression - Simple 01" fullname="JetBrains.ReSharper.Plugins.FSharp.Tests.Features.ToRecursiveLetBindingsActionExecuteTest.Expression - Simple 01" methodname="Expression - Simple 01" classname="ToRecursiveLetBindingsActionExecuteTest" result="Passed" duration="0.037" asserts="0">
                    <output><![CDATA[ReSharper LogPath is: C:\Users\berej\AppData\Local\Temp\JetLogs\ReSharperTests\resharper.log
Per-Test LogPath is: C:\Users\berej\AppData\Local\Temp\JetLogs\ReSharperTests\ToRecursiveLetBindingsActionExecuteTest\Expression - Simple 01.log

]]></output>
                  </test-case>
                  <test-case name="Module - Alignment 01" fullname="JetBrains.ReSharper.Plugins.FSharp.Tests.Features.ToRecursiveLetBindingsActionExecuteTest.Module - Alignment 01" methodname="Module - Alignment 01" classname="ToRecursiveLetBindingsActionExecuteTest" result="Passed" duration="0.046" asserts="0">
                    <output><![CDATA[ReSharper LogPath is: C:\Users\berej\AppData\Local\Temp\JetLogs\ReSharperTests\resharper.log
Per-Test LogPath is: C:\Users\berej\AppData\Local\Temp\JetLogs\ReSharperTests\ToRecursiveLetBindingsActionExecuteTest\Module - Alignment 01.log

]]></output>
                  </test-case>
                  <test-case name="Module - Next line 01" fullname="JetBrains.ReSharper.Plugins.FSharp.Tests.Features.ToRecursiveLetBindingsActionExecuteTest.Module - Next line 01" methodname="Module - Next line 01" classname="ToRecursiveLetBindingsActionExecuteTest" result="Passed" duration="0.037" asserts="0">
                    <output><![CDATA[ReSharper LogPath is: C:\Users\berej\AppData\Local\Temp\JetLogs\ReSharperTests\resharper.log
Per-Test LogPath is: C:\Users\berej\AppData\Local\Temp\JetLogs\ReSharperTests\ToRecursiveLetBindingsActionExecuteTest\Module - Next line 01.log

]]></output>
                  </test-case>
                  <test-case name="Module - Next line 02" fullname="JetBrains.ReSharper.Plugins.FSharp.Tests.Features.ToRecursiveLetBindingsActionExecuteTest.Module - Next line 02" methodname="Module - Next line 02" classname="ToRecursiveLetBindingsActionExecuteTest" result="Passed" duration="0.042" asserts="0">
                    <output><![CDATA[ReSharper LogPath is: C:\Users\berej\AppData\Local\Temp\JetLogs\ReSharperTests\resharper.log
Per-Test LogPath is: C:\Users\berej\AppData\Local\Temp\JetLogs\ReSharperTests\ToRecursiveLetBindingsActionExecuteTest\Module - Next line 02.log

]]></output>
                  </test-case>
                  <test-case name="Module - Simple 01" fullname="JetBrains.ReSharper.Plugins.FSharp.Tests.Features.ToRecursiveLetBindingsActionExecuteTest.Module - Simple 01" methodname="Module - Simple 01" classname="ToRecursiveLetBindingsActionExecuteTest" result="Passed" duration="0.04" asserts="0">
                    <output><![CDATA[ReSharper LogPath is: C:\Users\berej\AppData\Local\Temp\JetLogs\ReSharperTests\resharper.log
Per-Test LogPath is: C:\Users\berej\AppData\Local\Temp\JetLogs\ReSharperTests\ToRecursiveLetBindingsActionExecuteTest\Module - Simple 01.log

]]></output>
                  </test-case>
                  <test-case name="Module - Space 01" fullname="JetBrains.ReSharper.Plugins.FSharp.Tests.Features.ToRecursiveLetBindingsActionExecuteTest.Module - Space 01" methodname="Module - Space 01" classname="ToRecursiveLetBindingsActionExecuteTest" result="Passed" duration="0.039" asserts="0">
                    <output><![CDATA[ReSharper LogPath is: C:\Users\berej\AppData\Local\Temp\JetLogs\ReSharperTests\resharper.log
Per-Test LogPath is: C:\Users\berej\AppData\Local\Temp\JetLogs\ReSharperTests\ToRecursiveLetBindingsActionExecuteTest\Module - Space 01.log

]]></output>
                  </test-case>
                </test-suite>
                <test-suite type="TestFixture" name="ToRecursiveLetBindingsTest" fullname="JetBrains.ReSharper.Plugins.FSharp.Tests.Features.ToRecursiveLetBindingsTest" total="3" passed="3" failed="0" inconclusive="0" skipped="0" result="Passed" duration="0.27">
                  <test-case name="Module 01 - Simple" fullname="JetBrains.ReSharper.Plugins.FSharp.Tests.Features.ToRecursiveLetBindingsTest.Module 01 - Simple" methodname="Module 01 - Simple" classname="ToRecursiveLetBindingsTest" result="Passed" duration="0.107" asserts="0">
                    <properties>
                      <property name="Category" value="QuickFixes" />
                    </properties>
                    <output><![CDATA[ReSharper LogPath is: C:\Users\berej\AppData\Local\Temp\JetLogs\ReSharperTests\resharper.log
Per-Test LogPath is: C:\Users\berej\AppData\Local\Temp\JetLogs\ReSharperTests\ToRecursiveLetBindingsTest\Module 01 - Simple.log

]]></output>
                  </test-case>
                  <test-case name="Module 02 - Attributes" fullname="JetBrains.ReSharper.Plugins.FSharp.Tests.Features.ToRecursiveLetBindingsTest.Module 02 - Attributes" methodname="Module 02 - Attributes" classname="ToRecursiveLetBindingsTest" result="Passed" duration="0.08" asserts="0">
                    <properties>
                      <property name="Category" value="QuickFixes" />
                    </properties>
                    <output><![CDATA[ReSharper LogPath is: C:\Users\berej\AppData\Local\Temp\JetLogs\ReSharperTests\resharper.log
Per-Test LogPath is: C:\Users\berej\AppData\Local\Temp\JetLogs\ReSharperTests\ToRecursiveLetBindingsTest\Module 02 - Attributes.log

]]></output>
                  </test-case>
                  <test-case name="Module 03 - Alignment" fullname="JetBrains.ReSharper.Plugins.FSharp.Tests.Features.ToRecursiveLetBindingsTest.Module 03 - Alignment" methodname="Module 03 - Alignment" classname="ToRecursiveLetBindingsTest" result="Passed" duration="0.083" asserts="0">
                    <properties>
                      <property name="Category" value="QuickFixes" />
                    </properties>
                    <output><![CDATA[ReSharper LogPath is: C:\Users\berej\AppData\Local\Temp\JetLogs\ReSharperTests\resharper.log
Per-Test LogPath is: C:\Users\berej\AppData\Local\Temp\JetLogs\ReSharperTests\ToRecursiveLetBindingsTest\Module 03 - Alignment.log

]]></output>
                  </test-case>
                </test-suite>
                <test-suite type="TestFixture" name="ToRecursiveModuleActionAvailabilityTest" fullname="JetBrains.ReSharper.Plugins.FSharp.Tests.Features.ToRecursiveModuleActionAvailabilityTest" total="2" passed="2" failed="0" inconclusive="0" skipped="0" result="Passed" duration="0.091">
                  <test-case name="Module 01" fullname="JetBrains.ReSharper.Plugins.FSharp.Tests.Features.ToRecursiveModuleActionAvailabilityTest.Module 01" methodname="Module 01" classname="ToRecursiveModuleActionAvailabilityTest" result="Passed" duration="0.053" asserts="0">
                    <output><![CDATA[ReSharper LogPath is: C:\Users\berej\AppData\Local\Temp\JetLogs\ReSharperTests\resharper.log
Per-Test LogPath is: C:\Users\berej\AppData\Local\Temp\JetLogs\ReSharperTests\ToRecursiveModuleActionAvailabilityTest\Module 01.log

]]></output>
                  </test-case>
                  <test-case name="Namespace 01" fullname="JetBrains.ReSharper.Plugins.FSharp.Tests.Features.ToRecursiveModuleActionAvailabilityTest.Namespace 01" methodname="Namespace 01" classname="ToRecursiveModuleActionAvailabilityTest" result="Passed" duration="0.038" asserts="0">
                    <output><![CDATA[ReSharper LogPath is: C:\Users\berej\AppData\Local\Temp\JetLogs\ReSharperTests\resharper.log
Per-Test LogPath is: C:\Users\berej\AppData\Local\Temp\JetLogs\ReSharperTests\ToRecursiveModuleActionAvailabilityTest\Namespace 01.log

]]></output>
                  </test-case>
                </test-suite>
                <test-suite type="TestFixture" name="ToRecursiveModuleActionExecuteTest" fullname="JetBrains.ReSharper.Plugins.FSharp.Tests.Features.ToRecursiveModuleActionExecuteTest" total="4" passed="4" failed="0" inconclusive="0" skipped="0" result="Passed" duration="0.171">
                  <test-case name="Module - Named 01" fullname="JetBrains.ReSharper.Plugins.FSharp.Tests.Features.ToRecursiveModuleActionExecuteTest.Module - Named 01" methodname="Module - Named 01" classname="ToRecursiveModuleActionExecuteTest" result="Passed" duration="0.054" asserts="0">
                    <output><![CDATA[ReSharper LogPath is: C:\Users\berej\AppData\Local\Temp\JetLogs\ReSharperTests\resharper.log
Per-Test LogPath is: C:\Users\berej\AppData\Local\Temp\JetLogs\ReSharperTests\ToRecursiveModuleActionExecuteTest\Module - Named 01.log

]]></output>
                  </test-case>
                  <test-case name="Module - Nested 01" fullname="JetBrains.ReSharper.Plugins.FSharp.Tests.Features.ToRecursiveModuleActionExecuteTest.Module - Nested 01" methodname="Module - Nested 01" classname="ToRecursiveModuleActionExecuteTest" result="Passed" duration="0.04" asserts="0">
                    <output><![CDATA[ReSharper LogPath is: C:\Users\berej\AppData\Local\Temp\JetLogs\ReSharperTests\resharper.log
Per-Test LogPath is: C:\Users\berej\AppData\Local\Temp\JetLogs\ReSharperTests\ToRecursiveModuleActionExecuteTest\Module - Nested 01.log

]]></output>
                  </test-case>
                  <test-case name="Namespace - Global 01" fullname="JetBrains.ReSharper.Plugins.FSharp.Tests.Features.ToRecursiveModuleActionExecuteTest.Namespace - Global 01" methodname="Namespace - Global 01" classname="ToRecursiveModuleActionExecuteTest" result="Passed" duration="0.039" asserts="0">
                    <output><![CDATA[ReSharper LogPath is: C:\Users\berej\AppData\Local\Temp\JetLogs\ReSharperTests\resharper.log
Per-Test LogPath is: C:\Users\berej\AppData\Local\Temp\JetLogs\ReSharperTests\ToRecursiveModuleActionExecuteTest\Namespace - Global 01.log

]]></output>
                  </test-case>
                  <test-case name="Namespace - Named 01" fullname="JetBrains.ReSharper.Plugins.FSharp.Tests.Features.ToRecursiveModuleActionExecuteTest.Namespace - Named 01" methodname="Namespace - Named 01" classname="ToRecursiveModuleActionExecuteTest" result="Passed" duration="0.038" asserts="0">
                    <output><![CDATA[ReSharper LogPath is: C:\Users\berej\AppData\Local\Temp\JetLogs\ReSharperTests\resharper.log
Per-Test LogPath is: C:\Users\berej\AppData\Local\Temp\JetLogs\ReSharperTests\ToRecursiveModuleActionExecuteTest\Namespace - Named 01.log

]]></output>
                  </test-case>
                </test-suite>
                <test-suite type="TestFixture" name="ToUpcastTest" fullname="JetBrains.ReSharper.Plugins.FSharp.Tests.Features.ToUpcastTest" total="1" passed="1" failed="0" inconclusive="0" skipped="0" result="Passed" duration="0.114">
                  <test-case name="Simple 01" fullname="JetBrains.ReSharper.Plugins.FSharp.Tests.Features.ToUpcastTest.Simple 01" methodname="Simple 01" classname="ToUpcastTest" result="Passed" duration="0.114" asserts="0">
                    <properties>
                      <property name="Category" value="QuickFixes" />
                    </properties>
                    <output><![CDATA[ReSharper LogPath is: C:\Users\berej\AppData\Local\Temp\JetLogs\ReSharperTests\resharper.log
Per-Test LogPath is: C:\Users\berej\AppData\Local\Temp\JetLogs\ReSharperTests\ToUpcastTest\Simple 01.log

]]></output>
                  </test-case>
                </test-suite>
              </test-suite>
            </test-suite>
          </test-suite>
        </test-suite>
      </test-suite>
    </test-suite>
    <test-suite type="TestSuite" name="JetBrains" fullname="JetBrains" total="721" passed="714" failed="1" inconclusive="6" skipped="0" result="Failed" duration="56.043">
      <test-suite type="TestSuite" name="ReSharper" fullname="JetBrains.ReSharper" total="721" passed="714" failed="1" inconclusive="6" skipped="0" result="Failed" duration="56.043">
        <test-suite type="TestSuite" name="Plugins" fullname="JetBrains.ReSharper.Plugins" total="721" passed="714" failed="1" inconclusive="6" skipped="0" result="Failed" duration="56.043">
          <test-suite type="TestSuite" name="FSharp" fullname="JetBrains.ReSharper.Plugins.FSharp" total="721" passed="714" failed="1" inconclusive="6" skipped="0" result="Failed" duration="56.043">
            <test-suite type="TestSuite" name="Tests" fullname="JetBrains.ReSharper.Plugins.FSharp.Tests" total="721" passed="714" failed="1" inconclusive="6" skipped="0" result="Failed" duration="56.043">
              <test-suite type="TestSuite" name="Features" fullname="JetBrains.ReSharper.Plugins.FSharp.Tests.Features" total="721" passed="714" failed="1" inconclusive="6" skipped="0" result="Failed" duration="56.043">
                <test-suite type="TestSuite" name="Actions" fullname="JetBrains.ReSharper.Plugins.FSharp.Tests.Features.Actions" total="6" passed="6" failed="0" inconclusive="0" skipped="0" result="Passed" duration="6.243">
                  <test-suite type="TestFixture" name="FSharpCommentLineTests" fullname="JetBrains.ReSharper.Plugins.FSharp.Tests.Features.Actions.FSharpCommentLineTests" total="6" passed="6" failed="0" inconclusive="0" skipped="0" result="Passed" duration="6.243">
                    <test-case name="testLine01" fullname="JetBrains.ReSharper.Plugins.FSharp.Tests.Features.Actions.FSharpCommentLineTests.testLine01" methodname="testLine01" classname="FSharpCommentLineTests" result="Passed" duration="5.997" asserts="0">
                      <output><![CDATA[ReSharper LogPath is: C:\Users\berej\AppData\Local\Temp\JetLogs\ReSharperTests\resharper.log
Per-Test LogPath is: C:\Users\berej\AppData\Local\Temp\JetLogs\ReSharperTests\FSharpCommentLineTests\testLine01.log

]]></output>
                    </test-case>
                    <test-case name="testLine02" fullname="JetBrains.ReSharper.Plugins.FSharp.Tests.Features.Actions.FSharpCommentLineTests.testLine02" methodname="testLine02" classname="FSharpCommentLineTests" result="Passed" duration="0.068" asserts="0">
                      <output><![CDATA[ReSharper LogPath is: C:\Users\berej\AppData\Local\Temp\JetLogs\ReSharperTests\resharper.log
Per-Test LogPath is: C:\Users\berej\AppData\Local\Temp\JetLogs\ReSharperTests\FSharpCommentLineTests\testLine02.log

]]></output>
                    </test-case>
                    <test-case name="testLine03" fullname="JetBrains.ReSharper.Plugins.FSharp.Tests.Features.Actions.FSharpCommentLineTests.testLine03" methodname="testLine03" classname="FSharpCommentLineTests" result="Passed" duration="0.063" asserts="0">
                      <output><![CDATA[ReSharper LogPath is: C:\Users\berej\AppData\Local\Temp\JetLogs\ReSharperTests\resharper.log
Per-Test LogPath is: C:\Users\berej\AppData\Local\Temp\JetLogs\ReSharperTests\FSharpCommentLineTests\testLine03.log

]]></output>
                    </test-case>
                    <test-case name="testLine04" fullname="JetBrains.ReSharper.Plugins.FSharp.Tests.Features.Actions.FSharpCommentLineTests.testLine04" methodname="testLine04" classname="FSharpCommentLineTests" result="Passed" duration="0.04" asserts="0">
                      <output><![CDATA[ReSharper LogPath is: C:\Users\berej\AppData\Local\Temp\JetLogs\ReSharperTests\resharper.log
Per-Test LogPath is: C:\Users\berej\AppData\Local\Temp\JetLogs\ReSharperTests\FSharpCommentLineTests\testLine04.log

]]></output>
                    </test-case>
                    <test-case name="testLine05" fullname="JetBrains.ReSharper.Plugins.FSharp.Tests.Features.Actions.FSharpCommentLineTests.testLine05" methodname="testLine05" classname="FSharpCommentLineTests" result="Passed" duration="0.038" asserts="0">
                      <output><![CDATA[ReSharper LogPath is: C:\Users\berej\AppData\Local\Temp\JetLogs\ReSharperTests\resharper.log
Per-Test LogPath is: C:\Users\berej\AppData\Local\Temp\JetLogs\ReSharperTests\FSharpCommentLineTests\testLine05.log

]]></output>
                    </test-case>
                    <test-case name="testLine06" fullname="JetBrains.ReSharper.Plugins.FSharp.Tests.Features.Actions.FSharpCommentLineTests.testLine06" methodname="testLine06" classname="FSharpCommentLineTests" result="Passed" duration="0.037" asserts="0">
                      <output><![CDATA[ReSharper LogPath is: C:\Users\berej\AppData\Local\Temp\JetLogs\ReSharperTests\resharper.log
Per-Test LogPath is: C:\Users\berej\AppData\Local\Temp\JetLogs\ReSharperTests\FSharpCommentLineTests\testLine06.log

]]></output>
                    </test-case>
                  </test-suite>
                </test-suite>
                <test-suite type="TestSuite" name="Daemon" fullname="JetBrains.ReSharper.Plugins.FSharp.Tests.Features.Daemon" total="144" passed="142" failed="0" inconclusive="2" skipped="0" result="Passed" duration="12.836">
                  <test-suite type="TestFixture" name="ErrorsHighlightingTest" fullname="JetBrains.ReSharper.Plugins.FSharp.Tests.Features.Daemon.ErrorsHighlightingTest" total="27" passed="27" failed="0" inconclusive="0" skipped="0" result="Passed" duration="2.696">
                    <test-case name="Empty file" fullname="JetBrains.ReSharper.Plugins.FSharp.Tests.Features.Daemon.ErrorsHighlightingTest.Empty file" methodname="Empty file" classname="ErrorsHighlightingTest" result="Passed" duration="0.115" asserts="0">
                      <properties>
                        <property name="Category" value="Daemon" />
                      </properties>
                      <output><![CDATA[ReSharper LogPath is: C:\Users\berej\AppData\Local\Temp\JetLogs\ReSharperTests\resharper.log
Per-Test LogPath is: C:\Users\berej\AppData\Local\Temp\JetLogs\ReSharperTests\ErrorsHighlightingTest\Empty file.log

]]></output>
                    </test-case>
                    <test-case name="Error - no inherit lid" fullname="JetBrains.ReSharper.Plugins.FSharp.Tests.Features.Daemon.ErrorsHighlightingTest.Error - no inherit lid" methodname="Error - no inherit lid" classname="ErrorsHighlightingTest" result="Passed" duration="0.079" asserts="0">
                      <properties>
                        <property name="Category" value="Daemon" />
                      </properties>
                      <output><![CDATA[ReSharper LogPath is: C:\Users\berej\AppData\Local\Temp\JetLogs\ReSharperTests\resharper.log
Per-Test LogPath is: C:\Users\berej\AppData\Local\Temp\JetLogs\ReSharperTests\ErrorsHighlightingTest\Error - no inherit lid.log

]]></output>
                    </test-case>
                    <test-case name="Extension analyzer" fullname="JetBrains.ReSharper.Plugins.FSharp.Tests.Features.Daemon.ErrorsHighlightingTest.Extension analyzer" methodname="Extension analyzer" classname="ErrorsHighlightingTest" result="Passed" duration="0.128" asserts="0">
                      <properties>
                        <property name="Category" value="Daemon" />
                      </properties>
                      <output><![CDATA[ReSharper LogPath is: C:\Users\berej\AppData\Local\Temp\JetLogs\ReSharperTests\resharper.log
Per-Test LogPath is: C:\Users\berej\AppData\Local\Temp\JetLogs\ReSharperTests\ErrorsHighlightingTest\Extension analyzer.log

]]></output>
                    </test-case>
                    <test-case name="Multiline range" fullname="JetBrains.ReSharper.Plugins.FSharp.Tests.Features.Daemon.ErrorsHighlightingTest.Multiline range" methodname="Multiline range" classname="ErrorsHighlightingTest" result="Passed" duration="0.078" asserts="0">
                      <properties>
                        <property name="Category" value="Daemon" />
                      </properties>
                      <output><![CDATA[ReSharper LogPath is: C:\Users\berej\AppData\Local\Temp\JetLogs\ReSharperTests\resharper.log
Per-Test LogPath is: C:\Users\berej\AppData\Local\Temp\JetLogs\ReSharperTests\ErrorsHighlightingTest\Multiline range.log

]]></output>
                    </test-case>
                    <test-case name="No errors 01" fullname="JetBrains.ReSharper.Plugins.FSharp.Tests.Features.Daemon.ErrorsHighlightingTest.No errors 01" methodname="No errors 01" classname="ErrorsHighlightingTest" result="Passed" duration="0.084" asserts="0">
                      <properties>
                        <property name="Category" value="Daemon" />
                      </properties>
                      <output><![CDATA[ReSharper LogPath is: C:\Users\berej\AppData\Local\Temp\JetLogs\ReSharperTests\resharper.log
Per-Test LogPath is: C:\Users\berej\AppData\Local\Temp\JetLogs\ReSharperTests\ErrorsHighlightingTest\No errors 01.log

]]></output>
                    </test-case>
                    <test-case name="Rule never matched 01" fullname="JetBrains.ReSharper.Plugins.FSharp.Tests.Features.Daemon.ErrorsHighlightingTest.Rule never matched 01" methodname="Rule never matched 01" classname="ErrorsHighlightingTest" result="Passed" duration="0.077" asserts="0">
                      <properties>
                        <property name="Category" value="Daemon" />
                      </properties>
                      <output><![CDATA[ReSharper LogPath is: C:\Users\berej\AppData\Local\Temp\JetLogs\ReSharperTests\resharper.log
Per-Test LogPath is: C:\Users\berej\AppData\Local\Temp\JetLogs\ReSharperTests\ErrorsHighlightingTest\Rule never matched 01.log

]]></output>
                    </test-case>
                    <test-case name="Rule never matched 02 - Function" fullname="JetBrains.ReSharper.Plugins.FSharp.Tests.Features.Daemon.ErrorsHighlightingTest.Rule never matched 02 - Function" methodname="Rule never matched 02 - Function" classname="ErrorsHighlightingTest" result="Passed" duration="0.081" asserts="0">
                      <properties>
                        <property name="Category" value="Daemon" />
                      </properties>
                      <output><![CDATA[ReSharper LogPath is: C:\Users\berej\AppData\Local\Temp\JetLogs\ReSharperTests\resharper.log
Per-Test LogPath is: C:\Users\berej\AppData\Local\Temp\JetLogs\ReSharperTests\ErrorsHighlightingTest\Rule never matched 02 - Function.log

]]></output>
                    </test-case>
                    <test-case name="Syntax errors 01" fullname="JetBrains.ReSharper.Plugins.FSharp.Tests.Features.Daemon.ErrorsHighlightingTest.Syntax errors 01" methodname="Syntax errors 01" classname="ErrorsHighlightingTest" result="Passed" duration="0.084" asserts="0">
                      <properties>
                        <property name="Category" value="Daemon" />
                      </properties>
                      <output><![CDATA[ReSharper LogPath is: C:\Users\berej\AppData\Local\Temp\JetLogs\ReSharperTests\resharper.log
Per-Test LogPath is: C:\Users\berej\AppData\Local\Temp\JetLogs\ReSharperTests\ErrorsHighlightingTest\Syntax errors 01.log

]]></output>
                    </test-case>
                    <test-case name="Syntax errors 02" fullname="JetBrains.ReSharper.Plugins.FSharp.Tests.Features.Daemon.ErrorsHighlightingTest.Syntax errors 02" methodname="Syntax errors 02" classname="ErrorsHighlightingTest" result="Passed" duration="0.083" asserts="0">
                      <properties>
                        <property name="Category" value="Daemon" />
                      </properties>
                      <output><![CDATA[ReSharper LogPath is: C:\Users\berej\AppData\Local\Temp\JetLogs\ReSharperTests\resharper.log
Per-Test LogPath is: C:\Users\berej\AppData\Local\Temp\JetLogs\ReSharperTests\ErrorsHighlightingTest\Syntax errors 02.log

]]></output>
                    </test-case>
                    <test-case name="Type check errors 01 - type mismatch" fullname="JetBrains.ReSharper.Plugins.FSharp.Tests.Features.Daemon.ErrorsHighlightingTest.Type check errors 01 - type mismatch" methodname="Type check errors 01 - type mismatch" classname="ErrorsHighlightingTest" result="Passed" duration="0.09" asserts="0">
                      <properties>
                        <property name="Category" value="Daemon" />
                      </properties>
                      <output><![CDATA[ReSharper LogPath is: C:\Users\berej\AppData\Local\Temp\JetLogs\ReSharperTests\resharper.log
Per-Test LogPath is: C:\Users\berej\AppData\Local\Temp\JetLogs\ReSharperTests\ErrorsHighlightingTest\Type check errors 01 - type mismatch.log

]]></output>
                    </test-case>
                    <test-case name="Type check errors 02 - nested error" fullname="JetBrains.ReSharper.Plugins.FSharp.Tests.Features.Daemon.ErrorsHighlightingTest.Type check errors 02 - nested error" methodname="Type check errors 02 - nested error" classname="ErrorsHighlightingTest" result="Passed" duration="0.078" asserts="0">
                      <properties>
                        <property name="Category" value="Daemon" />
                      </properties>
                      <output><![CDATA[ReSharper LogPath is: C:\Users\berej\AppData\Local\Temp\JetLogs\ReSharperTests\resharper.log
Per-Test LogPath is: C:\Users\berej\AppData\Local\Temp\JetLogs\ReSharperTests\ErrorsHighlightingTest\Type check errors 02 - nested error.log

]]></output>
                    </test-case>
                    <test-case name="Undefined indexer 01" fullname="JetBrains.ReSharper.Plugins.FSharp.Tests.Features.Daemon.ErrorsHighlightingTest.Undefined indexer 01" methodname="Undefined indexer 01" classname="ErrorsHighlightingTest" result="Passed" duration="0.098" asserts="0">
                      <properties>
                        <property name="Category" value="Daemon" />
                      </properties>
                      <output><![CDATA[ReSharper LogPath is: C:\Users\berej\AppData\Local\Temp\JetLogs\ReSharperTests\resharper.log
Per-Test LogPath is: C:\Users\berej\AppData\Local\Temp\JetLogs\ReSharperTests\ErrorsHighlightingTest\Undefined indexer 01.log

]]></output>
                    </test-case>
                    <test-case name="Undefined indexer 02 - Undefined id" fullname="JetBrains.ReSharper.Plugins.FSharp.Tests.Features.Daemon.ErrorsHighlightingTest.Undefined indexer 02 - Undefined id" methodname="Undefined indexer 02 - Undefined id" classname="ErrorsHighlightingTest" result="Passed" duration="0.084" asserts="0">
                      <properties>
                        <property name="Category" value="Daemon" />
                      </properties>
                      <output><![CDATA[ReSharper LogPath is: C:\Users\berej\AppData\Local\Temp\JetLogs\ReSharperTests\resharper.log
Per-Test LogPath is: C:\Users\berej\AppData\Local\Temp\JetLogs\ReSharperTests\ErrorsHighlightingTest\Undefined indexer 02 - Undefined id.log

]]></output>
                    </test-case>
                    <test-case name="Undefined indexer 03 - Item Id" fullname="JetBrains.ReSharper.Plugins.FSharp.Tests.Features.Daemon.ErrorsHighlightingTest.Undefined indexer 03 - Item Id" methodname="Undefined indexer 03 - Item Id" classname="ErrorsHighlightingTest" result="Passed" duration="0.085" asserts="0">
                      <properties>
                        <property name="Category" value="Daemon" />
                      </properties>
                      <output><![CDATA[ReSharper LogPath is: C:\Users\berej\AppData\Local\Temp\JetLogs\ReSharperTests\resharper.log
Per-Test LogPath is: C:\Users\berej\AppData\Local\Temp\JetLogs\ReSharperTests\ErrorsHighlightingTest\Undefined indexer 03 - Item Id.log

]]></output>
                    </test-case>
                    <test-case name="Unexpected args 01 - single arg" fullname="JetBrains.ReSharper.Plugins.FSharp.Tests.Features.Daemon.ErrorsHighlightingTest.Unexpected args 01 - single arg" methodname="Unexpected args 01 - single arg" classname="ErrorsHighlightingTest" result="Passed" duration="0.083" asserts="0">
                      <properties>
                        <property name="Category" value="Daemon" />
                      </properties>
                      <output><![CDATA[ReSharper LogPath is: C:\Users\berej\AppData\Local\Temp\JetLogs\ReSharperTests\resharper.log
Per-Test LogPath is: C:\Users\berej\AppData\Local\Temp\JetLogs\ReSharperTests\ErrorsHighlightingTest\Unexpected args 01 - single arg.log

]]></output>
                    </test-case>
                    <test-case name="Unexpected args 02 - many args" fullname="JetBrains.ReSharper.Plugins.FSharp.Tests.Features.Daemon.ErrorsHighlightingTest.Unexpected args 02 - many args" methodname="Unexpected args 02 - many args" classname="ErrorsHighlightingTest" result="Passed" duration="0.088" asserts="0">
                      <properties>
                        <property name="Category" value="Daemon" />
                      </properties>
                      <output><![CDATA[ReSharper LogPath is: C:\Users\berej\AppData\Local\Temp\JetLogs\ReSharperTests\resharper.log
Per-Test LogPath is: C:\Users\berej\AppData\Local\Temp\JetLogs\ReSharperTests\ErrorsHighlightingTest\Unexpected args 02 - many args.log

]]></output>
                    </test-case>
                    <test-case name="Unexpected args 03 - multiline arg" fullname="JetBrains.ReSharper.Plugins.FSharp.Tests.Features.Daemon.ErrorsHighlightingTest.Unexpected args 03 - multiline arg" methodname="Unexpected args 03 - multiline arg" classname="ErrorsHighlightingTest" result="Passed" duration="0.093" asserts="0">
                      <properties>
                        <property name="Category" value="Daemon" />
                      </properties>
                      <output><![CDATA[ReSharper LogPath is: C:\Users\berej\AppData\Local\Temp\JetLogs\ReSharperTests\resharper.log
Per-Test LogPath is: C:\Users\berej\AppData\Local\Temp\JetLogs\ReSharperTests\ErrorsHighlightingTest\Unexpected args 03 - multiline arg.log

]]></output>
                    </test-case>
                    <test-case name="Unexpected args 04 - several errors in single line" fullname="JetBrains.ReSharper.Plugins.FSharp.Tests.Features.Daemon.ErrorsHighlightingTest.Unexpected args 04 - several errors in single line" methodname="Unexpected args 04 - several errors in single line" classname="ErrorsHighlightingTest" result="Passed" duration="0.099" asserts="0">
                      <properties>
                        <property name="Category" value="Daemon" />
                      </properties>
                      <output><![CDATA[ReSharper LogPath is: C:\Users\berej\AppData\Local\Temp\JetLogs\ReSharperTests\resharper.log
Per-Test LogPath is: C:\Users\berej\AppData\Local\Temp\JetLogs\ReSharperTests\ErrorsHighlightingTest\Unexpected args 04 - several errors in single line.log

]]></output>
                    </test-case>
                    <test-case name="Unfinished let" fullname="JetBrains.ReSharper.Plugins.FSharp.Tests.Features.Daemon.ErrorsHighlightingTest.Unfinished let" methodname="Unfinished let" classname="ErrorsHighlightingTest" result="Passed" duration="0.097" asserts="0">
                      <properties>
                        <property name="Category" value="Daemon" />
                      </properties>
                      <output><![CDATA[ReSharper LogPath is: C:\Users\berej\AppData\Local\Temp\JetLogs\ReSharperTests\resharper.log
Per-Test LogPath is: C:\Users\berej\AppData\Local\Temp\JetLogs\ReSharperTests\ErrorsHighlightingTest\Unfinished let.log

]]></output>
                    </test-case>
                    <test-case name="Unused expr 01" fullname="JetBrains.ReSharper.Plugins.FSharp.Tests.Features.Daemon.ErrorsHighlightingTest.Unused expr 01" methodname="Unused expr 01" classname="ErrorsHighlightingTest" result="Passed" duration="0.077" asserts="0">
                      <properties>
                        <property name="Category" value="Daemon" />
                      </properties>
                      <output><![CDATA[ReSharper LogPath is: C:\Users\berej\AppData\Local\Temp\JetLogs\ReSharperTests\resharper.log
Per-Test LogPath is: C:\Users\berej\AppData\Local\Temp\JetLogs\ReSharperTests\ErrorsHighlightingTest\Unused expr 01.log

]]></output>
                    </test-case>
                    <test-case name="Unused value 01 - Object expression" fullname="JetBrains.ReSharper.Plugins.FSharp.Tests.Features.Daemon.ErrorsHighlightingTest.Unused value 01 - Object expression" methodname="Unused value 01 - Object expression" classname="ErrorsHighlightingTest" result="Passed" duration="0.092" asserts="0">
                      <properties>
                        <property name="Category" value="Daemon" />
                      </properties>
                      <output><![CDATA[ReSharper LogPath is: C:\Users\berej\AppData\Local\Temp\JetLogs\ReSharperTests\resharper.log
Per-Test LogPath is: C:\Users\berej\AppData\Local\Temp\JetLogs\ReSharperTests\ErrorsHighlightingTest\Unused value 01 - Object expression.log

]]></output>
                    </test-case>
                    <test-case name="Unused value in script" fullname="JetBrains.ReSharper.Plugins.FSharp.Tests.Features.Daemon.ErrorsHighlightingTest.Unused value in script" methodname="Unused value in script" classname="ErrorsHighlightingTest" result="Passed" duration="0.385" asserts="0">
                      <properties>
                        <property name="Category" value="Daemon" />
                      </properties>
                      <output><![CDATA[ReSharper LogPath is: C:\Users\berej\AppData\Local\Temp\JetLogs\ReSharperTests\resharper.log
Per-Test LogPath is: C:\Users\berej\AppData\Local\Temp\JetLogs\ReSharperTests\ErrorsHighlightingTest\Unused value in script.log

]]></output>
                    </test-case>
                    <test-case name="Upcast unnecessary 01" fullname="JetBrains.ReSharper.Plugins.FSharp.Tests.Features.Daemon.ErrorsHighlightingTest.Upcast unnecessary 01" methodname="Upcast unnecessary 01" classname="ErrorsHighlightingTest" result="Passed" duration="0.096" asserts="0">
                      <properties>
                        <property name="Category" value="Daemon" />
                      </properties>
                      <output><![CDATA[ReSharper LogPath is: C:\Users\berej\AppData\Local\Temp\JetLogs\ReSharperTests\resharper.log
Per-Test LogPath is: C:\Users\berej\AppData\Local\Temp\JetLogs\ReSharperTests\ErrorsHighlightingTest\Upcast unnecessary 01.log

]]></output>
                    </test-case>
                    <test-case name="Use not allowed 01 - module" fullname="JetBrains.ReSharper.Plugins.FSharp.Tests.Features.Daemon.ErrorsHighlightingTest.Use not allowed 01 - module" methodname="Use not allowed 01 - module" classname="ErrorsHighlightingTest" result="Passed" duration="0.092" asserts="0">
                      <properties>
                        <property name="Category" value="Daemon" />
                      </properties>
                      <output><![CDATA[ReSharper LogPath is: C:\Users\berej\AppData\Local\Temp\JetLogs\ReSharperTests\resharper.log
Per-Test LogPath is: C:\Users\berej\AppData\Local\Temp\JetLogs\ReSharperTests\ErrorsHighlightingTest\Use not allowed 01 - module.log

]]></output>
                    </test-case>
                    <test-case name="Use not allowed 02 - primary ctor" fullname="JetBrains.ReSharper.Plugins.FSharp.Tests.Features.Daemon.ErrorsHighlightingTest.Use not allowed 02 - primary ctor" methodname="Use not allowed 02 - primary ctor" classname="ErrorsHighlightingTest" result="Passed" duration="0.093" asserts="0">
                      <properties>
                        <property name="Category" value="Daemon" />
                      </properties>
                      <output><![CDATA[ReSharper LogPath is: C:\Users\berej\AppData\Local\Temp\JetLogs\ReSharperTests\resharper.log
Per-Test LogPath is: C:\Users\berej\AppData\Local\Temp\JetLogs\ReSharperTests\ErrorsHighlightingTest\Use not allowed 02 - primary ctor.log

]]></output>
                    </test-case>
                    <test-case name="Value in namespace" fullname="JetBrains.ReSharper.Plugins.FSharp.Tests.Features.Daemon.ErrorsHighlightingTest.Value in namespace" methodname="Value in namespace" classname="ErrorsHighlightingTest" result="Passed" duration="0.077" asserts="0">
                      <properties>
                        <property name="Category" value="Daemon" />
                      </properties>
                      <output><![CDATA[ReSharper LogPath is: C:\Users\berej\AppData\Local\Temp\JetLogs\ReSharperTests\resharper.log
Per-Test LogPath is: C:\Users\berej\AppData\Local\Temp\JetLogs\ReSharperTests\ErrorsHighlightingTest\Value in namespace.log

]]></output>
                    </test-case>
                    <test-case name="Value not mutable 01" fullname="JetBrains.ReSharper.Plugins.FSharp.Tests.Features.Daemon.ErrorsHighlightingTest.Value not mutable 01" methodname="Value not mutable 01" classname="ErrorsHighlightingTest" result="Passed" duration="0.08" asserts="0">
                      <properties>
                        <property name="Category" value="Daemon" />
                      </properties>
                      <output><![CDATA[ReSharper LogPath is: C:\Users\berej\AppData\Local\Temp\JetLogs\ReSharperTests\resharper.log
Per-Test LogPath is: C:\Users\berej\AppData\Local\Temp\JetLogs\ReSharperTests\ErrorsHighlightingTest\Value not mutable 01.log

]]></output>
                    </test-case>
                  </test-suite>
                  <test-suite type="TestFixture" name="FormatSpecifiersHighlightingTest" fullname="JetBrains.ReSharper.Plugins.FSharp.Tests.Features.Daemon.FormatSpecifiersHighlightingTest" total="10" passed="10" failed="0" inconclusive="0" skipped="0" result="Passed" duration="0.908">
                    <test-case name="Bindings" fullname="JetBrains.ReSharper.Plugins.FSharp.Tests.Features.Daemon.FormatSpecifiersHighlightingTest.Bindings" methodname="Bindings" classname="FormatSpecifiersHighlightingTest" result="Passed" duration="0.096" asserts="0">
                      <properties>
                        <property name="Category" value="Daemon" />
                      </properties>
                      <output><![CDATA[ReSharper LogPath is: C:\Users\berej\AppData\Local\Temp\JetLogs\ReSharperTests\resharper.log
Per-Test LogPath is: C:\Users\berej\AppData\Local\Temp\JetLogs\ReSharperTests\FormatSpecifiersHighlightingTest\Bindings.log

]]></output>
                    </test-case>
                    <test-case name="Escaped strings" fullname="JetBrains.ReSharper.Plugins.FSharp.Tests.Features.Daemon.FormatSpecifiersHighlightingTest.Escaped strings" methodname="Escaped strings" classname="FormatSpecifiersHighlightingTest" result="Passed" duration="0.084" asserts="0">
                      <properties>
                        <property name="Category" value="Daemon" />
                      </properties>
                      <output><![CDATA[ReSharper LogPath is: C:\Users\berej\AppData\Local\Temp\JetLogs\ReSharperTests\resharper.log
Per-Test LogPath is: C:\Users\berej\AppData\Local\Temp\JetLogs\ReSharperTests\FormatSpecifiersHighlightingTest\Escaped strings.log

]]></output>
                    </test-case>
                    <test-case name="Extensions" fullname="JetBrains.ReSharper.Plugins.FSharp.Tests.Features.Daemon.FormatSpecifiersHighlightingTest.Extensions" methodname="Extensions" classname="FormatSpecifiersHighlightingTest" result="Passed" duration="0.085" asserts="0">
                      <properties>
                        <property name="Category" value="Daemon" />
                      </properties>
                      <output><![CDATA[ReSharper LogPath is: C:\Users\berej\AppData\Local\Temp\JetLogs\ReSharperTests\resharper.log
Per-Test LogPath is: C:\Users\berej\AppData\Local\Temp\JetLogs\ReSharperTests\FormatSpecifiersHighlightingTest\Extensions.log

]]></output>
                    </test-case>
                    <test-case name="kprintf bprintf fprintf" fullname="JetBrains.ReSharper.Plugins.FSharp.Tests.Features.Daemon.FormatSpecifiersHighlightingTest.kprintf bprintf fprintf" methodname="kprintf bprintf fprintf" classname="FormatSpecifiersHighlightingTest" result="Passed" duration="0.095" asserts="0">
                      <properties>
                        <property name="Category" value="Daemon" />
                      </properties>
                      <output><![CDATA[ReSharper LogPath is: C:\Users\berej\AppData\Local\Temp\JetLogs\ReSharperTests\resharper.log
Per-Test LogPath is: C:\Users\berej\AppData\Local\Temp\JetLogs\ReSharperTests\FormatSpecifiersHighlightingTest\kprintf bprintf fprintf.log

]]></output>
                    </test-case>
                    <test-case name="Malformed formatters" fullname="JetBrains.ReSharper.Plugins.FSharp.Tests.Features.Daemon.FormatSpecifiersHighlightingTest.Malformed formatters" methodname="Malformed formatters" classname="FormatSpecifiersHighlightingTest" result="Passed" duration="0.084" asserts="0">
                      <properties>
                        <property name="Category" value="Daemon" />
                      </properties>
                      <output><![CDATA[ReSharper LogPath is: C:\Users\berej\AppData\Local\Temp\JetLogs\ReSharperTests\resharper.log
Per-Test LogPath is: C:\Users\berej\AppData\Local\Temp\JetLogs\ReSharperTests\FormatSpecifiersHighlightingTest\Malformed formatters.log

]]></output>
                    </test-case>
                    <test-case name="Multi line strings" fullname="JetBrains.ReSharper.Plugins.FSharp.Tests.Features.Daemon.FormatSpecifiersHighlightingTest.Multi line strings" methodname="Multi line strings" classname="FormatSpecifiersHighlightingTest" result="Passed" duration="0.073" asserts="0">
                      <properties>
                        <property name="Category" value="Daemon" />
                      </properties>
                      <output><![CDATA[ReSharper LogPath is: C:\Users\berej\AppData\Local\Temp\JetLogs\ReSharperTests\resharper.log
Per-Test LogPath is: C:\Users\berej\AppData\Local\Temp\JetLogs\ReSharperTests\FormatSpecifiersHighlightingTest\Multi line strings.log

]]></output>
                    </test-case>
                    <test-case name="Plane strings" fullname="JetBrains.ReSharper.Plugins.FSharp.Tests.Features.Daemon.FormatSpecifiersHighlightingTest.Plane strings" methodname="Plane strings" classname="FormatSpecifiersHighlightingTest" result="Passed" duration="0.083" asserts="0">
                      <properties>
                        <property name="Category" value="Daemon" />
                      </properties>
                      <output><![CDATA[ReSharper LogPath is: C:\Users\berej\AppData\Local\Temp\JetLogs\ReSharperTests\resharper.log
Per-Test LogPath is: C:\Users\berej\AppData\Local\Temp\JetLogs\ReSharperTests\FormatSpecifiersHighlightingTest\Plane strings.log

]]></output>
                    </test-case>
                    <test-case name="Record and union members" fullname="JetBrains.ReSharper.Plugins.FSharp.Tests.Features.Daemon.FormatSpecifiersHighlightingTest.Record and union members" methodname="Record and union members" classname="FormatSpecifiersHighlightingTest" result="Passed" duration="0.134" asserts="0">
                      <properties>
                        <property name="Category" value="Daemon" />
                      </properties>
                      <output><![CDATA[ReSharper LogPath is: C:\Users\berej\AppData\Local\Temp\JetLogs\ReSharperTests\resharper.log
Per-Test LogPath is: C:\Users\berej\AppData\Local\Temp\JetLogs\ReSharperTests\FormatSpecifiersHighlightingTest\Record and union members.log

]]></output>
                    </test-case>
                    <test-case name="Triple quoted strings" fullname="JetBrains.ReSharper.Plugins.FSharp.Tests.Features.Daemon.FormatSpecifiersHighlightingTest.Triple quoted strings" methodname="Triple quoted strings" classname="FormatSpecifiersHighlightingTest" result="Passed" duration="0.089" asserts="0">
                      <properties>
                        <property name="Category" value="Daemon" />
                      </properties>
                      <output><![CDATA[ReSharper LogPath is: C:\Users\berej\AppData\Local\Temp\JetLogs\ReSharperTests\resharper.log
Per-Test LogPath is: C:\Users\berej\AppData\Local\Temp\JetLogs\ReSharperTests\FormatSpecifiersHighlightingTest\Triple quoted strings.log

]]></output>
                    </test-case>
                    <test-case name="Try with finally" fullname="JetBrains.ReSharper.Plugins.FSharp.Tests.Features.Daemon.FormatSpecifiersHighlightingTest.Try with finally" methodname="Try with finally" classname="FormatSpecifiersHighlightingTest" result="Passed" duration="0.085" asserts="0">
                      <properties>
                        <property name="Category" value="Daemon" />
                      </properties>
                      <output><![CDATA[ReSharper LogPath is: C:\Users\berej\AppData\Local\Temp\JetLogs\ReSharperTests\resharper.log
Per-Test LogPath is: C:\Users\berej\AppData\Local\Temp\JetLogs\ReSharperTests\FormatSpecifiersHighlightingTest\Try with finally.log

]]></output>
                    </test-case>
                  </test-suite>
                  <test-suite type="TestFixture" name="FSharpColorHighlightingTest" fullname="JetBrains.ReSharper.Plugins.FSharp.Tests.Features.Daemon.FSharpColorHighlightingTest" total="5" passed="5" failed="0" inconclusive="0" skipped="0" result="Passed" duration="0.629">
                    <test-case name="Methods 01" fullname="JetBrains.ReSharper.Plugins.FSharp.Tests.Features.Daemon.FSharpColorHighlightingTest.Methods 01" methodname="Methods 01" classname="FSharpColorHighlightingTest" result="Passed" duration="0.197" asserts="0">
                      <properties>
                        <property name="Category" value="Daemon" />
                      </properties>
                      <output><![CDATA[ReSharper LogPath is: C:\Users\berej\AppData\Local\Temp\JetLogs\ReSharperTests\resharper.log
Per-Test LogPath is: C:\Users\berej\AppData\Local\Temp\JetLogs\ReSharperTests\FSharpColorHighlightingTest\Methods 01.log

]]></output>
                    </test-case>
                    <test-case name="Methods 02 - Hex" fullname="JetBrains.ReSharper.Plugins.FSharp.Tests.Features.Daemon.FSharpColorHighlightingTest.Methods 02 - Hex" methodname="Methods 02 - Hex" classname="FSharpColorHighlightingTest" result="Passed" duration="0.097" asserts="0">
                      <properties>
                        <property name="Category" value="Daemon" />
                      </properties>
                      <output><![CDATA[ReSharper LogPath is: C:\Users\berej\AppData\Local\Temp\JetLogs\ReSharperTests\resharper.log
Per-Test LogPath is: C:\Users\berej\AppData\Local\Temp\JetLogs\ReSharperTests\FSharpColorHighlightingTest\Methods 02 - Hex.log

]]></output>
                    </test-case>
                    <test-case name="Methods 03 - Octal" fullname="JetBrains.ReSharper.Plugins.FSharp.Tests.Features.Daemon.FSharpColorHighlightingTest.Methods 03 - Octal" methodname="Methods 03 - Octal" classname="FSharpColorHighlightingTest" result="Passed" duration="0.091" asserts="0">
                      <properties>
                        <property name="Category" value="Daemon" />
                      </properties>
                      <output><![CDATA[ReSharper LogPath is: C:\Users\berej\AppData\Local\Temp\JetLogs\ReSharperTests\resharper.log
Per-Test LogPath is: C:\Users\berej\AppData\Local\Temp\JetLogs\ReSharperTests\FSharpColorHighlightingTest\Methods 03 - Octal.log

]]></output>
                    </test-case>
                    <test-case name="Methods 04 - Binary" fullname="JetBrains.ReSharper.Plugins.FSharp.Tests.Features.Daemon.FSharpColorHighlightingTest.Methods 04 - Binary" methodname="Methods 04 - Binary" classname="FSharpColorHighlightingTest" result="Passed" duration="0.12" asserts="0">
                      <properties>
                        <property name="Category" value="Daemon" />
                      </properties>
                      <output><![CDATA[ReSharper LogPath is: C:\Users\berej\AppData\Local\Temp\JetLogs\ReSharperTests\resharper.log
Per-Test LogPath is: C:\Users\berej\AppData\Local\Temp\JetLogs\ReSharperTests\FSharpColorHighlightingTest\Methods 04 - Binary.log

]]></output>
                    </test-case>
                    <test-case name="Properties 01" fullname="JetBrains.ReSharper.Plugins.FSharp.Tests.Features.Daemon.FSharpColorHighlightingTest.Properties 01" methodname="Properties 01" classname="FSharpColorHighlightingTest" result="Passed" duration="0.124" asserts="0">
                      <properties>
                        <property name="Category" value="Daemon" />
                      </properties>
                      <output><![CDATA[ReSharper LogPath is: C:\Users\berej\AppData\Local\Temp\JetLogs\ReSharperTests\resharper.log
Per-Test LogPath is: C:\Users\berej\AppData\Local\Temp\JetLogs\ReSharperTests\FSharpColorHighlightingTest\Properties 01.log

]]></output>
                    </test-case>
                  </test-suite>
                  <test-suite type="TestFixture" name="IdentifierHighlightingTest" fullname="JetBrains.ReSharper.Plugins.FSharp.Tests.Features.Daemon.IdentifierHighlightingTest" total="23" passed="23" failed="0" inconclusive="0" skipped="0" result="Passed" duration="2.426">
                    <test-case name="Active pattern decl" fullname="JetBrains.ReSharper.Plugins.FSharp.Tests.Features.Daemon.IdentifierHighlightingTest.Active pattern decl" methodname="Active pattern decl" classname="IdentifierHighlightingTest" result="Passed" duration="0.15" asserts="0">
                      <properties>
                        <property name="Category" value="Daemon" />
                      </properties>
                      <output><![CDATA[ReSharper LogPath is: C:\Users\berej\AppData\Local\Temp\JetLogs\ReSharperTests\resharper.log
Per-Test LogPath is: C:\Users\berej\AppData\Local\Temp\JetLogs\ReSharperTests\IdentifierHighlightingTest\Active pattern decl.log

]]></output>
                    </test-case>
                    <test-case name="Backticks 01" fullname="JetBrains.ReSharper.Plugins.FSharp.Tests.Features.Daemon.IdentifierHighlightingTest.Backticks 01" methodname="Backticks 01" classname="IdentifierHighlightingTest" result="Passed" duration="0.143" asserts="0">
                      <properties>
                        <property name="Category" value="Daemon" />
                      </properties>
                      <output><![CDATA[ReSharper LogPath is: C:\Users\berej\AppData\Local\Temp\JetLogs\ReSharperTests\resharper.log
Per-Test LogPath is: C:\Users\berej\AppData\Local\Temp\JetLogs\ReSharperTests\IdentifierHighlightingTest\Backticks 01.log

]]></output>
                    </test-case>
                    <test-case name="Byrefs 01" fullname="JetBrains.ReSharper.Plugins.FSharp.Tests.Features.Daemon.IdentifierHighlightingTest.Byrefs 01" methodname="Byrefs 01" classname="IdentifierHighlightingTest" result="Passed" duration="0.111" asserts="0">
                      <properties>
                        <property name="Category" value="Daemon" />
                      </properties>
                      <output><![CDATA[ReSharper LogPath is: C:\Users\berej\AppData\Local\Temp\JetLogs\ReSharperTests\resharper.log
Per-Test LogPath is: C:\Users\berej\AppData\Local\Temp\JetLogs\ReSharperTests\IdentifierHighlightingTest\Byrefs 01.log

]]></output>
                    </test-case>
                    <test-case name="Computation expressions" fullname="JetBrains.ReSharper.Plugins.FSharp.Tests.Features.Daemon.IdentifierHighlightingTest.Computation expressions" methodname="Computation expressions" classname="IdentifierHighlightingTest" result="Passed" duration="0.098" asserts="0">
                      <properties>
                        <property name="Category" value="Daemon" />
                      </properties>
                      <output><![CDATA[ReSharper LogPath is: C:\Users\berej\AppData\Local\Temp\JetLogs\ReSharperTests\resharper.log
Per-Test LogPath is: C:\Users\berej\AppData\Local\Temp\JetLogs\ReSharperTests\IdentifierHighlightingTest\Computation expressions.log

]]></output>
                    </test-case>
                    <test-case name="Delegates 01" fullname="JetBrains.ReSharper.Plugins.FSharp.Tests.Features.Daemon.IdentifierHighlightingTest.Delegates 01" methodname="Delegates 01" classname="IdentifierHighlightingTest" result="Passed" duration="0.194" asserts="0">
                      <properties>
                        <property name="Category" value="Daemon" />
                      </properties>
                      <output><![CDATA[ReSharper LogPath is: C:\Users\berej\AppData\Local\Temp\JetLogs\ReSharperTests\resharper.log
Per-Test LogPath is: C:\Users\berej\AppData\Local\Temp\JetLogs\ReSharperTests\IdentifierHighlightingTest\Delegates 01.log

]]></output>
                    </test-case>
                    <test-case name="Delegates 02" fullname="JetBrains.ReSharper.Plugins.FSharp.Tests.Features.Daemon.IdentifierHighlightingTest.Delegates 02" methodname="Delegates 02" classname="IdentifierHighlightingTest" result="Passed" duration="0.101" asserts="0">
                      <properties>
                        <property name="Category" value="Daemon" />
                      </properties>
                      <output><![CDATA[ReSharper LogPath is: C:\Users\berej\AppData\Local\Temp\JetLogs\ReSharperTests\resharper.log
Per-Test LogPath is: C:\Users\berej\AppData\Local\Temp\JetLogs\ReSharperTests\IdentifierHighlightingTest\Delegates 02.log

]]></output>
                    </test-case>
                    <test-case name="Delegates 03" fullname="JetBrains.ReSharper.Plugins.FSharp.Tests.Features.Daemon.IdentifierHighlightingTest.Delegates 03" methodname="Delegates 03" classname="IdentifierHighlightingTest" result="Passed" duration="0.107" asserts="0">
                      <properties>
                        <property name="Category" value="Daemon" />
                      </properties>
                      <output><![CDATA[ReSharper LogPath is: C:\Users\berej\AppData\Local\Temp\JetLogs\ReSharperTests\resharper.log
Per-Test LogPath is: C:\Users\berej\AppData\Local\Temp\JetLogs\ReSharperTests\IdentifierHighlightingTest\Delegates 03.log

]]></output>
                    </test-case>
                    <test-case name="Extension members 01" fullname="JetBrains.ReSharper.Plugins.FSharp.Tests.Features.Daemon.IdentifierHighlightingTest.Extension members 01" methodname="Extension members 01" classname="IdentifierHighlightingTest" result="Passed" duration="0.114" asserts="0">
                      <properties>
                        <property name="Category" value="Daemon" />
                      </properties>
                      <output><![CDATA[ReSharper LogPath is: C:\Users\berej\AppData\Local\Temp\JetLogs\ReSharperTests\resharper.log
Per-Test LogPath is: C:\Users\berej\AppData\Local\Temp\JetLogs\ReSharperTests\IdentifierHighlightingTest\Extension members 01.log

]]></output>
                    </test-case>
                    <test-case name="Extension members 02" fullname="JetBrains.ReSharper.Plugins.FSharp.Tests.Features.Daemon.IdentifierHighlightingTest.Extension members 02" methodname="Extension members 02" classname="IdentifierHighlightingTest" result="Passed" duration="0.154" asserts="0">
                      <properties>
                        <property name="Category" value="Daemon" />
                      </properties>
                      <output><![CDATA[ReSharper LogPath is: C:\Users\berej\AppData\Local\Temp\JetLogs\ReSharperTests\resharper.log
Per-Test LogPath is: C:\Users\berej\AppData\Local\Temp\JetLogs\ReSharperTests\IdentifierHighlightingTest\Extension members 02.log

]]></output>
                    </test-case>
                    <test-case name="Functions 01" fullname="JetBrains.ReSharper.Plugins.FSharp.Tests.Features.Daemon.IdentifierHighlightingTest.Functions 01" methodname="Functions 01" classname="IdentifierHighlightingTest" result="Passed" duration="0.084" asserts="0">
                      <properties>
                        <property name="Category" value="Daemon" />
                      </properties>
                      <output><![CDATA[ReSharper LogPath is: C:\Users\berej\AppData\Local\Temp\JetLogs\ReSharperTests\resharper.log
Per-Test LogPath is: C:\Users\berej\AppData\Local\Temp\JetLogs\ReSharperTests\IdentifierHighlightingTest\Functions 01.log

]]></output>
                    </test-case>
                    <test-case name="Functions 02" fullname="JetBrains.ReSharper.Plugins.FSharp.Tests.Features.Daemon.IdentifierHighlightingTest.Functions 02" methodname="Functions 02" classname="IdentifierHighlightingTest" result="Passed" duration="0.085" asserts="0">
                      <properties>
                        <property name="Category" value="Daemon" />
                      </properties>
                      <output><![CDATA[ReSharper LogPath is: C:\Users\berej\AppData\Local\Temp\JetLogs\ReSharperTests\resharper.log
Per-Test LogPath is: C:\Users\berej\AppData\Local\Temp\JetLogs\ReSharperTests\IdentifierHighlightingTest\Functions 02.log

]]></output>
                    </test-case>
                    <test-case name="op_RangeStep" fullname="JetBrains.ReSharper.Plugins.FSharp.Tests.Features.Daemon.IdentifierHighlightingTest.op_RangeStep" methodname="op_RangeStep" classname="IdentifierHighlightingTest" result="Passed" duration="0.069" asserts="0">
                      <properties>
                        <property name="Category" value="Daemon" />
                      </properties>
                      <output><![CDATA[ReSharper LogPath is: C:\Users\berej\AppData\Local\Temp\JetLogs\ReSharperTests\resharper.log
Per-Test LogPath is: C:\Users\berej\AppData\Local\Temp\JetLogs\ReSharperTests\IdentifierHighlightingTest\op_RangeStep.log

]]></output>
                    </test-case>
                    <test-case name="Operators 01 - ==" fullname="JetBrains.ReSharper.Plugins.FSharp.Tests.Features.Daemon.IdentifierHighlightingTest.Operators 01 - ==" methodname="Operators 01 - ==" classname="IdentifierHighlightingTest" result="Passed" duration="0.089" asserts="0">
                      <properties>
                        <property name="Category" value="Daemon" />
                      </properties>
                      <output><![CDATA[ReSharper LogPath is: C:\Users\berej\AppData\Local\Temp\JetLogs\ReSharperTests\resharper.log
Per-Test LogPath is: C:\Users\berej\AppData\Local\Temp\JetLogs\ReSharperTests\IdentifierHighlightingTest\Operators 01 - ==.log

]]></output>
                    </test-case>
                    <test-case name="Operators 02 - Custom" fullname="JetBrains.ReSharper.Plugins.FSharp.Tests.Features.Daemon.IdentifierHighlightingTest.Operators 02 - Custom" methodname="Operators 02 - Custom" classname="IdentifierHighlightingTest" result="Passed" duration="0.069" asserts="0">
                      <properties>
                        <property name="Category" value="Daemon" />
                      </properties>
                      <output><![CDATA[ReSharper LogPath is: C:\Users\berej\AppData\Local\Temp\JetLogs\ReSharperTests\resharper.log
Per-Test LogPath is: C:\Users\berej\AppData\Local\Temp\JetLogs\ReSharperTests\IdentifierHighlightingTest\Operators 02 - Custom.log

]]></output>
                    </test-case>
                    <test-case name="Operators 03 - Unary" fullname="JetBrains.ReSharper.Plugins.FSharp.Tests.Features.Daemon.IdentifierHighlightingTest.Operators 03 - Unary" methodname="Operators 03 - Unary" classname="IdentifierHighlightingTest" result="Passed" duration="0.087" asserts="0">
                      <properties>
                        <property name="Category" value="Daemon" />
                      </properties>
                      <output><![CDATA[ReSharper LogPath is: C:\Users\berej\AppData\Local\Temp\JetLogs\ReSharperTests\resharper.log
Per-Test LogPath is: C:\Users\berej\AppData\Local\Temp\JetLogs\ReSharperTests\IdentifierHighlightingTest\Operators 03 - Unary.log

]]></output>
                    </test-case>
                    <test-case name="Operators 04 - op_Multiply decl" fullname="JetBrains.ReSharper.Plugins.FSharp.Tests.Features.Daemon.IdentifierHighlightingTest.Operators 04 - op_Multiply decl" methodname="Operators 04 - op_Multiply decl" classname="IdentifierHighlightingTest" result="Passed" duration="0.066" asserts="0">
                      <properties>
                        <property name="Category" value="Daemon" />
                      </properties>
                      <output><![CDATA[ReSharper LogPath is: C:\Users\berej\AppData\Local\Temp\JetLogs\ReSharperTests\resharper.log
Per-Test LogPath is: C:\Users\berej\AppData\Local\Temp\JetLogs\ReSharperTests\IdentifierHighlightingTest\Operators 04 - op_Multiply decl.log

]]></output>
                    </test-case>
                    <test-case name="Struct constructor" fullname="JetBrains.ReSharper.Plugins.FSharp.Tests.Features.Daemon.IdentifierHighlightingTest.Struct constructor" methodname="Struct constructor" classname="IdentifierHighlightingTest" result="Passed" duration="0.095" asserts="0">
                      <properties>
                        <property name="Category" value="Daemon" />
                      </properties>
                      <output><![CDATA[ReSharper LogPath is: C:\Users\berej\AppData\Local\Temp\JetLogs\ReSharperTests\resharper.log
Per-Test LogPath is: C:\Users\berej\AppData\Local\Temp\JetLogs\ReSharperTests\IdentifierHighlightingTest\Struct constructor.log

]]></output>
                    </test-case>
                    <test-case name="Type aliases 01 - Simple types with System dependence" fullname="JetBrains.ReSharper.Plugins.FSharp.Tests.Features.Daemon.IdentifierHighlightingTest.Type aliases 01 - Simple types with System dependence" methodname="Type aliases 01 - Simple types with System dependence" classname="IdentifierHighlightingTest" result="Passed" duration="0.127" asserts="0">
                      <properties>
                        <property name="Category" value="Daemon" />
                      </properties>
                      <output><![CDATA[ReSharper LogPath is: C:\Users\berej\AppData\Local\Temp\JetLogs\ReSharperTests\resharper.log
Per-Test LogPath is: C:\Users\berej\AppData\Local\Temp\JetLogs\ReSharperTests\IdentifierHighlightingTest\Type aliases 01 - Simple types with System dependence.log

]]></output>
                    </test-case>
                    <test-case name="Type aliases 02 - Simple types without System dependence" fullname="JetBrains.ReSharper.Plugins.FSharp.Tests.Features.Daemon.IdentifierHighlightingTest.Type aliases 02 - Simple types without System dependence" methodname="Type aliases 02 - Simple types without System dependence" classname="IdentifierHighlightingTest" result="Passed" duration="0.131" asserts="0">
                      <properties>
                        <property name="Category" value="Daemon" />
                      </properties>
                      <output><![CDATA[ReSharper LogPath is: C:\Users\berej\AppData\Local\Temp\JetLogs\ReSharperTests\resharper.log
Per-Test LogPath is: C:\Users\berej\AppData\Local\Temp\JetLogs\ReSharperTests\IdentifierHighlightingTest\Type aliases 02 - Simple types without System dependence.log

]]></output>
                    </test-case>
                    <test-case name="Type aliases 03 - Units of Measure" fullname="JetBrains.ReSharper.Plugins.FSharp.Tests.Features.Daemon.IdentifierHighlightingTest.Type aliases 03 - Units of Measure" methodname="Type aliases 03 - Units of Measure" classname="IdentifierHighlightingTest" result="Passed" duration="0.093" asserts="0">
                      <properties>
                        <property name="Category" value="Daemon" />
                      </properties>
                      <output><![CDATA[ReSharper LogPath is: C:\Users\berej\AppData\Local\Temp\JetLogs\ReSharperTests\resharper.log
Per-Test LogPath is: C:\Users\berej\AppData\Local\Temp\JetLogs\ReSharperTests\IdentifierHighlightingTest\Type aliases 03 - Units of Measure.log

]]></output>
                    </test-case>
                    <test-case name="Type aliases 04 - Core abbreviations" fullname="JetBrains.ReSharper.Plugins.FSharp.Tests.Features.Daemon.IdentifierHighlightingTest.Type aliases 04 - Core abbreviations" methodname="Type aliases 04 - Core abbreviations" classname="IdentifierHighlightingTest" result="Passed" duration="0.079" asserts="0">
                      <properties>
                        <property name="Category" value="Daemon" />
                      </properties>
                      <output><![CDATA[ReSharper LogPath is: C:\Users\berej\AppData\Local\Temp\JetLogs\ReSharperTests\resharper.log
Per-Test LogPath is: C:\Users\berej\AppData\Local\Temp\JetLogs\ReSharperTests\IdentifierHighlightingTest\Type aliases 04 - Core abbreviations.log

]]></output>
                    </test-case>
                    <test-case name="Union case 01" fullname="JetBrains.ReSharper.Plugins.FSharp.Tests.Features.Daemon.IdentifierHighlightingTest.Union case 01" methodname="Union case 01" classname="IdentifierHighlightingTest" result="Passed" duration="0.077" asserts="0">
                      <properties>
                        <property name="Category" value="Daemon" />
                      </properties>
                      <output><![CDATA[ReSharper LogPath is: C:\Users\berej\AppData\Local\Temp\JetLogs\ReSharperTests\resharper.log
Per-Test LogPath is: C:\Users\berej\AppData\Local\Temp\JetLogs\ReSharperTests\IdentifierHighlightingTest\Union case 01.log

]]></output>
                    </test-case>
                    <test-case name="Units of measure" fullname="JetBrains.ReSharper.Plugins.FSharp.Tests.Features.Daemon.IdentifierHighlightingTest.Units of measure" methodname="Units of measure" classname="IdentifierHighlightingTest" result="Passed" duration="0.103" asserts="0">
                      <properties>
                        <property name="Category" value="Daemon" />
                      </properties>
                      <output><![CDATA[ReSharper LogPath is: C:\Users\berej\AppData\Local\Temp\JetLogs\ReSharperTests\resharper.log
Per-Test LogPath is: C:\Users\berej\AppData\Local\Temp\JetLogs\ReSharperTests\IdentifierHighlightingTest\Units of measure.log

]]></output>
                    </test-case>
                  </test-suite>
                  <test-suite type="TestFixture" name="InferredTypeCodeVisionProviderTest" fullname="JetBrains.ReSharper.Plugins.FSharp.Tests.Features.Daemon.InferredTypeCodeVisionProviderTest" total="6" passed="6" failed="0" inconclusive="0" skipped="0" result="Passed" duration="0.538">
                    <test-case name="Module functions and values" fullname="JetBrains.ReSharper.Plugins.FSharp.Tests.Features.Daemon.InferredTypeCodeVisionProviderTest.Module functions and values" methodname="Module functions and values" classname="InferredTypeCodeVisionProviderTest" result="Passed" duration="0.146" asserts="0">
                      <properties>
                        <property name="Category" value="Daemon" />
                      </properties>
                      <output><![CDATA[ReSharper LogPath is: C:\Users\berej\AppData\Local\Temp\JetLogs\ReSharperTests\resharper.log
Per-Test LogPath is: C:\Users\berej\AppData\Local\Temp\JetLogs\ReSharperTests\InferredTypeCodeVisionProviderTest\Module functions and values.log

]]></output>
                    </test-case>
                    <test-case name="Object expression 01" fullname="JetBrains.ReSharper.Plugins.FSharp.Tests.Features.Daemon.InferredTypeCodeVisionProviderTest.Object expression 01" methodname="Object expression 01" classname="InferredTypeCodeVisionProviderTest" result="Passed" duration="0.068" asserts="0">
                      <properties>
                        <property name="Category" value="Daemon" />
                      </properties>
                      <output><![CDATA[ReSharper LogPath is: C:\Users\berej\AppData\Local\Temp\JetLogs\ReSharperTests\resharper.log
Per-Test LogPath is: C:\Users\berej\AppData\Local\Temp\JetLogs\ReSharperTests\InferredTypeCodeVisionProviderTest\Object expression 01.log

]]></output>
                    </test-case>
                    <test-case name="Top binding head pattern with parens" fullname="JetBrains.ReSharper.Plugins.FSharp.Tests.Features.Daemon.InferredTypeCodeVisionProviderTest.Top binding head pattern with parens" methodname="Top binding head pattern with parens" classname="InferredTypeCodeVisionProviderTest" result="Passed" duration="0.064" asserts="0">
                      <properties>
                        <property name="Category" value="Daemon" />
                      </properties>
                      <output><![CDATA[ReSharper LogPath is: C:\Users\berej\AppData\Local\Temp\JetLogs\ReSharperTests\resharper.log
Per-Test LogPath is: C:\Users\berej\AppData\Local\Temp\JetLogs\ReSharperTests\InferredTypeCodeVisionProviderTest\Top binding head pattern with parens.log

]]></output>
                    </test-case>
                    <test-case name="Tuple param" fullname="JetBrains.ReSharper.Plugins.FSharp.Tests.Features.Daemon.InferredTypeCodeVisionProviderTest.Tuple param" methodname="Tuple param" classname="InferredTypeCodeVisionProviderTest" result="Passed" duration="0.072" asserts="0">
                      <properties>
                        <property name="Category" value="Daemon" />
                      </properties>
                      <output><![CDATA[ReSharper LogPath is: C:\Users\berej\AppData\Local\Temp\JetLogs\ReSharperTests\resharper.log
Per-Test LogPath is: C:\Users\berej\AppData\Local\Temp\JetLogs\ReSharperTests\InferredTypeCodeVisionProviderTest\Tuple param.log

]]></output>
                    </test-case>
                    <test-case name="Type fields and members" fullname="JetBrains.ReSharper.Plugins.FSharp.Tests.Features.Daemon.InferredTypeCodeVisionProviderTest.Type fields and members" methodname="Type fields and members" classname="InferredTypeCodeVisionProviderTest" result="Passed" duration="0.121" asserts="0">
                      <properties>
                        <property name="Category" value="Daemon" />
                      </properties>
                      <output><![CDATA[ReSharper LogPath is: C:\Users\berej\AppData\Local\Temp\JetLogs\ReSharperTests\resharper.log
Per-Test LogPath is: C:\Users\berej\AppData\Local\Temp\JetLogs\ReSharperTests\InferredTypeCodeVisionProviderTest\Type fields and members.log

]]></output>
                    </test-case>
                    <test-case name="Unopened namespace" fullname="JetBrains.ReSharper.Plugins.FSharp.Tests.Features.Daemon.InferredTypeCodeVisionProviderTest.Unopened namespace" methodname="Unopened namespace" classname="InferredTypeCodeVisionProviderTest" result="Passed" duration="0.067" asserts="0">
                      <properties>
                        <property name="Category" value="Daemon" />
                      </properties>
                      <output><![CDATA[ReSharper LogPath is: C:\Users\berej\AppData\Local\Temp\JetLogs\ReSharperTests\resharper.log
Per-Test LogPath is: C:\Users\berej\AppData\Local\Temp\JetLogs\ReSharperTests\InferredTypeCodeVisionProviderTest\Unopened namespace.log

]]></output>
                    </test-case>
                  </test-suite>
                  <test-suite type="TestFixture" name="InheritanceGutterMarks" fullname="JetBrains.ReSharper.Plugins.FSharp.Tests.Features.Daemon.InheritanceGutterMarks" total="3" passed="3" failed="0" inconclusive="0" skipped="0" result="Passed" duration="0.276">
                    <test-case name="Inherited gutter mark" fullname="JetBrains.ReSharper.Plugins.FSharp.Tests.Features.Daemon.InheritanceGutterMarks.Inherited gutter mark" methodname="Inherited gutter mark" classname="InheritanceGutterMarks" result="Passed" duration="0.127" asserts="0">
                      <properties>
                        <property name="Category" value="Daemon" />
                      </properties>
                      <output><![CDATA[ReSharper LogPath is: C:\Users\berej\AppData\Local\Temp\JetLogs\ReSharperTests\resharper.log
Per-Test LogPath is: C:\Users\berej\AppData\Local\Temp\JetLogs\ReSharperTests\InheritanceGutterMarks\Inherited gutter mark.log

]]></output>
                    </test-case>
                    <test-case name="Module 01" fullname="JetBrains.ReSharper.Plugins.FSharp.Tests.Features.Daemon.InheritanceGutterMarks.Module 01" methodname="Module 01" classname="InheritanceGutterMarks" result="Passed" duration="0.07" asserts="0">
                      <properties>
                        <property name="Category" value="Daemon" />
                      </properties>
                      <output><![CDATA[ReSharper LogPath is: C:\Users\berej\AppData\Local\Temp\JetLogs\ReSharperTests\resharper.log
Per-Test LogPath is: C:\Users\berej\AppData\Local\Temp\JetLogs\ReSharperTests\InheritanceGutterMarks\Module 01.log

]]></output>
                    </test-case>
                    <test-case name="Struct 01" fullname="JetBrains.ReSharper.Plugins.FSharp.Tests.Features.Daemon.InheritanceGutterMarks.Struct 01" methodname="Struct 01" classname="InheritanceGutterMarks" result="Passed" duration="0.079" asserts="0">
                      <properties>
                        <property name="Category" value="Daemon" />
                      </properties>
                      <output><![CDATA[ReSharper LogPath is: C:\Users\berej\AppData\Local\Temp\JetLogs\ReSharperTests\resharper.log
Per-Test LogPath is: C:\Users\berej\AppData\Local\Temp\JetLogs\ReSharperTests\InheritanceGutterMarks\Struct 01.log

]]></output>
                    </test-case>
                  </test-suite>
                  <test-suite type="TestFixture" name="PipeChainTypeHintStageTest" fullname="JetBrains.ReSharper.Plugins.FSharp.Tests.Features.Daemon.PipeChainTypeHintStageTest" total="10" passed="10" failed="0" inconclusive="0" skipped="0" result="Passed" duration="1.071">
                    <test-case name="Error 01 - Invalid reference" fullname="JetBrains.ReSharper.Plugins.FSharp.Tests.Features.Daemon.PipeChainTypeHintStageTest.Error 01 - Invalid reference" methodname="Error 01 - Invalid reference" classname="PipeChainTypeHintStageTest" result="Passed" duration="0.214" asserts="0">
                      <properties>
                        <property name="Category" value="Daemon" />
                      </properties>
                      <output><![CDATA[ReSharper LogPath is: C:\Users\berej\AppData\Local\Temp\JetLogs\ReSharperTests\resharper.log
Per-Test LogPath is: C:\Users\berej\AppData\Local\Temp\JetLogs\ReSharperTests\PipeChainTypeHintStageTest\Error 01 - Invalid reference.log

]]></output>
                    </test-case>
                    <test-case name="Error 02 - Syntax error" fullname="JetBrains.ReSharper.Plugins.FSharp.Tests.Features.Daemon.PipeChainTypeHintStageTest.Error 02 - Syntax error" methodname="Error 02 - Syntax error" classname="PipeChainTypeHintStageTest" result="Passed" duration="0.155" asserts="0">
                      <properties>
                        <property name="Category" value="Daemon" />
                      </properties>
                      <output><![CDATA[ReSharper LogPath is: C:\Users\berej\AppData\Local\Temp\JetLogs\ReSharperTests\resharper.log
Per-Test LogPath is: C:\Users\berej\AppData\Local\Temp\JetLogs\ReSharperTests\PipeChainTypeHintStageTest\Error 02 - Syntax error.log

]]></output>
                    </test-case>
                    <test-case name="Multi line 01 - One line each" fullname="JetBrains.ReSharper.Plugins.FSharp.Tests.Features.Daemon.PipeChainTypeHintStageTest.Multi line 01 - One line each" methodname="Multi line 01 - One line each" classname="PipeChainTypeHintStageTest" result="Passed" duration="0.076" asserts="0">
                      <properties>
                        <property name="Category" value="Daemon" />
                      </properties>
                      <output><![CDATA[ReSharper LogPath is: C:\Users\berej\AppData\Local\Temp\JetLogs\ReSharperTests\resharper.log
Per-Test LogPath is: C:\Users\berej\AppData\Local\Temp\JetLogs\ReSharperTests\PipeChainTypeHintStageTest\Multi line 01 - One line each.log

]]></output>
                    </test-case>
                    <test-case name="Multi line 02 - Multi line application" fullname="JetBrains.ReSharper.Plugins.FSharp.Tests.Features.Daemon.PipeChainTypeHintStageTest.Multi line 02 - Multi line application" methodname="Multi line 02 - Multi line application" classname="PipeChainTypeHintStageTest" result="Passed" duration="0.065" asserts="0">
                      <properties>
                        <property name="Category" value="Daemon" />
                      </properties>
                      <output><![CDATA[ReSharper LogPath is: C:\Users\berej\AppData\Local\Temp\JetLogs\ReSharperTests\resharper.log
Per-Test LogPath is: C:\Users\berej\AppData\Local\Temp\JetLogs\ReSharperTests\PipeChainTypeHintStageTest\Multi line 02 - Multi line application.log

]]></output>
                    </test-case>
                    <test-case name="Multi line 03 - Same line" fullname="JetBrains.ReSharper.Plugins.FSharp.Tests.Features.Daemon.PipeChainTypeHintStageTest.Multi line 03 - Same line" methodname="Multi line 03 - Same line" classname="PipeChainTypeHintStageTest" result="Passed" duration="0.156" asserts="0">
                      <properties>
                        <property name="Category" value="Daemon" />
                      </properties>
                      <output><![CDATA[ReSharper LogPath is: C:\Users\berej\AppData\Local\Temp\JetLogs\ReSharperTests\resharper.log
Per-Test LogPath is: C:\Users\berej\AppData\Local\Temp\JetLogs\ReSharperTests\PipeChainTypeHintStageTest\Multi line 03 - Same line.log

]]></output>
                    </test-case>
                    <test-case name="Single line 01 - Simple" fullname="JetBrains.ReSharper.Plugins.FSharp.Tests.Features.Daemon.PipeChainTypeHintStageTest.Single line 01 - Simple" methodname="Single line 01 - Simple" classname="PipeChainTypeHintStageTest" result="Passed" duration="0.1" asserts="0">
                      <properties>
                        <property name="Category" value="Daemon" />
                      </properties>
                      <output><![CDATA[ReSharper LogPath is: C:\Users\berej\AppData\Local\Temp\JetLogs\ReSharperTests\resharper.log
Per-Test LogPath is: C:\Users\berej\AppData\Local\Temp\JetLogs\ReSharperTests\PipeChainTypeHintStageTest\Single line 01 - Simple.log

]]></output>
                    </test-case>
                    <test-case name="Single line 02 - Multiple" fullname="JetBrains.ReSharper.Plugins.FSharp.Tests.Features.Daemon.PipeChainTypeHintStageTest.Single line 02 - Multiple" methodname="Single line 02 - Multiple" classname="PipeChainTypeHintStageTest" result="Passed" duration="0.109" asserts="0">
                      <properties>
                        <property name="Category" value="Daemon" />
                      </properties>
                      <output><![CDATA[ReSharper LogPath is: C:\Users\berej\AppData\Local\Temp\JetLogs\ReSharperTests\resharper.log
Per-Test LogPath is: C:\Users\berej\AppData\Local\Temp\JetLogs\ReSharperTests\PipeChainTypeHintStageTest\Single line 02 - Multiple.log

]]></output>
                    </test-case>
                    <test-case name="Skipped 01 - Other binary op" fullname="JetBrains.ReSharper.Plugins.FSharp.Tests.Features.Daemon.PipeChainTypeHintStageTest.Skipped 01 - Other binary op" methodname="Skipped 01 - Other binary op" classname="PipeChainTypeHintStageTest" result="Passed" duration="0.065" asserts="0">
                      <properties>
                        <property name="Category" value="Daemon" />
                      </properties>
                      <output><![CDATA[ReSharper LogPath is: C:\Users\berej\AppData\Local\Temp\JetLogs\ReSharperTests\resharper.log
Per-Test LogPath is: C:\Users\berej\AppData\Local\Temp\JetLogs\ReSharperTests\PipeChainTypeHintStageTest\Skipped 01 - Other binary op.log

]]></output>
                    </test-case>
                    <test-case name="Skipped 02 - Shadowed pipe op" fullname="JetBrains.ReSharper.Plugins.FSharp.Tests.Features.Daemon.PipeChainTypeHintStageTest.Skipped 02 - Shadowed pipe op" methodname="Skipped 02 - Shadowed pipe op" classname="PipeChainTypeHintStageTest" result="Passed" duration="0.069" asserts="0">
                      <properties>
                        <property name="Category" value="Daemon" />
                      </properties>
                      <output><![CDATA[ReSharper LogPath is: C:\Users\berej\AppData\Local\Temp\JetLogs\ReSharperTests\resharper.log
Per-Test LogPath is: C:\Users\berej\AppData\Local\Temp\JetLogs\ReSharperTests\PipeChainTypeHintStageTest\Skipped 02 - Shadowed pipe op.log

]]></output>
                    </test-case>
                    <test-case name="Skipped 03 - Setting disabled" fullname="JetBrains.ReSharper.Plugins.FSharp.Tests.Features.Daemon.PipeChainTypeHintStageTest.Skipped 03 - Setting disabled" methodname="Skipped 03 - Setting disabled" classname="PipeChainTypeHintStageTest" result="Passed" duration="0.062" asserts="0">
                      <properties>
                        <property name="Category" value="Daemon" />
                      </properties>
                      <output><![CDATA[ReSharper LogPath is: C:\Users\berej\AppData\Local\Temp\JetLogs\ReSharperTests\resharper.log
Per-Test LogPath is: C:\Users\berej\AppData\Local\Temp\JetLogs\ReSharperTests\PipeChainTypeHintStageTest\Skipped 03 - Setting disabled.log

]]></output>
                    </test-case>
                  </test-suite>
                  <test-suite type="TestFixture" name="RedundantAttributeAnalyzerTest" fullname="JetBrains.ReSharper.Plugins.FSharp.Tests.Features.Daemon.RedundantAttributeAnalyzerTest" total="5" passed="5" failed="0" inconclusive="0" skipped="0" result="Passed" duration="0.39">
                    <test-case name="Single attribute 01 - Redundant suffix" fullname="JetBrains.ReSharper.Plugins.FSharp.Tests.Features.Daemon.RedundantAttributeAnalyzerTest.Single attribute 01 - Redundant suffix" methodname="Single attribute 01 - Redundant suffix" classname="RedundantAttributeAnalyzerTest" result="Passed" duration="0.092" asserts="0">
                      <properties>
                        <property name="Category" value="Daemon" />
                      </properties>
                      <output><![CDATA[ReSharper LogPath is: C:\Users\berej\AppData\Local\Temp\JetLogs\ReSharperTests\resharper.log
Per-Test LogPath is: C:\Users\berej\AppData\Local\Temp\JetLogs\ReSharperTests\RedundantAttributeAnalyzerTest\Single attribute 01 - Redundant suffix.log

]]></output>
                    </test-case>
                    <test-case name="Single attribute 02 - Needed suffix" fullname="JetBrains.ReSharper.Plugins.FSharp.Tests.Features.Daemon.RedundantAttributeAnalyzerTest.Single attribute 02 - Needed suffix" methodname="Single attribute 02 - Needed suffix" classname="RedundantAttributeAnalyzerTest" result="Passed" duration="0.075" asserts="0">
                      <properties>
                        <property name="Category" value="Daemon" />
                      </properties>
                      <output><![CDATA[ReSharper LogPath is: C:\Users\berej\AppData\Local\Temp\JetLogs\ReSharperTests\resharper.log
Per-Test LogPath is: C:\Users\berej\AppData\Local\Temp\JetLogs\ReSharperTests\RedundantAttributeAnalyzerTest\Single attribute 02 - Needed suffix.log

]]></output>
                    </test-case>
                    <test-case name="Single attribute 03 - With constructor" fullname="JetBrains.ReSharper.Plugins.FSharp.Tests.Features.Daemon.RedundantAttributeAnalyzerTest.Single attribute 03 - With constructor" methodname="Single attribute 03 - With constructor" classname="RedundantAttributeAnalyzerTest" result="Passed" duration="0.08" asserts="0">
                      <properties>
                        <property name="Category" value="Daemon" />
                      </properties>
                      <output><![CDATA[ReSharper LogPath is: C:\Users\berej\AppData\Local\Temp\JetLogs\ReSharperTests\resharper.log
Per-Test LogPath is: C:\Users\berej\AppData\Local\Temp\JetLogs\ReSharperTests\RedundantAttributeAnalyzerTest\Single attribute 03 - With constructor.log

]]></output>
                    </test-case>
                    <test-case name="Single attribute 04 - With target" fullname="JetBrains.ReSharper.Plugins.FSharp.Tests.Features.Daemon.RedundantAttributeAnalyzerTest.Single attribute 04 - With target" methodname="Single attribute 04 - With target" classname="RedundantAttributeAnalyzerTest" result="Passed" duration="0.076" asserts="0">
                      <properties>
                        <property name="Category" value="Daemon" />
                      </properties>
                      <output><![CDATA[ReSharper LogPath is: C:\Users\berej\AppData\Local\Temp\JetLogs\ReSharperTests\resharper.log
Per-Test LogPath is: C:\Users\berej\AppData\Local\Temp\JetLogs\ReSharperTests\RedundantAttributeAnalyzerTest\Single attribute 04 - With target.log

]]></output>
                    </test-case>
                    <test-case name="Single attribute 05 - Name is just Attribute" fullname="JetBrains.ReSharper.Plugins.FSharp.Tests.Features.Daemon.RedundantAttributeAnalyzerTest.Single attribute 05 - Name is just Attribute" methodname="Single attribute 05 - Name is just Attribute" classname="RedundantAttributeAnalyzerTest" result="Passed" duration="0.067" asserts="0">
                      <properties>
                        <property name="Category" value="Daemon" />
                      </properties>
                      <output><![CDATA[ReSharper LogPath is: C:\Users\berej\AppData\Local\Temp\JetLogs\ReSharperTests\resharper.log
Per-Test LogPath is: C:\Users\berej\AppData\Local\Temp\JetLogs\ReSharperTests\RedundantAttributeAnalyzerTest\Single attribute 05 - Name is just Attribute.log

]]></output>
                    </test-case>
                  </test-suite>
                  <test-suite type="TestFixture" name="RedundantAttributeParensTest" fullname="JetBrains.ReSharper.Plugins.FSharp.Tests.Features.Daemon.RedundantAttributeParensTest" total="5" passed="5" failed="0" inconclusive="0" skipped="0" result="Passed" duration="0.314">
                    <test-case name="Type 01 - No arguments" fullname="JetBrains.ReSharper.Plugins.FSharp.Tests.Features.Daemon.RedundantAttributeParensTest.Type 01 - No arguments" methodname="Type 01 - No arguments" classname="RedundantAttributeParensTest" result="Passed" duration="0.076" asserts="0">
                      <properties>
                        <property name="Category" value="Daemon" />
                      </properties>
                      <output><![CDATA[ReSharper LogPath is: C:\Users\berej\AppData\Local\Temp\JetLogs\ReSharperTests\resharper.log
Per-Test LogPath is: C:\Users\berej\AppData\Local\Temp\JetLogs\ReSharperTests\RedundantAttributeParensTest\Type 01 - No arguments.log

]]></output>
                    </test-case>
                    <test-case name="Type 02 - Has arguments" fullname="JetBrains.ReSharper.Plugins.FSharp.Tests.Features.Daemon.RedundantAttributeParensTest.Type 02 - Has arguments" methodname="Type 02 - Has arguments" classname="RedundantAttributeParensTest" result="Passed" duration="0.062" asserts="0">
                      <properties>
                        <property name="Category" value="Daemon" />
                      </properties>
                      <output><![CDATA[ReSharper LogPath is: C:\Users\berej\AppData\Local\Temp\JetLogs\ReSharperTests\resharper.log
Per-Test LogPath is: C:\Users\berej\AppData\Local\Temp\JetLogs\ReSharperTests\RedundantAttributeParensTest\Type 02 - Has arguments.log

]]></output>
                    </test-case>
                    <test-case name="Type 03 - No parens" fullname="JetBrains.ReSharper.Plugins.FSharp.Tests.Features.Daemon.RedundantAttributeParensTest.Type 03 - No parens" methodname="Type 03 - No parens" classname="RedundantAttributeParensTest" result="Passed" duration="0.056" asserts="0">
                      <properties>
                        <property name="Category" value="Daemon" />
                      </properties>
                      <output><![CDATA[ReSharper LogPath is: C:\Users\berej\AppData\Local\Temp\JetLogs\ReSharperTests\resharper.log
Per-Test LogPath is: C:\Users\berej\AppData\Local\Temp\JetLogs\ReSharperTests\RedundantAttributeParensTest\Type 03 - No parens.log

]]></output>
                    </test-case>
                    <test-case name="Type 04 - Multiple attributes" fullname="JetBrains.ReSharper.Plugins.FSharp.Tests.Features.Daemon.RedundantAttributeParensTest.Type 04 - Multiple attributes" methodname="Type 04 - Multiple attributes" classname="RedundantAttributeParensTest" result="Passed" duration="0.059" asserts="0">
                      <properties>
                        <property name="Category" value="Daemon" />
                      </properties>
                      <output><![CDATA[ReSharper LogPath is: C:\Users\berej\AppData\Local\Temp\JetLogs\ReSharperTests\resharper.log
Per-Test LogPath is: C:\Users\berej\AppData\Local\Temp\JetLogs\ReSharperTests\RedundantAttributeParensTest\Type 04 - Multiple attributes.log

]]></output>
                    </test-case>
                    <test-case name="Type 05 - Target attribute" fullname="JetBrains.ReSharper.Plugins.FSharp.Tests.Features.Daemon.RedundantAttributeParensTest.Type 05 - Target attribute" methodname="Type 05 - Target attribute" classname="RedundantAttributeParensTest" result="Passed" duration="0.061" asserts="0">
                      <properties>
                        <property name="Category" value="Daemon" />
                      </properties>
                      <output><![CDATA[ReSharper LogPath is: C:\Users\berej\AppData\Local\Temp\JetLogs\ReSharperTests\resharper.log
Per-Test LogPath is: C:\Users\berej\AppData\Local\Temp\JetLogs\ReSharperTests\RedundantAttributeParensTest\Type 05 - Target attribute.log

]]></output>
                    </test-case>
                  </test-suite>
                  <test-suite type="TestFixture" name="RedundantParensTest" fullname="JetBrains.ReSharper.Plugins.FSharp.Tests.Features.Daemon.RedundantParensTest" total="30" passed="30" failed="0" inconclusive="0" skipped="0" result="Passed" duration="1.868">
                    <test-case name="App - Attribute 01" fullname="JetBrains.ReSharper.Plugins.FSharp.Tests.Features.Daemon.RedundantParensTest.App - Attribute 01" methodname="App - Attribute 01" classname="RedundantParensTest" result="Passed" duration="0.087" asserts="0">
                      <properties>
                        <property name="Category" value="Daemon" />
                      </properties>
                      <output><![CDATA[ReSharper LogPath is: C:\Users\berej\AppData\Local\Temp\JetLogs\ReSharperTests\resharper.log
Per-Test LogPath is: C:\Users\berej\AppData\Local\Temp\JetLogs\ReSharperTests\RedundantParensTest\App - Attribute 01.log

]]></output>
                    </test-case>
                    <test-case name="App - Attribute 02 - Type function" fullname="JetBrains.ReSharper.Plugins.FSharp.Tests.Features.Daemon.RedundantParensTest.App - Attribute 02 - Type function" methodname="App - Attribute 02 - Type function" classname="RedundantParensTest" result="Passed" duration="0.068" asserts="0">
                      <properties>
                        <property name="Category" value="Daemon" />
                      </properties>
                      <output><![CDATA[ReSharper LogPath is: C:\Users\berej\AppData\Local\Temp\JetLogs\ReSharperTests\resharper.log
Per-Test LogPath is: C:\Users\berej\AppData\Local\Temp\JetLogs\ReSharperTests\RedundantParensTest\App - Attribute 02 - Type function.log

]]></output>
                    </test-case>
                    <test-case name="App - Attribute 03 - Reference" fullname="JetBrains.ReSharper.Plugins.FSharp.Tests.Features.Daemon.RedundantParensTest.App - Attribute 03 - Reference" methodname="App - Attribute 03 - Reference" classname="RedundantParensTest" result="Passed" duration="0.061" asserts="0">
                      <properties>
                        <property name="Category" value="Daemon" />
                      </properties>
                      <output><![CDATA[ReSharper LogPath is: C:\Users\berej\AppData\Local\Temp\JetLogs\ReSharperTests\resharper.log
Per-Test LogPath is: C:\Users\berej\AppData\Local\Temp\JetLogs\ReSharperTests\RedundantParensTest\App - Attribute 03 - Reference.log

]]></output>
                    </test-case>
                    <test-case name="App - Attribute 04 - Targets" fullname="JetBrains.ReSharper.Plugins.FSharp.Tests.Features.Daemon.RedundantParensTest.App - Attribute 04 - Targets" methodname="App - Attribute 04 - Targets" classname="RedundantParensTest" result="Passed" duration="0.101" asserts="0">
                      <properties>
                        <property name="Category" value="Daemon" />
                      </properties>
                      <output><![CDATA[ReSharper LogPath is: C:\Users\berej\AppData\Local\Temp\JetLogs\ReSharperTests\resharper.log
Per-Test LogPath is: C:\Users\berej\AppData\Local\Temp\JetLogs\ReSharperTests\RedundantParensTest\App - Attribute 04 - Targets.log

]]></output>
                    </test-case>
                    <test-case name="App - Local 01" fullname="JetBrains.ReSharper.Plugins.FSharp.Tests.Features.Daemon.RedundantParensTest.App - Local 01" methodname="App - Local 01" classname="RedundantParensTest" result="Passed" duration="0.058" asserts="0">
                      <properties>
                        <property name="Category" value="Daemon" />
                      </properties>
                      <output><![CDATA[ReSharper LogPath is: C:\Users\berej\AppData\Local\Temp\JetLogs\ReSharperTests\resharper.log
Per-Test LogPath is: C:\Users\berej\AppData\Local\Temp\JetLogs\ReSharperTests\RedundantParensTest\App - Local 01.log

]]></output>
                    </test-case>
                    <test-case name="App - Precedence - High 01" fullname="JetBrains.ReSharper.Plugins.FSharp.Tests.Features.Daemon.RedundantParensTest.App - Precedence - High 01" methodname="App - Precedence - High 01" classname="RedundantParensTest" result="Passed" duration="0.06" asserts="0">
                      <properties>
                        <property name="Category" value="Daemon" />
                      </properties>
                      <output><![CDATA[ReSharper LogPath is: C:\Users\berej\AppData\Local\Temp\JetLogs\ReSharperTests\resharper.log
Per-Test LogPath is: C:\Users\berej\AppData\Local\Temp\JetLogs\ReSharperTests\RedundantParensTest\App - Precedence - High 01.log

]]></output>
                    </test-case>
                    <test-case name="App - Precedence - High 02 - Multiple" fullname="JetBrains.ReSharper.Plugins.FSharp.Tests.Features.Daemon.RedundantParensTest.App - Precedence - High 02 - Multiple" methodname="App - Precedence - High 02 - Multiple" classname="RedundantParensTest" result="Passed" duration="0.055" asserts="0">
                      <properties>
                        <property name="Category" value="Daemon" />
                      </properties>
                      <output><![CDATA[ReSharper LogPath is: C:\Users\berej\AppData\Local\Temp\JetLogs\ReSharperTests\resharper.log
Per-Test LogPath is: C:\Users\berej\AppData\Local\Temp\JetLogs\ReSharperTests\RedundantParensTest\App - Precedence - High 02 - Multiple.log

]]></output>
                    </test-case>
                    <test-case name="App - Precedence - High 03 - Multiple - Last" fullname="JetBrains.ReSharper.Plugins.FSharp.Tests.Features.Daemon.RedundantParensTest.App - Precedence - High 03 - Multiple - Last" methodname="App - Precedence - High 03 - Multiple - Last" classname="RedundantParensTest" result="Passed" duration="0.056" asserts="0">
                      <properties>
                        <property name="Category" value="Daemon" />
                      </properties>
                      <output><![CDATA[ReSharper LogPath is: C:\Users\berej\AppData\Local\Temp\JetLogs\ReSharperTests\resharper.log
Per-Test LogPath is: C:\Users\berej\AppData\Local\Temp\JetLogs\ReSharperTests\RedundantParensTest\App - Precedence - High 03 - Multiple - Last.log

]]></output>
                    </test-case>
                    <test-case name="App - Precedence - Indexer 01" fullname="JetBrains.ReSharper.Plugins.FSharp.Tests.Features.Daemon.RedundantParensTest.App - Precedence - Indexer 01" methodname="App - Precedence - Indexer 01" classname="RedundantParensTest" result="Passed" duration="0.061" asserts="0">
                      <properties>
                        <property name="Category" value="Daemon" />
                      </properties>
                      <output><![CDATA[ReSharper LogPath is: C:\Users\berej\AppData\Local\Temp\JetLogs\ReSharperTests\resharper.log
Per-Test LogPath is: C:\Users\berej\AppData\Local\Temp\JetLogs\ReSharperTests\RedundantParensTest\App - Precedence - Indexer 01.log

]]></output>
                    </test-case>
                    <test-case name="App - Precedence - Indexer 02 - Multiple" fullname="JetBrains.ReSharper.Plugins.FSharp.Tests.Features.Daemon.RedundantParensTest.App - Precedence - Indexer 02 - Multiple" methodname="App - Precedence - Indexer 02 - Multiple" classname="RedundantParensTest" result="Passed" duration="0.056" asserts="0">
                      <properties>
                        <property name="Category" value="Daemon" />
                      </properties>
                      <output><![CDATA[ReSharper LogPath is: C:\Users\berej\AppData\Local\Temp\JetLogs\ReSharperTests\resharper.log
Per-Test LogPath is: C:\Users\berej\AppData\Local\Temp\JetLogs\ReSharperTests\RedundantParensTest\App - Precedence - Indexer 02 - Multiple.log

]]></output>
                    </test-case>
                    <test-case name="App - Precedence - List 01" fullname="JetBrains.ReSharper.Plugins.FSharp.Tests.Features.Daemon.RedundantParensTest.App - Precedence - List 01" methodname="App - Precedence - List 01" classname="RedundantParensTest" result="Passed" duration="0.057" asserts="0">
                      <properties>
                        <property name="Category" value="Daemon" />
                      </properties>
                      <output><![CDATA[ReSharper LogPath is: C:\Users\berej\AppData\Local\Temp\JetLogs\ReSharperTests\resharper.log
Per-Test LogPath is: C:\Users\berej\AppData\Local\Temp\JetLogs\ReSharperTests\RedundantParensTest\App - Precedence - List 01.log

]]></output>
                    </test-case>
                    <test-case name="App - Precedence - List 02" fullname="JetBrains.ReSharper.Plugins.FSharp.Tests.Features.Daemon.RedundantParensTest.App - Precedence - List 02" methodname="App - Precedence - List 02" classname="RedundantParensTest" result="Passed" duration="0.061" asserts="0">
                      <properties>
                        <property name="Category" value="Daemon" />
                      </properties>
                      <output><![CDATA[ReSharper LogPath is: C:\Users\berej\AppData\Local\Temp\JetLogs\ReSharperTests\resharper.log
Per-Test LogPath is: C:\Users\berej\AppData\Local\Temp\JetLogs\ReSharperTests\RedundantParensTest\App - Precedence - List 02.log

]]></output>
                    </test-case>
                    <test-case name="App - Precedence - List 03" fullname="JetBrains.ReSharper.Plugins.FSharp.Tests.Features.Daemon.RedundantParensTest.App - Precedence - List 03" methodname="App - Precedence - List 03" classname="RedundantParensTest" result="Passed" duration="0.058" asserts="0">
                      <properties>
                        <property name="Category" value="Daemon" />
                      </properties>
                      <output><![CDATA[ReSharper LogPath is: C:\Users\berej\AppData\Local\Temp\JetLogs\ReSharperTests\resharper.log
Per-Test LogPath is: C:\Users\berej\AppData\Local\Temp\JetLogs\ReSharperTests\RedundantParensTest\App - Precedence - List 03.log

]]></output>
                    </test-case>
                    <test-case name="App - Precedence - Low 01" fullname="JetBrains.ReSharper.Plugins.FSharp.Tests.Features.Daemon.RedundantParensTest.App - Precedence - Low 01" methodname="App - Precedence - Low 01" classname="RedundantParensTest" result="Passed" duration="0.059" asserts="0">
                      <properties>
                        <property name="Category" value="Daemon" />
                      </properties>
                      <output><![CDATA[ReSharper LogPath is: C:\Users\berej\AppData\Local\Temp\JetLogs\ReSharperTests\resharper.log
Per-Test LogPath is: C:\Users\berej\AppData\Local\Temp\JetLogs\ReSharperTests\RedundantParensTest\App - Precedence - Low 01.log

]]></output>
                    </test-case>
                    <test-case name="App - Top level 01" fullname="JetBrains.ReSharper.Plugins.FSharp.Tests.Features.Daemon.RedundantParensTest.App - Top level 01" methodname="App - Top level 01" classname="RedundantParensTest" result="Passed" duration="0.054" asserts="0">
                      <properties>
                        <property name="Category" value="Daemon" />
                      </properties>
                      <output><![CDATA[ReSharper LogPath is: C:\Users\berej\AppData\Local\Temp\JetLogs\ReSharperTests\resharper.log
Per-Test LogPath is: C:\Users\berej\AppData\Local\Temp\JetLogs\ReSharperTests\RedundantParensTest\App - Top level 01.log

]]></output>
                    </test-case>
                    <test-case name="Arg - High precedence 01" fullname="JetBrains.ReSharper.Plugins.FSharp.Tests.Features.Daemon.RedundantParensTest.Arg - High precedence 01" methodname="Arg - High precedence 01" classname="RedundantParensTest" result="Passed" duration="0.055" asserts="0">
                      <properties>
                        <property name="Category" value="Daemon" />
                      </properties>
                      <output><![CDATA[ReSharper LogPath is: C:\Users\berej\AppData\Local\Temp\JetLogs\ReSharperTests\resharper.log
Per-Test LogPath is: C:\Users\berej\AppData\Local\Temp\JetLogs\ReSharperTests\RedundantParensTest\Arg - High precedence 01.log

]]></output>
                    </test-case>
                    <test-case name="Arg - High precedence 02 - Member" fullname="JetBrains.ReSharper.Plugins.FSharp.Tests.Features.Daemon.RedundantParensTest.Arg - High precedence 02 - Member" methodname="Arg - High precedence 02 - Member" classname="RedundantParensTest" result="Passed" duration="0.063" asserts="0">
                      <properties>
                        <property name="Category" value="Daemon" />
                      </properties>
                      <output><![CDATA[ReSharper LogPath is: C:\Users\berej\AppData\Local\Temp\JetLogs\ReSharperTests\resharper.log
Per-Test LogPath is: C:\Users\berej\AppData\Local\Temp\JetLogs\ReSharperTests\RedundantParensTest\Arg - High precedence 02 - Member.log

]]></output>
                    </test-case>
                    <test-case name="Arg - Low precedence 01" fullname="JetBrains.ReSharper.Plugins.FSharp.Tests.Features.Daemon.RedundantParensTest.Arg - Low precedence 01" methodname="Arg - Low precedence 01" classname="RedundantParensTest" result="Passed" duration="0.058" asserts="0">
                      <properties>
                        <property name="Category" value="Daemon" />
                      </properties>
                      <output><![CDATA[ReSharper LogPath is: C:\Users\berej\AppData\Local\Temp\JetLogs\ReSharperTests\resharper.log
Per-Test LogPath is: C:\Users\berej\AppData\Local\Temp\JetLogs\ReSharperTests\RedundantParensTest\Arg - Low precedence 01.log

]]></output>
                    </test-case>
                    <test-case name="Arg - Low precedence 02 - Member" fullname="JetBrains.ReSharper.Plugins.FSharp.Tests.Features.Daemon.RedundantParensTest.Arg - Low precedence 02 - Member" methodname="Arg - Low precedence 02 - Member" classname="RedundantParensTest" result="Passed" duration="0.06" asserts="0">
                      <properties>
                        <property name="Category" value="Daemon" />
                      </properties>
                      <output><![CDATA[ReSharper LogPath is: C:\Users\berej\AppData\Local\Temp\JetLogs\ReSharperTests\resharper.log
Per-Test LogPath is: C:\Users\berej\AppData\Local\Temp\JetLogs\ReSharperTests\RedundantParensTest\Arg - Low precedence 02 - Member.log

]]></output>
                    </test-case>
                    <test-case name="Let - Local - App - Binary 01" fullname="JetBrains.ReSharper.Plugins.FSharp.Tests.Features.Daemon.RedundantParensTest.Let - Local - App - Binary 01" methodname="Let - Local - App - Binary 01" classname="RedundantParensTest" result="Passed" duration="0.055" asserts="0">
                      <properties>
                        <property name="Category" value="Daemon" />
                      </properties>
                      <output><![CDATA[ReSharper LogPath is: C:\Users\berej\AppData\Local\Temp\JetLogs\ReSharperTests\resharper.log
Per-Test LogPath is: C:\Users\berej\AppData\Local\Temp\JetLogs\ReSharperTests\RedundantParensTest\Let - Local - App - Binary 01.log

]]></output>
                    </test-case>
                    <test-case name="Let - Local - App - Binary 02 - Nested" fullname="JetBrains.ReSharper.Plugins.FSharp.Tests.Features.Daemon.RedundantParensTest.Let - Local - App - Binary 02 - Nested" methodname="Let - Local - App - Binary 02 - Nested" classname="RedundantParensTest" result="Passed" duration="0.057" asserts="0">
                      <properties>
                        <property name="Category" value="Daemon" />
                      </properties>
                      <output><![CDATA[ReSharper LogPath is: C:\Users\berej\AppData\Local\Temp\JetLogs\ReSharperTests\resharper.log
Per-Test LogPath is: C:\Users\berej\AppData\Local\Temp\JetLogs\ReSharperTests\RedundantParensTest\Let - Local - App - Binary 02 - Nested.log

]]></output>
                    </test-case>
                    <test-case name="Let - Local - Literal 01" fullname="JetBrains.ReSharper.Plugins.FSharp.Tests.Features.Daemon.RedundantParensTest.Let - Local - Literal 01" methodname="Let - Local - Literal 01" classname="RedundantParensTest" result="Passed" duration="0.059" asserts="0">
                      <properties>
                        <property name="Category" value="Daemon" />
                      </properties>
                      <output><![CDATA[ReSharper LogPath is: C:\Users\berej\AppData\Local\Temp\JetLogs\ReSharperTests\resharper.log
Per-Test LogPath is: C:\Users\berej\AppData\Local\Temp\JetLogs\ReSharperTests\RedundantParensTest\Let - Local - Literal 01.log

]]></output>
                    </test-case>
                    <test-case name="Let - Top - App - Binary 01" fullname="JetBrains.ReSharper.Plugins.FSharp.Tests.Features.Daemon.RedundantParensTest.Let - Top - App - Binary 01" methodname="Let - Top - App - Binary 01" classname="RedundantParensTest" result="Passed" duration="0.058" asserts="0">
                      <properties>
                        <property name="Category" value="Daemon" />
                      </properties>
                      <output><![CDATA[ReSharper LogPath is: C:\Users\berej\AppData\Local\Temp\JetLogs\ReSharperTests\resharper.log
Per-Test LogPath is: C:\Users\berej\AppData\Local\Temp\JetLogs\ReSharperTests\RedundantParensTest\Let - Top - App - Binary 01.log

]]></output>
                    </test-case>
                    <test-case name="Let - Top - App - Binary 02 - Nested" fullname="JetBrains.ReSharper.Plugins.FSharp.Tests.Features.Daemon.RedundantParensTest.Let - Top - App - Binary 02 - Nested" methodname="Let - Top - App - Binary 02 - Nested" classname="RedundantParensTest" result="Passed" duration="0.065" asserts="0">
                      <properties>
                        <property name="Category" value="Daemon" />
                      </properties>
                      <output><![CDATA[ReSharper LogPath is: C:\Users\berej\AppData\Local\Temp\JetLogs\ReSharperTests\resharper.log
Per-Test LogPath is: C:\Users\berej\AppData\Local\Temp\JetLogs\ReSharperTests\RedundantParensTest\Let - Top - App - Binary 02 - Nested.log

]]></output>
                    </test-case>
                    <test-case name="Let - Top - Literal 01" fullname="JetBrains.ReSharper.Plugins.FSharp.Tests.Features.Daemon.RedundantParensTest.Let - Top - Literal 01" methodname="Let - Top - Literal 01" classname="RedundantParensTest" result="Passed" duration="0.056" asserts="0">
                      <properties>
                        <property name="Category" value="Daemon" />
                      </properties>
                      <output><![CDATA[ReSharper LogPath is: C:\Users\berej\AppData\Local\Temp\JetLogs\ReSharperTests\resharper.log
Per-Test LogPath is: C:\Users\berej\AppData\Local\Temp\JetLogs\ReSharperTests\RedundantParensTest\Let - Top - Literal 01.log

]]></output>
                    </test-case>
                    <test-case name="Literals 01" fullname="JetBrains.ReSharper.Plugins.FSharp.Tests.Features.Daemon.RedundantParensTest.Literals 01" methodname="Literals 01" classname="RedundantParensTest" result="Passed" duration="0.059" asserts="0">
                      <properties>
                        <property name="Category" value="Daemon" />
                      </properties>
                      <output><![CDATA[ReSharper LogPath is: C:\Users\berej\AppData\Local\Temp\JetLogs\ReSharperTests\resharper.log
Per-Test LogPath is: C:\Users\berej\AppData\Local\Temp\JetLogs\ReSharperTests\RedundantParensTest\Literals 01.log

]]></output>
                    </test-case>
                    <test-case name="Required - Inherit 01" fullname="JetBrains.ReSharper.Plugins.FSharp.Tests.Features.Daemon.RedundantParensTest.Required - Inherit 01" methodname="Required - Inherit 01" classname="RedundantParensTest" result="Passed" duration="0.066" asserts="0">
                      <properties>
                        <property name="Category" value="Daemon" />
                      </properties>
                      <output><![CDATA[ReSharper LogPath is: C:\Users\berej\AppData\Local\Temp\JetLogs\ReSharperTests\resharper.log
Per-Test LogPath is: C:\Users\berej\AppData\Local\Temp\JetLogs\ReSharperTests\RedundantParensTest\Required - Inherit 01.log

]]></output>
                    </test-case>
                    <test-case name="Required - Inherit 02 - Nested" fullname="JetBrains.ReSharper.Plugins.FSharp.Tests.Features.Daemon.RedundantParensTest.Required - Inherit 02 - Nested" methodname="Required - Inherit 02 - Nested" classname="RedundantParensTest" result="Passed" duration="0.06" asserts="0">
                      <properties>
                        <property name="Category" value="Daemon" />
                      </properties>
                      <output><![CDATA[ReSharper LogPath is: C:\Users\berej\AppData\Local\Temp\JetLogs\ReSharperTests\resharper.log
Per-Test LogPath is: C:\Users\berej\AppData\Local\Temp\JetLogs\ReSharperTests\RedundantParensTest\Required - Inherit 02 - Nested.log

]]></output>
                    </test-case>
                    <test-case name="Required - New expr 01" fullname="JetBrains.ReSharper.Plugins.FSharp.Tests.Features.Daemon.RedundantParensTest.Required - New expr 01" methodname="Required - New expr 01" classname="RedundantParensTest" result="Passed" duration="0.079" asserts="0">
                      <properties>
                        <property name="Category" value="Daemon" />
                      </properties>
                      <output><![CDATA[ReSharper LogPath is: C:\Users\berej\AppData\Local\Temp\JetLogs\ReSharperTests\resharper.log
Per-Test LogPath is: C:\Users\berej\AppData\Local\Temp\JetLogs\ReSharperTests\RedundantParensTest\Required - New expr 01.log

]]></output>
                    </test-case>
                    <test-case name="Required - Obj expr 01" fullname="JetBrains.ReSharper.Plugins.FSharp.Tests.Features.Daemon.RedundantParensTest.Required - Obj expr 01" methodname="Required - Obj expr 01" classname="RedundantParensTest" result="Passed" duration="0.066" asserts="0">
                      <properties>
                        <property name="Category" value="Daemon" />
                      </properties>
                      <output><![CDATA[ReSharper LogPath is: C:\Users\berej\AppData\Local\Temp\JetLogs\ReSharperTests\resharper.log
Per-Test LogPath is: C:\Users\berej\AppData\Local\Temp\JetLogs\ReSharperTests\RedundantParensTest\Required - Obj expr 01.log

]]></output>
                    </test-case>
                  </test-suite>
                  <test-suite type="TestFixture" name="RedundantQualifiersTest" fullname="JetBrains.ReSharper.Plugins.FSharp.Tests.Features.Daemon.RedundantQualifiersTest" total="17" passed="15" failed="0" inconclusive="2" skipped="0" result="Passed" duration="1.49">
                    <test-case name="Attributes 01 - Top level module" fullname="JetBrains.ReSharper.Plugins.FSharp.Tests.Features.Daemon.RedundantQualifiersTest.Attributes 01 - Top level module" methodname="Attributes 01 - Top level module" classname="RedundantQualifiersTest" result="Passed" duration="0.082" asserts="0">
                      <properties>
                        <property name="Category" value="Daemon" />
                      </properties>
                      <output><![CDATA[ReSharper LogPath is: C:\Users\berej\AppData\Local\Temp\JetLogs\ReSharperTests\resharper.log
Per-Test LogPath is: C:\Users\berej\AppData\Local\Temp\JetLogs\ReSharperTests\RedundantQualifiersTest\Attributes 01 - Top level module.log

]]></output>
                    </test-case>
                    <test-case name="AutoOpen - Assembly 01" fullname="JetBrains.ReSharper.Plugins.FSharp.Tests.Features.Daemon.RedundantQualifiersTest.AutoOpen - Assembly 01" methodname="AutoOpen - Assembly 01" classname="RedundantQualifiersTest" result="Inconclusive" duration="0" asserts="0">
                      <properties>
                        <property name="Explicit" value="" />
                        <property name="Category" value="Daemon" />
                      </properties>
                    </test-case>
                    <test-case name="AutoOpen - Assembly 02 - Implicit FSharp" fullname="JetBrains.ReSharper.Plugins.FSharp.Tests.Features.Daemon.RedundantQualifiersTest.AutoOpen - Assembly 02 - Implicit FSharp" methodname="AutoOpen - Assembly 02 - Implicit FSharp" classname="RedundantQualifiersTest" result="Inconclusive" duration="0" asserts="0">
                      <properties>
                        <property name="Explicit" value="" />
                        <property name="Category" value="Daemon" />
                      </properties>
                    </test-case>
                    <test-case name="AutoOpen - Global 01" fullname="JetBrains.ReSharper.Plugins.FSharp.Tests.Features.Daemon.RedundantQualifiersTest.AutoOpen - Global 01" methodname="AutoOpen - Global 01" classname="RedundantQualifiersTest" result="Passed" duration="0.087" asserts="0">
                      <properties>
                        <property name="Category" value="Daemon" />
                      </properties>
                      <output><![CDATA[ReSharper LogPath is: C:\Users\berej\AppData\Local\Temp\JetLogs\ReSharperTests\resharper.log
Per-Test LogPath is: C:\Users\berej\AppData\Local\Temp\JetLogs\ReSharperTests\RedundantQualifiersTest\AutoOpen - Global 01.log

]]></output>
                    </test-case>
                    <test-case name="AutoOpen - Nested 01" fullname="JetBrains.ReSharper.Plugins.FSharp.Tests.Features.Daemon.RedundantQualifiersTest.AutoOpen - Nested 01" methodname="AutoOpen - Nested 01" classname="RedundantQualifiersTest" result="Passed" duration="0.085" asserts="0">
                      <properties>
                        <property name="Category" value="Daemon" />
                      </properties>
                      <output><![CDATA[ReSharper LogPath is: C:\Users\berej\AppData\Local\Temp\JetLogs\ReSharperTests\resharper.log
Per-Test LogPath is: C:\Users\berej\AppData\Local\Temp\JetLogs\ReSharperTests\RedundantQualifiersTest\AutoOpen - Nested 01.log

]]></output>
                    </test-case>
                    <test-case name="AutoOpen - Nested 02 - Qualified" fullname="JetBrains.ReSharper.Plugins.FSharp.Tests.Features.Daemon.RedundantQualifiersTest.AutoOpen - Nested 02 - Qualified" methodname="AutoOpen - Nested 02 - Qualified" classname="RedundantQualifiersTest" result="Passed" duration="0.1" asserts="0">
                      <properties>
                        <property name="Category" value="Daemon" />
                      </properties>
                      <output><![CDATA[ReSharper LogPath is: C:\Users\berej\AppData\Local\Temp\JetLogs\ReSharperTests\resharper.log
Per-Test LogPath is: C:\Users\berej\AppData\Local\Temp\JetLogs\ReSharperTests\RedundantQualifiersTest\AutoOpen - Nested 02 - Qualified.log

]]></output>
                    </test-case>
                    <test-case name="AutoOpen 01" fullname="JetBrains.ReSharper.Plugins.FSharp.Tests.Features.Daemon.RedundantQualifiersTest.AutoOpen 01" methodname="AutoOpen 01" classname="RedundantQualifiersTest" result="Passed" duration="0.072" asserts="0">
                      <properties>
                        <property name="Category" value="Daemon" />
                      </properties>
                      <output><![CDATA[ReSharper LogPath is: C:\Users\berej\AppData\Local\Temp\JetLogs\ReSharperTests\resharper.log
Per-Test LogPath is: C:\Users\berej\AppData\Local\Temp\JetLogs\ReSharperTests\RedundantQualifiersTest\AutoOpen 01.log

]]></output>
                    </test-case>
                    <test-case name="AutoOpen 02 - Qualified" fullname="JetBrains.ReSharper.Plugins.FSharp.Tests.Features.Daemon.RedundantQualifiersTest.AutoOpen 02 - Qualified" methodname="AutoOpen 02 - Qualified" classname="RedundantQualifiersTest" result="Passed" duration="0.077" asserts="0">
                      <properties>
                        <property name="Category" value="Daemon" />
                      </properties>
                      <output><![CDATA[ReSharper LogPath is: C:\Users\berej\AppData\Local\Temp\JetLogs\ReSharperTests\resharper.log
Per-Test LogPath is: C:\Users\berej\AppData\Local\Temp\JetLogs\ReSharperTests\RedundantQualifiersTest\AutoOpen 02 - Qualified.log

]]></output>
                    </test-case>
                    <test-case name="Compiled names - ModuleSuffix 01" fullname="JetBrains.ReSharper.Plugins.FSharp.Tests.Features.Daemon.RedundantQualifiersTest.Compiled names - ModuleSuffix 01" methodname="Compiled names - ModuleSuffix 01" classname="RedundantQualifiersTest" result="Passed" duration="0.07" asserts="0">
                      <properties>
                        <property name="Category" value="Daemon" />
                      </properties>
                      <output><![CDATA[ReSharper LogPath is: C:\Users\berej\AppData\Local\Temp\JetLogs\ReSharperTests\resharper.log
Per-Test LogPath is: C:\Users\berej\AppData\Local\Temp\JetLogs\ReSharperTests\RedundantQualifiersTest\Compiled names - ModuleSuffix 01.log

]]></output>
                    </test-case>
                    <test-case name="Compiled names - ModuleSuffix 02 - Implicit" fullname="JetBrains.ReSharper.Plugins.FSharp.Tests.Features.Daemon.RedundantQualifiersTest.Compiled names - ModuleSuffix 02 - Implicit" methodname="Compiled names - ModuleSuffix 02 - Implicit" classname="RedundantQualifiersTest" result="Passed" duration="0.279" asserts="0">
                      <properties>
                        <property name="Category" value="Daemon" />
                      </properties>
                      <output><![CDATA[ReSharper LogPath is: C:\Users\berej\AppData\Local\Temp\JetLogs\ReSharperTests\resharper.log
Per-Test LogPath is: C:\Users\berej\AppData\Local\Temp\JetLogs\ReSharperTests\RedundantQualifiersTest\Compiled names - ModuleSuffix 02 - Implicit.log

]]></output>
                    </test-case>
                    <test-case name="Namespace 01" fullname="JetBrains.ReSharper.Plugins.FSharp.Tests.Features.Daemon.RedundantQualifiersTest.Namespace 01" methodname="Namespace 01" classname="RedundantQualifiersTest" result="Passed" duration="0.119" asserts="0">
                      <properties>
                        <property name="Category" value="Daemon" />
                      </properties>
                      <output><![CDATA[ReSharper LogPath is: C:\Users\berej\AppData\Local\Temp\JetLogs\ReSharperTests\resharper.log
Per-Test LogPath is: C:\Users\berej\AppData\Local\Temp\JetLogs\ReSharperTests\RedundantQualifiersTest\Namespace 01.log

]]></output>
                    </test-case>
                    <test-case name="Namespace 02 - Qualified" fullname="JetBrains.ReSharper.Plugins.FSharp.Tests.Features.Daemon.RedundantQualifiersTest.Namespace 02 - Qualified" methodname="Namespace 02 - Qualified" classname="RedundantQualifiersTest" result="Passed" duration="0.082" asserts="0">
                      <properties>
                        <property name="Category" value="Daemon" />
                      </properties>
                      <output><![CDATA[ReSharper LogPath is: C:\Users\berej\AppData\Local\Temp\JetLogs\ReSharperTests\resharper.log
Per-Test LogPath is: C:\Users\berej\AppData\Local\Temp\JetLogs\ReSharperTests\RedundantQualifiersTest\Namespace 02 - Qualified.log

]]></output>
                    </test-case>
                    <test-case name="Namespace 03 - Multiple import" fullname="JetBrains.ReSharper.Plugins.FSharp.Tests.Features.Daemon.RedundantQualifiersTest.Namespace 03 - Multiple import" methodname="Namespace 03 - Multiple import" classname="RedundantQualifiersTest" result="Passed" duration="0.111" asserts="0">
                      <properties>
                        <property name="Category" value="Daemon" />
                      </properties>
                      <output><![CDATA[ReSharper LogPath is: C:\Users\berej\AppData\Local\Temp\JetLogs\ReSharperTests\resharper.log
Per-Test LogPath is: C:\Users\berej\AppData\Local\Temp\JetLogs\ReSharperTests\RedundantQualifiersTest\Namespace 03 - Multiple import.log

]]></output>
                    </test-case>
                    <test-case name="Namespace 04 - Global" fullname="JetBrains.ReSharper.Plugins.FSharp.Tests.Features.Daemon.RedundantQualifiersTest.Namespace 04 - Global" methodname="Namespace 04 - Global" classname="RedundantQualifiersTest" result="Passed" duration="0.1" asserts="0">
                      <properties>
                        <property name="Category" value="Daemon" />
                      </properties>
                      <output><![CDATA[ReSharper LogPath is: C:\Users\berej\AppData\Local\Temp\JetLogs\ReSharperTests\resharper.log
Per-Test LogPath is: C:\Users\berej\AppData\Local\Temp\JetLogs\ReSharperTests\RedundantQualifiersTest\Namespace 04 - Global.log

]]></output>
                    </test-case>
                    <test-case name="Namespace 05 - Prefix" fullname="JetBrains.ReSharper.Plugins.FSharp.Tests.Features.Daemon.RedundantQualifiersTest.Namespace 05 - Prefix" methodname="Namespace 05 - Prefix" classname="RedundantQualifiersTest" result="Passed" duration="0.083" asserts="0">
                      <properties>
                        <property name="Category" value="Daemon" />
                      </properties>
                      <output><![CDATA[ReSharper LogPath is: C:\Users\berej\AppData\Local\Temp\JetLogs\ReSharperTests\resharper.log
Per-Test LogPath is: C:\Users\berej\AppData\Local\Temp\JetLogs\ReSharperTests\RedundantQualifiersTest\Namespace 05 - Prefix.log

]]></output>
                    </test-case>
                    <test-case name="Opens 01" fullname="JetBrains.ReSharper.Plugins.FSharp.Tests.Features.Daemon.RedundantQualifiersTest.Opens 01" methodname="Opens 01" classname="RedundantQualifiersTest" result="Passed" duration="0.063" asserts="0">
                      <properties>
                        <property name="Category" value="Daemon" />
                      </properties>
                      <output><![CDATA[ReSharper LogPath is: C:\Users\berej\AppData\Local\Temp\JetLogs\ReSharperTests\resharper.log
Per-Test LogPath is: C:\Users\berej\AppData\Local\Temp\JetLogs\ReSharperTests\RedundantQualifiersTest\Opens 01.log

]]></output>
                    </test-case>
                    <test-case name="Type extension 01" fullname="JetBrains.ReSharper.Plugins.FSharp.Tests.Features.Daemon.RedundantQualifiersTest.Type extension 01" methodname="Type extension 01" classname="RedundantQualifiersTest" result="Passed" duration="0.08" asserts="0">
                      <properties>
                        <property name="Category" value="Daemon" />
                      </properties>
                      <output><![CDATA[ReSharper LogPath is: C:\Users\berej\AppData\Local\Temp\JetLogs\ReSharperTests\resharper.log
Per-Test LogPath is: C:\Users\berej\AppData\Local\Temp\JetLogs\ReSharperTests\RedundantQualifiersTest\Type extension 01.log

]]></output>
                    </test-case>
                  </test-suite>
                  <test-suite type="TestFixture" name="StringEscapingTest" fullname="JetBrains.ReSharper.Plugins.FSharp.Tests.Features.Daemon.StringEscapingTest" total="2" passed="2" failed="0" inconclusive="0" skipped="0" result="Passed" duration="0.15">
                    <test-case name="String escaping 01 - Strings" fullname="JetBrains.ReSharper.Plugins.FSharp.Tests.Features.Daemon.StringEscapingTest.String escaping 01 - Strings" methodname="String escaping 01 - Strings" classname="StringEscapingTest" result="Passed" duration="0.087" asserts="0">
                      <properties>
                        <property name="Category" value="Daemon" />
                      </properties>
                      <output><![CDATA[ReSharper LogPath is: C:\Users\berej\AppData\Local\Temp\JetLogs\ReSharperTests\resharper.log
Per-Test LogPath is: C:\Users\berej\AppData\Local\Temp\JetLogs\ReSharperTests\StringEscapingTest\String escaping 01 - Strings.log

]]></output>
                    </test-case>
                    <test-case name="String escaping 02 - Chars" fullname="JetBrains.ReSharper.Plugins.FSharp.Tests.Features.Daemon.StringEscapingTest.String escaping 02 - Chars" methodname="String escaping 02 - Chars" classname="StringEscapingTest" result="Passed" duration="0.063" asserts="0">
                      <properties>
                        <property name="Category" value="Daemon" />
                      </properties>
                      <output><![CDATA[ReSharper LogPath is: C:\Users\berej\AppData\Local\Temp\JetLogs\ReSharperTests\resharper.log
Per-Test LogPath is: C:\Users\berej\AppData\Local\Temp\JetLogs\ReSharperTests\StringEscapingTest\String escaping 02 - Chars.log

]]></output>
                    </test-case>
                  </test-suite>
                  <test-suite type="TestFixture" name="SyntaxHighlightingTest" fullname="JetBrains.ReSharper.Plugins.FSharp.Tests.Features.Daemon.SyntaxHighlightingTest" total="1" passed="1" failed="0" inconclusive="0" skipped="0" result="Passed" duration="0.08">
                    <test-case name="Inactive preprocessor branch 01" fullname="JetBrains.ReSharper.Plugins.FSharp.Tests.Features.Daemon.SyntaxHighlightingTest.Inactive preprocessor branch 01" methodname="Inactive preprocessor branch 01" classname="SyntaxHighlightingTest" result="Passed" duration="0.08" asserts="0">
                      <properties>
                        <property name="Category" value="Daemon" />
                      </properties>
                      <output><![CDATA[ReSharper LogPath is: C:\Users\berej\AppData\Local\Temp\JetLogs\ReSharperTests\resharper.log
Per-Test LogPath is: C:\Users\berej\AppData\Local\Temp\JetLogs\ReSharperTests\SyntaxHighlightingTest\Inactive preprocessor branch 01.log

]]></output>
                    </test-case>
                  </test-suite>
                </test-suite>
                <test-suite type="TestSuite" name="Debugger" fullname="JetBrains.ReSharper.Plugins.FSharp.Tests.Features.Debugger" total="6" passed="6" failed="0" inconclusive="0" skipped="0" result="Passed" duration="0.245">
                  <test-suite type="TestFixture" name="ExpressionEvaluationInfoTest" fullname="JetBrains.ReSharper.Plugins.FSharp.Tests.Features.Debugger.ExpressionEvaluationInfoTest" total="6" passed="6" failed="0" inconclusive="0" skipped="0" result="Passed" duration="0.245">
                    <test-case name="Id 01" fullname="JetBrains.ReSharper.Plugins.FSharp.Tests.Features.Debugger.ExpressionEvaluationInfoTest.Id 01" methodname="Id 01" classname="ExpressionEvaluationInfoTest" result="Passed" duration="0.054" asserts="0">
                      <output><![CDATA[ReSharper LogPath is: C:\Users\berej\AppData\Local\Temp\JetLogs\ReSharperTests\resharper.log
Per-Test LogPath is: C:\Users\berej\AppData\Local\Temp\JetLogs\ReSharperTests\ExpressionEvaluationInfoTest\Id 01.log

]]></output>
                    </test-case>
                    <test-case name="Id 02 - Qualifier" fullname="JetBrains.ReSharper.Plugins.FSharp.Tests.Features.Debugger.ExpressionEvaluationInfoTest.Id 02 - Qualifier" methodname="Id 02 - Qualifier" classname="ExpressionEvaluationInfoTest" result="Passed" duration="0.039" asserts="0">
                      <output><![CDATA[ReSharper LogPath is: C:\Users\berej\AppData\Local\Temp\JetLogs\ReSharperTests\resharper.log
Per-Test LogPath is: C:\Users\berej\AppData\Local\Temp\JetLogs\ReSharperTests\ExpressionEvaluationInfoTest\Id 02 - Qualifier.log

]]></output>
                    </test-case>
                    <test-case name="Indexer 01" fullname="JetBrains.ReSharper.Plugins.FSharp.Tests.Features.Debugger.ExpressionEvaluationInfoTest.Indexer 01" methodname="Indexer 01" classname="ExpressionEvaluationInfoTest" result="Passed" duration="0.029" asserts="0">
                      <output><![CDATA[ReSharper LogPath is: C:\Users\berej\AppData\Local\Temp\JetLogs\ReSharperTests\resharper.log
Per-Test LogPath is: C:\Users\berej\AppData\Local\Temp\JetLogs\ReSharperTests\ExpressionEvaluationInfoTest\Indexer 01.log

]]></output>
                    </test-case>
                    <test-case name="SelfId 01 - Member" fullname="JetBrains.ReSharper.Plugins.FSharp.Tests.Features.Debugger.ExpressionEvaluationInfoTest.SelfId 01 - Member" methodname="SelfId 01 - Member" classname="ExpressionEvaluationInfoTest" result="Passed" duration="0.041" asserts="0">
                      <output><![CDATA[ReSharper LogPath is: C:\Users\berej\AppData\Local\Temp\JetLogs\ReSharperTests\resharper.log
Per-Test LogPath is: C:\Users\berej\AppData\Local\Temp\JetLogs\ReSharperTests\ExpressionEvaluationInfoTest\SelfId 01 - Member.log

]]></output>
                    </test-case>
                    <test-case name="SelfId 02 - Type" fullname="JetBrains.ReSharper.Plugins.FSharp.Tests.Features.Debugger.ExpressionEvaluationInfoTest.SelfId 02 - Type" methodname="SelfId 02 - Type" classname="ExpressionEvaluationInfoTest" result="Passed" duration="0.041" asserts="0">
                      <output><![CDATA[ReSharper LogPath is: C:\Users\berej\AppData\Local\Temp\JetLogs\ReSharperTests\resharper.log
Per-Test LogPath is: C:\Users\berej\AppData\Local\Temp\JetLogs\ReSharperTests\ExpressionEvaluationInfoTest\SelfId 02 - Type.log

]]></output>
                    </test-case>
                    <test-case name="SelfId 03 - As qualifier" fullname="JetBrains.ReSharper.Plugins.FSharp.Tests.Features.Debugger.ExpressionEvaluationInfoTest.SelfId 03 - As qualifier" methodname="SelfId 03 - As qualifier" classname="ExpressionEvaluationInfoTest" result="Passed" duration="0.041" asserts="0">
                      <output><![CDATA[ReSharper LogPath is: C:\Users\berej\AppData\Local\Temp\JetLogs\ReSharperTests\resharper.log
Per-Test LogPath is: C:\Users\berej\AppData\Local\Temp\JetLogs\ReSharperTests\ExpressionEvaluationInfoTest\SelfId 03 - As qualifier.log

]]></output>
                    </test-case>
                  </test-suite>
                </test-suite>
                <test-suite type="TestSuite" name="Lexing" fullname="JetBrains.ReSharper.Plugins.FSharp.Tests.Features.Lexing" total="66" passed="66" failed="0" inconclusive="0" skipped="0" result="Passed" duration="1.712">
                  <test-suite type="TestFixture" name="FSharpLexerTest" fullname="JetBrains.ReSharper.Plugins.FSharp.Tests.Features.Lexing.FSharpLexerTest" total="66" passed="66" failed="0" inconclusive="0" skipped="0" result="Passed" duration="1.712">
                    <test-case name="Anonymous Records" fullname="JetBrains.ReSharper.Plugins.FSharp.Tests.Features.Lexing.FSharpLexerTest.Anonymous Records" methodname="Anonymous Records" classname="FSharpLexerTest" result="Passed" duration="0.145" asserts="0">
                      <properties>
                        <property name="Category" value="Lexer" />
                      </properties>
                      <output><![CDATA[ReSharper LogPath is: C:\Users\berej\AppData\Local\Temp\JetLogs\ReSharperTests\resharper.log
Per-Test LogPath is: C:\Users\berej\AppData\Local\Temp\JetLogs\ReSharperTests\FSharpLexerTest\Anonymous Records.log

]]></output>
                    </test-case>
                    <test-case name="Attribute" fullname="JetBrains.ReSharper.Plugins.FSharp.Tests.Features.Lexing.FSharpLexerTest.Attribute" methodname="Attribute" classname="FSharpLexerTest" result="Passed" duration="0.028" asserts="0">
                      <properties>
                        <property name="Category" value="Lexer" />
                      </properties>
                      <output><![CDATA[ReSharper LogPath is: C:\Users\berej\AppData\Local\Temp\JetLogs\ReSharperTests\resharper.log
Per-Test LogPath is: C:\Users\berej\AppData\Local\Temp\JetLogs\ReSharperTests\FSharpLexerTest\Attribute.log

]]></output>
                    </test-case>
                    <test-case name="Braces" fullname="JetBrains.ReSharper.Plugins.FSharp.Tests.Features.Lexing.FSharpLexerTest.Braces" methodname="Braces" classname="FSharpLexerTest" result="Passed" duration="0.042" asserts="0">
                      <properties>
                        <property name="Category" value="Lexer" />
                      </properties>
                      <output><![CDATA[ReSharper LogPath is: C:\Users\berej\AppData\Local\Temp\JetLogs\ReSharperTests\resharper.log
Per-Test LogPath is: C:\Users\berej\AppData\Local\Temp\JetLogs\ReSharperTests\FSharpLexerTest\Braces.log

]]></output>
                    </test-case>
                    <test-case name="Code quotation" fullname="JetBrains.ReSharper.Plugins.FSharp.Tests.Features.Lexing.FSharpLexerTest.Code quotation" methodname="Code quotation" classname="FSharpLexerTest" result="Passed" duration="0.028" asserts="0">
                      <properties>
                        <property name="Category" value="Lexer" />
                      </properties>
                      <output><![CDATA[ReSharper LogPath is: C:\Users\berej\AppData\Local\Temp\JetLogs\ReSharperTests\resharper.log
Per-Test LogPath is: C:\Users\berej\AppData\Local\Temp\JetLogs\ReSharperTests\FSharpLexerTest\Code quotation.log

]]></output>
                    </test-case>
                    <test-case name="Comments 01 - End of line" fullname="JetBrains.ReSharper.Plugins.FSharp.Tests.Features.Lexing.FSharpLexerTest.Comments 01 - End of line" methodname="Comments 01 - End of line" classname="FSharpLexerTest" result="Passed" duration="0.028" asserts="0">
                      <properties>
                        <property name="Category" value="Lexer" />
                      </properties>
                      <output><![CDATA[ReSharper LogPath is: C:\Users\berej\AppData\Local\Temp\JetLogs\ReSharperTests\resharper.log
Per-Test LogPath is: C:\Users\berej\AppData\Local\Temp\JetLogs\ReSharperTests\FSharpLexerTest\Comments 01 - End of line.log

]]></output>
                    </test-case>
                    <test-case name="Comments 02 - Multiple end of line" fullname="JetBrains.ReSharper.Plugins.FSharp.Tests.Features.Lexing.FSharpLexerTest.Comments 02 - Multiple end of line" methodname="Comments 02 - Multiple end of line" classname="FSharpLexerTest" result="Passed" duration="0.029" asserts="0">
                      <properties>
                        <property name="Category" value="Lexer" />
                      </properties>
                      <output><![CDATA[ReSharper LogPath is: C:\Users\berej\AppData\Local\Temp\JetLogs\ReSharperTests\resharper.log
Per-Test LogPath is: C:\Users\berej\AppData\Local\Temp\JetLogs\ReSharperTests\FSharpLexerTest\Comments 02 - Multiple end of line.log

]]></output>
                    </test-case>
                    <test-case name="Comments 03 - Multiline 01" fullname="JetBrains.ReSharper.Plugins.FSharp.Tests.Features.Lexing.FSharpLexerTest.Comments 03 - Multiline 01" methodname="Comments 03 - Multiline 01" classname="FSharpLexerTest" result="Passed" duration="0.027" asserts="0">
                      <properties>
                        <property name="Category" value="Lexer" />
                      </properties>
                      <output><![CDATA[ReSharper LogPath is: C:\Users\berej\AppData\Local\Temp\JetLogs\ReSharperTests\resharper.log
Per-Test LogPath is: C:\Users\berej\AppData\Local\Temp\JetLogs\ReSharperTests\FSharpLexerTest\Comments 03 - Multiline 01.log

]]></output>
                    </test-case>
                    <test-case name="Comments 03 - Multiline 02" fullname="JetBrains.ReSharper.Plugins.FSharp.Tests.Features.Lexing.FSharpLexerTest.Comments 03 - Multiline 02" methodname="Comments 03 - Multiline 02" classname="FSharpLexerTest" result="Passed" duration="0.036" asserts="0">
                      <properties>
                        <property name="Category" value="Lexer" />
                      </properties>
                      <output><![CDATA[ReSharper LogPath is: C:\Users\berej\AppData\Local\Temp\JetLogs\ReSharperTests\resharper.log
Per-Test LogPath is: C:\Users\berej\AppData\Local\Temp\JetLogs\ReSharperTests\FSharpLexerTest\Comments 03 - Multiline 02.log

]]></output>
                    </test-case>
                    <test-case name="Comments 04 - Multiline with empty line" fullname="JetBrains.ReSharper.Plugins.FSharp.Tests.Features.Lexing.FSharpLexerTest.Comments 04 - Multiline with empty line" methodname="Comments 04 - Multiline with empty line" classname="FSharpLexerTest" result="Passed" duration="0.028" asserts="0">
                      <properties>
                        <property name="Category" value="Lexer" />
                      </properties>
                      <output><![CDATA[ReSharper LogPath is: C:\Users\berej\AppData\Local\Temp\JetLogs\ReSharperTests\resharper.log
Per-Test LogPath is: C:\Users\berej\AppData\Local\Temp\JetLogs\ReSharperTests\FSharpLexerTest\Comments 04 - Multiline with empty line.log

]]></output>
                    </test-case>
                    <test-case name="Comments 05 - String inside 01, simple" fullname="JetBrains.ReSharper.Plugins.FSharp.Tests.Features.Lexing.FSharpLexerTest.Comments 05 - String inside 01, simple" methodname="Comments 05 - String inside 01, simple" classname="FSharpLexerTest" result="Passed" duration="0.03" asserts="0">
                      <properties>
                        <property name="Category" value="Lexer" />
                      </properties>
                      <output><![CDATA[ReSharper LogPath is: C:\Users\berej\AppData\Local\Temp\JetLogs\ReSharperTests\resharper.log
Per-Test LogPath is: C:\Users\berej\AppData\Local\Temp\JetLogs\ReSharperTests\FSharpLexerTest\Comments 05 - String inside 01, simple.log

]]></output>
                    </test-case>
                    <test-case name="Comments 06 - String inside 02, triple quote" fullname="JetBrains.ReSharper.Plugins.FSharp.Tests.Features.Lexing.FSharpLexerTest.Comments 06 - String inside 02, triple quote" methodname="Comments 06 - String inside 02, triple quote" classname="FSharpLexerTest" result="Passed" duration="0.028" asserts="0">
                      <properties>
                        <property name="Category" value="Lexer" />
                      </properties>
                      <output><![CDATA[ReSharper LogPath is: C:\Users\berej\AppData\Local\Temp\JetLogs\ReSharperTests\resharper.log
Per-Test LogPath is: C:\Users\berej\AppData\Local\Temp\JetLogs\ReSharperTests\FSharpLexerTest\Comments 06 - String inside 02, triple quote.log

]]></output>
                    </test-case>
                    <test-case name="Comments 07 - String inside 03, verbatim" fullname="JetBrains.ReSharper.Plugins.FSharp.Tests.Features.Lexing.FSharpLexerTest.Comments 07 - String inside 03, verbatim" methodname="Comments 07 - String inside 03, verbatim" classname="FSharpLexerTest" result="Passed" duration="0.03" asserts="0">
                      <properties>
                        <property name="Category" value="Lexer" />
                      </properties>
                      <output><![CDATA[ReSharper LogPath is: C:\Users\berej\AppData\Local\Temp\JetLogs\ReSharperTests\resharper.log
Per-Test LogPath is: C:\Users\berej\AppData\Local\Temp\JetLogs\ReSharperTests\FSharpLexerTest\Comments 07 - String inside 03, verbatim.log

]]></output>
                    </test-case>
                    <test-case name="Comments 08 - Type application 1 - End of line" fullname="JetBrains.ReSharper.Plugins.FSharp.Tests.Features.Lexing.FSharpLexerTest.Comments 08 - Type application 1 - End of line" methodname="Comments 08 - Type application 1 - End of line" classname="FSharpLexerTest" result="Passed" duration="0.031" asserts="0">
                      <properties>
                        <property name="Category" value="Lexer" />
                      </properties>
                      <output><![CDATA[ReSharper LogPath is: C:\Users\berej\AppData\Local\Temp\JetLogs\ReSharperTests\resharper.log
Per-Test LogPath is: C:\Users\berej\AppData\Local\Temp\JetLogs\ReSharperTests\FSharpLexerTest\Comments 08 - Type application 1 - End of line.log

]]></output>
                    </test-case>
                    <test-case name="Comments 08 - Type application 2 - Block comment" fullname="JetBrains.ReSharper.Plugins.FSharp.Tests.Features.Lexing.FSharpLexerTest.Comments 08 - Type application 2 - Block comment" methodname="Comments 08 - Type application 2 - Block comment" classname="FSharpLexerTest" result="Passed" duration="0.028" asserts="0">
                      <properties>
                        <property name="Category" value="Lexer" />
                      </properties>
                      <output><![CDATA[ReSharper LogPath is: C:\Users\berej\AppData\Local\Temp\JetLogs\ReSharperTests\resharper.log
Per-Test LogPath is: C:\Users\berej\AppData\Local\Temp\JetLogs\ReSharperTests\FSharpLexerTest\Comments 08 - Type application 2 - Block comment.log

]]></output>
                    </test-case>
                    <test-case name="Empty file 01" fullname="JetBrains.ReSharper.Plugins.FSharp.Tests.Features.Lexing.FSharpLexerTest.Empty file 01" methodname="Empty file 01" classname="FSharpLexerTest" result="Passed" duration="0.029" asserts="0">
                      <properties>
                        <property name="Category" value="Lexer" />
                      </properties>
                      <output><![CDATA[ReSharper LogPath is: C:\Users\berej\AppData\Local\Temp\JetLogs\ReSharperTests\resharper.log
Per-Test LogPath is: C:\Users\berej\AppData\Local\Temp\JetLogs\ReSharperTests\FSharpLexerTest\Empty file 01.log

]]></output>
                    </test-case>
                    <test-case name="Empty file 02 - New lines" fullname="JetBrains.ReSharper.Plugins.FSharp.Tests.Features.Lexing.FSharpLexerTest.Empty file 02 - New lines" methodname="Empty file 02 - New lines" classname="FSharpLexerTest" result="Passed" duration="0.03" asserts="0">
                      <properties>
                        <property name="Category" value="Lexer" />
                      </properties>
                      <output><![CDATA[ReSharper LogPath is: C:\Users\berej\AppData\Local\Temp\JetLogs\ReSharperTests\resharper.log
Per-Test LogPath is: C:\Users\berej\AppData\Local\Temp\JetLogs\ReSharperTests\FSharpLexerTest\Empty file 02 - New lines.log

]]></output>
                    </test-case>
                    <test-case name="Generic declaration" fullname="JetBrains.ReSharper.Plugins.FSharp.Tests.Features.Lexing.FSharpLexerTest.Generic declaration" methodname="Generic declaration" classname="FSharpLexerTest" result="Passed" duration="0.031" asserts="0">
                      <properties>
                        <property name="Category" value="Lexer" />
                      </properties>
                      <output><![CDATA[ReSharper LogPath is: C:\Users\berej\AppData\Local\Temp\JetLogs\ReSharperTests\resharper.log
Per-Test LogPath is: C:\Users\berej\AppData\Local\Temp\JetLogs\ReSharperTests\FSharpLexerTest\Generic declaration.log

]]></output>
                    </test-case>
                    <test-case name="Hash directives 01 - Reference" fullname="JetBrains.ReSharper.Plugins.FSharp.Tests.Features.Lexing.FSharpLexerTest.Hash directives 01 - Reference" methodname="Hash directives 01 - Reference" classname="FSharpLexerTest" result="Passed" duration="0.028" asserts="0">
                      <properties>
                        <property name="Category" value="Lexer" />
                      </properties>
                      <output><![CDATA[ReSharper LogPath is: C:\Users\berej\AppData\Local\Temp\JetLogs\ReSharperTests\resharper.log
Per-Test LogPath is: C:\Users\berej\AppData\Local\Temp\JetLogs\ReSharperTests\FSharpLexerTest\Hash directives 01 - Reference.log

]]></output>
                    </test-case>
                    <test-case name="Hash directives 02 - Include" fullname="JetBrains.ReSharper.Plugins.FSharp.Tests.Features.Lexing.FSharpLexerTest.Hash directives 02 - Include" methodname="Hash directives 02 - Include" classname="FSharpLexerTest" result="Passed" duration="0.027" asserts="0">
                      <properties>
                        <property name="Category" value="Lexer" />
                      </properties>
                      <output><![CDATA[ReSharper LogPath is: C:\Users\berej\AppData\Local\Temp\JetLogs\ReSharperTests\resharper.log
Per-Test LogPath is: C:\Users\berej\AppData\Local\Temp\JetLogs\ReSharperTests\FSharpLexerTest\Hash directives 02 - Include.log

]]></output>
                    </test-case>
                    <test-case name="Hash directives 03 - Light" fullname="JetBrains.ReSharper.Plugins.FSharp.Tests.Features.Lexing.FSharpLexerTest.Hash directives 03 - Light" methodname="Hash directives 03 - Light" classname="FSharpLexerTest" result="Passed" duration="0.025" asserts="0">
                      <properties>
                        <property name="Category" value="Lexer" />
                      </properties>
                      <output><![CDATA[ReSharper LogPath is: C:\Users\berej\AppData\Local\Temp\JetLogs\ReSharperTests\resharper.log
Per-Test LogPath is: C:\Users\berej\AppData\Local\Temp\JetLogs\ReSharperTests\FSharpLexerTest\Hash directives 03 - Light.log

]]></output>
                    </test-case>
                    <test-case name="Identifiers 01 - Backticked" fullname="JetBrains.ReSharper.Plugins.FSharp.Tests.Features.Lexing.FSharpLexerTest.Identifiers 01 - Backticked" methodname="Identifiers 01 - Backticked" classname="FSharpLexerTest" result="Passed" duration="0.02" asserts="0">
                      <properties>
                        <property name="Category" value="Lexer" />
                      </properties>
                      <output><![CDATA[ReSharper LogPath is: C:\Users\berej\AppData\Local\Temp\JetLogs\ReSharperTests\resharper.log
Per-Test LogPath is: C:\Users\berej\AppData\Local\Temp\JetLogs\ReSharperTests\FSharpLexerTest\Identifiers 01 - Backticked.log

]]></output>
                    </test-case>
                    <test-case name="Identifiers 02 - Unfinished backticked" fullname="JetBrains.ReSharper.Plugins.FSharp.Tests.Features.Lexing.FSharpLexerTest.Identifiers 02 - Unfinished backticked" methodname="Identifiers 02 - Unfinished backticked" classname="FSharpLexerTest" result="Passed" duration="0.021" asserts="0">
                      <properties>
                        <property name="Category" value="Lexer" />
                      </properties>
                      <output><![CDATA[ReSharper LogPath is: C:\Users\berej\AppData\Local\Temp\JetLogs\ReSharperTests\resharper.log
Per-Test LogPath is: C:\Users\berej\AppData\Local\Temp\JetLogs\ReSharperTests\FSharpLexerTest\Identifiers 02 - Unfinished backticked.log

]]></output>
                    </test-case>
                    <test-case name="Keywords" fullname="JetBrains.ReSharper.Plugins.FSharp.Tests.Features.Lexing.FSharpLexerTest.Keywords" methodname="Keywords" classname="FSharpLexerTest" result="Passed" duration="0.022" asserts="0">
                      <properties>
                        <property name="Category" value="Lexer" />
                      </properties>
                      <output><![CDATA[ReSharper LogPath is: C:\Users\berej\AppData\Local\Temp\JetLogs\ReSharperTests\resharper.log
Per-Test LogPath is: C:\Users\berej\AppData\Local\Temp\JetLogs\ReSharperTests\FSharpLexerTest\Keywords.log

]]></output>
                    </test-case>
                    <test-case name="Literals 01 - simple numbers" fullname="JetBrains.ReSharper.Plugins.FSharp.Tests.Features.Lexing.FSharpLexerTest.Literals 01 - simple numbers" methodname="Literals 01 - simple numbers" classname="FSharpLexerTest" result="Passed" duration="0.028" asserts="0">
                      <properties>
                        <property name="Category" value="Lexer" />
                      </properties>
                      <output><![CDATA[ReSharper LogPath is: C:\Users\berej\AppData\Local\Temp\JetLogs\ReSharperTests\resharper.log
Per-Test LogPath is: C:\Users\berej\AppData\Local\Temp\JetLogs\ReSharperTests\FSharpLexerTest\Literals 01 - simple numbers.log

]]></output>
                    </test-case>
                    <test-case name="Literals 02 - numbers with suffices" fullname="JetBrains.ReSharper.Plugins.FSharp.Tests.Features.Lexing.FSharpLexerTest.Literals 02 - numbers with suffices" methodname="Literals 02 - numbers with suffices" classname="FSharpLexerTest" result="Passed" duration="0.024" asserts="0">
                      <properties>
                        <property name="Category" value="Lexer" />
                      </properties>
                      <output><![CDATA[ReSharper LogPath is: C:\Users\berej\AppData\Local\Temp\JetLogs\ReSharperTests\resharper.log
Per-Test LogPath is: C:\Users\berej\AppData\Local\Temp\JetLogs\ReSharperTests\FSharpLexerTest\Literals 02 - numbers with suffices.log

]]></output>
                    </test-case>
                    <test-case name="Literals 03 - digits" fullname="JetBrains.ReSharper.Plugins.FSharp.Tests.Features.Lexing.FSharpLexerTest.Literals 03 - digits" methodname="Literals 03 - digits" classname="FSharpLexerTest" result="Passed" duration="0.023" asserts="0">
                      <properties>
                        <property name="Category" value="Lexer" />
                      </properties>
                      <output><![CDATA[ReSharper LogPath is: C:\Users\berej\AppData\Local\Temp\JetLogs\ReSharperTests\resharper.log
Per-Test LogPath is: C:\Users\berej\AppData\Local\Temp\JetLogs\ReSharperTests\FSharpLexerTest\Literals 03 - digits.log

]]></output>
                    </test-case>
                    <test-case name="Literals 04 - escape characters" fullname="JetBrains.ReSharper.Plugins.FSharp.Tests.Features.Lexing.FSharpLexerTest.Literals 04 - escape characters" methodname="Literals 04 - escape characters" classname="FSharpLexerTest" result="Passed" duration="0.023" asserts="0">
                      <properties>
                        <property name="Category" value="Lexer" />
                      </properties>
                      <output><![CDATA[ReSharper LogPath is: C:\Users\berej\AppData\Local\Temp\JetLogs\ReSharperTests\resharper.log
Per-Test LogPath is: C:\Users\berej\AppData\Local\Temp\JetLogs\ReSharperTests\FSharpLexerTest\Literals 04 - escape characters.log

]]></output>
                    </test-case>
                    <test-case name="Multiline strings 01 - Simple" fullname="JetBrains.ReSharper.Plugins.FSharp.Tests.Features.Lexing.FSharpLexerTest.Multiline strings 01 - Simple" methodname="Multiline strings 01 - Simple" classname="FSharpLexerTest" result="Passed" duration="0.027" asserts="0">
                      <properties>
                        <property name="Category" value="Lexer" />
                      </properties>
                      <output><![CDATA[ReSharper LogPath is: C:\Users\berej\AppData\Local\Temp\JetLogs\ReSharperTests\resharper.log
Per-Test LogPath is: C:\Users\berej\AppData\Local\Temp\JetLogs\ReSharperTests\FSharpLexerTest\Multiline strings 01 - Simple.log

]]></output>
                    </test-case>
                    <test-case name="Multiline strings 02 - Triple quoted" fullname="JetBrains.ReSharper.Plugins.FSharp.Tests.Features.Lexing.FSharpLexerTest.Multiline strings 02 - Triple quoted" methodname="Multiline strings 02 - Triple quoted" classname="FSharpLexerTest" result="Passed" duration="0.024" asserts="0">
                      <properties>
                        <property name="Category" value="Lexer" />
                      </properties>
                      <output><![CDATA[ReSharper LogPath is: C:\Users\berej\AppData\Local\Temp\JetLogs\ReSharperTests\resharper.log
Per-Test LogPath is: C:\Users\berej\AppData\Local\Temp\JetLogs\ReSharperTests\FSharpLexerTest\Multiline strings 02 - Triple quoted.log

]]></output>
                    </test-case>
                    <test-case name="Multiline strings 03 - Verbatim" fullname="JetBrains.ReSharper.Plugins.FSharp.Tests.Features.Lexing.FSharpLexerTest.Multiline strings 03 - Verbatim" methodname="Multiline strings 03 - Verbatim" classname="FSharpLexerTest" result="Passed" duration="0.025" asserts="0">
                      <properties>
                        <property name="Category" value="Lexer" />
                      </properties>
                      <output><![CDATA[ReSharper LogPath is: C:\Users\berej\AppData\Local\Temp\JetLogs\ReSharperTests\resharper.log
Per-Test LogPath is: C:\Users\berej\AppData\Local\Temp\JetLogs\ReSharperTests\FSharpLexerTest\Multiline strings 03 - Verbatim.log

]]></output>
                    </test-case>
                    <test-case name="Multiline strings 04 - Empty line 1" fullname="JetBrains.ReSharper.Plugins.FSharp.Tests.Features.Lexing.FSharpLexerTest.Multiline strings 04 - Empty line 1" methodname="Multiline strings 04 - Empty line 1" classname="FSharpLexerTest" result="Passed" duration="0.021" asserts="0">
                      <properties>
                        <property name="Category" value="Lexer" />
                      </properties>
                      <output><![CDATA[ReSharper LogPath is: C:\Users\berej\AppData\Local\Temp\JetLogs\ReSharperTests\resharper.log
Per-Test LogPath is: C:\Users\berej\AppData\Local\Temp\JetLogs\ReSharperTests\FSharpLexerTest\Multiline strings 04 - Empty line 1.log

]]></output>
                    </test-case>
                    <test-case name="Multiline strings 04 - Empty line 2" fullname="JetBrains.ReSharper.Plugins.FSharp.Tests.Features.Lexing.FSharpLexerTest.Multiline strings 04 - Empty line 2" methodname="Multiline strings 04 - Empty line 2" classname="FSharpLexerTest" result="Passed" duration="0.027" asserts="0">
                      <properties>
                        <property name="Category" value="Lexer" />
                      </properties>
                      <output><![CDATA[ReSharper LogPath is: C:\Users\berej\AppData\Local\Temp\JetLogs\ReSharperTests\resharper.log
Per-Test LogPath is: C:\Users\berej\AppData\Local\Temp\JetLogs\ReSharperTests\FSharpLexerTest\Multiline strings 04 - Empty line 2.log

]]></output>
                    </test-case>
                    <test-case name="Operators 01 - Simple arithmetic" fullname="JetBrains.ReSharper.Plugins.FSharp.Tests.Features.Lexing.FSharpLexerTest.Operators 01 - Simple arithmetic" methodname="Operators 01 - Simple arithmetic" classname="FSharpLexerTest" result="Passed" duration="0.022" asserts="0">
                      <properties>
                        <property name="Category" value="Lexer" />
                      </properties>
                      <output><![CDATA[ReSharper LogPath is: C:\Users\berej\AppData\Local\Temp\JetLogs\ReSharperTests\resharper.log
Per-Test LogPath is: C:\Users\berej\AppData\Local\Temp\JetLogs\ReSharperTests\FSharpLexerTest\Operators 01 - Simple arithmetic.log

]]></output>
                    </test-case>
                    <test-case name="Operators 02 - Logic" fullname="JetBrains.ReSharper.Plugins.FSharp.Tests.Features.Lexing.FSharpLexerTest.Operators 02 - Logic" methodname="Operators 02 - Logic" classname="FSharpLexerTest" result="Passed" duration="0.021" asserts="0">
                      <properties>
                        <property name="Category" value="Lexer" />
                      </properties>
                      <output><![CDATA[ReSharper LogPath is: C:\Users\berej\AppData\Local\Temp\JetLogs\ReSharperTests\resharper.log
Per-Test LogPath is: C:\Users\berej\AppData\Local\Temp\JetLogs\ReSharperTests\FSharpLexerTest\Operators 02 - Logic.log

]]></output>
                    </test-case>
                    <test-case name="Operators 03 - Pipes" fullname="JetBrains.ReSharper.Plugins.FSharp.Tests.Features.Lexing.FSharpLexerTest.Operators 03 - Pipes" methodname="Operators 03 - Pipes" classname="FSharpLexerTest" result="Passed" duration="0.022" asserts="0">
                      <properties>
                        <property name="Category" value="Lexer" />
                      </properties>
                      <output><![CDATA[ReSharper LogPath is: C:\Users\berej\AppData\Local\Temp\JetLogs\ReSharperTests\resharper.log
Per-Test LogPath is: C:\Users\berej\AppData\Local\Temp\JetLogs\ReSharperTests\FSharpLexerTest\Operators 03 - Pipes.log

]]></output>
                    </test-case>
                    <test-case name="Operators 04 - Comparison" fullname="JetBrains.ReSharper.Plugins.FSharp.Tests.Features.Lexing.FSharpLexerTest.Operators 04 - Comparison" methodname="Operators 04 - Comparison" classname="FSharpLexerTest" result="Passed" duration="0.023" asserts="0">
                      <properties>
                        <property name="Category" value="Lexer" />
                      </properties>
                      <output><![CDATA[ReSharper LogPath is: C:\Users\berej\AppData\Local\Temp\JetLogs\ReSharperTests\resharper.log
Per-Test LogPath is: C:\Users\berej\AppData\Local\Temp\JetLogs\ReSharperTests\FSharpLexerTest\Operators 04 - Comparison.log

]]></output>
                    </test-case>
                    <test-case name="Operators 05 - Custom 1" fullname="JetBrains.ReSharper.Plugins.FSharp.Tests.Features.Lexing.FSharpLexerTest.Operators 05 - Custom 1" methodname="Operators 05 - Custom 1" classname="FSharpLexerTest" result="Passed" duration="0.023" asserts="0">
                      <properties>
                        <property name="Category" value="Lexer" />
                      </properties>
                      <output><![CDATA[ReSharper LogPath is: C:\Users\berej\AppData\Local\Temp\JetLogs\ReSharperTests\resharper.log
Per-Test LogPath is: C:\Users\berej\AppData\Local\Temp\JetLogs\ReSharperTests\FSharpLexerTest\Operators 05 - Custom 1.log

]]></output>
                    </test-case>
                    <test-case name="Operators 05 - Custom 2" fullname="JetBrains.ReSharper.Plugins.FSharp.Tests.Features.Lexing.FSharpLexerTest.Operators 05 - Custom 2" methodname="Operators 05 - Custom 2" classname="FSharpLexerTest" result="Passed" duration="0.021" asserts="0">
                      <properties>
                        <property name="Category" value="Lexer" />
                      </properties>
                      <output><![CDATA[ReSharper LogPath is: C:\Users\berej\AppData\Local\Temp\JetLogs\ReSharperTests\resharper.log
Per-Test LogPath is: C:\Users\berej\AppData\Local\Temp\JetLogs\ReSharperTests\FSharpLexerTest\Operators 05 - Custom 2.log

]]></output>
                    </test-case>
                    <test-case name="Operators 06 - Symbolic" fullname="JetBrains.ReSharper.Plugins.FSharp.Tests.Features.Lexing.FSharpLexerTest.Operators 06 - Symbolic" methodname="Operators 06 - Symbolic" classname="FSharpLexerTest" result="Passed" duration="0.023" asserts="0">
                      <properties>
                        <property name="Category" value="Lexer" />
                      </properties>
                      <output><![CDATA[ReSharper LogPath is: C:\Users\berej\AppData\Local\Temp\JetLogs\ReSharperTests\resharper.log
Per-Test LogPath is: C:\Users\berej\AppData\Local\Temp\JetLogs\ReSharperTests\FSharpLexerTest\Operators 06 - Symbolic.log

]]></output>
                    </test-case>
                    <test-case name="Operators 07 - Integer range" fullname="JetBrains.ReSharper.Plugins.FSharp.Tests.Features.Lexing.FSharpLexerTest.Operators 07 - Integer range" methodname="Operators 07 - Integer range" classname="FSharpLexerTest" result="Passed" duration="0.022" asserts="0">
                      <properties>
                        <property name="Category" value="Lexer" />
                      </properties>
                      <output><![CDATA[ReSharper LogPath is: C:\Users\berej\AppData\Local\Temp\JetLogs\ReSharperTests\resharper.log
Per-Test LogPath is: C:\Users\berej\AppData\Local\Temp\JetLogs\ReSharperTests\FSharpLexerTest\Operators 07 - Integer range.log

]]></output>
                    </test-case>
                    <test-case name="Operators 08 - Bad operator" fullname="JetBrains.ReSharper.Plugins.FSharp.Tests.Features.Lexing.FSharpLexerTest.Operators 08 - Bad operator" methodname="Operators 08 - Bad operator" classname="FSharpLexerTest" result="Passed" duration="0.02" asserts="0">
                      <properties>
                        <property name="Category" value="Lexer" />
                      </properties>
                      <output><![CDATA[ReSharper LogPath is: C:\Users\berej\AppData\Local\Temp\JetLogs\ReSharperTests\resharper.log
Per-Test LogPath is: C:\Users\berej\AppData\Local\Temp\JetLogs\ReSharperTests\FSharpLexerTest\Operators 08 - Bad operator.log

]]></output>
                    </test-case>
                    <test-case name="Operators 09 - Left arrow" fullname="JetBrains.ReSharper.Plugins.FSharp.Tests.Features.Lexing.FSharpLexerTest.Operators 09 - Left arrow" methodname="Operators 09 - Left arrow" classname="FSharpLexerTest" result="Passed" duration="0.022" asserts="0">
                      <properties>
                        <property name="Category" value="Lexer" />
                      </properties>
                      <output><![CDATA[ReSharper LogPath is: C:\Users\berej\AppData\Local\Temp\JetLogs\ReSharperTests\resharper.log
Per-Test LogPath is: C:\Users\berej\AppData\Local\Temp\JetLogs\ReSharperTests\FSharpLexerTest\Operators 09 - Left arrow.log

]]></output>
                    </test-case>
                    <test-case name="Preprocessor 01 - Simple" fullname="JetBrains.ReSharper.Plugins.FSharp.Tests.Features.Lexing.FSharpLexerTest.Preprocessor 01 - Simple" methodname="Preprocessor 01 - Simple" classname="FSharpLexerTest" result="Passed" duration="0.02" asserts="0">
                      <properties>
                        <property name="Category" value="Lexer" />
                      </properties>
                      <output><![CDATA[ReSharper LogPath is: C:\Users\berej\AppData\Local\Temp\JetLogs\ReSharperTests\resharper.log
Per-Test LogPath is: C:\Users\berej\AppData\Local\Temp\JetLogs\ReSharperTests\FSharpLexerTest\Preprocessor 01 - Simple.log

]]></output>
                    </test-case>
                    <test-case name="Preprocessor 02 - Disjunction" fullname="JetBrains.ReSharper.Plugins.FSharp.Tests.Features.Lexing.FSharpLexerTest.Preprocessor 02 - Disjunction" methodname="Preprocessor 02 - Disjunction" classname="FSharpLexerTest" result="Passed" duration="0.023" asserts="0">
                      <properties>
                        <property name="Category" value="Lexer" />
                      </properties>
                      <output><![CDATA[ReSharper LogPath is: C:\Users\berej\AppData\Local\Temp\JetLogs\ReSharperTests\resharper.log
Per-Test LogPath is: C:\Users\berej\AppData\Local\Temp\JetLogs\ReSharperTests\FSharpLexerTest\Preprocessor 02 - Disjunction.log

]]></output>
                    </test-case>
                    <test-case name="Preprocessor 03 - Conjunction" fullname="JetBrains.ReSharper.Plugins.FSharp.Tests.Features.Lexing.FSharpLexerTest.Preprocessor 03 - Conjunction" methodname="Preprocessor 03 - Conjunction" classname="FSharpLexerTest" result="Passed" duration="0.024" asserts="0">
                      <properties>
                        <property name="Category" value="Lexer" />
                      </properties>
                      <output><![CDATA[ReSharper LogPath is: C:\Users\berej\AppData\Local\Temp\JetLogs\ReSharperTests\resharper.log
Per-Test LogPath is: C:\Users\berej\AppData\Local\Temp\JetLogs\ReSharperTests\FSharpLexerTest\Preprocessor 03 - Conjunction.log

]]></output>
                    </test-case>
                    <test-case name="Preprocessor 04 - Nesting block 1" fullname="JetBrains.ReSharper.Plugins.FSharp.Tests.Features.Lexing.FSharpLexerTest.Preprocessor 04 - Nesting block 1" methodname="Preprocessor 04 - Nesting block 1" classname="FSharpLexerTest" result="Passed" duration="0.021" asserts="0">
                      <properties>
                        <property name="Category" value="Lexer" />
                      </properties>
                      <output><![CDATA[ReSharper LogPath is: C:\Users\berej\AppData\Local\Temp\JetLogs\ReSharperTests\resharper.log
Per-Test LogPath is: C:\Users\berej\AppData\Local\Temp\JetLogs\ReSharperTests\FSharpLexerTest\Preprocessor 04 - Nesting block 1.log

]]></output>
                    </test-case>
                    <test-case name="Preprocessor 04 - Nesting block 2" fullname="JetBrains.ReSharper.Plugins.FSharp.Tests.Features.Lexing.FSharpLexerTest.Preprocessor 04 - Nesting block 2" methodname="Preprocessor 04 - Nesting block 2" classname="FSharpLexerTest" result="Passed" duration="0.023" asserts="0">
                      <properties>
                        <property name="Category" value="Lexer" />
                      </properties>
                      <output><![CDATA[ReSharper LogPath is: C:\Users\berej\AppData\Local\Temp\JetLogs\ReSharperTests\resharper.log
Per-Test LogPath is: C:\Users\berej\AppData\Local\Temp\JetLogs\ReSharperTests\FSharpLexerTest\Preprocessor 04 - Nesting block 2.log

]]></output>
                    </test-case>
                    <test-case name="Punctuation" fullname="JetBrains.ReSharper.Plugins.FSharp.Tests.Features.Lexing.FSharpLexerTest.Punctuation" methodname="Punctuation" classname="FSharpLexerTest" result="Passed" duration="0.024" asserts="0">
                      <properties>
                        <property name="Category" value="Lexer" />
                      </properties>
                      <output><![CDATA[ReSharper LogPath is: C:\Users\berej\AppData\Local\Temp\JetLogs\ReSharperTests\resharper.log
Per-Test LogPath is: C:\Users\berej\AppData\Local\Temp\JetLogs\ReSharperTests\FSharpLexerTest\Punctuation.log

]]></output>
                    </test-case>
                    <test-case name="Strings 01 - Simple" fullname="JetBrains.ReSharper.Plugins.FSharp.Tests.Features.Lexing.FSharpLexerTest.Strings 01 - Simple" methodname="Strings 01 - Simple" classname="FSharpLexerTest" result="Passed" duration="0.022" asserts="0">
                      <properties>
                        <property name="Category" value="Lexer" />
                      </properties>
                      <output><![CDATA[ReSharper LogPath is: C:\Users\berej\AppData\Local\Temp\JetLogs\ReSharperTests\resharper.log
Per-Test LogPath is: C:\Users\berej\AppData\Local\Temp\JetLogs\ReSharperTests\FSharpLexerTest\Strings 01 - Simple.log

]]></output>
                    </test-case>
                    <test-case name="Strings 02 - Triple quoted" fullname="JetBrains.ReSharper.Plugins.FSharp.Tests.Features.Lexing.FSharpLexerTest.Strings 02 - Triple quoted" methodname="Strings 02 - Triple quoted" classname="FSharpLexerTest" result="Passed" duration="0.021" asserts="0">
                      <properties>
                        <property name="Category" value="Lexer" />
                      </properties>
                      <output><![CDATA[ReSharper LogPath is: C:\Users\berej\AppData\Local\Temp\JetLogs\ReSharperTests\resharper.log
Per-Test LogPath is: C:\Users\berej\AppData\Local\Temp\JetLogs\ReSharperTests\FSharpLexerTest\Strings 02 - Triple quoted.log

]]></output>
                    </test-case>
                    <test-case name="Strings 03 - Verbatim" fullname="JetBrains.ReSharper.Plugins.FSharp.Tests.Features.Lexing.FSharpLexerTest.Strings 03 - Verbatim" methodname="Strings 03 - Verbatim" classname="FSharpLexerTest" result="Passed" duration="0.023" asserts="0">
                      <properties>
                        <property name="Category" value="Lexer" />
                      </properties>
                      <output><![CDATA[ReSharper LogPath is: C:\Users\berej\AppData\Local\Temp\JetLogs\ReSharperTests\resharper.log
Per-Test LogPath is: C:\Users\berej\AppData\Local\Temp\JetLogs\ReSharperTests\FSharpLexerTest\Strings 03 - Verbatim.log

]]></output>
                    </test-case>
                    <test-case name="Strings 04 - Bytearray" fullname="JetBrains.ReSharper.Plugins.FSharp.Tests.Features.Lexing.FSharpLexerTest.Strings 04 - Bytearray" methodname="Strings 04 - Bytearray" classname="FSharpLexerTest" result="Passed" duration="0.023" asserts="0">
                      <properties>
                        <property name="Category" value="Lexer" />
                      </properties>
                      <output><![CDATA[ReSharper LogPath is: C:\Users\berej\AppData\Local\Temp\JetLogs\ReSharperTests\resharper.log
Per-Test LogPath is: C:\Users\berej\AppData\Local\Temp\JetLogs\ReSharperTests\FSharpLexerTest\Strings 04 - Bytearray.log

]]></output>
                    </test-case>
                    <test-case name="Strings 05 - Escape characters 1" fullname="JetBrains.ReSharper.Plugins.FSharp.Tests.Features.Lexing.FSharpLexerTest.Strings 05 - Escape characters 1" methodname="Strings 05 - Escape characters 1" classname="FSharpLexerTest" result="Passed" duration="0.022" asserts="0">
                      <properties>
                        <property name="Category" value="Lexer" />
                      </properties>
                      <output><![CDATA[ReSharper LogPath is: C:\Users\berej\AppData\Local\Temp\JetLogs\ReSharperTests\resharper.log
Per-Test LogPath is: C:\Users\berej\AppData\Local\Temp\JetLogs\ReSharperTests\FSharpLexerTest\Strings 05 - Escape characters 1.log

]]></output>
                    </test-case>
                    <test-case name="Strings 05 - Escape characters 2" fullname="JetBrains.ReSharper.Plugins.FSharp.Tests.Features.Lexing.FSharpLexerTest.Strings 05 - Escape characters 2" methodname="Strings 05 - Escape characters 2" classname="FSharpLexerTest" result="Passed" duration="0.021" asserts="0">
                      <properties>
                        <property name="Category" value="Lexer" />
                      </properties>
                      <output><![CDATA[ReSharper LogPath is: C:\Users\berej\AppData\Local\Temp\JetLogs\ReSharperTests\resharper.log
Per-Test LogPath is: C:\Users\berej\AppData\Local\Temp\JetLogs\ReSharperTests\FSharpLexerTest\Strings 05 - Escape characters 2.log

]]></output>
                    </test-case>
                    <test-case name="Strings 05 - Escape characters 3 - Triple quoted" fullname="JetBrains.ReSharper.Plugins.FSharp.Tests.Features.Lexing.FSharpLexerTest.Strings 05 - Escape characters 3 - Triple quoted" methodname="Strings 05 - Escape characters 3 - Triple quoted" classname="FSharpLexerTest" result="Passed" duration="0.02" asserts="0">
                      <properties>
                        <property name="Category" value="Lexer" />
                      </properties>
                      <output><![CDATA[ReSharper LogPath is: C:\Users\berej\AppData\Local\Temp\JetLogs\ReSharperTests\resharper.log
Per-Test LogPath is: C:\Users\berej\AppData\Local\Temp\JetLogs\ReSharperTests\FSharpLexerTest\Strings 05 - Escape characters 3 - Triple quoted.log

]]></output>
                    </test-case>
                    <test-case name="Strings 05 - Escape characters 4 - Verbatim" fullname="JetBrains.ReSharper.Plugins.FSharp.Tests.Features.Lexing.FSharpLexerTest.Strings 05 - Escape characters 4 - Verbatim" methodname="Strings 05 - Escape characters 4 - Verbatim" classname="FSharpLexerTest" result="Passed" duration="0.021" asserts="0">
                      <properties>
                        <property name="Category" value="Lexer" />
                      </properties>
                      <output><![CDATA[ReSharper LogPath is: C:\Users\berej\AppData\Local\Temp\JetLogs\ReSharperTests\resharper.log
Per-Test LogPath is: C:\Users\berej\AppData\Local\Temp\JetLogs\ReSharperTests\FSharpLexerTest\Strings 05 - Escape characters 4 - Verbatim.log

]]></output>
                    </test-case>
                    <test-case name="Strings 06 - Keyword" fullname="JetBrains.ReSharper.Plugins.FSharp.Tests.Features.Lexing.FSharpLexerTest.Strings 06 - Keyword" methodname="Strings 06 - Keyword" classname="FSharpLexerTest" result="Passed" duration="0.018" asserts="0">
                      <properties>
                        <property name="Category" value="Lexer" />
                      </properties>
                      <output><![CDATA[ReSharper LogPath is: C:\Users\berej\AppData\Local\Temp\JetLogs\ReSharperTests\resharper.log
Per-Test LogPath is: C:\Users\berej\AppData\Local\Temp\JetLogs\ReSharperTests\FSharpLexerTest\Strings 06 - Keyword.log

]]></output>
                    </test-case>
                    <test-case name="Strings 07 - Backslash" fullname="JetBrains.ReSharper.Plugins.FSharp.Tests.Features.Lexing.FSharpLexerTest.Strings 07 - Backslash" methodname="Strings 07 - Backslash" classname="FSharpLexerTest" result="Passed" duration="0.018" asserts="0">
                      <properties>
                        <property name="Category" value="Lexer" />
                      </properties>
                      <output><![CDATA[ReSharper LogPath is: C:\Users\berej\AppData\Local\Temp\JetLogs\ReSharperTests\resharper.log
Per-Test LogPath is: C:\Users\berej\AppData\Local\Temp\JetLogs\ReSharperTests\FSharpLexerTest\Strings 07 - Backslash.log

]]></output>
                    </test-case>
                    <test-case name="Strings 08 - Quotes" fullname="JetBrains.ReSharper.Plugins.FSharp.Tests.Features.Lexing.FSharpLexerTest.Strings 08 - Quotes" methodname="Strings 08 - Quotes" classname="FSharpLexerTest" result="Passed" duration="0.018" asserts="0">
                      <properties>
                        <property name="Category" value="Lexer" />
                      </properties>
                      <output><![CDATA[ReSharper LogPath is: C:\Users\berej\AppData\Local\Temp\JetLogs\ReSharperTests\resharper.log
Per-Test LogPath is: C:\Users\berej\AppData\Local\Temp\JetLogs\ReSharperTests\FSharpLexerTest\Strings 08 - Quotes.log

]]></output>
                    </test-case>
                    <test-case name="Symbolic keyword" fullname="JetBrains.ReSharper.Plugins.FSharp.Tests.Features.Lexing.FSharpLexerTest.Symbolic keyword" methodname="Symbolic keyword" classname="FSharpLexerTest" result="Passed" duration="0.02" asserts="0">
                      <properties>
                        <property name="Category" value="Lexer" />
                      </properties>
                      <output><![CDATA[ReSharper LogPath is: C:\Users\berej\AppData\Local\Temp\JetLogs\ReSharperTests\resharper.log
Per-Test LogPath is: C:\Users\berej\AppData\Local\Temp\JetLogs\ReSharperTests\FSharpLexerTest\Symbolic keyword.log

]]></output>
                    </test-case>
                    <test-case name="Type application 01 - Correct" fullname="JetBrains.ReSharper.Plugins.FSharp.Tests.Features.Lexing.FSharpLexerTest.Type application 01 - Correct" methodname="Type application 01 - Correct" classname="FSharpLexerTest" result="Passed" duration="0.021" asserts="0">
                      <properties>
                        <property name="Category" value="Lexer" />
                      </properties>
                      <output><![CDATA[ReSharper LogPath is: C:\Users\berej\AppData\Local\Temp\JetLogs\ReSharperTests\resharper.log
Per-Test LogPath is: C:\Users\berej\AppData\Local\Temp\JetLogs\ReSharperTests\FSharpLexerTest\Type application 01 - Correct.log

]]></output>
                    </test-case>
                    <test-case name="Type application 02 - Incorrect" fullname="JetBrains.ReSharper.Plugins.FSharp.Tests.Features.Lexing.FSharpLexerTest.Type application 02 - Incorrect" methodname="Type application 02 - Incorrect" classname="FSharpLexerTest" result="Passed" duration="0.019" asserts="0">
                      <properties>
                        <property name="Category" value="Lexer" />
                      </properties>
                      <output><![CDATA[ReSharper LogPath is: C:\Users\berej\AppData\Local\Temp\JetLogs\ReSharperTests\resharper.log
Per-Test LogPath is: C:\Users\berej\AppData\Local\Temp\JetLogs\ReSharperTests\FSharpLexerTest\Type application 02 - Incorrect.log

]]></output>
                    </test-case>
                    <test-case name="Type application 03 - Smashing GREATER_BAR_RBRACK" fullname="JetBrains.ReSharper.Plugins.FSharp.Tests.Features.Lexing.FSharpLexerTest.Type application 03 - Smashing GREATER_BAR_RBRACK" methodname="Type application 03 - Smashing GREATER_BAR_RBRACK" classname="FSharpLexerTest" result="Passed" duration="0.02" asserts="0">
                      <properties>
                        <property name="Category" value="Lexer" />
                      </properties>
                      <output><![CDATA[ReSharper LogPath is: C:\Users\berej\AppData\Local\Temp\JetLogs\ReSharperTests\resharper.log
Per-Test LogPath is: C:\Users\berej\AppData\Local\Temp\JetLogs\ReSharperTests\FSharpLexerTest\Type application 03 - Smashing GREATER_BAR_RBRACK.log

]]></output>
                    </test-case>
                    <test-case name="Type application 04 - Inside generic" fullname="JetBrains.ReSharper.Plugins.FSharp.Tests.Features.Lexing.FSharpLexerTest.Type application 04 - Inside generic" methodname="Type application 04 - Inside generic" classname="FSharpLexerTest" result="Passed" duration="0.02" asserts="0">
                      <properties>
                        <property name="Category" value="Lexer" />
                      </properties>
                      <output><![CDATA[ReSharper LogPath is: C:\Users\berej\AppData\Local\Temp\JetLogs\ReSharperTests\resharper.log
Per-Test LogPath is: C:\Users\berej\AppData\Local\Temp\JetLogs\ReSharperTests\FSharpLexerTest\Type application 04 - Inside generic.log

]]></output>
                    </test-case>
                    <test-case name="Unfinished strings 01" fullname="JetBrains.ReSharper.Plugins.FSharp.Tests.Features.Lexing.FSharpLexerTest.Unfinished strings 01" methodname="Unfinished strings 01" classname="FSharpLexerTest" result="Passed" duration="0.019" asserts="0">
                      <properties>
                        <property name="Category" value="Lexer" />
                      </properties>
                      <output><![CDATA[ReSharper LogPath is: C:\Users\berej\AppData\Local\Temp\JetLogs\ReSharperTests\resharper.log
Per-Test LogPath is: C:\Users\berej\AppData\Local\Temp\JetLogs\ReSharperTests\FSharpLexerTest\Unfinished strings 01.log

]]></output>
                    </test-case>
                    <test-case name="Unfinished strings 02" fullname="JetBrains.ReSharper.Plugins.FSharp.Tests.Features.Lexing.FSharpLexerTest.Unfinished strings 02" methodname="Unfinished strings 02" classname="FSharpLexerTest" result="Passed" duration="0.019" asserts="0">
                      <properties>
                        <property name="Category" value="Lexer" />
                      </properties>
                      <output><![CDATA[ReSharper LogPath is: C:\Users\berej\AppData\Local\Temp\JetLogs\ReSharperTests\resharper.log
Per-Test LogPath is: C:\Users\berej\AppData\Local\Temp\JetLogs\ReSharperTests\FSharpLexerTest\Unfinished strings 02.log

]]></output>
                    </test-case>
                  </test-suite>
                </test-suite>
                <test-suite type="TestSuite" name="Navigation" fullname="JetBrains.ReSharper.Plugins.FSharp.Tests.Features.Navigation" total="48" passed="45" failed="1" inconclusive="2" skipped="0" result="Failed" duration="5.16">
                  <test-suite type="TestFixture" name="FSharpGoToBaseTest" fullname="JetBrains.ReSharper.Plugins.FSharp.Tests.Features.Navigation.FSharpGoToBaseTest" total="13" passed="13" failed="0" inconclusive="0" skipped="0" result="Passed" duration="2.609">
                    <test-case name="Enum 01" fullname="JetBrains.ReSharper.Plugins.FSharp.Tests.Features.Navigation.FSharpGoToBaseTest.Enum 01" methodname="Enum 01" classname="FSharpGoToBaseTest" result="Passed" duration="1.367" asserts="0">
                      <properties>
                        <property name="Category" value="Navigation" />
                      </properties>
                      <output><![CDATA[ReSharper LogPath is: C:\Users\berej\AppData\Local\Temp\JetLogs\ReSharperTests\resharper.log
Per-Test LogPath is: C:\Users\berej\AppData\Local\Temp\JetLogs\ReSharperTests\FSharpGoToBaseTest\Enum 01.log

]]></output>
                    </test-case>
                    <test-case name="Exception 01" fullname="JetBrains.ReSharper.Plugins.FSharp.Tests.Features.Navigation.FSharpGoToBaseTest.Exception 01" methodname="Exception 01" classname="FSharpGoToBaseTest" result="Passed" duration="0.355" asserts="0">
                      <properties>
                        <property name="Category" value="Navigation" />
                      </properties>
                      <output><![CDATA[ReSharper LogPath is: C:\Users\berej\AppData\Local\Temp\JetLogs\ReSharperTests\resharper.log
Per-Test LogPath is: C:\Users\berej\AppData\Local\Temp\JetLogs\ReSharperTests\FSharpGoToBaseTest\Exception 01.log

]]></output>
                    </test-case>
                    <test-case name="Interface 01" fullname="JetBrains.ReSharper.Plugins.FSharp.Tests.Features.Navigation.FSharpGoToBaseTest.Interface 01" methodname="Interface 01" classname="FSharpGoToBaseTest" result="Passed" duration="0.116" asserts="0">
                      <properties>
                        <property name="Category" value="Navigation" />
                      </properties>
                      <output><![CDATA[ReSharper LogPath is: C:\Users\berej\AppData\Local\Temp\JetLogs\ReSharperTests\resharper.log
Per-Test LogPath is: C:\Users\berej\AppData\Local\Temp\JetLogs\ReSharperTests\FSharpGoToBaseTest\Interface 01.log

]]></output>
                    </test-case>
                    <test-case name="Interface 02 - Inherit" fullname="JetBrains.ReSharper.Plugins.FSharp.Tests.Features.Navigation.FSharpGoToBaseTest.Interface 02 - Inherit" methodname="Interface 02 - Inherit" classname="FSharpGoToBaseTest" result="Passed" duration="0.054" asserts="0">
                      <properties>
                        <property name="Category" value="Navigation" />
                      </properties>
                      <output><![CDATA[ReSharper LogPath is: C:\Users\berej\AppData\Local\Temp\JetLogs\ReSharperTests\resharper.log
Per-Test LogPath is: C:\Users\berej\AppData\Local\Temp\JetLogs\ReSharperTests\FSharpGoToBaseTest\Interface 02 - Inherit.log

]]></output>
                    </test-case>
                    <test-case name="Interface 03 - Implement multiple" fullname="JetBrains.ReSharper.Plugins.FSharp.Tests.Features.Navigation.FSharpGoToBaseTest.Interface 03 - Implement multiple" methodname="Interface 03 - Implement multiple" classname="FSharpGoToBaseTest" result="Passed" duration="0.071" asserts="0">
                      <properties>
                        <property name="Category" value="Navigation" />
                      </properties>
                      <output><![CDATA[ReSharper LogPath is: C:\Users\berej\AppData\Local\Temp\JetLogs\ReSharperTests\resharper.log
Per-Test LogPath is: C:\Users\berej\AppData\Local\Temp\JetLogs\ReSharperTests\FSharpGoToBaseTest\Interface 03 - Implement multiple.log

]]></output>
                    </test-case>
                    <test-case name="Object expr - Interface 01" fullname="JetBrains.ReSharper.Plugins.FSharp.Tests.Features.Navigation.FSharpGoToBaseTest.Object expr - Interface 01" methodname="Object expr - Interface 01" classname="FSharpGoToBaseTest" result="Passed" duration="0.05" asserts="0">
                      <properties>
                        <property name="Category" value="Navigation" />
                      </properties>
                      <output><![CDATA[ReSharper LogPath is: C:\Users\berej\AppData\Local\Temp\JetLogs\ReSharperTests\resharper.log
Per-Test LogPath is: C:\Users\berej\AppData\Local\Temp\JetLogs\ReSharperTests\FSharpGoToBaseTest\Object expr - Interface 01.log

]]></output>
                    </test-case>
                    <test-case name="Object expr - Interface 02 - Dispose" fullname="JetBrains.ReSharper.Plugins.FSharp.Tests.Features.Navigation.FSharpGoToBaseTest.Object expr - Interface 02 - Dispose" methodname="Object expr - Interface 02 - Dispose" classname="FSharpGoToBaseTest" result="Passed" duration="0.083" asserts="0">
                      <properties>
                        <property name="Category" value="Navigation" />
                      </properties>
                      <output><![CDATA[ReSharper LogPath is: C:\Users\berej\AppData\Local\Temp\JetLogs\ReSharperTests\resharper.log
Per-Test LogPath is: C:\Users\berej\AppData\Local\Temp\JetLogs\ReSharperTests\FSharpGoToBaseTest\Object expr - Interface 02 - Dispose.log

]]></output>
                    </test-case>
                    <test-case name="Object expr - Override 01 - ToString" fullname="JetBrains.ReSharper.Plugins.FSharp.Tests.Features.Navigation.FSharpGoToBaseTest.Object expr - Override 01 - ToString" methodname="Object expr - Override 01 - ToString" classname="FSharpGoToBaseTest" result="Passed" duration="0.136" asserts="0">
                      <properties>
                        <property name="Category" value="Navigation" />
                      </properties>
                      <output><![CDATA[ReSharper LogPath is: C:\Users\berej\AppData\Local\Temp\JetLogs\ReSharperTests\resharper.log
Per-Test LogPath is: C:\Users\berej\AppData\Local\Temp\JetLogs\ReSharperTests\FSharpGoToBaseTest\Object expr - Override 01 - ToString.log

]]></output>
                    </test-case>
                    <test-case name="Object expr - Override 02 - Default member" fullname="JetBrains.ReSharper.Plugins.FSharp.Tests.Features.Navigation.FSharpGoToBaseTest.Object expr - Override 02 - Default member" methodname="Object expr - Override 02 - Default member" classname="FSharpGoToBaseTest" result="Passed" duration="0.052" asserts="0">
                      <properties>
                        <property name="Category" value="Navigation" />
                      </properties>
                      <output><![CDATA[ReSharper LogPath is: C:\Users\berej\AppData\Local\Temp\JetLogs\ReSharperTests\resharper.log
Per-Test LogPath is: C:\Users\berej\AppData\Local\Temp\JetLogs\ReSharperTests\FSharpGoToBaseTest\Object expr - Override 02 - Default member.log

]]></output>
                    </test-case>
                    <test-case name="Object expr - Override 03 - Default member and interface" fullname="JetBrains.ReSharper.Plugins.FSharp.Tests.Features.Navigation.FSharpGoToBaseTest.Object expr - Override 03 - Default member and interface" methodname="Object expr - Override 03 - Default member and interface" classname="FSharpGoToBaseTest" result="Passed" duration="0.066" asserts="0">
                      <properties>
                        <property name="Category" value="Navigation" />
                      </properties>
                      <output><![CDATA[ReSharper LogPath is: C:\Users\berej\AppData\Local\Temp\JetLogs\ReSharperTests\resharper.log
Per-Test LogPath is: C:\Users\berej\AppData\Local\Temp\JetLogs\ReSharperTests\FSharpGoToBaseTest\Object expr - Override 03 - Default member and interface.log

]]></output>
                    </test-case>
                    <test-case name="Object expr - Override 04 - Interface and default member" fullname="JetBrains.ReSharper.Plugins.FSharp.Tests.Features.Navigation.FSharpGoToBaseTest.Object expr - Override 04 - Interface and default member" methodname="Object expr - Override 04 - Interface and default member" classname="FSharpGoToBaseTest" result="Passed" duration="0.056" asserts="0">
                      <properties>
                        <property name="Category" value="Navigation" />
                      </properties>
                      <output><![CDATA[ReSharper LogPath is: C:\Users\berej\AppData\Local\Temp\JetLogs\ReSharperTests\resharper.log
Per-Test LogPath is: C:\Users\berej\AppData\Local\Temp\JetLogs\ReSharperTests\FSharpGoToBaseTest\Object expr - Override 04 - Interface and default member.log

]]></output>
                    </test-case>
                    <test-case name="Object expr - Type 01" fullname="JetBrains.ReSharper.Plugins.FSharp.Tests.Features.Navigation.FSharpGoToBaseTest.Object expr - Type 01" methodname="Object expr - Type 01" classname="FSharpGoToBaseTest" result="Passed" duration="0.051" asserts="0">
                      <properties>
                        <property name="Category" value="Navigation" />
                      </properties>
                      <output><![CDATA[ReSharper LogPath is: C:\Users\berej\AppData\Local\Temp\JetLogs\ReSharperTests\resharper.log
Per-Test LogPath is: C:\Users\berej\AppData\Local\Temp\JetLogs\ReSharperTests\FSharpGoToBaseTest\Object expr - Type 01.log

]]></output>
                    </test-case>
                    <test-case name="Union case 01" fullname="JetBrains.ReSharper.Plugins.FSharp.Tests.Features.Navigation.FSharpGoToBaseTest.Union case 01" methodname="Union case 01" classname="FSharpGoToBaseTest" result="Passed" duration="0.152" asserts="0">
                      <properties>
                        <property name="Category" value="Navigation" />
                      </properties>
                      <output><![CDATA[ReSharper LogPath is: C:\Users\berej\AppData\Local\Temp\JetLogs\ReSharperTests\resharper.log
Per-Test LogPath is: C:\Users\berej\AppData\Local\Temp\JetLogs\ReSharperTests\FSharpGoToBaseTest\Union case 01.log

]]></output>
                    </test-case>
                  </test-suite>
                  <test-suite type="TestFixture" name="FSharpGoToDeclarationTest" fullname="JetBrains.ReSharper.Plugins.FSharp.Tests.Features.Navigation.FSharpGoToDeclarationTest" total="5" passed="4" failed="1" inconclusive="0" skipped="0" result="Failed" duration="0.528">
                    <test-case name="Ctor 01 - Modifier" fullname="JetBrains.ReSharper.Plugins.FSharp.Tests.Features.Navigation.FSharpGoToDeclarationTest.Ctor 01 - Modifier" methodname="Ctor 01 - Modifier" classname="FSharpGoToDeclarationTest" result="Passed" duration="0.065" asserts="0">
                      <properties>
                        <property name="Category" value="Navigation" />
                      </properties>
                      <output><![CDATA[ReSharper LogPath is: C:\Users\berej\AppData\Local\Temp\JetLogs\ReSharperTests\resharper.log
Per-Test LogPath is: C:\Users\berej\AppData\Local\Temp\JetLogs\ReSharperTests\FSharpGoToDeclarationTest\Ctor 01 - Modifier.log

]]></output>
                    </test-case>
                    <test-case name="Own member vs interface" fullname="JetBrains.ReSharper.Plugins.FSharp.Tests.Features.Navigation.FSharpGoToDeclarationTest.Own member vs interface" methodname="Own member vs interface" classname="FSharpGoToDeclarationTest" result="Passed" duration="0.042" asserts="0">
                      <properties>
                        <property name="Category" value="Navigation" />
                      </properties>
                      <output><![CDATA[ReSharper LogPath is: C:\Users\berej\AppData\Local\Temp\JetLogs\ReSharperTests\resharper.log
Per-Test LogPath is: C:\Users\berej\AppData\Local\Temp\JetLogs\ReSharperTests\FSharpGoToDeclarationTest\Own member vs interface.log

]]></output>
                    </test-case>
                    <test-case name="Same type from different assemblies" fullname="JetBrains.ReSharper.Plugins.FSharp.Tests.Features.Navigation.FSharpGoToDeclarationTest.Same type from different assemblies" methodname="Same type from different assemblies" classname="FSharpGoToDeclarationTest" result="Failed" duration="0.226" asserts="0">
                      <properties>
                        <property name="Category" value="Navigation" />
                      </properties>
                      <output><![CDATA[ReSharper LogPath is: C:\Users\berej\AppData\Local\Temp\JetLogs\ReSharperTests\resharper.log
Per-Test LogPath is: C:\Users\berej\AppData\Local\Temp\JetLogs\ReSharperTests\FSharpGoToDeclarationTest\Same type from different assemblies.log

]]></output>
                      <failure>
                        <message>TearDown : JetBrains.TestFramework.Utils.TestLoggerListener+TestWrapperException : 2 exceptions. Gold The test output differs from the gold file. The test output differs from the gold file.

#1: Gold The test output differs from the gold file.

--- EXCEPTION #1/2 [TestFailureException]
Message = “The test output differs from the gold file.”
ExceptionPath = Root.InnerException
ClassName = JetBrains.TestFramework.Utils.TestFailureException
Data.Compare(VS) = file:///C:/Users/berej/AppData/Local/Temp/JetBrains/DiffVs.Nefecox.bat
Data.GoldUri = file:///C:/Programming/fsharp-support/ReSharper.FSharp/test/data/features/navigation/declaration/Same%20type%20from%20different%20assemblies.fs.gold#select
Data.GoldFile = “C:\Programming\fsharp-support\ReSharper.FSharp\test\data\features\navigation\declaration\Same type from different assemblies.fs.gold”
Data.Directory = C:\Programming\fsharp-support\ReSharper.FSharp\test\data\features\navigation\declaration
Data.TempUri = file:///C:/Programming/fsharp-support/ReSharper.FSharp/test/data/features/navigation/declaration/Same%20type%20from%20different%20assemblies.fs.tmp#select
Data.TempFile = “C:\Programming\fsharp-support\ReSharper.FSharp\test\data\features\navigation\declaration\Same type from different assemblies.fs.tmp”
Data.CmdPrompt = file:///C:/Programming/fsharp-support/ReSharper.FSharp/test/data/features/navigation/declaration/Same%20type%20from%20different%20assemblies.fs.gold#cmd
Data.UpdateGold = file:///C:/Users/berej/AppData/Local/Temp/JetBrains/UpGold.Zijybij.bat
Data.Diff = “
  -4  --&gt; CANDIDATE DEO: Envoy: Constructor:T..ctor(), PsiLanguageType:UNKNOWN as Envoy: Constructor:T..ctor(), PsiLanguageType:UNKNOWN RANGE: (0,0) @ Library2
  +4  --&gt; CANDIDATE DEO: Envoy: Constructor:T..ctor(), PsiLanguageType:UNKNOWN as Envoy: Constructor:T..ctor(), PsiLanguageType:UNKNOWN RANGE: (0,0) @ Library1
  
  -6  CEO: Envoy: Constructor:T..ctor(), PsiLanguageType:UNKNOWN Target:  Module: Library2 Platform: .NETStandard,Version=v2.0 TargetPosition: #0 in Unknown
  +6  CEO: Envoy: Constructor:T..ctor(), PsiLanguageType:UNKNOWN Target:  Module: Library1 Platform: .NETStandard,Version=v2.0 TargetPosition: #0 in Unknown
  
  -16 --&gt; CANDIDATE DEO: Envoy: Class:T, PsiLanguageType:UNKNOWN as Envoy: Class:T, PsiLanguageType:UNKNOWN RANGE: (0,0) @ Library2
  +16 --&gt; CANDIDATE DEO: Envoy: Class:T, PsiLanguageType:UNKNOWN as Envoy: Class:T, PsiLanguageType:UNKNOWN RANGE: (0,0) @ Library1
  
  -18 CEO: Envoy: Class:T, PsiLanguageType:UNKNOWN Target:  Module: Library2 Platform: .NETStandard,Version=v2.0 TargetPosition: #0 in Unknown
  +18 CEO: Envoy: Class:T, PsiLanguageType:UNKNOWN Target:  Module: Library1 Platform: .NETStandard,Version=v2.0 TargetPosition: #0 in Unknown
”
Data.ThreadLocalDebugInfo = “DoTestSolution in fixture FSharpGoToDeclarationTest”
HResult = COR_E_EXCEPTION=80131500
Source = JetBrains.Platform.Tests.Framework.Shell
StackTraceString = “
  в JetBrains.TestFramework.Utils.TestUtil.CheckDataAgainstGoldFile(Byte[] testData, FileSystemPath pathGold, Boolean throwOnError, Encoding encoding, Boolean caseSensitive, Boolean fullDiff, Boolean showDiff, Boolean compareLineEndings, FileSystemPath pathTemp)
     в JetBrains.TestFramework.BaseTestNoShell.&lt;&gt;c__DisplayClass78_0.&lt;ExecuteWithSpecifiedGold&gt;b__0()
     в JetBrains.TestFramework.BaseTestNoShell.CatchTestExceptions(FileSystemPath goldPath, Func`1 action)
”

--- Outer ---

--- EXCEPTION #2/2 [LoggerException]
Message = “Gold The test output differs from the gold file.”
ExceptionPath = Root
ClassName = JetBrains.Util.LoggerException
Data.ManagedThreadName = NonParallelSTAWorker
InnerException = “Exception #1 at Root.InnerException”
HResult = COR_E_APPLICATION=80131600
StackTraceString = “
  в JetBrains.TestFramework.BaseTestNoShell.CatchTestExceptions(FileSystemPath goldPath, Func`1 action)
     в JetBrains.TestFramework.BaseTestNoShell.ExecuteWithSpecifiedGold(FileSystemPath goldPath, Action`1 test, Boolean caseSensitive, Encoding encoding, Boolean fullDiff, Boolean showDiff, Boolean throwOnError)
     в JetBrains.TestFramework.BaseTestNoShell.ExecuteWithGold(String testName, Action`1 test, Boolean caseSensitive, Encoding encoding, Boolean fullDiff, Boolean showDiff)
     в JetBrains.ReSharper.TestFramework.BaseTestWithSingleProject.ExecuteWithGold(IDocument document, Action`1 test)
     в JetBrains.ReSharper.IntentionsTests.Navigation.ContextNavigationTestBase`1.CheckTextControlPositions(ITextControl textControl, IEnumerable`1 testCases, Func`2 actionCreator)
     в JetBrains.ReSharper.FeaturesTestFramework.Intentions.GeneralContextActionAvailabilityTestBase`1.&lt;&gt;c__DisplayClass5_1.&lt;CheckPositions&gt;b__1(Lifetime lifeTc)
     в JetBrains.Lifetimes.Lifetime.UsingNested(Action`1 action)
     в JetBrains.ReSharper.FeaturesTestFramework.Intentions.GeneralContextActionAvailabilityTestBase`1.CheckPositions(Func`2 actionCreator, IEnumerable`1 testCases, IProject project)
     в JetBrains.ReSharper.FeaturesTestFramework.Intentions.GeneralContextActionAvailabilityTestBase`1.ProcessAction(Lifetime lifetime, Func`2 action, IProject project)
     в JetBrains.ReSharper.FeaturesTestFramework.Intentions.GeneralContextActionTestBase`1.DoTest(Lifetime lifetime, IProject testProject)
     в JetBrains.ReSharper.IntentionsTests.Navigation.ContextNavigationTestBase`1.DoTest(Lifetime lifetime, IProject testProject)
     в JetBrains.ReSharper.IntentionsTests.Navigation.AllNavigationProvidersTestBase`1.DoTest(Lifetime lifetime, IProject testProject)
     в JetBrains.ReSharper.TestFramework.BaseTestWithSingleProject.DoTest(Lifetime lifetime)
     в JetBrains.ReSharper.TestFramework.BaseTestWithTextControl`1.DoTest(Lifetime lifetime)
     в JetBrains.ReSharper.TestFramework.BaseTestWithSolution.&lt;&gt;c__DisplayClass54_0.&lt;DoTestSolution&gt;b__0(Lifetime lt, ISolution solution)
     в JetBrains.ReSharper.TestFramework.BaseTestWithSolution.&lt;&gt;c__DisplayClass52_1.&lt;DoTestSolution&gt;b__2()
     в JetBrains.Application.Threading.IShellLocksEx.ExecuteWithReadLock(IShellLocks thіs, Action F)
     в JetBrains.TestFramework.BaseTest.&lt;&gt;c__DisplayClass27_0.&lt;RunGuarded&gt;b__0()
     в JetBrains.Threading.ReentrancyGuard.Execute(String name, Action action)
     в JetBrains.TestFramework.BaseTest.RunGuarded(Action action)
     в JetBrains.ReSharper.TestFramework.BaseTestWithSolution.DoTestSolution(Func`2 testSolutionConfiguration, Action`2 test)
     в JetBrains.ReSharper.TestFramework.BaseTestWithSolution.DoTestSolution(Func`2 testSolutionConfiguration, Action`1 test)
     в JetBrains.ReSharper.TestFramework.BaseTestWithSolution.DoTestSolution(Func`2 testSolutionConfiguration, Func`2 wrapper)
     в JetBrains.ReSharper.TestFramework.BaseTestWithSingleProject.DoTestSolution(String[] fileSet)
     в JetBrains.ReSharper.TestFramework.BaseTestWithTextControl`1.DoTestSolution(NamedPositionsProcessor positionsProcessor)
     в JetBrains.ReSharper.TestFramework.BaseTestWithTextControl`1.DoTestSolution(String[] fileSet)
     в JetBrains.ReSharper.TestFramework.BaseTestWithTextControl`1.DoOneTest(String testName)
     в JetBrains.TestFramework.BaseTestNoShell.DoNamedTest()
     в JetBrains.ReSharper.Plugins.FSharp.Tests.Features.Navigation.FSharpGoToDeclarationTest.Same type from different assemblies() в C:\Programming\fsharp-support\ReSharper.FSharp\test\src\FSharp.Tests\NavigationTests.fs:строка 111
     в System.RuntimeMethodHandle.InvokeMethod(Object target, Object[] arguments, Signature sig, Boolean constructor)
     в System.Reflection.RuntimeMethodInfo.UnsafeInvokeInternal(Object obj, Object[] parameters, Object[] arguments)
     в System.Reflection.RuntimeMethodInfo.Invoke(Object obj, BindingFlags invokeAttr, Binder binder, Object[] parameters, CultureInfo culture)
     в NUnit.Framework.Internal.Reflect.InvokeMethod(MethodInfo method, Object fixture, Object[] args)
     в NUnit.Framework.Internal.MethodWrapper.Invoke(Object fixture, Object[] args)
     в NUnit.Framework.Internal.Commands.TestMethodCommand.RunNonAsyncTestMethod(TestExecutionContext context)
     в NUnit.Framework.Internal.Commands.TestMethodCommand.RunTestMethod(TestExecutionContext context)
     в NUnit.Framework.Internal.Commands.TestMethodCommand.Execute(TestExecutionContext context)
     в NUnit.Framework.Internal.Commands.BeforeAndAfterTestCommand.Execute(TestExecutionContext context)
     в NUnit.Framework.Internal.Commands.BeforeAndAfterTestCommand.Execute(TestExecutionContext context)
     в NUnit.Framework.Internal.Execution.SimpleWorkItem.PerformWork()
     в NUnit.Framework.Internal.Execution.WorkItem.RunOnCurrentThread()
     в NUnit.Framework.Internal.Execution.WorkItem.Execute()
     в NUnit.Framework.Internal.Execution.ParallelWorkItemDispatcher.Dispatch(WorkItem work, ParallelExecutionStrategy strategy)
     в NUnit.Framework.Internal.Execution.ParallelWorkItemDispatcher.Dispatch(WorkItem work)
     в NUnit.Framework.Internal.Execution.CompositeWorkItem.RunChildren()
     в NUnit.Framework.Internal.Execution.CompositeWorkItem.PerformWork()
     в NUnit.Framework.Internal.Execution.WorkItem.RunOnCurrentThread()
     в NUnit.Framework.Internal.Execution.WorkItem.Execute()
     в NUnit.Framework.Internal.Execution.TestWorker.TestWorkerThreadProc()
     в System.Threading.ThreadHelper.ThreadStart_Context(Object state)
     в System.Threading.ExecutionContext.RunInternal(ExecutionContext executionContext, ContextCallback callback, Object state, Boolean preserveSyncCtx)
     в System.Threading.ExecutionContext.Run(ExecutionContext executionContext, ContextCallback callback, Object state, Boolean preserveSyncCtx)
     в System.Threading.ExecutionContext.Run(ExecutionContext executionContext, ContextCallback callback, Object state)
     в System.Threading.ThreadHelper.ThreadStart()
”

#2: The test output differs from the gold file.

--- EXCEPTION #1/2 [TestFailureException]
Message = “The test output differs from the gold file.”
ExceptionPath = Root.InnerException
ClassName = JetBrains.TestFramework.Utils.TestFailureException
Data.Compare(VS) = file:///C:/Users/berej/AppData/Local/Temp/JetBrains/DiffVs.Nefecox.bat
Data.GoldUri = file:///C:/Programming/fsharp-support/ReSharper.FSharp/test/data/features/navigation/declaration/Same%20type%20from%20different%20assemblies.fs.gold#select
Data.GoldFile = “C:\Programming\fsharp-support\ReSharper.FSharp\test\data\features\navigation\declaration\Same type from different assemblies.fs.gold”
Data.Directory = C:\Programming\fsharp-support\ReSharper.FSharp\test\data\features\navigation\declaration
Data.TempUri = file:///C:/Programming/fsharp-support/ReSharper.FSharp/test/data/features/navigation/declaration/Same%20type%20from%20different%20assemblies.fs.tmp#select
Data.TempFile = “C:\Programming\fsharp-support\ReSharper.FSharp\test\data\features\navigation\declaration\Same type from different assemblies.fs.tmp”
Data.CmdPrompt = file:///C:/Programming/fsharp-support/ReSharper.FSharp/test/data/features/navigation/declaration/Same%20type%20from%20different%20assemblies.fs.gold#cmd
Data.UpdateGold = file:///C:/Users/berej/AppData/Local/Temp/JetBrains/UpGold.Zijybij.bat
Data.Diff = “
  -4  --&gt; CANDIDATE DEO: Envoy: Constructor:T..ctor(), PsiLanguageType:UNKNOWN as Envoy: Constructor:T..ctor(), PsiLanguageType:UNKNOWN RANGE: (0,0) @ Library2
  +4  --&gt; CANDIDATE DEO: Envoy: Constructor:T..ctor(), PsiLanguageType:UNKNOWN as Envoy: Constructor:T..ctor(), PsiLanguageType:UNKNOWN RANGE: (0,0) @ Library1
  
  -6  CEO: Envoy: Constructor:T..ctor(), PsiLanguageType:UNKNOWN Target:  Module: Library2 Platform: .NETStandard,Version=v2.0 TargetPosition: #0 in Unknown
  +6  CEO: Envoy: Constructor:T..ctor(), PsiLanguageType:UNKNOWN Target:  Module: Library1 Platform: .NETStandard,Version=v2.0 TargetPosition: #0 in Unknown
  
  -16 --&gt; CANDIDATE DEO: Envoy: Class:T, PsiLanguageType:UNKNOWN as Envoy: Class:T, PsiLanguageType:UNKNOWN RANGE: (0,0) @ Library2
  +16 --&gt; CANDIDATE DEO: Envoy: Class:T, PsiLanguageType:UNKNOWN as Envoy: Class:T, PsiLanguageType:UNKNOWN RANGE: (0,0) @ Library1
  
  -18 CEO: Envoy: Class:T, PsiLanguageType:UNKNOWN Target:  Module: Library2 Platform: .NETStandard,Version=v2.0 TargetPosition: #0 in Unknown
  +18 CEO: Envoy: Class:T, PsiLanguageType:UNKNOWN Target:  Module: Library1 Platform: .NETStandard,Version=v2.0 TargetPosition: #0 in Unknown
”
Data.ThreadLocalDebugInfo = “DoTestSolution in fixture FSharpGoToDeclarationTest”
Data.ReentrancyGuard.ActionName = “DoTestSolution in fixture FSharpGoToDeclarationTest”
HResult = COR_E_EXCEPTION=80131500
Source = JetBrains.Platform.Tests.Framework.Shell
StackTraceString = “
  в JetBrains.TestFramework.Utils.TestUtil.CheckDataAgainstGoldFile(Byte[] testData, FileSystemPath pathGold, Boolean throwOnError, Encoding encoding, Boolean caseSensitive, Boolean fullDiff, Boolean showDiff, Boolean compareLineEndings, FileSystemPath pathTemp)
     в JetBrains.TestFramework.BaseTestNoShell.&lt;&gt;c__DisplayClass78_0.&lt;ExecuteWithSpecifiedGold&gt;b__0()
     в JetBrains.TestFramework.BaseTestNoShell.CatchTestExceptions(FileSystemPath goldPath, Func`1 action)
     в JetBrains.TestFramework.BaseTestNoShell.ExecuteWithSpecifiedGold(FileSystemPath goldPath, Action`1 test, Boolean caseSensitive, Encoding encoding, Boolean fullDiff, Boolean showDiff, Boolean throwOnError)
     в JetBrains.TestFramework.BaseTestNoShell.ExecuteWithGold(String testName, Action`1 test, Boolean caseSensitive, Encoding encoding, Boolean fullDiff, Boolean showDiff)
     в JetBrains.ReSharper.TestFramework.BaseTestWithSingleProject.ExecuteWithGold(IDocument document, Action`1 test)
     в JetBrains.ReSharper.IntentionsTests.Navigation.ContextNavigationTestBase`1.CheckTextControlPositions(ITextControl textControl, IEnumerable`1 testCases, Func`2 actionCreator)
     в JetBrains.ReSharper.FeaturesTestFramework.Intentions.GeneralContextActionAvailabilityTestBase`1.&lt;&gt;c__DisplayClass5_1.&lt;CheckPositions&gt;b__1(Lifetime lifeTc)
     в JetBrains.Lifetimes.Lifetime.UsingNested(Action`1 action)
     в JetBrains.ReSharper.FeaturesTestFramework.Intentions.GeneralContextActionAvailabilityTestBase`1.CheckPositions(Func`2 actionCreator, IEnumerable`1 testCases, IProject project)
     в JetBrains.ReSharper.FeaturesTestFramework.Intentions.GeneralContextActionAvailabilityTestBase`1.ProcessAction(Lifetime lifetime, Func`2 action, IProject project)
     в JetBrains.ReSharper.FeaturesTestFramework.Intentions.GeneralContextActionTestBase`1.DoTest(Lifetime lifetime, IProject testProject)
     в JetBrains.ReSharper.IntentionsTests.Navigation.ContextNavigationTestBase`1.DoTest(Lifetime lifetime, IProject testProject)
     в JetBrains.ReSharper.IntentionsTests.Navigation.AllNavigationProvidersTestBase`1.DoTest(Lifetime lifetime, IProject testProject)
     в JetBrains.ReSharper.TestFramework.BaseTestWithSingleProject.DoTest(Lifetime lifetime)
     в JetBrains.ReSharper.TestFramework.BaseTestWithTextControl`1.DoTest(Lifetime lifetime)
     в JetBrains.ReSharper.TestFramework.BaseTestWithSolution.&lt;&gt;c__DisplayClass54_0.&lt;DoTestSolution&gt;b__0(Lifetime lt, ISolution solution)
     в JetBrains.ReSharper.TestFramework.BaseTestWithSolution.&lt;&gt;c__DisplayClass52_1.&lt;DoTestSolution&gt;b__2()
     в JetBrains.Application.Threading.IShellLocksEx.ExecuteWithReadLock(IShellLocks thіs, Action F)
     в JetBrains.TestFramework.BaseTest.&lt;&gt;c__DisplayClass27_0.&lt;RunGuarded&gt;b__0()
     в JetBrains.Threading.ReentrancyGuard.Execute(String name, Action action)
”

--- Outer ---

--- EXCEPTION #2/2 [LoggerException]
Message = “The test output differs from the gold file.”
ExceptionPath = Root
ClassName = JetBrains.Util.LoggerException
Data.ManagedThreadName = NonParallelSTAWorker
InnerException = “Exception #1 at Root.InnerException”
HResult = COR_E_APPLICATION=80131600
StackTraceString = “
  в JetBrains.Threading.ReentrancyGuard.Execute(String name, Action action)
     в JetBrains.TestFramework.BaseTest.RunGuarded(Action action)
     в JetBrains.ReSharper.TestFramework.BaseTestWithSolution.DoTestSolution(Func`2 testSolutionConfiguration, Action`2 test)
     в JetBrains.ReSharper.TestFramework.BaseTestWithSolution.DoTestSolution(Func`2 testSolutionConfiguration, Action`1 test)
     в JetBrains.ReSharper.TestFramework.BaseTestWithSolution.DoTestSolution(Func`2 testSolutionConfiguration, Func`2 wrapper)
     в JetBrains.ReSharper.TestFramework.BaseTestWithSingleProject.DoTestSolution(String[] fileSet)
     в JetBrains.ReSharper.TestFramework.BaseTestWithTextControl`1.DoTestSolution(NamedPositionsProcessor positionsProcessor)
     в JetBrains.ReSharper.TestFramework.BaseTestWithTextControl`1.DoTestSolution(String[] fileSet)
     в JetBrains.ReSharper.TestFramework.BaseTestWithTextControl`1.DoOneTest(String testName)
     в JetBrains.TestFramework.BaseTestNoShell.DoNamedTest()
     в JetBrains.ReSharper.Plugins.FSharp.Tests.Features.Navigation.FSharpGoToDeclarationTest.Same type from different assemblies() в C:\Programming\fsharp-support\ReSharper.FSharp\test\src\FSharp.Tests\NavigationTests.fs:строка 111
     в System.RuntimeMethodHandle.InvokeMethod(Object target, Object[] arguments, Signature sig, Boolean constructor)
     в System.Reflection.RuntimeMethodInfo.UnsafeInvokeInternal(Object obj, Object[] parameters, Object[] arguments)
     в System.Reflection.RuntimeMethodInfo.Invoke(Object obj, BindingFlags invokeAttr, Binder binder, Object[] parameters, CultureInfo culture)
     в NUnit.Framework.Internal.Reflect.InvokeMethod(MethodInfo method, Object fixture, Object[] args)
     в NUnit.Framework.Internal.MethodWrapper.Invoke(Object fixture, Object[] args)
     в NUnit.Framework.Internal.Commands.TestMethodCommand.RunNonAsyncTestMethod(TestExecutionContext context)
     в NUnit.Framework.Internal.Commands.TestMethodCommand.RunTestMethod(TestExecutionContext context)
     в NUnit.Framework.Internal.Commands.TestMethodCommand.Execute(TestExecutionContext context)
     в NUnit.Framework.Internal.Commands.BeforeAndAfterTestCommand.Execute(TestExecutionContext context)
     в NUnit.Framework.Internal.Commands.BeforeAndAfterTestCommand.Execute(TestExecutionContext context)
     в NUnit.Framework.Internal.Execution.SimpleWorkItem.PerformWork()
     в NUnit.Framework.Internal.Execution.WorkItem.RunOnCurrentThread()
     в NUnit.Framework.Internal.Execution.WorkItem.Execute()
     в NUnit.Framework.Internal.Execution.ParallelWorkItemDispatcher.Dispatch(WorkItem work, ParallelExecutionStrategy strategy)
     в NUnit.Framework.Internal.Execution.ParallelWorkItemDispatcher.Dispatch(WorkItem work)
     в NUnit.Framework.Internal.Execution.CompositeWorkItem.RunChildren()
     в NUnit.Framework.Internal.Execution.CompositeWorkItem.PerformWork()
     в NUnit.Framework.Internal.Execution.WorkItem.RunOnCurrentThread()
     в NUnit.Framework.Internal.Execution.WorkItem.Execute()
     в NUnit.Framework.Internal.Execution.TestWorker.TestWorkerThreadProc()
     в System.Threading.ThreadHelper.ThreadStart_Context(Object state)
     в System.Threading.ExecutionContext.RunInternal(ExecutionContext executionContext, ContextCallback callback, Object state, Boolean preserveSyncCtx)
     в System.Threading.ExecutionContext.Run(ExecutionContext executionContext, ContextCallback callback, Object state, Boolean preserveSyncCtx)
     в System.Threading.ExecutionContext.Run(ExecutionContext executionContext, ContextCallback callback, Object state)
     в System.Threading.ThreadHelper.ThreadStart()
”
</message>
                        <stack-trace>--TearDown
   в JetBrains.Util.Tests.ThrowsAccumulatedLoggerExceptions.ThrowLoggedExceptions()
   в JetBrains.TestFramework.BaseTest.StopCollectingExceptions()
   в JetBrains.TestFramework.BaseTestNoShell.TearDown()
   в JetBrains.TestFramework.BaseTest.TearDown()</stack-trace>
                      </failure>
                    </test-case>
                    <test-case name="Signature 01" fullname="JetBrains.ReSharper.Plugins.FSharp.Tests.Features.Navigation.FSharpGoToDeclarationTest.Signature 01" methodname="Signature 01" classname="FSharpGoToDeclarationTest" result="Passed" duration="0.134" asserts="0">
                      <properties>
                        <property name="Category" value="Navigation" />
                      </properties>
                      <output><![CDATA[ReSharper LogPath is: C:\Users\berej\AppData\Local\Temp\JetLogs\ReSharperTests\resharper.log
Per-Test LogPath is: C:\Users\berej\AppData\Local\Temp\JetLogs\ReSharperTests\FSharpGoToDeclarationTest\Signature 01.log

]]></output>
                    </test-case>
                    <test-case name="Signature 02 - Same range" fullname="JetBrains.ReSharper.Plugins.FSharp.Tests.Features.Navigation.FSharpGoToDeclarationTest.Signature 02 - Same range" methodname="Signature 02 - Same range" classname="FSharpGoToDeclarationTest" result="Passed" duration="0.061" asserts="0">
                      <properties>
                        <property name="Category" value="Navigation" />
                      </properties>
                      <output><![CDATA[ReSharper LogPath is: C:\Users\berej\AppData\Local\Temp\JetLogs\ReSharperTests\resharper.log
Per-Test LogPath is: C:\Users\berej\AppData\Local\Temp\JetLogs\ReSharperTests\FSharpGoToDeclarationTest\Signature 02 - Same range.log

]]></output>
                    </test-case>
                  </test-suite>
                  <test-suite type="TestFixture" name="FSharpGoToInheritorsTest" fullname="JetBrains.ReSharper.Plugins.FSharp.Tests.Features.Navigation.FSharpGoToInheritorsTest" total="16" passed="16" failed="0" inconclusive="0" skipped="0" result="Passed" duration="1.127">
                    <test-case name="Interface 01" fullname="JetBrains.ReSharper.Plugins.FSharp.Tests.Features.Navigation.FSharpGoToInheritorsTest.Interface 01" methodname="Interface 01" classname="FSharpGoToInheritorsTest" result="Passed" duration="0.072" asserts="0">
                      <properties>
                        <property name="Category" value="Navigation" />
                      </properties>
                      <output><![CDATA[ReSharper LogPath is: C:\Users\berej\AppData\Local\Temp\JetLogs\ReSharperTests\resharper.log
Per-Test LogPath is: C:\Users\berej\AppData\Local\Temp\JetLogs\ReSharperTests\FSharpGoToInheritorsTest\Interface 01.log

]]></output>
                    </test-case>
                    <test-case name="Interface 02 - Member" fullname="JetBrains.ReSharper.Plugins.FSharp.Tests.Features.Navigation.FSharpGoToInheritorsTest.Interface 02 - Member" methodname="Interface 02 - Member" classname="FSharpGoToInheritorsTest" result="Passed" duration="0.061" asserts="0">
                      <properties>
                        <property name="Category" value="Navigation" />
                      </properties>
                      <output><![CDATA[ReSharper LogPath is: C:\Users\berej\AppData\Local\Temp\JetLogs\ReSharperTests\resharper.log
Per-Test LogPath is: C:\Users\berej\AppData\Local\Temp\JetLogs\ReSharperTests\FSharpGoToInheritorsTest\Interface 02 - Member.log

]]></output>
                    </test-case>
                    <test-case name="Interface 03 - Internal type impl" fullname="JetBrains.ReSharper.Plugins.FSharp.Tests.Features.Navigation.FSharpGoToInheritorsTest.Interface 03 - Internal type impl" methodname="Interface 03 - Internal type impl" classname="FSharpGoToInheritorsTest" result="Passed" duration="0.062" asserts="0">
                      <properties>
                        <property name="Category" value="Navigation" />
                      </properties>
                      <output><![CDATA[ReSharper LogPath is: C:\Users\berej\AppData\Local\Temp\JetLogs\ReSharperTests\resharper.log
Per-Test LogPath is: C:\Users\berej\AppData\Local\Temp\JetLogs\ReSharperTests\FSharpGoToInheritorsTest\Interface 03 - Internal type impl.log

]]></output>
                    </test-case>
                    <test-case name="Interface 04 - Overloads" fullname="JetBrains.ReSharper.Plugins.FSharp.Tests.Features.Navigation.FSharpGoToInheritorsTest.Interface 04 - Overloads" methodname="Interface 04 - Overloads" classname="FSharpGoToInheritorsTest" result="Passed" duration="0.098" asserts="0">
                      <properties>
                        <property name="Category" value="Navigation" />
                      </properties>
                      <output><![CDATA[ReSharper LogPath is: C:\Users\berej\AppData\Local\Temp\JetLogs\ReSharperTests\resharper.log
Per-Test LogPath is: C:\Users\berej\AppData\Local\Temp\JetLogs\ReSharperTests\FSharpGoToInheritorsTest\Interface 04 - Overloads.log

]]></output>
                    </test-case>
                    <test-case name="Interface 05 - Inherit" fullname="JetBrains.ReSharper.Plugins.FSharp.Tests.Features.Navigation.FSharpGoToInheritorsTest.Interface 05 - Inherit" methodname="Interface 05 - Inherit" classname="FSharpGoToInheritorsTest" result="Passed" duration="0.056" asserts="0">
                      <properties>
                        <property name="Category" value="Navigation" />
                      </properties>
                      <output><![CDATA[ReSharper LogPath is: C:\Users\berej\AppData\Local\Temp\JetLogs\ReSharperTests\resharper.log
Per-Test LogPath is: C:\Users\berej\AppData\Local\Temp\JetLogs\ReSharperTests\FSharpGoToInheritorsTest\Interface 05 - Inherit.log

]]></output>
                    </test-case>
                    <test-case name="Interface 06 - Implement multiple" fullname="JetBrains.ReSharper.Plugins.FSharp.Tests.Features.Navigation.FSharpGoToInheritorsTest.Interface 06 - Implement multiple" methodname="Interface 06 - Implement multiple" classname="FSharpGoToInheritorsTest" result="Passed" duration="0.055" asserts="0">
                      <properties>
                        <property name="Category" value="Navigation" />
                      </properties>
                      <output><![CDATA[ReSharper LogPath is: C:\Users\berej\AppData\Local\Temp\JetLogs\ReSharperTests\resharper.log
Per-Test LogPath is: C:\Users\berej\AppData\Local\Temp\JetLogs\ReSharperTests\FSharpGoToInheritorsTest\Interface 06 - Implement multiple.log

]]></output>
                    </test-case>
                    <test-case name="Interface 07 - Implement multiple" fullname="JetBrains.ReSharper.Plugins.FSharp.Tests.Features.Navigation.FSharpGoToInheritorsTest.Interface 07 - Implement multiple" methodname="Interface 07 - Implement multiple" classname="FSharpGoToInheritorsTest" result="Passed" duration="0.044" asserts="0">
                      <properties>
                        <property name="Category" value="Navigation" />
                      </properties>
                      <output><![CDATA[ReSharper LogPath is: C:\Users\berej\AppData\Local\Temp\JetLogs\ReSharperTests\resharper.log
Per-Test LogPath is: C:\Users\berej\AppData\Local\Temp\JetLogs\ReSharperTests\FSharpGoToInheritorsTest\Interface 07 - Implement multiple.log

]]></output>
                    </test-case>
                    <test-case name="Object expr - Interface 01" fullname="JetBrains.ReSharper.Plugins.FSharp.Tests.Features.Navigation.FSharpGoToInheritorsTest.Object expr - Interface 01" methodname="Object expr - Interface 01" classname="FSharpGoToInheritorsTest" result="Passed" duration="0.05" asserts="0">
                      <properties>
                        <property name="Category" value="Navigation" />
                      </properties>
                      <output><![CDATA[ReSharper LogPath is: C:\Users\berej\AppData\Local\Temp\JetLogs\ReSharperTests\resharper.log
Per-Test LogPath is: C:\Users\berej\AppData\Local\Temp\JetLogs\ReSharperTests\FSharpGoToInheritorsTest\Object expr - Interface 01.log

]]></output>
                    </test-case>
                    <test-case name="Object expr - Interface 02 - Dispose" fullname="JetBrains.ReSharper.Plugins.FSharp.Tests.Features.Navigation.FSharpGoToInheritorsTest.Object expr - Interface 02 - Dispose" methodname="Object expr - Interface 02 - Dispose" classname="FSharpGoToInheritorsTest" result="Passed" duration="0.224" asserts="0">
                      <properties>
                        <property name="Category" value="Navigation" />
                      </properties>
                      <output><![CDATA[ReSharper LogPath is: C:\Users\berej\AppData\Local\Temp\JetLogs\ReSharperTests\resharper.log
Per-Test LogPath is: C:\Users\berej\AppData\Local\Temp\JetLogs\ReSharperTests\FSharpGoToInheritorsTest\Object expr - Interface 02 - Dispose.log

]]></output>
                    </test-case>
                    <test-case name="Object expr - Override 01 - Default member" fullname="JetBrains.ReSharper.Plugins.FSharp.Tests.Features.Navigation.FSharpGoToInheritorsTest.Object expr - Override 01 - Default member" methodname="Object expr - Override 01 - Default member" classname="FSharpGoToInheritorsTest" result="Passed" duration="0.057" asserts="0">
                      <properties>
                        <property name="Category" value="Navigation" />
                      </properties>
                      <output><![CDATA[ReSharper LogPath is: C:\Users\berej\AppData\Local\Temp\JetLogs\ReSharperTests\resharper.log
Per-Test LogPath is: C:\Users\berej\AppData\Local\Temp\JetLogs\ReSharperTests\FSharpGoToInheritorsTest\Object expr - Override 01 - Default member.log

]]></output>
                    </test-case>
                    <test-case name="Object expr - Override 02 - Default member and interface" fullname="JetBrains.ReSharper.Plugins.FSharp.Tests.Features.Navigation.FSharpGoToInheritorsTest.Object expr - Override 02 - Default member and interface" methodname="Object expr - Override 02 - Default member and interface" classname="FSharpGoToInheritorsTest" result="Passed" duration="0.059" asserts="0">
                      <properties>
                        <property name="Category" value="Navigation" />
                      </properties>
                      <output><![CDATA[ReSharper LogPath is: C:\Users\berej\AppData\Local\Temp\JetLogs\ReSharperTests\resharper.log
Per-Test LogPath is: C:\Users\berej\AppData\Local\Temp\JetLogs\ReSharperTests\FSharpGoToInheritorsTest\Object expr - Override 02 - Default member and interface.log

]]></output>
                    </test-case>
                    <test-case name="Object expr - Override 03 - Interface and default member" fullname="JetBrains.ReSharper.Plugins.FSharp.Tests.Features.Navigation.FSharpGoToInheritorsTest.Object expr - Override 03 - Interface and default member" methodname="Object expr - Override 03 - Interface and default member" classname="FSharpGoToInheritorsTest" result="Passed" duration="0.092" asserts="0">
                      <properties>
                        <property name="Category" value="Navigation" />
                      </properties>
                      <output><![CDATA[ReSharper LogPath is: C:\Users\berej\AppData\Local\Temp\JetLogs\ReSharperTests\resharper.log
Per-Test LogPath is: C:\Users\berej\AppData\Local\Temp\JetLogs\ReSharperTests\FSharpGoToInheritorsTest\Object expr - Override 03 - Interface and default member.log

]]></output>
                    </test-case>
                    <test-case name="Object expr - Type 01" fullname="JetBrains.ReSharper.Plugins.FSharp.Tests.Features.Navigation.FSharpGoToInheritorsTest.Object expr - Type 01" methodname="Object expr - Type 01" classname="FSharpGoToInheritorsTest" result="Passed" duration="0.04" asserts="0">
                      <properties>
                        <property name="Category" value="Navigation" />
                      </properties>
                      <output><![CDATA[ReSharper LogPath is: C:\Users\berej\AppData\Local\Temp\JetLogs\ReSharperTests\resharper.log
Per-Test LogPath is: C:\Users\berej\AppData\Local\Temp\JetLogs\ReSharperTests\FSharpGoToInheritorsTest\Object expr - Type 01.log

]]></output>
                    </test-case>
                    <test-case name="Types 01" fullname="JetBrains.ReSharper.Plugins.FSharp.Tests.Features.Navigation.FSharpGoToInheritorsTest.Types 01" methodname="Types 01" classname="FSharpGoToInheritorsTest" result="Passed" duration="0.051" asserts="0">
                      <properties>
                        <property name="Category" value="Navigation" />
                      </properties>
                      <output><![CDATA[ReSharper LogPath is: C:\Users\berej\AppData\Local\Temp\JetLogs\ReSharperTests\resharper.log
Per-Test LogPath is: C:\Users\berej\AppData\Local\Temp\JetLogs\ReSharperTests\FSharpGoToInheritorsTest\Types 01.log

]]></output>
                    </test-case>
                    <test-case name="Types 02" fullname="JetBrains.ReSharper.Plugins.FSharp.Tests.Features.Navigation.FSharpGoToInheritorsTest.Types 02" methodname="Types 02" classname="FSharpGoToInheritorsTest" result="Passed" duration="0.043" asserts="0">
                      <properties>
                        <property name="Category" value="Navigation" />
                      </properties>
                      <output><![CDATA[ReSharper LogPath is: C:\Users\berej\AppData\Local\Temp\JetLogs\ReSharperTests\resharper.log
Per-Test LogPath is: C:\Users\berej\AppData\Local\Temp\JetLogs\ReSharperTests\FSharpGoToInheritorsTest\Types 02.log

]]></output>
                    </test-case>
                    <test-case name="Union case 01" fullname="JetBrains.ReSharper.Plugins.FSharp.Tests.Features.Navigation.FSharpGoToInheritorsTest.Union case 01" methodname="Union case 01" classname="FSharpGoToInheritorsTest" result="Passed" duration="0.063" asserts="0">
                      <properties>
                        <property name="Category" value="Navigation" />
                      </properties>
                      <output><![CDATA[ReSharper LogPath is: C:\Users\berej\AppData\Local\Temp\JetLogs\ReSharperTests\resharper.log
Per-Test LogPath is: C:\Users\berej\AppData\Local\Temp\JetLogs\ReSharperTests\FSharpGoToInheritorsTest\Union case 01.log

]]></output>
                    </test-case>
                  </test-suite>
                  <test-suite type="TestFixture" name="FSharpGoToTypeTest" fullname="JetBrains.ReSharper.Plugins.FSharp.Tests.Features.Navigation.FSharpGoToTypeTest" total="3" passed="2" failed="0" inconclusive="1" skipped="0" result="Passed" duration="0.273">
                    <test-case name="Anon record field 01" fullname="JetBrains.ReSharper.Plugins.FSharp.Tests.Features.Navigation.FSharpGoToTypeTest.Anon record field 01" methodname="Anon record field 01" classname="FSharpGoToTypeTest" result="Passed" duration="0.184" asserts="0">
                      <properties>
                        <property name="Category" value="Navigation" />
                      </properties>
                      <output><![CDATA[ReSharper LogPath is: C:\Users\berej\AppData\Local\Temp\JetLogs\ReSharperTests\resharper.log
Per-Test LogPath is: C:\Users\berej\AppData\Local\Temp\JetLogs\ReSharperTests\FSharpGoToTypeTest\Anon record field 01.log

]]></output>
                    </test-case>
                    <test-case name="Anon record field 02 - Substitution" fullname="JetBrains.ReSharper.Plugins.FSharp.Tests.Features.Navigation.FSharpGoToTypeTest.Anon record field 02 - Substitution" methodname="Anon record field 02 - Substitution" classname="FSharpGoToTypeTest" result="Inconclusive" duration="0" asserts="0">
                      <properties>
                        <property name="Explicit" value="" />
                        <property name="Category" value="Navigation" />
                      </properties>
                      <output><![CDATA[Support external type parameters
]]></output>
                    </test-case>
                    <test-case name="Wild pat 01" fullname="JetBrains.ReSharper.Plugins.FSharp.Tests.Features.Navigation.FSharpGoToTypeTest.Wild pat 01" methodname="Wild pat 01" classname="FSharpGoToTypeTest" result="Passed" duration="0.089" asserts="0">
                      <properties>
                        <property name="Category" value="Navigation" />
                      </properties>
                      <output><![CDATA[ReSharper LogPath is: C:\Users\berej\AppData\Local\Temp\JetLogs\ReSharperTests\resharper.log
Per-Test LogPath is: C:\Users\berej\AppData\Local\Temp\JetLogs\ReSharperTests\FSharpGoToTypeTest\Wild pat 01.log

]]></output>
                    </test-case>
                  </test-suite>
                  <test-suite type="TestFixture" name="FSharpGoToUsagesTest" fullname="JetBrains.ReSharper.Plugins.FSharp.Tests.Features.Navigation.FSharpGoToUsagesTest" total="11" passed="10" failed="0" inconclusive="1" skipped="0" result="Passed" duration="0.623">
                    <test-case name="Anon record 01 - Ctor" fullname="JetBrains.ReSharper.Plugins.FSharp.Tests.Features.Navigation.FSharpGoToUsagesTest.Anon record 01 - Ctor" methodname="Anon record 01 - Ctor" classname="FSharpGoToUsagesTest" result="Passed" duration="0.118" asserts="0">
                      <properties>
                        <property name="Category" value="Navigation" />
                      </properties>
                      <output><![CDATA[ReSharper LogPath is: C:\Users\berej\AppData\Local\Temp\JetLogs\ReSharperTests\resharper.log
Per-Test LogPath is: C:\Users\berej\AppData\Local\Temp\JetLogs\ReSharperTests\FSharpGoToUsagesTest\Anon record 01 - Ctor.log

]]></output>
                    </test-case>
                    <test-case name="Anon record 02 - Type" fullname="JetBrains.ReSharper.Plugins.FSharp.Tests.Features.Navigation.FSharpGoToUsagesTest.Anon record 02 - Type" methodname="Anon record 02 - Type" classname="FSharpGoToUsagesTest" result="Passed" duration="0.048" asserts="0">
                      <properties>
                        <property name="Category" value="Navigation" />
                      </properties>
                      <output><![CDATA[ReSharper LogPath is: C:\Users\berej\AppData\Local\Temp\JetLogs\ReSharperTests\resharper.log
Per-Test LogPath is: C:\Users\berej\AppData\Local\Temp\JetLogs\ReSharperTests\FSharpGoToUsagesTest\Anon record 02 - Type.log

]]></output>
                    </test-case>
                    <test-case name="Anon record 03 - Getter" fullname="JetBrains.ReSharper.Plugins.FSharp.Tests.Features.Navigation.FSharpGoToUsagesTest.Anon record 03 - Getter" methodname="Anon record 03 - Getter" classname="FSharpGoToUsagesTest" result="Passed" duration="0.05" asserts="0">
                      <properties>
                        <property name="Category" value="Navigation" />
                      </properties>
                      <output><![CDATA[ReSharper LogPath is: C:\Users\berej\AppData\Local\Temp\JetLogs\ReSharperTests\resharper.log
Per-Test LogPath is: C:\Users\berej\AppData\Local\Temp\JetLogs\ReSharperTests\FSharpGoToUsagesTest\Anon record 03 - Getter.log

]]></output>
                    </test-case>
                    <test-case name="Compiled active pattern case" fullname="JetBrains.ReSharper.Plugins.FSharp.Tests.Features.Navigation.FSharpGoToUsagesTest.Compiled active pattern case" methodname="Compiled active pattern case" classname="FSharpGoToUsagesTest" result="Passed" duration="0.048" asserts="0">
                      <properties>
                        <property name="Category" value="Navigation" />
                      </properties>
                      <output><![CDATA[ReSharper LogPath is: C:\Users\berej\AppData\Local\Temp\JetLogs\ReSharperTests\resharper.log
Per-Test LogPath is: C:\Users\berej\AppData\Local\Temp\JetLogs\ReSharperTests\FSharpGoToUsagesTest\Compiled active pattern case.log

]]></output>
                    </test-case>
                    <test-case name="Compiled union case" fullname="JetBrains.ReSharper.Plugins.FSharp.Tests.Features.Navigation.FSharpGoToUsagesTest.Compiled union case" methodname="Compiled union case" classname="FSharpGoToUsagesTest" result="Passed" duration="0.061" asserts="0">
                      <properties>
                        <property name="Category" value="Navigation" />
                      </properties>
                      <output><![CDATA[ReSharper LogPath is: C:\Users\berej\AppData\Local\Temp\JetLogs\ReSharperTests\resharper.log
Per-Test LogPath is: C:\Users\berej\AppData\Local\Temp\JetLogs\ReSharperTests\FSharpGoToUsagesTest\Compiled union case.log

]]></output>
                    </test-case>
                    <test-case name="Module suffix 01 - Compiled" fullname="JetBrains.ReSharper.Plugins.FSharp.Tests.Features.Navigation.FSharpGoToUsagesTest.Module suffix 01 - Compiled" methodname="Module suffix 01 - Compiled" classname="FSharpGoToUsagesTest" result="Passed" duration="0.068" asserts="0">
                      <properties>
                        <property name="Category" value="Navigation" />
                      </properties>
                      <output><![CDATA[ReSharper LogPath is: C:\Users\berej\AppData\Local\Temp\JetLogs\ReSharperTests\resharper.log
Per-Test LogPath is: C:\Users\berej\AppData\Local\Temp\JetLogs\ReSharperTests\FSharpGoToUsagesTest\Module suffix 01 - Compiled.log

]]></output>
                    </test-case>
                    <test-case name="Operator 01 - Pipe" fullname="JetBrains.ReSharper.Plugins.FSharp.Tests.Features.Navigation.FSharpGoToUsagesTest.Operator 01 - Pipe" methodname="Operator 01 - Pipe" classname="FSharpGoToUsagesTest" result="Passed" duration="0.056" asserts="0">
                      <properties>
                        <property name="Category" value="Navigation" />
                      </properties>
                      <output><![CDATA[ReSharper LogPath is: C:\Users\berej\AppData\Local\Temp\JetLogs\ReSharperTests\resharper.log
Per-Test LogPath is: C:\Users\berej\AppData\Local\Temp\JetLogs\ReSharperTests\FSharpGoToUsagesTest\Operator 01 - Pipe.log

]]></output>
                    </test-case>
                    <test-case name="Operator 02 - =" fullname="JetBrains.ReSharper.Plugins.FSharp.Tests.Features.Navigation.FSharpGoToUsagesTest.Operator 02 - =" methodname="Operator 02 - =" classname="FSharpGoToUsagesTest" result="Inconclusive" duration="0" asserts="0">
                      <properties>
                        <property name="Explicit" value="" />
                        <property name="Category" value="Navigation" />
                      </properties>
                      <output><![CDATA[Not implemented
]]></output>
                    </test-case>
                    <test-case name="Record Ctor 01 - Source" fullname="JetBrains.ReSharper.Plugins.FSharp.Tests.Features.Navigation.FSharpGoToUsagesTest.Record Ctor 01 - Source" methodname="Record Ctor 01 - Source" classname="FSharpGoToUsagesTest" result="Passed" duration="0.059" asserts="0">
                      <properties>
                        <property name="Category" value="Navigation" />
                      </properties>
                      <output><![CDATA[ReSharper LogPath is: C:\Users\berej\AppData\Local\Temp\JetLogs\ReSharperTests\resharper.log
Per-Test LogPath is: C:\Users\berej\AppData\Local\Temp\JetLogs\ReSharperTests\FSharpGoToUsagesTest\Record Ctor 01 - Source.log

]]></output>
                    </test-case>
                    <test-case name="Record Ctor 02 - Compiled" fullname="JetBrains.ReSharper.Plugins.FSharp.Tests.Features.Navigation.FSharpGoToUsagesTest.Record Ctor 02 - Compiled" methodname="Record Ctor 02 - Compiled" classname="FSharpGoToUsagesTest" result="Passed" duration="0.078" asserts="0">
                      <properties>
                        <property name="Category" value="Navigation" />
                      </properties>
                      <output><![CDATA[ReSharper LogPath is: C:\Users\berej\AppData\Local\Temp\JetLogs\ReSharperTests\resharper.log
Per-Test LogPath is: C:\Users\berej\AppData\Local\Temp\JetLogs\ReSharperTests\FSharpGoToUsagesTest\Record Ctor 02 - Compiled.log

]]></output>
                    </test-case>
                    <test-case name="Wild pat 01" fullname="JetBrains.ReSharper.Plugins.FSharp.Tests.Features.Navigation.FSharpGoToUsagesTest.Wild pat 01" methodname="Wild pat 01" classname="FSharpGoToUsagesTest" result="Passed" duration="0.037" asserts="0">
                      <properties>
                        <property name="Category" value="Navigation" />
                      </properties>
                      <output><![CDATA[ReSharper LogPath is: C:\Users\berej\AppData\Local\Temp\JetLogs\ReSharperTests\resharper.log
Per-Test LogPath is: C:\Users\berej\AppData\Local\Temp\JetLogs\ReSharperTests\FSharpGoToUsagesTest\Wild pat 01.log

]]></output>
                    </test-case>
                  </test-suite>
                </test-suite>
                <test-suite type="TestSuite" name="Refactorings" fullname="JetBrains.ReSharper.Plugins.FSharp.Tests.Features.Refactorings" total="224" passed="223" failed="0" inconclusive="1" skipped="0" result="Passed" duration="17.285">
                  <test-suite type="TestFixture" name="FSharpRenameTest" fullname="JetBrains.ReSharper.Plugins.FSharp.Tests.Features.Refactorings.FSharpRenameTest" total="125" passed="125" failed="0" inconclusive="0" skipped="0" result="Passed" duration="10.592">
                    <test-case name="Active patterns - Local - Partial 01 - Decl" fullname="JetBrains.ReSharper.Plugins.FSharp.Tests.Features.Refactorings.FSharpRenameTest.Active patterns - Local - Partial 01 - Decl" methodname="Active patterns - Local - Partial 01 - Decl" classname="FSharpRenameTest" result="Passed" duration="0.165" asserts="0">
                      <properties>
                        <property name="Category" value="Rename" />
                        <property name="Category" value="Refactoring" />
                      </properties>
                      <output><![CDATA[ReSharper LogPath is: C:\Users\berej\AppData\Local\Temp\JetLogs\ReSharperTests\resharper.log
Per-Test LogPath is: C:\Users\berej\AppData\Local\Temp\JetLogs\ReSharperTests\FSharpRenameTest\Active patterns - Local - Partial 01 - Decl.log

]]></output>
                    </test-case>
                    <test-case name="Active patterns - Local - Partial 02 - Pattern" fullname="JetBrains.ReSharper.Plugins.FSharp.Tests.Features.Refactorings.FSharpRenameTest.Active patterns - Local - Partial 02 - Pattern" methodname="Active patterns - Local - Partial 02 - Pattern" classname="FSharpRenameTest" result="Passed" duration="0.07" asserts="0">
                      <properties>
                        <property name="Category" value="Rename" />
                        <property name="Category" value="Refactoring" />
                      </properties>
                      <output><![CDATA[ReSharper LogPath is: C:\Users\berej\AppData\Local\Temp\JetLogs\ReSharperTests\resharper.log
Per-Test LogPath is: C:\Users\berej\AppData\Local\Temp\JetLogs\ReSharperTests\FSharpRenameTest\Active patterns - Local - Partial 02 - Pattern.log

]]></output>
                    </test-case>
                    <test-case name="Active patterns - Local - Single 01 - Decl" fullname="JetBrains.ReSharper.Plugins.FSharp.Tests.Features.Refactorings.FSharpRenameTest.Active patterns - Local - Single 01 - Decl" methodname="Active patterns - Local - Single 01 - Decl" classname="FSharpRenameTest" result="Passed" duration="0.05" asserts="0">
                      <properties>
                        <property name="Category" value="Rename" />
                        <property name="Category" value="Refactoring" />
                      </properties>
                      <output><![CDATA[ReSharper LogPath is: C:\Users\berej\AppData\Local\Temp\JetLogs\ReSharperTests\resharper.log
Per-Test LogPath is: C:\Users\berej\AppData\Local\Temp\JetLogs\ReSharperTests\FSharpRenameTest\Active patterns - Local - Single 01 - Decl.log

]]></output>
                    </test-case>
                    <test-case name="Active patterns - Local - Single 02 - Pattern" fullname="JetBrains.ReSharper.Plugins.FSharp.Tests.Features.Refactorings.FSharpRenameTest.Active patterns - Local - Single 02 - Pattern" methodname="Active patterns - Local - Single 02 - Pattern" classname="FSharpRenameTest" result="Passed" duration="0.061" asserts="0">
                      <properties>
                        <property name="Category" value="Rename" />
                        <property name="Category" value="Refactoring" />
                      </properties>
                      <output><![CDATA[ReSharper LogPath is: C:\Users\berej\AppData\Local\Temp\JetLogs\ReSharperTests\resharper.log
Per-Test LogPath is: C:\Users\berej\AppData\Local\Temp\JetLogs\ReSharperTests\FSharpRenameTest\Active patterns - Local - Single 02 - Pattern.log

]]></output>
                    </test-case>
                    <test-case name="Active patterns - Local - Single 03 - Pattern 2" fullname="JetBrains.ReSharper.Plugins.FSharp.Tests.Features.Refactorings.FSharpRenameTest.Active patterns - Local - Single 03 - Pattern 2" methodname="Active patterns - Local - Single 03 - Pattern 2" classname="FSharpRenameTest" result="Passed" duration="0.05" asserts="0">
                      <properties>
                        <property name="Category" value="Rename" />
                        <property name="Category" value="Refactoring" />
                      </properties>
                      <output><![CDATA[ReSharper LogPath is: C:\Users\berej\AppData\Local\Temp\JetLogs\ReSharperTests\resharper.log
Per-Test LogPath is: C:\Users\berej\AppData\Local\Temp\JetLogs\ReSharperTests\FSharpRenameTest\Active patterns - Local - Single 03 - Pattern 2.log

]]></output>
                    </test-case>
                    <test-case name="Active patterns - Local - Total 01 - Decl" fullname="JetBrains.ReSharper.Plugins.FSharp.Tests.Features.Refactorings.FSharpRenameTest.Active patterns - Local - Total 01 - Decl" methodname="Active patterns - Local - Total 01 - Decl" classname="FSharpRenameTest" result="Passed" duration="0.062" asserts="0">
                      <properties>
                        <property name="Category" value="Rename" />
                        <property name="Category" value="Refactoring" />
                      </properties>
                      <output><![CDATA[ReSharper LogPath is: C:\Users\berej\AppData\Local\Temp\JetLogs\ReSharperTests\resharper.log
Per-Test LogPath is: C:\Users\berej\AppData\Local\Temp\JetLogs\ReSharperTests\FSharpRenameTest\Active patterns - Local - Total 01 - Decl.log

]]></output>
                    </test-case>
                    <test-case name="Active patterns - Local - Total 02 - Use in decl" fullname="JetBrains.ReSharper.Plugins.FSharp.Tests.Features.Refactorings.FSharpRenameTest.Active patterns - Local - Total 02 - Use in decl" methodname="Active patterns - Local - Total 02 - Use in decl" classname="FSharpRenameTest" result="Passed" duration="0.056" asserts="0">
                      <properties>
                        <property name="Category" value="Rename" />
                        <property name="Category" value="Refactoring" />
                      </properties>
                      <output><![CDATA[ReSharper LogPath is: C:\Users\berej\AppData\Local\Temp\JetLogs\ReSharperTests\resharper.log
Per-Test LogPath is: C:\Users\berej\AppData\Local\Temp\JetLogs\ReSharperTests\FSharpRenameTest\Active patterns - Local - Total 02 - Use in decl.log

]]></output>
                    </test-case>
                    <test-case name="Active patterns - Local - Total 03 - Use" fullname="JetBrains.ReSharper.Plugins.FSharp.Tests.Features.Refactorings.FSharpRenameTest.Active patterns - Local - Total 03 - Use" methodname="Active patterns - Local - Total 03 - Use" classname="FSharpRenameTest" result="Passed" duration="0.049" asserts="0">
                      <properties>
                        <property name="Category" value="Rename" />
                        <property name="Category" value="Refactoring" />
                      </properties>
                      <output><![CDATA[ReSharper LogPath is: C:\Users\berej\AppData\Local\Temp\JetLogs\ReSharperTests\resharper.log
Per-Test LogPath is: C:\Users\berej\AppData\Local\Temp\JetLogs\ReSharperTests\FSharpRenameTest\Active patterns - Local - Total 03 - Use.log

]]></output>
                    </test-case>
                    <test-case name="Active patterns - Module - Partial 01 - Decl" fullname="JetBrains.ReSharper.Plugins.FSharp.Tests.Features.Refactorings.FSharpRenameTest.Active patterns - Module - Partial 01 - Decl" methodname="Active patterns - Module - Partial 01 - Decl" classname="FSharpRenameTest" result="Passed" duration="0.27" asserts="0">
                      <properties>
                        <property name="Category" value="Rename" />
                        <property name="Category" value="Refactoring" />
                      </properties>
                      <output><![CDATA[ReSharper LogPath is: C:\Users\berej\AppData\Local\Temp\JetLogs\ReSharperTests\resharper.log
Per-Test LogPath is: C:\Users\berej\AppData\Local\Temp\JetLogs\ReSharperTests\FSharpRenameTest\Active patterns - Module - Partial 01 - Decl.log

]]></output>
                    </test-case>
                    <test-case name="Active patterns - Module - Partial 02 - Pattern" fullname="JetBrains.ReSharper.Plugins.FSharp.Tests.Features.Refactorings.FSharpRenameTest.Active patterns - Module - Partial 02 - Pattern" methodname="Active patterns - Module - Partial 02 - Pattern" classname="FSharpRenameTest" result="Passed" duration="0.044" asserts="0">
                      <properties>
                        <property name="Category" value="Rename" />
                        <property name="Category" value="Refactoring" />
                      </properties>
                      <output><![CDATA[ReSharper LogPath is: C:\Users\berej\AppData\Local\Temp\JetLogs\ReSharperTests\resharper.log
Per-Test LogPath is: C:\Users\berej\AppData\Local\Temp\JetLogs\ReSharperTests\FSharpRenameTest\Active patterns - Module - Partial 02 - Pattern.log

]]></output>
                    </test-case>
                    <test-case name="Active patterns - Module - Single 01 - Decl" fullname="JetBrains.ReSharper.Plugins.FSharp.Tests.Features.Refactorings.FSharpRenameTest.Active patterns - Module - Single 01 - Decl" methodname="Active patterns - Module - Single 01 - Decl" classname="FSharpRenameTest" result="Passed" duration="0.062" asserts="0">
                      <properties>
                        <property name="Category" value="Rename" />
                        <property name="Category" value="Refactoring" />
                      </properties>
                      <output><![CDATA[ReSharper LogPath is: C:\Users\berej\AppData\Local\Temp\JetLogs\ReSharperTests\resharper.log
Per-Test LogPath is: C:\Users\berej\AppData\Local\Temp\JetLogs\ReSharperTests\FSharpRenameTest\Active patterns - Module - Single 01 - Decl.log

]]></output>
                    </test-case>
                    <test-case name="Active patterns - Module - Single 02 - Pattern" fullname="JetBrains.ReSharper.Plugins.FSharp.Tests.Features.Refactorings.FSharpRenameTest.Active patterns - Module - Single 02 - Pattern" methodname="Active patterns - Module - Single 02 - Pattern" classname="FSharpRenameTest" result="Passed" duration="0.054" asserts="0">
                      <properties>
                        <property name="Category" value="Rename" />
                        <property name="Category" value="Refactoring" />
                      </properties>
                      <output><![CDATA[ReSharper LogPath is: C:\Users\berej\AppData\Local\Temp\JetLogs\ReSharperTests\resharper.log
Per-Test LogPath is: C:\Users\berej\AppData\Local\Temp\JetLogs\ReSharperTests\FSharpRenameTest\Active patterns - Module - Single 02 - Pattern.log

]]></output>
                    </test-case>
                    <test-case name="Active patterns - Module - Single 03 - Pattern 2" fullname="JetBrains.ReSharper.Plugins.FSharp.Tests.Features.Refactorings.FSharpRenameTest.Active patterns - Module - Single 03 - Pattern 2" methodname="Active patterns - Module - Single 03 - Pattern 2" classname="FSharpRenameTest" result="Passed" duration="0.053" asserts="0">
                      <properties>
                        <property name="Category" value="Rename" />
                        <property name="Category" value="Refactoring" />
                      </properties>
                      <output><![CDATA[ReSharper LogPath is: C:\Users\berej\AppData\Local\Temp\JetLogs\ReSharperTests\resharper.log
Per-Test LogPath is: C:\Users\berej\AppData\Local\Temp\JetLogs\ReSharperTests\FSharpRenameTest\Active patterns - Module - Single 03 - Pattern 2.log

]]></output>
                    </test-case>
                    <test-case name="Active patterns - Module - Total 01 - Decl" fullname="JetBrains.ReSharper.Plugins.FSharp.Tests.Features.Refactorings.FSharpRenameTest.Active patterns - Module - Total 01 - Decl" methodname="Active patterns - Module - Total 01 - Decl" classname="FSharpRenameTest" result="Passed" duration="0.052" asserts="0">
                      <properties>
                        <property name="Category" value="Rename" />
                        <property name="Category" value="Refactoring" />
                      </properties>
                      <output><![CDATA[ReSharper LogPath is: C:\Users\berej\AppData\Local\Temp\JetLogs\ReSharperTests\resharper.log
Per-Test LogPath is: C:\Users\berej\AppData\Local\Temp\JetLogs\ReSharperTests\FSharpRenameTest\Active patterns - Module - Total 01 - Decl.log

]]></output>
                    </test-case>
                    <test-case name="Active patterns - Module - Total 02 - Use in decl" fullname="JetBrains.ReSharper.Plugins.FSharp.Tests.Features.Refactorings.FSharpRenameTest.Active patterns - Module - Total 02 - Use in decl" methodname="Active patterns - Module - Total 02 - Use in decl" classname="FSharpRenameTest" result="Passed" duration="0.06" asserts="0">
                      <properties>
                        <property name="Category" value="Rename" />
                        <property name="Category" value="Refactoring" />
                      </properties>
                      <output><![CDATA[ReSharper LogPath is: C:\Users\berej\AppData\Local\Temp\JetLogs\ReSharperTests\resharper.log
Per-Test LogPath is: C:\Users\berej\AppData\Local\Temp\JetLogs\ReSharperTests\FSharpRenameTest\Active patterns - Module - Total 02 - Use in decl.log

]]></output>
                    </test-case>
                    <test-case name="Active patterns - Module - Total 03 - Use" fullname="JetBrains.ReSharper.Plugins.FSharp.Tests.Features.Refactorings.FSharpRenameTest.Active patterns - Module - Total 03 - Use" methodname="Active patterns - Module - Total 03 - Use" classname="FSharpRenameTest" result="Passed" duration="0.055" asserts="0">
                      <properties>
                        <property name="Category" value="Rename" />
                        <property name="Category" value="Refactoring" />
                      </properties>
                      <output><![CDATA[ReSharper LogPath is: C:\Users\berej\AppData\Local\Temp\JetLogs\ReSharperTests\resharper.log
Per-Test LogPath is: C:\Users\berej\AppData\Local\Temp\JetLogs\ReSharperTests\FSharpRenameTest\Active patterns - Module - Total 03 - Use.log

]]></output>
                    </test-case>
                    <test-case name="Active patterns - Should start with upper case" fullname="JetBrains.ReSharper.Plugins.FSharp.Tests.Features.Refactorings.FSharpRenameTest.Active patterns - Should start with upper case" methodname="Active patterns - Should start with upper case" classname="FSharpRenameTest" result="Passed" duration="0.046" asserts="0">
                      <properties>
                        <property name="Category" value="Rename" />
                        <property name="Category" value="Refactoring" />
                      </properties>
                      <output><![CDATA[ReSharper LogPath is: C:\Users\berej\AppData\Local\Temp\JetLogs\ReSharperTests\resharper.log
Per-Test LogPath is: C:\Users\berej\AppData\Local\Temp\JetLogs\ReSharperTests\FSharpRenameTest\Active patterns - Should start with upper case.log

]]></output>
                    </test-case>
                    <test-case name="Active patterns - Type private 01 - Partial" fullname="JetBrains.ReSharper.Plugins.FSharp.Tests.Features.Refactorings.FSharpRenameTest.Active patterns - Type private 01 - Partial" methodname="Active patterns - Type private 01 - Partial" classname="FSharpRenameTest" result="Passed" duration="0.075" asserts="0">
                      <properties>
                        <property name="Category" value="Rename" />
                        <property name="Category" value="Refactoring" />
                      </properties>
                      <output><![CDATA[ReSharper LogPath is: C:\Users\berej\AppData\Local\Temp\JetLogs\ReSharperTests\resharper.log
Per-Test LogPath is: C:\Users\berej\AppData\Local\Temp\JetLogs\ReSharperTests\FSharpRenameTest\Active patterns - Type private 01 - Partial.log

]]></output>
                    </test-case>
                    <test-case name="Active patterns - Type private 02 - Single" fullname="JetBrains.ReSharper.Plugins.FSharp.Tests.Features.Refactorings.FSharpRenameTest.Active patterns - Type private 02 - Single" methodname="Active patterns - Type private 02 - Single" classname="FSharpRenameTest" result="Passed" duration="0.069" asserts="0">
                      <properties>
                        <property name="Category" value="Rename" />
                        <property name="Category" value="Refactoring" />
                      </properties>
                      <output><![CDATA[ReSharper LogPath is: C:\Users\berej\AppData\Local\Temp\JetLogs\ReSharperTests\resharper.log
Per-Test LogPath is: C:\Users\berej\AppData\Local\Temp\JetLogs\ReSharperTests\FSharpRenameTest\Active patterns - Type private 02 - Single.log

]]></output>
                    </test-case>
                    <test-case name="Active patterns - Type private 03 - Total" fullname="JetBrains.ReSharper.Plugins.FSharp.Tests.Features.Refactorings.FSharpRenameTest.Active patterns - Type private 03 - Total" methodname="Active patterns - Type private 03 - Total" classname="FSharpRenameTest" result="Passed" duration="0.063" asserts="0">
                      <properties>
                        <property name="Category" value="Rename" />
                        <property name="Category" value="Refactoring" />
                      </properties>
                      <output><![CDATA[ReSharper LogPath is: C:\Users\berej\AppData\Local\Temp\JetLogs\ReSharperTests\resharper.log
Per-Test LogPath is: C:\Users\berej\AppData\Local\Temp\JetLogs\ReSharperTests\FSharpRenameTest\Active patterns - Type private 03 - Total.log

]]></output>
                    </test-case>
                    <test-case name="Active patterns - Unavailable" fullname="JetBrains.ReSharper.Plugins.FSharp.Tests.Features.Refactorings.FSharpRenameTest.Active patterns - Unavailable" methodname="Active patterns - Unavailable" classname="FSharpRenameTest" result="Passed" duration="0.042" asserts="0">
                      <properties>
                        <property name="Category" value="Rename" />
                        <property name="Category" value="Refactoring" />
                      </properties>
                      <output><![CDATA[ReSharper LogPath is: C:\Users\berej\AppData\Local\Temp\JetLogs\ReSharperTests\resharper.log
Per-Test LogPath is: C:\Users\berej\AppData\Local\Temp\JetLogs\ReSharperTests\FSharpRenameTest\Active patterns - Unavailable.log

]]></output>
                    </test-case>
                    <test-case name="Anon record 01" fullname="JetBrains.ReSharper.Plugins.FSharp.Tests.Features.Refactorings.FSharpRenameTest.Anon record 01" methodname="Anon record 01" classname="FSharpRenameTest" result="Passed" duration="0.074" asserts="0">
                      <properties>
                        <property name="Category" value="Rename" />
                        <property name="Category" value="Refactoring" />
                      </properties>
                      <output><![CDATA[ReSharper LogPath is: C:\Users\berej\AppData\Local\Temp\JetLogs\ReSharperTests\resharper.log
Per-Test LogPath is: C:\Users\berej\AppData\Local\Temp\JetLogs\ReSharperTests\FSharpRenameTest\Anon record 01.log

]]></output>
                    </test-case>
                    <test-case name="Anon record 02 - Invalid name" fullname="JetBrains.ReSharper.Plugins.FSharp.Tests.Features.Refactorings.FSharpRenameTest.Anon record 02 - Invalid name" methodname="Anon record 02 - Invalid name" classname="FSharpRenameTest" result="Passed" duration="0.078" asserts="0">
                      <properties>
                        <property name="Category" value="Rename" />
                        <property name="Category" value="Refactoring" />
                      </properties>
                      <output><![CDATA[ReSharper LogPath is: C:\Users\berej\AppData\Local\Temp\JetLogs\ReSharperTests\resharper.log
Per-Test LogPath is: C:\Users\berej\AppData\Local\Temp\JetLogs\ReSharperTests\FSharpRenameTest\Anon record 02 - Invalid name.log

]]></output>
                    </test-case>
                    <test-case name="Attribute - Arg 01 - Record field" fullname="JetBrains.ReSharper.Plugins.FSharp.Tests.Features.Refactorings.FSharpRenameTest.Attribute - Arg 01 - Record field" methodname="Attribute - Arg 01 - Record field" classname="FSharpRenameTest" result="Passed" duration="0.074" asserts="0">
                      <properties>
                        <property name="Category" value="Rename" />
                        <property name="Category" value="Refactoring" />
                      </properties>
                      <output><![CDATA[ReSharper LogPath is: C:\Users\berej\AppData\Local\Temp\JetLogs\ReSharperTests\resharper.log
Per-Test LogPath is: C:\Users\berej\AppData\Local\Temp\JetLogs\ReSharperTests\FSharpRenameTest\Attribute - Arg 01 - Record field.log

]]></output>
                    </test-case>
                    <test-case name="Attribute - Attribute type 01" fullname="JetBrains.ReSharper.Plugins.FSharp.Tests.Features.Refactorings.FSharpRenameTest.Attribute - Attribute type 01" methodname="Attribute - Attribute type 01" classname="FSharpRenameTest" result="Passed" duration="0.065" asserts="0">
                      <properties>
                        <property name="Category" value="Rename" />
                        <property name="Category" value="Refactoring" />
                      </properties>
                      <output><![CDATA[ReSharper LogPath is: C:\Users\berej\AppData\Local\Temp\JetLogs\ReSharperTests\resharper.log
Per-Test LogPath is: C:\Users\berej\AppData\Local\Temp\JetLogs\ReSharperTests\FSharpRenameTest\Attribute - Attribute type 01.log

]]></output>
                    </test-case>
                    <test-case name="Ctor params 01" fullname="JetBrains.ReSharper.Plugins.FSharp.Tests.Features.Refactorings.FSharpRenameTest.Ctor params 01" methodname="Ctor params 01" classname="FSharpRenameTest" result="Passed" duration="0.063" asserts="0">
                      <properties>
                        <property name="Category" value="Rename" />
                        <property name="Category" value="Refactoring" />
                      </properties>
                      <output><![CDATA[ReSharper LogPath is: C:\Users\berej\AppData\Local\Temp\JetLogs\ReSharperTests\resharper.log
Per-Test LogPath is: C:\Users\berej\AppData\Local\Temp\JetLogs\ReSharperTests\FSharpRenameTest\Ctor params 01.log

]]></output>
                    </test-case>
                    <test-case name="Ctor params 02" fullname="JetBrains.ReSharper.Plugins.FSharp.Tests.Features.Refactorings.FSharpRenameTest.Ctor params 02" methodname="Ctor params 02" classname="FSharpRenameTest" result="Passed" duration="0.062" asserts="0">
                      <properties>
                        <property name="Category" value="Rename" />
                        <property name="Category" value="Refactoring" />
                      </properties>
                      <output><![CDATA[ReSharper LogPath is: C:\Users\berej\AppData\Local\Temp\JetLogs\ReSharperTests\resharper.log
Per-Test LogPath is: C:\Users\berej\AppData\Local\Temp\JetLogs\ReSharperTests\FSharpRenameTest\Ctor params 02.log

]]></output>
                    </test-case>
                    <test-case name="Ctor params 03" fullname="JetBrains.ReSharper.Plugins.FSharp.Tests.Features.Refactorings.FSharpRenameTest.Ctor params 03" methodname="Ctor params 03" classname="FSharpRenameTest" result="Passed" duration="0.054" asserts="0">
                      <properties>
                        <property name="Category" value="Rename" />
                        <property name="Category" value="Refactoring" />
                      </properties>
                      <output><![CDATA[ReSharper LogPath is: C:\Users\berej\AppData\Local\Temp\JetLogs\ReSharperTests\resharper.log
Per-Test LogPath is: C:\Users\berej\AppData\Local\Temp\JetLogs\ReSharperTests\FSharpRenameTest\Ctor params 03.log

]]></output>
                    </test-case>
                    <test-case name="Error - If 01" fullname="JetBrains.ReSharper.Plugins.FSharp.Tests.Features.Refactorings.FSharpRenameTest.Error - If 01" methodname="Error - If 01" classname="FSharpRenameTest" result="Passed" duration="0.092" asserts="0">
                      <properties>
                        <property name="Category" value="Rename" />
                        <property name="Category" value="Refactoring" />
                      </properties>
                      <output><![CDATA[ReSharper LogPath is: C:\Users\berej\AppData\Local\Temp\JetLogs\ReSharperTests\resharper.log
Per-Test LogPath is: C:\Users\berej\AppData\Local\Temp\JetLogs\ReSharperTests\FSharpRenameTest\Error - If 01.log

]]></output>
                    </test-case>
                    <test-case name="Extensions - Optional - Instance 01" fullname="JetBrains.ReSharper.Plugins.FSharp.Tests.Features.Refactorings.FSharpRenameTest.Extensions - Optional - Instance 01" methodname="Extensions - Optional - Instance 01" classname="FSharpRenameTest" result="Passed" duration="0.103" asserts="0">
                      <properties>
                        <property name="Category" value="Rename" />
                        <property name="Category" value="Refactoring" />
                      </properties>
                      <output><![CDATA[ReSharper LogPath is: C:\Users\berej\AppData\Local\Temp\JetLogs\ReSharperTests\resharper.log
Per-Test LogPath is: C:\Users\berej\AppData\Local\Temp\JetLogs\ReSharperTests\FSharpRenameTest\Extensions - Optional - Instance 01.log

]]></output>
                    </test-case>
                    <test-case name="Extensions - Optional - Instance 02" fullname="JetBrains.ReSharper.Plugins.FSharp.Tests.Features.Refactorings.FSharpRenameTest.Extensions - Optional - Instance 02" methodname="Extensions - Optional - Instance 02" classname="FSharpRenameTest" result="Passed" duration="0.1" asserts="0">
                      <properties>
                        <property name="Category" value="Rename" />
                        <property name="Category" value="Refactoring" />
                      </properties>
                      <output><![CDATA[ReSharper LogPath is: C:\Users\berej\AppData\Local\Temp\JetLogs\ReSharperTests\resharper.log
Per-Test LogPath is: C:\Users\berej\AppData\Local\Temp\JetLogs\ReSharperTests\FSharpRenameTest\Extensions - Optional - Instance 02.log

]]></output>
                    </test-case>
                    <test-case name="Extensions - Optional - Instance 03 - Overloads 01" fullname="JetBrains.ReSharper.Plugins.FSharp.Tests.Features.Refactorings.FSharpRenameTest.Extensions - Optional - Instance 03 - Overloads 01" methodname="Extensions - Optional - Instance 03 - Overloads 01" classname="FSharpRenameTest" result="Passed" duration="0.244" asserts="0">
                      <properties>
                        <property name="Category" value="Rename" />
                        <property name="Category" value="Refactoring" />
                      </properties>
                      <output><![CDATA[ReSharper LogPath is: C:\Users\berej\AppData\Local\Temp\JetLogs\ReSharperTests\resharper.log
Per-Test LogPath is: C:\Users\berej\AppData\Local\Temp\JetLogs\ReSharperTests\FSharpRenameTest\Extensions - Optional - Instance 03 - Overloads 01.log

]]></output>
                    </test-case>
                    <test-case name="Extensions - Optional - Instance 04 - Overloads 02" fullname="JetBrains.ReSharper.Plugins.FSharp.Tests.Features.Refactorings.FSharpRenameTest.Extensions - Optional - Instance 04 - Overloads 02" methodname="Extensions - Optional - Instance 04 - Overloads 02" classname="FSharpRenameTest" result="Passed" duration="0.266" asserts="0">
                      <properties>
                        <property name="Category" value="Rename" />
                        <property name="Category" value="Refactoring" />
                      </properties>
                      <output><![CDATA[ReSharper LogPath is: C:\Users\berej\AppData\Local\Temp\JetLogs\ReSharperTests\resharper.log
Per-Test LogPath is: C:\Users\berej\AppData\Local\Temp\JetLogs\ReSharperTests\FSharpRenameTest\Extensions - Optional - Instance 04 - Overloads 02.log

]]></output>
                    </test-case>
                    <test-case name="Extensions - Optional - Static 01 - Same params 01" fullname="JetBrains.ReSharper.Plugins.FSharp.Tests.Features.Refactorings.FSharpRenameTest.Extensions - Optional - Static 01 - Same params 01" methodname="Extensions - Optional - Static 01 - Same params 01" classname="FSharpRenameTest" result="Passed" duration="0.127" asserts="0">
                      <properties>
                        <property name="Category" value="Rename" />
                        <property name="Category" value="Refactoring" />
                      </properties>
                      <output><![CDATA[ReSharper LogPath is: C:\Users\berej\AppData\Local\Temp\JetLogs\ReSharperTests\resharper.log
Per-Test LogPath is: C:\Users\berej\AppData\Local\Temp\JetLogs\ReSharperTests\FSharpRenameTest\Extensions - Optional - Static 01 - Same params 01.log

]]></output>
                    </test-case>
                    <test-case name="Extensions - Optional - Static 02 - Same params 02" fullname="JetBrains.ReSharper.Plugins.FSharp.Tests.Features.Refactorings.FSharpRenameTest.Extensions - Optional - Static 02 - Same params 02" methodname="Extensions - Optional - Static 02 - Same params 02" classname="FSharpRenameTest" result="Passed" duration="0.128" asserts="0">
                      <properties>
                        <property name="Category" value="Rename" />
                        <property name="Category" value="Refactoring" />
                      </properties>
                      <output><![CDATA[ReSharper LogPath is: C:\Users\berej\AppData\Local\Temp\JetLogs\ReSharperTests\resharper.log
Per-Test LogPath is: C:\Users\berej\AppData\Local\Temp\JetLogs\ReSharperTests\FSharpRenameTest\Extensions - Optional - Static 02 - Same params 02.log

]]></output>
                    </test-case>
                    <test-case name="Extensions - Optional - Static 03 - Different params 01" fullname="JetBrains.ReSharper.Plugins.FSharp.Tests.Features.Refactorings.FSharpRenameTest.Extensions - Optional - Static 03 - Different params 01" methodname="Extensions - Optional - Static 03 - Different params 01" classname="FSharpRenameTest" result="Passed" duration="0.186" asserts="0">
                      <properties>
                        <property name="Category" value="Rename" />
                        <property name="Category" value="Refactoring" />
                      </properties>
                      <output><![CDATA[ReSharper LogPath is: C:\Users\berej\AppData\Local\Temp\JetLogs\ReSharperTests\resharper.log
Per-Test LogPath is: C:\Users\berej\AppData\Local\Temp\JetLogs\ReSharperTests\FSharpRenameTest\Extensions - Optional - Static 03 - Different params 01.log

]]></output>
                    </test-case>
                    <test-case name="Extensions - Optional - Static 04 - Different params 02" fullname="JetBrains.ReSharper.Plugins.FSharp.Tests.Features.Refactorings.FSharpRenameTest.Extensions - Optional - Static 04 - Different params 02" methodname="Extensions - Optional - Static 04 - Different params 02" classname="FSharpRenameTest" result="Passed" duration="0.153" asserts="0">
                      <properties>
                        <property name="Category" value="Rename" />
                        <property name="Category" value="Refactoring" />
                      </properties>
                      <output><![CDATA[ReSharper LogPath is: C:\Users\berej\AppData\Local\Temp\JetLogs\ReSharperTests\resharper.log
Per-Test LogPath is: C:\Users\berej\AppData\Local\Temp\JetLogs\ReSharperTests\FSharpRenameTest\Extensions - Optional - Static 04 - Different params 02.log

]]></output>
                    </test-case>
                    <test-case name="Extensions - Optional - Type 01" fullname="JetBrains.ReSharper.Plugins.FSharp.Tests.Features.Refactorings.FSharpRenameTest.Extensions - Optional - Type 01" methodname="Extensions - Optional - Type 01" classname="FSharpRenameTest" result="Passed" duration="0.085" asserts="0">
                      <properties>
                        <property name="Category" value="Rename" />
                        <property name="Category" value="Refactoring" />
                      </properties>
                      <output><![CDATA[ReSharper LogPath is: C:\Users\berej\AppData\Local\Temp\JetLogs\ReSharperTests\resharper.log
Per-Test LogPath is: C:\Users\berej\AppData\Local\Temp\JetLogs\ReSharperTests\FSharpRenameTest\Extensions - Optional - Type 01.log

]]></output>
                    </test-case>
                    <test-case name="Extensions - Optional - Type 02 - Qualified" fullname="JetBrains.ReSharper.Plugins.FSharp.Tests.Features.Refactorings.FSharpRenameTest.Extensions - Optional - Type 02 - Qualified" methodname="Extensions - Optional - Type 02 - Qualified" classname="FSharpRenameTest" result="Passed" duration="0.087" asserts="0">
                      <properties>
                        <property name="Category" value="Rename" />
                        <property name="Category" value="Refactoring" />
                      </properties>
                      <output><![CDATA[ReSharper LogPath is: C:\Users\berej\AppData\Local\Temp\JetLogs\ReSharperTests\resharper.log
Per-Test LogPath is: C:\Users\berej\AppData\Local\Temp\JetLogs\ReSharperTests\FSharpRenameTest\Extensions - Optional - Type 02 - Qualified.log

]]></output>
                    </test-case>
                    <test-case name="Extensions - Optional - Type 03 - Qualified 2" fullname="JetBrains.ReSharper.Plugins.FSharp.Tests.Features.Refactorings.FSharpRenameTest.Extensions - Optional - Type 03 - Qualified 2" methodname="Extensions - Optional - Type 03 - Qualified 2" classname="FSharpRenameTest" result="Passed" duration="0.061" asserts="0">
                      <properties>
                        <property name="Category" value="Rename" />
                        <property name="Category" value="Refactoring" />
                      </properties>
                      <output><![CDATA[ReSharper LogPath is: C:\Users\berej\AppData\Local\Temp\JetLogs\ReSharperTests\resharper.log
Per-Test LogPath is: C:\Users\berej\AppData\Local\Temp\JetLogs\ReSharperTests\FSharpRenameTest\Extensions - Optional - Type 03 - Qualified 2.log

]]></output>
                    </test-case>
                    <test-case name="Generated members - Record fields 01 - Ctor param" fullname="JetBrains.ReSharper.Plugins.FSharp.Tests.Features.Refactorings.FSharpRenameTest.Generated members - Record fields 01 - Ctor param" methodname="Generated members - Record fields 01 - Ctor param" classname="FSharpRenameTest" result="Passed" duration="0.152" asserts="0">
                      <properties>
                        <property name="Category" value="Rename" />
                        <property name="Category" value="Refactoring" />
                      </properties>
                      <output><![CDATA[ReSharper LogPath is: C:\Users\berej\AppData\Local\Temp\JetLogs\ReSharperTests\resharper.log
Per-Test LogPath is: C:\Users\berej\AppData\Local\Temp\JetLogs\ReSharperTests\FSharpRenameTest\Generated members - Record fields 01 - Ctor param.log

]]></output>
                    </test-case>
                    <test-case name="Implicit module 01 - From same name" fullname="JetBrains.ReSharper.Plugins.FSharp.Tests.Features.Refactorings.FSharpRenameTest.Implicit module 01 - From same name" methodname="Implicit module 01 - From same name" classname="FSharpRenameTest" result="Passed" duration="0.079" asserts="0">
                      <properties>
                        <property name="Category" value="Rename" />
                        <property name="Category" value="Refactoring" />
                      </properties>
                      <output><![CDATA[ReSharper LogPath is: C:\Users\berej\AppData\Local\Temp\JetLogs\ReSharperTests\resharper.log
Per-Test LogPath is: C:\Users\berej\AppData\Local\Temp\JetLogs\ReSharperTests\FSharpRenameTest\Implicit module 01 - From same name.log

]]></output>
                    </test-case>
                    <test-case name="Implicit module 02 - To same name" fullname="JetBrains.ReSharper.Plugins.FSharp.Tests.Features.Refactorings.FSharpRenameTest.Implicit module 02 - To same name" methodname="Implicit module 02 - To same name" classname="FSharpRenameTest" result="Passed" duration="0.102" asserts="0">
                      <properties>
                        <property name="Category" value="Rename" />
                        <property name="Category" value="Refactoring" />
                      </properties>
                      <output><![CDATA[ReSharper LogPath is: C:\Users\berej\AppData\Local\Temp\JetLogs\ReSharperTests\resharper.log
Per-Test LogPath is: C:\Users\berej\AppData\Local\Temp\JetLogs\ReSharperTests\FSharpRenameTest\Implicit module 02 - To same name.log

]]></output>
                    </test-case>
                    <test-case name="Inherit expr 01 - Arg" fullname="JetBrains.ReSharper.Plugins.FSharp.Tests.Features.Refactorings.FSharpRenameTest.Inherit expr 01 - Arg" methodname="Inherit expr 01 - Arg" classname="FSharpRenameTest" result="Passed" duration="0.079" asserts="0">
                      <properties>
                        <property name="Category" value="Rename" />
                        <property name="Category" value="Refactoring" />
                      </properties>
                      <output><![CDATA[ReSharper LogPath is: C:\Users\berej\AppData\Local\Temp\JetLogs\ReSharperTests\resharper.log
Per-Test LogPath is: C:\Users\berej\AppData\Local\Temp\JetLogs\ReSharperTests\FSharpRenameTest\Inherit expr 01 - Arg.log

]]></output>
                    </test-case>
                    <test-case name="Inherit expr 02 - Type name" fullname="JetBrains.ReSharper.Plugins.FSharp.Tests.Features.Refactorings.FSharpRenameTest.Inherit expr 02 - Type name" methodname="Inherit expr 02 - Type name" classname="FSharpRenameTest" result="Passed" duration="0.057" asserts="0">
                      <properties>
                        <property name="Category" value="Rename" />
                        <property name="Category" value="Refactoring" />
                      </properties>
                      <output><![CDATA[ReSharper LogPath is: C:\Users\berej\AppData\Local\Temp\JetLogs\ReSharperTests\resharper.log
Per-Test LogPath is: C:\Users\berej\AppData\Local\Temp\JetLogs\ReSharperTests\FSharpRenameTest\Inherit expr 02 - Type name.log

]]></output>
                    </test-case>
                    <test-case name="Inherit expr 03 - Field" fullname="JetBrains.ReSharper.Plugins.FSharp.Tests.Features.Refactorings.FSharpRenameTest.Inherit expr 03 - Field" methodname="Inherit expr 03 - Field" classname="FSharpRenameTest" result="Passed" duration="0.067" asserts="0">
                      <properties>
                        <property name="Category" value="Rename" />
                        <property name="Category" value="Refactoring" />
                      </properties>
                      <output><![CDATA[ReSharper LogPath is: C:\Users\berej\AppData\Local\Temp\JetLogs\ReSharperTests\resharper.log
Per-Test LogPath is: C:\Users\berej\AppData\Local\Temp\JetLogs\ReSharperTests\FSharpRenameTest\Inherit expr 03 - Field.log

]]></output>
                    </test-case>
                    <test-case name="Inline - Ctor do" fullname="JetBrains.ReSharper.Plugins.FSharp.Tests.Features.Refactorings.FSharpRenameTest.Inline - Ctor do" methodname="Inline - Ctor do" classname="FSharpRenameTest" result="Passed" duration="0.064" asserts="0">
                      <properties>
                        <property name="Category" value="Rename" />
                        <property name="Category" value="Refactoring" />
                      </properties>
                      <output><![CDATA[ReSharper LogPath is: C:\Users\berej\AppData\Local\Temp\JetLogs\ReSharperTests\resharper.log
Per-Test LogPath is: C:\Users\berej\AppData\Local\Temp\JetLogs\ReSharperTests\FSharpRenameTest\Inline - Ctor do.log

]]></output>
                    </test-case>
                    <test-case name="Inline - Ctor self id" fullname="JetBrains.ReSharper.Plugins.FSharp.Tests.Features.Refactorings.FSharpRenameTest.Inline - Ctor self id" methodname="Inline - Ctor self id" classname="FSharpRenameTest" result="Passed" duration="0.076" asserts="0">
                      <properties>
                        <property name="Category" value="Rename" />
                        <property name="Category" value="Refactoring" />
                      </properties>
                      <output><![CDATA[ReSharper LogPath is: C:\Users\berej\AppData\Local\Temp\JetLogs\ReSharperTests\resharper.log
Per-Test LogPath is: C:\Users\berej\AppData\Local\Temp\JetLogs\ReSharperTests\FSharpRenameTest\Inline - Ctor self id.log

]]></output>
                    </test-case>
                    <test-case name="Inline - Declaration" fullname="JetBrains.ReSharper.Plugins.FSharp.Tests.Features.Refactorings.FSharpRenameTest.Inline - Declaration" methodname="Inline - Declaration" classname="FSharpRenameTest" result="Passed" duration="0.069" asserts="0">
                      <properties>
                        <property name="Category" value="Rename" />
                        <property name="Category" value="Refactoring" />
                      </properties>
                      <output><![CDATA[ReSharper LogPath is: C:\Users\berej\AppData\Local\Temp\JetLogs\ReSharperTests\resharper.log
Per-Test LogPath is: C:\Users\berej\AppData\Local\Temp\JetLogs\ReSharperTests\FSharpRenameTest\Inline - Declaration.log

]]></output>
                    </test-case>
                    <test-case name="Inline - Lambda param 01" fullname="JetBrains.ReSharper.Plugins.FSharp.Tests.Features.Refactorings.FSharpRenameTest.Inline - Lambda param 01" methodname="Inline - Lambda param 01" classname="FSharpRenameTest" result="Passed" duration="0.06" asserts="0">
                      <properties>
                        <property name="Category" value="Rename" />
                        <property name="Category" value="Refactoring" />
                      </properties>
                      <output><![CDATA[ReSharper LogPath is: C:\Users\berej\AppData\Local\Temp\JetLogs\ReSharperTests\resharper.log
Per-Test LogPath is: C:\Users\berej\AppData\Local\Temp\JetLogs\ReSharperTests\FSharpRenameTest\Inline - Lambda param 01.log

]]></output>
                    </test-case>
                    <test-case name="Inline - Lambda param 02 - Typed" fullname="JetBrains.ReSharper.Plugins.FSharp.Tests.Features.Refactorings.FSharpRenameTest.Inline - Lambda param 02 - Typed" methodname="Inline - Lambda param 02 - Typed" classname="FSharpRenameTest" result="Passed" duration="0.062" asserts="0">
                      <properties>
                        <property name="Category" value="Rename" />
                        <property name="Category" value="Refactoring" />
                      </properties>
                      <output><![CDATA[ReSharper LogPath is: C:\Users\berej\AppData\Local\Temp\JetLogs\ReSharperTests\resharper.log
Per-Test LogPath is: C:\Users\berej\AppData\Local\Temp\JetLogs\ReSharperTests\FSharpRenameTest\Inline - Lambda param 02 - Typed.log

]]></output>
                    </test-case>
                    <test-case name="Inline - Member self id" fullname="JetBrains.ReSharper.Plugins.FSharp.Tests.Features.Refactorings.FSharpRenameTest.Inline - Member self id" methodname="Inline - Member self id" classname="FSharpRenameTest" result="Passed" duration="0.075" asserts="0">
                      <properties>
                        <property name="Category" value="Rename" />
                        <property name="Category" value="Refactoring" />
                      </properties>
                      <output><![CDATA[ReSharper LogPath is: C:\Users\berej\AppData\Local\Temp\JetLogs\ReSharperTests\resharper.log
Per-Test LogPath is: C:\Users\berej\AppData\Local\Temp\JetLogs\ReSharperTests\FSharpRenameTest\Inline - Member self id.log

]]></output>
                    </test-case>
                    <test-case name="Inline - Not allowed - Active pattern 01 - Match" fullname="JetBrains.ReSharper.Plugins.FSharp.Tests.Features.Refactorings.FSharpRenameTest.Inline - Not allowed - Active pattern 01 - Match" methodname="Inline - Not allowed - Active pattern 01 - Match" classname="FSharpRenameTest" result="Passed" duration="0.054" asserts="0">
                      <properties>
                        <property name="Category" value="Rename" />
                        <property name="Category" value="Refactoring" />
                      </properties>
                      <output><![CDATA[ReSharper LogPath is: C:\Users\berej\AppData\Local\Temp\JetLogs\ReSharperTests\resharper.log
Per-Test LogPath is: C:\Users\berej\AppData\Local\Temp\JetLogs\ReSharperTests\FSharpRenameTest\Inline - Not allowed - Active pattern 01 - Match.log

]]></output>
                    </test-case>
                    <test-case name="Inline - Not allowed - Active pattern 02 - For" fullname="JetBrains.ReSharper.Plugins.FSharp.Tests.Features.Refactorings.FSharpRenameTest.Inline - Not allowed - Active pattern 02 - For" methodname="Inline - Not allowed - Active pattern 02 - For" classname="FSharpRenameTest" result="Passed" duration="0.047" asserts="0">
                      <properties>
                        <property name="Category" value="Rename" />
                        <property name="Category" value="Refactoring" />
                      </properties>
                      <output><![CDATA[ReSharper LogPath is: C:\Users\berej\AppData\Local\Temp\JetLogs\ReSharperTests\resharper.log
Per-Test LogPath is: C:\Users\berej\AppData\Local\Temp\JetLogs\ReSharperTests\FSharpRenameTest\Inline - Not allowed - Active pattern 02 - For.log

]]></output>
                    </test-case>
                    <test-case name="Inline - Not allowed - Active pattern 03 - Param" fullname="JetBrains.ReSharper.Plugins.FSharp.Tests.Features.Refactorings.FSharpRenameTest.Inline - Not allowed - Active pattern 03 - Param" methodname="Inline - Not allowed - Active pattern 03 - Param" classname="FSharpRenameTest" result="Passed" duration="0.034" asserts="0">
                      <properties>
                        <property name="Category" value="Rename" />
                        <property name="Category" value="Refactoring" />
                      </properties>
                      <output><![CDATA[ReSharper LogPath is: C:\Users\berej\AppData\Local\Temp\JetLogs\ReSharperTests\resharper.log
Per-Test LogPath is: C:\Users\berej\AppData\Local\Temp\JetLogs\ReSharperTests\FSharpRenameTest\Inline - Not allowed - Active pattern 03 - Param.log

]]></output>
                    </test-case>
                    <test-case name="Inline - Not allowed - Union case 01" fullname="JetBrains.ReSharper.Plugins.FSharp.Tests.Features.Refactorings.FSharpRenameTest.Inline - Not allowed - Union case 01" methodname="Inline - Not allowed - Union case 01" classname="FSharpRenameTest" result="Passed" duration="0.049" asserts="0">
                      <properties>
                        <property name="Category" value="Rename" />
                        <property name="Category" value="Refactoring" />
                      </properties>
                      <output><![CDATA[ReSharper LogPath is: C:\Users\berej\AppData\Local\Temp\JetLogs\ReSharperTests\resharper.log
Per-Test LogPath is: C:\Users\berej\AppData\Local\Temp\JetLogs\ReSharperTests\FSharpRenameTest\Inline - Not allowed - Union case 01.log

]]></output>
                    </test-case>
                    <test-case name="Inline - Pattern 01" fullname="JetBrains.ReSharper.Plugins.FSharp.Tests.Features.Refactorings.FSharpRenameTest.Inline - Pattern 01" methodname="Inline - Pattern 01" classname="FSharpRenameTest" result="Passed" duration="0.061" asserts="0">
                      <properties>
                        <property name="Category" value="Rename" />
                        <property name="Category" value="Refactoring" />
                      </properties>
                      <output><![CDATA[ReSharper LogPath is: C:\Users\berej\AppData\Local\Temp\JetLogs\ReSharperTests\resharper.log
Per-Test LogPath is: C:\Users\berej\AppData\Local\Temp\JetLogs\ReSharperTests\FSharpRenameTest\Inline - Pattern 01.log

]]></output>
                    </test-case>
                    <test-case name="Inline - Secondary ctor self id" fullname="JetBrains.ReSharper.Plugins.FSharp.Tests.Features.Refactorings.FSharpRenameTest.Inline - Secondary ctor self id" methodname="Inline - Secondary ctor self id" classname="FSharpRenameTest" result="Passed" duration="0.069" asserts="0">
                      <properties>
                        <property name="Category" value="Rename" />
                        <property name="Category" value="Refactoring" />
                      </properties>
                      <output><![CDATA[ReSharper LogPath is: C:\Users\berej\AppData\Local\Temp\JetLogs\ReSharperTests\resharper.log
Per-Test LogPath is: C:\Users\berej\AppData\Local\Temp\JetLogs\ReSharperTests\FSharpRenameTest\Inline - Secondary ctor self id.log

]]></output>
                    </test-case>
                    <test-case name="Inline - synPat or 1" fullname="JetBrains.ReSharper.Plugins.FSharp.Tests.Features.Refactorings.FSharpRenameTest.Inline - synPat or 1" methodname="Inline - synPat or 1" classname="FSharpRenameTest" result="Passed" duration="0.086" asserts="0">
                      <properties>
                        <property name="Category" value="Rename" />
                        <property name="Category" value="Refactoring" />
                      </properties>
                      <output><![CDATA[ReSharper LogPath is: C:\Users\berej\AppData\Local\Temp\JetLogs\ReSharperTests\resharper.log
Per-Test LogPath is: C:\Users\berej\AppData\Local\Temp\JetLogs\ReSharperTests\FSharpRenameTest\Inline - synPat or 1.log

]]></output>
                    </test-case>
                    <test-case name="Inline - synPat or 2" fullname="JetBrains.ReSharper.Plugins.FSharp.Tests.Features.Refactorings.FSharpRenameTest.Inline - synPat or 2" methodname="Inline - synPat or 2" classname="FSharpRenameTest" result="Passed" duration="0.073" asserts="0">
                      <properties>
                        <property name="Category" value="Rename" />
                        <property name="Category" value="Refactoring" />
                      </properties>
                      <output><![CDATA[ReSharper LogPath is: C:\Users\berej\AppData\Local\Temp\JetLogs\ReSharperTests\resharper.log
Per-Test LogPath is: C:\Users\berej\AppData\Local\Temp\JetLogs\ReSharperTests\FSharpRenameTest\Inline - synPat or 2.log

]]></output>
                    </test-case>
                    <test-case name="Inline - synPat or 3" fullname="JetBrains.ReSharper.Plugins.FSharp.Tests.Features.Refactorings.FSharpRenameTest.Inline - synPat or 3" methodname="Inline - synPat or 3" classname="FSharpRenameTest" result="Passed" duration="0.082" asserts="0">
                      <properties>
                        <property name="Category" value="Rename" />
                        <property name="Category" value="Refactoring" />
                      </properties>
                      <output><![CDATA[ReSharper LogPath is: C:\Users\berej\AppData\Local\Temp\JetLogs\ReSharperTests\resharper.log
Per-Test LogPath is: C:\Users\berej\AppData\Local\Temp\JetLogs\ReSharperTests\FSharpRenameTest\Inline - synPat or 3.log

]]></output>
                    </test-case>
                    <test-case name="Inline - synPat or 4" fullname="JetBrains.ReSharper.Plugins.FSharp.Tests.Features.Refactorings.FSharpRenameTest.Inline - synPat or 4" methodname="Inline - synPat or 4" classname="FSharpRenameTest" result="Passed" duration="0.066" asserts="0">
                      <properties>
                        <property name="Category" value="Rename" />
                        <property name="Category" value="Refactoring" />
                      </properties>
                      <output><![CDATA[ReSharper LogPath is: C:\Users\berej\AppData\Local\Temp\JetLogs\ReSharperTests\resharper.log
Per-Test LogPath is: C:\Users\berej\AppData\Local\Temp\JetLogs\ReSharperTests\FSharpRenameTest\Inline - synPat or 4.log

]]></output>
                    </test-case>
                    <test-case name="Inline - Use" fullname="JetBrains.ReSharper.Plugins.FSharp.Tests.Features.Refactorings.FSharpRenameTest.Inline - Use" methodname="Inline - Use" classname="FSharpRenameTest" result="Passed" duration="0.077" asserts="0">
                      <properties>
                        <property name="Category" value="Rename" />
                        <property name="Category" value="Refactoring" />
                      </properties>
                      <output><![CDATA[ReSharper LogPath is: C:\Users\berej\AppData\Local\Temp\JetLogs\ReSharperTests\resharper.log
Per-Test LogPath is: C:\Users\berej\AppData\Local\Temp\JetLogs\ReSharperTests\FSharpRenameTest\Inline - Use.log

]]></output>
                    </test-case>
                    <test-case name="Interface 01 - Impl" fullname="JetBrains.ReSharper.Plugins.FSharp.Tests.Features.Refactorings.FSharpRenameTest.Interface 01 - Impl" methodname="Interface 01 - Impl" classname="FSharpRenameTest" result="Passed" duration="0.112" asserts="0">
                      <properties>
                        <property name="Category" value="Rename" />
                        <property name="Category" value="Refactoring" />
                      </properties>
                      <output><![CDATA[ReSharper LogPath is: C:\Users\berej\AppData\Local\Temp\JetLogs\ReSharperTests\resharper.log
Per-Test LogPath is: C:\Users\berej\AppData\Local\Temp\JetLogs\ReSharperTests\FSharpRenameTest\Interface 01 - Impl.log

]]></output>
                    </test-case>
                    <test-case name="Interface 02 - Internal type impl" fullname="JetBrains.ReSharper.Plugins.FSharp.Tests.Features.Refactorings.FSharpRenameTest.Interface 02 - Internal type impl" methodname="Interface 02 - Internal type impl" classname="FSharpRenameTest" result="Passed" duration="0.117" asserts="0">
                      <properties>
                        <property name="Category" value="Rename" />
                        <property name="Category" value="Refactoring" />
                      </properties>
                      <output><![CDATA[ReSharper LogPath is: C:\Users\berej\AppData\Local\Temp\JetLogs\ReSharperTests\resharper.log
Per-Test LogPath is: C:\Users\berej\AppData\Local\Temp\JetLogs\ReSharperTests\FSharpRenameTest\Interface 02 - Internal type impl.log

]]></output>
                    </test-case>
                    <test-case name="Module binding - Function" fullname="JetBrains.ReSharper.Plugins.FSharp.Tests.Features.Refactorings.FSharpRenameTest.Module binding - Function" methodname="Module binding - Function" classname="FSharpRenameTest" result="Passed" duration="0.092" asserts="0">
                      <properties>
                        <property name="Category" value="Rename" />
                        <property name="Category" value="Refactoring" />
                      </properties>
                      <output><![CDATA[ReSharper LogPath is: C:\Users\berej\AppData\Local\Temp\JetLogs\ReSharperTests\resharper.log
Per-Test LogPath is: C:\Users\berej\AppData\Local\Temp\JetLogs\ReSharperTests\FSharpRenameTest\Module binding - Function.log

]]></output>
                    </test-case>
                    <test-case name="Module binding - Named pat 01 - id" fullname="JetBrains.ReSharper.Plugins.FSharp.Tests.Features.Refactorings.FSharpRenameTest.Module binding - Named pat 01 - id" methodname="Module binding - Named pat 01 - id" classname="FSharpRenameTest" result="Passed" duration="0.08" asserts="0">
                      <properties>
                        <property name="Category" value="Rename" />
                        <property name="Category" value="Refactoring" />
                      </properties>
                      <output><![CDATA[ReSharper LogPath is: C:\Users\berej\AppData\Local\Temp\JetLogs\ReSharperTests\resharper.log
Per-Test LogPath is: C:\Users\berej\AppData\Local\Temp\JetLogs\ReSharperTests\FSharpRenameTest\Module binding - Named pat 01 - id.log

]]></output>
                    </test-case>
                    <test-case name="Module binding - Named pat 02 - pat" fullname="JetBrains.ReSharper.Plugins.FSharp.Tests.Features.Refactorings.FSharpRenameTest.Module binding - Named pat 02 - pat" methodname="Module binding - Named pat 02 - pat" classname="FSharpRenameTest" result="Passed" duration="0.091" asserts="0">
                      <properties>
                        <property name="Category" value="Rename" />
                        <property name="Category" value="Refactoring" />
                      </properties>
                      <output><![CDATA[ReSharper LogPath is: C:\Users\berej\AppData\Local\Temp\JetLogs\ReSharperTests\resharper.log
Per-Test LogPath is: C:\Users\berej\AppData\Local\Temp\JetLogs\ReSharperTests\FSharpRenameTest\Module binding - Named pat 02 - pat.log

]]></output>
                    </test-case>
                    <test-case name="Module binding - Named pat 03 - nested pat" fullname="JetBrains.ReSharper.Plugins.FSharp.Tests.Features.Refactorings.FSharpRenameTest.Module binding - Named pat 03 - nested pat" methodname="Module binding - Named pat 03 - nested pat" classname="FSharpRenameTest" result="Passed" duration="0.083" asserts="0">
                      <properties>
                        <property name="Category" value="Rename" />
                        <property name="Category" value="Refactoring" />
                      </properties>
                      <output><![CDATA[ReSharper LogPath is: C:\Users\berej\AppData\Local\Temp\JetLogs\ReSharperTests\resharper.log
Per-Test LogPath is: C:\Users\berej\AppData\Local\Temp\JetLogs\ReSharperTests\FSharpRenameTest\Module binding - Named pat 03 - nested pat.log

]]></output>
                    </test-case>
                    <test-case name="Module binding - nested synPat or 1" fullname="JetBrains.ReSharper.Plugins.FSharp.Tests.Features.Refactorings.FSharpRenameTest.Module binding - nested synPat or 1" methodname="Module binding - nested synPat or 1" classname="FSharpRenameTest" result="Passed" duration="0.112" asserts="0">
                      <properties>
                        <property name="Category" value="Rename" />
                        <property name="Category" value="Refactoring" />
                      </properties>
                      <output><![CDATA[ReSharper LogPath is: C:\Users\berej\AppData\Local\Temp\JetLogs\ReSharperTests\resharper.log
Per-Test LogPath is: C:\Users\berej\AppData\Local\Temp\JetLogs\ReSharperTests\FSharpRenameTest\Module binding - nested synPat or 1.log

]]></output>
                    </test-case>
                    <test-case name="Module binding - nested synPat or 2" fullname="JetBrains.ReSharper.Plugins.FSharp.Tests.Features.Refactorings.FSharpRenameTest.Module binding - nested synPat or 2" methodname="Module binding - nested synPat or 2" classname="FSharpRenameTest" result="Passed" duration="0.103" asserts="0">
                      <properties>
                        <property name="Category" value="Rename" />
                        <property name="Category" value="Refactoring" />
                      </properties>
                      <output><![CDATA[ReSharper LogPath is: C:\Users\berej\AppData\Local\Temp\JetLogs\ReSharperTests\resharper.log
Per-Test LogPath is: C:\Users\berej\AppData\Local\Temp\JetLogs\ReSharperTests\FSharpRenameTest\Module binding - nested synPat or 2.log

]]></output>
                    </test-case>
                    <test-case name="Module binding - nested synPat or 3" fullname="JetBrains.ReSharper.Plugins.FSharp.Tests.Features.Refactorings.FSharpRenameTest.Module binding - nested synPat or 3" methodname="Module binding - nested synPat or 3" classname="FSharpRenameTest" result="Passed" duration="0.126" asserts="0">
                      <properties>
                        <property name="Category" value="Rename" />
                        <property name="Category" value="Refactoring" />
                      </properties>
                      <output><![CDATA[ReSharper LogPath is: C:\Users\berej\AppData\Local\Temp\JetLogs\ReSharperTests\resharper.log
Per-Test LogPath is: C:\Users\berej\AppData\Local\Temp\JetLogs\ReSharperTests\FSharpRenameTest\Module binding - nested synPat or 3.log

]]></output>
                    </test-case>
                    <test-case name="Module binding - Record pat 01" fullname="JetBrains.ReSharper.Plugins.FSharp.Tests.Features.Refactorings.FSharpRenameTest.Module binding - Record pat 01" methodname="Module binding - Record pat 01" classname="FSharpRenameTest" result="Passed" duration="0.089" asserts="0">
                      <properties>
                        <property name="Category" value="Rename" />
                        <property name="Category" value="Refactoring" />
                      </properties>
                      <output><![CDATA[ReSharper LogPath is: C:\Users\berej\AppData\Local\Temp\JetLogs\ReSharperTests\resharper.log
Per-Test LogPath is: C:\Users\berej\AppData\Local\Temp\JetLogs\ReSharperTests\FSharpRenameTest\Module binding - Record pat 01.log

]]></output>
                    </test-case>
                    <test-case name="Module binding - Record pat 02 - nested pat" fullname="JetBrains.ReSharper.Plugins.FSharp.Tests.Features.Refactorings.FSharpRenameTest.Module binding - Record pat 02 - nested pat" methodname="Module binding - Record pat 02 - nested pat" classname="FSharpRenameTest" result="Passed" duration="0.099" asserts="0">
                      <properties>
                        <property name="Category" value="Rename" />
                        <property name="Category" value="Refactoring" />
                      </properties>
                      <output><![CDATA[ReSharper LogPath is: C:\Users\berej\AppData\Local\Temp\JetLogs\ReSharperTests\resharper.log
Per-Test LogPath is: C:\Users\berej\AppData\Local\Temp\JetLogs\ReSharperTests\FSharpRenameTest\Module binding - Record pat 02 - nested pat.log

]]></output>
                    </test-case>
                    <test-case name="Module binding - Record pat 03 - nested named pat" fullname="JetBrains.ReSharper.Plugins.FSharp.Tests.Features.Refactorings.FSharpRenameTest.Module binding - Record pat 03 - nested named pat" methodname="Module binding - Record pat 03 - nested named pat" classname="FSharpRenameTest" result="Passed" duration="0.095" asserts="0">
                      <properties>
                        <property name="Category" value="Rename" />
                        <property name="Category" value="Refactoring" />
                      </properties>
                      <output><![CDATA[ReSharper LogPath is: C:\Users\berej\AppData\Local\Temp\JetLogs\ReSharperTests\resharper.log
Per-Test LogPath is: C:\Users\berej\AppData\Local\Temp\JetLogs\ReSharperTests\FSharpRenameTest\Module binding - Record pat 03 - nested named pat.log

]]></output>
                    </test-case>
                    <test-case name="Module binding - Record pat 04 - nested named pat 2" fullname="JetBrains.ReSharper.Plugins.FSharp.Tests.Features.Refactorings.FSharpRenameTest.Module binding - Record pat 04 - nested named pat 2" methodname="Module binding - Record pat 04 - nested named pat 2" classname="FSharpRenameTest" result="Passed" duration="0.122" asserts="0">
                      <properties>
                        <property name="Category" value="Rename" />
                        <property name="Category" value="Refactoring" />
                      </properties>
                      <output><![CDATA[ReSharper LogPath is: C:\Users\berej\AppData\Local\Temp\JetLogs\ReSharperTests\resharper.log
Per-Test LogPath is: C:\Users\berej\AppData\Local\Temp\JetLogs\ReSharperTests\FSharpRenameTest\Module binding - Record pat 04 - nested named pat 2.log

]]></output>
                    </test-case>
                    <test-case name="Module binding - Simple pattern, declaration" fullname="JetBrains.ReSharper.Plugins.FSharp.Tests.Features.Refactorings.FSharpRenameTest.Module binding - Simple pattern, declaration" methodname="Module binding - Simple pattern, declaration" classname="FSharpRenameTest" result="Passed" duration="0.081" asserts="0">
                      <properties>
                        <property name="Category" value="Rename" />
                        <property name="Category" value="Refactoring" />
                      </properties>
                      <output><![CDATA[ReSharper LogPath is: C:\Users\berej\AppData\Local\Temp\JetLogs\ReSharperTests\resharper.log
Per-Test LogPath is: C:\Users\berej\AppData\Local\Temp\JetLogs\ReSharperTests\FSharpRenameTest\Module binding - Simple pattern, declaration.log

]]></output>
                    </test-case>
                    <test-case name="Module binding - Simple pattern, reference" fullname="JetBrains.ReSharper.Plugins.FSharp.Tests.Features.Refactorings.FSharpRenameTest.Module binding - Simple pattern, reference" methodname="Module binding - Simple pattern, reference" classname="FSharpRenameTest" result="Passed" duration="0.078" asserts="0">
                      <properties>
                        <property name="Category" value="Rename" />
                        <property name="Category" value="Refactoring" />
                      </properties>
                      <output><![CDATA[ReSharper LogPath is: C:\Users\berej\AppData\Local\Temp\JetLogs\ReSharperTests\resharper.log
Per-Test LogPath is: C:\Users\berej\AppData\Local\Temp\JetLogs\ReSharperTests\FSharpRenameTest\Module binding - Simple pattern, reference.log

]]></output>
                    </test-case>
                    <test-case name="Module binding - synPat or" fullname="JetBrains.ReSharper.Plugins.FSharp.Tests.Features.Refactorings.FSharpRenameTest.Module binding - synPat or" methodname="Module binding - synPat or" classname="FSharpRenameTest" result="Passed" duration="0.119" asserts="0">
                      <properties>
                        <property name="Category" value="Rename" />
                        <property name="Category" value="Refactoring" />
                      </properties>
                      <output><![CDATA[ReSharper LogPath is: C:\Users\berej\AppData\Local\Temp\JetLogs\ReSharperTests\resharper.log
Per-Test LogPath is: C:\Users\berej\AppData\Local\Temp\JetLogs\ReSharperTests\FSharpRenameTest\Module binding - synPat or.log

]]></output>
                    </test-case>
                    <test-case name="Module binding - Tuple" fullname="JetBrains.ReSharper.Plugins.FSharp.Tests.Features.Refactorings.FSharpRenameTest.Module binding - Tuple" methodname="Module binding - Tuple" classname="FSharpRenameTest" result="Passed" duration="0.079" asserts="0">
                      <properties>
                        <property name="Category" value="Rename" />
                        <property name="Category" value="Refactoring" />
                      </properties>
                      <output><![CDATA[ReSharper LogPath is: C:\Users\berej\AppData\Local\Temp\JetLogs\ReSharperTests\resharper.log
Per-Test LogPath is: C:\Users\berej\AppData\Local\Temp\JetLogs\ReSharperTests\FSharpRenameTest\Module binding - Tuple.log

]]></output>
                    </test-case>
                    <test-case name="Params - Attributes" fullname="JetBrains.ReSharper.Plugins.FSharp.Tests.Features.Refactorings.FSharpRenameTest.Params - Attributes" methodname="Params - Attributes" classname="FSharpRenameTest" result="Passed" duration="0.063" asserts="0">
                      <properties>
                        <property name="Category" value="Rename" />
                        <property name="Category" value="Refactoring" />
                      </properties>
                      <output><![CDATA[ReSharper LogPath is: C:\Users\berej\AppData\Local\Temp\JetLogs\ReSharperTests\resharper.log
Per-Test LogPath is: C:\Users\berej\AppData\Local\Temp\JetLogs\ReSharperTests\FSharpRenameTest\Params - Attributes.log

]]></output>
                    </test-case>
                    <test-case name="Params - Declaration" fullname="JetBrains.ReSharper.Plugins.FSharp.Tests.Features.Refactorings.FSharpRenameTest.Params - Declaration" methodname="Params - Declaration" classname="FSharpRenameTest" result="Passed" duration="0.071" asserts="0">
                      <properties>
                        <property name="Category" value="Rename" />
                        <property name="Category" value="Refactoring" />
                      </properties>
                      <output><![CDATA[ReSharper LogPath is: C:\Users\berej\AppData\Local\Temp\JetLogs\ReSharperTests\resharper.log
Per-Test LogPath is: C:\Users\berej\AppData\Local\Temp\JetLogs\ReSharperTests\FSharpRenameTest\Params - Declaration.log

]]></output>
                    </test-case>
                    <test-case name="Params - Optional param 01" fullname="JetBrains.ReSharper.Plugins.FSharp.Tests.Features.Refactorings.FSharpRenameTest.Params - Optional param 01" methodname="Params - Optional param 01" classname="FSharpRenameTest" result="Passed" duration="0.059" asserts="0">
                      <properties>
                        <property name="Category" value="Rename" />
                        <property name="Category" value="Refactoring" />
                      </properties>
                      <output><![CDATA[ReSharper LogPath is: C:\Users\berej\AppData\Local\Temp\JetLogs\ReSharperTests\resharper.log
Per-Test LogPath is: C:\Users\berej\AppData\Local\Temp\JetLogs\ReSharperTests\FSharpRenameTest\Params - Optional param 01.log

]]></output>
                    </test-case>
                    <test-case name="Params - Or" fullname="JetBrains.ReSharper.Plugins.FSharp.Tests.Features.Refactorings.FSharpRenameTest.Params - Or" methodname="Params - Or" classname="FSharpRenameTest" result="Passed" duration="0.087" asserts="0">
                      <properties>
                        <property name="Category" value="Rename" />
                        <property name="Category" value="Refactoring" />
                      </properties>
                      <output><![CDATA[ReSharper LogPath is: C:\Users\berej\AppData\Local\Temp\JetLogs\ReSharperTests\resharper.log
Per-Test LogPath is: C:\Users\berej\AppData\Local\Temp\JetLogs\ReSharperTests\FSharpRenameTest\Params - Or.log

]]></output>
                    </test-case>
                    <test-case name="Params - Type private function" fullname="JetBrains.ReSharper.Plugins.FSharp.Tests.Features.Refactorings.FSharpRenameTest.Params - Type private function" methodname="Params - Type private function" classname="FSharpRenameTest" result="Passed" duration="0.079" asserts="0">
                      <properties>
                        <property name="Category" value="Rename" />
                        <property name="Category" value="Refactoring" />
                      </properties>
                      <output><![CDATA[ReSharper LogPath is: C:\Users\berej\AppData\Local\Temp\JetLogs\ReSharperTests\resharper.log
Per-Test LogPath is: C:\Users\berej\AppData\Local\Temp\JetLogs\ReSharperTests\FSharpRenameTest\Params - Type private function.log

]]></output>
                    </test-case>
                    <test-case name="Params - Use" fullname="JetBrains.ReSharper.Plugins.FSharp.Tests.Features.Refactorings.FSharpRenameTest.Params - Use" methodname="Params - Use" classname="FSharpRenameTest" result="Passed" duration="0.068" asserts="0">
                      <properties>
                        <property name="Category" value="Rename" />
                        <property name="Category" value="Refactoring" />
                      </properties>
                      <output><![CDATA[ReSharper LogPath is: C:\Users\berej\AppData\Local\Temp\JetLogs\ReSharperTests\resharper.log
Per-Test LogPath is: C:\Users\berej\AppData\Local\Temp\JetLogs\ReSharperTests\FSharpRenameTest\Params - Use.log

]]></output>
                    </test-case>
                    <test-case name="Related symbols - Single case union 01 - Union" fullname="JetBrains.ReSharper.Plugins.FSharp.Tests.Features.Refactorings.FSharpRenameTest.Related symbols - Single case union 01 - Union" methodname="Related symbols - Single case union 01 - Union" classname="FSharpRenameTest" result="Passed" duration="0.207" asserts="0">
                      <properties>
                        <property name="Category" value="Rename" />
                        <property name="Category" value="Refactoring" />
                      </properties>
                      <output><![CDATA[ReSharper LogPath is: C:\Users\berej\AppData\Local\Temp\JetLogs\ReSharperTests\resharper.log
Per-Test LogPath is: C:\Users\berej\AppData\Local\Temp\JetLogs\ReSharperTests\FSharpRenameTest\Related symbols - Single case union 01 - Union.log

]]></output>
                    </test-case>
                    <test-case name="Related symbols - Single case union 02 - Case" fullname="JetBrains.ReSharper.Plugins.FSharp.Tests.Features.Refactorings.FSharpRenameTest.Related symbols - Single case union 02 - Case" methodname="Related symbols - Single case union 02 - Case" classname="FSharpRenameTest" result="Passed" duration="0.142" asserts="0">
                      <properties>
                        <property name="Category" value="Rename" />
                        <property name="Category" value="Refactoring" />
                      </properties>
                      <output><![CDATA[ReSharper LogPath is: C:\Users\berej\AppData\Local\Temp\JetLogs\ReSharperTests\resharper.log
Per-Test LogPath is: C:\Users\berej\AppData\Local\Temp\JetLogs\ReSharperTests\FSharpRenameTest\Related symbols - Single case union 02 - Case.log

]]></output>
                    </test-case>
                    <test-case name="Type member - Abstract 01 - Name" fullname="JetBrains.ReSharper.Plugins.FSharp.Tests.Features.Refactorings.FSharpRenameTest.Type member - Abstract 01 - Name" methodname="Type member - Abstract 01 - Name" classname="FSharpRenameTest" result="Passed" duration="0.127" asserts="0">
                      <properties>
                        <property name="Category" value="Rename" />
                        <property name="Category" value="Refactoring" />
                      </properties>
                      <output><![CDATA[ReSharper LogPath is: C:\Users\berej\AppData\Local\Temp\JetLogs\ReSharperTests\resharper.log
Per-Test LogPath is: C:\Users\berej\AppData\Local\Temp\JetLogs\ReSharperTests\FSharpRenameTest\Type member - Abstract 01 - Name.log

]]></output>
                    </test-case>
                    <test-case name="Type member - Abstract 02 - Type" fullname="JetBrains.ReSharper.Plugins.FSharp.Tests.Features.Refactorings.FSharpRenameTest.Type member - Abstract 02 - Type" methodname="Type member - Abstract 02 - Type" classname="FSharpRenameTest" result="Passed" duration="0.058" asserts="0">
                      <properties>
                        <property name="Category" value="Rename" />
                        <property name="Category" value="Refactoring" />
                      </properties>
                      <output><![CDATA[ReSharper LogPath is: C:\Users\berej\AppData\Local\Temp\JetLogs\ReSharperTests\resharper.log
Per-Test LogPath is: C:\Users\berej\AppData\Local\Temp\JetLogs\ReSharperTests\FSharpRenameTest\Type member - Abstract 02 - Type.log

]]></output>
                    </test-case>
                    <test-case name="Type member - Auto prop 01 - Name" fullname="JetBrains.ReSharper.Plugins.FSharp.Tests.Features.Refactorings.FSharpRenameTest.Type member - Auto prop 01 - Name" methodname="Type member - Auto prop 01 - Name" classname="FSharpRenameTest" result="Passed" duration="0.093" asserts="0">
                      <properties>
                        <property name="Category" value="Rename" />
                        <property name="Category" value="Refactoring" />
                      </properties>
                      <output><![CDATA[ReSharper LogPath is: C:\Users\berej\AppData\Local\Temp\JetLogs\ReSharperTests\resharper.log
Per-Test LogPath is: C:\Users\berej\AppData\Local\Temp\JetLogs\ReSharperTests\FSharpRenameTest\Type member - Auto prop 01 - Name.log

]]></output>
                    </test-case>
                    <test-case name="Type member - Auto prop 02 - Type" fullname="JetBrains.ReSharper.Plugins.FSharp.Tests.Features.Refactorings.FSharpRenameTest.Type member - Auto prop 02 - Type" methodname="Type member - Auto prop 02 - Type" classname="FSharpRenameTest" result="Passed" duration="0.056" asserts="0">
                      <properties>
                        <property name="Category" value="Rename" />
                        <property name="Category" value="Refactoring" />
                      </properties>
                      <output><![CDATA[ReSharper LogPath is: C:\Users\berej\AppData\Local\Temp\JetLogs\ReSharperTests\resharper.log
Per-Test LogPath is: C:\Users\berej\AppData\Local\Temp\JetLogs\ReSharperTests\FSharpRenameTest\Type member - Auto prop 02 - Type.log

]]></output>
                    </test-case>
                    <test-case name="Type member - Field 01 - Name" fullname="JetBrains.ReSharper.Plugins.FSharp.Tests.Features.Refactorings.FSharpRenameTest.Type member - Field 01 - Name" methodname="Type member - Field 01 - Name" classname="FSharpRenameTest" result="Passed" duration="0.062" asserts="0">
                      <properties>
                        <property name="Category" value="Rename" />
                        <property name="Category" value="Refactoring" />
                      </properties>
                      <output><![CDATA[ReSharper LogPath is: C:\Users\berej\AppData\Local\Temp\JetLogs\ReSharperTests\resharper.log
Per-Test LogPath is: C:\Users\berej\AppData\Local\Temp\JetLogs\ReSharperTests\FSharpRenameTest\Type member - Field 01 - Name.log

]]></output>
                    </test-case>
                    <test-case name="Type member - Field 02 - Type" fullname="JetBrains.ReSharper.Plugins.FSharp.Tests.Features.Refactorings.FSharpRenameTest.Type member - Field 02 - Type" methodname="Type member - Field 02 - Type" classname="FSharpRenameTest" result="Passed" duration="0.056" asserts="0">
                      <properties>
                        <property name="Category" value="Rename" />
                        <property name="Category" value="Refactoring" />
                      </properties>
                      <output><![CDATA[ReSharper LogPath is: C:\Users\berej\AppData\Local\Temp\JetLogs\ReSharperTests\resharper.log
Per-Test LogPath is: C:\Users\berej\AppData\Local\Temp\JetLogs\ReSharperTests\FSharpRenameTest\Type member - Field 02 - Type.log

]]></output>
                    </test-case>
                    <test-case name="Type parameters - Constraints 01" fullname="JetBrains.ReSharper.Plugins.FSharp.Tests.Features.Refactorings.FSharpRenameTest.Type parameters - Constraints 01" methodname="Type parameters - Constraints 01" classname="FSharpRenameTest" result="Passed" duration="0.074" asserts="0">
                      <properties>
                        <property name="Category" value="Rename" />
                        <property name="Category" value="Refactoring" />
                      </properties>
                      <output><![CDATA[ReSharper LogPath is: C:\Users\berej\AppData\Local\Temp\JetLogs\ReSharperTests\resharper.log
Per-Test LogPath is: C:\Users\berej\AppData\Local\Temp\JetLogs\ReSharperTests\FSharpRenameTest\Type parameters - Constraints 01.log

]]></output>
                    </test-case>
                    <test-case name="Type parameters - Type 01" fullname="JetBrains.ReSharper.Plugins.FSharp.Tests.Features.Refactorings.FSharpRenameTest.Type parameters - Type 01" methodname="Type parameters - Type 01" classname="FSharpRenameTest" result="Passed" duration="0.079" asserts="0">
                      <properties>
                        <property name="Category" value="Rename" />
                        <property name="Category" value="Refactoring" />
                      </properties>
                      <output><![CDATA[ReSharper LogPath is: C:\Users\berej\AppData\Local\Temp\JetLogs\ReSharperTests\resharper.log
Per-Test LogPath is: C:\Users\berej\AppData\Local\Temp\JetLogs\ReSharperTests\FSharpRenameTest\Type parameters - Type 01.log

]]></output>
                    </test-case>
                    <test-case name="Type parameters - Type reference 01" fullname="JetBrains.ReSharper.Plugins.FSharp.Tests.Features.Refactorings.FSharpRenameTest.Type parameters - Type reference 01" methodname="Type parameters - Type reference 01" classname="FSharpRenameTest" result="Passed" duration="0.075" asserts="0">
                      <properties>
                        <property name="Category" value="Rename" />
                        <property name="Category" value="Refactoring" />
                      </properties>
                      <output><![CDATA[ReSharper LogPath is: C:\Users\berej\AppData\Local\Temp\JetLogs\ReSharperTests\resharper.log
Per-Test LogPath is: C:\Users\berej\AppData\Local\Temp\JetLogs\ReSharperTests\FSharpRenameTest\Type parameters - Type reference 01.log

]]></output>
                    </test-case>
                    <test-case name="Type private binding - function" fullname="JetBrains.ReSharper.Plugins.FSharp.Tests.Features.Refactorings.FSharpRenameTest.Type private binding - function" methodname="Type private binding - function" classname="FSharpRenameTest" result="Passed" duration="0.099" asserts="0">
                      <properties>
                        <property name="Category" value="Rename" />
                        <property name="Category" value="Refactoring" />
                      </properties>
                      <output><![CDATA[ReSharper LogPath is: C:\Users\berej\AppData\Local\Temp\JetLogs\ReSharperTests\resharper.log
Per-Test LogPath is: C:\Users\berej\AppData\Local\Temp\JetLogs\ReSharperTests\FSharpRenameTest\Type private binding - function.log

]]></output>
                    </test-case>
                    <test-case name="Type private binding - value" fullname="JetBrains.ReSharper.Plugins.FSharp.Tests.Features.Refactorings.FSharpRenameTest.Type private binding - value" methodname="Type private binding - value" classname="FSharpRenameTest" result="Passed" duration="0.072" asserts="0">
                      <properties>
                        <property name="Category" value="Rename" />
                        <property name="Category" value="Refactoring" />
                      </properties>
                      <output><![CDATA[ReSharper LogPath is: C:\Users\berej\AppData\Local\Temp\JetLogs\ReSharperTests\resharper.log
Per-Test LogPath is: C:\Users\berej\AppData\Local\Temp\JetLogs\ReSharperTests\FSharpRenameTest\Type private binding - value.log

]]></output>
                    </test-case>
                    <test-case name="Types - Abbreviations 01" fullname="JetBrains.ReSharper.Plugins.FSharp.Tests.Features.Refactorings.FSharpRenameTest.Types - Abbreviations 01" methodname="Types - Abbreviations 01" classname="FSharpRenameTest" result="Passed" duration="0.073" asserts="0">
                      <properties>
                        <property name="Category" value="Rename" />
                        <property name="Category" value="Refactoring" />
                      </properties>
                      <output><![CDATA[ReSharper LogPath is: C:\Users\berej\AppData\Local\Temp\JetLogs\ReSharperTests\resharper.log
Per-Test LogPath is: C:\Users\berej\AppData\Local\Temp\JetLogs\ReSharperTests\FSharpRenameTest\Types - Abbreviations 01.log

]]></output>
                    </test-case>
                    <test-case name="Types - Ctor 01" fullname="JetBrains.ReSharper.Plugins.FSharp.Tests.Features.Refactorings.FSharpRenameTest.Types - Ctor 01" methodname="Types - Ctor 01" classname="FSharpRenameTest" result="Passed" duration="0.067" asserts="0">
                      <properties>
                        <property name="Category" value="Rename" />
                        <property name="Category" value="Refactoring" />
                      </properties>
                      <output><![CDATA[ReSharper LogPath is: C:\Users\berej\AppData\Local\Temp\JetLogs\ReSharperTests\resharper.log
Per-Test LogPath is: C:\Users\berej\AppData\Local\Temp\JetLogs\ReSharperTests\FSharpRenameTest\Types - Ctor 01.log

]]></output>
                    </test-case>
                    <test-case name="Types - Ctor 02 - Secondary" fullname="JetBrains.ReSharper.Plugins.FSharp.Tests.Features.Refactorings.FSharpRenameTest.Types - Ctor 02 - Secondary" methodname="Types - Ctor 02 - Secondary" classname="FSharpRenameTest" result="Passed" duration="0.069" asserts="0">
                      <properties>
                        <property name="Category" value="Rename" />
                        <property name="Category" value="Refactoring" />
                      </properties>
                      <output><![CDATA[ReSharper LogPath is: C:\Users\berej\AppData\Local\Temp\JetLogs\ReSharperTests\resharper.log
Per-Test LogPath is: C:\Users\berej\AppData\Local\Temp\JetLogs\ReSharperTests\FSharpRenameTest\Types - Ctor 02 - Secondary.log

]]></output>
                    </test-case>
                    <test-case name="Types - Enum 01" fullname="JetBrains.ReSharper.Plugins.FSharp.Tests.Features.Refactorings.FSharpRenameTest.Types - Enum 01" methodname="Types - Enum 01" classname="FSharpRenameTest" result="Passed" duration="0.074" asserts="0">
                      <properties>
                        <property name="Category" value="Rename" />
                        <property name="Category" value="Refactoring" />
                      </properties>
                      <output><![CDATA[ReSharper LogPath is: C:\Users\berej\AppData\Local\Temp\JetLogs\ReSharperTests\resharper.log
Per-Test LogPath is: C:\Users\berej\AppData\Local\Temp\JetLogs\ReSharperTests\FSharpRenameTest\Types - Enum 01.log

]]></output>
                    </test-case>
                    <test-case name="Types - Exception 01" fullname="JetBrains.ReSharper.Plugins.FSharp.Tests.Features.Refactorings.FSharpRenameTest.Types - Exception 01" methodname="Types - Exception 01" classname="FSharpRenameTest" result="Passed" duration="0.071" asserts="0">
                      <properties>
                        <property name="Category" value="Rename" />
                        <property name="Category" value="Refactoring" />
                      </properties>
                      <output><![CDATA[ReSharper LogPath is: C:\Users\berej\AppData\Local\Temp\JetLogs\ReSharperTests\resharper.log
Per-Test LogPath is: C:\Users\berej\AppData\Local\Temp\JetLogs\ReSharperTests\FSharpRenameTest\Types - Exception 01.log

]]></output>
                    </test-case>
                    <test-case name="Types - Inheritance - Type params" fullname="JetBrains.ReSharper.Plugins.FSharp.Tests.Features.Refactorings.FSharpRenameTest.Types - Inheritance - Type params" methodname="Types - Inheritance - Type params" classname="FSharpRenameTest" result="Passed" duration="0.063" asserts="0">
                      <properties>
                        <property name="Category" value="Rename" />
                        <property name="Category" value="Refactoring" />
                      </properties>
                      <output><![CDATA[ReSharper LogPath is: C:\Users\berej\AppData\Local\Temp\JetLogs\ReSharperTests\resharper.log
Per-Test LogPath is: C:\Users\berej\AppData\Local\Temp\JetLogs\ReSharperTests\FSharpRenameTest\Types - Inheritance - Type params.log

]]></output>
                    </test-case>
                    <test-case name="Types - Inheritance - Type params - Nested qualified" fullname="JetBrains.ReSharper.Plugins.FSharp.Tests.Features.Refactorings.FSharpRenameTest.Types - Inheritance - Type params - Nested qualified" methodname="Types - Inheritance - Type params - Nested qualified" classname="FSharpRenameTest" result="Passed" duration="0.066" asserts="0">
                      <properties>
                        <property name="Category" value="Rename" />
                        <property name="Category" value="Refactoring" />
                      </properties>
                      <output><![CDATA[ReSharper LogPath is: C:\Users\berej\AppData\Local\Temp\JetLogs\ReSharperTests\resharper.log
Per-Test LogPath is: C:\Users\berej\AppData\Local\Temp\JetLogs\ReSharperTests\FSharpRenameTest\Types - Inheritance - Type params - Nested qualified.log

]]></output>
                    </test-case>
                    <test-case name="Types - Inheritance - Type params - Qualified" fullname="JetBrains.ReSharper.Plugins.FSharp.Tests.Features.Refactorings.FSharpRenameTest.Types - Inheritance - Type params - Qualified" methodname="Types - Inheritance - Type params - Qualified" classname="FSharpRenameTest" result="Passed" duration="0.054" asserts="0">
                      <properties>
                        <property name="Category" value="Rename" />
                        <property name="Category" value="Refactoring" />
                      </properties>
                      <output><![CDATA[ReSharper LogPath is: C:\Users\berej\AppData\Local\Temp\JetLogs\ReSharperTests\resharper.log
Per-Test LogPath is: C:\Users\berej\AppData\Local\Temp\JetLogs\ReSharperTests\FSharpRenameTest\Types - Inheritance - Type params - Qualified.log

]]></output>
                    </test-case>
                    <test-case name="Types - Inheritance - Type params - Qualifier" fullname="JetBrains.ReSharper.Plugins.FSharp.Tests.Features.Refactorings.FSharpRenameTest.Types - Inheritance - Type params - Qualifier" methodname="Types - Inheritance - Type params - Qualifier" classname="FSharpRenameTest" result="Passed" duration="0.053" asserts="0">
                      <properties>
                        <property name="Category" value="Rename" />
                        <property name="Category" value="Refactoring" />
                      </properties>
                      <output><![CDATA[ReSharper LogPath is: C:\Users\berej\AppData\Local\Temp\JetLogs\ReSharperTests\resharper.log
Per-Test LogPath is: C:\Users\berej\AppData\Local\Temp\JetLogs\ReSharperTests\FSharpRenameTest\Types - Inheritance - Type params - Qualifier.log

]]></output>
                    </test-case>
                    <test-case name="Types - Inheritance 01" fullname="JetBrains.ReSharper.Plugins.FSharp.Tests.Features.Refactorings.FSharpRenameTest.Types - Inheritance 01" methodname="Types - Inheritance 01" classname="FSharpRenameTest" result="Passed" duration="0.068" asserts="0">
                      <properties>
                        <property name="Category" value="Rename" />
                        <property name="Category" value="Refactoring" />
                      </properties>
                      <output><![CDATA[ReSharper LogPath is: C:\Users\berej\AppData\Local\Temp\JetLogs\ReSharperTests\resharper.log
Per-Test LogPath is: C:\Users\berej\AppData\Local\Temp\JetLogs\ReSharperTests\FSharpRenameTest\Types - Inheritance 01.log

]]></output>
                    </test-case>
                    <test-case name="Types - Inheritance 02 - object expressions" fullname="JetBrains.ReSharper.Plugins.FSharp.Tests.Features.Refactorings.FSharpRenameTest.Types - Inheritance 02 - object expressions" methodname="Types - Inheritance 02 - object expressions" classname="FSharpRenameTest" result="Passed" duration="0.063" asserts="0">
                      <properties>
                        <property name="Category" value="Rename" />
                        <property name="Category" value="Refactoring" />
                      </properties>
                      <output><![CDATA[ReSharper LogPath is: C:\Users\berej\AppData\Local\Temp\JetLogs\ReSharperTests\resharper.log
Per-Test LogPath is: C:\Users\berej\AppData\Local\Temp\JetLogs\ReSharperTests\FSharpRenameTest\Types - Inheritance 02 - object expressions.log

]]></output>
                    </test-case>
                    <test-case name="Types - Interface 01" fullname="JetBrains.ReSharper.Plugins.FSharp.Tests.Features.Refactorings.FSharpRenameTest.Types - Interface 01" methodname="Types - Interface 01" classname="FSharpRenameTest" result="Passed" duration="0.058" asserts="0">
                      <properties>
                        <property name="Category" value="Rename" />
                        <property name="Category" value="Refactoring" />
                      </properties>
                      <output><![CDATA[ReSharper LogPath is: C:\Users\berej\AppData\Local\Temp\JetLogs\ReSharperTests\resharper.log
Per-Test LogPath is: C:\Users\berej\AppData\Local\Temp\JetLogs\ReSharperTests\FSharpRenameTest\Types - Interface 01.log

]]></output>
                    </test-case>
                    <test-case name="Types - Measure 01" fullname="JetBrains.ReSharper.Plugins.FSharp.Tests.Features.Refactorings.FSharpRenameTest.Types - Measure 01" methodname="Types - Measure 01" classname="FSharpRenameTest" result="Passed" duration="0.068" asserts="0">
                      <properties>
                        <property name="Category" value="Rename" />
                        <property name="Category" value="Refactoring" />
                      </properties>
                      <output><![CDATA[ReSharper LogPath is: C:\Users\berej\AppData\Local\Temp\JetLogs\ReSharperTests\resharper.log
Per-Test LogPath is: C:\Users\berej\AppData\Local\Temp\JetLogs\ReSharperTests\FSharpRenameTest\Types - Measure 01.log

]]></output>
                    </test-case>
                    <test-case name="Types - New expr 01" fullname="JetBrains.ReSharper.Plugins.FSharp.Tests.Features.Refactorings.FSharpRenameTest.Types - New expr 01" methodname="Types - New expr 01" classname="FSharpRenameTest" result="Passed" duration="0.067" asserts="0">
                      <properties>
                        <property name="Category" value="Rename" />
                        <property name="Category" value="Refactoring" />
                      </properties>
                      <output><![CDATA[ReSharper LogPath is: C:\Users\berej\AppData\Local\Temp\JetLogs\ReSharperTests\resharper.log
Per-Test LogPath is: C:\Users\berej\AppData\Local\Temp\JetLogs\ReSharperTests\FSharpRenameTest\Types - New expr 01.log

]]></output>
                    </test-case>
                    <test-case name="Types - Record 01" fullname="JetBrains.ReSharper.Plugins.FSharp.Tests.Features.Refactorings.FSharpRenameTest.Types - Record 01" methodname="Types - Record 01" classname="FSharpRenameTest" result="Passed" duration="0.078" asserts="0">
                      <properties>
                        <property name="Category" value="Rename" />
                        <property name="Category" value="Refactoring" />
                      </properties>
                      <output><![CDATA[ReSharper LogPath is: C:\Users\berej\AppData\Local\Temp\JetLogs\ReSharperTests\resharper.log
Per-Test LogPath is: C:\Users\berej\AppData\Local\Temp\JetLogs\ReSharperTests\FSharpRenameTest\Types - Record 01.log

]]></output>
                    </test-case>
                    <test-case name="Types - Record 02 - Struct" fullname="JetBrains.ReSharper.Plugins.FSharp.Tests.Features.Refactorings.FSharpRenameTest.Types - Record 02 - Struct" methodname="Types - Record 02 - Struct" classname="FSharpRenameTest" result="Passed" duration="0.08" asserts="0">
                      <properties>
                        <property name="Category" value="Rename" />
                        <property name="Category" value="Refactoring" />
                      </properties>
                      <output><![CDATA[ReSharper LogPath is: C:\Users\berej\AppData\Local\Temp\JetLogs\ReSharperTests\resharper.log
Per-Test LogPath is: C:\Users\berej\AppData\Local\Temp\JetLogs\ReSharperTests\FSharpRenameTest\Types - Record 02 - Struct.log

]]></output>
                    </test-case>
                    <test-case name="Types - Struct 01" fullname="JetBrains.ReSharper.Plugins.FSharp.Tests.Features.Refactorings.FSharpRenameTest.Types - Struct 01" methodname="Types - Struct 01" classname="FSharpRenameTest" result="Passed" duration="0.082" asserts="0">
                      <properties>
                        <property name="Category" value="Rename" />
                        <property name="Category" value="Refactoring" />
                      </properties>
                      <output><![CDATA[ReSharper LogPath is: C:\Users\berej\AppData\Local\Temp\JetLogs\ReSharperTests\resharper.log
Per-Test LogPath is: C:\Users\berej\AppData\Local\Temp\JetLogs\ReSharperTests\FSharpRenameTest\Types - Struct 01.log

]]></output>
                    </test-case>
                    <test-case name="Union Case Field - Creation param 01" fullname="JetBrains.ReSharper.Plugins.FSharp.Tests.Features.Refactorings.FSharpRenameTest.Union Case Field - Creation param 01" methodname="Union Case Field - Creation param 01" classname="FSharpRenameTest" result="Passed" duration="0.144" asserts="0">
                      <properties>
                        <property name="Category" value="Rename" />
                        <property name="Category" value="Refactoring" />
                      </properties>
                      <output><![CDATA[ReSharper LogPath is: C:\Users\berej\AppData\Local\Temp\JetLogs\ReSharperTests\resharper.log
Per-Test LogPath is: C:\Users\berej\AppData\Local\Temp\JetLogs\ReSharperTests\FSharpRenameTest\Union Case Field - Creation param 01.log

]]></output>
                    </test-case>
                    <test-case name="Union Case Field - Creation param 02 - Tuple" fullname="JetBrains.ReSharper.Plugins.FSharp.Tests.Features.Refactorings.FSharpRenameTest.Union Case Field - Creation param 02 - Tuple" methodname="Union Case Field - Creation param 02 - Tuple" classname="FSharpRenameTest" result="Passed" duration="0.14" asserts="0">
                      <properties>
                        <property name="Category" value="Rename" />
                        <property name="Category" value="Refactoring" />
                      </properties>
                      <output><![CDATA[ReSharper LogPath is: C:\Users\berej\AppData\Local\Temp\JetLogs\ReSharperTests\resharper.log
Per-Test LogPath is: C:\Users\berej\AppData\Local\Temp\JetLogs\ReSharperTests\FSharpRenameTest\Union Case Field - Creation param 02 - Tuple.log

]]></output>
                    </test-case>
                    <test-case name="Union Case Field - Pattern param 01" fullname="JetBrains.ReSharper.Plugins.FSharp.Tests.Features.Refactorings.FSharpRenameTest.Union Case Field - Pattern param 01" methodname="Union Case Field - Pattern param 01" classname="FSharpRenameTest" result="Passed" duration="0.133" asserts="0">
                      <properties>
                        <property name="Category" value="Rename" />
                        <property name="Category" value="Refactoring" />
                      </properties>
                      <output><![CDATA[ReSharper LogPath is: C:\Users\berej\AppData\Local\Temp\JetLogs\ReSharperTests\resharper.log
Per-Test LogPath is: C:\Users\berej\AppData\Local\Temp\JetLogs\ReSharperTests\FSharpRenameTest\Union Case Field - Pattern param 01.log

]]></output>
                    </test-case>
                    <test-case name="Union Case Field - Pattern param 02" fullname="JetBrains.ReSharper.Plugins.FSharp.Tests.Features.Refactorings.FSharpRenameTest.Union Case Field - Pattern param 02" methodname="Union Case Field - Pattern param 02" classname="FSharpRenameTest" result="Passed" duration="0.129" asserts="0">
                      <properties>
                        <property name="Category" value="Rename" />
                        <property name="Category" value="Refactoring" />
                      </properties>
                      <output><![CDATA[ReSharper LogPath is: C:\Users\berej\AppData\Local\Temp\JetLogs\ReSharperTests\resharper.log
Per-Test LogPath is: C:\Users\berej\AppData\Local\Temp\JetLogs\ReSharperTests\FSharpRenameTest\Union Case Field - Pattern param 02.log

]]></output>
                    </test-case>
                    <test-case name="Union Case Field - Pattern param 03 - Pat" fullname="JetBrains.ReSharper.Plugins.FSharp.Tests.Features.Refactorings.FSharpRenameTest.Union Case Field - Pattern param 03 - Pat" methodname="Union Case Field - Pattern param 03 - Pat" classname="FSharpRenameTest" result="Passed" duration="0.065" asserts="0">
                      <properties>
                        <property name="Category" value="Rename" />
                        <property name="Category" value="Refactoring" />
                      </properties>
                      <output><![CDATA[ReSharper LogPath is: C:\Users\berej\AppData\Local\Temp\JetLogs\ReSharperTests\resharper.log
Per-Test LogPath is: C:\Users\berej\AppData\Local\Temp\JetLogs\ReSharperTests\FSharpRenameTest\Union Case Field - Pattern param 03 - Pat.log

]]></output>
                    </test-case>
                    <test-case name="Union Cases 01" fullname="JetBrains.ReSharper.Plugins.FSharp.Tests.Features.Refactorings.FSharpRenameTest.Union Cases 01" methodname="Union Cases 01" classname="FSharpRenameTest" result="Passed" duration="0.091" asserts="0">
                      <properties>
                        <property name="Category" value="Rename" />
                        <property name="Category" value="Refactoring" />
                      </properties>
                      <output><![CDATA[ReSharper LogPath is: C:\Users\berej\AppData\Local\Temp\JetLogs\ReSharperTests\resharper.log
Per-Test LogPath is: C:\Users\berej\AppData\Local\Temp\JetLogs\ReSharperTests\FSharpRenameTest\Union Cases 01.log

]]></output>
                    </test-case>
                    <test-case name="Union Cases 02 - Should start with upper case" fullname="JetBrains.ReSharper.Plugins.FSharp.Tests.Features.Refactorings.FSharpRenameTest.Union Cases 02 - Should start with upper case" methodname="Union Cases 02 - Should start with upper case" classname="FSharpRenameTest" result="Passed" duration="0.065" asserts="0">
                      <properties>
                        <property name="Category" value="Rename" />
                        <property name="Category" value="Refactoring" />
                      </properties>
                      <output><![CDATA[ReSharper LogPath is: C:\Users\berej\AppData\Local\Temp\JetLogs\ReSharperTests\resharper.log
Per-Test LogPath is: C:\Users\berej\AppData\Local\Temp\JetLogs\ReSharperTests\FSharpRenameTest\Union Cases 02 - Should start with upper case.log

]]></output>
                    </test-case>
                    <test-case name="Wild - Let - Top 01" fullname="JetBrains.ReSharper.Plugins.FSharp.Tests.Features.Refactorings.FSharpRenameTest.Wild - Let - Top 01" methodname="Wild - Let - Top 01" classname="FSharpRenameTest" result="Passed" duration="0.048" asserts="0">
                      <properties>
                        <property name="Category" value="Rename" />
                        <property name="Category" value="Refactoring" />
                      </properties>
                      <output><![CDATA[ReSharper LogPath is: C:\Users\berej\AppData\Local\Temp\JetLogs\ReSharperTests\resharper.log
Per-Test LogPath is: C:\Users\berej\AppData\Local\Temp\JetLogs\ReSharperTests\FSharpRenameTest\Wild - Let - Top 01.log

]]></output>
                    </test-case>
                    <test-case name="Wild - Match 01" fullname="JetBrains.ReSharper.Plugins.FSharp.Tests.Features.Refactorings.FSharpRenameTest.Wild - Match 01" methodname="Wild - Match 01" classname="FSharpRenameTest" result="Passed" duration="0.068" asserts="0">
                      <properties>
                        <property name="Category" value="Rename" />
                        <property name="Category" value="Refactoring" />
                      </properties>
                      <output><![CDATA[ReSharper LogPath is: C:\Users\berej\AppData\Local\Temp\JetLogs\ReSharperTests\resharper.log
Per-Test LogPath is: C:\Users\berej\AppData\Local\Temp\JetLogs\ReSharperTests\FSharpRenameTest\Wild - Match 01.log

]]></output>
                    </test-case>
                  </test-suite>
                  <test-suite type="TestFixture" name="InlineVarTest" fullname="JetBrains.ReSharper.Plugins.FSharp.Tests.Features.Refactorings.InlineVarTest" total="15" passed="14" failed="0" inconclusive="1" skipped="0" result="Passed" duration="0.818">
                    <test-case name="App 01" fullname="JetBrains.ReSharper.Plugins.FSharp.Tests.Features.Refactorings.InlineVarTest.App 01" methodname="App 01" classname="InlineVarTest" result="Passed" duration="0.114" asserts="0">
                      <properties>
                        <property name="Category" value="Refactoring" />
                      </properties>
                      <output><![CDATA[ReSharper LogPath is: C:\Users\berej\AppData\Local\Temp\JetLogs\ReSharperTests\resharper.log
Per-Test LogPath is: C:\Users\berej\AppData\Local\Temp\JetLogs\ReSharperTests\InlineVarTest\App 01.log

]]></output>
                    </test-case>
                    <test-case name="App 02 - Parens" fullname="JetBrains.ReSharper.Plugins.FSharp.Tests.Features.Refactorings.InlineVarTest.App 02 - Parens" methodname="App 02 - Parens" classname="InlineVarTest" result="Passed" duration="0.051" asserts="0">
                      <properties>
                        <property name="Category" value="Refactoring" />
                      </properties>
                      <output><![CDATA[ReSharper LogPath is: C:\Users\berej\AppData\Local\Temp\JetLogs\ReSharperTests\resharper.log
Per-Test LogPath is: C:\Users\berej\AppData\Local\Temp\JetLogs\ReSharperTests\InlineVarTest\App 02 - Parens.log

]]></output>
                    </test-case>
                    <test-case name="Comment 01" fullname="JetBrains.ReSharper.Plugins.FSharp.Tests.Features.Refactorings.InlineVarTest.Comment 01" methodname="Comment 01" classname="InlineVarTest" result="Passed" duration="0.054" asserts="0">
                      <properties>
                        <property name="Category" value="Refactoring" />
                      </properties>
                      <output><![CDATA[ReSharper LogPath is: C:\Users\berej\AppData\Local\Temp\JetLogs\ReSharperTests\resharper.log
Per-Test LogPath is: C:\Users\berej\AppData\Local\Temp\JetLogs\ReSharperTests\InlineVarTest\Comment 01.log

]]></output>
                    </test-case>
                    <test-case name="Comment 02 - Empty line" fullname="JetBrains.ReSharper.Plugins.FSharp.Tests.Features.Refactorings.InlineVarTest.Comment 02 - Empty line" methodname="Comment 02 - Empty line" classname="InlineVarTest" result="Passed" duration="0.05" asserts="0">
                      <properties>
                        <property name="Category" value="Refactoring" />
                      </properties>
                      <output><![CDATA[ReSharper LogPath is: C:\Users\berej\AppData\Local\Temp\JetLogs\ReSharperTests\resharper.log
Per-Test LogPath is: C:\Users\berej\AppData\Local\Temp\JetLogs\ReSharperTests\InlineVarTest\Comment 02 - Empty line.log

]]></output>
                    </test-case>
                    <test-case name="Comment 03 - Empty lines" fullname="JetBrains.ReSharper.Plugins.FSharp.Tests.Features.Refactorings.InlineVarTest.Comment 03 - Empty lines" methodname="Comment 03 - Empty lines" classname="InlineVarTest" result="Passed" duration="0.055" asserts="0">
                      <properties>
                        <property name="Category" value="Refactoring" />
                      </properties>
                      <output><![CDATA[ReSharper LogPath is: C:\Users\berej\AppData\Local\Temp\JetLogs\ReSharperTests\resharper.log
Per-Test LogPath is: C:\Users\berej\AppData\Local\Temp\JetLogs\ReSharperTests\InlineVarTest\Comment 03 - Empty lines.log

]]></output>
                    </test-case>
                    <test-case name="In keyword 01" fullname="JetBrains.ReSharper.Plugins.FSharp.Tests.Features.Refactorings.InlineVarTest.In keyword 01" methodname="In keyword 01" classname="InlineVarTest" result="Passed" duration="0.048" asserts="0">
                      <properties>
                        <property name="Category" value="Refactoring" />
                      </properties>
                      <output><![CDATA[ReSharper LogPath is: C:\Users\berej\AppData\Local\Temp\JetLogs\ReSharperTests\resharper.log
Per-Test LogPath is: C:\Users\berej\AppData\Local\Temp\JetLogs\ReSharperTests\InlineVarTest\In keyword 01.log

]]></output>
                    </test-case>
                    <test-case name="In keyword 02 - Comment" fullname="JetBrains.ReSharper.Plugins.FSharp.Tests.Features.Refactorings.InlineVarTest.In keyword 02 - Comment" methodname="In keyword 02 - Comment" classname="InlineVarTest" result="Passed" duration="0.053" asserts="0">
                      <properties>
                        <property name="Category" value="Refactoring" />
                      </properties>
                      <output><![CDATA[ReSharper LogPath is: C:\Users\berej\AppData\Local\Temp\JetLogs\ReSharperTests\resharper.log
Per-Test LogPath is: C:\Users\berej\AppData\Local\Temp\JetLogs\ReSharperTests\InlineVarTest\In keyword 02 - Comment.log

]]></output>
                    </test-case>
                    <test-case name="Inline 01" fullname="JetBrains.ReSharper.Plugins.FSharp.Tests.Features.Refactorings.InlineVarTest.Inline 01" methodname="Inline 01" classname="InlineVarTest" result="Passed" duration="0.053" asserts="0">
                      <properties>
                        <property name="Category" value="Refactoring" />
                      </properties>
                      <output><![CDATA[ReSharper LogPath is: C:\Users\berej\AppData\Local\Temp\JetLogs\ReSharperTests\resharper.log
Per-Test LogPath is: C:\Users\berej\AppData\Local\Temp\JetLogs\ReSharperTests\InlineVarTest\Inline 01.log

]]></output>
                    </test-case>
                    <test-case name="Inline 02 - Multiline body" fullname="JetBrains.ReSharper.Plugins.FSharp.Tests.Features.Refactorings.InlineVarTest.Inline 02 - Multiline body" methodname="Inline 02 - Multiline body" classname="InlineVarTest" result="Inconclusive" duration="0" asserts="0">
                      <properties>
                        <property name="Explicit" value="" />
                        <property name="Category" value="Refactoring" />
                      </properties>
                      <output><![CDATA[Parsed wrongly: dotnet/fsharp#7741
]]></output>
                    </test-case>
                    <test-case name="Multiline 01" fullname="JetBrains.ReSharper.Plugins.FSharp.Tests.Features.Refactorings.InlineVarTest.Multiline 01" methodname="Multiline 01" classname="InlineVarTest" result="Passed" duration="0.047" asserts="0">
                      <properties>
                        <property name="Category" value="Refactoring" />
                      </properties>
                      <output><![CDATA[ReSharper LogPath is: C:\Users\berej\AppData\Local\Temp\JetLogs\ReSharperTests\resharper.log
Per-Test LogPath is: C:\Users\berej\AppData\Local\Temp\JetLogs\ReSharperTests\InlineVarTest\Multiline 01.log

]]></output>
                    </test-case>
                    <test-case name="Multiline 02" fullname="JetBrains.ReSharper.Plugins.FSharp.Tests.Features.Refactorings.InlineVarTest.Multiline 02" methodname="Multiline 02" classname="InlineVarTest" result="Passed" duration="0.065" asserts="0">
                      <properties>
                        <property name="Category" value="Refactoring" />
                      </properties>
                      <output><![CDATA[ReSharper LogPath is: C:\Users\berej\AppData\Local\Temp\JetLogs\ReSharperTests\resharper.log
Per-Test LogPath is: C:\Users\berej\AppData\Local\Temp\JetLogs\ReSharperTests\InlineVarTest\Multiline 02.log

]]></output>
                    </test-case>
                    <test-case name="Not available - Set 01" fullname="JetBrains.ReSharper.Plugins.FSharp.Tests.Features.Refactorings.InlineVarTest.Not available - Set 01" methodname="Not available - Set 01" classname="InlineVarTest" result="Passed" duration="0.056" asserts="0">
                      <properties>
                        <property name="Category" value="Refactoring" />
                      </properties>
                      <output><![CDATA[ReSharper LogPath is: C:\Users\berej\AppData\Local\Temp\JetLogs\ReSharperTests\resharper.log
Per-Test LogPath is: C:\Users\berej\AppData\Local\Temp\JetLogs\ReSharperTests\InlineVarTest\Not available - Set 01.log

]]></output>
                    </test-case>
                    <test-case name="Simple 01" fullname="JetBrains.ReSharper.Plugins.FSharp.Tests.Features.Refactorings.InlineVarTest.Simple 01" methodname="Simple 01" classname="InlineVarTest" result="Passed" duration="0.048" asserts="0">
                      <properties>
                        <property name="Category" value="Refactoring" />
                      </properties>
                      <output><![CDATA[ReSharper LogPath is: C:\Users\berej\AppData\Local\Temp\JetLogs\ReSharperTests\resharper.log
Per-Test LogPath is: C:\Users\berej\AppData\Local\Temp\JetLogs\ReSharperTests\InlineVarTest\Simple 01.log

]]></output>
                    </test-case>
                    <test-case name="Simple 02" fullname="JetBrains.ReSharper.Plugins.FSharp.Tests.Features.Refactorings.InlineVarTest.Simple 02" methodname="Simple 02" classname="InlineVarTest" result="Passed" duration="0.07" asserts="0">
                      <properties>
                        <property name="Category" value="Refactoring" />
                      </properties>
                      <output><![CDATA[ReSharper LogPath is: C:\Users\berej\AppData\Local\Temp\JetLogs\ReSharperTests\resharper.log
Per-Test LogPath is: C:\Users\berej\AppData\Local\Temp\JetLogs\ReSharperTests\InlineVarTest\Simple 02.log

]]></output>
                    </test-case>
                    <test-case name="Space 01" fullname="JetBrains.ReSharper.Plugins.FSharp.Tests.Features.Refactorings.InlineVarTest.Space 01" methodname="Space 01" classname="InlineVarTest" result="Passed" duration="0.054" asserts="0">
                      <properties>
                        <property name="Category" value="Refactoring" />
                      </properties>
                      <output><![CDATA[ReSharper LogPath is: C:\Users\berej\AppData\Local\Temp\JetLogs\ReSharperTests\resharper.log
Per-Test LogPath is: C:\Users\berej\AppData\Local\Temp\JetLogs\ReSharperTests\InlineVarTest\Space 01.log

]]></output>
                    </test-case>
                  </test-suite>
                  <test-suite type="TestFixture" name="IntroduceVarTest" fullname="JetBrains.ReSharper.Plugins.FSharp.Tests.Features.Refactorings.IntroduceVarTest" total="84" passed="84" failed="0" inconclusive="0" skipped="0" result="Passed" duration="5.875">
                    <test-case name="Do decl - Implicit 01" fullname="JetBrains.ReSharper.Plugins.FSharp.Tests.Features.Refactorings.IntroduceVarTest.Do decl - Implicit 01" methodname="Do decl - Implicit 01" classname="IntroduceVarTest" result="Passed" duration="0.09" asserts="0">
                      <properties>
                        <property name="Category" value="Refactoring" />
                      </properties>
                      <output><![CDATA[ReSharper LogPath is: C:\Users\berej\AppData\Local\Temp\JetLogs\ReSharperTests\resharper.log
Per-Test LogPath is: C:\Users\berej\AppData\Local\Temp\JetLogs\ReSharperTests\IntroduceVarTest\Do decl - Implicit 01.log

]]></output>
                    </test-case>
                    <test-case name="Do decl - Implicit 02 - App" fullname="JetBrains.ReSharper.Plugins.FSharp.Tests.Features.Refactorings.IntroduceVarTest.Do decl - Implicit 02 - App" methodname="Do decl - Implicit 02 - App" classname="IntroduceVarTest" result="Passed" duration="0.064" asserts="0">
                      <properties>
                        <property name="Category" value="Refactoring" />
                      </properties>
                      <output><![CDATA[ReSharper LogPath is: C:\Users\berej\AppData\Local\Temp\JetLogs\ReSharperTests\resharper.log
Per-Test LogPath is: C:\Users\berej\AppData\Local\Temp\JetLogs\ReSharperTests\IntroduceVarTest\Do decl - Implicit 02 - App.log

]]></output>
                    </test-case>
                    <test-case name="Expr - Binary app - Same indent 01" fullname="JetBrains.ReSharper.Plugins.FSharp.Tests.Features.Refactorings.IntroduceVarTest.Expr - Binary app - Same indent 01" methodname="Expr - Binary app - Same indent 01" classname="IntroduceVarTest" result="Passed" duration="0.055" asserts="0">
                      <properties>
                        <property name="Category" value="Refactoring" />
                      </properties>
                      <output><![CDATA[ReSharper LogPath is: C:\Users\berej\AppData\Local\Temp\JetLogs\ReSharperTests\resharper.log
Per-Test LogPath is: C:\Users\berej\AppData\Local\Temp\JetLogs\ReSharperTests\IntroduceVarTest\Expr - Binary app - Same indent 01.log

]]></output>
                    </test-case>
                    <test-case name="Expr - Binary app - Same indent 02" fullname="JetBrains.ReSharper.Plugins.FSharp.Tests.Features.Refactorings.IntroduceVarTest.Expr - Binary app - Same indent 02" methodname="Expr - Binary app - Same indent 02" classname="IntroduceVarTest" result="Passed" duration="0.06" asserts="0">
                      <properties>
                        <property name="Category" value="Refactoring" />
                      </properties>
                      <output><![CDATA[ReSharper LogPath is: C:\Users\berej\AppData\Local\Temp\JetLogs\ReSharperTests\resharper.log
Per-Test LogPath is: C:\Users\berej\AppData\Local\Temp\JetLogs\ReSharperTests\IntroduceVarTest\Expr - Binary app - Same indent 02.log

]]></output>
                    </test-case>
                    <test-case name="Expr - Binary app - Same indent 03" fullname="JetBrains.ReSharper.Plugins.FSharp.Tests.Features.Refactorings.IntroduceVarTest.Expr - Binary app - Same indent 03" methodname="Expr - Binary app - Same indent 03" classname="IntroduceVarTest" result="Passed" duration="0.052" asserts="0">
                      <properties>
                        <property name="Category" value="Refactoring" />
                      </properties>
                      <output><![CDATA[ReSharper LogPath is: C:\Users\berej\AppData\Local\Temp\JetLogs\ReSharperTests\resharper.log
Per-Test LogPath is: C:\Users\berej\AppData\Local\Temp\JetLogs\ReSharperTests\IntroduceVarTest\Expr - Binary app - Same indent 03.log

]]></output>
                    </test-case>
                    <test-case name="Expr - Binary app - Same indent 04" fullname="JetBrains.ReSharper.Plugins.FSharp.Tests.Features.Refactorings.IntroduceVarTest.Expr - Binary app - Same indent 04" methodname="Expr - Binary app - Same indent 04" classname="IntroduceVarTest" result="Passed" duration="0.058" asserts="0">
                      <properties>
                        <property name="Category" value="Refactoring" />
                      </properties>
                      <output><![CDATA[ReSharper LogPath is: C:\Users\berej\AppData\Local\Temp\JetLogs\ReSharperTests\resharper.log
Per-Test LogPath is: C:\Users\berej\AppData\Local\Temp\JetLogs\ReSharperTests\IntroduceVarTest\Expr - Binary app - Same indent 04.log

]]></output>
                    </test-case>
                    <test-case name="Expr - Binary app - Same indent 05" fullname="JetBrains.ReSharper.Plugins.FSharp.Tests.Features.Refactorings.IntroduceVarTest.Expr - Binary app - Same indent 05" methodname="Expr - Binary app - Same indent 05" classname="IntroduceVarTest" result="Passed" duration="0.058" asserts="0">
                      <properties>
                        <property name="Category" value="Refactoring" />
                      </properties>
                      <output><![CDATA[ReSharper LogPath is: C:\Users\berej\AppData\Local\Temp\JetLogs\ReSharperTests\resharper.log
Per-Test LogPath is: C:\Users\berej\AppData\Local\Temp\JetLogs\ReSharperTests\IntroduceVarTest\Expr - Binary app - Same indent 05.log

]]></output>
                    </test-case>
                    <test-case name="Expr - Binary app 01" fullname="JetBrains.ReSharper.Plugins.FSharp.Tests.Features.Refactorings.IntroduceVarTest.Expr - Binary app 01" methodname="Expr - Binary app 01" classname="IntroduceVarTest" result="Passed" duration="0.096" asserts="0">
                      <properties>
                        <property name="Category" value="Refactoring" />
                      </properties>
                      <output><![CDATA[ReSharper LogPath is: C:\Users\berej\AppData\Local\Temp\JetLogs\ReSharperTests\resharper.log
Per-Test LogPath is: C:\Users\berej\AppData\Local\Temp\JetLogs\ReSharperTests\IntroduceVarTest\Expr - Binary app 01.log

]]></output>
                    </test-case>
                    <test-case name="Expr - If 01 - Let" fullname="JetBrains.ReSharper.Plugins.FSharp.Tests.Features.Refactorings.IntroduceVarTest.Expr - If 01 - Let" methodname="Expr - If 01 - Let" classname="IntroduceVarTest" result="Passed" duration="0.051" asserts="0">
                      <properties>
                        <property name="Category" value="Refactoring" />
                      </properties>
                      <output><![CDATA[ReSharper LogPath is: C:\Users\berej\AppData\Local\Temp\JetLogs\ReSharperTests\resharper.log
Per-Test LogPath is: C:\Users\berej\AppData\Local\Temp\JetLogs\ReSharperTests\IntroduceVarTest\Expr - If 01 - Let.log

]]></output>
                    </test-case>
                    <test-case name="Expr - Lambda 01" fullname="JetBrains.ReSharper.Plugins.FSharp.Tests.Features.Refactorings.IntroduceVarTest.Expr - Lambda 01" methodname="Expr - Lambda 01" classname="IntroduceVarTest" result="Passed" duration="0.091" asserts="0">
                      <properties>
                        <property name="Category" value="Refactoring" />
                      </properties>
                      <output><![CDATA[ReSharper LogPath is: C:\Users\berej\AppData\Local\Temp\JetLogs\ReSharperTests\resharper.log
Per-Test LogPath is: C:\Users\berej\AppData\Local\Temp\JetLogs\ReSharperTests\IntroduceVarTest\Expr - Lambda 01.log

]]></output>
                    </test-case>
                    <test-case name="Expr - Lambda 02" fullname="JetBrains.ReSharper.Plugins.FSharp.Tests.Features.Refactorings.IntroduceVarTest.Expr - Lambda 02" methodname="Expr - Lambda 02" classname="IntroduceVarTest" result="Passed" duration="0.083" asserts="0">
                      <properties>
                        <property name="Category" value="Refactoring" />
                      </properties>
                      <output><![CDATA[ReSharper LogPath is: C:\Users\berej\AppData\Local\Temp\JetLogs\ReSharperTests\resharper.log
Per-Test LogPath is: C:\Users\berej\AppData\Local\Temp\JetLogs\ReSharperTests\IntroduceVarTest\Expr - Lambda 02.log

]]></output>
                    </test-case>
                    <test-case name="Expr - Match 01" fullname="JetBrains.ReSharper.Plugins.FSharp.Tests.Features.Refactorings.IntroduceVarTest.Expr - Match 01" methodname="Expr - Match 01" classname="IntroduceVarTest" result="Passed" duration="0.067" asserts="0">
                      <properties>
                        <property name="Category" value="Refactoring" />
                      </properties>
                      <output><![CDATA[ReSharper LogPath is: C:\Users\berej\AppData\Local\Temp\JetLogs\ReSharperTests\resharper.log
Per-Test LogPath is: C:\Users\berej\AppData\Local\Temp\JetLogs\ReSharperTests\IntroduceVarTest\Expr - Match 01.log

]]></output>
                    </test-case>
                    <test-case name="Expr - Space - After 01 - Parens" fullname="JetBrains.ReSharper.Plugins.FSharp.Tests.Features.Refactorings.IntroduceVarTest.Expr - Space - After 01 - Parens" methodname="Expr - Space - After 01 - Parens" classname="IntroduceVarTest" result="Passed" duration="0.066" asserts="0">
                      <properties>
                        <property name="Category" value="Refactoring" />
                      </properties>
                      <output><![CDATA[ReSharper LogPath is: C:\Users\berej\AppData\Local\Temp\JetLogs\ReSharperTests\resharper.log
Per-Test LogPath is: C:\Users\berej\AppData\Local\Temp\JetLogs\ReSharperTests\IntroduceVarTest\Expr - Space - After 01 - Parens.log

]]></output>
                    </test-case>
                    <test-case name="Expr - Space - After 02 - List" fullname="JetBrains.ReSharper.Plugins.FSharp.Tests.Features.Refactorings.IntroduceVarTest.Expr - Space - After 02 - List" methodname="Expr - Space - After 02 - List" classname="IntroduceVarTest" result="Passed" duration="0.085" asserts="0">
                      <properties>
                        <property name="Category" value="Refactoring" />
                      </properties>
                      <output><![CDATA[ReSharper LogPath is: C:\Users\berej\AppData\Local\Temp\JetLogs\ReSharperTests\resharper.log
Per-Test LogPath is: C:\Users\berej\AppData\Local\Temp\JetLogs\ReSharperTests\IntroduceVarTest\Expr - Space - After 02 - List.log

]]></output>
                    </test-case>
                    <test-case name="Expr - Space - After 03 - Record" fullname="JetBrains.ReSharper.Plugins.FSharp.Tests.Features.Refactorings.IntroduceVarTest.Expr - Space - After 03 - Record" methodname="Expr - Space - After 03 - Record" classname="IntroduceVarTest" result="Passed" duration="0.094" asserts="0">
                      <properties>
                        <property name="Category" value="Refactoring" />
                      </properties>
                      <output><![CDATA[ReSharper LogPath is: C:\Users\berej\AppData\Local\Temp\JetLogs\ReSharperTests\resharper.log
Per-Test LogPath is: C:\Users\berej\AppData\Local\Temp\JetLogs\ReSharperTests\IntroduceVarTest\Expr - Space - After 03 - Record.log

]]></output>
                    </test-case>
                    <test-case name="Expr - Space - After 04 - Anon record" fullname="JetBrains.ReSharper.Plugins.FSharp.Tests.Features.Refactorings.IntroduceVarTest.Expr - Space - After 04 - Anon record" methodname="Expr - Space - After 04 - Anon record" classname="IntroduceVarTest" result="Passed" duration="0.087" asserts="0">
                      <properties>
                        <property name="Category" value="Refactoring" />
                      </properties>
                      <output><![CDATA[ReSharper LogPath is: C:\Users\berej\AppData\Local\Temp\JetLogs\ReSharperTests\resharper.log
Per-Test LogPath is: C:\Users\berej\AppData\Local\Temp\JetLogs\ReSharperTests\IntroduceVarTest\Expr - Space - After 04 - Anon record.log

]]></output>
                    </test-case>
                    <test-case name="Expr - Space - After 05 - Array" fullname="JetBrains.ReSharper.Plugins.FSharp.Tests.Features.Refactorings.IntroduceVarTest.Expr - Space - After 05 - Array" methodname="Expr - Space - After 05 - Array" classname="IntroduceVarTest" result="Passed" duration="0.089" asserts="0">
                      <properties>
                        <property name="Category" value="Refactoring" />
                      </properties>
                      <output><![CDATA[ReSharper LogPath is: C:\Users\berej\AppData\Local\Temp\JetLogs\ReSharperTests\resharper.log
Per-Test LogPath is: C:\Users\berej\AppData\Local\Temp\JetLogs\ReSharperTests\IntroduceVarTest\Expr - Space - After 05 - Array.log

]]></output>
                    </test-case>
                    <test-case name="Expr - Space - After 06 - Object expr" fullname="JetBrains.ReSharper.Plugins.FSharp.Tests.Features.Refactorings.IntroduceVarTest.Expr - Space - After 06 - Object expr" methodname="Expr - Space - After 06 - Object expr" classname="IntroduceVarTest" result="Passed" duration="0.086" asserts="0">
                      <properties>
                        <property name="Category" value="Refactoring" />
                      </properties>
                      <output><![CDATA[ReSharper LogPath is: C:\Users\berej\AppData\Local\Temp\JetLogs\ReSharperTests\resharper.log
Per-Test LogPath is: C:\Users\berej\AppData\Local\Temp\JetLogs\ReSharperTests\IntroduceVarTest\Expr - Space - After 06 - Object expr.log

]]></output>
                    </test-case>
                    <test-case name="Expr - Space - Before 01 - Parens" fullname="JetBrains.ReSharper.Plugins.FSharp.Tests.Features.Refactorings.IntroduceVarTest.Expr - Space - Before 01 - Parens" methodname="Expr - Space - Before 01 - Parens" classname="IntroduceVarTest" result="Passed" duration="0.068" asserts="0">
                      <properties>
                        <property name="Category" value="Refactoring" />
                      </properties>
                      <output><![CDATA[ReSharper LogPath is: C:\Users\berej\AppData\Local\Temp\JetLogs\ReSharperTests\resharper.log
Per-Test LogPath is: C:\Users\berej\AppData\Local\Temp\JetLogs\ReSharperTests\IntroduceVarTest\Expr - Space - Before 01 - Parens.log

]]></output>
                    </test-case>
                    <test-case name="Expr - Space - Before 02 - List" fullname="JetBrains.ReSharper.Plugins.FSharp.Tests.Features.Refactorings.IntroduceVarTest.Expr - Space - Before 02 - List" methodname="Expr - Space - Before 02 - List" classname="IntroduceVarTest" result="Passed" duration="0.083" asserts="0">
                      <properties>
                        <property name="Category" value="Refactoring" />
                      </properties>
                      <output><![CDATA[ReSharper LogPath is: C:\Users\berej\AppData\Local\Temp\JetLogs\ReSharperTests\resharper.log
Per-Test LogPath is: C:\Users\berej\AppData\Local\Temp\JetLogs\ReSharperTests\IntroduceVarTest\Expr - Space - Before 02 - List.log

]]></output>
                    </test-case>
                    <test-case name="Expr - Space - Before 03 - Record" fullname="JetBrains.ReSharper.Plugins.FSharp.Tests.Features.Refactorings.IntroduceVarTest.Expr - Space - Before 03 - Record" methodname="Expr - Space - Before 03 - Record" classname="IntroduceVarTest" result="Passed" duration="0.1" asserts="0">
                      <properties>
                        <property name="Category" value="Refactoring" />
                      </properties>
                      <output><![CDATA[ReSharper LogPath is: C:\Users\berej\AppData\Local\Temp\JetLogs\ReSharperTests\resharper.log
Per-Test LogPath is: C:\Users\berej\AppData\Local\Temp\JetLogs\ReSharperTests\IntroduceVarTest\Expr - Space - Before 03 - Record.log

]]></output>
                    </test-case>
                    <test-case name="Expr - Space - Before 04 - Anon record" fullname="JetBrains.ReSharper.Plugins.FSharp.Tests.Features.Refactorings.IntroduceVarTest.Expr - Space - Before 04 - Anon record" methodname="Expr - Space - Before 04 - Anon record" classname="IntroduceVarTest" result="Passed" duration="0.078" asserts="0">
                      <properties>
                        <property name="Category" value="Refactoring" />
                      </properties>
                      <output><![CDATA[ReSharper LogPath is: C:\Users\berej\AppData\Local\Temp\JetLogs\ReSharperTests\resharper.log
Per-Test LogPath is: C:\Users\berej\AppData\Local\Temp\JetLogs\ReSharperTests\IntroduceVarTest\Expr - Space - Before 04 - Anon record.log

]]></output>
                    </test-case>
                    <test-case name="Expr - Space - Before 05 - Array" fullname="JetBrains.ReSharper.Plugins.FSharp.Tests.Features.Refactorings.IntroduceVarTest.Expr - Space - Before 05 - Array" methodname="Expr - Space - Before 05 - Array" classname="IntroduceVarTest" result="Passed" duration="0.093" asserts="0">
                      <properties>
                        <property name="Category" value="Refactoring" />
                      </properties>
                      <output><![CDATA[ReSharper LogPath is: C:\Users\berej\AppData\Local\Temp\JetLogs\ReSharperTests\resharper.log
Per-Test LogPath is: C:\Users\berej\AppData\Local\Temp\JetLogs\ReSharperTests\IntroduceVarTest\Expr - Space - Before 05 - Array.log

]]></output>
                    </test-case>
                    <test-case name="Expr - Space - Before 06 - Object expr" fullname="JetBrains.ReSharper.Plugins.FSharp.Tests.Features.Refactorings.IntroduceVarTest.Expr - Space - Before 06 - Object expr" methodname="Expr - Space - Before 06 - Object expr" classname="IntroduceVarTest" result="Passed" duration="0.09" asserts="0">
                      <properties>
                        <property name="Category" value="Refactoring" />
                      </properties>
                      <output><![CDATA[ReSharper LogPath is: C:\Users\berej\AppData\Local\Temp\JetLogs\ReSharperTests\resharper.log
Per-Test LogPath is: C:\Users\berej\AppData\Local\Temp\JetLogs\ReSharperTests\IntroduceVarTest\Expr - Space - Before 06 - Object expr.log

]]></output>
                    </test-case>
                    <test-case name="Expr - Space - Both 01" fullname="JetBrains.ReSharper.Plugins.FSharp.Tests.Features.Refactorings.IntroduceVarTest.Expr - Space - Both 01" methodname="Expr - Space - Both 01" classname="IntroduceVarTest" result="Passed" duration="0.064" asserts="0">
                      <properties>
                        <property name="Category" value="Refactoring" />
                      </properties>
                      <output><![CDATA[ReSharper LogPath is: C:\Users\berej\AppData\Local\Temp\JetLogs\ReSharperTests\resharper.log
Per-Test LogPath is: C:\Users\berej\AppData\Local\Temp\JetLogs\ReSharperTests\IntroduceVarTest\Expr - Space - Both 01.log

]]></output>
                    </test-case>
                    <test-case name="Expr - Space - Not needed" fullname="JetBrains.ReSharper.Plugins.FSharp.Tests.Features.Refactorings.IntroduceVarTest.Expr - Space - Not needed" methodname="Expr - Space - Not needed" classname="IntroduceVarTest" result="Passed" duration="0.067" asserts="0">
                      <properties>
                        <property name="Category" value="Refactoring" />
                      </properties>
                      <output><![CDATA[ReSharper LogPath is: C:\Users\berej\AppData\Local\Temp\JetLogs\ReSharperTests\resharper.log
Per-Test LogPath is: C:\Users\berej\AppData\Local\Temp\JetLogs\ReSharperTests\IntroduceVarTest\Expr - Space - Not needed.log

]]></output>
                    </test-case>
                    <test-case name="Let 01" fullname="JetBrains.ReSharper.Plugins.FSharp.Tests.Features.Refactorings.IntroduceVarTest.Let 01" methodname="Let 01" classname="IntroduceVarTest" result="Passed" duration="0.055" asserts="0">
                      <properties>
                        <property name="Category" value="Refactoring" />
                      </properties>
                      <output><![CDATA[ReSharper LogPath is: C:\Users\berej\AppData\Local\Temp\JetLogs\ReSharperTests\resharper.log
Per-Test LogPath is: C:\Users\berej\AppData\Local\Temp\JetLogs\ReSharperTests\IntroduceVarTest\Let 01.log

]]></output>
                    </test-case>
                    <test-case name="Let 02 - Function" fullname="JetBrains.ReSharper.Plugins.FSharp.Tests.Features.Refactorings.IntroduceVarTest.Let 02 - Function" methodname="Let 02 - Function" classname="IntroduceVarTest" result="Passed" duration="0.075" asserts="0">
                      <properties>
                        <property name="Category" value="Refactoring" />
                      </properties>
                      <output><![CDATA[ReSharper LogPath is: C:\Users\berej\AppData\Local\Temp\JetLogs\ReSharperTests\resharper.log
Per-Test LogPath is: C:\Users\berej\AppData\Local\Temp\JetLogs\ReSharperTests\IntroduceVarTest\Let 02 - Function.log

]]></output>
                    </test-case>
                    <test-case name="Let 03 - Inside other" fullname="JetBrains.ReSharper.Plugins.FSharp.Tests.Features.Refactorings.IntroduceVarTest.Let 03 - Inside other" methodname="Let 03 - Inside other" classname="IntroduceVarTest" result="Passed" duration="0.061" asserts="0">
                      <properties>
                        <property name="Category" value="Refactoring" />
                      </properties>
                      <output><![CDATA[ReSharper LogPath is: C:\Users\berej\AppData\Local\Temp\JetLogs\ReSharperTests\resharper.log
Per-Test LogPath is: C:\Users\berej\AppData\Local\Temp\JetLogs\ReSharperTests\IntroduceVarTest\Let 03 - Inside other.log

]]></output>
                    </test-case>
                    <test-case name="Let 04 - After other" fullname="JetBrains.ReSharper.Plugins.FSharp.Tests.Features.Refactorings.IntroduceVarTest.Let 04 - After other" methodname="Let 04 - After other" classname="IntroduceVarTest" result="Passed" duration="0.102" asserts="0">
                      <properties>
                        <property name="Category" value="Refactoring" />
                      </properties>
                      <output><![CDATA[ReSharper LogPath is: C:\Users\berej\AppData\Local\Temp\JetLogs\ReSharperTests\resharper.log
Per-Test LogPath is: C:\Users\berej\AppData\Local\Temp\JetLogs\ReSharperTests\IntroduceVarTest\Let 04 - After other.log

]]></output>
                    </test-case>
                    <test-case name="Let 05 - Nested indent" fullname="JetBrains.ReSharper.Plugins.FSharp.Tests.Features.Refactorings.IntroduceVarTest.Let 05 - Nested indent" methodname="Let 05 - Nested indent" classname="IntroduceVarTest" result="Passed" duration="0.079" asserts="0">
                      <properties>
                        <property name="Category" value="Refactoring" />
                      </properties>
                      <output><![CDATA[ReSharper LogPath is: C:\Users\berej\AppData\Local\Temp\JetLogs\ReSharperTests\resharper.log
Per-Test LogPath is: C:\Users\berej\AppData\Local\Temp\JetLogs\ReSharperTests\IntroduceVarTest\Let 05 - Nested indent.log

]]></output>
                    </test-case>
                    <test-case name="LetDecl - Function 01" fullname="JetBrains.ReSharper.Plugins.FSharp.Tests.Features.Refactorings.IntroduceVarTest.LetDecl - Function 01" methodname="LetDecl - Function 01" classname="IntroduceVarTest" result="Passed" duration="0.092" asserts="0">
                      <properties>
                        <property name="Category" value="Refactoring" />
                      </properties>
                      <output><![CDATA[ReSharper LogPath is: C:\Users\berej\AppData\Local\Temp\JetLogs\ReSharperTests\resharper.log
Per-Test LogPath is: C:\Users\berej\AppData\Local\Temp\JetLogs\ReSharperTests\IntroduceVarTest\LetDecl - Function 01.log

]]></output>
                    </test-case>
                    <test-case name="LetDecl - Function 02" fullname="JetBrains.ReSharper.Plugins.FSharp.Tests.Features.Refactorings.IntroduceVarTest.LetDecl - Function 02" methodname="LetDecl - Function 02" classname="IntroduceVarTest" result="Passed" duration="0.069" asserts="0">
                      <properties>
                        <property name="Category" value="Refactoring" />
                      </properties>
                      <output><![CDATA[ReSharper LogPath is: C:\Users\berej\AppData\Local\Temp\JetLogs\ReSharperTests\resharper.log
Per-Test LogPath is: C:\Users\berej\AppData\Local\Temp\JetLogs\ReSharperTests\IntroduceVarTest\LetDecl - Function 02.log

]]></output>
                    </test-case>
                    <test-case name="LetDecl 01" fullname="JetBrains.ReSharper.Plugins.FSharp.Tests.Features.Refactorings.IntroduceVarTest.LetDecl 01" methodname="LetDecl 01" classname="IntroduceVarTest" result="Passed" duration="0.088" asserts="0">
                      <properties>
                        <property name="Category" value="Refactoring" />
                      </properties>
                      <output><![CDATA[ReSharper LogPath is: C:\Users\berej\AppData\Local\Temp\JetLogs\ReSharperTests\resharper.log
Per-Test LogPath is: C:\Users\berej\AppData\Local\Temp\JetLogs\ReSharperTests\IntroduceVarTest\LetDecl 01.log

]]></output>
                    </test-case>
                    <test-case name="LetDecl 02 - Indent" fullname="JetBrains.ReSharper.Plugins.FSharp.Tests.Features.Refactorings.IntroduceVarTest.LetDecl 02 - Indent" methodname="LetDecl 02 - Indent" classname="IntroduceVarTest" result="Passed" duration="0.091" asserts="0">
                      <properties>
                        <property name="Category" value="Refactoring" />
                      </properties>
                      <output><![CDATA[ReSharper LogPath is: C:\Users\berej\AppData\Local\Temp\JetLogs\ReSharperTests\resharper.log
Per-Test LogPath is: C:\Users\berej\AppData\Local\Temp\JetLogs\ReSharperTests\IntroduceVarTest\LetDecl 02 - Indent.log

]]></output>
                    </test-case>
                    <test-case name="LetExpr 01" fullname="JetBrains.ReSharper.Plugins.FSharp.Tests.Features.Refactorings.IntroduceVarTest.LetExpr 01" methodname="LetExpr 01" classname="IntroduceVarTest" result="Passed" duration="0.099" asserts="0">
                      <properties>
                        <property name="Category" value="Refactoring" />
                      </properties>
                      <output><![CDATA[ReSharper LogPath is: C:\Users\berej\AppData\Local\Temp\JetLogs\ReSharperTests\resharper.log
Per-Test LogPath is: C:\Users\berej\AppData\Local\Temp\JetLogs\ReSharperTests\IntroduceVarTest\LetExpr 01.log

]]></output>
                    </test-case>
                    <test-case name="Match 01" fullname="JetBrains.ReSharper.Plugins.FSharp.Tests.Features.Refactorings.IntroduceVarTest.Match 01" methodname="Match 01" classname="IntroduceVarTest" result="Passed" duration="0.068" asserts="0">
                      <properties>
                        <property name="Category" value="Refactoring" />
                      </properties>
                      <output><![CDATA[ReSharper LogPath is: C:\Users\berej\AppData\Local\Temp\JetLogs\ReSharperTests\resharper.log
Per-Test LogPath is: C:\Users\berej\AppData\Local\Temp\JetLogs\ReSharperTests\IntroduceVarTest\Match 01.log

]]></output>
                    </test-case>
                    <test-case name="Match 02 - Multiline" fullname="JetBrains.ReSharper.Plugins.FSharp.Tests.Features.Refactorings.IntroduceVarTest.Match 02 - Multiline" methodname="Match 02 - Multiline" classname="IntroduceVarTest" result="Passed" duration="0.046" asserts="0">
                      <properties>
                        <property name="Category" value="Refactoring" />
                      </properties>
                      <output><![CDATA[ReSharper LogPath is: C:\Users\berej\AppData\Local\Temp\JetLogs\ReSharperTests\resharper.log
Per-Test LogPath is: C:\Users\berej\AppData\Local\Temp\JetLogs\ReSharperTests\IntroduceVarTest\Match 02 - Multiline.log

]]></output>
                    </test-case>
                    <test-case name="Match 03 - Multiline" fullname="JetBrains.ReSharper.Plugins.FSharp.Tests.Features.Refactorings.IntroduceVarTest.Match 03 - Multiline" methodname="Match 03 - Multiline" classname="IntroduceVarTest" result="Passed" duration="0.057" asserts="0">
                      <properties>
                        <property name="Category" value="Refactoring" />
                      </properties>
                      <output><![CDATA[ReSharper LogPath is: C:\Users\berej\AppData\Local\Temp\JetLogs\ReSharperTests\resharper.log
Per-Test LogPath is: C:\Users\berej\AppData\Local\Temp\JetLogs\ReSharperTests\IntroduceVarTest\Match 03 - Multiline.log

]]></output>
                    </test-case>
                    <test-case name="Match 04 - Multiline" fullname="JetBrains.ReSharper.Plugins.FSharp.Tests.Features.Refactorings.IntroduceVarTest.Match 04 - Multiline" methodname="Match 04 - Multiline" classname="IntroduceVarTest" result="Passed" duration="0.066" asserts="0">
                      <properties>
                        <property name="Category" value="Refactoring" />
                      </properties>
                      <output><![CDATA[ReSharper LogPath is: C:\Users\berej\AppData\Local\Temp\JetLogs\ReSharperTests\resharper.log
Per-Test LogPath is: C:\Users\berej\AppData\Local\Temp\JetLogs\ReSharperTests\IntroduceVarTest\Match 04 - Multiline.log

]]></output>
                    </test-case>
                    <test-case name="Member - Auto property 01" fullname="JetBrains.ReSharper.Plugins.FSharp.Tests.Features.Refactorings.IntroduceVarTest.Member - Auto property 01" methodname="Member - Auto property 01" classname="IntroduceVarTest" result="Passed" duration="0.051" asserts="0">
                      <properties>
                        <property name="Category" value="Refactoring" />
                      </properties>
                      <output><![CDATA[ReSharper LogPath is: C:\Users\berej\AppData\Local\Temp\JetLogs\ReSharperTests\resharper.log
Per-Test LogPath is: C:\Users\berej\AppData\Local\Temp\JetLogs\ReSharperTests\IntroduceVarTest\Member - Auto property 01.log

]]></output>
                    </test-case>
                    <test-case name="Member - Decl 01" fullname="JetBrains.ReSharper.Plugins.FSharp.Tests.Features.Refactorings.IntroduceVarTest.Member - Decl 01" methodname="Member - Decl 01" classname="IntroduceVarTest" result="Passed" duration="0.065" asserts="0">
                      <properties>
                        <property name="Category" value="Refactoring" />
                      </properties>
                      <output><![CDATA[ReSharper LogPath is: C:\Users\berej\AppData\Local\Temp\JetLogs\ReSharperTests\resharper.log
Per-Test LogPath is: C:\Users\berej\AppData\Local\Temp\JetLogs\ReSharperTests\IntroduceVarTest\Member - Decl 01.log

]]></output>
                    </test-case>
                    <test-case name="Not allowed - Attribute 01" fullname="JetBrains.ReSharper.Plugins.FSharp.Tests.Features.Refactorings.IntroduceVarTest.Not allowed - Attribute 01" methodname="Not allowed - Attribute 01" classname="IntroduceVarTest" result="Passed" duration="0.048" asserts="0">
                      <properties>
                        <property name="Category" value="Refactoring" />
                      </properties>
                      <output><![CDATA[ReSharper LogPath is: C:\Users\berej\AppData\Local\Temp\JetLogs\ReSharperTests\resharper.log
Per-Test LogPath is: C:\Users\berej\AppData\Local\Temp\JetLogs\ReSharperTests\IntroduceVarTest\Not allowed - Attribute 01.log

]]></output>
                    </test-case>
                    <test-case name="Not allowed - CompExpr 01" fullname="JetBrains.ReSharper.Plugins.FSharp.Tests.Features.Refactorings.IntroduceVarTest.Not allowed - CompExpr 01" methodname="Not allowed - CompExpr 01" classname="IntroduceVarTest" result="Passed" duration="0.043" asserts="0">
                      <properties>
                        <property name="Category" value="Refactoring" />
                      </properties>
                      <output><![CDATA[ReSharper LogPath is: C:\Users\berej\AppData\Local\Temp\JetLogs\ReSharperTests\resharper.log
Per-Test LogPath is: C:\Users\berej\AppData\Local\Temp\JetLogs\ReSharperTests\IntroduceVarTest\Not allowed - CompExpr 01.log

]]></output>
                    </test-case>
                    <test-case name="Not allowed - CompExpr 02 - Yield" fullname="JetBrains.ReSharper.Plugins.FSharp.Tests.Features.Refactorings.IntroduceVarTest.Not allowed - CompExpr 02 - Yield" methodname="Not allowed - CompExpr 02 - Yield" classname="IntroduceVarTest" result="Passed" duration="0.052" asserts="0">
                      <properties>
                        <property name="Category" value="Refactoring" />
                      </properties>
                      <output><![CDATA[ReSharper LogPath is: C:\Users\berej\AppData\Local\Temp\JetLogs\ReSharperTests\resharper.log
Per-Test LogPath is: C:\Users\berej\AppData\Local\Temp\JetLogs\ReSharperTests\IntroduceVarTest\Not allowed - CompExpr 02 - Yield.log

]]></output>
                    </test-case>
                    <test-case name="Not allowed - Named arg 01" fullname="JetBrains.ReSharper.Plugins.FSharp.Tests.Features.Refactorings.IntroduceVarTest.Not allowed - Named arg 01" methodname="Not allowed - Named arg 01" classname="IntroduceVarTest" result="Passed" duration="0.05" asserts="0">
                      <properties>
                        <property name="Category" value="Refactoring" />
                      </properties>
                      <output><![CDATA[ReSharper LogPath is: C:\Users\berej\AppData\Local\Temp\JetLogs\ReSharperTests\resharper.log
Per-Test LogPath is: C:\Users\berej\AppData\Local\Temp\JetLogs\ReSharperTests\IntroduceVarTest\Not allowed - Named arg 01.log

]]></output>
                    </test-case>
                    <test-case name="Not allowed - Named arg 02 - Unit" fullname="JetBrains.ReSharper.Plugins.FSharp.Tests.Features.Refactorings.IntroduceVarTest.Not allowed - Named arg 02 - Unit" methodname="Not allowed - Named arg 02 - Unit" classname="IntroduceVarTest" result="Passed" duration="0.049" asserts="0">
                      <properties>
                        <property name="Category" value="Refactoring" />
                      </properties>
                      <output><![CDATA[ReSharper LogPath is: C:\Users\berej\AppData\Local\Temp\JetLogs\ReSharperTests\resharper.log
Per-Test LogPath is: C:\Users\berej\AppData\Local\Temp\JetLogs\ReSharperTests\IntroduceVarTest\Not allowed - Named arg 02 - Unit.log

]]></output>
                    </test-case>
                    <test-case name="Not allowed - Named arg 03 - Union case field" fullname="JetBrains.ReSharper.Plugins.FSharp.Tests.Features.Refactorings.IntroduceVarTest.Not allowed - Named arg 03 - Union case field" methodname="Not allowed - Named arg 03 - Union case field" classname="IntroduceVarTest" result="Passed" duration="0.06" asserts="0">
                      <properties>
                        <property name="Category" value="Refactoring" />
                      </properties>
                      <output><![CDATA[ReSharper LogPath is: C:\Users\berej\AppData\Local\Temp\JetLogs\ReSharperTests\resharper.log
Per-Test LogPath is: C:\Users\berej\AppData\Local\Temp\JetLogs\ReSharperTests\IntroduceVarTest\Not allowed - Named arg 03 - Union case field.log

]]></output>
                    </test-case>
                    <test-case name="Not allowed - Op 01" fullname="JetBrains.ReSharper.Plugins.FSharp.Tests.Features.Refactorings.IntroduceVarTest.Not allowed - Op 01" methodname="Not allowed - Op 01" classname="IntroduceVarTest" result="Passed" duration="0.042" asserts="0">
                      <properties>
                        <property name="Category" value="Refactoring" />
                      </properties>
                      <output><![CDATA[ReSharper LogPath is: C:\Users\berej\AppData\Local\Temp\JetLogs\ReSharperTests\resharper.log
Per-Test LogPath is: C:\Users\berej\AppData\Local\Temp\JetLogs\ReSharperTests\IntroduceVarTest\Not allowed - Op 01.log

]]></output>
                    </test-case>
                    <test-case name="Not allowed - Op 02 - Prefix app" fullname="JetBrains.ReSharper.Plugins.FSharp.Tests.Features.Refactorings.IntroduceVarTest.Not allowed - Op 02 - Prefix app" methodname="Not allowed - Op 02 - Prefix app" classname="IntroduceVarTest" result="Passed" duration="0.049" asserts="0">
                      <properties>
                        <property name="Category" value="Refactoring" />
                      </properties>
                      <output><![CDATA[ReSharper LogPath is: C:\Users\berej\AppData\Local\Temp\JetLogs\ReSharperTests\resharper.log
Per-Test LogPath is: C:\Users\berej\AppData\Local\Temp\JetLogs\ReSharperTests\IntroduceVarTest\Not allowed - Op 02 - Prefix app.log

]]></output>
                    </test-case>
                    <test-case name="Not allowed - RangeSequenceExpr 01" fullname="JetBrains.ReSharper.Plugins.FSharp.Tests.Features.Refactorings.IntroduceVarTest.Not allowed - RangeSequenceExpr 01" methodname="Not allowed - RangeSequenceExpr 01" classname="IntroduceVarTest" result="Passed" duration="0.043" asserts="0">
                      <properties>
                        <property name="Category" value="Refactoring" />
                      </properties>
                      <output><![CDATA[ReSharper LogPath is: C:\Users\berej\AppData\Local\Temp\JetLogs\ReSharperTests\resharper.log
Per-Test LogPath is: C:\Users\berej\AppData\Local\Temp\JetLogs\ReSharperTests\IntroduceVarTest\Not allowed - RangeSequenceExpr 01.log

]]></output>
                    </test-case>
                    <test-case name="Record field binding - Anon 01" fullname="JetBrains.ReSharper.Plugins.FSharp.Tests.Features.Refactorings.IntroduceVarTest.Record field binding - Anon 01" methodname="Record field binding - Anon 01" classname="IntroduceVarTest" result="Passed" duration="0.064" asserts="0">
                      <properties>
                        <property name="Category" value="Refactoring" />
                      </properties>
                      <output><![CDATA[ReSharper LogPath is: C:\Users\berej\AppData\Local\Temp\JetLogs\ReSharperTests\resharper.log
Per-Test LogPath is: C:\Users\berej\AppData\Local\Temp\JetLogs\ReSharperTests\IntroduceVarTest\Record field binding - Anon 01.log

]]></output>
                    </test-case>
                    <test-case name="Record field binding - Anon 02 - In app" fullname="JetBrains.ReSharper.Plugins.FSharp.Tests.Features.Refactorings.IntroduceVarTest.Record field binding - Anon 02 - In app" methodname="Record field binding - Anon 02 - In app" classname="IntroduceVarTest" result="Passed" duration="0.061" asserts="0">
                      <properties>
                        <property name="Category" value="Refactoring" />
                      </properties>
                      <output><![CDATA[ReSharper LogPath is: C:\Users\berej\AppData\Local\Temp\JetLogs\ReSharperTests\resharper.log
Per-Test LogPath is: C:\Users\berej\AppData\Local\Temp\JetLogs\ReSharperTests\IntroduceVarTest\Record field binding - Anon 02 - In app.log

]]></output>
                    </test-case>
                    <test-case name="Record field binding 01" fullname="JetBrains.ReSharper.Plugins.FSharp.Tests.Features.Refactorings.IntroduceVarTest.Record field binding 01" methodname="Record field binding 01" classname="IntroduceVarTest" result="Passed" duration="0.07" asserts="0">
                      <properties>
                        <property name="Category" value="Refactoring" />
                      </properties>
                      <output><![CDATA[ReSharper LogPath is: C:\Users\berej\AppData\Local\Temp\JetLogs\ReSharperTests\resharper.log
Per-Test LogPath is: C:\Users\berej\AppData\Local\Temp\JetLogs\ReSharperTests\IntroduceVarTest\Record field binding 01.log

]]></output>
                    </test-case>
                    <test-case name="Record field binding 02 - In app" fullname="JetBrains.ReSharper.Plugins.FSharp.Tests.Features.Refactorings.IntroduceVarTest.Record field binding 02 - In app" methodname="Record field binding 02 - In app" classname="IntroduceVarTest" result="Passed" duration="0.06" asserts="0">
                      <properties>
                        <property name="Category" value="Refactoring" />
                      </properties>
                      <output><![CDATA[ReSharper LogPath is: C:\Users\berej\AppData\Local\Temp\JetLogs\ReSharperTests\resharper.log
Per-Test LogPath is: C:\Users\berej\AppData\Local\Temp\JetLogs\ReSharperTests\IntroduceVarTest\Record field binding 02 - In app.log

]]></output>
                    </test-case>
                    <test-case name="Seq 01" fullname="JetBrains.ReSharper.Plugins.FSharp.Tests.Features.Refactorings.IntroduceVarTest.Seq 01" methodname="Seq 01" classname="IntroduceVarTest" result="Passed" duration="0.06" asserts="0">
                      <properties>
                        <property name="Category" value="Refactoring" />
                      </properties>
                      <output><![CDATA[ReSharper LogPath is: C:\Users\berej\AppData\Local\Temp\JetLogs\ReSharperTests\resharper.log
Per-Test LogPath is: C:\Users\berej\AppData\Local\Temp\JetLogs\ReSharperTests\IntroduceVarTest\Seq 01.log

]]></output>
                    </test-case>
                    <test-case name="Seq 02" fullname="JetBrains.ReSharper.Plugins.FSharp.Tests.Features.Refactorings.IntroduceVarTest.Seq 02" methodname="Seq 02" classname="IntroduceVarTest" result="Passed" duration="0.059" asserts="0">
                      <properties>
                        <property name="Category" value="Refactoring" />
                      </properties>
                      <output><![CDATA[ReSharper LogPath is: C:\Users\berej\AppData\Local\Temp\JetLogs\ReSharperTests\resharper.log
Per-Test LogPath is: C:\Users\berej\AppData\Local\Temp\JetLogs\ReSharperTests\IntroduceVarTest\Seq 02.log

]]></output>
                    </test-case>
                    <test-case name="Seq 03 - Last" fullname="JetBrains.ReSharper.Plugins.FSharp.Tests.Features.Refactorings.IntroduceVarTest.Seq 03 - Last" methodname="Seq 03 - Last" classname="IntroduceVarTest" result="Passed" duration="0.043" asserts="0">
                      <properties>
                        <property name="Category" value="Refactoring" />
                      </properties>
                      <output><![CDATA[ReSharper LogPath is: C:\Users\berej\AppData\Local\Temp\JetLogs\ReSharperTests\resharper.log
Per-Test LogPath is: C:\Users\berej\AppData\Local\Temp\JetLogs\ReSharperTests\IntroduceVarTest\Seq 03 - Last.log

]]></output>
                    </test-case>
                    <test-case name="Seq 04" fullname="JetBrains.ReSharper.Plugins.FSharp.Tests.Features.Refactorings.IntroduceVarTest.Seq 04" methodname="Seq 04" classname="IntroduceVarTest" result="Passed" duration="0.057" asserts="0">
                      <properties>
                        <property name="Category" value="Refactoring" />
                      </properties>
                      <output><![CDATA[ReSharper LogPath is: C:\Users\berej\AppData\Local\Temp\JetLogs\ReSharperTests\resharper.log
Per-Test LogPath is: C:\Users\berej\AppData\Local\Temp\JetLogs\ReSharperTests\IntroduceVarTest\Seq 04.log

]]></output>
                    </test-case>
                    <test-case name="Shift - Decl 01" fullname="JetBrains.ReSharper.Plugins.FSharp.Tests.Features.Refactorings.IntroduceVarTest.Shift - Decl 01" methodname="Shift - Decl 01" classname="IntroduceVarTest" result="Passed" duration="0.091" asserts="0">
                      <properties>
                        <property name="Category" value="Refactoring" />
                      </properties>
                      <output><![CDATA[ReSharper LogPath is: C:\Users\berej\AppData\Local\Temp\JetLogs\ReSharperTests\resharper.log
Per-Test LogPath is: C:\Users\berej\AppData\Local\Temp\JetLogs\ReSharperTests\IntroduceVarTest\Shift - Decl 01.log

]]></output>
                    </test-case>
                    <test-case name="Shift - Decl 02" fullname="JetBrains.ReSharper.Plugins.FSharp.Tests.Features.Refactorings.IntroduceVarTest.Shift - Decl 02" methodname="Shift - Decl 02" classname="IntroduceVarTest" result="Passed" duration="0.083" asserts="0">
                      <properties>
                        <property name="Category" value="Refactoring" />
                      </properties>
                      <output><![CDATA[ReSharper LogPath is: C:\Users\berej\AppData\Local\Temp\JetLogs\ReSharperTests\resharper.log
Per-Test LogPath is: C:\Users\berej\AppData\Local\Temp\JetLogs\ReSharperTests\IntroduceVarTest\Shift - Decl 02.log

]]></output>
                    </test-case>
                    <test-case name="Shift - Expr 01" fullname="JetBrains.ReSharper.Plugins.FSharp.Tests.Features.Refactorings.IntroduceVarTest.Shift - Expr 01" methodname="Shift - Expr 01" classname="IntroduceVarTest" result="Passed" duration="0.098" asserts="0">
                      <properties>
                        <property name="Category" value="Refactoring" />
                      </properties>
                      <output><![CDATA[ReSharper LogPath is: C:\Users\berej\AppData\Local\Temp\JetLogs\ReSharperTests\resharper.log
Per-Test LogPath is: C:\Users\berej\AppData\Local\Temp\JetLogs\ReSharperTests\IntroduceVarTest\Shift - Expr 01.log

]]></output>
                    </test-case>
                    <test-case name="Shift - Expr 02" fullname="JetBrains.ReSharper.Plugins.FSharp.Tests.Features.Refactorings.IntroduceVarTest.Shift - Expr 02" methodname="Shift - Expr 02" classname="IntroduceVarTest" result="Passed" duration="0.084" asserts="0">
                      <properties>
                        <property name="Category" value="Refactoring" />
                      </properties>
                      <output><![CDATA[ReSharper LogPath is: C:\Users\berej\AppData\Local\Temp\JetLogs\ReSharperTests\resharper.log
Per-Test LogPath is: C:\Users\berej\AppData\Local\Temp\JetLogs\ReSharperTests\IntroduceVarTest\Shift - Expr 02.log

]]></output>
                    </test-case>
                    <test-case name="Simple 01" fullname="JetBrains.ReSharper.Plugins.FSharp.Tests.Features.Refactorings.IntroduceVarTest.Simple 01" methodname="Simple 01" classname="IntroduceVarTest" result="Passed" duration="0.061" asserts="0">
                      <properties>
                        <property name="Category" value="Refactoring" />
                      </properties>
                      <output><![CDATA[ReSharper LogPath is: C:\Users\berej\AppData\Local\Temp\JetLogs\ReSharperTests\resharper.log
Per-Test LogPath is: C:\Users\berej\AppData\Local\Temp\JetLogs\ReSharperTests\IntroduceVarTest\Simple 01.log

]]></output>
                    </test-case>
                    <test-case name="Simple 02" fullname="JetBrains.ReSharper.Plugins.FSharp.Tests.Features.Refactorings.IntroduceVarTest.Simple 02" methodname="Simple 02" classname="IntroduceVarTest" result="Passed" duration="0.062" asserts="0">
                      <properties>
                        <property name="Category" value="Refactoring" />
                      </properties>
                      <output><![CDATA[ReSharper LogPath is: C:\Users\berej\AppData\Local\Temp\JetLogs\ReSharperTests\resharper.log
Per-Test LogPath is: C:\Users\berej\AppData\Local\Temp\JetLogs\ReSharperTests\IntroduceVarTest\Simple 02.log

]]></output>
                    </test-case>
                    <test-case name="Simple 03" fullname="JetBrains.ReSharper.Plugins.FSharp.Tests.Features.Refactorings.IntroduceVarTest.Simple 03" methodname="Simple 03" classname="IntroduceVarTest" result="Passed" duration="0.056" asserts="0">
                      <properties>
                        <property name="Category" value="Refactoring" />
                      </properties>
                      <output><![CDATA[ReSharper LogPath is: C:\Users\berej\AppData\Local\Temp\JetLogs\ReSharperTests\resharper.log
Per-Test LogPath is: C:\Users\berej\AppData\Local\Temp\JetLogs\ReSharperTests\IntroduceVarTest\Simple 03.log

]]></output>
                    </test-case>
                    <test-case name="Single line - If 01" fullname="JetBrains.ReSharper.Plugins.FSharp.Tests.Features.Refactorings.IntroduceVarTest.Single line - If 01" methodname="Single line - If 01" classname="IntroduceVarTest" result="Passed" duration="0.052" asserts="0">
                      <properties>
                        <property name="Category" value="Refactoring" />
                      </properties>
                      <output><![CDATA[ReSharper LogPath is: C:\Users\berej\AppData\Local\Temp\JetLogs\ReSharperTests\resharper.log
Per-Test LogPath is: C:\Users\berej\AppData\Local\Temp\JetLogs\ReSharperTests\IntroduceVarTest\Single line - If 01.log

]]></output>
                    </test-case>
                    <test-case name="Single line - Lambda 01" fullname="JetBrains.ReSharper.Plugins.FSharp.Tests.Features.Refactorings.IntroduceVarTest.Single line - Lambda 01" methodname="Single line - Lambda 01" classname="IntroduceVarTest" result="Passed" duration="0.053" asserts="0">
                      <properties>
                        <property name="Category" value="Refactoring" />
                      </properties>
                      <output><![CDATA[ReSharper LogPath is: C:\Users\berej\AppData\Local\Temp\JetLogs\ReSharperTests\resharper.log
Per-Test LogPath is: C:\Users\berej\AppData\Local\Temp\JetLogs\ReSharperTests\IntroduceVarTest\Single line - Lambda 01.log

]]></output>
                    </test-case>
                    <test-case name="Single line - Lambda 02 - Nested" fullname="JetBrains.ReSharper.Plugins.FSharp.Tests.Features.Refactorings.IntroduceVarTest.Single line - Lambda 02 - Nested" methodname="Single line - Lambda 02 - Nested" classname="IntroduceVarTest" result="Passed" duration="0.073" asserts="0">
                      <properties>
                        <property name="Category" value="Refactoring" />
                      </properties>
                      <output><![CDATA[ReSharper LogPath is: C:\Users\berej\AppData\Local\Temp\JetLogs\ReSharperTests\resharper.log
Per-Test LogPath is: C:\Users\berej\AppData\Local\Temp\JetLogs\ReSharperTests\IntroduceVarTest\Single line - Lambda 02 - Nested.log

]]></output>
                    </test-case>
                    <test-case name="Single line - Match 01" fullname="JetBrains.ReSharper.Plugins.FSharp.Tests.Features.Refactorings.IntroduceVarTest.Single line - Match 01" methodname="Single line - Match 01" classname="IntroduceVarTest" result="Passed" duration="0.058" asserts="0">
                      <properties>
                        <property name="Category" value="Refactoring" />
                      </properties>
                      <output><![CDATA[ReSharper LogPath is: C:\Users\berej\AppData\Local\Temp\JetLogs\ReSharperTests\resharper.log
Per-Test LogPath is: C:\Users\berej\AppData\Local\Temp\JetLogs\ReSharperTests\IntroduceVarTest\Single line - Match 01.log

]]></output>
                    </test-case>
                    <test-case name="Single line - Match 02 - Parens" fullname="JetBrains.ReSharper.Plugins.FSharp.Tests.Features.Refactorings.IntroduceVarTest.Single line - Match 02 - Parens" methodname="Single line - Match 02 - Parens" classname="IntroduceVarTest" result="Passed" duration="0.06" asserts="0">
                      <properties>
                        <property name="Category" value="Refactoring" />
                      </properties>
                      <output><![CDATA[ReSharper LogPath is: C:\Users\berej\AppData\Local\Temp\JetLogs\ReSharperTests\resharper.log
Per-Test LogPath is: C:\Users\berej\AppData\Local\Temp\JetLogs\ReSharperTests\IntroduceVarTest\Single line - Match 02 - Parens.log

]]></output>
                    </test-case>
                    <test-case name="Single line - When 01" fullname="JetBrains.ReSharper.Plugins.FSharp.Tests.Features.Refactorings.IntroduceVarTest.Single line - When 01" methodname="Single line - When 01" classname="IntroduceVarTest" result="Passed" duration="0.051" asserts="0">
                      <properties>
                        <property name="Category" value="Refactoring" />
                      </properties>
                      <output><![CDATA[ReSharper LogPath is: C:\Users\berej\AppData\Local\Temp\JetLogs\ReSharperTests\resharper.log
Per-Test LogPath is: C:\Users\berej\AppData\Local\Temp\JetLogs\ReSharperTests\IntroduceVarTest\Single line - When 01.log

]]></output>
                    </test-case>
                    <test-case name="Types 01 - Binary app" fullname="JetBrains.ReSharper.Plugins.FSharp.Tests.Features.Refactorings.IntroduceVarTest.Types 01 - Binary app" methodname="Types 01 - Binary app" classname="IntroduceVarTest" result="Passed" duration="0.065" asserts="0">
                      <properties>
                        <property name="Category" value="Refactoring" />
                      </properties>
                      <output><![CDATA[ReSharper LogPath is: C:\Users\berej\AppData\Local\Temp\JetLogs\ReSharperTests\resharper.log
Per-Test LogPath is: C:\Users\berej\AppData\Local\Temp\JetLogs\ReSharperTests\IntroduceVarTest\Types 01 - Binary app.log

]]></output>
                    </test-case>
                    <test-case name="Types 02 - Method return" fullname="JetBrains.ReSharper.Plugins.FSharp.Tests.Features.Refactorings.IntroduceVarTest.Types 02 - Method return" methodname="Types 02 - Method return" classname="IntroduceVarTest" result="Passed" duration="0.089" asserts="0">
                      <properties>
                        <property name="Category" value="Refactoring" />
                      </properties>
                      <output><![CDATA[ReSharper LogPath is: C:\Users\berej\AppData\Local\Temp\JetLogs\ReSharperTests\resharper.log
Per-Test LogPath is: C:\Users\berej\AppData\Local\Temp\JetLogs\ReSharperTests\IntroduceVarTest\Types 02 - Method return.log

]]></output>
                    </test-case>
                    <test-case name="Types 03 - Type check" fullname="JetBrains.ReSharper.Plugins.FSharp.Tests.Features.Refactorings.IntroduceVarTest.Types 03 - Type check" methodname="Types 03 - Type check" classname="IntroduceVarTest" result="Passed" duration="0.057" asserts="0">
                      <properties>
                        <property name="Category" value="Refactoring" />
                      </properties>
                      <output><![CDATA[ReSharper LogPath is: C:\Users\berej\AppData\Local\Temp\JetLogs\ReSharperTests\resharper.log
Per-Test LogPath is: C:\Users\berej\AppData\Local\Temp\JetLogs\ReSharperTests\IntroduceVarTest\Types 03 - Type check.log

]]></output>
                    </test-case>
                    <test-case name="Used names - For 01" fullname="JetBrains.ReSharper.Plugins.FSharp.Tests.Features.Refactorings.IntroduceVarTest.Used names - For 01" methodname="Used names - For 01" classname="IntroduceVarTest" result="Passed" duration="0.087" asserts="0">
                      <properties>
                        <property name="Category" value="Refactoring" />
                      </properties>
                      <output><![CDATA[ReSharper LogPath is: C:\Users\berej\AppData\Local\Temp\JetLogs\ReSharperTests\resharper.log
Per-Test LogPath is: C:\Users\berej\AppData\Local\Temp\JetLogs\ReSharperTests\IntroduceVarTest\Used names - For 01.log

]]></output>
                    </test-case>
                    <test-case name="Used names - Let 01" fullname="JetBrains.ReSharper.Plugins.FSharp.Tests.Features.Refactorings.IntroduceVarTest.Used names - Let 01" methodname="Used names - Let 01" classname="IntroduceVarTest" result="Passed" duration="0.108" asserts="0">
                      <properties>
                        <property name="Category" value="Refactoring" />
                      </properties>
                      <output><![CDATA[ReSharper LogPath is: C:\Users\berej\AppData\Local\Temp\JetLogs\ReSharperTests\resharper.log
Per-Test LogPath is: C:\Users\berej\AppData\Local\Temp\JetLogs\ReSharperTests\IntroduceVarTest\Used names - Let 01.log

]]></output>
                    </test-case>
                    <test-case name="Used names - Member - Module 01" fullname="JetBrains.ReSharper.Plugins.FSharp.Tests.Features.Refactorings.IntroduceVarTest.Used names - Member - Module 01" methodname="Used names - Member - Module 01" classname="IntroduceVarTest" result="Passed" duration="0.067" asserts="0">
                      <properties>
                        <property name="Category" value="Refactoring" />
                      </properties>
                      <output><![CDATA[ReSharper LogPath is: C:\Users\berej\AppData\Local\Temp\JetLogs\ReSharperTests\resharper.log
Per-Test LogPath is: C:\Users\berej\AppData\Local\Temp\JetLogs\ReSharperTests\IntroduceVarTest\Used names - Member - Module 01.log

]]></output>
                    </test-case>
                    <test-case name="Used names - Member - Module 02 - Nested pat" fullname="JetBrains.ReSharper.Plugins.FSharp.Tests.Features.Refactorings.IntroduceVarTest.Used names - Member - Module 02 - Nested pat" methodname="Used names - Member - Module 02 - Nested pat" classname="IntroduceVarTest" result="Passed" duration="0.07" asserts="0">
                      <properties>
                        <property name="Category" value="Refactoring" />
                      </properties>
                      <output><![CDATA[ReSharper LogPath is: C:\Users\berej\AppData\Local\Temp\JetLogs\ReSharperTests\resharper.log
Per-Test LogPath is: C:\Users\berej\AppData\Local\Temp\JetLogs\ReSharperTests\IntroduceVarTest\Used names - Member - Module 02 - Nested pat.log

]]></output>
                    </test-case>
                    <test-case name="Used names - Member - Type 01" fullname="JetBrains.ReSharper.Plugins.FSharp.Tests.Features.Refactorings.IntroduceVarTest.Used names - Member - Type 01" methodname="Used names - Member - Type 01" classname="IntroduceVarTest" result="Passed" duration="0.107" asserts="0">
                      <properties>
                        <property name="Category" value="Refactoring" />
                      </properties>
                      <output><![CDATA[ReSharper LogPath is: C:\Users\berej\AppData\Local\Temp\JetLogs\ReSharperTests\resharper.log
Per-Test LogPath is: C:\Users\berej\AppData\Local\Temp\JetLogs\ReSharperTests\IntroduceVarTest\Used names - Member - Type 01.log

]]></output>
                    </test-case>
                    <test-case name="Used names - Member - Type 02 - Member" fullname="JetBrains.ReSharper.Plugins.FSharp.Tests.Features.Refactorings.IntroduceVarTest.Used names - Member - Type 02 - Member" methodname="Used names - Member - Type 02 - Member" classname="IntroduceVarTest" result="Passed" duration="0.082" asserts="0">
                      <properties>
                        <property name="Category" value="Refactoring" />
                      </properties>
                      <output><![CDATA[ReSharper LogPath is: C:\Users\berej\AppData\Local\Temp\JetLogs\ReSharperTests\resharper.log
Per-Test LogPath is: C:\Users\berej\AppData\Local\Temp\JetLogs\ReSharperTests\IntroduceVarTest\Used names - Member - Type 02 - Member.log

]]></output>
                    </test-case>
                    <test-case name="Used names - Seq 01" fullname="JetBrains.ReSharper.Plugins.FSharp.Tests.Features.Refactorings.IntroduceVarTest.Used names - Seq 01" methodname="Used names - Seq 01" classname="IntroduceVarTest" result="Passed" duration="0.069" asserts="0">
                      <properties>
                        <property name="Category" value="Refactoring" />
                      </properties>
                      <output><![CDATA[ReSharper LogPath is: C:\Users\berej\AppData\Local\Temp\JetLogs\ReSharperTests\resharper.log
Per-Test LogPath is: C:\Users\berej\AppData\Local\Temp\JetLogs\ReSharperTests\IntroduceVarTest\Used names - Seq 01.log

]]></output>
                    </test-case>
                    <test-case name="Used names - Seq 02 - Before" fullname="JetBrains.ReSharper.Plugins.FSharp.Tests.Features.Refactorings.IntroduceVarTest.Used names - Seq 02 - Before" methodname="Used names - Seq 02 - Before" classname="IntroduceVarTest" result="Passed" duration="0.072" asserts="0">
                      <properties>
                        <property name="Category" value="Refactoring" />
                      </properties>
                      <output><![CDATA[ReSharper LogPath is: C:\Users\berej\AppData\Local\Temp\JetLogs\ReSharperTests\resharper.log
Per-Test LogPath is: C:\Users\berej\AppData\Local\Temp\JetLogs\ReSharperTests\IntroduceVarTest\Used names - Seq 02 - Before.log

]]></output>
                    </test-case>
                    <test-case name="Used names 01" fullname="JetBrains.ReSharper.Plugins.FSharp.Tests.Features.Refactorings.IntroduceVarTest.Used names 01" methodname="Used names 01" classname="IntroduceVarTest" result="Passed" duration="0.071" asserts="0">
                      <properties>
                        <property name="Category" value="Refactoring" />
                      </properties>
                      <output><![CDATA[ReSharper LogPath is: C:\Users\berej\AppData\Local\Temp\JetLogs\ReSharperTests\resharper.log
Per-Test LogPath is: C:\Users\berej\AppData\Local\Temp\JetLogs\ReSharperTests\IntroduceVarTest\Used names 01.log

]]></output>
                    </test-case>
                  </test-suite>
                </test-suite>
                <test-suite type="TestSuite" name="Todo" fullname="JetBrains.ReSharper.Plugins.FSharp.Tests.Features.Todo" total="3" passed="3" failed="0" inconclusive="0" skipped="0" result="Passed" duration="0.123">
                  <test-suite type="TestFixture" name="FSharpTodoTest" fullname="JetBrains.ReSharper.Plugins.FSharp.Tests.Features.Todo.FSharpTodoTest" total="3" passed="3" failed="0" inconclusive="0" skipped="0" result="Passed" duration="0.123">
                    <test-case name="Block comment" fullname="JetBrains.ReSharper.Plugins.FSharp.Tests.Features.Todo.FSharpTodoTest.Block comment" methodname="Block comment" classname="FSharpTodoTest" result="Passed" duration="0.064" asserts="0">
                      <properties>
                        <property name="Category" value="TODO" />
                        <property name="Category" value="Daemon" />
                      </properties>
                      <output><![CDATA[ReSharper LogPath is: C:\Users\berej\AppData\Local\Temp\JetLogs\ReSharperTests\resharper.log
Per-Test LogPath is: C:\Users\berej\AppData\Local\Temp\JetLogs\ReSharperTests\FSharpTodoTest\Block comment.log

]]></output>
                    </test-case>
                    <test-case name="Line comment" fullname="JetBrains.ReSharper.Plugins.FSharp.Tests.Features.Todo.FSharpTodoTest.Line comment" methodname="Line comment" classname="FSharpTodoTest" result="Passed" duration="0.029" asserts="0">
                      <properties>
                        <property name="Category" value="TODO" />
                        <property name="Category" value="Daemon" />
                      </properties>
                      <output><![CDATA[ReSharper LogPath is: C:\Users\berej\AppData\Local\Temp\JetLogs\ReSharperTests\resharper.log
Per-Test LogPath is: C:\Users\berej\AppData\Local\Temp\JetLogs\ReSharperTests\FSharpTodoTest\Line comment.log

]]></output>
                    </test-case>
                    <test-case name="NotImplementedException" fullname="JetBrains.ReSharper.Plugins.FSharp.Tests.Features.Todo.FSharpTodoTest.NotImplementedException" methodname="NotImplementedException" classname="FSharpTodoTest" result="Passed" duration="0.03" asserts="0">
                      <properties>
                        <property name="Category" value="TODO" />
                        <property name="Category" value="Daemon" />
                      </properties>
                      <output><![CDATA[ReSharper LogPath is: C:\Users\berej\AppData\Local\Temp\JetLogs\ReSharperTests\resharper.log
Per-Test LogPath is: C:\Users\berej\AppData\Local\Temp\JetLogs\ReSharperTests\FSharpTodoTest\NotImplementedException.log

]]></output>
                    </test-case>
                  </test-suite>
                </test-suite>
                <test-suite type="TestSuite" name="TypingAssist" fullname="JetBrains.ReSharper.Plugins.FSharp.Tests.Features.TypingAssist" total="224" passed="223" failed="0" inconclusive="1" skipped="0" result="Passed" duration="12.439">
                  <test-suite type="TestFixture" name="FSharpTypingAssistTest" fullname="JetBrains.ReSharper.Plugins.FSharp.Tests.Features.TypingAssist.FSharpTypingAssistTest" total="222" passed="221" failed="0" inconclusive="1" skipped="0" result="Passed" duration="12.309">
                    <test-case name="At 01 - Make quotation after left angle" fullname="JetBrains.ReSharper.Plugins.FSharp.Tests.Features.TypingAssist.FSharpTypingAssistTest.At 01 - Make quotation after left angle" methodname="At 01 - Make quotation after left angle" classname="FSharpTypingAssistTest" result="Passed" duration="0.114" asserts="0">
                      <properties>
                        <property name="Category" value="Typing assist" />
                      </properties>
                      <output><![CDATA[ReSharper LogPath is: C:\Users\berej\AppData\Local\Temp\JetLogs\ReSharperTests\resharper.log
Per-Test LogPath is: C:\Users\berej\AppData\Local\Temp\JetLogs\ReSharperTests\FSharpTypingAssistTest\At 01 - Make quotation after left angle.log

]]></output>
                    </test-case>
                    <test-case name="At 02 - Inside empty typed quotations" fullname="JetBrains.ReSharper.Plugins.FSharp.Tests.Features.TypingAssist.FSharpTypingAssistTest.At 02 - Inside empty typed quotations" methodname="At 02 - Inside empty typed quotations" classname="FSharpTypingAssistTest" result="Passed" duration="0.057" asserts="0">
                      <properties>
                        <property name="Category" value="Typing assist" />
                      </properties>
                      <output><![CDATA[ReSharper LogPath is: C:\Users\berej\AppData\Local\Temp\JetLogs\ReSharperTests\resharper.log
Per-Test LogPath is: C:\Users\berej\AppData\Local\Temp\JetLogs\ReSharperTests\FSharpTypingAssistTest\At 02 - Inside empty typed quotations.log

]]></output>
                    </test-case>
                    <test-case name="At 03 - Inside empty typed quotations and spaces 01" fullname="JetBrains.ReSharper.Plugins.FSharp.Tests.Features.TypingAssist.FSharpTypingAssistTest.At 03 - Inside empty typed quotations and spaces 01" methodname="At 03 - Inside empty typed quotations and spaces 01" classname="FSharpTypingAssistTest" result="Passed" duration="0.078" asserts="0">
                      <properties>
                        <property name="Category" value="Typing assist" />
                      </properties>
                      <output><![CDATA[ReSharper LogPath is: C:\Users\berej\AppData\Local\Temp\JetLogs\ReSharperTests\resharper.log
Per-Test LogPath is: C:\Users\berej\AppData\Local\Temp\JetLogs\ReSharperTests\FSharpTypingAssistTest\At 03 - Inside empty typed quotations and spaces 01.log

]]></output>
                    </test-case>
                    <test-case name="At 04 - Inside empty typed quotations and spaces 02" fullname="JetBrains.ReSharper.Plugins.FSharp.Tests.Features.TypingAssist.FSharpTypingAssistTest.At 04 - Inside empty typed quotations and spaces 02" methodname="At 04 - Inside empty typed quotations and spaces 02" classname="FSharpTypingAssistTest" result="Passed" duration="0.057" asserts="0">
                      <properties>
                        <property name="Category" value="Typing assist" />
                      </properties>
                      <output><![CDATA[ReSharper LogPath is: C:\Users\berej\AppData\Local\Temp\JetLogs\ReSharperTests\resharper.log
Per-Test LogPath is: C:\Users\berej\AppData\Local\Temp\JetLogs\ReSharperTests\FSharpTypingAssistTest\At 04 - Inside empty typed quotations and spaces 02.log

]]></output>
                    </test-case>
                    <test-case name="At 05 - Inside empty typed quotations and spaces 03" fullname="JetBrains.ReSharper.Plugins.FSharp.Tests.Features.TypingAssist.FSharpTypingAssistTest.At 05 - Inside empty typed quotations and spaces 03" methodname="At 05 - Inside empty typed quotations and spaces 03" classname="FSharpTypingAssistTest" result="Passed" duration="0.061" asserts="0">
                      <properties>
                        <property name="Category" value="Typing assist" />
                      </properties>
                      <output><![CDATA[ReSharper LogPath is: C:\Users\berej\AppData\Local\Temp\JetLogs\ReSharperTests\resharper.log
Per-Test LogPath is: C:\Users\berej\AppData\Local\Temp\JetLogs\ReSharperTests\FSharpTypingAssistTest\At 05 - Inside empty typed quotations and spaces 03.log

]]></output>
                    </test-case>
                    <test-case name="At 06 - Inside empty typed quotations and spaces 04" fullname="JetBrains.ReSharper.Plugins.FSharp.Tests.Features.TypingAssist.FSharpTypingAssistTest.At 06 - Inside empty typed quotations and spaces 04" methodname="At 06 - Inside empty typed quotations and spaces 04" classname="FSharpTypingAssistTest" result="Passed" duration="0.052" asserts="0">
                      <properties>
                        <property name="Category" value="Typing assist" />
                      </properties>
                      <output><![CDATA[ReSharper LogPath is: C:\Users\berej\AppData\Local\Temp\JetLogs\ReSharperTests\resharper.log
Per-Test LogPath is: C:\Users\berej\AppData\Local\Temp\JetLogs\ReSharperTests\FSharpTypingAssistTest\At 06 - Inside empty typed quotations and spaces 04.log

]]></output>
                    </test-case>
                    <test-case name="At 07 - Inside empty typed quotations and spaces 05" fullname="JetBrains.ReSharper.Plugins.FSharp.Tests.Features.TypingAssist.FSharpTypingAssistTest.At 07 - Inside empty typed quotations and spaces 05" methodname="At 07 - Inside empty typed quotations and spaces 05" classname="FSharpTypingAssistTest" result="Passed" duration="0.049" asserts="0">
                      <properties>
                        <property name="Category" value="Typing assist" />
                      </properties>
                      <output><![CDATA[ReSharper LogPath is: C:\Users\berej\AppData\Local\Temp\JetLogs\ReSharperTests\resharper.log
Per-Test LogPath is: C:\Users\berej\AppData\Local\Temp\JetLogs\ReSharperTests\FSharpTypingAssistTest\At 07 - Inside empty typed quotations and spaces 05.log

]]></output>
                    </test-case>
                    <test-case name="At 08 - Inside empty typed quotations and spaces 06" fullname="JetBrains.ReSharper.Plugins.FSharp.Tests.Features.TypingAssist.FSharpTypingAssistTest.At 08 - Inside empty typed quotations and spaces 06" methodname="At 08 - Inside empty typed quotations and spaces 06" classname="FSharpTypingAssistTest" result="Passed" duration="0.053" asserts="0">
                      <properties>
                        <property name="Category" value="Typing assist" />
                      </properties>
                      <output><![CDATA[ReSharper LogPath is: C:\Users\berej\AppData\Local\Temp\JetLogs\ReSharperTests\resharper.log
Per-Test LogPath is: C:\Users\berej\AppData\Local\Temp\JetLogs\ReSharperTests\FSharpTypingAssistTest\At 08 - Inside empty typed quotations and spaces 06.log

]]></output>
                    </test-case>
                    <test-case name="At 09 - Inside empty typed quotations and spaces 07" fullname="JetBrains.ReSharper.Plugins.FSharp.Tests.Features.TypingAssist.FSharpTypingAssistTest.At 09 - Inside empty typed quotations and spaces 07" methodname="At 09 - Inside empty typed quotations and spaces 07" classname="FSharpTypingAssistTest" result="Passed" duration="0.055" asserts="0">
                      <properties>
                        <property name="Category" value="Typing assist" />
                      </properties>
                      <output><![CDATA[ReSharper LogPath is: C:\Users\berej\AppData\Local\Temp\JetLogs\ReSharperTests\resharper.log
Per-Test LogPath is: C:\Users\berej\AppData\Local\Temp\JetLogs\ReSharperTests\FSharpTypingAssistTest\At 09 - Inside empty typed quotations and spaces 07.log

]]></output>
                    </test-case>
                    <test-case name="At 10 - Inside empty typed quotations and spaces 08" fullname="JetBrains.ReSharper.Plugins.FSharp.Tests.Features.TypingAssist.FSharpTypingAssistTest.At 10 - Inside empty typed quotations and spaces 08" methodname="At 10 - Inside empty typed quotations and spaces 08" classname="FSharpTypingAssistTest" result="Passed" duration="0.054" asserts="0">
                      <properties>
                        <property name="Category" value="Typing assist" />
                      </properties>
                      <output><![CDATA[ReSharper LogPath is: C:\Users\berej\AppData\Local\Temp\JetLogs\ReSharperTests\resharper.log
Per-Test LogPath is: C:\Users\berej\AppData\Local\Temp\JetLogs\ReSharperTests\FSharpTypingAssistTest\At 10 - Inside empty typed quotations and spaces 08.log

]]></output>
                    </test-case>
                    <test-case name="Backspace 01 - Inside empty triple-quoted string" fullname="JetBrains.ReSharper.Plugins.FSharp.Tests.Features.TypingAssist.FSharpTypingAssistTest.Backspace 01 - Inside empty triple-quoted string" methodname="Backspace 01 - Inside empty triple-quoted string" classname="FSharpTypingAssistTest" result="Passed" duration="0.057" asserts="0">
                      <properties>
                        <property name="Category" value="Typing assist" />
                      </properties>
                      <output><![CDATA[ReSharper LogPath is: C:\Users\berej\AppData\Local\Temp\JetLogs\ReSharperTests\resharper.log
Per-Test LogPath is: C:\Users\berej\AppData\Local\Temp\JetLogs\ReSharperTests\FSharpTypingAssistTest\Backspace 01 - Inside empty triple-quoted string.log

]]></output>
                    </test-case>
                    <test-case name="Backspace 02 - Inside multiline triple-quoted string" fullname="JetBrains.ReSharper.Plugins.FSharp.Tests.Features.TypingAssist.FSharpTypingAssistTest.Backspace 02 - Inside multiline triple-quoted string" methodname="Backspace 02 - Inside multiline triple-quoted string" classname="FSharpTypingAssistTest" result="Passed" duration="0.05" asserts="0">
                      <properties>
                        <property name="Category" value="Typing assist" />
                      </properties>
                      <output><![CDATA[ReSharper LogPath is: C:\Users\berej\AppData\Local\Temp\JetLogs\ReSharperTests\resharper.log
Per-Test LogPath is: C:\Users\berej\AppData\Local\Temp\JetLogs\ReSharperTests\FSharpTypingAssistTest\Backspace 02 - Inside multiline triple-quoted string.log

]]></output>
                    </test-case>
                    <test-case name="Backspace 03 - Inside multiline triple-quoted string 2" fullname="JetBrains.ReSharper.Plugins.FSharp.Tests.Features.TypingAssist.FSharpTypingAssistTest.Backspace 03 - Inside multiline triple-quoted string 2" methodname="Backspace 03 - Inside multiline triple-quoted string 2" classname="FSharpTypingAssistTest" result="Passed" duration="0.061" asserts="0">
                      <properties>
                        <property name="Category" value="Typing assist" />
                      </properties>
                      <output><![CDATA[ReSharper LogPath is: C:\Users\berej\AppData\Local\Temp\JetLogs\ReSharperTests\resharper.log
Per-Test LogPath is: C:\Users\berej\AppData\Local\Temp\JetLogs\ReSharperTests\FSharpTypingAssistTest\Backspace 03 - Inside multiline triple-quoted string 2.log

]]></output>
                    </test-case>
                    <test-case name="Backspace 04 - Inside triple-quoted string" fullname="JetBrains.ReSharper.Plugins.FSharp.Tests.Features.TypingAssist.FSharpTypingAssistTest.Backspace 04 - Inside triple-quoted string" methodname="Backspace 04 - Inside triple-quoted string" classname="FSharpTypingAssistTest" result="Passed" duration="0.049" asserts="0">
                      <properties>
                        <property name="Category" value="Typing assist" />
                      </properties>
                      <output><![CDATA[ReSharper LogPath is: C:\Users\berej\AppData\Local\Temp\JetLogs\ReSharperTests\resharper.log
Per-Test LogPath is: C:\Users\berej\AppData\Local\Temp\JetLogs\ReSharperTests\FSharpTypingAssistTest\Backspace 04 - Inside triple-quoted string.log

]]></output>
                    </test-case>
                    <test-case name="Backspace 05 - Inside triple-quoted string 2" fullname="JetBrains.ReSharper.Plugins.FSharp.Tests.Features.TypingAssist.FSharpTypingAssistTest.Backspace 05 - Inside triple-quoted string 2" methodname="Backspace 05 - Inside triple-quoted string 2" classname="FSharpTypingAssistTest" result="Passed" duration="0.05" asserts="0">
                      <properties>
                        <property name="Category" value="Typing assist" />
                      </properties>
                      <output><![CDATA[ReSharper LogPath is: C:\Users\berej\AppData\Local\Temp\JetLogs\ReSharperTests\resharper.log
Per-Test LogPath is: C:\Users\berej\AppData\Local\Temp\JetLogs\ReSharperTests\FSharpTypingAssistTest\Backspace 05 - Inside triple-quoted string 2.log

]]></output>
                    </test-case>
                    <test-case name="Backspace 06 - Inside multiline triple-quoted string" fullname="JetBrains.ReSharper.Plugins.FSharp.Tests.Features.TypingAssist.FSharpTypingAssistTest.Backspace 06 - Inside multiline triple-quoted string" methodname="Backspace 06 - Inside multiline triple-quoted string" classname="FSharpTypingAssistTest" result="Passed" duration="0.053" asserts="0">
                      <properties>
                        <property name="Category" value="Typing assist" />
                      </properties>
                      <output><![CDATA[ReSharper LogPath is: C:\Users\berej\AppData\Local\Temp\JetLogs\ReSharperTests\resharper.log
Per-Test LogPath is: C:\Users\berej\AppData\Local\Temp\JetLogs\ReSharperTests\FSharpTypingAssistTest\Backspace 06 - Inside multiline triple-quoted string.log

]]></output>
                    </test-case>
                    <test-case name="Backspace 07 - Inside multiline triple-quoted string" fullname="JetBrains.ReSharper.Plugins.FSharp.Tests.Features.TypingAssist.FSharpTypingAssistTest.Backspace 07 - Inside multiline triple-quoted string" methodname="Backspace 07 - Inside multiline triple-quoted string" classname="FSharpTypingAssistTest" result="Passed" duration="0.056" asserts="0">
                      <properties>
                        <property name="Category" value="Typing assist" />
                      </properties>
                      <output><![CDATA[ReSharper LogPath is: C:\Users\berej\AppData\Local\Temp\JetLogs\ReSharperTests\resharper.log
Per-Test LogPath is: C:\Users\berej\AppData\Local\Temp\JetLogs\ReSharperTests\FSharpTypingAssistTest\Backspace 07 - Inside multiline triple-quoted string.log

]]></output>
                    </test-case>
                    <test-case name="Backticks 01 - Finish id" fullname="JetBrains.ReSharper.Plugins.FSharp.Tests.Features.TypingAssist.FSharpTypingAssistTest.Backticks 01 - Finish id" methodname="Backticks 01 - Finish id" classname="FSharpTypingAssistTest" result="Passed" duration="0.051" asserts="0">
                      <properties>
                        <property name="Category" value="Typing assist" />
                      </properties>
                      <output><![CDATA[ReSharper LogPath is: C:\Users\berej\AppData\Local\Temp\JetLogs\ReSharperTests\resharper.log
Per-Test LogPath is: C:\Users\berej\AppData\Local\Temp\JetLogs\ReSharperTests\FSharpTypingAssistTest\Backticks 01 - Finish id.log

]]></output>
                    </test-case>
                    <test-case name="Backticks 02 - Insert 01" fullname="JetBrains.ReSharper.Plugins.FSharp.Tests.Features.TypingAssist.FSharpTypingAssistTest.Backticks 02 - Insert 01" methodname="Backticks 02 - Insert 01" classname="FSharpTypingAssistTest" result="Passed" duration="0.053" asserts="0">
                      <properties>
                        <property name="Category" value="Typing assist" />
                      </properties>
                      <output><![CDATA[ReSharper LogPath is: C:\Users\berej\AppData\Local\Temp\JetLogs\ReSharperTests\resharper.log
Per-Test LogPath is: C:\Users\berej\AppData\Local\Temp\JetLogs\ReSharperTests\FSharpTypingAssistTest\Backticks 02 - Insert 01.log

]]></output>
                    </test-case>
                    <test-case name="Backticks 03 - Insert 02" fullname="JetBrains.ReSharper.Plugins.FSharp.Tests.Features.TypingAssist.FSharpTypingAssistTest.Backticks 03 - Insert 02" methodname="Backticks 03 - Insert 02" classname="FSharpTypingAssistTest" result="Inconclusive" duration="0" asserts="0">
                      <properties>
                        <property name="Explicit" value="" />
                        <property name="Category" value="Typing assist" />
                      </properties>
                      <output><![CDATA[Is `` erased in test?
]]></output>
                    </test-case>
                    <test-case name="Backticks 04 - Skip" fullname="JetBrains.ReSharper.Plugins.FSharp.Tests.Features.TypingAssist.FSharpTypingAssistTest.Backticks 04 - Skip" methodname="Backticks 04 - Skip" classname="FSharpTypingAssistTest" result="Passed" duration="0.051" asserts="0">
                      <properties>
                        <property name="Category" value="Typing assist" />
                      </properties>
                      <output><![CDATA[ReSharper LogPath is: C:\Users\berej\AppData\Local\Temp\JetLogs\ReSharperTests\resharper.log
Per-Test LogPath is: C:\Users\berej\AppData\Local\Temp\JetLogs\ReSharperTests\FSharpTypingAssistTest\Backticks 04 - Skip.log

]]></output>
                    </test-case>
                    <test-case name="Backticks 05 - No skip" fullname="JetBrains.ReSharper.Plugins.FSharp.Tests.Features.TypingAssist.FSharpTypingAssistTest.Backticks 05 - No skip" methodname="Backticks 05 - No skip" classname="FSharpTypingAssistTest" result="Passed" duration="0.058" asserts="0">
                      <properties>
                        <property name="Category" value="Typing assist" />
                      </properties>
                      <output><![CDATA[ReSharper LogPath is: C:\Users\berej\AppData\Local\Temp\JetLogs\ReSharperTests\resharper.log
Per-Test LogPath is: C:\Users\berej\AppData\Local\Temp\JetLogs\ReSharperTests\FSharpTypingAssistTest\Backticks 05 - No skip.log

]]></output>
                    </test-case>
                    <test-case name="Backticks 06 - Before ident" fullname="JetBrains.ReSharper.Plugins.FSharp.Tests.Features.TypingAssist.FSharpTypingAssistTest.Backticks 06 - Before ident" methodname="Backticks 06 - Before ident" classname="FSharpTypingAssistTest" result="Passed" duration="0.057" asserts="0">
                      <properties>
                        <property name="Category" value="Typing assist" />
                      </properties>
                      <output><![CDATA[ReSharper LogPath is: C:\Users\berej\AppData\Local\Temp\JetLogs\ReSharperTests\resharper.log
Per-Test LogPath is: C:\Users\berej\AppData\Local\Temp\JetLogs\ReSharperTests\FSharpTypingAssistTest\Backticks 06 - Before ident.log

]]></output>
                    </test-case>
                    <test-case name="Brackets - Angle 01 - Replace" fullname="JetBrains.ReSharper.Plugins.FSharp.Tests.Features.TypingAssist.FSharpTypingAssistTest.Brackets - Angle 01 - Replace" methodname="Brackets - Angle 01 - Replace" classname="FSharpTypingAssistTest" result="Passed" duration="0.056" asserts="0">
                      <properties>
                        <property name="Category" value="Typing assist" />
                      </properties>
                      <output><![CDATA[ReSharper LogPath is: C:\Users\berej\AppData\Local\Temp\JetLogs\ReSharperTests\resharper.log
Per-Test LogPath is: C:\Users\berej\AppData\Local\Temp\JetLogs\ReSharperTests\FSharpTypingAssistTest\Brackets - Angle 01 - Replace.log

]]></output>
                    </test-case>
                    <test-case name="Brackets - Arrays 01 - Type left bar" fullname="JetBrains.ReSharper.Plugins.FSharp.Tests.Features.TypingAssist.FSharpTypingAssistTest.Brackets - Arrays 01 - Type left bar" methodname="Brackets - Arrays 01 - Type left bar" classname="FSharpTypingAssistTest" result="Passed" duration="0.05" asserts="0">
                      <properties>
                        <property name="Category" value="Typing assist" />
                      </properties>
                      <output><![CDATA[ReSharper LogPath is: C:\Users\berej\AppData\Local\Temp\JetLogs\ReSharperTests\resharper.log
Per-Test LogPath is: C:\Users\berej\AppData\Local\Temp\JetLogs\ReSharperTests\FSharpTypingAssistTest\Brackets - Arrays 01 - Type left bar.log

]]></output>
                    </test-case>
                    <test-case name="Brackets - Arrays 02 - Type left bar before space" fullname="JetBrains.ReSharper.Plugins.FSharp.Tests.Features.TypingAssist.FSharpTypingAssistTest.Brackets - Arrays 02 - Type left bar before space" methodname="Brackets - Arrays 02 - Type left bar before space" classname="FSharpTypingAssistTest" result="Passed" duration="0.054" asserts="0">
                      <properties>
                        <property name="Category" value="Typing assist" />
                      </properties>
                      <output><![CDATA[ReSharper LogPath is: C:\Users\berej\AppData\Local\Temp\JetLogs\ReSharperTests\resharper.log
Per-Test LogPath is: C:\Users\berej\AppData\Local\Temp\JetLogs\ReSharperTests\FSharpTypingAssistTest\Brackets - Arrays 02 - Type left bar before space.log

]]></output>
                    </test-case>
                    <test-case name="Brackets - Arrays 03 - Type left bar in multiline list" fullname="JetBrains.ReSharper.Plugins.FSharp.Tests.Features.TypingAssist.FSharpTypingAssistTest.Brackets - Arrays 03 - Type left bar in multiline list" methodname="Brackets - Arrays 03 - Type left bar in multiline list" classname="FSharpTypingAssistTest" result="Passed" duration="0.057" asserts="0">
                      <properties>
                        <property name="Category" value="Typing assist" />
                      </properties>
                      <output><![CDATA[ReSharper LogPath is: C:\Users\berej\AppData\Local\Temp\JetLogs\ReSharperTests\resharper.log
Per-Test LogPath is: C:\Users\berej\AppData\Local\Temp\JetLogs\ReSharperTests\FSharpTypingAssistTest\Brackets - Arrays 03 - Type left bar in multiline list.log

]]></output>
                    </test-case>
                    <test-case name="Brackets - Arrays 04 - Type right bar" fullname="JetBrains.ReSharper.Plugins.FSharp.Tests.Features.TypingAssist.FSharpTypingAssistTest.Brackets - Arrays 04 - Type right bar" methodname="Brackets - Arrays 04 - Type right bar" classname="FSharpTypingAssistTest" result="Passed" duration="0.049" asserts="0">
                      <properties>
                        <property name="Category" value="Typing assist" />
                      </properties>
                      <output><![CDATA[ReSharper LogPath is: C:\Users\berej\AppData\Local\Temp\JetLogs\ReSharperTests\resharper.log
Per-Test LogPath is: C:\Users\berej\AppData\Local\Temp\JetLogs\ReSharperTests\FSharpTypingAssistTest\Brackets - Arrays 04 - Type right bar.log

]]></output>
                    </test-case>
                    <test-case name="Brackets - Arrays 05 - Type right bar in multiline list" fullname="JetBrains.ReSharper.Plugins.FSharp.Tests.Features.TypingAssist.FSharpTypingAssistTest.Brackets - Arrays 05 - Type right bar in multiline list" methodname="Brackets - Arrays 05 - Type right bar in multiline list" classname="FSharpTypingAssistTest" result="Passed" duration="0.053" asserts="0">
                      <properties>
                        <property name="Category" value="Typing assist" />
                      </properties>
                      <output><![CDATA[ReSharper LogPath is: C:\Users\berej\AppData\Local\Temp\JetLogs\ReSharperTests\resharper.log
Per-Test LogPath is: C:\Users\berej\AppData\Local\Temp\JetLogs\ReSharperTests\FSharpTypingAssistTest\Brackets - Arrays 05 - Type right bar in multiline list.log

]]></output>
                    </test-case>
                    <test-case name="Brackets - Arrays 06 - Type right bar in multiline list" fullname="JetBrains.ReSharper.Plugins.FSharp.Tests.Features.TypingAssist.FSharpTypingAssistTest.Brackets - Arrays 06 - Type right bar in multiline list" methodname="Brackets - Arrays 06 - Type right bar in multiline list" classname="FSharpTypingAssistTest" result="Passed" duration="0.051" asserts="0">
                      <properties>
                        <property name="Category" value="Typing assist" />
                      </properties>
                      <output><![CDATA[ReSharper LogPath is: C:\Users\berej\AppData\Local\Temp\JetLogs\ReSharperTests\resharper.log
Per-Test LogPath is: C:\Users\berej\AppData\Local\Temp\JetLogs\ReSharperTests\FSharpTypingAssistTest\Brackets - Arrays 06 - Type right bar in multiline list.log

]]></output>
                    </test-case>
                    <test-case name="Brackets - Arrays 07 - Type bar in multiline list wrong formatting" fullname="JetBrains.ReSharper.Plugins.FSharp.Tests.Features.TypingAssist.FSharpTypingAssistTest.Brackets - Arrays 07 - Type bar in multiline list wrong formatting" methodname="Brackets - Arrays 07 - Type bar in multiline list wrong formatting" classname="FSharpTypingAssistTest" result="Passed" duration="0.054" asserts="0">
                      <properties>
                        <property name="Category" value="Typing assist" />
                      </properties>
                      <output><![CDATA[ReSharper LogPath is: C:\Users\berej\AppData\Local\Temp\JetLogs\ReSharperTests\resharper.log
Per-Test LogPath is: C:\Users\berej\AppData\Local\Temp\JetLogs\ReSharperTests\FSharpTypingAssistTest\Brackets - Arrays 07 - Type bar in multiline list wrong formatting.log

]]></output>
                    </test-case>
                    <test-case name="Brackets - Attributes 01 - Type left angle" fullname="JetBrains.ReSharper.Plugins.FSharp.Tests.Features.TypingAssist.FSharpTypingAssistTest.Brackets - Attributes 01 - Type left angle" methodname="Brackets - Attributes 01 - Type left angle" classname="FSharpTypingAssistTest" result="Passed" duration="0.071" asserts="0">
                      <properties>
                        <property name="Category" value="Typing assist" />
                      </properties>
                      <output><![CDATA[ReSharper LogPath is: C:\Users\berej\AppData\Local\Temp\JetLogs\ReSharperTests\resharper.log
Per-Test LogPath is: C:\Users\berej\AppData\Local\Temp\JetLogs\ReSharperTests\FSharpTypingAssistTest\Brackets - Attributes 01 - Type left angle.log

]]></output>
                    </test-case>
                    <test-case name="Brackets - Attributes 02 - Type left angle before spaces" fullname="JetBrains.ReSharper.Plugins.FSharp.Tests.Features.TypingAssist.FSharpTypingAssistTest.Brackets - Attributes 02 - Type left angle before spaces" methodname="Brackets - Attributes 02 - Type left angle before spaces" classname="FSharpTypingAssistTest" result="Passed" duration="0.054" asserts="0">
                      <properties>
                        <property name="Category" value="Typing assist" />
                      </properties>
                      <output><![CDATA[ReSharper LogPath is: C:\Users\berej\AppData\Local\Temp\JetLogs\ReSharperTests\resharper.log
Per-Test LogPath is: C:\Users\berej\AppData\Local\Temp\JetLogs\ReSharperTests\FSharpTypingAssistTest\Brackets - Attributes 02 - Type left angle before spaces.log

]]></output>
                    </test-case>
                    <test-case name="Brackets - Attributes 03 - Type right angle" fullname="JetBrains.ReSharper.Plugins.FSharp.Tests.Features.TypingAssist.FSharpTypingAssistTest.Brackets - Attributes 03 - Type right angle" methodname="Brackets - Attributes 03 - Type right angle" classname="FSharpTypingAssistTest" result="Passed" duration="0.053" asserts="0">
                      <properties>
                        <property name="Category" value="Typing assist" />
                      </properties>
                      <output><![CDATA[ReSharper LogPath is: C:\Users\berej\AppData\Local\Temp\JetLogs\ReSharperTests\resharper.log
Per-Test LogPath is: C:\Users\berej\AppData\Local\Temp\JetLogs\ReSharperTests\FSharpTypingAssistTest\Brackets - Attributes 03 - Type right angle.log

]]></output>
                    </test-case>
                    <test-case name="Brackets - Attributes 04 - Type right angle, left bracket" fullname="JetBrains.ReSharper.Plugins.FSharp.Tests.Features.TypingAssist.FSharpTypingAssistTest.Brackets - Attributes 04 - Type right angle, left bracket" methodname="Brackets - Attributes 04 - Type right angle, left bracket" classname="FSharpTypingAssistTest" result="Passed" duration="0.049" asserts="0">
                      <properties>
                        <property name="Category" value="Typing assist" />
                      </properties>
                      <output><![CDATA[ReSharper LogPath is: C:\Users\berej\AppData\Local\Temp\JetLogs\ReSharperTests\resharper.log
Per-Test LogPath is: C:\Users\berej\AppData\Local\Temp\JetLogs\ReSharperTests\FSharpTypingAssistTest\Brackets - Attributes 04 - Type right angle, left bracket.log

]]></output>
                    </test-case>
                    <test-case name="Brackets - Backspace 01 - Erase both" fullname="JetBrains.ReSharper.Plugins.FSharp.Tests.Features.TypingAssist.FSharpTypingAssistTest.Brackets - Backspace 01 - Erase both" methodname="Brackets - Backspace 01 - Erase both" classname="FSharpTypingAssistTest" result="Passed" duration="0.055" asserts="0">
                      <properties>
                        <property name="Category" value="Typing assist" />
                      </properties>
                      <output><![CDATA[ReSharper LogPath is: C:\Users\berej\AppData\Local\Temp\JetLogs\ReSharperTests\resharper.log
Per-Test LogPath is: C:\Users\berej\AppData\Local\Temp\JetLogs\ReSharperTests\FSharpTypingAssistTest\Brackets - Backspace 01 - Erase both.log

]]></output>
                    </test-case>
                    <test-case name="Brackets - Backspace 02 - Erase single, unbalanced left" fullname="JetBrains.ReSharper.Plugins.FSharp.Tests.Features.TypingAssist.FSharpTypingAssistTest.Brackets - Backspace 02 - Erase single, unbalanced left" methodname="Brackets - Backspace 02 - Erase single, unbalanced left" classname="FSharpTypingAssistTest" result="Passed" duration="0.056" asserts="0">
                      <properties>
                        <property name="Category" value="Typing assist" />
                      </properties>
                      <output><![CDATA[ReSharper LogPath is: C:\Users\berej\AppData\Local\Temp\JetLogs\ReSharperTests\resharper.log
Per-Test LogPath is: C:\Users\berej\AppData\Local\Temp\JetLogs\ReSharperTests\FSharpTypingAssistTest\Brackets - Backspace 02 - Erase single, unbalanced left.log

]]></output>
                    </test-case>
                    <test-case name="Brackets - Backspace 03 - Erase single, unbalanced right" fullname="JetBrains.ReSharper.Plugins.FSharp.Tests.Features.TypingAssist.FSharpTypingAssistTest.Brackets - Backspace 03 - Erase single, unbalanced right" methodname="Brackets - Backspace 03 - Erase single, unbalanced right" classname="FSharpTypingAssistTest" result="Passed" duration="0.054" asserts="0">
                      <properties>
                        <property name="Category" value="Typing assist" />
                      </properties>
                      <output><![CDATA[ReSharper LogPath is: C:\Users\berej\AppData\Local\Temp\JetLogs\ReSharperTests\resharper.log
Per-Test LogPath is: C:\Users\berej\AppData\Local\Temp\JetLogs\ReSharperTests\FSharpTypingAssistTest\Brackets - Backspace 03 - Erase single, unbalanced right.log

]]></output>
                    </test-case>
                    <test-case name="Brackets - Insert right 01" fullname="JetBrains.ReSharper.Plugins.FSharp.Tests.Features.TypingAssist.FSharpTypingAssistTest.Brackets - Insert right 01" methodname="Brackets - Insert right 01" classname="FSharpTypingAssistTest" result="Passed" duration="0.056" asserts="0">
                      <properties>
                        <property name="Category" value="Typing assist" />
                      </properties>
                      <output><![CDATA[ReSharper LogPath is: C:\Users\berej\AppData\Local\Temp\JetLogs\ReSharperTests\resharper.log
Per-Test LogPath is: C:\Users\berej\AppData\Local\Temp\JetLogs\ReSharperTests\FSharpTypingAssistTest\Brackets - Insert right 01.log

]]></output>
                    </test-case>
                    <test-case name="Brackets - Insert right 02 - After code and brace" fullname="JetBrains.ReSharper.Plugins.FSharp.Tests.Features.TypingAssist.FSharpTypingAssistTest.Brackets - Insert right 02 - After code and brace" methodname="Brackets - Insert right 02 - After code and brace" classname="FSharpTypingAssistTest" result="Passed" duration="0.055" asserts="0">
                      <properties>
                        <property name="Category" value="Typing assist" />
                      </properties>
                      <output><![CDATA[ReSharper LogPath is: C:\Users\berej\AppData\Local\Temp\JetLogs\ReSharperTests\resharper.log
Per-Test LogPath is: C:\Users\berej\AppData\Local\Temp\JetLogs\ReSharperTests\FSharpTypingAssistTest\Brackets - Insert right 02 - After code and brace.log

]]></output>
                    </test-case>
                    <test-case name="Brackets - Insert right 03 - List" fullname="JetBrains.ReSharper.Plugins.FSharp.Tests.Features.TypingAssist.FSharpTypingAssistTest.Brackets - Insert right 03 - List" methodname="Brackets - Insert right 03 - List" classname="FSharpTypingAssistTest" result="Passed" duration="0.056" asserts="0">
                      <properties>
                        <property name="Category" value="Typing assist" />
                      </properties>
                      <output><![CDATA[ReSharper LogPath is: C:\Users\berej\AppData\Local\Temp\JetLogs\ReSharperTests\resharper.log
Per-Test LogPath is: C:\Users\berej\AppData\Local\Temp\JetLogs\ReSharperTests\FSharpTypingAssistTest\Brackets - Insert right 03 - List.log

]]></output>
                    </test-case>
                    <test-case name="Brackets - Left 01 - Add right" fullname="JetBrains.ReSharper.Plugins.FSharp.Tests.Features.TypingAssist.FSharpTypingAssistTest.Brackets - Left 01 - Add right" methodname="Brackets - Left 01 - Add right" classname="FSharpTypingAssistTest" result="Passed" duration="0.058" asserts="0">
                      <properties>
                        <property name="Category" value="Typing assist" />
                      </properties>
                      <output><![CDATA[ReSharper LogPath is: C:\Users\berej\AppData\Local\Temp\JetLogs\ReSharperTests\resharper.log
Per-Test LogPath is: C:\Users\berej\AppData\Local\Temp\JetLogs\ReSharperTests\FSharpTypingAssistTest\Brackets - Left 01 - Add right.log

]]></output>
                    </test-case>
                    <test-case name="Brackets - Left 02 - No add right before other" fullname="JetBrains.ReSharper.Plugins.FSharp.Tests.Features.TypingAssist.FSharpTypingAssistTest.Brackets - Left 02 - No add right before other" methodname="Brackets - Left 02 - No add right before other" classname="FSharpTypingAssistTest" result="Passed" duration="0.054" asserts="0">
                      <properties>
                        <property name="Category" value="Typing assist" />
                      </properties>
                      <output><![CDATA[ReSharper LogPath is: C:\Users\berej\AppData\Local\Temp\JetLogs\ReSharperTests\resharper.log
Per-Test LogPath is: C:\Users\berej\AppData\Local\Temp\JetLogs\ReSharperTests\FSharpTypingAssistTest\Brackets - Left 02 - No add right before other.log

]]></output>
                    </test-case>
                    <test-case name="Brackets - Left 03 - Add right before other and space" fullname="JetBrains.ReSharper.Plugins.FSharp.Tests.Features.TypingAssist.FSharpTypingAssistTest.Brackets - Left 03 - Add right before other and space" methodname="Brackets - Left 03 - Add right before other and space" classname="FSharpTypingAssistTest" result="Passed" duration="0.055" asserts="0">
                      <properties>
                        <property name="Category" value="Typing assist" />
                      </properties>
                      <output><![CDATA[ReSharper LogPath is: C:\Users\berej\AppData\Local\Temp\JetLogs\ReSharperTests\resharper.log
Per-Test LogPath is: C:\Users\berej\AppData\Local\Temp\JetLogs\ReSharperTests\FSharpTypingAssistTest\Brackets - Left 03 - Add right before other and space.log

]]></output>
                    </test-case>
                    <test-case name="Brackets - Left 04 - No add angle" fullname="JetBrains.ReSharper.Plugins.FSharp.Tests.Features.TypingAssist.FSharpTypingAssistTest.Brackets - Left 04 - No add angle" methodname="Brackets - Left 04 - No add angle" classname="FSharpTypingAssistTest" result="Passed" duration="0.049" asserts="0">
                      <properties>
                        <property name="Category" value="Typing assist" />
                      </properties>
                      <output><![CDATA[ReSharper LogPath is: C:\Users\berej\AppData\Local\Temp\JetLogs\ReSharperTests\resharper.log
Per-Test LogPath is: C:\Users\berej\AppData\Local\Temp\JetLogs\ReSharperTests\FSharpTypingAssistTest\Brackets - Left 04 - No add angle.log

]]></output>
                    </test-case>
                    <test-case name="Brackets - Left 05 - Add right before attr list end" fullname="JetBrains.ReSharper.Plugins.FSharp.Tests.Features.TypingAssist.FSharpTypingAssistTest.Brackets - Left 05 - Add right before attr list end" methodname="Brackets - Left 05 - Add right before attr list end" classname="FSharpTypingAssistTest" result="Passed" duration="0.055" asserts="0">
                      <properties>
                        <property name="Category" value="Typing assist" />
                      </properties>
                      <output><![CDATA[ReSharper LogPath is: C:\Users\berej\AppData\Local\Temp\JetLogs\ReSharperTests\resharper.log
Per-Test LogPath is: C:\Users\berej\AppData\Local\Temp\JetLogs\ReSharperTests\FSharpTypingAssistTest\Brackets - Left 05 - Add right before attr list end.log

]]></output>
                    </test-case>
                    <test-case name="Brackets - Left 06 - No add after single quote" fullname="JetBrains.ReSharper.Plugins.FSharp.Tests.Features.TypingAssist.FSharpTypingAssistTest.Brackets - Left 06 - No add after single quote" methodname="Brackets - Left 06 - No add after single quote" classname="FSharpTypingAssistTest" result="Passed" duration="0.056" asserts="0">
                      <properties>
                        <property name="Category" value="Typing assist" />
                      </properties>
                      <output><![CDATA[ReSharper LogPath is: C:\Users\berej\AppData\Local\Temp\JetLogs\ReSharperTests\resharper.log
Per-Test LogPath is: C:\Users\berej\AppData\Local\Temp\JetLogs\ReSharperTests\FSharpTypingAssistTest\Brackets - Left 06 - No add after single quote.log

]]></output>
                    </test-case>
                    <test-case name="Brackets - Skip 01 - Attributes" fullname="JetBrains.ReSharper.Plugins.FSharp.Tests.Features.TypingAssist.FSharpTypingAssistTest.Brackets - Skip 01 - Attributes" methodname="Brackets - Skip 01 - Attributes" classname="FSharpTypingAssistTest" result="Passed" duration="0.05" asserts="0">
                      <properties>
                        <property name="Category" value="Typing assist" />
                      </properties>
                      <output><![CDATA[ReSharper LogPath is: C:\Users\berej\AppData\Local\Temp\JetLogs\ReSharperTests\resharper.log
Per-Test LogPath is: C:\Users\berej\AppData\Local\Temp\JetLogs\ReSharperTests\FSharpTypingAssistTest\Brackets - Skip 01 - Attributes.log

]]></output>
                    </test-case>
                    <test-case name="Brackets - Skip 02 - Array" fullname="JetBrains.ReSharper.Plugins.FSharp.Tests.Features.TypingAssist.FSharpTypingAssistTest.Brackets - Skip 02 - Array" methodname="Brackets - Skip 02 - Array" classname="FSharpTypingAssistTest" result="Passed" duration="0.051" asserts="0">
                      <properties>
                        <property name="Category" value="Typing assist" />
                      </properties>
                      <output><![CDATA[ReSharper LogPath is: C:\Users\berej\AppData\Local\Temp\JetLogs\ReSharperTests\resharper.log
Per-Test LogPath is: C:\Users\berej\AppData\Local\Temp\JetLogs\ReSharperTests\FSharpTypingAssistTest\Brackets - Skip 02 - Array.log

]]></output>
                    </test-case>
                    <test-case name="Brackets - Skip 03 - Anon record" fullname="JetBrains.ReSharper.Plugins.FSharp.Tests.Features.TypingAssist.FSharpTypingAssistTest.Brackets - Skip 03 - Anon record" methodname="Brackets - Skip 03 - Anon record" classname="FSharpTypingAssistTest" result="Passed" duration="0.052" asserts="0">
                      <properties>
                        <property name="Category" value="Typing assist" />
                      </properties>
                      <output><![CDATA[ReSharper LogPath is: C:\Users\berej\AppData\Local\Temp\JetLogs\ReSharperTests\resharper.log
Per-Test LogPath is: C:\Users\berej\AppData\Local\Temp\JetLogs\ReSharperTests\FSharpTypingAssistTest\Brackets - Skip 03 - Anon record.log

]]></output>
                    </test-case>
                    <test-case name="Brackets - Skip 04 - Typed Quotation" fullname="JetBrains.ReSharper.Plugins.FSharp.Tests.Features.TypingAssist.FSharpTypingAssistTest.Brackets - Skip 04 - Typed Quotation" methodname="Brackets - Skip 04 - Typed Quotation" classname="FSharpTypingAssistTest" result="Passed" duration="0.052" asserts="0">
                      <properties>
                        <property name="Category" value="Typing assist" />
                      </properties>
                      <output><![CDATA[ReSharper LogPath is: C:\Users\berej\AppData\Local\Temp\JetLogs\ReSharperTests\resharper.log
Per-Test LogPath is: C:\Users\berej\AppData\Local\Temp\JetLogs\ReSharperTests\FSharpTypingAssistTest\Brackets - Skip 04 - Typed Quotation.log

]]></output>
                    </test-case>
                    <test-case name="Brackets - Skip 05 - Untyped Quotation" fullname="JetBrains.ReSharper.Plugins.FSharp.Tests.Features.TypingAssist.FSharpTypingAssistTest.Brackets - Skip 05 - Untyped Quotation" methodname="Brackets - Skip 05 - Untyped Quotation" classname="FSharpTypingAssistTest" result="Passed" duration="0.053" asserts="0">
                      <properties>
                        <property name="Category" value="Typing assist" />
                      </properties>
                      <output><![CDATA[ReSharper LogPath is: C:\Users\berej\AppData\Local\Temp\JetLogs\ReSharperTests\resharper.log
Per-Test LogPath is: C:\Users\berej\AppData\Local\Temp\JetLogs\ReSharperTests\FSharpTypingAssistTest\Brackets - Skip 05 - Untyped Quotation.log

]]></output>
                    </test-case>
                    <test-case name="Brackets - Skip right 01" fullname="JetBrains.ReSharper.Plugins.FSharp.Tests.Features.TypingAssist.FSharpTypingAssistTest.Brackets - Skip right 01" methodname="Brackets - Skip right 01" classname="FSharpTypingAssistTest" result="Passed" duration="0.051" asserts="0">
                      <properties>
                        <property name="Category" value="Typing assist" />
                      </properties>
                      <output><![CDATA[ReSharper LogPath is: C:\Users\berej\AppData\Local\Temp\JetLogs\ReSharperTests\resharper.log
Per-Test LogPath is: C:\Users\berej\AppData\Local\Temp\JetLogs\ReSharperTests\FSharpTypingAssistTest\Brackets - Skip right 01.log

]]></output>
                    </test-case>
                    <test-case name="Brackets - Skip right 02 - After code" fullname="JetBrains.ReSharper.Plugins.FSharp.Tests.Features.TypingAssist.FSharpTypingAssistTest.Brackets - Skip right 02 - After code" methodname="Brackets - Skip right 02 - After code" classname="FSharpTypingAssistTest" result="Passed" duration="0.047" asserts="0">
                      <properties>
                        <property name="Category" value="Typing assist" />
                      </properties>
                      <output><![CDATA[ReSharper LogPath is: C:\Users\berej\AppData\Local\Temp\JetLogs\ReSharperTests\resharper.log
Per-Test LogPath is: C:\Users\berej\AppData\Local\Temp\JetLogs\ReSharperTests\FSharpTypingAssistTest\Brackets - Skip right 02 - After code.log

]]></output>
                    </test-case>
                    <test-case name="Brackets - Skip right 03 - After code and space" fullname="JetBrains.ReSharper.Plugins.FSharp.Tests.Features.TypingAssist.FSharpTypingAssistTest.Brackets - Skip right 03 - After code and space" methodname="Brackets - Skip right 03 - After code and space" classname="FSharpTypingAssistTest" result="Passed" duration="0.047" asserts="0">
                      <properties>
                        <property name="Category" value="Typing assist" />
                      </properties>
                      <output><![CDATA[ReSharper LogPath is: C:\Users\berej\AppData\Local\Temp\JetLogs\ReSharperTests\resharper.log
Per-Test LogPath is: C:\Users\berej\AppData\Local\Temp\JetLogs\ReSharperTests\FSharpTypingAssistTest\Brackets - Skip right 03 - After code and space.log

]]></output>
                    </test-case>
                    <test-case name="Brackets - Skip right 04 - Angle" fullname="JetBrains.ReSharper.Plugins.FSharp.Tests.Features.TypingAssist.FSharpTypingAssistTest.Brackets - Skip right 04 - Angle" methodname="Brackets - Skip right 04 - Angle" classname="FSharpTypingAssistTest" result="Passed" duration="0.052" asserts="0">
                      <properties>
                        <property name="Category" value="Typing assist" />
                      </properties>
                      <output><![CDATA[ReSharper LogPath is: C:\Users\berej\AppData\Local\Temp\JetLogs\ReSharperTests\resharper.log
Per-Test LogPath is: C:\Users\berej\AppData\Local\Temp\JetLogs\ReSharperTests\FSharpTypingAssistTest\Brackets - Skip right 04 - Angle.log

]]></output>
                    </test-case>
                    <test-case name="Brackets - Surround 01" fullname="JetBrains.ReSharper.Plugins.FSharp.Tests.Features.TypingAssist.FSharpTypingAssistTest.Brackets - Surround 01" methodname="Brackets - Surround 01" classname="FSharpTypingAssistTest" result="Passed" duration="0.063" asserts="0">
                      <properties>
                        <property name="Category" value="Typing assist" />
                      </properties>
                      <output><![CDATA[ReSharper LogPath is: C:\Users\berej\AppData\Local\Temp\JetLogs\ReSharperTests\resharper.log
Per-Test LogPath is: C:\Users\berej\AppData\Local\Temp\JetLogs\ReSharperTests\FSharpTypingAssistTest\Brackets - Surround 01.log

]]></output>
                    </test-case>
                    <test-case name="Brackets - Surround 02" fullname="JetBrains.ReSharper.Plugins.FSharp.Tests.Features.TypingAssist.FSharpTypingAssistTest.Brackets - Surround 02" methodname="Brackets - Surround 02" classname="FSharpTypingAssistTest" result="Passed" duration="0.072" asserts="0">
                      <properties>
                        <property name="Category" value="Typing assist" />
                      </properties>
                      <output><![CDATA[ReSharper LogPath is: C:\Users\berej\AppData\Local\Temp\JetLogs\ReSharperTests\resharper.log
Per-Test LogPath is: C:\Users\berej\AppData\Local\Temp\JetLogs\ReSharperTests\FSharpTypingAssistTest\Brackets - Surround 02.log

]]></output>
                    </test-case>
                    <test-case name="Brackets - Surround 03" fullname="JetBrains.ReSharper.Plugins.FSharp.Tests.Features.TypingAssist.FSharpTypingAssistTest.Brackets - Surround 03" methodname="Brackets - Surround 03" classname="FSharpTypingAssistTest" result="Passed" duration="0.051" asserts="0">
                      <properties>
                        <property name="Category" value="Typing assist" />
                      </properties>
                      <output><![CDATA[ReSharper LogPath is: C:\Users\berej\AppData\Local\Temp\JetLogs\ReSharperTests\resharper.log
Per-Test LogPath is: C:\Users\berej\AppData\Local\Temp\JetLogs\ReSharperTests\FSharpTypingAssistTest\Brackets - Surround 03.log

]]></output>
                    </test-case>
                    <test-case name="Brackets - Surround 04" fullname="JetBrains.ReSharper.Plugins.FSharp.Tests.Features.TypingAssist.FSharpTypingAssistTest.Brackets - Surround 04" methodname="Brackets - Surround 04" classname="FSharpTypingAssistTest" result="Passed" duration="0.047" asserts="0">
                      <properties>
                        <property name="Category" value="Typing assist" />
                      </properties>
                      <output><![CDATA[ReSharper LogPath is: C:\Users\berej\AppData\Local\Temp\JetLogs\ReSharperTests\resharper.log
Per-Test LogPath is: C:\Users\berej\AppData\Local\Temp\JetLogs\ReSharperTests\FSharpTypingAssistTest\Brackets - Surround 04.log

]]></output>
                    </test-case>
                    <test-case name="Brackets - Surround 05" fullname="JetBrains.ReSharper.Plugins.FSharp.Tests.Features.TypingAssist.FSharpTypingAssistTest.Brackets - Surround 05" methodname="Brackets - Surround 05" classname="FSharpTypingAssistTest" result="Passed" duration="0.056" asserts="0">
                      <properties>
                        <property name="Category" value="Typing assist" />
                      </properties>
                      <output><![CDATA[ReSharper LogPath is: C:\Users\berej\AppData\Local\Temp\JetLogs\ReSharperTests\resharper.log
Per-Test LogPath is: C:\Users\berej\AppData\Local\Temp\JetLogs\ReSharperTests\FSharpTypingAssistTest\Brackets - Surround 05.log

]]></output>
                    </test-case>
                    <test-case name="Brackets - Surround 06" fullname="JetBrains.ReSharper.Plugins.FSharp.Tests.Features.TypingAssist.FSharpTypingAssistTest.Brackets - Surround 06" methodname="Brackets - Surround 06" classname="FSharpTypingAssistTest" result="Passed" duration="0.053" asserts="0">
                      <properties>
                        <property name="Category" value="Typing assist" />
                      </properties>
                      <output><![CDATA[ReSharper LogPath is: C:\Users\berej\AppData\Local\Temp\JetLogs\ReSharperTests\resharper.log
Per-Test LogPath is: C:\Users\berej\AppData\Local\Temp\JetLogs\ReSharperTests\FSharpTypingAssistTest\Brackets - Surround 06.log

]]></output>
                    </test-case>
                    <test-case name="Enter 00 - File beginning" fullname="JetBrains.ReSharper.Plugins.FSharp.Tests.Features.TypingAssist.FSharpTypingAssistTest.Enter 00 - File beginning" methodname="Enter 00 - File beginning" classname="FSharpTypingAssistTest" result="Passed" duration="0.06" asserts="0">
                      <properties>
                        <property name="Category" value="Typing assist" />
                      </properties>
                      <output><![CDATA[ReSharper LogPath is: C:\Users\berej\AppData\Local\Temp\JetLogs\ReSharperTests\resharper.log
Per-Test LogPath is: C:\Users\berej\AppData\Local\Temp\JetLogs\ReSharperTests\FSharpTypingAssistTest\Enter 00 - File beginning.log

]]></output>
                    </test-case>
                    <test-case name="Enter 01 - No indent" fullname="JetBrains.ReSharper.Plugins.FSharp.Tests.Features.TypingAssist.FSharpTypingAssistTest.Enter 01 - No indent" methodname="Enter 01 - No indent" classname="FSharpTypingAssistTest" result="Passed" duration="0.054" asserts="0">
                      <properties>
                        <property name="Category" value="Typing assist" />
                      </properties>
                      <output><![CDATA[ReSharper LogPath is: C:\Users\berej\AppData\Local\Temp\JetLogs\ReSharperTests\resharper.log
Per-Test LogPath is: C:\Users\berej\AppData\Local\Temp\JetLogs\ReSharperTests\FSharpTypingAssistTest\Enter 01 - No indent.log

]]></output>
                    </test-case>
                    <test-case name="Enter 02 - Dumb indent" fullname="JetBrains.ReSharper.Plugins.FSharp.Tests.Features.TypingAssist.FSharpTypingAssistTest.Enter 02 - Dumb indent" methodname="Enter 02 - Dumb indent" classname="FSharpTypingAssistTest" result="Passed" duration="0.072" asserts="0">
                      <properties>
                        <property name="Category" value="Typing assist" />
                      </properties>
                      <output><![CDATA[ReSharper LogPath is: C:\Users\berej\AppData\Local\Temp\JetLogs\ReSharperTests\resharper.log
Per-Test LogPath is: C:\Users\berej\AppData\Local\Temp\JetLogs\ReSharperTests\FSharpTypingAssistTest\Enter 02 - Dumb indent.log

]]></output>
                    </test-case>
                    <test-case name="Enter 03 - Dumb indent, trim spaces" fullname="JetBrains.ReSharper.Plugins.FSharp.Tests.Features.TypingAssist.FSharpTypingAssistTest.Enter 03 - Dumb indent, trim spaces" methodname="Enter 03 - Dumb indent, trim spaces" classname="FSharpTypingAssistTest" result="Passed" duration="0.09" asserts="0">
                      <properties>
                        <property name="Category" value="Typing assist" />
                      </properties>
                      <output><![CDATA[ReSharper LogPath is: C:\Users\berej\AppData\Local\Temp\JetLogs\ReSharperTests\resharper.log
Per-Test LogPath is: C:\Users\berej\AppData\Local\Temp\JetLogs\ReSharperTests\FSharpTypingAssistTest\Enter 03 - Dumb indent, trim spaces.log

]]></output>
                    </test-case>
                    <test-case name="Enter 04 - Dumb indent, empty line" fullname="JetBrains.ReSharper.Plugins.FSharp.Tests.Features.TypingAssist.FSharpTypingAssistTest.Enter 04 - Dumb indent, empty line" methodname="Enter 04 - Dumb indent, empty line" classname="FSharpTypingAssistTest" result="Passed" duration="0.054" asserts="0">
                      <properties>
                        <property name="Category" value="Typing assist" />
                      </properties>
                      <output><![CDATA[ReSharper LogPath is: C:\Users\berej\AppData\Local\Temp\JetLogs\ReSharperTests\resharper.log
Per-Test LogPath is: C:\Users\berej\AppData\Local\Temp\JetLogs\ReSharperTests\FSharpTypingAssistTest\Enter 04 - Dumb indent, empty line.log

]]></output>
                    </test-case>
                    <test-case name="Enter 05 - Indent after =" fullname="JetBrains.ReSharper.Plugins.FSharp.Tests.Features.TypingAssist.FSharpTypingAssistTest.Enter 05 - Indent after =" methodname="Enter 05 - Indent after =" classname="FSharpTypingAssistTest" result="Passed" duration="0.056" asserts="0">
                      <properties>
                        <property name="Category" value="Typing assist" />
                      </properties>
                      <output><![CDATA[ReSharper LogPath is: C:\Users\berej\AppData\Local\Temp\JetLogs\ReSharperTests\resharper.log
Per-Test LogPath is: C:\Users\berej\AppData\Local\Temp\JetLogs\ReSharperTests\FSharpTypingAssistTest\Enter 05 - Indent after =.log

]]></output>
                    </test-case>
                    <test-case name="Enter 06 - Indent after = and spaces" fullname="JetBrains.ReSharper.Plugins.FSharp.Tests.Features.TypingAssist.FSharpTypingAssistTest.Enter 06 - Indent after = and spaces" methodname="Enter 06 - Indent after = and spaces" classname="FSharpTypingAssistTest" result="Passed" duration="0.055" asserts="0">
                      <properties>
                        <property name="Category" value="Typing assist" />
                      </properties>
                      <output><![CDATA[ReSharper LogPath is: C:\Users\berej\AppData\Local\Temp\JetLogs\ReSharperTests\resharper.log
Per-Test LogPath is: C:\Users\berej\AppData\Local\Temp\JetLogs\ReSharperTests\FSharpTypingAssistTest\Enter 06 - Indent after = and spaces.log

]]></output>
                    </test-case>
                    <test-case name="Enter 07 - Indent after = and spaces, comments" fullname="JetBrains.ReSharper.Plugins.FSharp.Tests.Features.TypingAssist.FSharpTypingAssistTest.Enter 07 - Indent after = and spaces, comments" methodname="Enter 07 - Indent after = and spaces, comments" classname="FSharpTypingAssistTest" result="Passed" duration="0.056" asserts="0">
                      <properties>
                        <property name="Category" value="Typing assist" />
                      </properties>
                      <output><![CDATA[ReSharper LogPath is: C:\Users\berej\AppData\Local\Temp\JetLogs\ReSharperTests\resharper.log
Per-Test LogPath is: C:\Users\berej\AppData\Local\Temp\JetLogs\ReSharperTests\FSharpTypingAssistTest\Enter 07 - Indent after = and spaces, comments.log

]]></output>
                    </test-case>
                    <test-case name="Enter 08 - Indent after = and line with spaces" fullname="JetBrains.ReSharper.Plugins.FSharp.Tests.Features.TypingAssist.FSharpTypingAssistTest.Enter 08 - Indent after = and line with spaces" methodname="Enter 08 - Indent after = and line with spaces" classname="FSharpTypingAssistTest" result="Passed" duration="0.054" asserts="0">
                      <properties>
                        <property name="Category" value="Typing assist" />
                      </properties>
                      <output><![CDATA[ReSharper LogPath is: C:\Users\berej\AppData\Local\Temp\JetLogs\ReSharperTests\resharper.log
Per-Test LogPath is: C:\Users\berej\AppData\Local\Temp\JetLogs\ReSharperTests\FSharpTypingAssistTest\Enter 08 - Indent after = and line with spaces.log

]]></output>
                    </test-case>
                    <test-case name="Enter 09 - Indent after = and line with comments" fullname="JetBrains.ReSharper.Plugins.FSharp.Tests.Features.TypingAssist.FSharpTypingAssistTest.Enter 09 - Indent after = and line with comments" methodname="Enter 09 - Indent after = and line with comments" classname="FSharpTypingAssistTest" result="Passed" duration="0.054" asserts="0">
                      <properties>
                        <property name="Category" value="Typing assist" />
                      </properties>
                      <output><![CDATA[ReSharper LogPath is: C:\Users\berej\AppData\Local\Temp\JetLogs\ReSharperTests\resharper.log
Per-Test LogPath is: C:\Users\berej\AppData\Local\Temp\JetLogs\ReSharperTests\FSharpTypingAssistTest\Enter 09 - Indent after = and line with comments.log

]]></output>
                    </test-case>
                    <test-case name="Enter 10 - Indent after = and line with source" fullname="JetBrains.ReSharper.Plugins.FSharp.Tests.Features.TypingAssist.FSharpTypingAssistTest.Enter 10 - Indent after = and line with source" methodname="Enter 10 - Indent after = and line with source" classname="FSharpTypingAssistTest" result="Passed" duration="0.054" asserts="0">
                      <properties>
                        <property name="Category" value="Typing assist" />
                      </properties>
                      <output><![CDATA[ReSharper LogPath is: C:\Users\berej\AppData\Local\Temp\JetLogs\ReSharperTests\resharper.log
Per-Test LogPath is: C:\Users\berej\AppData\Local\Temp\JetLogs\ReSharperTests\FSharpTypingAssistTest\Enter 10 - Indent after = and line with source.log

]]></output>
                    </test-case>
                    <test-case name="Enter 11 - Left paren" fullname="JetBrains.ReSharper.Plugins.FSharp.Tests.Features.TypingAssist.FSharpTypingAssistTest.Enter 11 - Left paren" methodname="Enter 11 - Left paren" classname="FSharpTypingAssistTest" result="Passed" duration="0.055" asserts="0">
                      <properties>
                        <property name="Category" value="Typing assist" />
                      </properties>
                      <output><![CDATA[ReSharper LogPath is: C:\Users\berej\AppData\Local\Temp\JetLogs\ReSharperTests\resharper.log
Per-Test LogPath is: C:\Users\berej\AppData\Local\Temp\JetLogs\ReSharperTests\FSharpTypingAssistTest\Enter 11 - Left paren.log

]]></output>
                    </test-case>
                    <test-case name="Enter 12 - Left paren and eol space" fullname="JetBrains.ReSharper.Plugins.FSharp.Tests.Features.TypingAssist.FSharpTypingAssistTest.Enter 12 - Left paren and eol space" methodname="Enter 12 - Left paren and eol space" classname="FSharpTypingAssistTest" result="Passed" duration="0.054" asserts="0">
                      <properties>
                        <property name="Category" value="Typing assist" />
                      </properties>
                      <output><![CDATA[ReSharper LogPath is: C:\Users\berej\AppData\Local\Temp\JetLogs\ReSharperTests\resharper.log
Per-Test LogPath is: C:\Users\berej\AppData\Local\Temp\JetLogs\ReSharperTests\FSharpTypingAssistTest\Enter 12 - Left paren and eol space.log

]]></output>
                    </test-case>
                    <test-case name="Enter 13 - Left paren and space before" fullname="JetBrains.ReSharper.Plugins.FSharp.Tests.Features.TypingAssist.FSharpTypingAssistTest.Enter 13 - Left paren and space before" methodname="Enter 13 - Left paren and space before" classname="FSharpTypingAssistTest" result="Passed" duration="0.054" asserts="0">
                      <properties>
                        <property name="Category" value="Typing assist" />
                      </properties>
                      <output><![CDATA[ReSharper LogPath is: C:\Users\berej\AppData\Local\Temp\JetLogs\ReSharperTests\resharper.log
Per-Test LogPath is: C:\Users\berej\AppData\Local\Temp\JetLogs\ReSharperTests\FSharpTypingAssistTest\Enter 13 - Left paren and space before.log

]]></output>
                    </test-case>
                    <test-case name="Enter 14 - List, first element" fullname="JetBrains.ReSharper.Plugins.FSharp.Tests.Features.TypingAssist.FSharpTypingAssistTest.Enter 14 - List, first element" methodname="Enter 14 - List, first element" classname="FSharpTypingAssistTest" result="Passed" duration="0.053" asserts="0">
                      <properties>
                        <property name="Category" value="Typing assist" />
                      </properties>
                      <output><![CDATA[ReSharper LogPath is: C:\Users\berej\AppData\Local\Temp\JetLogs\ReSharperTests\resharper.log
Per-Test LogPath is: C:\Users\berej\AppData\Local\Temp\JetLogs\ReSharperTests\FSharpTypingAssistTest\Enter 14 - List, first element.log

]]></output>
                    </test-case>
                    <test-case name="Enter 15 - List, last element" fullname="JetBrains.ReSharper.Plugins.FSharp.Tests.Features.TypingAssist.FSharpTypingAssistTest.Enter 15 - List, last element" methodname="Enter 15 - List, last element" classname="FSharpTypingAssistTest" result="Passed" duration="0.054" asserts="0">
                      <properties>
                        <property name="Category" value="Typing assist" />
                      </properties>
                      <output><![CDATA[ReSharper LogPath is: C:\Users\berej\AppData\Local\Temp\JetLogs\ReSharperTests\resharper.log
Per-Test LogPath is: C:\Users\berej\AppData\Local\Temp\JetLogs\ReSharperTests\FSharpTypingAssistTest\Enter 15 - List, last element.log

]]></output>
                    </test-case>
                    <test-case name="Enter 16 - After list" fullname="JetBrains.ReSharper.Plugins.FSharp.Tests.Features.TypingAssist.FSharpTypingAssistTest.Enter 16 - After list" methodname="Enter 16 - After list" classname="FSharpTypingAssistTest" result="Passed" duration="0.054" asserts="0">
                      <properties>
                        <property name="Category" value="Typing assist" />
                      </properties>
                      <output><![CDATA[ReSharper LogPath is: C:\Users\berej\AppData\Local\Temp\JetLogs\ReSharperTests\resharper.log
Per-Test LogPath is: C:\Users\berej\AppData\Local\Temp\JetLogs\ReSharperTests\FSharpTypingAssistTest\Enter 16 - After list.log

]]></output>
                    </test-case>
                    <test-case name="Enter 17 - After multiple continued lines" fullname="JetBrains.ReSharper.Plugins.FSharp.Tests.Features.TypingAssist.FSharpTypingAssistTest.Enter 17 - After multiple continued lines" methodname="Enter 17 - After multiple continued lines" classname="FSharpTypingAssistTest" result="Passed" duration="0.055" asserts="0">
                      <properties>
                        <property name="Category" value="Typing assist" />
                      </properties>
                      <output><![CDATA[ReSharper LogPath is: C:\Users\berej\AppData\Local\Temp\JetLogs\ReSharperTests\resharper.log
Per-Test LogPath is: C:\Users\berej\AppData\Local\Temp\JetLogs\ReSharperTests\FSharpTypingAssistTest\Enter 17 - After multiple continued lines.log

]]></output>
                    </test-case>
                    <test-case name="Enter 18 - After single continued line" fullname="JetBrains.ReSharper.Plugins.FSharp.Tests.Features.TypingAssist.FSharpTypingAssistTest.Enter 18 - After single continued line" methodname="Enter 18 - After single continued line" classname="FSharpTypingAssistTest" result="Passed" duration="0.055" asserts="0">
                      <properties>
                        <property name="Category" value="Typing assist" />
                      </properties>
                      <output><![CDATA[ReSharper LogPath is: C:\Users\berej\AppData\Local\Temp\JetLogs\ReSharperTests\resharper.log
Per-Test LogPath is: C:\Users\berej\AppData\Local\Temp\JetLogs\ReSharperTests\FSharpTypingAssistTest\Enter 18 - After single continued line.log

]]></output>
                    </test-case>
                    <test-case name="Enter 19 - After pair starting at line start" fullname="JetBrains.ReSharper.Plugins.FSharp.Tests.Features.TypingAssist.FSharpTypingAssistTest.Enter 19 - After pair starting at line start" methodname="Enter 19 - After pair starting at line start" classname="FSharpTypingAssistTest" result="Passed" duration="0.055" asserts="0">
                      <properties>
                        <property name="Category" value="Typing assist" />
                      </properties>
                      <output><![CDATA[ReSharper LogPath is: C:\Users\berej\AppData\Local\Temp\JetLogs\ReSharperTests\resharper.log
Per-Test LogPath is: C:\Users\berej\AppData\Local\Temp\JetLogs\ReSharperTests\FSharpTypingAssistTest\Enter 19 - After pair starting at line start.log

]]></output>
                    </test-case>
                    <test-case name="Enter 20 - Nested indent after =" fullname="JetBrains.ReSharper.Plugins.FSharp.Tests.Features.TypingAssist.FSharpTypingAssistTest.Enter 20 - Nested indent after =" methodname="Enter 20 - Nested indent after =" classname="FSharpTypingAssistTest" result="Passed" duration="0.055" asserts="0">
                      <properties>
                        <property name="Category" value="Typing assist" />
                      </properties>
                      <output><![CDATA[ReSharper LogPath is: C:\Users\berej\AppData\Local\Temp\JetLogs\ReSharperTests\resharper.log
Per-Test LogPath is: C:\Users\berej\AppData\Local\Temp\JetLogs\ReSharperTests\FSharpTypingAssistTest\Enter 20 - Nested indent after =.log

]]></output>
                    </test-case>
                    <test-case name="Enter 21 - Nested indent after = and comments" fullname="JetBrains.ReSharper.Plugins.FSharp.Tests.Features.TypingAssist.FSharpTypingAssistTest.Enter 21 - Nested indent after = and comments" methodname="Enter 21 - Nested indent after = and comments" classname="FSharpTypingAssistTest" result="Passed" duration="0.055" asserts="0">
                      <properties>
                        <property name="Category" value="Typing assist" />
                      </properties>
                      <output><![CDATA[ReSharper LogPath is: C:\Users\berej\AppData\Local\Temp\JetLogs\ReSharperTests\resharper.log
Per-Test LogPath is: C:\Users\berej\AppData\Local\Temp\JetLogs\ReSharperTests\FSharpTypingAssistTest\Enter 21 - Nested indent after = and comments.log

]]></output>
                    </test-case>
                    <test-case name="Enter 22 - Indent after = 2" fullname="JetBrains.ReSharper.Plugins.FSharp.Tests.Features.TypingAssist.FSharpTypingAssistTest.Enter 22 - Indent after = 2" methodname="Enter 22 - Indent after = 2" classname="FSharpTypingAssistTest" result="Passed" duration="0.055" asserts="0">
                      <properties>
                        <property name="Category" value="Typing assist" />
                      </properties>
                      <output><![CDATA[ReSharper LogPath is: C:\Users\berej\AppData\Local\Temp\JetLogs\ReSharperTests\resharper.log
Per-Test LogPath is: C:\Users\berej\AppData\Local\Temp\JetLogs\ReSharperTests\FSharpTypingAssistTest\Enter 22 - Indent after = 2.log

]]></output>
                    </test-case>
                    <test-case name="Enter 23 - After new line ctor and =" fullname="JetBrains.ReSharper.Plugins.FSharp.Tests.Features.TypingAssist.FSharpTypingAssistTest.Enter 23 - After new line ctor and =" methodname="Enter 23 - After new line ctor and =" classname="FSharpTypingAssistTest" result="Passed" duration="0.054" asserts="0">
                      <properties>
                        <property name="Category" value="Typing assist" />
                      </properties>
                      <output><![CDATA[ReSharper LogPath is: C:\Users\berej\AppData\Local\Temp\JetLogs\ReSharperTests\resharper.log
Per-Test LogPath is: C:\Users\berej\AppData\Local\Temp\JetLogs\ReSharperTests\FSharpTypingAssistTest\Enter 23 - After new line ctor and =.log

]]></output>
                    </test-case>
                    <test-case name="Enter 24 - Add indent after continued line" fullname="JetBrains.ReSharper.Plugins.FSharp.Tests.Features.TypingAssist.FSharpTypingAssistTest.Enter 24 - Add indent after continued line" methodname="Enter 24 - Add indent after continued line" classname="FSharpTypingAssistTest" result="Passed" duration="0.06" asserts="0">
                      <properties>
                        <property name="Category" value="Typing assist" />
                      </properties>
                      <output><![CDATA[ReSharper LogPath is: C:\Users\berej\AppData\Local\Temp\JetLogs\ReSharperTests\resharper.log
Per-Test LogPath is: C:\Users\berej\AppData\Local\Temp\JetLogs\ReSharperTests\FSharpTypingAssistTest\Enter 24 - Add indent after continued line.log

]]></output>
                    </test-case>
                    <test-case name="Enter 25 - Add indent after continued line before block" fullname="JetBrains.ReSharper.Plugins.FSharp.Tests.Features.TypingAssist.FSharpTypingAssistTest.Enter 25 - Add indent after continued line before block" methodname="Enter 25 - Add indent after continued line before block" classname="FSharpTypingAssistTest" result="Passed" duration="0.055" asserts="0">
                      <properties>
                        <property name="Category" value="Typing assist" />
                      </properties>
                      <output><![CDATA[ReSharper LogPath is: C:\Users\berej\AppData\Local\Temp\JetLogs\ReSharperTests\resharper.log
Per-Test LogPath is: C:\Users\berej\AppData\Local\Temp\JetLogs\ReSharperTests\FSharpTypingAssistTest\Enter 25 - Add indent after continued line before block.log

]]></output>
                    </test-case>
                    <test-case name="Enter 26 - Empty line, add indent from below" fullname="JetBrains.ReSharper.Plugins.FSharp.Tests.Features.TypingAssist.FSharpTypingAssistTest.Enter 26 - Empty line, add indent from below" methodname="Enter 26 - Empty line, add indent from below" classname="FSharpTypingAssistTest" result="Passed" duration="0.054" asserts="0">
                      <properties>
                        <property name="Category" value="Typing assist" />
                      </properties>
                      <output><![CDATA[ReSharper LogPath is: C:\Users\berej\AppData\Local\Temp\JetLogs\ReSharperTests\resharper.log
Per-Test LogPath is: C:\Users\berej\AppData\Local\Temp\JetLogs\ReSharperTests\FSharpTypingAssistTest\Enter 26 - Empty line, add indent from below.log

]]></output>
                    </test-case>
                    <test-case name="Enter 27 - Empty line, dump indent" fullname="JetBrains.ReSharper.Plugins.FSharp.Tests.Features.TypingAssist.FSharpTypingAssistTest.Enter 27 - Empty line, dump indent" methodname="Enter 27 - Empty line, dump indent" classname="FSharpTypingAssistTest" result="Passed" duration="0.055" asserts="0">
                      <properties>
                        <property name="Category" value="Typing assist" />
                      </properties>
                      <output><![CDATA[ReSharper LogPath is: C:\Users\berej\AppData\Local\Temp\JetLogs\ReSharperTests\resharper.log
Per-Test LogPath is: C:\Users\berej\AppData\Local\Temp\JetLogs\ReSharperTests\FSharpTypingAssistTest\Enter 27 - Empty line, dump indent.log

]]></output>
                    </test-case>
                    <test-case name="Enter 28 - No indent after else and new line" fullname="JetBrains.ReSharper.Plugins.FSharp.Tests.Features.TypingAssist.FSharpTypingAssistTest.Enter 28 - No indent after else and new line" methodname="Enter 28 - No indent after else and new line" classname="FSharpTypingAssistTest" result="Passed" duration="0.054" asserts="0">
                      <properties>
                        <property name="Category" value="Typing assist" />
                      </properties>
                      <output><![CDATA[ReSharper LogPath is: C:\Users\berej\AppData\Local\Temp\JetLogs\ReSharperTests\resharper.log
Per-Test LogPath is: C:\Users\berej\AppData\Local\Temp\JetLogs\ReSharperTests\FSharpTypingAssistTest\Enter 28 - No indent after else and new line.log

]]></output>
                    </test-case>
                    <test-case name="Enter 29 - No indent before source" fullname="JetBrains.ReSharper.Plugins.FSharp.Tests.Features.TypingAssist.FSharpTypingAssistTest.Enter 29 - No indent before source" methodname="Enter 29 - No indent before source" classname="FSharpTypingAssistTest" result="Passed" duration="0.049" asserts="0">
                      <properties>
                        <property name="Category" value="Typing assist" />
                      </properties>
                      <output><![CDATA[ReSharper LogPath is: C:\Users\berej\AppData\Local\Temp\JetLogs\ReSharperTests\resharper.log
Per-Test LogPath is: C:\Users\berej\AppData\Local\Temp\JetLogs\ReSharperTests\FSharpTypingAssistTest\Enter 29 - No indent before source.log

]]></output>
                    </test-case>
                    <test-case name="Enter 30 - No indent before source 2" fullname="JetBrains.ReSharper.Plugins.FSharp.Tests.Features.TypingAssist.FSharpTypingAssistTest.Enter 30 - No indent before source 2" methodname="Enter 30 - No indent before source 2" classname="FSharpTypingAssistTest" result="Passed" duration="0.049" asserts="0">
                      <properties>
                        <property name="Category" value="Typing assist" />
                      </properties>
                      <output><![CDATA[ReSharper LogPath is: C:\Users\berej\AppData\Local\Temp\JetLogs\ReSharperTests\resharper.log
Per-Test LogPath is: C:\Users\berej\AppData\Local\Temp\JetLogs\ReSharperTests\FSharpTypingAssistTest\Enter 30 - No indent before source 2.log

]]></output>
                    </test-case>
                    <test-case name="Enter 31 - Inside empty ctor" fullname="JetBrains.ReSharper.Plugins.FSharp.Tests.Features.TypingAssist.FSharpTypingAssistTest.Enter 31 - Inside empty ctor" methodname="Enter 31 - Inside empty ctor" classname="FSharpTypingAssistTest" result="Passed" duration="0.055" asserts="0">
                      <properties>
                        <property name="Category" value="Typing assist" />
                      </properties>
                      <output><![CDATA[ReSharper LogPath is: C:\Users\berej\AppData\Local\Temp\JetLogs\ReSharperTests\resharper.log
Per-Test LogPath is: C:\Users\berej\AppData\Local\Temp\JetLogs\ReSharperTests\FSharpTypingAssistTest\Enter 31 - Inside empty ctor.log

]]></output>
                    </test-case>
                    <test-case name="Enter 32 - Nested binding" fullname="JetBrains.ReSharper.Plugins.FSharp.Tests.Features.TypingAssist.FSharpTypingAssistTest.Enter 32 - Nested binding" methodname="Enter 32 - Nested binding" classname="FSharpTypingAssistTest" result="Passed" duration="0.055" asserts="0">
                      <properties>
                        <property name="Category" value="Typing assist" />
                      </properties>
                      <output><![CDATA[ReSharper LogPath is: C:\Users\berej\AppData\Local\Temp\JetLogs\ReSharperTests\resharper.log
Per-Test LogPath is: C:\Users\berej\AppData\Local\Temp\JetLogs\ReSharperTests\FSharpTypingAssistTest\Enter 32 - Nested binding.log

]]></output>
                    </test-case>
                    <test-case name="Enter 33 - After then on line with multiple parens in row" fullname="JetBrains.ReSharper.Plugins.FSharp.Tests.Features.TypingAssist.FSharpTypingAssistTest.Enter 33 - After then on line with multiple parens in row" methodname="Enter 33 - After then on line with multiple parens in row" classname="FSharpTypingAssistTest" result="Passed" duration="0.067" asserts="0">
                      <properties>
                        <property name="Category" value="Typing assist" />
                      </properties>
                      <output><![CDATA[ReSharper LogPath is: C:\Users\berej\AppData\Local\Temp\JetLogs\ReSharperTests\resharper.log
Per-Test LogPath is: C:\Users\berej\AppData\Local\Temp\JetLogs\ReSharperTests\FSharpTypingAssistTest\Enter 33 - After then on line with multiple parens in row.log

]]></output>
                    </test-case>
                    <test-case name="Enter 34 - After line with multiple parens in row" fullname="JetBrains.ReSharper.Plugins.FSharp.Tests.Features.TypingAssist.FSharpTypingAssistTest.Enter 34 - After line with multiple parens in row" methodname="Enter 34 - After line with multiple parens in row" classname="FSharpTypingAssistTest" result="Passed" duration="0.056" asserts="0">
                      <properties>
                        <property name="Category" value="Typing assist" />
                      </properties>
                      <output><![CDATA[ReSharper LogPath is: C:\Users\berej\AppData\Local\Temp\JetLogs\ReSharperTests\resharper.log
Per-Test LogPath is: C:\Users\berej\AppData\Local\Temp\JetLogs\ReSharperTests\FSharpTypingAssistTest\Enter 34 - After line with multiple parens in row.log

]]></output>
                    </test-case>
                    <test-case name="Enter 35 - Nested binding and indent" fullname="JetBrains.ReSharper.Plugins.FSharp.Tests.Features.TypingAssist.FSharpTypingAssistTest.Enter 35 - Nested binding and indent" methodname="Enter 35 - Nested binding and indent" classname="FSharpTypingAssistTest" result="Passed" duration="0.049" asserts="0">
                      <properties>
                        <property name="Category" value="Typing assist" />
                      </properties>
                      <output><![CDATA[ReSharper LogPath is: C:\Users\berej\AppData\Local\Temp\JetLogs\ReSharperTests\resharper.log
Per-Test LogPath is: C:\Users\berej\AppData\Local\Temp\JetLogs\ReSharperTests\FSharpTypingAssistTest\Enter 35 - Nested binding and indent.log

]]></output>
                    </test-case>
                    <test-case name="Enter 36 - Indent after =, trim before source" fullname="JetBrains.ReSharper.Plugins.FSharp.Tests.Features.TypingAssist.FSharpTypingAssistTest.Enter 36 - Indent after =, trim before source" methodname="Enter 36 - Indent after =, trim before source" classname="FSharpTypingAssistTest" result="Passed" duration="0.054" asserts="0">
                      <properties>
                        <property name="Category" value="Typing assist" />
                      </properties>
                      <output><![CDATA[ReSharper LogPath is: C:\Users\berej\AppData\Local\Temp\JetLogs\ReSharperTests\resharper.log
Per-Test LogPath is: C:\Users\berej\AppData\Local\Temp\JetLogs\ReSharperTests\FSharpTypingAssistTest\Enter 36 - Indent after =, trim before source.log

]]></output>
                    </test-case>
                    <test-case name="Enter 37 - After first list element, trim before source" fullname="JetBrains.ReSharper.Plugins.FSharp.Tests.Features.TypingAssist.FSharpTypingAssistTest.Enter 37 - After first list element, trim before source" methodname="Enter 37 - After first list element, trim before source" classname="FSharpTypingAssistTest" result="Passed" duration="0.055" asserts="0">
                      <properties>
                        <property name="Category" value="Typing assist" />
                      </properties>
                      <output><![CDATA[ReSharper LogPath is: C:\Users\berej\AppData\Local\Temp\JetLogs\ReSharperTests\resharper.log
Per-Test LogPath is: C:\Users\berej\AppData\Local\Temp\JetLogs\ReSharperTests\FSharpTypingAssistTest\Enter 37 - After first list element, trim before source.log

]]></output>
                    </test-case>
                    <test-case name="Enter 38 - Empty list" fullname="JetBrains.ReSharper.Plugins.FSharp.Tests.Features.TypingAssist.FSharpTypingAssistTest.Enter 38 - Empty list" methodname="Enter 38 - Empty list" classname="FSharpTypingAssistTest" result="Passed" duration="0.064" asserts="0">
                      <properties>
                        <property name="Category" value="Typing assist" />
                      </properties>
                      <output><![CDATA[ReSharper LogPath is: C:\Users\berej\AppData\Local\Temp\JetLogs\ReSharperTests\resharper.log
Per-Test LogPath is: C:\Users\berej\AppData\Local\Temp\JetLogs\ReSharperTests\FSharpTypingAssistTest\Enter 38 - Empty list.log

]]></output>
                    </test-case>
                    <test-case name="Enter 39 - Empty list with spaces" fullname="JetBrains.ReSharper.Plugins.FSharp.Tests.Features.TypingAssist.FSharpTypingAssistTest.Enter 39 - Empty list with spaces" methodname="Enter 39 - Empty list with spaces" classname="FSharpTypingAssistTest" result="Passed" duration="0.056" asserts="0">
                      <properties>
                        <property name="Category" value="Typing assist" />
                      </properties>
                      <output><![CDATA[ReSharper LogPath is: C:\Users\berej\AppData\Local\Temp\JetLogs\ReSharperTests\resharper.log
Per-Test LogPath is: C:\Users\berej\AppData\Local\Temp\JetLogs\ReSharperTests\FSharpTypingAssistTest\Enter 39 - Empty list with spaces.log

]]></output>
                    </test-case>
                    <test-case name="Enter 40 - Empty list continuing line" fullname="JetBrains.ReSharper.Plugins.FSharp.Tests.Features.TypingAssist.FSharpTypingAssistTest.Enter 40 - Empty list continuing line" methodname="Enter 40 - Empty list continuing line" classname="FSharpTypingAssistTest" result="Passed" duration="0.055" asserts="0">
                      <properties>
                        <property name="Category" value="Typing assist" />
                      </properties>
                      <output><![CDATA[ReSharper LogPath is: C:\Users\berej\AppData\Local\Temp\JetLogs\ReSharperTests\resharper.log
Per-Test LogPath is: C:\Users\berej\AppData\Local\Temp\JetLogs\ReSharperTests\FSharpTypingAssistTest\Enter 40 - Empty list continuing line.log

]]></output>
                    </test-case>
                    <test-case name="Enter 41 - Empty array continuing line" fullname="JetBrains.ReSharper.Plugins.FSharp.Tests.Features.TypingAssist.FSharpTypingAssistTest.Enter 41 - Empty array continuing line" methodname="Enter 41 - Empty array continuing line" classname="FSharpTypingAssistTest" result="Passed" duration="0.055" asserts="0">
                      <properties>
                        <property name="Category" value="Typing assist" />
                      </properties>
                      <output><![CDATA[ReSharper LogPath is: C:\Users\berej\AppData\Local\Temp\JetLogs\ReSharperTests\resharper.log
Per-Test LogPath is: C:\Users\berej\AppData\Local\Temp\JetLogs\ReSharperTests\FSharpTypingAssistTest\Enter 41 - Empty array continuing line.log

]]></output>
                    </test-case>
                    <test-case name="Enter 42 - Before first list element and new line" fullname="JetBrains.ReSharper.Plugins.FSharp.Tests.Features.TypingAssist.FSharpTypingAssistTest.Enter 42 - Before first list element and new line" methodname="Enter 42 - Before first list element and new line" classname="FSharpTypingAssistTest" result="Passed" duration="0.054" asserts="0">
                      <properties>
                        <property name="Category" value="Typing assist" />
                      </properties>
                      <output><![CDATA[ReSharper LogPath is: C:\Users\berej\AppData\Local\Temp\JetLogs\ReSharperTests\resharper.log
Per-Test LogPath is: C:\Users\berej\AppData\Local\Temp\JetLogs\ReSharperTests\FSharpTypingAssistTest\Enter 42 - Before first list element and new line.log

]]></output>
                    </test-case>
                    <test-case name="Enter 43 - Before first list element" fullname="JetBrains.ReSharper.Plugins.FSharp.Tests.Features.TypingAssist.FSharpTypingAssistTest.Enter 43 - Before first list element" methodname="Enter 43 - Before first list element" classname="FSharpTypingAssistTest" result="Passed" duration="0.05" asserts="0">
                      <properties>
                        <property name="Category" value="Typing assist" />
                      </properties>
                      <output><![CDATA[ReSharper LogPath is: C:\Users\berej\AppData\Local\Temp\JetLogs\ReSharperTests\resharper.log
Per-Test LogPath is: C:\Users\berej\AppData\Local\Temp\JetLogs\ReSharperTests\FSharpTypingAssistTest\Enter 43 - Before first list element.log

]]></output>
                    </test-case>
                    <test-case name="Enter 44 - Before first list element and spaces" fullname="JetBrains.ReSharper.Plugins.FSharp.Tests.Features.TypingAssist.FSharpTypingAssistTest.Enter 44 - Before first list element and spaces" methodname="Enter 44 - Before first list element and spaces" classname="FSharpTypingAssistTest" result="Passed" duration="0.055" asserts="0">
                      <properties>
                        <property name="Category" value="Typing assist" />
                      </properties>
                      <output><![CDATA[ReSharper LogPath is: C:\Users\berej\AppData\Local\Temp\JetLogs\ReSharperTests\resharper.log
Per-Test LogPath is: C:\Users\berej\AppData\Local\Temp\JetLogs\ReSharperTests\FSharpTypingAssistTest\Enter 44 - Before first list element and spaces.log

]]></output>
                    </test-case>
                    <test-case name="Enter 45 - Before first list element in multiline list" fullname="JetBrains.ReSharper.Plugins.FSharp.Tests.Features.TypingAssist.FSharpTypingAssistTest.Enter 45 - Before first list element in multiline list" methodname="Enter 45 - Before first list element in multiline list" classname="FSharpTypingAssistTest" result="Passed" duration="0.054" asserts="0">
                      <properties>
                        <property name="Category" value="Typing assist" />
                      </properties>
                      <output><![CDATA[ReSharper LogPath is: C:\Users\berej\AppData\Local\Temp\JetLogs\ReSharperTests\resharper.log
Per-Test LogPath is: C:\Users\berej\AppData\Local\Temp\JetLogs\ReSharperTests\FSharpTypingAssistTest\Enter 45 - Before first list element in multiline list.log

]]></output>
                    </test-case>
                    <test-case name="Enter 46 - Before first list element in multiline list" fullname="JetBrains.ReSharper.Plugins.FSharp.Tests.Features.TypingAssist.FSharpTypingAssistTest.Enter 46 - Before first list element in multiline list" methodname="Enter 46 - Before first list element in multiline list" classname="FSharpTypingAssistTest" result="Passed" duration="0.053" asserts="0">
                      <properties>
                        <property name="Category" value="Typing assist" />
                      </properties>
                      <output><![CDATA[ReSharper LogPath is: C:\Users\berej\AppData\Local\Temp\JetLogs\ReSharperTests\resharper.log
Per-Test LogPath is: C:\Users\berej\AppData\Local\Temp\JetLogs\ReSharperTests\FSharpTypingAssistTest\Enter 46 - Before first list element in multiline list.log

]]></output>
                    </test-case>
                    <test-case name="Enter 47 - Before first list element in multiline list" fullname="JetBrains.ReSharper.Plugins.FSharp.Tests.Features.TypingAssist.FSharpTypingAssistTest.Enter 47 - Before first list element in multiline list" methodname="Enter 47 - Before first list element in multiline list" classname="FSharpTypingAssistTest" result="Passed" duration="0.055" asserts="0">
                      <properties>
                        <property name="Category" value="Typing assist" />
                      </properties>
                      <output><![CDATA[ReSharper LogPath is: C:\Users\berej\AppData\Local\Temp\JetLogs\ReSharperTests\resharper.log
Per-Test LogPath is: C:\Users\berej\AppData\Local\Temp\JetLogs\ReSharperTests\FSharpTypingAssistTest\Enter 47 - Before first list element in multiline list.log

]]></output>
                    </test-case>
                    <test-case name="Enter 48 - After =" fullname="JetBrains.ReSharper.Plugins.FSharp.Tests.Features.TypingAssist.FSharpTypingAssistTest.Enter 48 - After =" methodname="Enter 48 - After =" classname="FSharpTypingAssistTest" result="Passed" duration="0.064" asserts="0">
                      <properties>
                        <property name="Category" value="Typing assist" />
                      </properties>
                      <output><![CDATA[ReSharper LogPath is: C:\Users\berej\AppData\Local\Temp\JetLogs\ReSharperTests\resharper.log
Per-Test LogPath is: C:\Users\berej\AppData\Local\Temp\JetLogs\ReSharperTests\FSharpTypingAssistTest\Enter 48 - After =.log

]]></output>
                    </test-case>
                    <test-case name="Enter 49 - After yield!" fullname="JetBrains.ReSharper.Plugins.FSharp.Tests.Features.TypingAssist.FSharpTypingAssistTest.Enter 49 - After yield!" methodname="Enter 49 - After yield!" classname="FSharpTypingAssistTest" result="Passed" duration="0.055" asserts="0">
                      <properties>
                        <property name="Category" value="Typing assist" />
                      </properties>
                      <output><![CDATA[ReSharper LogPath is: C:\Users\berej\AppData\Local\Temp\JetLogs\ReSharperTests\resharper.log
Per-Test LogPath is: C:\Users\berej\AppData\Local\Temp\JetLogs\ReSharperTests\FSharpTypingAssistTest\Enter 49 - After yield!.log

]]></output>
                    </test-case>
                    <test-case name="Enter 50 - After line with attribute" fullname="JetBrains.ReSharper.Plugins.FSharp.Tests.Features.TypingAssist.FSharpTypingAssistTest.Enter 50 - After line with attribute" methodname="Enter 50 - After line with attribute" classname="FSharpTypingAssistTest" result="Passed" duration="0.057" asserts="0">
                      <properties>
                        <property name="Category" value="Typing assist" />
                      </properties>
                      <output><![CDATA[ReSharper LogPath is: C:\Users\berej\AppData\Local\Temp\JetLogs\ReSharperTests\resharper.log
Per-Test LogPath is: C:\Users\berej\AppData\Local\Temp\JetLogs\ReSharperTests\FSharpTypingAssistTest\Enter 50 - After line with attribute.log

]]></output>
                    </test-case>
                    <test-case name="Enter 51 - Parens" fullname="JetBrains.ReSharper.Plugins.FSharp.Tests.Features.TypingAssist.FSharpTypingAssistTest.Enter 51 - Parens" methodname="Enter 51 - Parens" classname="FSharpTypingAssistTest" result="Passed" duration="0.056" asserts="0">
                      <properties>
                        <property name="Category" value="Typing assist" />
                      </properties>
                      <output><![CDATA[ReSharper LogPath is: C:\Users\berej\AppData\Local\Temp\JetLogs\ReSharperTests\resharper.log
Per-Test LogPath is: C:\Users\berej\AppData\Local\Temp\JetLogs\ReSharperTests\FSharpTypingAssistTest\Enter 51 - Parens.log

]]></output>
                    </test-case>
                    <test-case name="Enter 52 - Nested indents and parens" fullname="JetBrains.ReSharper.Plugins.FSharp.Tests.Features.TypingAssist.FSharpTypingAssistTest.Enter 52 - Nested indents and parens" methodname="Enter 52 - Nested indents and parens" classname="FSharpTypingAssistTest" result="Passed" duration="0.055" asserts="0">
                      <properties>
                        <property name="Category" value="Typing assist" />
                      </properties>
                      <output><![CDATA[ReSharper LogPath is: C:\Users\berej\AppData\Local\Temp\JetLogs\ReSharperTests\resharper.log
Per-Test LogPath is: C:\Users\berej\AppData\Local\Temp\JetLogs\ReSharperTests\FSharpTypingAssistTest\Enter 52 - Nested indents and parens.log

]]></output>
                    </test-case>
                    <test-case name="Enter 53 - After when" fullname="JetBrains.ReSharper.Plugins.FSharp.Tests.Features.TypingAssist.FSharpTypingAssistTest.Enter 53 - After when" methodname="Enter 53 - After when" classname="FSharpTypingAssistTest" result="Passed" duration="0.054" asserts="0">
                      <properties>
                        <property name="Category" value="Typing assist" />
                      </properties>
                      <output><![CDATA[ReSharper LogPath is: C:\Users\berej\AppData\Local\Temp\JetLogs\ReSharperTests\resharper.log
Per-Test LogPath is: C:\Users\berej\AppData\Local\Temp\JetLogs\ReSharperTests\FSharpTypingAssistTest\Enter 53 - After when.log

]]></output>
                    </test-case>
                    <test-case name="Enter 54 - After mismatched {" fullname="JetBrains.ReSharper.Plugins.FSharp.Tests.Features.TypingAssist.FSharpTypingAssistTest.Enter 54 - After mismatched {" methodname="Enter 54 - After mismatched {" classname="FSharpTypingAssistTest" result="Passed" duration="0.049" asserts="0">
                      <properties>
                        <property name="Category" value="Typing assist" />
                      </properties>
                      <output><![CDATA[ReSharper LogPath is: C:\Users\berej\AppData\Local\Temp\JetLogs\ReSharperTests\resharper.log
Per-Test LogPath is: C:\Users\berej\AppData\Local\Temp\JetLogs\ReSharperTests\FSharpTypingAssistTest\Enter 54 - After mismatched {.log

]]></output>
                    </test-case>
                    <test-case name="Enter 55 - Should not continue line" fullname="JetBrains.ReSharper.Plugins.FSharp.Tests.Features.TypingAssist.FSharpTypingAssistTest.Enter 55 - Should not continue line" methodname="Enter 55 - Should not continue line" classname="FSharpTypingAssistTest" result="Passed" duration="0.059" asserts="0">
                      <properties>
                        <property name="Category" value="Typing assist" />
                      </properties>
                      <output><![CDATA[ReSharper LogPath is: C:\Users\berej\AppData\Local\Temp\JetLogs\ReSharperTests\resharper.log
Per-Test LogPath is: C:\Users\berej\AppData\Local\Temp\JetLogs\ReSharperTests\FSharpTypingAssistTest\Enter 55 - Should not continue line.log

]]></output>
                    </test-case>
                    <test-case name="Enter 56 - After then before source" fullname="JetBrains.ReSharper.Plugins.FSharp.Tests.Features.TypingAssist.FSharpTypingAssistTest.Enter 56 - After then before source" methodname="Enter 56 - After then before source" classname="FSharpTypingAssistTest" result="Passed" duration="0.054" asserts="0">
                      <properties>
                        <property name="Category" value="Typing assist" />
                      </properties>
                      <output><![CDATA[ReSharper LogPath is: C:\Users\berej\AppData\Local\Temp\JetLogs\ReSharperTests\resharper.log
Per-Test LogPath is: C:\Users\berej\AppData\Local\Temp\JetLogs\ReSharperTests\FSharpTypingAssistTest\Enter 56 - After then before source.log

]]></output>
                    </test-case>
                    <test-case name="Enter 57 - After + before source" fullname="JetBrains.ReSharper.Plugins.FSharp.Tests.Features.TypingAssist.FSharpTypingAssistTest.Enter 57 - After + before source" methodname="Enter 57 - After + before source" classname="FSharpTypingAssistTest" result="Passed" duration="0.055" asserts="0">
                      <properties>
                        <property name="Category" value="Typing assist" />
                      </properties>
                      <output><![CDATA[ReSharper LogPath is: C:\Users\berej\AppData\Local\Temp\JetLogs\ReSharperTests\resharper.log
Per-Test LogPath is: C:\Users\berej\AppData\Local\Temp\JetLogs\ReSharperTests\FSharpTypingAssistTest\Enter 57 - After + before source.log

]]></output>
                    </test-case>
                    <test-case name="Enter 58 - Object expression" fullname="JetBrains.ReSharper.Plugins.FSharp.Tests.Features.TypingAssist.FSharpTypingAssistTest.Enter 58 - Object expression" methodname="Enter 58 - Object expression" classname="FSharpTypingAssistTest" result="Passed" duration="0.053" asserts="0">
                      <properties>
                        <property name="Category" value="Typing assist" />
                      </properties>
                      <output><![CDATA[ReSharper LogPath is: C:\Users\berej\AppData\Local\Temp\JetLogs\ReSharperTests\resharper.log
Per-Test LogPath is: C:\Users\berej\AppData\Local\Temp\JetLogs\ReSharperTests\FSharpTypingAssistTest\Enter 58 - Object expression.log

]]></output>
                    </test-case>
                    <test-case name="Enter 59 - After new" fullname="JetBrains.ReSharper.Plugins.FSharp.Tests.Features.TypingAssist.FSharpTypingAssistTest.Enter 59 - After new" methodname="Enter 59 - After new" classname="FSharpTypingAssistTest" result="Passed" duration="0.056" asserts="0">
                      <properties>
                        <property name="Category" value="Typing assist" />
                      </properties>
                      <output><![CDATA[ReSharper LogPath is: C:\Users\berej\AppData\Local\Temp\JetLogs\ReSharperTests\resharper.log
Per-Test LogPath is: C:\Users\berej\AppData\Local\Temp\JetLogs\ReSharperTests\FSharpTypingAssistTest\Enter 59 - After new.log

]]></output>
                    </test-case>
                    <test-case name="Enter 59 - After when, add space before rarrow" fullname="JetBrains.ReSharper.Plugins.FSharp.Tests.Features.TypingAssist.FSharpTypingAssistTest.Enter 59 - After when, add space before rarrow" methodname="Enter 59 - After when, add space before rarrow" classname="FSharpTypingAssistTest" result="Passed" duration="0.05" asserts="0">
                      <properties>
                        <property name="Category" value="Typing assist" />
                      </properties>
                      <output><![CDATA[ReSharper LogPath is: C:\Users\berej\AppData\Local\Temp\JetLogs\ReSharperTests\resharper.log
Per-Test LogPath is: C:\Users\berej\AppData\Local\Temp\JetLogs\ReSharperTests\FSharpTypingAssistTest\Enter 59 - After when, add space before rarrow.log

]]></output>
                    </test-case>
                    <test-case name="Enter 60 - After larrow" fullname="JetBrains.ReSharper.Plugins.FSharp.Tests.Features.TypingAssist.FSharpTypingAssistTest.Enter 60 - After larrow" methodname="Enter 60 - After larrow" classname="FSharpTypingAssistTest" result="Passed" duration="0.056" asserts="0">
                      <properties>
                        <property name="Category" value="Typing assist" />
                      </properties>
                      <output><![CDATA[ReSharper LogPath is: C:\Users\berej\AppData\Local\Temp\JetLogs\ReSharperTests\resharper.log
Per-Test LogPath is: C:\Users\berej\AppData\Local\Temp\JetLogs\ReSharperTests\FSharpTypingAssistTest\Enter 60 - After larrow.log

]]></output>
                    </test-case>
                    <test-case name="Enter 61 - After function" fullname="JetBrains.ReSharper.Plugins.FSharp.Tests.Features.TypingAssist.FSharpTypingAssistTest.Enter 61 - After function" methodname="Enter 61 - After function" classname="FSharpTypingAssistTest" result="Passed" duration="0.062" asserts="0">
                      <properties>
                        <property name="Category" value="Typing assist" />
                      </properties>
                      <output><![CDATA[ReSharper LogPath is: C:\Users\berej\AppData\Local\Temp\JetLogs\ReSharperTests\resharper.log
Per-Test LogPath is: C:\Users\berej\AppData\Local\Temp\JetLogs\ReSharperTests\FSharpTypingAssistTest\Enter 61 - After function.log

]]></output>
                    </test-case>
                    <test-case name="Enter 62 - After function, new line" fullname="JetBrains.ReSharper.Plugins.FSharp.Tests.Features.TypingAssist.FSharpTypingAssistTest.Enter 62 - After function, new line" methodname="Enter 62 - After function, new line" classname="FSharpTypingAssistTest" result="Passed" duration="0.062" asserts="0">
                      <properties>
                        <property name="Category" value="Typing assist" />
                      </properties>
                      <output><![CDATA[ReSharper LogPath is: C:\Users\berej\AppData\Local\Temp\JetLogs\ReSharperTests\resharper.log
Per-Test LogPath is: C:\Users\berej\AppData\Local\Temp\JetLogs\ReSharperTests\FSharpTypingAssistTest\Enter 62 - After function, new line.log

]]></output>
                    </test-case>
                    <test-case name="Enter 63 - In existing line" fullname="JetBrains.ReSharper.Plugins.FSharp.Tests.Features.TypingAssist.FSharpTypingAssistTest.Enter 63 - In existing line" methodname="Enter 63 - In existing line" classname="FSharpTypingAssistTest" result="Passed" duration="0.062" asserts="0">
                      <properties>
                        <property name="Category" value="Typing assist" />
                      </properties>
                      <output><![CDATA[ReSharper LogPath is: C:\Users\berej\AppData\Local\Temp\JetLogs\ReSharperTests\resharper.log
Per-Test LogPath is: C:\Users\berej\AppData\Local\Temp\JetLogs\ReSharperTests\FSharpTypingAssistTest\Enter 63 - In existing line.log

]]></output>
                    </test-case>
                    <test-case name="Enter 64 - After rarrow" fullname="JetBrains.ReSharper.Plugins.FSharp.Tests.Features.TypingAssist.FSharpTypingAssistTest.Enter 64 - After rarrow" methodname="Enter 64 - After rarrow" classname="FSharpTypingAssistTest" result="Passed" duration="0.062" asserts="0">
                      <properties>
                        <property name="Category" value="Typing assist" />
                      </properties>
                      <output><![CDATA[ReSharper LogPath is: C:\Users\berej\AppData\Local\Temp\JetLogs\ReSharperTests\resharper.log
Per-Test LogPath is: C:\Users\berej\AppData\Local\Temp\JetLogs\ReSharperTests\FSharpTypingAssistTest\Enter 64 - After rarrow.log

]]></output>
                    </test-case>
                    <test-case name="Enter 65 - After larrow" fullname="JetBrains.ReSharper.Plugins.FSharp.Tests.Features.TypingAssist.FSharpTypingAssistTest.Enter 65 - After larrow" methodname="Enter 65 - After larrow" classname="FSharpTypingAssistTest" result="Passed" duration="0.062" asserts="0">
                      <properties>
                        <property name="Category" value="Typing assist" />
                      </properties>
                      <output><![CDATA[ReSharper LogPath is: C:\Users\berej\AppData\Local\Temp\JetLogs\ReSharperTests\resharper.log
Per-Test LogPath is: C:\Users\berej\AppData\Local\Temp\JetLogs\ReSharperTests\FSharpTypingAssistTest\Enter 65 - After larrow.log

]]></output>
                    </test-case>
                    <test-case name="Enter 66 - After larrow - Comment" fullname="JetBrains.ReSharper.Plugins.FSharp.Tests.Features.TypingAssist.FSharpTypingAssistTest.Enter 66 - After larrow - Comment" methodname="Enter 66 - After larrow - Comment" classname="FSharpTypingAssistTest" result="Passed" duration="0.062" asserts="0">
                      <properties>
                        <property name="Category" value="Typing assist" />
                      </properties>
                      <output><![CDATA[ReSharper LogPath is: C:\Users\berej\AppData\Local\Temp\JetLogs\ReSharperTests\resharper.log
Per-Test LogPath is: C:\Users\berej\AppData\Local\Temp\JetLogs\ReSharperTests\FSharpTypingAssistTest\Enter 66 - After larrow - Comment.log

]]></output>
                    </test-case>
                    <test-case name="Enter 67 - After larrow" fullname="JetBrains.ReSharper.Plugins.FSharp.Tests.Features.TypingAssist.FSharpTypingAssistTest.Enter 67 - After larrow" methodname="Enter 67 - After larrow" classname="FSharpTypingAssistTest" result="Passed" duration="0.061" asserts="0">
                      <properties>
                        <property name="Category" value="Typing assist" />
                      </properties>
                      <output><![CDATA[ReSharper LogPath is: C:\Users\berej\AppData\Local\Temp\JetLogs\ReSharperTests\resharper.log
Per-Test LogPath is: C:\Users\berej\AppData\Local\Temp\JetLogs\ReSharperTests\FSharpTypingAssistTest\Enter 67 - After larrow.log

]]></output>
                    </test-case>
                    <test-case name="Enter 68 - After larrow" fullname="JetBrains.ReSharper.Plugins.FSharp.Tests.Features.TypingAssist.FSharpTypingAssistTest.Enter 68 - After larrow" methodname="Enter 68 - After larrow" classname="FSharpTypingAssistTest" result="Passed" duration="0.056" asserts="0">
                      <properties>
                        <property name="Category" value="Typing assist" />
                      </properties>
                      <output><![CDATA[ReSharper LogPath is: C:\Users\berej\AppData\Local\Temp\JetLogs\ReSharperTests\resharper.log
Per-Test LogPath is: C:\Users\berej\AppData\Local\Temp\JetLogs\ReSharperTests\FSharpTypingAssistTest\Enter 68 - After larrow.log

]]></output>
                    </test-case>
                    <test-case name="Enter 69 - After parens on new line" fullname="JetBrains.ReSharper.Plugins.FSharp.Tests.Features.TypingAssist.FSharpTypingAssistTest.Enter 69 - After parens on new line" methodname="Enter 69 - After parens on new line" classname="FSharpTypingAssistTest" result="Passed" duration="0.056" asserts="0">
                      <properties>
                        <property name="Category" value="Typing assist" />
                      </properties>
                      <output><![CDATA[ReSharper LogPath is: C:\Users\berej\AppData\Local\Temp\JetLogs\ReSharperTests\resharper.log
Per-Test LogPath is: C:\Users\berej\AppData\Local\Temp\JetLogs\ReSharperTests\FSharpTypingAssistTest\Enter 69 - After parens on new line.log

]]></output>
                    </test-case>
                    <test-case name="Enter 70 - After parens on new line 2" fullname="JetBrains.ReSharper.Plugins.FSharp.Tests.Features.TypingAssist.FSharpTypingAssistTest.Enter 70 - After parens on new line 2" methodname="Enter 70 - After parens on new line 2" classname="FSharpTypingAssistTest" result="Passed" duration="0.049" asserts="0">
                      <properties>
                        <property name="Category" value="Typing assist" />
                      </properties>
                      <output><![CDATA[ReSharper LogPath is: C:\Users\berej\AppData\Local\Temp\JetLogs\ReSharperTests\resharper.log
Per-Test LogPath is: C:\Users\berej\AppData\Local\Temp\JetLogs\ReSharperTests\FSharpTypingAssistTest\Enter 70 - After parens on new line 2.log

]]></output>
                    </test-case>
                    <test-case name="Enter 71 - After double semi" fullname="JetBrains.ReSharper.Plugins.FSharp.Tests.Features.TypingAssist.FSharpTypingAssistTest.Enter 71 - After double semi" methodname="Enter 71 - After double semi" classname="FSharpTypingAssistTest" result="Passed" duration="0.055" asserts="0">
                      <properties>
                        <property name="Category" value="Typing assist" />
                      </properties>
                      <output><![CDATA[ReSharper LogPath is: C:\Users\berej\AppData\Local\Temp\JetLogs\ReSharperTests\resharper.log
Per-Test LogPath is: C:\Users\berej\AppData\Local\Temp\JetLogs\ReSharperTests\FSharpTypingAssistTest\Enter 71 - After double semi.log

]]></output>
                    </test-case>
                    <test-case name="Enter 72 - Semicolon inside attribute list" fullname="JetBrains.ReSharper.Plugins.FSharp.Tests.Features.TypingAssist.FSharpTypingAssistTest.Enter 72 - Semicolon inside attribute list" methodname="Enter 72 - Semicolon inside attribute list" classname="FSharpTypingAssistTest" result="Passed" duration="0.05" asserts="0">
                      <properties>
                        <property name="Category" value="Typing assist" />
                      </properties>
                      <output><![CDATA[ReSharper LogPath is: C:\Users\berej\AppData\Local\Temp\JetLogs\ReSharperTests\resharper.log
Per-Test LogPath is: C:\Users\berej\AppData\Local\Temp\JetLogs\ReSharperTests\FSharpTypingAssistTest\Enter 72 - Semicolon inside attribute list.log

]]></output>
                    </test-case>
                    <test-case name="Enter after arrow 01" fullname="JetBrains.ReSharper.Plugins.FSharp.Tests.Features.TypingAssist.FSharpTypingAssistTest.Enter after arrow 01" methodname="Enter after arrow 01" classname="FSharpTypingAssistTest" result="Passed" duration="0.056" asserts="0">
                      <properties>
                        <property name="Category" value="Typing assist" />
                      </properties>
                      <output><![CDATA[ReSharper LogPath is: C:\Users\berej\AppData\Local\Temp\JetLogs\ReSharperTests\resharper.log
Per-Test LogPath is: C:\Users\berej\AppData\Local\Temp\JetLogs\ReSharperTests\FSharpTypingAssistTest\Enter after arrow 01.log

]]></output>
                    </test-case>
                    <test-case name="Enter after error 01 - If" fullname="JetBrains.ReSharper.Plugins.FSharp.Tests.Features.TypingAssist.FSharpTypingAssistTest.Enter after error 01 - If" methodname="Enter after error 01 - If" classname="FSharpTypingAssistTest" result="Passed" duration="0.057" asserts="0">
                      <properties>
                        <property name="Category" value="Typing assist" />
                      </properties>
                      <output><![CDATA[ReSharper LogPath is: C:\Users\berej\AppData\Local\Temp\JetLogs\ReSharperTests\resharper.log
Per-Test LogPath is: C:\Users\berej\AppData\Local\Temp\JetLogs\ReSharperTests\FSharpTypingAssistTest\Enter after error 01 - If.log

]]></output>
                    </test-case>
                    <test-case name="Enter after error 02 - If" fullname="JetBrains.ReSharper.Plugins.FSharp.Tests.Features.TypingAssist.FSharpTypingAssistTest.Enter after error 02 - If" methodname="Enter after error 02 - If" classname="FSharpTypingAssistTest" result="Passed" duration="0.052" asserts="0">
                      <properties>
                        <property name="Category" value="Typing assist" />
                      </properties>
                      <output><![CDATA[ReSharper LogPath is: C:\Users\berej\AppData\Local\Temp\JetLogs\ReSharperTests\resharper.log
Per-Test LogPath is: C:\Users\berej\AppData\Local\Temp\JetLogs\ReSharperTests\FSharpTypingAssistTest\Enter after error 02 - If.log

]]></output>
                    </test-case>
                    <test-case name="Enter after error 03 - If" fullname="JetBrains.ReSharper.Plugins.FSharp.Tests.Features.TypingAssist.FSharpTypingAssistTest.Enter after error 03 - If" methodname="Enter after error 03 - If" classname="FSharpTypingAssistTest" result="Passed" duration="0.051" asserts="0">
                      <properties>
                        <property name="Category" value="Typing assist" />
                      </properties>
                      <output><![CDATA[ReSharper LogPath is: C:\Users\berej\AppData\Local\Temp\JetLogs\ReSharperTests\resharper.log
Per-Test LogPath is: C:\Users\berej\AppData\Local\Temp\JetLogs\ReSharperTests\FSharpTypingAssistTest\Enter after error 03 - If.log

]]></output>
                    </test-case>
                    <test-case name="Enter after error 04 - While" fullname="JetBrains.ReSharper.Plugins.FSharp.Tests.Features.TypingAssist.FSharpTypingAssistTest.Enter after error 04 - While" methodname="Enter after error 04 - While" classname="FSharpTypingAssistTest" result="Passed" duration="0.057" asserts="0">
                      <properties>
                        <property name="Category" value="Typing assist" />
                      </properties>
                      <output><![CDATA[ReSharper LogPath is: C:\Users\berej\AppData\Local\Temp\JetLogs\ReSharperTests\resharper.log
Per-Test LogPath is: C:\Users\berej\AppData\Local\Temp\JetLogs\ReSharperTests\FSharpTypingAssistTest\Enter after error 04 - While.log

]]></output>
                    </test-case>
                    <test-case name="Enter after error 05 - multiline if" fullname="JetBrains.ReSharper.Plugins.FSharp.Tests.Features.TypingAssist.FSharpTypingAssistTest.Enter after error 05 - multiline if" methodname="Enter after error 05 - multiline if" classname="FSharpTypingAssistTest" result="Passed" duration="0.055" asserts="0">
                      <properties>
                        <property name="Category" value="Typing assist" />
                      </properties>
                      <output><![CDATA[ReSharper LogPath is: C:\Users\berej\AppData\Local\Temp\JetLogs\ReSharperTests\resharper.log
Per-Test LogPath is: C:\Users\berej\AppData\Local\Temp\JetLogs\ReSharperTests\FSharpTypingAssistTest\Enter after error 05 - multiline if.log

]]></output>
                    </test-case>
                    <test-case name="Enter after error 06 - match" fullname="JetBrains.ReSharper.Plugins.FSharp.Tests.Features.TypingAssist.FSharpTypingAssistTest.Enter after error 06 - match" methodname="Enter after error 06 - match" classname="FSharpTypingAssistTest" result="Passed" duration="0.053" asserts="0">
                      <properties>
                        <property name="Category" value="Typing assist" />
                      </properties>
                      <output><![CDATA[ReSharper LogPath is: C:\Users\berej\AppData\Local\Temp\JetLogs\ReSharperTests\resharper.log
Per-Test LogPath is: C:\Users\berej\AppData\Local\Temp\JetLogs\ReSharperTests\FSharpTypingAssistTest\Enter after error 06 - match.log

]]></output>
                    </test-case>
                    <test-case name="Enter after error 07 - multiline if with parens" fullname="JetBrains.ReSharper.Plugins.FSharp.Tests.Features.TypingAssist.FSharpTypingAssistTest.Enter after error 07 - multiline if with parens" methodname="Enter after error 07 - multiline if with parens" classname="FSharpTypingAssistTest" result="Passed" duration="0.059" asserts="0">
                      <properties>
                        <property name="Category" value="Typing assist" />
                      </properties>
                      <output><![CDATA[ReSharper LogPath is: C:\Users\berej\AppData\Local\Temp\JetLogs\ReSharperTests\resharper.log
Per-Test LogPath is: C:\Users\berej\AppData\Local\Temp\JetLogs\ReSharperTests\FSharpTypingAssistTest\Enter after error 07 - multiline if with parens.log

]]></output>
                    </test-case>
                    <test-case name="Enter after error 08 - multiline if before then" fullname="JetBrains.ReSharper.Plugins.FSharp.Tests.Features.TypingAssist.FSharpTypingAssistTest.Enter after error 08 - multiline if before then" methodname="Enter after error 08 - multiline if before then" classname="FSharpTypingAssistTest" result="Passed" duration="0.056" asserts="0">
                      <properties>
                        <property name="Category" value="Typing assist" />
                      </properties>
                      <output><![CDATA[ReSharper LogPath is: C:\Users\berej\AppData\Local\Temp\JetLogs\ReSharperTests\resharper.log
Per-Test LogPath is: C:\Users\berej\AppData\Local\Temp\JetLogs\ReSharperTests\FSharpTypingAssistTest\Enter after error 08 - multiline if before then.log

]]></output>
                    </test-case>
                    <test-case name="Enter after error 09 - After then" fullname="JetBrains.ReSharper.Plugins.FSharp.Tests.Features.TypingAssist.FSharpTypingAssistTest.Enter after error 09 - After then" methodname="Enter after error 09 - After then" classname="FSharpTypingAssistTest" result="Passed" duration="0.063" asserts="0">
                      <properties>
                        <property name="Category" value="Typing assist" />
                      </properties>
                      <output><![CDATA[ReSharper LogPath is: C:\Users\berej\AppData\Local\Temp\JetLogs\ReSharperTests\resharper.log
Per-Test LogPath is: C:\Users\berej\AppData\Local\Temp\JetLogs\ReSharperTests\FSharpTypingAssistTest\Enter after error 09 - After then.log

]]></output>
                    </test-case>
                    <test-case name="Enter after error 10 - After while" fullname="JetBrains.ReSharper.Plugins.FSharp.Tests.Features.TypingAssist.FSharpTypingAssistTest.Enter after error 10 - After while" methodname="Enter after error 10 - After while" classname="FSharpTypingAssistTest" result="Passed" duration="0.056" asserts="0">
                      <properties>
                        <property name="Category" value="Typing assist" />
                      </properties>
                      <output><![CDATA[ReSharper LogPath is: C:\Users\berej\AppData\Local\Temp\JetLogs\ReSharperTests\resharper.log
Per-Test LogPath is: C:\Users\berej\AppData\Local\Temp\JetLogs\ReSharperTests\FSharpTypingAssistTest\Enter after error 10 - After while.log

]]></output>
                    </test-case>
                    <test-case name="Enter after error 11 - After while and comments" fullname="JetBrains.ReSharper.Plugins.FSharp.Tests.Features.TypingAssist.FSharpTypingAssistTest.Enter after error 11 - After while and comments" methodname="Enter after error 11 - After while and comments" classname="FSharpTypingAssistTest" result="Passed" duration="0.05" asserts="0">
                      <properties>
                        <property name="Category" value="Typing assist" />
                      </properties>
                      <output><![CDATA[ReSharper LogPath is: C:\Users\berej\AppData\Local\Temp\JetLogs\ReSharperTests\resharper.log
Per-Test LogPath is: C:\Users\berej\AppData\Local\Temp\JetLogs\ReSharperTests\FSharpTypingAssistTest\Enter after error 11 - After while and comments.log

]]></output>
                    </test-case>
                    <test-case name="Enter after error 12 - After then and elif" fullname="JetBrains.ReSharper.Plugins.FSharp.Tests.Features.TypingAssist.FSharpTypingAssistTest.Enter after error 12 - After then and elif" methodname="Enter after error 12 - After then and elif" classname="FSharpTypingAssistTest" result="Passed" duration="0.057" asserts="0">
                      <properties>
                        <property name="Category" value="Typing assist" />
                      </properties>
                      <output><![CDATA[ReSharper LogPath is: C:\Users\berej\AppData\Local\Temp\JetLogs\ReSharperTests\resharper.log
Per-Test LogPath is: C:\Users\berej\AppData\Local\Temp\JetLogs\ReSharperTests\FSharpTypingAssistTest\Enter after error 12 - After then and elif.log

]]></output>
                    </test-case>
                    <test-case name="Enter after error 13 - After for in do" fullname="JetBrains.ReSharper.Plugins.FSharp.Tests.Features.TypingAssist.FSharpTypingAssistTest.Enter after error 13 - After for in do" methodname="Enter after error 13 - After for in do" classname="FSharpTypingAssistTest" result="Passed" duration="0.056" asserts="0">
                      <properties>
                        <property name="Category" value="Typing assist" />
                      </properties>
                      <output><![CDATA[ReSharper LogPath is: C:\Users\berej\AppData\Local\Temp\JetLogs\ReSharperTests\resharper.log
Per-Test LogPath is: C:\Users\berej\AppData\Local\Temp\JetLogs\ReSharperTests\FSharpTypingAssistTest\Enter after error 13 - After for in do.log

]]></output>
                    </test-case>
                    <test-case name="Enter after error 14 - After for do" fullname="JetBrains.ReSharper.Plugins.FSharp.Tests.Features.TypingAssist.FSharpTypingAssistTest.Enter after error 14 - After for do" methodname="Enter after error 14 - After for do" classname="FSharpTypingAssistTest" result="Passed" duration="0.052" asserts="0">
                      <properties>
                        <property name="Category" value="Typing assist" />
                      </properties>
                      <output><![CDATA[ReSharper LogPath is: C:\Users\berej\AppData\Local\Temp\JetLogs\ReSharperTests\resharper.log
Per-Test LogPath is: C:\Users\berej\AppData\Local\Temp\JetLogs\ReSharperTests\FSharpTypingAssistTest\Enter after error 14 - After for do.log

]]></output>
                    </test-case>
                    <test-case name="Enter before dot 01" fullname="JetBrains.ReSharper.Plugins.FSharp.Tests.Features.TypingAssist.FSharpTypingAssistTest.Enter before dot 01" methodname="Enter before dot 01" classname="FSharpTypingAssistTest" result="Passed" duration="0.057" asserts="0">
                      <properties>
                        <property name="Category" value="Typing assist" />
                      </properties>
                      <output><![CDATA[ReSharper LogPath is: C:\Users\berej\AppData\Local\Temp\JetLogs\ReSharperTests\resharper.log
Per-Test LogPath is: C:\Users\berej\AppData\Local\Temp\JetLogs\ReSharperTests\FSharpTypingAssistTest\Enter before dot 01.log

]]></output>
                    </test-case>
                    <test-case name="Enter before dot 02" fullname="JetBrains.ReSharper.Plugins.FSharp.Tests.Features.TypingAssist.FSharpTypingAssistTest.Enter before dot 02" methodname="Enter before dot 02" classname="FSharpTypingAssistTest" result="Passed" duration="0.051" asserts="0">
                      <properties>
                        <property name="Category" value="Typing assist" />
                      </properties>
                      <output><![CDATA[ReSharper LogPath is: C:\Users\berej\AppData\Local\Temp\JetLogs\ReSharperTests\resharper.log
Per-Test LogPath is: C:\Users\berej\AppData\Local\Temp\JetLogs\ReSharperTests\FSharpTypingAssistTest\Enter before dot 02.log

]]></output>
                    </test-case>
                    <test-case name="Enter before dot 03 - After parens" fullname="JetBrains.ReSharper.Plugins.FSharp.Tests.Features.TypingAssist.FSharpTypingAssistTest.Enter before dot 03 - After parens" methodname="Enter before dot 03 - After parens" classname="FSharpTypingAssistTest" result="Passed" duration="0.057" asserts="0">
                      <properties>
                        <property name="Category" value="Typing assist" />
                      </properties>
                      <output><![CDATA[ReSharper LogPath is: C:\Users\berej\AppData\Local\Temp\JetLogs\ReSharperTests\resharper.log
Per-Test LogPath is: C:\Users\berej\AppData\Local\Temp\JetLogs\ReSharperTests\FSharpTypingAssistTest\Enter before dot 03 - After parens.log

]]></output>
                    </test-case>
                    <test-case name="Enter before dot 04 - After ctor" fullname="JetBrains.ReSharper.Plugins.FSharp.Tests.Features.TypingAssist.FSharpTypingAssistTest.Enter before dot 04 - After ctor" methodname="Enter before dot 04 - After ctor" classname="FSharpTypingAssistTest" result="Passed" duration="0.055" asserts="0">
                      <properties>
                        <property name="Category" value="Typing assist" />
                      </properties>
                      <output><![CDATA[ReSharper LogPath is: C:\Users\berej\AppData\Local\Temp\JetLogs\ReSharperTests\resharper.log
Per-Test LogPath is: C:\Users\berej\AppData\Local\Temp\JetLogs\ReSharperTests\FSharpTypingAssistTest\Enter before dot 04 - After ctor.log

]]></output>
                    </test-case>
                    <test-case name="Enter before dot 05 - Chained methods" fullname="JetBrains.ReSharper.Plugins.FSharp.Tests.Features.TypingAssist.FSharpTypingAssistTest.Enter before dot 05 - Chained methods" methodname="Enter before dot 05 - Chained methods" classname="FSharpTypingAssistTest" result="Passed" duration="0.055" asserts="0">
                      <properties>
                        <property name="Category" value="Typing assist" />
                      </properties>
                      <output><![CDATA[ReSharper LogPath is: C:\Users\berej\AppData\Local\Temp\JetLogs\ReSharperTests\resharper.log
Per-Test LogPath is: C:\Users\berej\AppData\Local\Temp\JetLogs\ReSharperTests\FSharpTypingAssistTest\Enter before dot 05 - Chained methods.log

]]></output>
                    </test-case>
                    <test-case name="Enter before dot 06 - Chained members" fullname="JetBrains.ReSharper.Plugins.FSharp.Tests.Features.TypingAssist.FSharpTypingAssistTest.Enter before dot 06 - Chained members" methodname="Enter before dot 06 - Chained members" classname="FSharpTypingAssistTest" result="Passed" duration="0.057" asserts="0">
                      <properties>
                        <property name="Category" value="Typing assist" />
                      </properties>
                      <output><![CDATA[ReSharper LogPath is: C:\Users\berej\AppData\Local\Temp\JetLogs\ReSharperTests\resharper.log
Per-Test LogPath is: C:\Users\berej\AppData\Local\Temp\JetLogs\ReSharperTests\FSharpTypingAssistTest\Enter before dot 06 - Chained members.log

]]></output>
                    </test-case>
                    <test-case name="Enter before dot 07 - Indexer" fullname="JetBrains.ReSharper.Plugins.FSharp.Tests.Features.TypingAssist.FSharpTypingAssistTest.Enter before dot 07 - Indexer" methodname="Enter before dot 07 - Indexer" classname="FSharpTypingAssistTest" result="Passed" duration="0.051" asserts="0">
                      <properties>
                        <property name="Category" value="Typing assist" />
                      </properties>
                      <output><![CDATA[ReSharper LogPath is: C:\Users\berej\AppData\Local\Temp\JetLogs\ReSharperTests\resharper.log
Per-Test LogPath is: C:\Users\berej\AppData\Local\Temp\JetLogs\ReSharperTests\FSharpTypingAssistTest\Enter before dot 07 - Indexer.log

]]></output>
                    </test-case>
                    <test-case name="Enter before dot 08 - Multiline indexer" fullname="JetBrains.ReSharper.Plugins.FSharp.Tests.Features.TypingAssist.FSharpTypingAssistTest.Enter before dot 08 - Multiline indexer" methodname="Enter before dot 08 - Multiline indexer" classname="FSharpTypingAssistTest" result="Passed" duration="0.057" asserts="0">
                      <properties>
                        <property name="Category" value="Typing assist" />
                      </properties>
                      <output><![CDATA[ReSharper LogPath is: C:\Users\berej\AppData\Local\Temp\JetLogs\ReSharperTests\resharper.log
Per-Test LogPath is: C:\Users\berej\AppData\Local\Temp\JetLogs\ReSharperTests\FSharpTypingAssistTest\Enter before dot 08 - Multiline indexer.log

]]></output>
                    </test-case>
                    <test-case name="Enter in app 01" fullname="JetBrains.ReSharper.Plugins.FSharp.Tests.Features.TypingAssist.FSharpTypingAssistTest.Enter in app 01" methodname="Enter in app 01" classname="FSharpTypingAssistTest" result="Passed" duration="0.05" asserts="0">
                      <properties>
                        <property name="Category" value="Typing assist" />
                      </properties>
                      <output><![CDATA[ReSharper LogPath is: C:\Users\berej\AppData\Local\Temp\JetLogs\ReSharperTests\resharper.log
Per-Test LogPath is: C:\Users\berej\AppData\Local\Temp\JetLogs\ReSharperTests\FSharpTypingAssistTest\Enter in app 01.log

]]></output>
                    </test-case>
                    <test-case name="Enter in app 02" fullname="JetBrains.ReSharper.Plugins.FSharp.Tests.Features.TypingAssist.FSharpTypingAssistTest.Enter in app 02" methodname="Enter in app 02" classname="FSharpTypingAssistTest" result="Passed" duration="0.051" asserts="0">
                      <properties>
                        <property name="Category" value="Typing assist" />
                      </properties>
                      <output><![CDATA[ReSharper LogPath is: C:\Users\berej\AppData\Local\Temp\JetLogs\ReSharperTests\resharper.log
Per-Test LogPath is: C:\Users\berej\AppData\Local\Temp\JetLogs\ReSharperTests\FSharpTypingAssistTest\Enter in app 02.log

]]></output>
                    </test-case>
                    <test-case name="Enter in app 03" fullname="JetBrains.ReSharper.Plugins.FSharp.Tests.Features.TypingAssist.FSharpTypingAssistTest.Enter in app 03" methodname="Enter in app 03" classname="FSharpTypingAssistTest" result="Passed" duration="0.055" asserts="0">
                      <properties>
                        <property name="Category" value="Typing assist" />
                      </properties>
                      <output><![CDATA[ReSharper LogPath is: C:\Users\berej\AppData\Local\Temp\JetLogs\ReSharperTests\resharper.log
Per-Test LogPath is: C:\Users\berej\AppData\Local\Temp\JetLogs\ReSharperTests\FSharpTypingAssistTest\Enter in app 03.log

]]></output>
                    </test-case>
                    <test-case name="Enter in app 04 - After last arg" fullname="JetBrains.ReSharper.Plugins.FSharp.Tests.Features.TypingAssist.FSharpTypingAssistTest.Enter in app 04 - After last arg" methodname="Enter in app 04 - After last arg" classname="FSharpTypingAssistTest" result="Passed" duration="0.057" asserts="0">
                      <properties>
                        <property name="Category" value="Typing assist" />
                      </properties>
                      <output><![CDATA[ReSharper LogPath is: C:\Users\berej\AppData\Local\Temp\JetLogs\ReSharperTests\resharper.log
Per-Test LogPath is: C:\Users\berej\AppData\Local\Temp\JetLogs\ReSharperTests\FSharpTypingAssistTest\Enter in app 04 - After last arg.log

]]></output>
                    </test-case>
                    <test-case name="Enter in app 05 - After last arg and comment" fullname="JetBrains.ReSharper.Plugins.FSharp.Tests.Features.TypingAssist.FSharpTypingAssistTest.Enter in app 05 - After last arg and comment" methodname="Enter in app 05 - After last arg and comment" classname="FSharpTypingAssistTest" result="Passed" duration="0.055" asserts="0">
                      <properties>
                        <property name="Category" value="Typing assist" />
                      </properties>
                      <output><![CDATA[ReSharper LogPath is: C:\Users\berej\AppData\Local\Temp\JetLogs\ReSharperTests\resharper.log
Per-Test LogPath is: C:\Users\berej\AppData\Local\Temp\JetLogs\ReSharperTests\FSharpTypingAssistTest\Enter in app 05 - After last arg and comment.log

]]></output>
                    </test-case>
                    <test-case name="Enter in app 06 - Inside method invoke" fullname="JetBrains.ReSharper.Plugins.FSharp.Tests.Features.TypingAssist.FSharpTypingAssistTest.Enter in app 06 - Inside method invoke" methodname="Enter in app 06 - Inside method invoke" classname="FSharpTypingAssistTest" result="Passed" duration="0.055" asserts="0">
                      <properties>
                        <property name="Category" value="Typing assist" />
                      </properties>
                      <output><![CDATA[ReSharper LogPath is: C:\Users\berej\AppData\Local\Temp\JetLogs\ReSharperTests\resharper.log
Per-Test LogPath is: C:\Users\berej\AppData\Local\Temp\JetLogs\ReSharperTests\FSharpTypingAssistTest\Enter in app 06 - Inside method invoke.log

]]></output>
                    </test-case>
                    <test-case name="Enter in app 07 - Joined args in parens" fullname="JetBrains.ReSharper.Plugins.FSharp.Tests.Features.TypingAssist.FSharpTypingAssistTest.Enter in app 07 - Joined args in parens" methodname="Enter in app 07 - Joined args in parens" classname="FSharpTypingAssistTest" result="Passed" duration="0.051" asserts="0">
                      <properties>
                        <property name="Category" value="Typing assist" />
                      </properties>
                      <output><![CDATA[ReSharper LogPath is: C:\Users\berej\AppData\Local\Temp\JetLogs\ReSharperTests\resharper.log
Per-Test LogPath is: C:\Users\berej\AppData\Local\Temp\JetLogs\ReSharperTests\FSharpTypingAssistTest\Enter in app 07 - Joined args in parens.log

]]></output>
                    </test-case>
                    <test-case name="Enter in app 08 - Infix app" fullname="JetBrains.ReSharper.Plugins.FSharp.Tests.Features.TypingAssist.FSharpTypingAssistTest.Enter in app 08 - Infix app" methodname="Enter in app 08 - Infix app" classname="FSharpTypingAssistTest" result="Passed" duration="0.057" asserts="0">
                      <properties>
                        <property name="Category" value="Typing assist" />
                      </properties>
                      <output><![CDATA[ReSharper LogPath is: C:\Users\berej\AppData\Local\Temp\JetLogs\ReSharperTests\resharper.log
Per-Test LogPath is: C:\Users\berej\AppData\Local\Temp\JetLogs\ReSharperTests\FSharpTypingAssistTest\Enter in app 08 - Infix app.log

]]></output>
                    </test-case>
                    <test-case name="Enter in app 09 - Multiline" fullname="JetBrains.ReSharper.Plugins.FSharp.Tests.Features.TypingAssist.FSharpTypingAssistTest.Enter in app 09 - Multiline" methodname="Enter in app 09 - Multiline" classname="FSharpTypingAssistTest" result="Passed" duration="0.057" asserts="0">
                      <properties>
                        <property name="Category" value="Typing assist" />
                      </properties>
                      <output><![CDATA[ReSharper LogPath is: C:\Users\berej\AppData\Local\Temp\JetLogs\ReSharperTests\resharper.log
Per-Test LogPath is: C:\Users\berej\AppData\Local\Temp\JetLogs\ReSharperTests\FSharpTypingAssistTest\Enter in app 09 - Multiline.log

]]></output>
                    </test-case>
                    <test-case name="Enter in app 10 - Multiline" fullname="JetBrains.ReSharper.Plugins.FSharp.Tests.Features.TypingAssist.FSharpTypingAssistTest.Enter in app 10 - Multiline" methodname="Enter in app 10 - Multiline" classname="FSharpTypingAssistTest" result="Passed" duration="0.056" asserts="0">
                      <properties>
                        <property name="Category" value="Typing assist" />
                      </properties>
                      <output><![CDATA[ReSharper LogPath is: C:\Users\berej\AppData\Local\Temp\JetLogs\ReSharperTests\resharper.log
Per-Test LogPath is: C:\Users\berej\AppData\Local\Temp\JetLogs\ReSharperTests\FSharpTypingAssistTest\Enter in app 10 - Multiline.log

]]></output>
                    </test-case>
                    <test-case name="Enter in app 11 - Multiline" fullname="JetBrains.ReSharper.Plugins.FSharp.Tests.Features.TypingAssist.FSharpTypingAssistTest.Enter in app 11 - Multiline" methodname="Enter in app 11 - Multiline" classname="FSharpTypingAssistTest" result="Passed" duration="0.05" asserts="0">
                      <properties>
                        <property name="Category" value="Typing assist" />
                      </properties>
                      <output><![CDATA[ReSharper LogPath is: C:\Users\berej\AppData\Local\Temp\JetLogs\ReSharperTests\resharper.log
Per-Test LogPath is: C:\Users\berej\AppData\Local\Temp\JetLogs\ReSharperTests\FSharpTypingAssistTest\Enter in app 11 - Multiline.log

]]></output>
                    </test-case>
                    <test-case name="Enter in app 12 - Before pipe" fullname="JetBrains.ReSharper.Plugins.FSharp.Tests.Features.TypingAssist.FSharpTypingAssistTest.Enter in app 12 - Before pipe" methodname="Enter in app 12 - Before pipe" classname="FSharpTypingAssistTest" result="Passed" duration="0.055" asserts="0">
                      <properties>
                        <property name="Category" value="Typing assist" />
                      </properties>
                      <output><![CDATA[ReSharper LogPath is: C:\Users\berej\AppData\Local\Temp\JetLogs\ReSharperTests\resharper.log
Per-Test LogPath is: C:\Users\berej\AppData\Local\Temp\JetLogs\ReSharperTests\FSharpTypingAssistTest\Enter in app 12 - Before pipe.log

]]></output>
                    </test-case>
                    <test-case name="Enter in app 13 - Before pipe" fullname="JetBrains.ReSharper.Plugins.FSharp.Tests.Features.TypingAssist.FSharpTypingAssistTest.Enter in app 13 - Before pipe" methodname="Enter in app 13 - Before pipe" classname="FSharpTypingAssistTest" result="Passed" duration="0.057" asserts="0">
                      <properties>
                        <property name="Category" value="Typing assist" />
                      </properties>
                      <output><![CDATA[ReSharper LogPath is: C:\Users\berej\AppData\Local\Temp\JetLogs\ReSharperTests\resharper.log
Per-Test LogPath is: C:\Users\berej\AppData\Local\Temp\JetLogs\ReSharperTests\FSharpTypingAssistTest\Enter in app 13 - Before pipe.log

]]></output>
                    </test-case>
                    <test-case name="Enter in app 14 - After infix op" fullname="JetBrains.ReSharper.Plugins.FSharp.Tests.Features.TypingAssist.FSharpTypingAssistTest.Enter in app 14 - After infix op" methodname="Enter in app 14 - After infix op" classname="FSharpTypingAssistTest" result="Passed" duration="0.059" asserts="0">
                      <properties>
                        <property name="Category" value="Typing assist" />
                      </properties>
                      <output><![CDATA[ReSharper LogPath is: C:\Users\berej\AppData\Local\Temp\JetLogs\ReSharperTests\resharper.log
Per-Test LogPath is: C:\Users\berej\AppData\Local\Temp\JetLogs\ReSharperTests\FSharpTypingAssistTest\Enter in app 14 - After infix op.log

]]></output>
                    </test-case>
                    <test-case name="Enter in app 15 - After first token on line" fullname="JetBrains.ReSharper.Plugins.FSharp.Tests.Features.TypingAssist.FSharpTypingAssistTest.Enter in app 15 - After first token on line" methodname="Enter in app 15 - After first token on line" classname="FSharpTypingAssistTest" result="Passed" duration="0.056" asserts="0">
                      <properties>
                        <property name="Category" value="Typing assist" />
                      </properties>
                      <output><![CDATA[ReSharper LogPath is: C:\Users\berej\AppData\Local\Temp\JetLogs\ReSharperTests\resharper.log
Per-Test LogPath is: C:\Users\berej\AppData\Local\Temp\JetLogs\ReSharperTests\FSharpTypingAssistTest\Enter in app 15 - After first token on line.log

]]></output>
                    </test-case>
                    <test-case name="Enter in app 16 - After last infix op token on line" fullname="JetBrains.ReSharper.Plugins.FSharp.Tests.Features.TypingAssist.FSharpTypingAssistTest.Enter in app 16 - After last infix op token on line" methodname="Enter in app 16 - After last infix op token on line" classname="FSharpTypingAssistTest" result="Passed" duration="0.051" asserts="0">
                      <properties>
                        <property name="Category" value="Typing assist" />
                      </properties>
                      <output><![CDATA[ReSharper LogPath is: C:\Users\berej\AppData\Local\Temp\JetLogs\ReSharperTests\resharper.log
Per-Test LogPath is: C:\Users\berej\AppData\Local\Temp\JetLogs\ReSharperTests\FSharpTypingAssistTest\Enter in app 16 - After last infix op token on line.log

]]></output>
                    </test-case>
                    <test-case name="Enter in comment 01" fullname="JetBrains.ReSharper.Plugins.FSharp.Tests.Features.TypingAssist.FSharpTypingAssistTest.Enter in comment 01" methodname="Enter in comment 01" classname="FSharpTypingAssistTest" result="Passed" duration="0.056" asserts="0">
                      <properties>
                        <property name="Category" value="Typing assist" />
                      </properties>
                      <output><![CDATA[ReSharper LogPath is: C:\Users\berej\AppData\Local\Temp\JetLogs\ReSharperTests\resharper.log
Per-Test LogPath is: C:\Users\berej\AppData\Local\Temp\JetLogs\ReSharperTests\FSharpTypingAssistTest\Enter in comment 01.log

]]></output>
                    </test-case>
                    <test-case name="Enter in comment 02" fullname="JetBrains.ReSharper.Plugins.FSharp.Tests.Features.TypingAssist.FSharpTypingAssistTest.Enter in comment 02" methodname="Enter in comment 02" classname="FSharpTypingAssistTest" result="Passed" duration="0.051" asserts="0">
                      <properties>
                        <property name="Category" value="Typing assist" />
                      </properties>
                      <output><![CDATA[ReSharper LogPath is: C:\Users\berej\AppData\Local\Temp\JetLogs\ReSharperTests\resharper.log
Per-Test LogPath is: C:\Users\berej\AppData\Local\Temp\JetLogs\ReSharperTests\FSharpTypingAssistTest\Enter in comment 02.log

]]></output>
                    </test-case>
                    <test-case name="Enter in comment 03" fullname="JetBrains.ReSharper.Plugins.FSharp.Tests.Features.TypingAssist.FSharpTypingAssistTest.Enter in comment 03" methodname="Enter in comment 03" classname="FSharpTypingAssistTest" result="Passed" duration="0.056" asserts="0">
                      <properties>
                        <property name="Category" value="Typing assist" />
                      </properties>
                      <output><![CDATA[ReSharper LogPath is: C:\Users\berej\AppData\Local\Temp\JetLogs\ReSharperTests\resharper.log
Per-Test LogPath is: C:\Users\berej\AppData\Local\Temp\JetLogs\ReSharperTests\FSharpTypingAssistTest\Enter in comment 03.log

]]></output>
                    </test-case>
                    <test-case name="Enter in string 01 - Inside empty triple-quoted string" fullname="JetBrains.ReSharper.Plugins.FSharp.Tests.Features.TypingAssist.FSharpTypingAssistTest.Enter in string 01 - Inside empty triple-quoted string" methodname="Enter in string 01 - Inside empty triple-quoted string" classname="FSharpTypingAssistTest" result="Passed" duration="0.055" asserts="0">
                      <properties>
                        <property name="Category" value="Typing assist" />
                      </properties>
                      <output><![CDATA[ReSharper LogPath is: C:\Users\berej\AppData\Local\Temp\JetLogs\ReSharperTests\resharper.log
Per-Test LogPath is: C:\Users\berej\AppData\Local\Temp\JetLogs\ReSharperTests\FSharpTypingAssistTest\Enter in string 01 - Inside empty triple-quoted string.log

]]></output>
                    </test-case>
                    <test-case name="Enter in string 02 - Inside triple-quoted string" fullname="JetBrains.ReSharper.Plugins.FSharp.Tests.Features.TypingAssist.FSharpTypingAssistTest.Enter in string 02 - Inside triple-quoted string" methodname="Enter in string 02 - Inside triple-quoted string" classname="FSharpTypingAssistTest" result="Passed" duration="0.058" asserts="0">
                      <properties>
                        <property name="Category" value="Typing assist" />
                      </properties>
                      <output><![CDATA[ReSharper LogPath is: C:\Users\berej\AppData\Local\Temp\JetLogs\ReSharperTests\resharper.log
Per-Test LogPath is: C:\Users\berej\AppData\Local\Temp\JetLogs\ReSharperTests\FSharpTypingAssistTest\Enter in string 02 - Inside triple-quoted string.log

]]></output>
                    </test-case>
                    <test-case name="Enter in string 03 - Inside triple-quoted string" fullname="JetBrains.ReSharper.Plugins.FSharp.Tests.Features.TypingAssist.FSharpTypingAssistTest.Enter in string 03 - Inside triple-quoted string" methodname="Enter in string 03 - Inside triple-quoted string" classname="FSharpTypingAssistTest" result="Passed" duration="0.055" asserts="0">
                      <properties>
                        <property name="Category" value="Typing assist" />
                      </properties>
                      <output><![CDATA[ReSharper LogPath is: C:\Users\berej\AppData\Local\Temp\JetLogs\ReSharperTests\resharper.log
Per-Test LogPath is: C:\Users\berej\AppData\Local\Temp\JetLogs\ReSharperTests\FSharpTypingAssistTest\Enter in string 03 - Inside triple-quoted string.log

]]></output>
                    </test-case>
                    <test-case name="Enter in string 04 - Inside multiline triple-quoted string" fullname="JetBrains.ReSharper.Plugins.FSharp.Tests.Features.TypingAssist.FSharpTypingAssistTest.Enter in string 04 - Inside multiline triple-quoted string" methodname="Enter in string 04 - Inside multiline triple-quoted string" classname="FSharpTypingAssistTest" result="Passed" duration="0.07" asserts="0">
                      <properties>
                        <property name="Category" value="Typing assist" />
                      </properties>
                      <output><![CDATA[ReSharper LogPath is: C:\Users\berej\AppData\Local\Temp\JetLogs\ReSharperTests\resharper.log
Per-Test LogPath is: C:\Users\berej\AppData\Local\Temp\JetLogs\ReSharperTests\FSharpTypingAssistTest\Enter in string 04 - Inside multiline triple-quoted string.log

]]></output>
                    </test-case>
                    <test-case name="Quotes - Adding third quote" fullname="JetBrains.ReSharper.Plugins.FSharp.Tests.Features.TypingAssist.FSharpTypingAssistTest.Quotes - Adding third quote" methodname="Quotes - Adding third quote" classname="FSharpTypingAssistTest" result="Passed" duration="0.062" asserts="0">
                      <properties>
                        <property name="Category" value="Typing assist" />
                      </properties>
                      <output><![CDATA[ReSharper LogPath is: C:\Users\berej\AppData\Local\Temp\JetLogs\ReSharperTests\resharper.log
Per-Test LogPath is: C:\Users\berej\AppData\Local\Temp\JetLogs\ReSharperTests\FSharpTypingAssistTest\Quotes - Adding third quote.log

]]></output>
                    </test-case>
                    <test-case name="Quotes - Comment 01 - Simple 01" fullname="JetBrains.ReSharper.Plugins.FSharp.Tests.Features.TypingAssist.FSharpTypingAssistTest.Quotes - Comment 01 - Simple 01" methodname="Quotes - Comment 01 - Simple 01" classname="FSharpTypingAssistTest" result="Passed" duration="0.06" asserts="0">
                      <properties>
                        <property name="Category" value="Typing assist" />
                      </properties>
                      <output><![CDATA[ReSharper LogPath is: C:\Users\berej\AppData\Local\Temp\JetLogs\ReSharperTests\resharper.log
Per-Test LogPath is: C:\Users\berej\AppData\Local\Temp\JetLogs\ReSharperTests\FSharpTypingAssistTest\Quotes - Comment 01 - Simple 01.log

]]></output>
                    </test-case>
                    <test-case name="Quotes - Comment 02 - Before comment" fullname="JetBrains.ReSharper.Plugins.FSharp.Tests.Features.TypingAssist.FSharpTypingAssistTest.Quotes - Comment 02 - Before comment" methodname="Quotes - Comment 02 - Before comment" classname="FSharpTypingAssistTest" result="Passed" duration="0.06" asserts="0">
                      <properties>
                        <property name="Category" value="Typing assist" />
                      </properties>
                      <output><![CDATA[ReSharper LogPath is: C:\Users\berej\AppData\Local\Temp\JetLogs\ReSharperTests\resharper.log
Per-Test LogPath is: C:\Users\berej\AppData\Local\Temp\JetLogs\ReSharperTests\FSharpTypingAssistTest\Quotes - Comment 02 - Before comment.log

]]></output>
                    </test-case>
                    <test-case name="Quotes - Pair quotes 01 - Before code" fullname="JetBrains.ReSharper.Plugins.FSharp.Tests.Features.TypingAssist.FSharpTypingAssistTest.Quotes - Pair quotes 01 - Before code" methodname="Quotes - Pair quotes 01 - Before code" classname="FSharpTypingAssistTest" result="Passed" duration="0.053" asserts="0">
                      <properties>
                        <property name="Category" value="Typing assist" />
                      </properties>
                      <output><![CDATA[ReSharper LogPath is: C:\Users\berej\AppData\Local\Temp\JetLogs\ReSharperTests\resharper.log
Per-Test LogPath is: C:\Users\berej\AppData\Local\Temp\JetLogs\ReSharperTests\FSharpTypingAssistTest\Quotes - Pair quotes 01 - Before code.log

]]></output>
                    </test-case>
                    <test-case name="Quotes - Pair quotes 02 - Insert pair" fullname="JetBrains.ReSharper.Plugins.FSharp.Tests.Features.TypingAssist.FSharpTypingAssistTest.Quotes - Pair quotes 02 - Insert pair" methodname="Quotes - Pair quotes 02 - Insert pair" classname="FSharpTypingAssistTest" result="Passed" duration="0.059" asserts="0">
                      <properties>
                        <property name="Category" value="Typing assist" />
                      </properties>
                      <output><![CDATA[ReSharper LogPath is: C:\Users\berej\AppData\Local\Temp\JetLogs\ReSharperTests\resharper.log
Per-Test LogPath is: C:\Users\berej\AppData\Local\Temp\JetLogs\ReSharperTests\FSharpTypingAssistTest\Quotes - Pair quotes 02 - Insert pair.log

]]></output>
                    </test-case>
                    <test-case name="Quotes - Pair quotes 03 - Insert pair inside string" fullname="JetBrains.ReSharper.Plugins.FSharp.Tests.Features.TypingAssist.FSharpTypingAssistTest.Quotes - Pair quotes 03 - Insert pair inside string" methodname="Quotes - Pair quotes 03 - Insert pair inside string" classname="FSharpTypingAssistTest" result="Passed" duration="0.061" asserts="0">
                      <properties>
                        <property name="Category" value="Typing assist" />
                      </properties>
                      <output><![CDATA[ReSharper LogPath is: C:\Users\berej\AppData\Local\Temp\JetLogs\ReSharperTests\resharper.log
Per-Test LogPath is: C:\Users\berej\AppData\Local\Temp\JetLogs\ReSharperTests\FSharpTypingAssistTest\Quotes - Pair quotes 03 - Insert pair inside string.log

]]></output>
                    </test-case>
                    <test-case name="Quotes - Pair quotes 04 - Wrong quote type" fullname="JetBrains.ReSharper.Plugins.FSharp.Tests.Features.TypingAssist.FSharpTypingAssistTest.Quotes - Pair quotes 04 - Wrong quote type" methodname="Quotes - Pair quotes 04 - Wrong quote type" classname="FSharpTypingAssistTest" result="Passed" duration="0.059" asserts="0">
                      <properties>
                        <property name="Category" value="Typing assist" />
                      </properties>
                      <output><![CDATA[ReSharper LogPath is: C:\Users\berej\AppData\Local\Temp\JetLogs\ReSharperTests\resharper.log
Per-Test LogPath is: C:\Users\berej\AppData\Local\Temp\JetLogs\ReSharperTests\FSharpTypingAssistTest\Quotes - Pair quotes 04 - Wrong quote type.log

]]></output>
                    </test-case>
                    <test-case name="Quotes - Pair quotes 05 - In parens" fullname="JetBrains.ReSharper.Plugins.FSharp.Tests.Features.TypingAssist.FSharpTypingAssistTest.Quotes - Pair quotes 05 - In parens" methodname="Quotes - Pair quotes 05 - In parens" classname="FSharpTypingAssistTest" result="Passed" duration="0.06" asserts="0">
                      <properties>
                        <property name="Category" value="Typing assist" />
                      </properties>
                      <output><![CDATA[ReSharper LogPath is: C:\Users\berej\AppData\Local\Temp\JetLogs\ReSharperTests\resharper.log
Per-Test LogPath is: C:\Users\berej\AppData\Local\Temp\JetLogs\ReSharperTests\FSharpTypingAssistTest\Quotes - Pair quotes 05 - In parens.log

]]></output>
                    </test-case>
                    <test-case name="Quotes - Pair quotes 06 - Insert single escaped" fullname="JetBrains.ReSharper.Plugins.FSharp.Tests.Features.TypingAssist.FSharpTypingAssistTest.Quotes - Pair quotes 06 - Insert single escaped" methodname="Quotes - Pair quotes 06 - Insert single escaped" classname="FSharpTypingAssistTest" result="Passed" duration="0.058" asserts="0">
                      <properties>
                        <property name="Category" value="Typing assist" />
                      </properties>
                      <output><![CDATA[ReSharper LogPath is: C:\Users\berej\AppData\Local\Temp\JetLogs\ReSharperTests\resharper.log
Per-Test LogPath is: C:\Users\berej\AppData\Local\Temp\JetLogs\ReSharperTests\FSharpTypingAssistTest\Quotes - Pair quotes 06 - Insert single escaped.log

]]></output>
                    </test-case>
                    <test-case name="Quotes - Pair quotes 07 - Insert single escaped" fullname="JetBrains.ReSharper.Plugins.FSharp.Tests.Features.TypingAssist.FSharpTypingAssistTest.Quotes - Pair quotes 07 - Insert single escaped" methodname="Quotes - Pair quotes 07 - Insert single escaped" classname="FSharpTypingAssistTest" result="Passed" duration="0.055" asserts="0">
                      <properties>
                        <property name="Category" value="Typing assist" />
                      </properties>
                      <output><![CDATA[ReSharper LogPath is: C:\Users\berej\AppData\Local\Temp\JetLogs\ReSharperTests\resharper.log
Per-Test LogPath is: C:\Users\berej\AppData\Local\Temp\JetLogs\ReSharperTests\FSharpTypingAssistTest\Quotes - Pair quotes 07 - Insert single escaped.log

]]></output>
                    </test-case>
                    <test-case name="Quotes - Pair quotes 08 - Before list" fullname="JetBrains.ReSharper.Plugins.FSharp.Tests.Features.TypingAssist.FSharpTypingAssistTest.Quotes - Pair quotes 08 - Before list" methodname="Quotes - Pair quotes 08 - Before list" classname="FSharpTypingAssistTest" result="Passed" duration="0.051" asserts="0">
                      <properties>
                        <property name="Category" value="Typing assist" />
                      </properties>
                      <output><![CDATA[ReSharper LogPath is: C:\Users\berej\AppData\Local\Temp\JetLogs\ReSharperTests\resharper.log
Per-Test LogPath is: C:\Users\berej\AppData\Local\Temp\JetLogs\ReSharperTests\FSharpTypingAssistTest\Quotes - Pair quotes 08 - Before list.log

]]></output>
                    </test-case>
                    <test-case name="Quotes - Pair quotes 09 - Insert single in multiline" fullname="JetBrains.ReSharper.Plugins.FSharp.Tests.Features.TypingAssist.FSharpTypingAssistTest.Quotes - Pair quotes 09 - Insert single in multiline" methodname="Quotes - Pair quotes 09 - Insert single in multiline" classname="FSharpTypingAssistTest" result="Passed" duration="0.056" asserts="0">
                      <properties>
                        <property name="Category" value="Typing assist" />
                      </properties>
                      <output><![CDATA[ReSharper LogPath is: C:\Users\berej\AppData\Local\Temp\JetLogs\ReSharperTests\resharper.log
Per-Test LogPath is: C:\Users\berej\AppData\Local\Temp\JetLogs\ReSharperTests\FSharpTypingAssistTest\Quotes - Pair quotes 09 - Insert single in multiline.log

]]></output>
                    </test-case>
                    <test-case name="Quotes - Pair quotes 10 - Insert single in multiline" fullname="JetBrains.ReSharper.Plugins.FSharp.Tests.Features.TypingAssist.FSharpTypingAssistTest.Quotes - Pair quotes 10 - Insert single in multiline" methodname="Quotes - Pair quotes 10 - Insert single in multiline" classname="FSharpTypingAssistTest" result="Passed" duration="0.055" asserts="0">
                      <properties>
                        <property name="Category" value="Typing assist" />
                      </properties>
                      <output><![CDATA[ReSharper LogPath is: C:\Users\berej\AppData\Local\Temp\JetLogs\ReSharperTests\resharper.log
Per-Test LogPath is: C:\Users\berej\AppData\Local\Temp\JetLogs\ReSharperTests\FSharpTypingAssistTest\Quotes - Pair quotes 10 - Insert single in multiline.log

]]></output>
                    </test-case>
                    <test-case name="Quotes - Pair quotes 11 - At eof" fullname="JetBrains.ReSharper.Plugins.FSharp.Tests.Features.TypingAssist.FSharpTypingAssistTest.Quotes - Pair quotes 11 - At eof" methodname="Quotes - Pair quotes 11 - At eof" classname="FSharpTypingAssistTest" result="Passed" duration="0.055" asserts="0">
                      <properties>
                        <property name="Category" value="Typing assist" />
                      </properties>
                      <output><![CDATA[ReSharper LogPath is: C:\Users\berej\AppData\Local\Temp\JetLogs\ReSharperTests\resharper.log
Per-Test LogPath is: C:\Users\berej\AppData\Local\Temp\JetLogs\ReSharperTests\FSharpTypingAssistTest\Quotes - Pair quotes 11 - At eof.log

]]></output>
                    </test-case>
                    <test-case name="Quotes - Pair quotes 12 - At eof, unfinished triple quote" fullname="JetBrains.ReSharper.Plugins.FSharp.Tests.Features.TypingAssist.FSharpTypingAssistTest.Quotes - Pair quotes 12 - At eof, unfinished triple quote" methodname="Quotes - Pair quotes 12 - At eof, unfinished triple quote" classname="FSharpTypingAssistTest" result="Passed" duration="0.057" asserts="0">
                      <properties>
                        <property name="Category" value="Typing assist" />
                      </properties>
                      <output><![CDATA[ReSharper LogPath is: C:\Users\berej\AppData\Local\Temp\JetLogs\ReSharperTests\resharper.log
Per-Test LogPath is: C:\Users\berej\AppData\Local\Temp\JetLogs\ReSharperTests\FSharpTypingAssistTest\Quotes - Pair quotes 12 - At eof, unfinished triple quote.log

]]></output>
                    </test-case>
                    <test-case name="Quotes - Pair quotes 13 - After quote" fullname="JetBrains.ReSharper.Plugins.FSharp.Tests.Features.TypingAssist.FSharpTypingAssistTest.Quotes - Pair quotes 13 - After quote" methodname="Quotes - Pair quotes 13 - After quote" classname="FSharpTypingAssistTest" result="Passed" duration="0.056" asserts="0">
                      <properties>
                        <property name="Category" value="Typing assist" />
                      </properties>
                      <output><![CDATA[ReSharper LogPath is: C:\Users\berej\AppData\Local\Temp\JetLogs\ReSharperTests\resharper.log
Per-Test LogPath is: C:\Users\berej\AppData\Local\Temp\JetLogs\ReSharperTests\FSharpTypingAssistTest\Quotes - Pair quotes 13 - After quote.log

]]></output>
                    </test-case>
                    <test-case name="Quotes - Pair quotes 14 - After char" fullname="JetBrains.ReSharper.Plugins.FSharp.Tests.Features.TypingAssist.FSharpTypingAssistTest.Quotes - Pair quotes 14 - After char" methodname="Quotes - Pair quotes 14 - After char" classname="FSharpTypingAssistTest" result="Passed" duration="0.055" asserts="0">
                      <properties>
                        <property name="Category" value="Typing assist" />
                      </properties>
                      <output><![CDATA[ReSharper LogPath is: C:\Users\berej\AppData\Local\Temp\JetLogs\ReSharperTests\resharper.log
Per-Test LogPath is: C:\Users\berej\AppData\Local\Temp\JetLogs\ReSharperTests\FSharpTypingAssistTest\Quotes - Pair quotes 14 - After char.log

]]></output>
                    </test-case>
                    <test-case name="Quotes - Skip end 01 - Char" fullname="JetBrains.ReSharper.Plugins.FSharp.Tests.Features.TypingAssist.FSharpTypingAssistTest.Quotes - Skip end 01 - Char" methodname="Quotes - Skip end 01 - Char" classname="FSharpTypingAssistTest" result="Passed" duration="0.052" asserts="0">
                      <properties>
                        <property name="Category" value="Typing assist" />
                      </properties>
                      <output><![CDATA[ReSharper LogPath is: C:\Users\berej\AppData\Local\Temp\JetLogs\ReSharperTests\resharper.log
Per-Test LogPath is: C:\Users\berej\AppData\Local\Temp\JetLogs\ReSharperTests\FSharpTypingAssistTest\Quotes - Skip end 01 - Char.log

]]></output>
                    </test-case>
                    <test-case name="Quotes - Skip end 02 - String" fullname="JetBrains.ReSharper.Plugins.FSharp.Tests.Features.TypingAssist.FSharpTypingAssistTest.Quotes - Skip end 02 - String" methodname="Quotes - Skip end 02 - String" classname="FSharpTypingAssistTest" result="Passed" duration="0.046" asserts="0">
                      <properties>
                        <property name="Category" value="Typing assist" />
                      </properties>
                      <output><![CDATA[ReSharper LogPath is: C:\Users\berej\AppData\Local\Temp\JetLogs\ReSharperTests\resharper.log
Per-Test LogPath is: C:\Users\berej\AppData\Local\Temp\JetLogs\ReSharperTests\FSharpTypingAssistTest\Quotes - Skip end 02 - String.log

]]></output>
                    </test-case>
                    <test-case name="Quotes - Skip end 03 - Verbatim" fullname="JetBrains.ReSharper.Plugins.FSharp.Tests.Features.TypingAssist.FSharpTypingAssistTest.Quotes - Skip end 03 - Verbatim" methodname="Quotes - Skip end 03 - Verbatim" classname="FSharpTypingAssistTest" result="Passed" duration="0.052" asserts="0">
                      <properties>
                        <property name="Category" value="Typing assist" />
                      </properties>
                      <output><![CDATA[ReSharper LogPath is: C:\Users\berej\AppData\Local\Temp\JetLogs\ReSharperTests\resharper.log
Per-Test LogPath is: C:\Users\berej\AppData\Local\Temp\JetLogs\ReSharperTests\FSharpTypingAssistTest\Quotes - Skip end 03 - Verbatim.log

]]></output>
                    </test-case>
                    <test-case name="Quotes - Skip end 05 - Triple-quote" fullname="JetBrains.ReSharper.Plugins.FSharp.Tests.Features.TypingAssist.FSharpTypingAssistTest.Quotes - Skip end 05 - Triple-quote" methodname="Quotes - Skip end 05 - Triple-quote" classname="FSharpTypingAssistTest" result="Passed" duration="0.046" asserts="0">
                      <properties>
                        <property name="Category" value="Typing assist" />
                      </properties>
                      <output><![CDATA[ReSharper LogPath is: C:\Users\berej\AppData\Local\Temp\JetLogs\ReSharperTests\resharper.log
Per-Test LogPath is: C:\Users\berej\AppData\Local\Temp\JetLogs\ReSharperTests\FSharpTypingAssistTest\Quotes - Skip end 05 - Triple-quote.log

]]></output>
                    </test-case>
                    <test-case name="Quotes - Skip end 06 - Triple-quote" fullname="JetBrains.ReSharper.Plugins.FSharp.Tests.Features.TypingAssist.FSharpTypingAssistTest.Quotes - Skip end 06 - Triple-quote" methodname="Quotes - Skip end 06 - Triple-quote" classname="FSharpTypingAssistTest" result="Passed" duration="0.062" asserts="0">
                      <properties>
                        <property name="Category" value="Typing assist" />
                      </properties>
                      <output><![CDATA[ReSharper LogPath is: C:\Users\berej\AppData\Local\Temp\JetLogs\ReSharperTests\resharper.log
Per-Test LogPath is: C:\Users\berej\AppData\Local\Temp\JetLogs\ReSharperTests\FSharpTypingAssistTest\Quotes - Skip end 06 - Triple-quote.log

]]></output>
                    </test-case>
                    <test-case name="Quotes - Skip end 07 - Triple-quote" fullname="JetBrains.ReSharper.Plugins.FSharp.Tests.Features.TypingAssist.FSharpTypingAssistTest.Quotes - Skip end 07 - Triple-quote" methodname="Quotes - Skip end 07 - Triple-quote" classname="FSharpTypingAssistTest" result="Passed" duration="0.045" asserts="0">
                      <properties>
                        <property name="Category" value="Typing assist" />
                      </properties>
                      <output><![CDATA[ReSharper LogPath is: C:\Users\berej\AppData\Local\Temp\JetLogs\ReSharperTests\resharper.log
Per-Test LogPath is: C:\Users\berej\AppData\Local\Temp\JetLogs\ReSharperTests\FSharpTypingAssistTest\Quotes - Skip end 07 - Triple-quote.log

]]></output>
                    </test-case>
                    <test-case name="Quotes - Skip end 08 - ByteArray" fullname="JetBrains.ReSharper.Plugins.FSharp.Tests.Features.TypingAssist.FSharpTypingAssistTest.Quotes - Skip end 08 - ByteArray" methodname="Quotes - Skip end 08 - ByteArray" classname="FSharpTypingAssistTest" result="Passed" duration="0.051" asserts="0">
                      <properties>
                        <property name="Category" value="Typing assist" />
                      </properties>
                      <output><![CDATA[ReSharper LogPath is: C:\Users\berej\AppData\Local\Temp\JetLogs\ReSharperTests\resharper.log
Per-Test LogPath is: C:\Users\berej\AppData\Local\Temp\JetLogs\ReSharperTests\FSharpTypingAssistTest\Quotes - Skip end 08 - ByteArray.log

]]></output>
                    </test-case>
                    <test-case name="Quotes - Skip end 09 - No skip" fullname="JetBrains.ReSharper.Plugins.FSharp.Tests.Features.TypingAssist.FSharpTypingAssistTest.Quotes - Skip end 09 - No skip" methodname="Quotes - Skip end 09 - No skip" classname="FSharpTypingAssistTest" result="Passed" duration="0.051" asserts="0">
                      <properties>
                        <property name="Category" value="Typing assist" />
                      </properties>
                      <output><![CDATA[ReSharper LogPath is: C:\Users\berej\AppData\Local\Temp\JetLogs\ReSharperTests\resharper.log
Per-Test LogPath is: C:\Users\berej\AppData\Local\Temp\JetLogs\ReSharperTests\FSharpTypingAssistTest\Quotes - Skip end 09 - No skip.log

]]></output>
                    </test-case>
                    <test-case name="Quotes - Skip end 10 - No skip" fullname="JetBrains.ReSharper.Plugins.FSharp.Tests.Features.TypingAssist.FSharpTypingAssistTest.Quotes - Skip end 10 - No skip" methodname="Quotes - Skip end 10 - No skip" classname="FSharpTypingAssistTest" result="Passed" duration="0.05" asserts="0">
                      <properties>
                        <property name="Category" value="Typing assist" />
                      </properties>
                      <output><![CDATA[ReSharper LogPath is: C:\Users\berej\AppData\Local\Temp\JetLogs\ReSharperTests\resharper.log
Per-Test LogPath is: C:\Users\berej\AppData\Local\Temp\JetLogs\ReSharperTests\FSharpTypingAssistTest\Quotes - Skip end 10 - No skip.log

]]></output>
                    </test-case>
                    <test-case name="Quotes - Skip end 11 - No skip" fullname="JetBrains.ReSharper.Plugins.FSharp.Tests.Features.TypingAssist.FSharpTypingAssistTest.Quotes - Skip end 11 - No skip" methodname="Quotes - Skip end 11 - No skip" classname="FSharpTypingAssistTest" result="Passed" duration="0.056" asserts="0">
                      <properties>
                        <property name="Category" value="Typing assist" />
                      </properties>
                      <output><![CDATA[ReSharper LogPath is: C:\Users\berej\AppData\Local\Temp\JetLogs\ReSharperTests\resharper.log
Per-Test LogPath is: C:\Users\berej\AppData\Local\Temp\JetLogs\ReSharperTests\FSharpTypingAssistTest\Quotes - Skip end 11 - No skip.log

]]></output>
                    </test-case>
                    <test-case name="Space 01 - Inside empty list" fullname="JetBrains.ReSharper.Plugins.FSharp.Tests.Features.TypingAssist.FSharpTypingAssistTest.Space 01 - Inside empty list" methodname="Space 01 - Inside empty list" classname="FSharpTypingAssistTest" result="Passed" duration="0.056" asserts="0">
                      <properties>
                        <property name="Category" value="Typing assist" />
                      </properties>
                      <output><![CDATA[ReSharper LogPath is: C:\Users\berej\AppData\Local\Temp\JetLogs\ReSharperTests\resharper.log
Per-Test LogPath is: C:\Users\berej\AppData\Local\Temp\JetLogs\ReSharperTests\FSharpTypingAssistTest\Space 01 - Inside empty list.log

]]></output>
                    </test-case>
                    <test-case name="Space 02 - Inside empty array" fullname="JetBrains.ReSharper.Plugins.FSharp.Tests.Features.TypingAssist.FSharpTypingAssistTest.Space 02 - Inside empty array" methodname="Space 02 - Inside empty array" classname="FSharpTypingAssistTest" result="Passed" duration="0.054" asserts="0">
                      <properties>
                        <property name="Category" value="Typing assist" />
                      </properties>
                      <output><![CDATA[ReSharper LogPath is: C:\Users\berej\AppData\Local\Temp\JetLogs\ReSharperTests\resharper.log
Per-Test LogPath is: C:\Users\berej\AppData\Local\Temp\JetLogs\ReSharperTests\FSharpTypingAssistTest\Space 02 - Inside empty array.log

]]></output>
                    </test-case>
                    <test-case name="Space 03 - Inside empty quotation, typed" fullname="JetBrains.ReSharper.Plugins.FSharp.Tests.Features.TypingAssist.FSharpTypingAssistTest.Space 03 - Inside empty quotation, typed" methodname="Space 03 - Inside empty quotation, typed" classname="FSharpTypingAssistTest" result="Passed" duration="0.064" asserts="0">
                      <properties>
                        <property name="Category" value="Typing assist" />
                      </properties>
                      <output><![CDATA[ReSharper LogPath is: C:\Users\berej\AppData\Local\Temp\JetLogs\ReSharperTests\resharper.log
Per-Test LogPath is: C:\Users\berej\AppData\Local\Temp\JetLogs\ReSharperTests\FSharpTypingAssistTest\Space 03 - Inside empty quotation, typed.log

]]></output>
                    </test-case>
                    <test-case name="Space 04 - Inside empty quotation, untyped" fullname="JetBrains.ReSharper.Plugins.FSharp.Tests.Features.TypingAssist.FSharpTypingAssistTest.Space 04 - Inside empty quotation, untyped" methodname="Space 04 - Inside empty quotation, untyped" classname="FSharpTypingAssistTest" result="Passed" duration="0.057" asserts="0">
                      <properties>
                        <property name="Category" value="Typing assist" />
                      </properties>
                      <output><![CDATA[ReSharper LogPath is: C:\Users\berej\AppData\Local\Temp\JetLogs\ReSharperTests\resharper.log
Per-Test LogPath is: C:\Users\berej\AppData\Local\Temp\JetLogs\ReSharperTests\FSharpTypingAssistTest\Space 04 - Inside empty quotation, untyped.log

]]></output>
                    </test-case>
                    <test-case name="Space 05 - Inside empty quotation, no assist" fullname="JetBrains.ReSharper.Plugins.FSharp.Tests.Features.TypingAssist.FSharpTypingAssistTest.Space 05 - Inside empty quotation, no assist" methodname="Space 05 - Inside empty quotation, no assist" classname="FSharpTypingAssistTest" result="Passed" duration="0.056" asserts="0">
                      <properties>
                        <property name="Category" value="Typing assist" />
                      </properties>
                      <output><![CDATA[ReSharper LogPath is: C:\Users\berej\AppData\Local\Temp\JetLogs\ReSharperTests\resharper.log
Per-Test LogPath is: C:\Users\berej\AppData\Local\Temp\JetLogs\ReSharperTests\FSharpTypingAssistTest\Space 05 - Inside empty quotation, no assist.log

]]></output>
                    </test-case>
                    <test-case name="Space 06 - Inside operator, no assist" fullname="JetBrains.ReSharper.Plugins.FSharp.Tests.Features.TypingAssist.FSharpTypingAssistTest.Space 06 - Inside operator, no assist" methodname="Space 06 - Inside operator, no assist" classname="FSharpTypingAssistTest" result="Passed" duration="0.055" asserts="0">
                      <properties>
                        <property name="Category" value="Typing assist" />
                      </properties>
                      <output><![CDATA[ReSharper LogPath is: C:\Users\berej\AppData\Local\Temp\JetLogs\ReSharperTests\resharper.log
Per-Test LogPath is: C:\Users\berej\AppData\Local\Temp\JetLogs\ReSharperTests\FSharpTypingAssistTest\Space 06 - Inside operator, no assist.log

]]></output>
                    </test-case>
                    <test-case name="Space 07 - Inside empty array, no assist" fullname="JetBrains.ReSharper.Plugins.FSharp.Tests.Features.TypingAssist.FSharpTypingAssistTest.Space 07 - Inside empty array, no assist" methodname="Space 07 - Inside empty array, no assist" classname="FSharpTypingAssistTest" result="Passed" duration="0.05" asserts="0">
                      <properties>
                        <property name="Category" value="Typing assist" />
                      </properties>
                      <output><![CDATA[ReSharper LogPath is: C:\Users\berej\AppData\Local\Temp\JetLogs\ReSharperTests\resharper.log
Per-Test LogPath is: C:\Users\berej\AppData\Local\Temp\JetLogs\ReSharperTests\FSharpTypingAssistTest\Space 07 - Inside empty array, no assist.log

]]></output>
                    </test-case>
                    <test-case name="Space 08 - Inside empty braces" fullname="JetBrains.ReSharper.Plugins.FSharp.Tests.Features.TypingAssist.FSharpTypingAssistTest.Space 08 - Inside empty braces" methodname="Space 08 - Inside empty braces" classname="FSharpTypingAssistTest" result="Passed" duration="0.056" asserts="0">
                      <properties>
                        <property name="Category" value="Typing assist" />
                      </properties>
                      <output><![CDATA[ReSharper LogPath is: C:\Users\berej\AppData\Local\Temp\JetLogs\ReSharperTests\resharper.log
Per-Test LogPath is: C:\Users\berej\AppData\Local\Temp\JetLogs\ReSharperTests\FSharpTypingAssistTest\Space 08 - Inside empty braces.log

]]></output>
                    </test-case>
                    <test-case name="Space 09 - Inside empty anon record" fullname="JetBrains.ReSharper.Plugins.FSharp.Tests.Features.TypingAssist.FSharpTypingAssistTest.Space 09 - Inside empty anon record" methodname="Space 09 - Inside empty anon record" classname="FSharpTypingAssistTest" result="Passed" duration="0.055" asserts="0">
                      <properties>
                        <property name="Category" value="Typing assist" />
                      </properties>
                      <output><![CDATA[ReSharper LogPath is: C:\Users\berej\AppData\Local\Temp\JetLogs\ReSharperTests\resharper.log
Per-Test LogPath is: C:\Users\berej\AppData\Local\Temp\JetLogs\ReSharperTests\FSharpTypingAssistTest\Space 09 - Inside empty anon record.log

]]></output>
                    </test-case>
                    <test-case name="Tab 01 - Line start" fullname="JetBrains.ReSharper.Plugins.FSharp.Tests.Features.TypingAssist.FSharpTypingAssistTest.Tab 01 - Line start" methodname="Tab 01 - Line start" classname="FSharpTypingAssistTest" result="Passed" duration="0.069" asserts="0">
                      <properties>
                        <property name="Category" value="Typing assist" />
                      </properties>
                      <output><![CDATA[ReSharper LogPath is: C:\Users\berej\AppData\Local\Temp\JetLogs\ReSharperTests\resharper.log
Per-Test LogPath is: C:\Users\berej\AppData\Local\Temp\JetLogs\ReSharperTests\FSharpTypingAssistTest\Tab 01 - Line start.log

]]></output>
                    </test-case>
                    <test-case name="Tab 02 - To next tab position" fullname="JetBrains.ReSharper.Plugins.FSharp.Tests.Features.TypingAssist.FSharpTypingAssistTest.Tab 02 - To next tab position" methodname="Tab 02 - To next tab position" classname="FSharpTypingAssistTest" result="Passed" duration="0.055" asserts="0">
                      <properties>
                        <property name="Category" value="Typing assist" />
                      </properties>
                      <output><![CDATA[ReSharper LogPath is: C:\Users\berej\AppData\Local\Temp\JetLogs\ReSharperTests\resharper.log
Per-Test LogPath is: C:\Users\berej\AppData\Local\Temp\JetLogs\ReSharperTests\FSharpTypingAssistTest\Tab 02 - To next tab position.log

]]></output>
                    </test-case>
                    <test-case name="Tab Left 01" fullname="JetBrains.ReSharper.Plugins.FSharp.Tests.Features.TypingAssist.FSharpTypingAssistTest.Tab Left 01" methodname="Tab Left 01" classname="FSharpTypingAssistTest" result="Passed" duration="0.06" asserts="0">
                      <properties>
                        <property name="Category" value="Typing assist" />
                      </properties>
                      <output><![CDATA[ReSharper LogPath is: C:\Users\berej\AppData\Local\Temp\JetLogs\ReSharperTests\resharper.log
Per-Test LogPath is: C:\Users\berej\AppData\Local\Temp\JetLogs\ReSharperTests\FSharpTypingAssistTest\Tab Left 01.log

]]></output>
                    </test-case>
                    <test-case name="Tab Left 02 - Align to indent" fullname="JetBrains.ReSharper.Plugins.FSharp.Tests.Features.TypingAssist.FSharpTypingAssistTest.Tab Left 02 - Align to indent" methodname="Tab Left 02 - Align to indent" classname="FSharpTypingAssistTest" result="Passed" duration="0.056" asserts="0">
                      <properties>
                        <property name="Category" value="Typing assist" />
                      </properties>
                      <output><![CDATA[ReSharper LogPath is: C:\Users\berej\AppData\Local\Temp\JetLogs\ReSharperTests\resharper.log
Per-Test LogPath is: C:\Users\berej\AppData\Local\Temp\JetLogs\ReSharperTests\FSharpTypingAssistTest\Tab Left 02 - Align to indent.log

]]></output>
                    </test-case>
                  </test-suite>
                  <test-suite type="TestFixture" name="LineIndentsTest" fullname="JetBrains.ReSharper.Plugins.FSharp.Tests.Features.TypingAssist.LineIndentsTest" total="1" passed="1" failed="0" inconclusive="0" skipped="0" result="Passed" duration="0.092">
                    <test-case name="Indents" fullname="JetBrains.ReSharper.Plugins.FSharp.Tests.Features.TypingAssist.LineIndentsTest.Indents" methodname="Indents" classname="LineIndentsTest" result="Passed" duration="0.092" asserts="0">
                      <output><![CDATA[ReSharper LogPath is: C:\Users\berej\AppData\Local\Temp\JetLogs\ReSharperTests\resharper.log
Per-Test LogPath is: C:\Users\berej\AppData\Local\Temp\JetLogs\ReSharperTests\LineIndentsTest\Indents.log

]]></output>
                    </test-case>
                  </test-suite>
                  <test-suite type="TestFixture" name="NestedIndentsTest" fullname="JetBrains.ReSharper.Plugins.FSharp.Tests.Features.TypingAssist.NestedIndentsTest" total="1" passed="1" failed="0" inconclusive="0" skipped="0" result="Passed" duration="0.038">
                    <test-case name="Nested indents" fullname="JetBrains.ReSharper.Plugins.FSharp.Tests.Features.TypingAssist.NestedIndentsTest.Nested indents" methodname="Nested indents" classname="NestedIndentsTest" result="Passed" duration="0.038" asserts="0">
                      <output><![CDATA[ReSharper LogPath is: C:\Users\berej\AppData\Local\Temp\JetLogs\ReSharperTests\resharper.log
Per-Test LogPath is: C:\Users\berej\AppData\Local\Temp\JetLogs\ReSharperTests\NestedIndentsTest\Nested indents.log

]]></output>
                    </test-case>
                  </test-suite>
                </test-suite>
              </test-suite>
            </test-suite>
          </test-suite>
        </test-suite>
      </test-suite>
    </test-suite>
    <errors />
  </test-suite>
</test-run>